<?xml version="1.0" encoding="UTF-8"?>
<testsuite xmlns:xsi="http://www.w3.org/2001/XMLSchema-instance" xsi:noNamespaceSchemaLocation="https://maven.apache.org/surefire/maven-failsafe-plugin/xsd/failsafe-test-report-3.0.xsd" version="3.0" name="CucumberTestSuite" time="169.019" tests="21" errors="0" skipped="0" failures="0">
  <properties>
    <property name="java.specification.version" value="15"/>
    <property name="webdriver.chrome.driver" value="C:\Users\HP\.cache\selenium\chromedriver\win32\101.0.4951.41\chromedriver.exe"/>
    <property name="sun.cpu.isalist" value="amd64"/>
    <property name="sun.jnu.encoding" value="Cp1252"/>
    <property name="java.class.path" value="E:\Learn\ProjectTestWeb\target\test-classes;C:\Users\HP\.m2\repository\net\serenity-bdd\serenity-core\3.2.1\serenity-core-3.2.1.jar;C:\Users\HP\.m2\repository\net\serenity-bdd\serenity-model\3.2.1\serenity-model-3.2.1.jar;C:\Users\HP\.m2\repository\org\apache\commons\commons-text\1.9\commons-text-1.9.jar;C:\Users\HP\.m2\repository\commons-net\commons-net\3.8.0\commons-net-3.8.0.jar;C:\Users\HP\.m2\repository\com\google\guava\guava\31.1-jre\guava-31.1-jre.jar;C:\Users\HP\.m2\repository\com\google\guava\failureaccess\1.0.1\failureaccess-1.0.1.jar;C:\Users\HP\.m2\repository\com\google\guava\listenablefuture\9999.0-empty-to-avoid-conflict-with-guava\listenablefuture-9999.0-empty-to-avoid-conflict-with-guava.jar;C:\Users\HP\.m2\repository\com\google\code\findbugs\jsr305\3.0.2\jsr305-3.0.2.jar;C:\Users\HP\.m2\repository\org\checkerframework\checker-qual\3.12.0\checker-qual-3.12.0.jar;C:\Users\HP\.m2\repository\com\google\errorprone\error_prone_annotations\2.11.0\error_prone_annotations-2.11.0.jar;C:\Users\HP\.m2\repository\com\google\j2objc\j2objc-annotations\1.3\j2objc-annotations-1.3.jar;C:\Users\HP\.m2\repository\com\google\inject\guice\5.1.0\guice-5.1.0.jar;C:\Users\HP\.m2\repository\javax\inject\javax.inject\1\javax.inject-1.jar;C:\Users\HP\.m2\repository\aopalliance\aopalliance\1.0\aopalliance-1.0.jar;C:\Users\HP\.m2\repository\org\jsoup\jsoup\1.14.3\jsoup-1.14.3.jar;C:\Users\HP\.m2\repository\com\thoughtworks\xstream\xstream\1.4.19\xstream-1.4.19.jar;C:\Users\HP\.m2\repository\io\github\x-stream\mxparser\1.2.2\mxparser-1.2.2.jar;C:\Users\HP\.m2\repository\xmlpull\xmlpull\1.1.3.1\xmlpull-1.1.3.1.jar;C:\Users\HP\.m2\repository\io\cucumber\cucumber-java\7.2.3\cucumber-java-7.2.3.jar;C:\Users\HP\.m2\repository\com\typesafe\config\1.4.2\config-1.4.2.jar;C:\Users\HP\.m2\repository\org\imgscalr\imgscalr-lib\4.2\imgscalr-lib-4.2.jar;C:\Users\HP\.m2\repository\org\awaitility\awaitility\4.2.0\awaitility-4.2.0.jar;C:\Users\HP\.m2\repository\org\freemarker\freemarker\2.3.31\freemarker-2.3.31.jar;C:\Users\HP\.m2\repository\io\github\classgraph\classgraph\4.8.138\classgraph-4.8.138.jar;C:\Users\HP\.m2\repository\net\sourceforge\jexcelapi\jxl\2.6.12\jxl-2.6.12.jar;C:\Users\HP\.m2\repository\net\bytebuddy\byte-buddy\1.12.8\byte-buddy-1.12.8.jar;C:\Users\HP\.m2\repository\net\bytebuddy\byte-buddy-agent\1.12.8\byte-buddy-agent-1.12.8.jar;C:\Users\HP\.m2\repository\org\objenesis\objenesis\3.1\objenesis-3.1.jar;C:\Users\HP\.m2\repository\net\serenity-bdd\serenity-reports\3.2.1\serenity-reports-3.2.1.jar;C:\Users\HP\.m2\repository\net\serenity-bdd\serenity-stats\3.2.1\serenity-stats-3.2.1.jar;C:\Users\HP\.m2\repository\net\serenity-bdd\serenity-reports-configuration\3.2.1\serenity-reports-configuration-3.2.1.jar;C:\Users\HP\.m2\repository\com\vladsch\flexmark\flexmark-all\0.34.30\flexmark-all-0.34.30.jar;C:\Users\HP\.m2\repository\com\vladsch\flexmark\flexmark\0.34.30\flexmark-0.34.30.jar;C:\Users\HP\.m2\repository\com\vladsch\flexmark\flexmark-ext-abbreviation\0.34.30\flexmark-ext-abbreviation-0.34.30.jar;C:\Users\HP\.m2\repository\com\vladsch\flexmark\flexmark-ext-admonition\0.34.30\flexmark-ext-admonition-0.34.30.jar;C:\Users\HP\.m2\repository\com\vladsch\flexmark\flexmark-ext-anchorlink\0.34.30\flexmark-ext-anchorlink-0.34.30.jar;C:\Users\HP\.m2\repository\com\vladsch\flexmark\flexmark-ext-aside\0.34.30\flexmark-ext-aside-0.34.30.jar;C:\Users\HP\.m2\repository\com\vladsch\flexmark\flexmark-ext-attributes\0.34.30\flexmark-ext-attributes-0.34.30.jar;C:\Users\HP\.m2\repository\com\vladsch\flexmark\flexmark-ext-autolink\0.34.30\flexmark-ext-autolink-0.34.30.jar;C:\Users\HP\.m2\repository\org\nibor\autolink\autolink\0.6.0\autolink-0.6.0.jar;C:\Users\HP\.m2\repository\com\vladsch\flexmark\flexmark-ext-definition\0.34.30\flexmark-ext-definition-0.34.30.jar;C:\Users\HP\.m2\repository\com\vladsch\flexmark\flexmark-ext-emoji\0.34.30\flexmark-ext-emoji-0.34.30.jar;C:\Users\HP\.m2\repository\com\vladsch\flexmark\flexmark-ext-enumerated-reference\0.34.30\flexmark-ext-enumerated-reference-0.34.30.jar;C:\Users\HP\.m2\repository\com\vladsch\flexmark\flexmark-ext-escaped-character\0.34.30\flexmark-ext-escaped-character-0.34.30.jar;C:\Users\HP\.m2\repository\com\vladsch\flexmark\flexmark-ext-footnotes\0.34.30\flexmark-ext-footnotes-0.34.30.jar;C:\Users\HP\.m2\repository\com\vladsch\flexmark\flexmark-ext-gfm-issues\0.34.30\flexmark-ext-gfm-issues-0.34.30.jar;C:\Users\HP\.m2\repository\com\vladsch\flexmark\flexmark-ext-gfm-strikethrough\0.34.30\flexmark-ext-gfm-strikethrough-0.34.30.jar;C:\Users\HP\.m2\repository\com\vladsch\flexmark\flexmark-ext-gfm-tables\0.34.30\flexmark-ext-gfm-tables-0.34.30.jar;C:\Users\HP\.m2\repository\com\vladsch\flexmark\flexmark-ext-gfm-tasklist\0.34.30\flexmark-ext-gfm-tasklist-0.34.30.jar;C:\Users\HP\.m2\repository\com\vladsch\flexmark\flexmark-ext-gfm-users\0.34.30\flexmark-ext-gfm-users-0.34.30.jar;C:\Users\HP\.m2\repository\com\vladsch\flexmark\flexmark-ext-gitlab\0.34.30\flexmark-ext-gitlab-0.34.30.jar;C:\Users\HP\.m2\repository\com\vladsch\flexmark\flexmark-ext-jekyll-front-matter\0.34.30\flexmark-ext-jekyll-front-matter-0.34.30.jar;C:\Users\HP\.m2\repository\com\vladsch\flexmark\flexmark-ext-jekyll-tag\0.34.30\flexmark-ext-jekyll-tag-0.34.30.jar;C:\Users\HP\.m2\repository\com\vladsch\flexmark\flexmark-ext-media-tags\0.34.30\flexmark-ext-media-tags-0.34.30.jar;C:\Users\HP\.m2\repository\com\vladsch\flexmark\flexmark-test-util\0.34.30\flexmark-test-util-0.34.30.jar;C:\Users\HP\.m2\repository\com\vladsch\flexmark\flexmark-ext-ins\0.34.30\flexmark-ext-ins-0.34.30.jar;C:\Users\HP\.m2\repository\com\vladsch\flexmark\flexmark-ext-xwiki-macros\0.34.30\flexmark-ext-xwiki-macros-0.34.30.jar;C:\Users\HP\.m2\repository\com\vladsch\flexmark\flexmark-ext-superscript\0.34.30\flexmark-ext-superscript-0.34.30.jar;C:\Users\HP\.m2\repository\com\vladsch\flexmark\flexmark-ext-tables\0.34.30\flexmark-ext-tables-0.34.30.jar;C:\Users\HP\.m2\repository\com\vladsch\flexmark\flexmark-ext-toc\0.34.30\flexmark-ext-toc-0.34.30.jar;C:\Users\HP\.m2\repository\com\vladsch\flexmark\flexmark-ext-typographic\0.34.30\flexmark-ext-typographic-0.34.30.jar;C:\Users\HP\.m2\repository\com\vladsch\flexmark\flexmark-ext-wikilink\0.34.30\flexmark-ext-wikilink-0.34.30.jar;C:\Users\HP\.m2\repository\com\vladsch\flexmark\flexmark-ext-yaml-front-matter\0.34.30\flexmark-ext-yaml-front-matter-0.34.30.jar;C:\Users\HP\.m2\repository\com\vladsch\flexmark\flexmark-ext-youtube-embedded\0.34.30\flexmark-ext-youtube-embedded-0.34.30.jar;C:\Users\HP\.m2\repository\com\vladsch\flexmark\flexmark-formatter\0.34.30\flexmark-formatter-0.34.30.jar;C:\Users\HP\.m2\repository\com\vladsch\flexmark\flexmark-html-parser\0.34.30\flexmark-html-parser-0.34.30.jar;C:\Users\HP\.m2\repository\com\vladsch\flexmark\flexmark-jira-converter\0.34.30\flexmark-jira-converter-0.34.30.jar;C:\Users\HP\.m2\repository\com\vladsch\flexmark\flexmark-pdf-converter\0.34.30\flexmark-pdf-converter-0.34.30.jar;C:\Users\HP\.m2\repository\com\openhtmltopdf\openhtmltopdf-core\0.0.1-RC13\openhtmltopdf-core-0.0.1-RC13.jar;C:\Users\HP\.m2\repository\com\openhtmltopdf\openhtmltopdf-pdfbox\0.0.1-RC13\openhtmltopdf-pdfbox-0.0.1-RC13.jar;C:\Users\HP\.m2\repository\org\apache\pdfbox\pdfbox\2.0.8\pdfbox-2.0.8.jar;C:\Users\HP\.m2\repository\org\apache\pdfbox\fontbox\2.0.8\fontbox-2.0.8.jar;C:\Users\HP\.m2\repository\commons-logging\commons-logging\1.2\commons-logging-1.2.jar;C:\Users\HP\.m2\repository\org\apache\pdfbox\xmpbox\2.0.8\xmpbox-2.0.8.jar;C:\Users\HP\.m2\repository\de\rototor\pdfbox\graphics2d\0.12\graphics2d-0.12.jar;C:\Users\HP\.m2\repository\com\openhtmltopdf\openhtmltopdf-rtl-support\0.0.1-RC13\openhtmltopdf-rtl-support-0.0.1-RC13.jar;C:\Users\HP\.m2\repository\com\ibm\icu\icu4j\59.1\icu4j-59.1.jar;C:\Users\HP\.m2\repository\com\openhtmltopdf\openhtmltopdf-jsoup-dom-converter\0.0.1-RC13\openhtmltopdf-jsoup-dom-converter-0.0.1-RC13.jar;C:\Users\HP\.m2\repository\com\vladsch\flexmark\flexmark-profile-pegdown\0.34.30\flexmark-profile-pegdown-0.34.30.jar;C:\Users\HP\.m2\repository\com\vladsch\flexmark\flexmark-util\0.34.30\flexmark-util-0.34.30.jar;C:\Users\HP\.m2\repository\com\vladsch\flexmark\flexmark-youtrack-converter\0.34.30\flexmark-youtrack-converter-0.34.30.jar;C:\Users\HP\.m2\repository\es\nitaur\markdown\txtmark\0.16\txtmark-0.16.jar;C:\Users\HP\.m2\repository\net\serenity-bdd\serenity-report-resources\3.2.1\serenity-report-resources-3.2.1.jar;C:\Users\HP\.m2\repository\com\google\code\gson\gson\2.9.0\gson-2.9.0.jar;C:\Users\HP\.m2\repository\com\fasterxml\jackson\core\jackson-core\2.13.2\jackson-core-2.13.2.jar;C:\Users\HP\.m2\repository\com\fasterxml\jackson\core\jackson-databind\2.13.2\jackson-databind-2.13.2.jar;C:\Users\HP\.m2\repository\com\fasterxml\jackson\core\jackson-annotations\2.13.2\jackson-annotations-2.13.2.jar;C:\Users\HP\.m2\repository\commons-codec\commons-codec\1.15\commons-codec-1.15.jar;C:\Users\HP\.m2\repository\commons-io\commons-io\2.11.0\commons-io-2.11.0.jar;C:\Users\HP\.m2\repository\org\seleniumhq\selenium\selenium-java\4.1.2\selenium-java-4.1.2.jar;C:\Users\HP\.m2\repository\org\seleniumhq\selenium\selenium-devtools-v85\4.1.2\selenium-devtools-v85-4.1.2.jar;C:\Users\HP\.m2\repository\org\seleniumhq\selenium\selenium-devtools-v95\4.1.2\selenium-devtools-v95-4.1.2.jar;C:\Users\HP\.m2\repository\org\seleniumhq\selenium\selenium-devtools-v96\4.1.2\selenium-devtools-v96-4.1.2.jar;C:\Users\HP\.m2\repository\org\seleniumhq\selenium\selenium-devtools-v97\4.1.2\selenium-devtools-v97-4.1.2.jar;C:\Users\HP\.m2\repository\org\seleniumhq\selenium\selenium-firefox-xpi-driver\4.1.2\selenium-firefox-xpi-driver-4.1.2.jar;C:\Users\HP\.m2\repository\org\seleniumhq\selenium\selenium-opera-driver\4.1.2\selenium-opera-driver-4.1.2.jar;C:\Users\HP\.m2\repository\org\seleniumhq\selenium\selenium-remote-driver\4.1.2\selenium-remote-driver-4.1.2.jar;C:\Users\HP\.m2\repository\com\beust\jcommander\1.82\jcommander-1.82.jar;C:\Users\HP\.m2\repository\io\netty\netty-buffer\4.1.73.Final\netty-buffer-4.1.73.Final.jar;C:\Users\HP\.m2\repository\io\netty\netty-codec-http\4.1.73.Final\netty-codec-http-4.1.73.Final.jar;C:\Users\HP\.m2\repository\io\netty\netty-codec\4.1.73.Final\netty-codec-4.1.73.Final.jar;C:\Users\HP\.m2\repository\io\netty\netty-handler\4.1.73.Final\netty-handler-4.1.73.Final.jar;C:\Users\HP\.m2\repository\io\netty\netty-tcnative-classes\2.0.46.Final\netty-tcnative-classes-2.0.46.Final.jar;C:\Users\HP\.m2\repository\io\netty\netty-common\4.1.73.Final\netty-common-4.1.73.Final.jar;C:\Users\HP\.m2\repository\io\netty\netty-transport-classes-epoll\4.1.73.Final\netty-transport-classes-epoll-4.1.73.Final.jar;C:\Users\HP\.m2\repository\io\netty\netty-transport-classes-kqueue\4.1.73.Final\netty-transport-classes-kqueue-4.1.73.Final.jar;C:\Users\HP\.m2\repository\io\netty\netty-transport-native-epoll\4.1.73.Final\netty-transport-native-epoll-4.1.73.Final.jar;C:\Users\HP\.m2\repository\io\netty\netty-transport-native-kqueue\4.1.73.Final\netty-transport-native-kqueue-4.1.73.Final.jar;C:\Users\HP\.m2\repository\io\netty\netty-transport-native-unix-common\4.1.73.Final\netty-transport-native-unix-common-4.1.73.Final.jar;C:\Users\HP\.m2\repository\io\netty\netty-transport\4.1.73.Final\netty-transport-4.1.73.Final.jar;C:\Users\HP\.m2\repository\io\netty\netty-resolver\4.1.73.Final\netty-resolver-4.1.73.Final.jar;C:\Users\HP\.m2\repository\io\opentelemetry\opentelemetry-api\1.10.1\opentelemetry-api-1.10.1.jar;C:\Users\HP\.m2\repository\io\opentelemetry\opentelemetry-context\1.10.1\opentelemetry-context-1.10.1.jar;C:\Users\HP\.m2\repository\io\opentelemetry\opentelemetry-exporter-logging\1.10.1\opentelemetry-exporter-logging-1.10.1.jar;C:\Users\HP\.m2\repository\io\opentelemetry\opentelemetry-sdk-metrics\1.10.1-alpha\opentelemetry-sdk-metrics-1.10.1-alpha.jar;C:\Users\HP\.m2\repository\io\opentelemetry\opentelemetry-sdk-logs\1.10.1-alpha\opentelemetry-sdk-logs-1.10.1-alpha.jar;C:\Users\HP\.m2\repository\io\opentelemetry\opentelemetry-sdk-common\1.10.1\opentelemetry-sdk-common-1.10.1.jar;C:\Users\HP\.m2\repository\io\opentelemetry\opentelemetry-sdk-extension-autoconfigure-spi\1.10.1\opentelemetry-sdk-extension-autoconfigure-spi-1.10.1.jar;C:\Users\HP\.m2\repository\io\opentelemetry\opentelemetry-sdk-extension-autoconfigure\1.10.1-alpha\opentelemetry-sdk-extension-autoconfigure-1.10.1-alpha.jar;C:\Users\HP\.m2\repository\io\opentelemetry\opentelemetry-sdk-trace\1.10.1\opentelemetry-sdk-trace-1.10.1.jar;C:\Users\HP\.m2\repository\io\opentelemetry\opentelemetry-sdk\1.10.1\opentelemetry-sdk-1.10.1.jar;C:\Users\HP\.m2\repository\io\opentelemetry\opentelemetry-semconv\1.10.1-alpha\opentelemetry-semconv-1.10.1-alpha.jar;C:\Users\HP\.m2\repository\io\ous\jtoml\2.0.0\jtoml-2.0.0.jar;C:\Users\HP\.m2\repository\org\apache\commons\commons-exec\1.3\commons-exec-1.3.jar;C:\Users\HP\.m2\repository\org\asynchttpclient\async-http-client\2.12.3\async-http-client-2.12.3.jar;C:\Users\HP\.m2\repository\org\asynchttpclient\async-http-client-netty-utils\2.12.3\async-http-client-netty-utils-2.12.3.jar;C:\Users\HP\.m2\repository\io\netty\netty-codec-socks\4.1.60.Final\netty-codec-socks-4.1.60.Final.jar;C:\Users\HP\.m2\repository\io\netty\netty-handler-proxy\4.1.60.Final\netty-handler-proxy-4.1.60.Final.jar;C:\Users\HP\.m2\repository\io\netty\netty-transport-native-epoll\4.1.60.Final\netty-transport-native-epoll-4.1.60.Final-linux-x86_64.jar;C:\Users\HP\.m2\repository\io\netty\netty-transport-native-kqueue\4.1.60.Final\netty-transport-native-kqueue-4.1.60.Final-osx-x86_64.jar;C:\Users\HP\.m2\repository\org\reactivestreams\reactive-streams\1.0.3\reactive-streams-1.0.3.jar;C:\Users\HP\.m2\repository\com\typesafe\netty\netty-reactive-streams\2.0.4\netty-reactive-streams-2.0.4.jar;C:\Users\HP\.m2\repository\org\seleniumhq\selenium\selenium-http\4.1.2\selenium-http-4.1.2.jar;C:\Users\HP\.m2\repository\net\jodah\failsafe\2.4.4\failsafe-2.4.4.jar;C:\Users\HP\.m2\repository\org\seleniumhq\selenium\selenium-safari-driver\4.1.2\selenium-safari-driver-4.1.2.jar;C:\Users\HP\.m2\repository\org\seleniumhq\selenium\selenium-api\4.1.2\selenium-api-4.1.2.jar;C:\Users\HP\.m2\repository\org\seleniumhq\selenium\selenium-support\4.1.2\selenium-support-4.1.2.jar;C:\Users\HP\.m2\repository\com\google\auto\service\auto-service-annotations\1.0.1\auto-service-annotations-1.0.1.jar;C:\Users\HP\.m2\repository\com\google\auto\service\auto-service\1.0.1\auto-service-1.0.1.jar;C:\Users\HP\.m2\repository\com\google\auto\auto-common\1.2\auto-common-1.2.jar;C:\Users\HP\.m2\repository\org\seleniumhq\selenium\selenium-json\4.1.2\selenium-json-4.1.2.jar;C:\Users\HP\.m2\repository\org\seleniumhq\selenium\selenium-chrome-driver\4.1.2\selenium-chrome-driver-4.1.2.jar;C:\Users\HP\.m2\repository\org\seleniumhq\selenium\selenium-chromium-driver\4.1.2\selenium-chromium-driver-4.1.2.jar;C:\Users\HP\.m2\repository\org\seleniumhq\selenium\selenium-firefox-driver\4.1.2\selenium-firefox-driver-4.1.2.jar;C:\Users\HP\.m2\repository\org\seleniumhq\selenium\selenium-edge-driver\4.1.2\selenium-edge-driver-4.1.2.jar;C:\Users\HP\.m2\repository\org\seleniumhq\selenium\selenium-ie-driver\4.1.2\selenium-ie-driver-4.1.2.jar;C:\Users\HP\.m2\repository\org\projectlombok\lombok\1.18.20\lombok-1.18.20.jar;C:\Users\HP\.m2\repository\io\appium\java-client\8.0.0\java-client-8.0.0.jar;C:\Users\HP\.m2\repository\commons-validator\commons-validator\1.7\commons-validator-1.7.jar;C:\Users\HP\.m2\repository\commons-digester\commons-digester\2.1\commons-digester-2.1.jar;C:\Users\HP\.m2\repository\org\aspectj\aspectjweaver\1.9.8\aspectjweaver-1.9.8.jar;C:\Users\HP\.m2\repository\org\codehaus\groovy\groovy\3.0.10\groovy-3.0.10.jar;C:\Users\HP\.m2\repository\net\sf\opencsv\opencsv\2.0\opencsv-2.0.jar;C:\Users\HP\.m2\repository\commons-beanutils\commons-beanutils\1.9.4\commons-beanutils-1.9.4.jar;C:\Users\HP\.m2\repository\org\apache\commons\commons-lang3\3.12.0\commons-lang3-3.12.0.jar;C:\Users\HP\.m2\repository\commons-collections\commons-collections\3.2.2\commons-collections-3.2.2.jar;C:\Users\HP\.m2\repository\org\fluentlenium\fluentlenium-core\0.10.2\fluentlenium-core-0.10.2.jar;C:\Users\HP\.m2\repository\io\github\bonigarcia\webdrivermanager\5.1.0\webdrivermanager-5.1.0.jar;C:\Users\HP\.m2\repository\com\github\docker-java\docker-java\3.2.13\docker-java-3.2.13.jar;C:\Users\HP\.m2\repository\com\github\docker-java\docker-java-core\3.2.13\docker-java-core-3.2.13.jar;C:\Users\HP\.m2\repository\com\github\docker-java\docker-java-api\3.2.13\docker-java-api-3.2.13.jar;C:\Users\HP\.m2\repository\org\apache\commons\commons-compress\1.21\commons-compress-1.21.jar;C:\Users\HP\.m2\repository\org\bouncycastle\bcpkix-jdk15on\1.64\bcpkix-jdk15on-1.64.jar;C:\Users\HP\.m2\repository\org\bouncycastle\bcprov-jdk15on\1.64\bcprov-jdk15on-1.64.jar;C:\Users\HP\.m2\repository\org\slf4j\jcl-over-slf4j\1.7.30\jcl-over-slf4j-1.7.30.jar;C:\Users\HP\.m2\repository\com\github\docker-java\docker-java-transport-httpclient5\3.2.13\docker-java-transport-httpclient5-3.2.13.jar;C:\Users\HP\.m2\repository\com\github\docker-java\docker-java-transport\3.2.13\docker-java-transport-3.2.13.jar;C:\Users\HP\.m2\repository\org\apache\httpcomponents\client5\httpclient5\5.0.3\httpclient5-5.0.3.jar;C:\Users\HP\.m2\repository\org\apache\httpcomponents\core5\httpcore5\5.0.2\httpcore5-5.0.2.jar;C:\Users\HP\.m2\repository\net\java\dev\jna\jna\5.8.0\jna-5.8.0.jar;C:\Users\HP\.m2\repository\org\brotli\dec\0.1.2\dec-0.1.2.jar;C:\Users\HP\.m2\repository\com\jhlabs\filters\2.0.235\filters-2.0.235.jar;C:\Users\HP\.m2\repository\com\paulhammant\ngwebdriver\1.1.6\ngwebdriver-1.1.6.jar;C:\Users\HP\.m2\repository\joda-time\joda-time\2.8.2\joda-time-2.8.2.jar;C:\Users\HP\.m2\repository\org\hamcrest\hamcrest\2.2\hamcrest-2.2.jar;C:\Users\HP\.m2\repository\com\google\jimfs\jimfs\1.2\jimfs-1.2.jar;C:\Users\HP\.m2\repository\org\mockito\mockito-core\3.3.3\mockito-core-3.3.3.jar;C:\Users\HP\.m2\repository\javax\xml\bind\jaxb-api\2.3.1\jaxb-api-2.3.1.jar;C:\Users\HP\.m2\repository\javax\activation\javax.activation-api\1.2.0\javax.activation-api-1.2.0.jar;C:\Users\HP\.m2\repository\com\sun\xml\bind\jaxb-core\2.3.0.1\jaxb-core-2.3.0.1.jar;C:\Users\HP\.m2\repository\com\sun\xml\bind\jaxb-impl\2.3.3\jaxb-impl-2.3.3.jar;C:\Users\HP\.m2\repository\jakarta\xml\bind\jakarta.xml.bind-api\2.3.3\jakarta.xml.bind-api-2.3.3.jar;C:\Users\HP\.m2\repository\com\sun\activation\jakarta.activation\1.2.2\jakarta.activation-1.2.2.jar;C:\Users\HP\.m2\repository\javax\activation\activation\1.1.1\activation-1.1.1.jar;C:\Users\HP\.m2\repository\net\serenity-bdd\serenity-cucumber\3.2.1\serenity-cucumber-3.2.1.jar;C:\Users\HP\.m2\repository\io\cucumber\cucumber-core\7.2.3\cucumber-core-7.2.3.jar;C:\Users\HP\.m2\repository\io\cucumber\cucumber-gherkin\7.2.3\cucumber-gherkin-7.2.3.jar;C:\Users\HP\.m2\repository\io\cucumber\cucumber-gherkin-messages\7.2.3\cucumber-gherkin-messages-7.2.3.jar;C:\Users\HP\.m2\repository\io\cucumber\messages\17.1.1\messages-17.1.1.jar;C:\Users\HP\.m2\repository\io\cucumber\tag-expressions\4.1.0\tag-expressions-4.1.0.jar;C:\Users\HP\.m2\repository\io\cucumber\cucumber-expressions\15.0.1\cucumber-expressions-15.0.1.jar;C:\Users\HP\.m2\repository\io\cucumber\datatable\7.2.3\datatable-7.2.3.jar;C:\Users\HP\.m2\repository\io\cucumber\cucumber-plugin\7.2.3\cucumber-plugin-7.2.3.jar;C:\Users\HP\.m2\repository\io\cucumber\docstring\7.2.3\docstring-7.2.3.jar;C:\Users\HP\.m2\repository\io\cucumber\html-formatter\17.0.0\html-formatter-17.0.0.jar;C:\Users\HP\.m2\repository\io\cucumber\ci-environment\8.1.0\ci-environment-8.1.0.jar;C:\Users\HP\.m2\repository\io\cucumber\cucumber-junit\7.2.3\cucumber-junit-7.2.3.jar;C:\Users\HP\.m2\repository\org\apache\commons\commons-csv\1.5\commons-csv-1.5.jar;C:\Users\HP\.m2\repository\net\serenity-bdd\serenity-screenplay\3.2.1\serenity-screenplay-3.2.1.jar;C:\Users\HP\.m2\repository\net\serenity-bdd\serenity-screenplay-webdriver\3.2.1\serenity-screenplay-webdriver-3.2.1.jar;C:\Users\HP\.m2\repository\net\serenity-bdd\serenity-ensure\3.2.1\serenity-ensure-3.2.1.jar;C:\Users\HP\.m2\repository\net\serenity-bdd\serenity-junit\3.2.1\serenity-junit-3.2.1.jar;C:\Users\HP\.m2\repository\org\jetbrains\kotlin\kotlin-stdlib\1.6.0\kotlin-stdlib-1.6.0.jar;C:\Users\HP\.m2\repository\org\jetbrains\annotations\13.0\annotations-13.0.jar;C:\Users\HP\.m2\repository\org\jetbrains\kotlin\kotlin-stdlib-common\1.6.0\kotlin-stdlib-common-1.6.0.jar;C:\Users\HP\.m2\repository\org\junit\platform\junit-platform-launcher\1.8.1\junit-platform-launcher-1.8.1.jar;C:\Users\HP\.m2\repository\org\junit\platform\junit-platform-engine\1.8.1\junit-platform-engine-1.8.1.jar;C:\Users\HP\.m2\repository\org\opentest4j\opentest4j\1.2.0\opentest4j-1.2.0.jar;C:\Users\HP\.m2\repository\org\junit\platform\junit-platform-commons\1.8.1\junit-platform-commons-1.8.1.jar;C:\Users\HP\.m2\repository\org\apiguardian\apiguardian-api\1.1.2\apiguardian-api-1.1.2.jar;C:\Users\HP\.m2\repository\org\junit\jupiter\junit-jupiter-engine\5.8.2\junit-jupiter-engine-5.8.2.jar;C:\Users\HP\.m2\repository\org\junit\jupiter\junit-jupiter-api\5.8.2\junit-jupiter-api-5.8.2.jar;C:\Users\HP\.m2\repository\org\junit\vintage\junit-vintage-engine\5.8.2\junit-vintage-engine-5.8.2.jar;C:\Users\HP\.m2\repository\junit\junit\4.13.2\junit-4.13.2.jar;C:\Users\HP\.m2\repository\org\hamcrest\hamcrest-core\1.3\hamcrest-core-1.3.jar;C:\Users\HP\.m2\repository\ch\qos\logback\logback-classic\1.2.10\logback-classic-1.2.10.jar;C:\Users\HP\.m2\repository\ch\qos\logback\logback-core\1.2.10\logback-core-1.2.10.jar;C:\Users\HP\.m2\repository\org\slf4j\slf4j-api\1.7.32\slf4j-api-1.7.32.jar;C:\Users\HP\.m2\repository\org\assertj\assertj-core\3.6.2\assertj-core-3.6.2.jar;"/>
    <property name="java.vm.vendor" value="Oracle Corporation"/>
    <property name="sun.arch.data.model" value="64"/>
    <property name="user.variant" value=""/>
    <property name="java.vendor.url" value="https://java.oracle.com/"/>
    <property name="user.timezone" value="Asia/Bangkok"/>
    <property name="log4j2.formatMsgNoLookups" value="true"/>
    <property name="os.name" value="Windows 10"/>
    <property name="java.vm.specification.version" value="15"/>
    <property name="sun.java.launcher" value="SUN_STANDARD"/>
    <property name="user.country" value="US"/>
    <property name="sun.boot.library.path" value="E:\jdk 15\bin"/>
    <property name="sun.java.command" value="org.apache.maven.surefire.booter.ForkedBooter C:\Users\HP\AppData\Local\Temp\surefire3668587413172190792 2022-05-17T17-53-43_284-jvmRun1 surefire12672969150865593562tmp surefire_02061176101704094387tmp"/>
    <property name="jdk.debug" value="release"/>
    <property name="surefire.test.class.path" value="E:\Learn\ProjectTestWeb\target\test-classes;C:\Users\HP\.m2\repository\net\serenity-bdd\serenity-core\3.2.1\serenity-core-3.2.1.jar;C:\Users\HP\.m2\repository\net\serenity-bdd\serenity-model\3.2.1\serenity-model-3.2.1.jar;C:\Users\HP\.m2\repository\org\apache\commons\commons-text\1.9\commons-text-1.9.jar;C:\Users\HP\.m2\repository\commons-net\commons-net\3.8.0\commons-net-3.8.0.jar;C:\Users\HP\.m2\repository\com\google\guava\guava\31.1-jre\guava-31.1-jre.jar;C:\Users\HP\.m2\repository\com\google\guava\failureaccess\1.0.1\failureaccess-1.0.1.jar;C:\Users\HP\.m2\repository\com\google\guava\listenablefuture\9999.0-empty-to-avoid-conflict-with-guava\listenablefuture-9999.0-empty-to-avoid-conflict-with-guava.jar;C:\Users\HP\.m2\repository\com\google\code\findbugs\jsr305\3.0.2\jsr305-3.0.2.jar;C:\Users\HP\.m2\repository\org\checkerframework\checker-qual\3.12.0\checker-qual-3.12.0.jar;C:\Users\HP\.m2\repository\com\google\errorprone\error_prone_annotations\2.11.0\error_prone_annotations-2.11.0.jar;C:\Users\HP\.m2\repository\com\google\j2objc\j2objc-annotations\1.3\j2objc-annotations-1.3.jar;C:\Users\HP\.m2\repository\com\google\inject\guice\5.1.0\guice-5.1.0.jar;C:\Users\HP\.m2\repository\javax\inject\javax.inject\1\javax.inject-1.jar;C:\Users\HP\.m2\repository\aopalliance\aopalliance\1.0\aopalliance-1.0.jar;C:\Users\HP\.m2\repository\org\jsoup\jsoup\1.14.3\jsoup-1.14.3.jar;C:\Users\HP\.m2\repository\com\thoughtworks\xstream\xstream\1.4.19\xstream-1.4.19.jar;C:\Users\HP\.m2\repository\io\github\x-stream\mxparser\1.2.2\mxparser-1.2.2.jar;C:\Users\HP\.m2\repository\xmlpull\xmlpull\1.1.3.1\xmlpull-1.1.3.1.jar;C:\Users\HP\.m2\repository\io\cucumber\cucumber-java\7.2.3\cucumber-java-7.2.3.jar;C:\Users\HP\.m2\repository\com\typesafe\config\1.4.2\config-1.4.2.jar;C:\Users\HP\.m2\repository\org\imgscalr\imgscalr-lib\4.2\imgscalr-lib-4.2.jar;C:\Users\HP\.m2\repository\org\awaitility\awaitility\4.2.0\awaitility-4.2.0.jar;C:\Users\HP\.m2\repository\org\freemarker\freemarker\2.3.31\freemarker-2.3.31.jar;C:\Users\HP\.m2\repository\io\github\classgraph\classgraph\4.8.138\classgraph-4.8.138.jar;C:\Users\HP\.m2\repository\net\sourceforge\jexcelapi\jxl\2.6.12\jxl-2.6.12.jar;C:\Users\HP\.m2\repository\net\bytebuddy\byte-buddy\1.12.8\byte-buddy-1.12.8.jar;C:\Users\HP\.m2\repository\net\bytebuddy\byte-buddy-agent\1.12.8\byte-buddy-agent-1.12.8.jar;C:\Users\HP\.m2\repository\org\objenesis\objenesis\3.1\objenesis-3.1.jar;C:\Users\HP\.m2\repository\net\serenity-bdd\serenity-reports\3.2.1\serenity-reports-3.2.1.jar;C:\Users\HP\.m2\repository\net\serenity-bdd\serenity-stats\3.2.1\serenity-stats-3.2.1.jar;C:\Users\HP\.m2\repository\net\serenity-bdd\serenity-reports-configuration\3.2.1\serenity-reports-configuration-3.2.1.jar;C:\Users\HP\.m2\repository\com\vladsch\flexmark\flexmark-all\0.34.30\flexmark-all-0.34.30.jar;C:\Users\HP\.m2\repository\com\vladsch\flexmark\flexmark\0.34.30\flexmark-0.34.30.jar;C:\Users\HP\.m2\repository\com\vladsch\flexmark\flexmark-ext-abbreviation\0.34.30\flexmark-ext-abbreviation-0.34.30.jar;C:\Users\HP\.m2\repository\com\vladsch\flexmark\flexmark-ext-admonition\0.34.30\flexmark-ext-admonition-0.34.30.jar;C:\Users\HP\.m2\repository\com\vladsch\flexmark\flexmark-ext-anchorlink\0.34.30\flexmark-ext-anchorlink-0.34.30.jar;C:\Users\HP\.m2\repository\com\vladsch\flexmark\flexmark-ext-aside\0.34.30\flexmark-ext-aside-0.34.30.jar;C:\Users\HP\.m2\repository\com\vladsch\flexmark\flexmark-ext-attributes\0.34.30\flexmark-ext-attributes-0.34.30.jar;C:\Users\HP\.m2\repository\com\vladsch\flexmark\flexmark-ext-autolink\0.34.30\flexmark-ext-autolink-0.34.30.jar;C:\Users\HP\.m2\repository\org\nibor\autolink\autolink\0.6.0\autolink-0.6.0.jar;C:\Users\HP\.m2\repository\com\vladsch\flexmark\flexmark-ext-definition\0.34.30\flexmark-ext-definition-0.34.30.jar;C:\Users\HP\.m2\repository\com\vladsch\flexmark\flexmark-ext-emoji\0.34.30\flexmark-ext-emoji-0.34.30.jar;C:\Users\HP\.m2\repository\com\vladsch\flexmark\flexmark-ext-enumerated-reference\0.34.30\flexmark-ext-enumerated-reference-0.34.30.jar;C:\Users\HP\.m2\repository\com\vladsch\flexmark\flexmark-ext-escaped-character\0.34.30\flexmark-ext-escaped-character-0.34.30.jar;C:\Users\HP\.m2\repository\com\vladsch\flexmark\flexmark-ext-footnotes\0.34.30\flexmark-ext-footnotes-0.34.30.jar;C:\Users\HP\.m2\repository\com\vladsch\flexmark\flexmark-ext-gfm-issues\0.34.30\flexmark-ext-gfm-issues-0.34.30.jar;C:\Users\HP\.m2\repository\com\vladsch\flexmark\flexmark-ext-gfm-strikethrough\0.34.30\flexmark-ext-gfm-strikethrough-0.34.30.jar;C:\Users\HP\.m2\repository\com\vladsch\flexmark\flexmark-ext-gfm-tables\0.34.30\flexmark-ext-gfm-tables-0.34.30.jar;C:\Users\HP\.m2\repository\com\vladsch\flexmark\flexmark-ext-gfm-tasklist\0.34.30\flexmark-ext-gfm-tasklist-0.34.30.jar;C:\Users\HP\.m2\repository\com\vladsch\flexmark\flexmark-ext-gfm-users\0.34.30\flexmark-ext-gfm-users-0.34.30.jar;C:\Users\HP\.m2\repository\com\vladsch\flexmark\flexmark-ext-gitlab\0.34.30\flexmark-ext-gitlab-0.34.30.jar;C:\Users\HP\.m2\repository\com\vladsch\flexmark\flexmark-ext-jekyll-front-matter\0.34.30\flexmark-ext-jekyll-front-matter-0.34.30.jar;C:\Users\HP\.m2\repository\com\vladsch\flexmark\flexmark-ext-jekyll-tag\0.34.30\flexmark-ext-jekyll-tag-0.34.30.jar;C:\Users\HP\.m2\repository\com\vladsch\flexmark\flexmark-ext-media-tags\0.34.30\flexmark-ext-media-tags-0.34.30.jar;C:\Users\HP\.m2\repository\com\vladsch\flexmark\flexmark-test-util\0.34.30\flexmark-test-util-0.34.30.jar;C:\Users\HP\.m2\repository\com\vladsch\flexmark\flexmark-ext-ins\0.34.30\flexmark-ext-ins-0.34.30.jar;C:\Users\HP\.m2\repository\com\vladsch\flexmark\flexmark-ext-xwiki-macros\0.34.30\flexmark-ext-xwiki-macros-0.34.30.jar;C:\Users\HP\.m2\repository\com\vladsch\flexmark\flexmark-ext-superscript\0.34.30\flexmark-ext-superscript-0.34.30.jar;C:\Users\HP\.m2\repository\com\vladsch\flexmark\flexmark-ext-tables\0.34.30\flexmark-ext-tables-0.34.30.jar;C:\Users\HP\.m2\repository\com\vladsch\flexmark\flexmark-ext-toc\0.34.30\flexmark-ext-toc-0.34.30.jar;C:\Users\HP\.m2\repository\com\vladsch\flexmark\flexmark-ext-typographic\0.34.30\flexmark-ext-typographic-0.34.30.jar;C:\Users\HP\.m2\repository\com\vladsch\flexmark\flexmark-ext-wikilink\0.34.30\flexmark-ext-wikilink-0.34.30.jar;C:\Users\HP\.m2\repository\com\vladsch\flexmark\flexmark-ext-yaml-front-matter\0.34.30\flexmark-ext-yaml-front-matter-0.34.30.jar;C:\Users\HP\.m2\repository\com\vladsch\flexmark\flexmark-ext-youtube-embedded\0.34.30\flexmark-ext-youtube-embedded-0.34.30.jar;C:\Users\HP\.m2\repository\com\vladsch\flexmark\flexmark-formatter\0.34.30\flexmark-formatter-0.34.30.jar;C:\Users\HP\.m2\repository\com\vladsch\flexmark\flexmark-html-parser\0.34.30\flexmark-html-parser-0.34.30.jar;C:\Users\HP\.m2\repository\com\vladsch\flexmark\flexmark-jira-converter\0.34.30\flexmark-jira-converter-0.34.30.jar;C:\Users\HP\.m2\repository\com\vladsch\flexmark\flexmark-pdf-converter\0.34.30\flexmark-pdf-converter-0.34.30.jar;C:\Users\HP\.m2\repository\com\openhtmltopdf\openhtmltopdf-core\0.0.1-RC13\openhtmltopdf-core-0.0.1-RC13.jar;C:\Users\HP\.m2\repository\com\openhtmltopdf\openhtmltopdf-pdfbox\0.0.1-RC13\openhtmltopdf-pdfbox-0.0.1-RC13.jar;C:\Users\HP\.m2\repository\org\apache\pdfbox\pdfbox\2.0.8\pdfbox-2.0.8.jar;C:\Users\HP\.m2\repository\org\apache\pdfbox\fontbox\2.0.8\fontbox-2.0.8.jar;C:\Users\HP\.m2\repository\commons-logging\commons-logging\1.2\commons-logging-1.2.jar;C:\Users\HP\.m2\repository\org\apache\pdfbox\xmpbox\2.0.8\xmpbox-2.0.8.jar;C:\Users\HP\.m2\repository\de\rototor\pdfbox\graphics2d\0.12\graphics2d-0.12.jar;C:\Users\HP\.m2\repository\com\openhtmltopdf\openhtmltopdf-rtl-support\0.0.1-RC13\openhtmltopdf-rtl-support-0.0.1-RC13.jar;C:\Users\HP\.m2\repository\com\ibm\icu\icu4j\59.1\icu4j-59.1.jar;C:\Users\HP\.m2\repository\com\openhtmltopdf\openhtmltopdf-jsoup-dom-converter\0.0.1-RC13\openhtmltopdf-jsoup-dom-converter-0.0.1-RC13.jar;C:\Users\HP\.m2\repository\com\vladsch\flexmark\flexmark-profile-pegdown\0.34.30\flexmark-profile-pegdown-0.34.30.jar;C:\Users\HP\.m2\repository\com\vladsch\flexmark\flexmark-util\0.34.30\flexmark-util-0.34.30.jar;C:\Users\HP\.m2\repository\com\vladsch\flexmark\flexmark-youtrack-converter\0.34.30\flexmark-youtrack-converter-0.34.30.jar;C:\Users\HP\.m2\repository\es\nitaur\markdown\txtmark\0.16\txtmark-0.16.jar;C:\Users\HP\.m2\repository\net\serenity-bdd\serenity-report-resources\3.2.1\serenity-report-resources-3.2.1.jar;C:\Users\HP\.m2\repository\com\google\code\gson\gson\2.9.0\gson-2.9.0.jar;C:\Users\HP\.m2\repository\com\fasterxml\jackson\core\jackson-core\2.13.2\jackson-core-2.13.2.jar;C:\Users\HP\.m2\repository\com\fasterxml\jackson\core\jackson-databind\2.13.2\jackson-databind-2.13.2.jar;C:\Users\HP\.m2\repository\com\fasterxml\jackson\core\jackson-annotations\2.13.2\jackson-annotations-2.13.2.jar;C:\Users\HP\.m2\repository\commons-codec\commons-codec\1.15\commons-codec-1.15.jar;C:\Users\HP\.m2\repository\commons-io\commons-io\2.11.0\commons-io-2.11.0.jar;C:\Users\HP\.m2\repository\org\seleniumhq\selenium\selenium-java\4.1.2\selenium-java-4.1.2.jar;C:\Users\HP\.m2\repository\org\seleniumhq\selenium\selenium-devtools-v85\4.1.2\selenium-devtools-v85-4.1.2.jar;C:\Users\HP\.m2\repository\org\seleniumhq\selenium\selenium-devtools-v95\4.1.2\selenium-devtools-v95-4.1.2.jar;C:\Users\HP\.m2\repository\org\seleniumhq\selenium\selenium-devtools-v96\4.1.2\selenium-devtools-v96-4.1.2.jar;C:\Users\HP\.m2\repository\org\seleniumhq\selenium\selenium-devtools-v97\4.1.2\selenium-devtools-v97-4.1.2.jar;C:\Users\HP\.m2\repository\org\seleniumhq\selenium\selenium-firefox-xpi-driver\4.1.2\selenium-firefox-xpi-driver-4.1.2.jar;C:\Users\HP\.m2\repository\org\seleniumhq\selenium\selenium-opera-driver\4.1.2\selenium-opera-driver-4.1.2.jar;C:\Users\HP\.m2\repository\org\seleniumhq\selenium\selenium-remote-driver\4.1.2\selenium-remote-driver-4.1.2.jar;C:\Users\HP\.m2\repository\com\beust\jcommander\1.82\jcommander-1.82.jar;C:\Users\HP\.m2\repository\io\netty\netty-buffer\4.1.73.Final\netty-buffer-4.1.73.Final.jar;C:\Users\HP\.m2\repository\io\netty\netty-codec-http\4.1.73.Final\netty-codec-http-4.1.73.Final.jar;C:\Users\HP\.m2\repository\io\netty\netty-codec\4.1.73.Final\netty-codec-4.1.73.Final.jar;C:\Users\HP\.m2\repository\io\netty\netty-handler\4.1.73.Final\netty-handler-4.1.73.Final.jar;C:\Users\HP\.m2\repository\io\netty\netty-tcnative-classes\2.0.46.Final\netty-tcnative-classes-2.0.46.Final.jar;C:\Users\HP\.m2\repository\io\netty\netty-common\4.1.73.Final\netty-common-4.1.73.Final.jar;C:\Users\HP\.m2\repository\io\netty\netty-transport-classes-epoll\4.1.73.Final\netty-transport-classes-epoll-4.1.73.Final.jar;C:\Users\HP\.m2\repository\io\netty\netty-transport-classes-kqueue\4.1.73.Final\netty-transport-classes-kqueue-4.1.73.Final.jar;C:\Users\HP\.m2\repository\io\netty\netty-transport-native-epoll\4.1.73.Final\netty-transport-native-epoll-4.1.73.Final.jar;C:\Users\HP\.m2\repository\io\netty\netty-transport-native-kqueue\4.1.73.Final\netty-transport-native-kqueue-4.1.73.Final.jar;C:\Users\HP\.m2\repository\io\netty\netty-transport-native-unix-common\4.1.73.Final\netty-transport-native-unix-common-4.1.73.Final.jar;C:\Users\HP\.m2\repository\io\netty\netty-transport\4.1.73.Final\netty-transport-4.1.73.Final.jar;C:\Users\HP\.m2\repository\io\netty\netty-resolver\4.1.73.Final\netty-resolver-4.1.73.Final.jar;C:\Users\HP\.m2\repository\io\opentelemetry\opentelemetry-api\1.10.1\opentelemetry-api-1.10.1.jar;C:\Users\HP\.m2\repository\io\opentelemetry\opentelemetry-context\1.10.1\opentelemetry-context-1.10.1.jar;C:\Users\HP\.m2\repository\io\opentelemetry\opentelemetry-exporter-logging\1.10.1\opentelemetry-exporter-logging-1.10.1.jar;C:\Users\HP\.m2\repository\io\opentelemetry\opentelemetry-sdk-metrics\1.10.1-alpha\opentelemetry-sdk-metrics-1.10.1-alpha.jar;C:\Users\HP\.m2\repository\io\opentelemetry\opentelemetry-sdk-logs\1.10.1-alpha\opentelemetry-sdk-logs-1.10.1-alpha.jar;C:\Users\HP\.m2\repository\io\opentelemetry\opentelemetry-sdk-common\1.10.1\opentelemetry-sdk-common-1.10.1.jar;C:\Users\HP\.m2\repository\io\opentelemetry\opentelemetry-sdk-extension-autoconfigure-spi\1.10.1\opentelemetry-sdk-extension-autoconfigure-spi-1.10.1.jar;C:\Users\HP\.m2\repository\io\opentelemetry\opentelemetry-sdk-extension-autoconfigure\1.10.1-alpha\opentelemetry-sdk-extension-autoconfigure-1.10.1-alpha.jar;C:\Users\HP\.m2\repository\io\opentelemetry\opentelemetry-sdk-trace\1.10.1\opentelemetry-sdk-trace-1.10.1.jar;C:\Users\HP\.m2\repository\io\opentelemetry\opentelemetry-sdk\1.10.1\opentelemetry-sdk-1.10.1.jar;C:\Users\HP\.m2\repository\io\opentelemetry\opentelemetry-semconv\1.10.1-alpha\opentelemetry-semconv-1.10.1-alpha.jar;C:\Users\HP\.m2\repository\io\ous\jtoml\2.0.0\jtoml-2.0.0.jar;C:\Users\HP\.m2\repository\org\apache\commons\commons-exec\1.3\commons-exec-1.3.jar;C:\Users\HP\.m2\repository\org\asynchttpclient\async-http-client\2.12.3\async-http-client-2.12.3.jar;C:\Users\HP\.m2\repository\org\asynchttpclient\async-http-client-netty-utils\2.12.3\async-http-client-netty-utils-2.12.3.jar;C:\Users\HP\.m2\repository\io\netty\netty-codec-socks\4.1.60.Final\netty-codec-socks-4.1.60.Final.jar;C:\Users\HP\.m2\repository\io\netty\netty-handler-proxy\4.1.60.Final\netty-handler-proxy-4.1.60.Final.jar;C:\Users\HP\.m2\repository\io\netty\netty-transport-native-epoll\4.1.60.Final\netty-transport-native-epoll-4.1.60.Final-linux-x86_64.jar;C:\Users\HP\.m2\repository\io\netty\netty-transport-native-kqueue\4.1.60.Final\netty-transport-native-kqueue-4.1.60.Final-osx-x86_64.jar;C:\Users\HP\.m2\repository\org\reactivestreams\reactive-streams\1.0.3\reactive-streams-1.0.3.jar;C:\Users\HP\.m2\repository\com\typesafe\netty\netty-reactive-streams\2.0.4\netty-reactive-streams-2.0.4.jar;C:\Users\HP\.m2\repository\org\seleniumhq\selenium\selenium-http\4.1.2\selenium-http-4.1.2.jar;C:\Users\HP\.m2\repository\net\jodah\failsafe\2.4.4\failsafe-2.4.4.jar;C:\Users\HP\.m2\repository\org\seleniumhq\selenium\selenium-safari-driver\4.1.2\selenium-safari-driver-4.1.2.jar;C:\Users\HP\.m2\repository\org\seleniumhq\selenium\selenium-api\4.1.2\selenium-api-4.1.2.jar;C:\Users\HP\.m2\repository\org\seleniumhq\selenium\selenium-support\4.1.2\selenium-support-4.1.2.jar;C:\Users\HP\.m2\repository\com\google\auto\service\auto-service-annotations\1.0.1\auto-service-annotations-1.0.1.jar;C:\Users\HP\.m2\repository\com\google\auto\service\auto-service\1.0.1\auto-service-1.0.1.jar;C:\Users\HP\.m2\repository\com\google\auto\auto-common\1.2\auto-common-1.2.jar;C:\Users\HP\.m2\repository\org\seleniumhq\selenium\selenium-json\4.1.2\selenium-json-4.1.2.jar;C:\Users\HP\.m2\repository\org\seleniumhq\selenium\selenium-chrome-driver\4.1.2\selenium-chrome-driver-4.1.2.jar;C:\Users\HP\.m2\repository\org\seleniumhq\selenium\selenium-chromium-driver\4.1.2\selenium-chromium-driver-4.1.2.jar;C:\Users\HP\.m2\repository\org\seleniumhq\selenium\selenium-firefox-driver\4.1.2\selenium-firefox-driver-4.1.2.jar;C:\Users\HP\.m2\repository\org\seleniumhq\selenium\selenium-edge-driver\4.1.2\selenium-edge-driver-4.1.2.jar;C:\Users\HP\.m2\repository\org\seleniumhq\selenium\selenium-ie-driver\4.1.2\selenium-ie-driver-4.1.2.jar;C:\Users\HP\.m2\repository\org\projectlombok\lombok\1.18.20\lombok-1.18.20.jar;C:\Users\HP\.m2\repository\io\appium\java-client\8.0.0\java-client-8.0.0.jar;C:\Users\HP\.m2\repository\commons-validator\commons-validator\1.7\commons-validator-1.7.jar;C:\Users\HP\.m2\repository\commons-digester\commons-digester\2.1\commons-digester-2.1.jar;C:\Users\HP\.m2\repository\org\aspectj\aspectjweaver\1.9.8\aspectjweaver-1.9.8.jar;C:\Users\HP\.m2\repository\org\codehaus\groovy\groovy\3.0.10\groovy-3.0.10.jar;C:\Users\HP\.m2\repository\net\sf\opencsv\opencsv\2.0\opencsv-2.0.jar;C:\Users\HP\.m2\repository\commons-beanutils\commons-beanutils\1.9.4\commons-beanutils-1.9.4.jar;C:\Users\HP\.m2\repository\org\apache\commons\commons-lang3\3.12.0\commons-lang3-3.12.0.jar;C:\Users\HP\.m2\repository\commons-collections\commons-collections\3.2.2\commons-collections-3.2.2.jar;C:\Users\HP\.m2\repository\org\fluentlenium\fluentlenium-core\0.10.2\fluentlenium-core-0.10.2.jar;C:\Users\HP\.m2\repository\io\github\bonigarcia\webdrivermanager\5.1.0\webdrivermanager-5.1.0.jar;C:\Users\HP\.m2\repository\com\github\docker-java\docker-java\3.2.13\docker-java-3.2.13.jar;C:\Users\HP\.m2\repository\com\github\docker-java\docker-java-core\3.2.13\docker-java-core-3.2.13.jar;C:\Users\HP\.m2\repository\com\github\docker-java\docker-java-api\3.2.13\docker-java-api-3.2.13.jar;C:\Users\HP\.m2\repository\org\apache\commons\commons-compress\1.21\commons-compress-1.21.jar;C:\Users\HP\.m2\repository\org\bouncycastle\bcpkix-jdk15on\1.64\bcpkix-jdk15on-1.64.jar;C:\Users\HP\.m2\repository\org\bouncycastle\bcprov-jdk15on\1.64\bcprov-jdk15on-1.64.jar;C:\Users\HP\.m2\repository\org\slf4j\jcl-over-slf4j\1.7.30\jcl-over-slf4j-1.7.30.jar;C:\Users\HP\.m2\repository\com\github\docker-java\docker-java-transport-httpclient5\3.2.13\docker-java-transport-httpclient5-3.2.13.jar;C:\Users\HP\.m2\repository\com\github\docker-java\docker-java-transport\3.2.13\docker-java-transport-3.2.13.jar;C:\Users\HP\.m2\repository\org\apache\httpcomponents\client5\httpclient5\5.0.3\httpclient5-5.0.3.jar;C:\Users\HP\.m2\repository\org\apache\httpcomponents\core5\httpcore5\5.0.2\httpcore5-5.0.2.jar;C:\Users\HP\.m2\repository\net\java\dev\jna\jna\5.8.0\jna-5.8.0.jar;C:\Users\HP\.m2\repository\org\brotli\dec\0.1.2\dec-0.1.2.jar;C:\Users\HP\.m2\repository\com\jhlabs\filters\2.0.235\filters-2.0.235.jar;C:\Users\HP\.m2\repository\com\paulhammant\ngwebdriver\1.1.6\ngwebdriver-1.1.6.jar;C:\Users\HP\.m2\repository\joda-time\joda-time\2.8.2\joda-time-2.8.2.jar;C:\Users\HP\.m2\repository\org\hamcrest\hamcrest\2.2\hamcrest-2.2.jar;C:\Users\HP\.m2\repository\com\google\jimfs\jimfs\1.2\jimfs-1.2.jar;C:\Users\HP\.m2\repository\org\mockito\mockito-core\3.3.3\mockito-core-3.3.3.jar;C:\Users\HP\.m2\repository\javax\xml\bind\jaxb-api\2.3.1\jaxb-api-2.3.1.jar;C:\Users\HP\.m2\repository\javax\activation\javax.activation-api\1.2.0\javax.activation-api-1.2.0.jar;C:\Users\HP\.m2\repository\com\sun\xml\bind\jaxb-core\2.3.0.1\jaxb-core-2.3.0.1.jar;C:\Users\HP\.m2\repository\com\sun\xml\bind\jaxb-impl\2.3.3\jaxb-impl-2.3.3.jar;C:\Users\HP\.m2\repository\jakarta\xml\bind\jakarta.xml.bind-api\2.3.3\jakarta.xml.bind-api-2.3.3.jar;C:\Users\HP\.m2\repository\com\sun\activation\jakarta.activation\1.2.2\jakarta.activation-1.2.2.jar;C:\Users\HP\.m2\repository\javax\activation\activation\1.1.1\activation-1.1.1.jar;C:\Users\HP\.m2\repository\net\serenity-bdd\serenity-cucumber\3.2.1\serenity-cucumber-3.2.1.jar;C:\Users\HP\.m2\repository\io\cucumber\cucumber-core\7.2.3\cucumber-core-7.2.3.jar;C:\Users\HP\.m2\repository\io\cucumber\cucumber-gherkin\7.2.3\cucumber-gherkin-7.2.3.jar;C:\Users\HP\.m2\repository\io\cucumber\cucumber-gherkin-messages\7.2.3\cucumber-gherkin-messages-7.2.3.jar;C:\Users\HP\.m2\repository\io\cucumber\messages\17.1.1\messages-17.1.1.jar;C:\Users\HP\.m2\repository\io\cucumber\tag-expressions\4.1.0\tag-expressions-4.1.0.jar;C:\Users\HP\.m2\repository\io\cucumber\cucumber-expressions\15.0.1\cucumber-expressions-15.0.1.jar;C:\Users\HP\.m2\repository\io\cucumber\datatable\7.2.3\datatable-7.2.3.jar;C:\Users\HP\.m2\repository\io\cucumber\cucumber-plugin\7.2.3\cucumber-plugin-7.2.3.jar;C:\Users\HP\.m2\repository\io\cucumber\docstring\7.2.3\docstring-7.2.3.jar;C:\Users\HP\.m2\repository\io\cucumber\html-formatter\17.0.0\html-formatter-17.0.0.jar;C:\Users\HP\.m2\repository\io\cucumber\ci-environment\8.1.0\ci-environment-8.1.0.jar;C:\Users\HP\.m2\repository\io\cucumber\cucumber-junit\7.2.3\cucumber-junit-7.2.3.jar;C:\Users\HP\.m2\repository\org\apache\commons\commons-csv\1.5\commons-csv-1.5.jar;C:\Users\HP\.m2\repository\net\serenity-bdd\serenity-screenplay\3.2.1\serenity-screenplay-3.2.1.jar;C:\Users\HP\.m2\repository\net\serenity-bdd\serenity-screenplay-webdriver\3.2.1\serenity-screenplay-webdriver-3.2.1.jar;C:\Users\HP\.m2\repository\net\serenity-bdd\serenity-ensure\3.2.1\serenity-ensure-3.2.1.jar;C:\Users\HP\.m2\repository\net\serenity-bdd\serenity-junit\3.2.1\serenity-junit-3.2.1.jar;C:\Users\HP\.m2\repository\org\jetbrains\kotlin\kotlin-stdlib\1.6.0\kotlin-stdlib-1.6.0.jar;C:\Users\HP\.m2\repository\org\jetbrains\annotations\13.0\annotations-13.0.jar;C:\Users\HP\.m2\repository\org\jetbrains\kotlin\kotlin-stdlib-common\1.6.0\kotlin-stdlib-common-1.6.0.jar;C:\Users\HP\.m2\repository\org\junit\platform\junit-platform-launcher\1.8.1\junit-platform-launcher-1.8.1.jar;C:\Users\HP\.m2\repository\org\junit\platform\junit-platform-engine\1.8.1\junit-platform-engine-1.8.1.jar;C:\Users\HP\.m2\repository\org\opentest4j\opentest4j\1.2.0\opentest4j-1.2.0.jar;C:\Users\HP\.m2\repository\org\junit\platform\junit-platform-commons\1.8.1\junit-platform-commons-1.8.1.jar;C:\Users\HP\.m2\repository\org\apiguardian\apiguardian-api\1.1.2\apiguardian-api-1.1.2.jar;C:\Users\HP\.m2\repository\org\junit\jupiter\junit-jupiter-engine\5.8.2\junit-jupiter-engine-5.8.2.jar;C:\Users\HP\.m2\repository\org\junit\jupiter\junit-jupiter-api\5.8.2\junit-jupiter-api-5.8.2.jar;C:\Users\HP\.m2\repository\org\junit\vintage\junit-vintage-engine\5.8.2\junit-vintage-engine-5.8.2.jar;C:\Users\HP\.m2\repository\junit\junit\4.13.2\junit-4.13.2.jar;C:\Users\HP\.m2\repository\org\hamcrest\hamcrest-core\1.3\hamcrest-core-1.3.jar;C:\Users\HP\.m2\repository\ch\qos\logback\logback-classic\1.2.10\logback-classic-1.2.10.jar;C:\Users\HP\.m2\repository\ch\qos\logback\logback-core\1.2.10\logback-core-1.2.10.jar;C:\Users\HP\.m2\repository\org\slf4j\slf4j-api\1.7.32\slf4j-api-1.7.32.jar;C:\Users\HP\.m2\repository\org\assertj\assertj-core\3.6.2\assertj-core-3.6.2.jar;"/>
    <property name="sun.cpu.endian" value="little"/>
    <property name="user.home" value="C:\Users\HP"/>
    <property name="user.language" value="en"/>
    <property name="java.specification.vendor" value="Oracle Corporation"/>
    <property name="jdk.module.path" value="E:\Learn\ProjectTestWeb\target\ProjectTestWeb-1.0-SNAPSHOT.jar"/>
    <property name="java.version.date" value="2021-01-19"/>
    <property name="java.home" value="E:\jdk 15"/>
    <property name="file.separator" value="\"/>
    <property name="basedir" value="E:\Learn\ProjectTestWeb"/>
    <property name="java.vm.compressedOopsMode" value="Zero based"/>
    <property name="line.separator" value="&#10;"/>
    <property name="java.vm.specification.vendor" value="Oracle Corporation"/>
    <property name="java.specification.name" value="Java Platform API Specification"/>
    <property name="surefire.real.class.path" value="C:\Users\HP\.m2\repository\org\apache\maven\surefire\surefire-booter\3.0.0-M5\surefire-booter-3.0.0-M5.jar;C:\Users\HP\.m2\repository\org\apache\maven\surefire\surefire-api\3.0.0-M5\surefire-api-3.0.0-M5.jar;C:\Users\HP\.m2\repository\org\apache\maven\surefire\surefire-logger-api\3.0.0-M5\surefire-logger-api-3.0.0-M5.jar;C:\Users\HP\.m2\repository\org\apache\maven\surefire\surefire-shared-utils\3.0.0-M4\surefire-shared-utils-3.0.0-M4.jar;C:\Users\HP\.m2\repository\org\apache\maven\surefire\surefire-extensions-spi\3.0.0-M5\surefire-extensions-spi-3.0.0-M5.jar;E:\Learn\ProjectTestWeb\target\test-classes;C:\Users\HP\.m2\repository\net\serenity-bdd\serenity-core\3.2.1\serenity-core-3.2.1.jar;C:\Users\HP\.m2\repository\net\serenity-bdd\serenity-model\3.2.1\serenity-model-3.2.1.jar;C:\Users\HP\.m2\repository\org\apache\commons\commons-text\1.9\commons-text-1.9.jar;C:\Users\HP\.m2\repository\commons-net\commons-net\3.8.0\commons-net-3.8.0.jar;C:\Users\HP\.m2\repository\com\google\guava\guava\31.1-jre\guava-31.1-jre.jar;C:\Users\HP\.m2\repository\com\google\guava\failureaccess\1.0.1\failureaccess-1.0.1.jar;C:\Users\HP\.m2\repository\com\google\guava\listenablefuture\9999.0-empty-to-avoid-conflict-with-guava\listenablefuture-9999.0-empty-to-avoid-conflict-with-guava.jar;C:\Users\HP\.m2\repository\com\google\code\findbugs\jsr305\3.0.2\jsr305-3.0.2.jar;C:\Users\HP\.m2\repository\org\checkerframework\checker-qual\3.12.0\checker-qual-3.12.0.jar;C:\Users\HP\.m2\repository\com\google\errorprone\error_prone_annotations\2.11.0\error_prone_annotations-2.11.0.jar;C:\Users\HP\.m2\repository\com\google\j2objc\j2objc-annotations\1.3\j2objc-annotations-1.3.jar;C:\Users\HP\.m2\repository\com\google\inject\guice\5.1.0\guice-5.1.0.jar;C:\Users\HP\.m2\repository\javax\inject\javax.inject\1\javax.inject-1.jar;C:\Users\HP\.m2\repository\aopalliance\aopalliance\1.0\aopalliance-1.0.jar;C:\Users\HP\.m2\repository\org\jsoup\jsoup\1.14.3\jsoup-1.14.3.jar;C:\Users\HP\.m2\repository\com\thoughtworks\xstream\xstream\1.4.19\xstream-1.4.19.jar;C:\Users\HP\.m2\repository\io\github\x-stream\mxparser\1.2.2\mxparser-1.2.2.jar;C:\Users\HP\.m2\repository\xmlpull\xmlpull\1.1.3.1\xmlpull-1.1.3.1.jar;C:\Users\HP\.m2\repository\io\cucumber\cucumber-java\7.2.3\cucumber-java-7.2.3.jar;C:\Users\HP\.m2\repository\com\typesafe\config\1.4.2\config-1.4.2.jar;C:\Users\HP\.m2\repository\org\imgscalr\imgscalr-lib\4.2\imgscalr-lib-4.2.jar;C:\Users\HP\.m2\repository\org\awaitility\awaitility\4.2.0\awaitility-4.2.0.jar;C:\Users\HP\.m2\repository\org\freemarker\freemarker\2.3.31\freemarker-2.3.31.jar;C:\Users\HP\.m2\repository\io\github\classgraph\classgraph\4.8.138\classgraph-4.8.138.jar;C:\Users\HP\.m2\repository\net\sourceforge\jexcelapi\jxl\2.6.12\jxl-2.6.12.jar;C:\Users\HP\.m2\repository\net\bytebuddy\byte-buddy\1.12.8\byte-buddy-1.12.8.jar;C:\Users\HP\.m2\repository\net\bytebuddy\byte-buddy-agent\1.12.8\byte-buddy-agent-1.12.8.jar;C:\Users\HP\.m2\repository\org\objenesis\objenesis\3.1\objenesis-3.1.jar;C:\Users\HP\.m2\repository\net\serenity-bdd\serenity-reports\3.2.1\serenity-reports-3.2.1.jar;C:\Users\HP\.m2\repository\net\serenity-bdd\serenity-stats\3.2.1\serenity-stats-3.2.1.jar;C:\Users\HP\.m2\repository\net\serenity-bdd\serenity-reports-configuration\3.2.1\serenity-reports-configuration-3.2.1.jar;C:\Users\HP\.m2\repository\com\vladsch\flexmark\flexmark-all\0.34.30\flexmark-all-0.34.30.jar;C:\Users\HP\.m2\repository\com\vladsch\flexmark\flexmark\0.34.30\flexmark-0.34.30.jar;C:\Users\HP\.m2\repository\com\vladsch\flexmark\flexmark-ext-abbreviation\0.34.30\flexmark-ext-abbreviation-0.34.30.jar;C:\Users\HP\.m2\repository\com\vladsch\flexmark\flexmark-ext-admonition\0.34.30\flexmark-ext-admonition-0.34.30.jar;C:\Users\HP\.m2\repository\com\vladsch\flexmark\flexmark-ext-anchorlink\0.34.30\flexmark-ext-anchorlink-0.34.30.jar;C:\Users\HP\.m2\repository\com\vladsch\flexmark\flexmark-ext-aside\0.34.30\flexmark-ext-aside-0.34.30.jar;C:\Users\HP\.m2\repository\com\vladsch\flexmark\flexmark-ext-attributes\0.34.30\flexmark-ext-attributes-0.34.30.jar;C:\Users\HP\.m2\repository\com\vladsch\flexmark\flexmark-ext-autolink\0.34.30\flexmark-ext-autolink-0.34.30.jar;C:\Users\HP\.m2\repository\org\nibor\autolink\autolink\0.6.0\autolink-0.6.0.jar;C:\Users\HP\.m2\repository\com\vladsch\flexmark\flexmark-ext-definition\0.34.30\flexmark-ext-definition-0.34.30.jar;C:\Users\HP\.m2\repository\com\vladsch\flexmark\flexmark-ext-emoji\0.34.30\flexmark-ext-emoji-0.34.30.jar;C:\Users\HP\.m2\repository\com\vladsch\flexmark\flexmark-ext-enumerated-reference\0.34.30\flexmark-ext-enumerated-reference-0.34.30.jar;C:\Users\HP\.m2\repository\com\vladsch\flexmark\flexmark-ext-escaped-character\0.34.30\flexmark-ext-escaped-character-0.34.30.jar;C:\Users\HP\.m2\repository\com\vladsch\flexmark\flexmark-ext-footnotes\0.34.30\flexmark-ext-footnotes-0.34.30.jar;C:\Users\HP\.m2\repository\com\vladsch\flexmark\flexmark-ext-gfm-issues\0.34.30\flexmark-ext-gfm-issues-0.34.30.jar;C:\Users\HP\.m2\repository\com\vladsch\flexmark\flexmark-ext-gfm-strikethrough\0.34.30\flexmark-ext-gfm-strikethrough-0.34.30.jar;C:\Users\HP\.m2\repository\com\vladsch\flexmark\flexmark-ext-gfm-tables\0.34.30\flexmark-ext-gfm-tables-0.34.30.jar;C:\Users\HP\.m2\repository\com\vladsch\flexmark\flexmark-ext-gfm-tasklist\0.34.30\flexmark-ext-gfm-tasklist-0.34.30.jar;C:\Users\HP\.m2\repository\com\vladsch\flexmark\flexmark-ext-gfm-users\0.34.30\flexmark-ext-gfm-users-0.34.30.jar;C:\Users\HP\.m2\repository\com\vladsch\flexmark\flexmark-ext-gitlab\0.34.30\flexmark-ext-gitlab-0.34.30.jar;C:\Users\HP\.m2\repository\com\vladsch\flexmark\flexmark-ext-jekyll-front-matter\0.34.30\flexmark-ext-jekyll-front-matter-0.34.30.jar;C:\Users\HP\.m2\repository\com\vladsch\flexmark\flexmark-ext-jekyll-tag\0.34.30\flexmark-ext-jekyll-tag-0.34.30.jar;C:\Users\HP\.m2\repository\com\vladsch\flexmark\flexmark-ext-media-tags\0.34.30\flexmark-ext-media-tags-0.34.30.jar;C:\Users\HP\.m2\repository\com\vladsch\flexmark\flexmark-test-util\0.34.30\flexmark-test-util-0.34.30.jar;C:\Users\HP\.m2\repository\com\vladsch\flexmark\flexmark-ext-ins\0.34.30\flexmark-ext-ins-0.34.30.jar;C:\Users\HP\.m2\repository\com\vladsch\flexmark\flexmark-ext-xwiki-macros\0.34.30\flexmark-ext-xwiki-macros-0.34.30.jar;C:\Users\HP\.m2\repository\com\vladsch\flexmark\flexmark-ext-superscript\0.34.30\flexmark-ext-superscript-0.34.30.jar;C:\Users\HP\.m2\repository\com\vladsch\flexmark\flexmark-ext-tables\0.34.30\flexmark-ext-tables-0.34.30.jar;C:\Users\HP\.m2\repository\com\vladsch\flexmark\flexmark-ext-toc\0.34.30\flexmark-ext-toc-0.34.30.jar;C:\Users\HP\.m2\repository\com\vladsch\flexmark\flexmark-ext-typographic\0.34.30\flexmark-ext-typographic-0.34.30.jar;C:\Users\HP\.m2\repository\com\vladsch\flexmark\flexmark-ext-wikilink\0.34.30\flexmark-ext-wikilink-0.34.30.jar;C:\Users\HP\.m2\repository\com\vladsch\flexmark\flexmark-ext-yaml-front-matter\0.34.30\flexmark-ext-yaml-front-matter-0.34.30.jar;C:\Users\HP\.m2\repository\com\vladsch\flexmark\flexmark-ext-youtube-embedded\0.34.30\flexmark-ext-youtube-embedded-0.34.30.jar;C:\Users\HP\.m2\repository\com\vladsch\flexmark\flexmark-formatter\0.34.30\flexmark-formatter-0.34.30.jar;C:\Users\HP\.m2\repository\com\vladsch\flexmark\flexmark-html-parser\0.34.30\flexmark-html-parser-0.34.30.jar;C:\Users\HP\.m2\repository\com\vladsch\flexmark\flexmark-jira-converter\0.34.30\flexmark-jira-converter-0.34.30.jar;C:\Users\HP\.m2\repository\com\vladsch\flexmark\flexmark-pdf-converter\0.34.30\flexmark-pdf-converter-0.34.30.jar;C:\Users\HP\.m2\repository\com\openhtmltopdf\openhtmltopdf-core\0.0.1-RC13\openhtmltopdf-core-0.0.1-RC13.jar;C:\Users\HP\.m2\repository\com\openhtmltopdf\openhtmltopdf-pdfbox\0.0.1-RC13\openhtmltopdf-pdfbox-0.0.1-RC13.jar;C:\Users\HP\.m2\repository\org\apache\pdfbox\pdfbox\2.0.8\pdfbox-2.0.8.jar;C:\Users\HP\.m2\repository\org\apache\pdfbox\fontbox\2.0.8\fontbox-2.0.8.jar;C:\Users\HP\.m2\repository\commons-logging\commons-logging\1.2\commons-logging-1.2.jar;C:\Users\HP\.m2\repository\org\apache\pdfbox\xmpbox\2.0.8\xmpbox-2.0.8.jar;C:\Users\HP\.m2\repository\de\rototor\pdfbox\graphics2d\0.12\graphics2d-0.12.jar;C:\Users\HP\.m2\repository\com\openhtmltopdf\openhtmltopdf-rtl-support\0.0.1-RC13\openhtmltopdf-rtl-support-0.0.1-RC13.jar;C:\Users\HP\.m2\repository\com\ibm\icu\icu4j\59.1\icu4j-59.1.jar;C:\Users\HP\.m2\repository\com\openhtmltopdf\openhtmltopdf-jsoup-dom-converter\0.0.1-RC13\openhtmltopdf-jsoup-dom-converter-0.0.1-RC13.jar;C:\Users\HP\.m2\repository\com\vladsch\flexmark\flexmark-profile-pegdown\0.34.30\flexmark-profile-pegdown-0.34.30.jar;C:\Users\HP\.m2\repository\com\vladsch\flexmark\flexmark-util\0.34.30\flexmark-util-0.34.30.jar;C:\Users\HP\.m2\repository\com\vladsch\flexmark\flexmark-youtrack-converter\0.34.30\flexmark-youtrack-converter-0.34.30.jar;C:\Users\HP\.m2\repository\es\nitaur\markdown\txtmark\0.16\txtmark-0.16.jar;C:\Users\HP\.m2\repository\net\serenity-bdd\serenity-report-resources\3.2.1\serenity-report-resources-3.2.1.jar;C:\Users\HP\.m2\repository\com\google\code\gson\gson\2.9.0\gson-2.9.0.jar;C:\Users\HP\.m2\repository\com\fasterxml\jackson\core\jackson-core\2.13.2\jackson-core-2.13.2.jar;C:\Users\HP\.m2\repository\com\fasterxml\jackson\core\jackson-databind\2.13.2\jackson-databind-2.13.2.jar;C:\Users\HP\.m2\repository\com\fasterxml\jackson\core\jackson-annotations\2.13.2\jackson-annotations-2.13.2.jar;C:\Users\HP\.m2\repository\commons-codec\commons-codec\1.15\commons-codec-1.15.jar;C:\Users\HP\.m2\repository\commons-io\commons-io\2.11.0\commons-io-2.11.0.jar;C:\Users\HP\.m2\repository\org\seleniumhq\selenium\selenium-java\4.1.2\selenium-java-4.1.2.jar;C:\Users\HP\.m2\repository\org\seleniumhq\selenium\selenium-devtools-v85\4.1.2\selenium-devtools-v85-4.1.2.jar;C:\Users\HP\.m2\repository\org\seleniumhq\selenium\selenium-devtools-v95\4.1.2\selenium-devtools-v95-4.1.2.jar;C:\Users\HP\.m2\repository\org\seleniumhq\selenium\selenium-devtools-v96\4.1.2\selenium-devtools-v96-4.1.2.jar;C:\Users\HP\.m2\repository\org\seleniumhq\selenium\selenium-devtools-v97\4.1.2\selenium-devtools-v97-4.1.2.jar;C:\Users\HP\.m2\repository\org\seleniumhq\selenium\selenium-firefox-xpi-driver\4.1.2\selenium-firefox-xpi-driver-4.1.2.jar;C:\Users\HP\.m2\repository\org\seleniumhq\selenium\selenium-opera-driver\4.1.2\selenium-opera-driver-4.1.2.jar;C:\Users\HP\.m2\repository\org\seleniumhq\selenium\selenium-remote-driver\4.1.2\selenium-remote-driver-4.1.2.jar;C:\Users\HP\.m2\repository\com\beust\jcommander\1.82\jcommander-1.82.jar;C:\Users\HP\.m2\repository\io\netty\netty-buffer\4.1.73.Final\netty-buffer-4.1.73.Final.jar;C:\Users\HP\.m2\repository\io\netty\netty-codec-http\4.1.73.Final\netty-codec-http-4.1.73.Final.jar;C:\Users\HP\.m2\repository\io\netty\netty-codec\4.1.73.Final\netty-codec-4.1.73.Final.jar;C:\Users\HP\.m2\repository\io\netty\netty-handler\4.1.73.Final\netty-handler-4.1.73.Final.jar;C:\Users\HP\.m2\repository\io\netty\netty-tcnative-classes\2.0.46.Final\netty-tcnative-classes-2.0.46.Final.jar;C:\Users\HP\.m2\repository\io\netty\netty-common\4.1.73.Final\netty-common-4.1.73.Final.jar;C:\Users\HP\.m2\repository\io\netty\netty-transport-classes-epoll\4.1.73.Final\netty-transport-classes-epoll-4.1.73.Final.jar;C:\Users\HP\.m2\repository\io\netty\netty-transport-classes-kqueue\4.1.73.Final\netty-transport-classes-kqueue-4.1.73.Final.jar;C:\Users\HP\.m2\repository\io\netty\netty-transport-native-epoll\4.1.73.Final\netty-transport-native-epoll-4.1.73.Final.jar;C:\Users\HP\.m2\repository\io\netty\netty-transport-native-kqueue\4.1.73.Final\netty-transport-native-kqueue-4.1.73.Final.jar;C:\Users\HP\.m2\repository\io\netty\netty-transport-native-unix-common\4.1.73.Final\netty-transport-native-unix-common-4.1.73.Final.jar;C:\Users\HP\.m2\repository\io\netty\netty-transport\4.1.73.Final\netty-transport-4.1.73.Final.jar;C:\Users\HP\.m2\repository\io\netty\netty-resolver\4.1.73.Final\netty-resolver-4.1.73.Final.jar;C:\Users\HP\.m2\repository\io\opentelemetry\opentelemetry-api\1.10.1\opentelemetry-api-1.10.1.jar;C:\Users\HP\.m2\repository\io\opentelemetry\opentelemetry-context\1.10.1\opentelemetry-context-1.10.1.jar;C:\Users\HP\.m2\repository\io\opentelemetry\opentelemetry-exporter-logging\1.10.1\opentelemetry-exporter-logging-1.10.1.jar;C:\Users\HP\.m2\repository\io\opentelemetry\opentelemetry-sdk-metrics\1.10.1-alpha\opentelemetry-sdk-metrics-1.10.1-alpha.jar;C:\Users\HP\.m2\repository\io\opentelemetry\opentelemetry-sdk-logs\1.10.1-alpha\opentelemetry-sdk-logs-1.10.1-alpha.jar;C:\Users\HP\.m2\repository\io\opentelemetry\opentelemetry-sdk-common\1.10.1\opentelemetry-sdk-common-1.10.1.jar;C:\Users\HP\.m2\repository\io\opentelemetry\opentelemetry-sdk-extension-autoconfigure-spi\1.10.1\opentelemetry-sdk-extension-autoconfigure-spi-1.10.1.jar;C:\Users\HP\.m2\repository\io\opentelemetry\opentelemetry-sdk-extension-autoconfigure\1.10.1-alpha\opentelemetry-sdk-extension-autoconfigure-1.10.1-alpha.jar;C:\Users\HP\.m2\repository\io\opentelemetry\opentelemetry-sdk-trace\1.10.1\opentelemetry-sdk-trace-1.10.1.jar;C:\Users\HP\.m2\repository\io\opentelemetry\opentelemetry-sdk\1.10.1\opentelemetry-sdk-1.10.1.jar;C:\Users\HP\.m2\repository\io\opentelemetry\opentelemetry-semconv\1.10.1-alpha\opentelemetry-semconv-1.10.1-alpha.jar;C:\Users\HP\.m2\repository\io\ous\jtoml\2.0.0\jtoml-2.0.0.jar;C:\Users\HP\.m2\repository\org\apache\commons\commons-exec\1.3\commons-exec-1.3.jar;C:\Users\HP\.m2\repository\org\asynchttpclient\async-http-client\2.12.3\async-http-client-2.12.3.jar;C:\Users\HP\.m2\repository\org\asynchttpclient\async-http-client-netty-utils\2.12.3\async-http-client-netty-utils-2.12.3.jar;C:\Users\HP\.m2\repository\io\netty\netty-codec-socks\4.1.60.Final\netty-codec-socks-4.1.60.Final.jar;C:\Users\HP\.m2\repository\io\netty\netty-handler-proxy\4.1.60.Final\netty-handler-proxy-4.1.60.Final.jar;C:\Users\HP\.m2\repository\io\netty\netty-transport-native-epoll\4.1.60.Final\netty-transport-native-epoll-4.1.60.Final-linux-x86_64.jar;C:\Users\HP\.m2\repository\io\netty\netty-transport-native-kqueue\4.1.60.Final\netty-transport-native-kqueue-4.1.60.Final-osx-x86_64.jar;C:\Users\HP\.m2\repository\org\reactivestreams\reactive-streams\1.0.3\reactive-streams-1.0.3.jar;C:\Users\HP\.m2\repository\com\typesafe\netty\netty-reactive-streams\2.0.4\netty-reactive-streams-2.0.4.jar;C:\Users\HP\.m2\repository\org\seleniumhq\selenium\selenium-http\4.1.2\selenium-http-4.1.2.jar;C:\Users\HP\.m2\repository\net\jodah\failsafe\2.4.4\failsafe-2.4.4.jar;C:\Users\HP\.m2\repository\org\seleniumhq\selenium\selenium-safari-driver\4.1.2\selenium-safari-driver-4.1.2.jar;C:\Users\HP\.m2\repository\org\seleniumhq\selenium\selenium-api\4.1.2\selenium-api-4.1.2.jar;C:\Users\HP\.m2\repository\org\seleniumhq\selenium\selenium-support\4.1.2\selenium-support-4.1.2.jar;C:\Users\HP\.m2\repository\com\google\auto\service\auto-service-annotations\1.0.1\auto-service-annotations-1.0.1.jar;C:\Users\HP\.m2\repository\com\google\auto\service\auto-service\1.0.1\auto-service-1.0.1.jar;C:\Users\HP\.m2\repository\com\google\auto\auto-common\1.2\auto-common-1.2.jar;C:\Users\HP\.m2\repository\org\seleniumhq\selenium\selenium-json\4.1.2\selenium-json-4.1.2.jar;C:\Users\HP\.m2\repository\org\seleniumhq\selenium\selenium-chrome-driver\4.1.2\selenium-chrome-driver-4.1.2.jar;C:\Users\HP\.m2\repository\org\seleniumhq\selenium\selenium-chromium-driver\4.1.2\selenium-chromium-driver-4.1.2.jar;C:\Users\HP\.m2\repository\org\seleniumhq\selenium\selenium-firefox-driver\4.1.2\selenium-firefox-driver-4.1.2.jar;C:\Users\HP\.m2\repository\org\seleniumhq\selenium\selenium-edge-driver\4.1.2\selenium-edge-driver-4.1.2.jar;C:\Users\HP\.m2\repository\org\seleniumhq\selenium\selenium-ie-driver\4.1.2\selenium-ie-driver-4.1.2.jar;C:\Users\HP\.m2\repository\org\projectlombok\lombok\1.18.20\lombok-1.18.20.jar;C:\Users\HP\.m2\repository\io\appium\java-client\8.0.0\java-client-8.0.0.jar;C:\Users\HP\.m2\repository\commons-validator\commons-validator\1.7\commons-validator-1.7.jar;C:\Users\HP\.m2\repository\commons-digester\commons-digester\2.1\commons-digester-2.1.jar;C:\Users\HP\.m2\repository\org\aspectj\aspectjweaver\1.9.8\aspectjweaver-1.9.8.jar;C:\Users\HP\.m2\repository\org\codehaus\groovy\groovy\3.0.10\groovy-3.0.10.jar;C:\Users\HP\.m2\repository\net\sf\opencsv\opencsv\2.0\opencsv-2.0.jar;C:\Users\HP\.m2\repository\commons-beanutils\commons-beanutils\1.9.4\commons-beanutils-1.9.4.jar;C:\Users\HP\.m2\repository\org\apache\commons\commons-lang3\3.12.0\commons-lang3-3.12.0.jar;C:\Users\HP\.m2\repository\commons-collections\commons-collections\3.2.2\commons-collections-3.2.2.jar;C:\Users\HP\.m2\repository\org\fluentlenium\fluentlenium-core\0.10.2\fluentlenium-core-0.10.2.jar;C:\Users\HP\.m2\repository\io\github\bonigarcia\webdrivermanager\5.1.0\webdrivermanager-5.1.0.jar;C:\Users\HP\.m2\repository\com\github\docker-java\docker-java\3.2.13\docker-java-3.2.13.jar;C:\Users\HP\.m2\repository\com\github\docker-java\docker-java-core\3.2.13\docker-java-core-3.2.13.jar;C:\Users\HP\.m2\repository\com\github\docker-java\docker-java-api\3.2.13\docker-java-api-3.2.13.jar;C:\Users\HP\.m2\repository\org\apache\commons\commons-compress\1.21\commons-compress-1.21.jar;C:\Users\HP\.m2\repository\org\bouncycastle\bcpkix-jdk15on\1.64\bcpkix-jdk15on-1.64.jar;C:\Users\HP\.m2\repository\org\bouncycastle\bcprov-jdk15on\1.64\bcprov-jdk15on-1.64.jar;C:\Users\HP\.m2\repository\org\slf4j\jcl-over-slf4j\1.7.30\jcl-over-slf4j-1.7.30.jar;C:\Users\HP\.m2\repository\com\github\docker-java\docker-java-transport-httpclient5\3.2.13\docker-java-transport-httpclient5-3.2.13.jar;C:\Users\HP\.m2\repository\com\github\docker-java\docker-java-transport\3.2.13\docker-java-transport-3.2.13.jar;C:\Users\HP\.m2\repository\org\apache\httpcomponents\client5\httpclient5\5.0.3\httpclient5-5.0.3.jar;C:\Users\HP\.m2\repository\org\apache\httpcomponents\core5\httpcore5\5.0.2\httpcore5-5.0.2.jar;C:\Users\HP\.m2\repository\net\java\dev\jna\jna\5.8.0\jna-5.8.0.jar;C:\Users\HP\.m2\repository\org\brotli\dec\0.1.2\dec-0.1.2.jar;C:\Users\HP\.m2\repository\com\jhlabs\filters\2.0.235\filters-2.0.235.jar;C:\Users\HP\.m2\repository\com\paulhammant\ngwebdriver\1.1.6\ngwebdriver-1.1.6.jar;C:\Users\HP\.m2\repository\joda-time\joda-time\2.8.2\joda-time-2.8.2.jar;C:\Users\HP\.m2\repository\org\hamcrest\hamcrest\2.2\hamcrest-2.2.jar;C:\Users\HP\.m2\repository\com\google\jimfs\jimfs\1.2\jimfs-1.2.jar;C:\Users\HP\.m2\repository\org\mockito\mockito-core\3.3.3\mockito-core-3.3.3.jar;C:\Users\HP\.m2\repository\javax\xml\bind\jaxb-api\2.3.1\jaxb-api-2.3.1.jar;C:\Users\HP\.m2\repository\javax\activation\javax.activation-api\1.2.0\javax.activation-api-1.2.0.jar;C:\Users\HP\.m2\repository\com\sun\xml\bind\jaxb-core\2.3.0.1\jaxb-core-2.3.0.1.jar;C:\Users\HP\.m2\repository\com\sun\xml\bind\jaxb-impl\2.3.3\jaxb-impl-2.3.3.jar;C:\Users\HP\.m2\repository\jakarta\xml\bind\jakarta.xml.bind-api\2.3.3\jakarta.xml.bind-api-2.3.3.jar;C:\Users\HP\.m2\repository\com\sun\activation\jakarta.activation\1.2.2\jakarta.activation-1.2.2.jar;C:\Users\HP\.m2\repository\javax\activation\activation\1.1.1\activation-1.1.1.jar;C:\Users\HP\.m2\repository\net\serenity-bdd\serenity-cucumber\3.2.1\serenity-cucumber-3.2.1.jar;C:\Users\HP\.m2\repository\io\cucumber\cucumber-core\7.2.3\cucumber-core-7.2.3.jar;C:\Users\HP\.m2\repository\io\cucumber\cucumber-gherkin\7.2.3\cucumber-gherkin-7.2.3.jar;C:\Users\HP\.m2\repository\io\cucumber\cucumber-gherkin-messages\7.2.3\cucumber-gherkin-messages-7.2.3.jar;C:\Users\HP\.m2\repository\io\cucumber\messages\17.1.1\messages-17.1.1.jar;C:\Users\HP\.m2\repository\io\cucumber\tag-expressions\4.1.0\tag-expressions-4.1.0.jar;C:\Users\HP\.m2\repository\io\cucumber\cucumber-expressions\15.0.1\cucumber-expressions-15.0.1.jar;C:\Users\HP\.m2\repository\io\cucumber\datatable\7.2.3\datatable-7.2.3.jar;C:\Users\HP\.m2\repository\io\cucumber\cucumber-plugin\7.2.3\cucumber-plugin-7.2.3.jar;C:\Users\HP\.m2\repository\io\cucumber\docstring\7.2.3\docstring-7.2.3.jar;C:\Users\HP\.m2\repository\io\cucumber\html-formatter\17.0.0\html-formatter-17.0.0.jar;C:\Users\HP\.m2\repository\io\cucumber\ci-environment\8.1.0\ci-environment-8.1.0.jar;C:\Users\HP\.m2\repository\io\cucumber\cucumber-junit\7.2.3\cucumber-junit-7.2.3.jar;C:\Users\HP\.m2\repository\org\apache\commons\commons-csv\1.5\commons-csv-1.5.jar;C:\Users\HP\.m2\repository\net\serenity-bdd\serenity-screenplay\3.2.1\serenity-screenplay-3.2.1.jar;C:\Users\HP\.m2\repository\net\serenity-bdd\serenity-screenplay-webdriver\3.2.1\serenity-screenplay-webdriver-3.2.1.jar;C:\Users\HP\.m2\repository\net\serenity-bdd\serenity-ensure\3.2.1\serenity-ensure-3.2.1.jar;C:\Users\HP\.m2\repository\net\serenity-bdd\serenity-junit\3.2.1\serenity-junit-3.2.1.jar;C:\Users\HP\.m2\repository\org\jetbrains\kotlin\kotlin-stdlib\1.6.0\kotlin-stdlib-1.6.0.jar;C:\Users\HP\.m2\repository\org\jetbrains\annotations\13.0\annotations-13.0.jar;C:\Users\HP\.m2\repository\org\jetbrains\kotlin\kotlin-stdlib-common\1.6.0\kotlin-stdlib-common-1.6.0.jar;C:\Users\HP\.m2\repository\org\junit\platform\junit-platform-launcher\1.8.1\junit-platform-launcher-1.8.1.jar;C:\Users\HP\.m2\repository\org\junit\platform\junit-platform-engine\1.8.1\junit-platform-engine-1.8.1.jar;C:\Users\HP\.m2\repository\org\opentest4j\opentest4j\1.2.0\opentest4j-1.2.0.jar;C:\Users\HP\.m2\repository\org\junit\platform\junit-platform-commons\1.8.1\junit-platform-commons-1.8.1.jar;C:\Users\HP\.m2\repository\org\apiguardian\apiguardian-api\1.1.2\apiguardian-api-1.1.2.jar;C:\Users\HP\.m2\repository\org\junit\jupiter\junit-jupiter-engine\5.8.2\junit-jupiter-engine-5.8.2.jar;C:\Users\HP\.m2\repository\org\junit\jupiter\junit-jupiter-api\5.8.2\junit-jupiter-api-5.8.2.jar;C:\Users\HP\.m2\repository\org\junit\vintage\junit-vintage-engine\5.8.2\junit-vintage-engine-5.8.2.jar;C:\Users\HP\.m2\repository\junit\junit\4.13.2\junit-4.13.2.jar;C:\Users\HP\.m2\repository\org\hamcrest\hamcrest-core\1.3\hamcrest-core-1.3.jar;C:\Users\HP\.m2\repository\ch\qos\logback\logback-classic\1.2.10\logback-classic-1.2.10.jar;C:\Users\HP\.m2\repository\ch\qos\logback\logback-core\1.2.10\logback-core-1.2.10.jar;C:\Users\HP\.m2\repository\org\slf4j\slf4j-api\1.7.32\slf4j-api-1.7.32.jar;C:\Users\HP\.m2\repository\org\assertj\assertj-core\3.6.2\assertj-core-3.6.2.jar;C:\Users\HP\.m2\repository\org\apache\maven\surefire\surefire-junit-platform\3.0.0-M5\surefire-junit-platform-3.0.0-M5.jar;C:\Users\HP\.m2\repository\org\apache\maven\surefire\common-java5\3.0.0-M5\common-java5-3.0.0-M5.jar"/>
    <property name="user.script" value=""/>
    <property name="java.protocol.handler.pkgs" value="com.google.common"/>
    <property name="sun.management.compiler" value="HotSpot 64-Bit Tiered Compilers"/>
    <property name="java.runtime.version" value="15.0.2+7-27"/>
    <property name="user.name" value="HP"/>
    <property name="path.separator" value=";"/>
    <property name="os.version" value="10.0"/>
    <property name="java.runtime.name" value="Java(TM) SE Runtime Environment"/>
    <property name="file.encoding" value="Cp1252"/>
    <property name="webdriver.base.url" value=""/>
    <property name="java.vm.name" value="Java HotSpot(TM) 64-Bit Server VM"/>
    <property name="localRepository" value="C:\Users\HP\.m2\repository"/>
    <property name="java.vendor.url.bug" value="https://bugreport.java.com/bugreport/"/>
    <property name="java.io.tmpdir" value="C:\Users\HP\AppData\Local\Temp\"/>
    <property name="java.version" value="15.0.2"/>
    <property name="user.dir" value="E:\Learn\ProjectTestWeb"/>
    <property name="os.arch" value="amd64"/>
    <property name="java.vm.specification.name" value="Java Virtual Machine Specification"/>
    <property name="sun.os.patch.level" value=""/>
    <property name="java.library.path" value="E:\jdk 15\bin;C:\WINDOWS\Sun\Java\bin;C:\WINDOWS\system32;C:\WINDOWS;C:\Program Files\Common Files\Oracle\Java\javapath;C:\ProgramData\Oracle\Java\javapath;E:\oracle\database\app\oracle\product\11.2.0\server\bin;C:\Program Files (x86)\Intel\iCLS Client\;C:\Program Files\Intel\iCLS Client\;C:\windows\system32;C:\windows;C:\windows\System32\Wbem;C:\windows\System32\WindowsPowerShell\v1.0\;C:\Program Files (x86)\NVIDIA Corporation\PhysX\Common;C:\WINDOWS\system32;C:\WINDOWS;C:\WINDOWS\System32\Wbem;C:\WINDOWS\System32\WindowsPowerShell\v1.0\;C:\Program Files (x86)\Intel\Intel(R) Management Engine Components\DAL;C:\Program Files\Intel\Intel(R) Management Engine Components\DAL;C:\Program Files (x86)\Intel\Intel(R) Management Engine Components\IPT;C:\Program Files\Intel\Intel(R) Management Engine Components\IPT;C:\WINDOWS\System32\OpenSSH\;C:\Program Files\nodejs\;C:\Program Files\Git\cmd;C:\Users\HP\AppData\Local\Android\Sdk\bin;%JAVA_HOME%\bin;C:\Users\HP\AppData\Local\Microsoft\WindowsApps;C:\Users\HP\AppData\Roaming\npm;C:\Users\HP\AppData\Local\Programs\Microsoft VS Code\bin;C:\Program Files\apache-maven-3.8.5\bin;E:\texlive\2022\bin\win32;E:\jdk 15\bin;C:\Users\HP\AppData\Local\Android\Sdk\bin;;."/>
    <property name="java.vm.info" value="mixed mode"/>
    <property name="java.vendor" value="Oracle Corporation"/>
    <property name="java.vm.version" value="15.0.2+7-27"/>
    <property name="sun.io.unicode.encoding" value="UnicodeLittle"/>
    <property name="java.class.version" value="59.0"/>
  </properties>
  <testcase name="Add and remove product #1" classname="Cart" time="16.849">
    <system-out><![CDATA[17:53:55.024 [main] INFO io.cucumber.core.plugin.SerenityReporter - Running feature from file:///E:/Learn/ProjectTestWeb/src/test/resources/features/Cart.feature
17:53:55.192 [main] INFO  - 

-------------------------------------------------------------------------------------
     _______. _______ .______       _______ .__   __.  __  .___________.____    ____ 
    /       ||   ____||   _  \     |   ____||  \ |  | |  | |           |\   \  /   / 
   |   (----`|  |__   |  |_)  |    |  |__   |   \|  | |  | `---|  |----` \   \/   /  
    \   \    |   __|  |      /     |   __|  |  . `  | |  |     |  |       \_    _/   
.----)   |   |  |____ |  |\  \----.|  |____ |  |\   | |  |     |  |         |  |     
|_______/    |_______|| _| `._____||_______||__| \__| |__|     |__|         |__|    
                                                                                     
 News and tutorials at http://www.serenity-bdd.info                                  
 Documentation at https://wakaleo.gitbooks.io/the-serenity-book/content/             
 Join the Serenity Community on Gitter: https://gitter.im/serenity-bdd/serenity-core 
 Serenity BDD Support and Training at http://serenity-bdd.info/#/trainingandsupport  
-------------------------------------------------------------------------------------

17:53:55.195 [main] DEBUG net.thucydides.core.steps.StepEventBus - Test suite started for story net.thucydides.core.model.Story@db962328
17:53:55.206 [main] INFO  - Test Suite Started: Cart
17:53:55.218 [main] INFO io.cucumber.core.plugin.SerenityReporter - Running feature from file:///E:/Learn/ProjectTestWeb/src/test/resources/features/Detail.feature
17:53:55.224 [main] DEBUG net.thucydides.core.steps.StepEventBus - Test suite started for story net.thucydides.core.model.Story@8bb18048
17:53:55.225 [main] INFO  - Test Suite Started: Detail
17:53:55.225 [main] INFO io.cucumber.core.plugin.SerenityReporter - Running feature from file:///E:/Learn/ProjectTestWeb/src/test/resources/features/Login.feature
17:53:55.233 [main] DEBUG net.thucydides.core.steps.StepEventBus - Test suite started for story net.thucydides.core.model.Story@23282f08
17:53:55.234 [main] INFO  - Test Suite Started: Login
17:53:55.234 [main] INFO io.cucumber.core.plugin.SerenityReporter - Running feature from file:///E:/Learn/ProjectTestWeb/src/test/resources/features/Logout.feature
17:53:55.239 [main] DEBUG net.thucydides.core.steps.StepEventBus - Test suite started for story net.thucydides.core.model.Story@7960de68
17:53:55.240 [main] INFO  - Test Suite Started: Logout
17:53:55.240 [main] INFO io.cucumber.core.plugin.SerenityReporter - Running feature from file:///E:/Learn/ProjectTestWeb/src/test/resources/features/Order.feature
17:53:55.245 [main] DEBUG net.thucydides.core.steps.StepEventBus - Test suite started for story net.thucydides.core.model.Story@cc4b76a8
17:53:55.245 [main] INFO  - Test Suite Started: Order
17:53:55.245 [main] INFO io.cucumber.core.plugin.SerenityReporter - Running feature from file:///E:/Learn/ProjectTestWeb/src/test/resources/features/Register.feature
17:53:55.250 [main] DEBUG net.thucydides.core.steps.StepEventBus - Test suite started for story net.thucydides.core.model.Story@30e75088
17:53:55.250 [main] INFO  - Test Suite Started: Register
17:53:55.251 [main] INFO io.cucumber.core.plugin.SerenityReporter - Running feature from file:///E:/Learn/ProjectTestWeb/src/test/resources/features/Cart.feature
17:53:55.255 [main] DEBUG net.thucydides.core.steps.StepEventBus - Test suite started for story net.thucydides.core.model.Story@db962328
17:53:55.256 [main] INFO  - Test Suite Started: Cart

Scenario Outline: Add and remove product &amp#27;[90m# src/test/resources/features/Cart.feature:11&amp#27;[0m
17:53:55.349 [main] INFO io.cucumber.core.plugin.SerenityReporter - Running feature from file:///E:/Learn/ProjectTestWeb/src/test/resources/features/Cart.feature
17:53:55.442 [main] INFO  - 
  _____   ___   ___   _____     ___   _____     _     ___   _____   ___   ___  
 |_   _| | __| / __| |_   _|   / __| |_   _|   /_\   | _ \ |_   _| | __| |   \ 
   | |   | _|  \__ \   | |     \__ \   | |    / _ \  |   /   | |   | _|  | |) |
   |_|   |___| |___/   |_|     |___/   |_|   /_/ \_\ |_|_\   |_|   |___| |___/ 

Add and remove product(cart;add-and-remove-product)
--------------------------------------------------------------------------------
17:53:56.171 [main] INFO net.serenitybdd.core.webdriver.driverproviders.ChromeDriverProvider - Using automatically driver download
17:53:56.920 [main] DEBUG io.github.bonigarcia.wdm.cache.ResolutionCache - Resolution chrome=101 in cache (valid until 18:23:13 17/05/2022 ICT)
17:53:56.927 [main] DEBUG io.github.bonigarcia.wdm.cache.ResolutionCache - Resolution chrome101=101.0.4951.41 in cache (valid until 17:23:13 18/05/2022 ICT)
17:53:56.931 [main] INFO io.github.bonigarcia.wdm.WebDriverManager - Using chromedriver 101.0.4951.41 (resolved driver for Chrome 101)
17:53:56.952 [main] DEBUG io.github.bonigarcia.wdm.WebDriverManager - Driver chromedriver 101.0.4951.41 found in cache
17:53:56.953 [main] INFO io.github.bonigarcia.wdm.WebDriverManager - Exporting webdriver.chrome.driver as C:\Users\HP\.cache\selenium\chromedriver\win32\101.0.4951.41\chromedriver.exe
17:53:57.939 [main] DEBUG net.thucydides.core.reflection.ClassFinder - Could not load class .CucumberTestSuite
17:53:57.939 [main] DEBUG net.thucydides.core.reflection.ClassFinder - Could not load class .Utils.General
17:53:57.939 [main] DEBUG net.thucydides.core.reflection.ClassFinder - Could not load class .starter.pages.CartPage
17:53:57.939 [main] DEBUG net.thucydides.core.reflection.ClassFinder - Could not load class .starter.pages.DetailPage
17:53:57.939 [main] DEBUG net.thucydides.core.reflection.ClassFinder - Could not load class .starter.pages.HomePage
17:53:57.939 [main] DEBUG net.thucydides.core.reflection.ClassFinder - Could not load class .starter.pages.LoginPage
17:53:57.940 [main] DEBUG net.thucydides.core.reflection.ClassFinder - Could not load class .starter.pages.OrderPage
17:53:57.940 [main] DEBUG net.thucydides.core.reflection.ClassFinder - Could not load class .starter.pages.RegisterPage
17:53:57.940 [main] DEBUG net.thucydides.core.reflection.ClassFinder - Could not load class .starter.stepdefinitions.CartSteps
17:53:57.940 [main] DEBUG net.thucydides.core.reflection.ClassFinder - Could not load class .starter.stepdefinitions.DetailSteps
17:53:57.940 [main] DEBUG net.thucydides.core.reflection.ClassFinder - Could not load class .starter.stepdefinitions.LoginSteps
17:53:57.940 [main] DEBUG net.thucydides.core.reflection.ClassFinder - Could not load class .starter.stepdefinitions.LogoutSteps
17:53:57.941 [main] DEBUG net.thucydides.core.reflection.ClassFinder - Could not load class .starter.stepdefinitions.OrderSteps
17:53:57.941 [main] DEBUG net.thucydides.core.reflection.ClassFinder - Could not load class .starter.stepdefinitions.RegisterSteps
17:53:57.941 [main] DEBUG net.thucydides.core.reflection.ClassFinder - Could not load class META-INF.versions.9.com.sun.istack.logging.StackHelper
17:53:57.942 [main] DEBUG net.thucydides.core.reflection.ClassFinder - Could not load class META-INF.versions.9.com.sun.xml.bind.v2.runtime.reflect.opt.AccessorInjector
17:53:57.942 [main] DEBUG net.thucydides.core.reflection.ClassFinder - Could not load class META-INF.versions.9.com.sun.xml.bind.v2.runtime.reflect.opt.Injector
17:53:57.943 [main] DEBUG net.thucydides.core.reflection.ClassFinder - Could not load class META-INF.versions.9.com.sun.xml.bind.v2.runtime.reflect.opt.OptimizedAccessorFactory
17:53:57.943 [main] DEBUG net.thucydides.core.reflection.ClassFinder - Could not load class META-INF.versions.9.com.sun.xml.bind.v2.runtime.reflect.opt.OptimizedTransducedAccessorFactory
17:53:57.943 [main] DEBUG net.thucydides.core.reflection.ClassFinder - Could not load class META-INF.versions.9.io.opentelemetry.sdk.internal.CurrentJavaVersionSpecific
17:53:57.944 [main] DEBUG net.thucydides.core.reflection.ClassFinder - Could not load class META-INF.versions.9.io.opentelemetry.sdk.internal.Java9VersionSpecific
17:53:57.944 [main] DEBUG net.thucydides.core.reflection.ClassFinder - Could not load class META-INF.versions.9.javax.xml.bind.ModuleUtil
17:53:57.944 [main] DEBUG net.thucydides.core.reflection.ClassFinder - Could not load class META-INF.versions.9.module-info
17:53:57.945 [main] DEBUG net.thucydides.core.reflection.ClassFinder - Could not load class META-INF.versions.9.org.junit.platform.commons.util.ModuleUtils
17:53:58.246 [main] DEBUG net.thucydides.core.reflection.ClassFinder - Could not load class com.google.gson.internal.
17:53:58.377 [main] DEBUG net.thucydides.core.reflection.ClassFinder - Could not load class com.sun.xml.bind.v2.runtime.output.FastInfosetStreamWriterOutput
17:53:58.737 [main] DEBUG net.thucydides.core.reflection.ClassFinder - Could not load class module-info
17:54:01.364 [main] DEBUG io.netty.util.internal.logging.InternalLoggerFactory - Using SLF4J as the default logging framework
17:54:01.366 [main] DEBUG io.netty.util.ResourceLeakDetector - -Dio.netty.leakDetection.level: simple
17:54:01.367 [main] DEBUG io.netty.util.ResourceLeakDetector - -Dio.netty.leakDetection.targetRecords: 4
17:54:01.370 [main] DEBUG io.netty.util.ResourceLeakDetectorFactory - Loaded default ResourceLeakDetector: io.netty.util.ResourceLeakDetector@4ab4b4cd
17:54:01.389 [main] DEBUG io.netty.util.internal.PlatformDependent0 - -Dio.netty.noUnsafe: false
17:54:01.389 [main] DEBUG io.netty.util.internal.PlatformDependent0 - Java version: 15
17:54:01.391 [main] DEBUG io.netty.util.internal.PlatformDependent0 - sun.misc.Unsafe.theUnsafe: available
17:54:01.391 [main] DEBUG io.netty.util.internal.PlatformDependent0 - sun.misc.Unsafe.copyMemory: available
17:54:01.392 [main] DEBUG io.netty.util.internal.PlatformDependent0 - java.nio.Buffer.address: available
17:54:01.392 [main] DEBUG io.netty.util.internal.PlatformDependent0 - direct buffer constructor: unavailable: Reflective setAccessible(true) disabled
17:54:01.393 [main] DEBUG io.netty.util.internal.PlatformDependent0 - java.nio.Bits.unaligned: available, true
17:54:01.394 [main] DEBUG io.netty.util.internal.PlatformDependent0 - jdk.internal.misc.Unsafe.allocateUninitializedArray(int): unavailable: class io.netty.util.internal.PlatformDependent0$6 cannot access class jdk.internal.misc.Unsafe (in module java.base) because module java.base does not export jdk.internal.misc to unnamed module @3e587920
17:54:01.396 [main] DEBUG io.netty.util.internal.PlatformDependent0 - java.nio.DirectByteBuffer.<init>(long, int): unavailable
17:54:01.396 [main] DEBUG io.netty.util.internal.PlatformDependent - sun.misc.Unsafe: available
17:54:01.397 [main] DEBUG io.netty.util.internal.PlatformDependent - maxDirectMemory: 3191865344 bytes (maybe)
17:54:01.398 [main] DEBUG io.netty.util.internal.PlatformDependent - -Dio.netty.tmpdir: C:\Users\HP\AppData\Local\Temp (java.io.tmpdir)
17:54:01.398 [main] DEBUG io.netty.util.internal.PlatformDependent - -Dio.netty.bitMode: 64 (sun.arch.data.model)
17:54:01.398 [main] DEBUG io.netty.util.internal.PlatformDependent - Platform: Windows
17:54:01.399 [main] DEBUG io.netty.util.internal.PlatformDependent - -Dio.netty.maxDirectMemory: -1 bytes
17:54:01.399 [main] DEBUG io.netty.util.internal.PlatformDependent - -Dio.netty.uninitializedArrayAllocationThreshold: -1
17:54:01.400 [main] DEBUG io.netty.util.internal.CleanerJava9 - java.nio.ByteBuffer.cleaner(): available
17:54:01.400 [main] DEBUG io.netty.util.internal.PlatformDependent - -Dio.netty.noPreferDirect: false
17:54:01.409 [main] DEBUG io.netty.util.internal.PlatformDependent - org.jctools-core.MpscChunkedArrayQueue: available
17:54:01.427 [main] DEBUG io.netty.util.internal.InternalThreadLocalMap - -Dio.netty.threadLocalMap.stringBuilder.initialSize: 1024
17:54:01.427 [main] DEBUG io.netty.util.internal.InternalThreadLocalMap - -Dio.netty.threadLocalMap.stringBuilder.maxSize: 4096
17:54:01.475 [main] DEBUG io.netty.handler.ssl.JdkSslContext - Default protocols (JDK): [TLSv1.3, TLSv1.2, TLSv1.1, TLSv1] 
17:54:01.475 [main] DEBUG io.netty.handler.ssl.JdkSslContext - Default cipher suites (JDK): [TLS_ECDHE_ECDSA_WITH_AES_256_GCM_SHA384, TLS_ECDHE_ECDSA_WITH_AES_128_GCM_SHA256, TLS_ECDHE_RSA_WITH_AES_128_GCM_SHA256, TLS_ECDHE_RSA_WITH_AES_256_GCM_SHA384, TLS_ECDHE_RSA_WITH_AES_128_CBC_SHA, TLS_ECDHE_RSA_WITH_AES_256_CBC_SHA, TLS_RSA_WITH_AES_128_GCM_SHA256, TLS_RSA_WITH_AES_128_CBC_SHA, TLS_RSA_WITH_AES_256_CBC_SHA, TLS_AES_128_GCM_SHA256, TLS_AES_256_GCM_SHA384]
17:54:01.500 [main] DEBUG io.netty.channel.MultithreadEventLoopGroup - -Dio.netty.eventLoopThreads: 16
17:54:01.510 [main] DEBUG io.netty.channel.nio.NioEventLoop - -Dio.netty.noKeySetOptimization: false
17:54:01.510 [main] DEBUG io.netty.channel.nio.NioEventLoop - -Dio.netty.selectorAutoRebuildThreshold: 512
17:54:01.608 [main] DEBUG io.netty.buffer.PooledByteBufAllocator - -Dio.netty.allocator.numHeapArenas: 16
17:54:01.608 [main] DEBUG io.netty.buffer.PooledByteBufAllocator - -Dio.netty.allocator.numDirectArenas: 16
17:54:01.608 [main] DEBUG io.netty.buffer.PooledByteBufAllocator - -Dio.netty.allocator.pageSize: 8192
17:54:01.608 [main] DEBUG io.netty.buffer.PooledByteBufAllocator - -Dio.netty.allocator.maxOrder: 11
17:54:01.608 [main] DEBUG io.netty.buffer.PooledByteBufAllocator - -Dio.netty.allocator.chunkSize: 16777216
17:54:01.609 [main] DEBUG io.netty.buffer.PooledByteBufAllocator - -Dio.netty.allocator.smallCacheSize: 256
17:54:01.609 [main] DEBUG io.netty.buffer.PooledByteBufAllocator - -Dio.netty.allocator.normalCacheSize: 64
17:54:01.609 [main] DEBUG io.netty.buffer.PooledByteBufAllocator - -Dio.netty.allocator.maxCachedBufferCapacity: 32768
17:54:01.609 [main] DEBUG io.netty.buffer.PooledByteBufAllocator - -Dio.netty.allocator.cacheTrimInterval: 8192
17:54:01.609 [main] DEBUG io.netty.buffer.PooledByteBufAllocator - -Dio.netty.allocator.cacheTrimIntervalMillis: 0
17:54:01.609 [main] DEBUG io.netty.buffer.PooledByteBufAllocator - -Dio.netty.allocator.useCacheForAllThreads: true
17:54:01.609 [main] DEBUG io.netty.buffer.PooledByteBufAllocator - -Dio.netty.allocator.maxCachedByteBuffersPerChunk: 1023
17:54:01.629 [main] DEBUG io.netty.buffer.ByteBufUtil - -Dio.netty.allocator.type: pooled
17:54:01.629 [main] DEBUG io.netty.buffer.ByteBufUtil - -Dio.netty.threadLocalDirectBufferSize: 0
17:54:01.630 [main] DEBUG io.netty.buffer.ByteBufUtil - -Dio.netty.maxThreadLocalCharBufferSize: 16384
17:54:02.013 [main] DEBUG net.serenitybdd.core.webdriver.driverproviders.ProvideNewDriver - Instantiating driver
17:54:02.013 [main] DEBUG net.serenitybdd.core.webdriver.driverproviders.ProvideNewDriver - Driver capabilities: Capabilities {acceptInsecureCerts: false, base.url: , browserName: chrome, goog:chromeOptions: {args: [], extensions: []}}
17:54:02.777 [Forwarding newSession on session null to remote] DEBUG io.netty.channel.DefaultChannelId - -Dio.netty.processId: 12260 (auto-detected)
17:54:02.779 [Forwarding newSession on session null to remote] DEBUG io.netty.util.NetUtil - -Djava.net.preferIPv4Stack: false
17:54:02.779 [Forwarding newSession on session null to remote] DEBUG io.netty.util.NetUtil - -Djava.net.preferIPv6Addresses: false
17:54:02.814 [Forwarding newSession on session null to remote] DEBUG io.netty.util.NetUtilInitializations - Loopback interface: lo (Software Loopback Interface 1, 127.0.0.1)
17:54:02.815 [Forwarding newSession on session null to remote] DEBUG io.netty.util.NetUtil - Failed to get SOMAXCONN from sysctl and file \proc\sys\net\core\somaxconn. Default: 200
17:54:02.893 [Forwarding newSession on session null to remote] DEBUG io.netty.channel.DefaultChannelId - -Dio.netty.machineId: 34:f6:4b:ff:fe:f6:84:7f (auto-detected)
17:54:02.943 [AsyncHttpClient-1-2] DEBUG io.netty.buffer.AbstractByteBuf - -Dio.netty.buffer.checkAccessible: true
17:54:02.944 [AsyncHttpClient-1-2] DEBUG io.netty.buffer.AbstractByteBuf - -Dio.netty.buffer.checkBounds: true
17:54:02.944 [AsyncHttpClient-1-2] DEBUG io.netty.util.ResourceLeakDetectorFactory - Loaded default ResourceLeakDetector: io.netty.util.ResourceLeakDetector@7e42b8f6
17:54:02.956 [AsyncHttpClient-1-2] DEBUG org.asynchttpclient.netty.channel.NettyConnectListener - Using new Channel '[id: 0x4f93e008, L:/127.0.0.1:58200 - R:localhost/127.0.0.1:56950]' for 'POST' to '/session'
17:54:02.976 [AsyncHttpClient-1-2] DEBUG io.netty.util.Recycler - -Dio.netty.recycler.maxCapacityPerThread: 4096
17:54:02.977 [AsyncHttpClient-1-2] DEBUG io.netty.util.Recycler - -Dio.netty.recycler.ratio: 8
17:54:02.977 [AsyncHttpClient-1-2] DEBUG io.netty.util.Recycler - -Dio.netty.recycler.chunkSize: 32
17:54:02.977 [AsyncHttpClient-1-2] DEBUG io.netty.util.Recycler - -Dio.netty.recycler.blocking: false
17:54:03.737 [AsyncHttpClient-1-2] DEBUG io.netty.handler.codec.compression.Brotli - brotli4j not in the classpath; Brotli support will be unavailable.
17:54:03.737 [AsyncHttpClient-1-2] DEBUG org.asynchttpclient.netty.handler.HttpHandler - 

Request DefaultHttpRequest(decodeResult: success, version: HTTP/1.1)
POST /session HTTP/1.1
User-Agent: selenium/4.1.2 (java windows)
Content-Length: 457
Content-Type: application/json; charset=utf-8
host: localhost:56950
accept: */*

Response DefaultHttpResponse(decodeResult: success, version: HTTP/1.1)
HTTP/1.1 200 OK
Content-Type: application/json; charset=utf-8
cache-control: no-cache
content-length: 786

17:54:03.756 [AsyncHttpClient-1-2] DEBUG org.asynchttpclient.netty.channel.ChannelManager - Adding key: http://localhost:56950 for channel [id: 0x4f93e008, L:/127.0.0.1:58200 - R:localhost/127.0.0.1:56950]
17:54:03.883 [AsyncHttpClient-1-3] DEBUG org.asynchttpclient.netty.channel.NettyConnectListener - Using new Channel '[id: 0xce51a3f0, L:/127.0.0.1:58208 - R:localhost/127.0.0.1:58201]' for 'GET' to '/json/version'
17:54:03.892 [AsyncHttpClient-1-3] DEBUG org.asynchttpclient.netty.handler.HttpHandler - 

Request DefaultFullHttpRequest(decodeResult: success, version: HTTP/1.1, content: EmptyByteBufBE)
GET /json/version HTTP/1.1
User-Agent: selenium/4.1.2 (java windows)
host: localhost:58201
accept: */*

Response DefaultHttpResponse(decodeResult: success, version: HTTP/1.1)
HTTP/1.1 200 OK
Content-Type: application/json; charset=UTF-8
content-length: 427

17:54:03.892 [AsyncHttpClient-1-3] DEBUG org.asynchttpclient.netty.channel.ChannelManager - Adding key: http://localhost:58201 for channel [id: 0xce51a3f0, L:/127.0.0.1:58208 - R:localhost/127.0.0.1:58201]
17:54:03.902 [main] DEBUG io.netty.util.internal.ThreadLocalRandom - -Dio.netty.initialSeedUniquifier: 0x7b83c244eb16aa94
17:54:03.906 [AsyncHttpClient-1-4] DEBUG org.asynchttpclient.netty.channel.NettyConnectListener - Using new Channel '[id: 0xa022a60e, L:/127.0.0.1:58209 - R:localhost/127.0.0.1:58201]' for 'GET' to '/devtools/browser/3b967b47-fdd5-4a44-9dcc-0d56cf289308'
17:54:03.913 [AsyncHttpClient-1-4] DEBUG org.asynchttpclient.netty.handler.WebSocketHandler - 

Request DefaultFullHttpRequest(decodeResult: success, version: HTTP/1.1, content: EmptyByteBufBE)
GET /devtools/browser/3b967b47-fdd5-4a44-9dcc-0d56cf289308 HTTP/1.1
upgrade: websocket
connection: upgrade
sec-websocket-key: HC0jEANhHOaxQ6RcZnPgCw==
sec-websocket-version: 13
origin: http://localhost:58201
host: localhost:58201
accept: */*
user-agent: AHC/2.1

Response DefaultHttpResponse(decodeResult: success, version: HTTP/1.1)
HTTP/1.1 101 WebSocket Protocol Handshake
Upgrade: WebSocket
Connection: Upgrade
Sec-WebSocket-Accept: 8ZBgzp0ND4yEIw/QFbO1yG1PsKI=

17:54:04.715 [AsyncHttpClient-1-1] DEBUG org.asynchttpclient.netty.channel.DefaultChannelPool - Entry count for : http://localhost:58201 : 1
17:54:04.715 [AsyncHttpClient-1-1] DEBUG org.asynchttpclient.netty.channel.DefaultChannelPool - Entry count for : http://localhost:56950 : 1
17:54:05.814 [AsyncHttpClient-1-1] DEBUG org.asynchttpclient.netty.channel.DefaultChannelPool - Entry count for : http://localhost:58201 : 1
17:54:05.814 [AsyncHttpClient-1-1] DEBUG org.asynchttpclient.netty.channel.DefaultChannelPool - Entry count for : http://localhost:56950 : 1
17:54:06.007 [main] DEBUG net.thucydides.core.reflection.ClassFinder - Could not load class .CucumberTestSuite
17:54:06.007 [main] DEBUG net.thucydides.core.reflection.ClassFinder - Could not load class .Utils.General
17:54:06.007 [main] DEBUG net.thucydides.core.reflection.ClassFinder - Could not load class .starter.pages.CartPage
17:54:06.007 [main] DEBUG net.thucydides.core.reflection.ClassFinder - Could not load class .starter.pages.DetailPage
17:54:06.007 [main] DEBUG net.thucydides.core.reflection.ClassFinder - Could not load class .starter.pages.HomePage
17:54:06.007 [main] DEBUG net.thucydides.core.reflection.ClassFinder - Could not load class .starter.pages.LoginPage
17:54:06.008 [main] DEBUG net.thucydides.core.reflection.ClassFinder - Could not load class .starter.pages.OrderPage
17:54:06.008 [main] DEBUG net.thucydides.core.reflection.ClassFinder - Could not load class .starter.pages.RegisterPage
17:54:06.008 [main] DEBUG net.thucydides.core.reflection.ClassFinder - Could not load class .starter.stepdefinitions.CartSteps
17:54:06.008 [main] DEBUG net.thucydides.core.reflection.ClassFinder - Could not load class .starter.stepdefinitions.DetailSteps
17:54:06.008 [main] DEBUG net.thucydides.core.reflection.ClassFinder - Could not load class .starter.stepdefinitions.LoginSteps
17:54:06.008 [main] DEBUG net.thucydides.core.reflection.ClassFinder - Could not load class .starter.stepdefinitions.LogoutSteps
17:54:06.008 [main] DEBUG net.thucydides.core.reflection.ClassFinder - Could not load class .starter.stepdefinitions.OrderSteps
17:54:06.008 [main] DEBUG net.thucydides.core.reflection.ClassFinder - Could not load class .starter.stepdefinitions.RegisterSteps
17:54:06.009 [main] DEBUG net.thucydides.core.reflection.ClassFinder - Could not load class META-INF.versions.9.com.sun.istack.logging.StackHelper
17:54:06.010 [main] DEBUG net.thucydides.core.reflection.ClassFinder - Could not load class META-INF.versions.9.com.sun.xml.bind.v2.runtime.reflect.opt.AccessorInjector
17:54:06.011 [main] DEBUG net.thucydides.core.reflection.ClassFinder - Could not load class META-INF.versions.9.com.sun.xml.bind.v2.runtime.reflect.opt.Injector
17:54:06.011 [main] DEBUG net.thucydides.core.reflection.ClassFinder - Could not load class META-INF.versions.9.com.sun.xml.bind.v2.runtime.reflect.opt.OptimizedAccessorFactory
17:54:06.012 [main] DEBUG net.thucydides.core.reflection.ClassFinder - Could not load class META-INF.versions.9.com.sun.xml.bind.v2.runtime.reflect.opt.OptimizedTransducedAccessorFactory
17:54:06.012 [main] DEBUG net.thucydides.core.reflection.ClassFinder - Could not load class META-INF.versions.9.io.opentelemetry.sdk.internal.CurrentJavaVersionSpecific
17:54:06.013 [main] DEBUG net.thucydides.core.reflection.ClassFinder - Could not load class META-INF.versions.9.io.opentelemetry.sdk.internal.Java9VersionSpecific
17:54:06.014 [main] DEBUG net.thucydides.core.reflection.ClassFinder - Could not load class META-INF.versions.9.javax.xml.bind.ModuleUtil
17:54:06.014 [main] DEBUG net.thucydides.core.reflection.ClassFinder - Could not load class META-INF.versions.9.module-info
17:54:06.016 [main] DEBUG net.thucydides.core.reflection.ClassFinder - Could not load class META-INF.versions.9.org.junit.platform.commons.util.ModuleUtils
17:54:06.020 [main] DEBUG net.thucydides.core.reflection.ClassFinder - Could not load class com.google.gson.internal.
17:54:06.023 [main] DEBUG net.thucydides.core.reflection.ClassFinder - Could not load class com.sun.xml.bind.v2.runtime.output.FastInfosetStreamWriterOutput
17:54:06.028 [main] DEBUG net.thucydides.core.reflection.ClassFinder - Could not load class module-info
17:54:06.058 [Forwarding get on session f5e9fdb6b556e0f1551f4e746b1a33c5 to remote] DEBUG org.asynchttpclient.netty.request.NettyRequestSender - Using pooled Channel '[id: 0x4f93e008, L:/127.0.0.1:58200 - R:localhost/127.0.0.1:56950]' for 'POST' to 'http://localhost:56950/session/f5e9fdb6b556e0f1551f4e746b1a33c5/url'
17:54:06.059 [Forwarding get on session f5e9fdb6b556e0f1551f4e746b1a33c5 to remote] DEBUG org.asynchttpclient.netty.request.NettyRequestSender - Using open Channel [id: 0x4f93e008, L:/127.0.0.1:58200 - R:localhost/127.0.0.1:56950] for POST '/session/f5e9fdb6b556e0f1551f4e746b1a33c5/url'
17:54:06.869 [AsyncHttpClient-1-2] DEBUG org.asynchttpclient.netty.handler.HttpHandler - 

Request DefaultHttpRequest(decodeResult: success, version: HTTP/1.1)
POST /session/f5e9fdb6b556e0f1551f4e746b1a33c5/url HTTP/1.1
User-Agent: selenium/4.1.2 (java windows)
Content-Length: 49
Content-Type: application/json; charset=utf-8
host: localhost:56950
accept: */*

Response DefaultHttpResponse(decodeResult: success, version: HTTP/1.1)
HTTP/1.1 200 OK
Content-Type: application/json; charset=utf-8
cache-control: no-cache
content-length: 14

17:54:06.870 [AsyncHttpClient-1-2] DEBUG org.asynchttpclient.netty.channel.ChannelManager - Adding key: http://localhost:56950 for channel [id: 0x4f93e008, L:/127.0.0.1:58200 - R:localhost/127.0.0.1:56950]
17:54:06.878 [Forwarding setTimeout on session f5e9fdb6b556e0f1551f4e746b1a33c5 to remote] DEBUG org.asynchttpclient.netty.request.NettyRequestSender - Using pooled Channel '[id: 0x4f93e008, L:/127.0.0.1:58200 - R:localhost/127.0.0.1:56950]' for 'POST' to 'http://localhost:56950/session/f5e9fdb6b556e0f1551f4e746b1a33c5/timeouts'
17:54:06.879 [Forwarding setTimeout on session f5e9fdb6b556e0f1551f4e746b1a33c5 to remote] DEBUG org.asynchttpclient.netty.request.NettyRequestSender - Using open Channel [id: 0x4f93e008, L:/127.0.0.1:58200 - R:localhost/127.0.0.1:56950] for POST '/session/f5e9fdb6b556e0f1551f4e746b1a33c5/timeouts'
17:54:06.883 [AsyncHttpClient-1-2] DEBUG org.asynchttpclient.netty.handler.HttpHandler - 

Request DefaultHttpRequest(decodeResult: success, version: HTTP/1.1)
POST /session/f5e9fdb6b556e0f1551f4e746b1a33c5/timeouts HTTP/1.1
User-Agent: selenium/4.1.2 (java windows)
Content-Length: 22
Content-Type: application/json; charset=utf-8
host: localhost:56950
accept: */*

Response DefaultHttpResponse(decodeResult: success, version: HTTP/1.1)
HTTP/1.1 200 OK
Content-Type: application/json; charset=utf-8
cache-control: no-cache
content-length: 14

17:54:06.883 [AsyncHttpClient-1-2] DEBUG org.asynchttpclient.netty.channel.ChannelManager - Adding key: http://localhost:56950 for channel [id: 0x4f93e008, L:/127.0.0.1:58200 - R:localhost/127.0.0.1:56950]
17:54:06.892 [Forwarding getCurrentUrl on session f5e9fdb6b556e0f1551f4e746b1a33c5 to remote] DEBUG org.asynchttpclient.netty.request.NettyRequestSender - Using pooled Channel '[id: 0x4f93e008, L:/127.0.0.1:58200 - R:localhost/127.0.0.1:56950]' for 'GET' to 'http://localhost:56950/session/f5e9fdb6b556e0f1551f4e746b1a33c5/url'
17:54:06.892 [Forwarding getCurrentUrl on session f5e9fdb6b556e0f1551f4e746b1a33c5 to remote] DEBUG org.asynchttpclient.netty.request.NettyRequestSender - Using open Channel [id: 0x4f93e008, L:/127.0.0.1:58200 - R:localhost/127.0.0.1:56950] for GET '/session/f5e9fdb6b556e0f1551f4e746b1a33c5/url'
17:54:06.917 [AsyncHttpClient-1-1] DEBUG org.asynchttpclient.netty.channel.DefaultChannelPool - Entry count for : http://localhost:58201 : 1
17:54:06.942 [AsyncHttpClient-1-2] DEBUG org.asynchttpclient.netty.handler.HttpHandler - 

Request DefaultFullHttpRequest(decodeResult: success, version: HTTP/1.1, content: EmptyByteBufBE)
GET /session/f5e9fdb6b556e0f1551f4e746b1a33c5/url HTTP/1.1
User-Agent: selenium/4.1.2 (java windows)
Cache-Control: no-cache
Content-Type: application/json; charset=utf-8
host: localhost:56950
accept: */*

Response DefaultHttpResponse(decodeResult: success, version: HTTP/1.1)
HTTP/1.1 200 OK
Content-Type: application/json; charset=utf-8
cache-control: no-cache
content-length: 31

17:54:06.942 [AsyncHttpClient-1-2] DEBUG org.asynchttpclient.netty.channel.ChannelManager - Adding key: http://localhost:56950 for channel [id: 0x4f93e008, L:/127.0.0.1:58200 - R:localhost/127.0.0.1:56950]
17:54:06.987 [main] DEBUG net.serenitybdd.core.photography.Darkroom - Opening darkroom
17:54:06.987 [Darkroom Processing Line] DEBUG net.serenitybdd.core.photography.DarkroomProcessingLine - Darkroom processing line starting up
17:54:06.988 [Forwarding screenshot on session f5e9fdb6b556e0f1551f4e746b1a33c5 to remote] DEBUG org.asynchttpclient.netty.request.NettyRequestSender - Using pooled Channel '[id: 0x4f93e008, L:/127.0.0.1:58200 - R:localhost/127.0.0.1:56950]' for 'GET' to 'http://localhost:56950/session/f5e9fdb6b556e0f1551f4e746b1a33c5/screenshot'
17:54:06.988 [Forwarding screenshot on session f5e9fdb6b556e0f1551f4e746b1a33c5 to remote] DEBUG org.asynchttpclient.netty.request.NettyRequestSender - Using open Channel [id: 0x4f93e008, L:/127.0.0.1:58200 - R:localhost/127.0.0.1:56950] for GET '/session/f5e9fdb6b556e0f1551f4e746b1a33c5/screenshot'
17:54:08.016 [AsyncHttpClient-1-1] DEBUG org.asynchttpclient.netty.channel.DefaultChannelPool - Entry count for : http://localhost:58201 : 1
17:54:08.848 [AsyncHttpClient-1-2] DEBUG org.asynchttpclient.netty.handler.HttpHandler - 

Request DefaultFullHttpRequest(decodeResult: success, version: HTTP/1.1, content: EmptyByteBufBE)
GET /session/f5e9fdb6b556e0f1551f4e746b1a33c5/screenshot HTTP/1.1
User-Agent: selenium/4.1.2 (java windows)
Cache-Control: no-cache
Content-Type: application/json; charset=utf-8
host: localhost:56950
accept: */*

Response DefaultHttpResponse(decodeResult: success, version: HTTP/1.1)
HTTP/1.1 200 OK
Content-Type: application/json; charset=utf-8
cache-control: no-cache
content-length: 32088

17:54:08.849 [AsyncHttpClient-1-2] DEBUG org.asynchttpclient.netty.channel.ChannelManager - Adding key: http://localhost:56950 for channel [id: 0x4f93e008, L:/127.0.0.1:58200 - R:localhost/127.0.0.1:56950]
17:54:08.939 [main] DEBUG net.serenitybdd.core.photography.Darkroom - Send negative for processing for target\site\serenity\1dca01df31e5f311b81607945456a856392c36b7611955c6a13e69916e605acd.png
17:54:08.940 [Darkroom Processing Line] DEBUG net.serenitybdd.core.photography.DarkroomProcessingLine - Processing screenshot image in /var/screenshots/screenshot-13020862649483433344
17:54:08.941 [Darkroom Processing Line] DEBUG net.serenitybdd.core.photography.DarkroomProcessingLine - Saving screenshot to target\site\serenity\1dca01df31e5f311b81607945456a856392c36b7611955c6a13e69916e605acd.png
17:54:08.943 [main] DEBUG net.thucydides.core.steps.StepInterceptor - STARTING STEP: CartSteps.iAmOnHomepage - validateSearchBarAppears
17:54:08.950 [Forwarding findElement on session f5e9fdb6b556e0f1551f4e746b1a33c5 to remote] DEBUG org.asynchttpclient.netty.request.NettyRequestSender - Using pooled Channel '[id: 0x4f93e008, L:/127.0.0.1:58200 - R:localhost/127.0.0.1:56950]' for 'POST' to 'http://localhost:56950/session/f5e9fdb6b556e0f1551f4e746b1a33c5/element'
17:54:08.950 [Forwarding findElement on session f5e9fdb6b556e0f1551f4e746b1a33c5 to remote] DEBUG org.asynchttpclient.netty.request.NettyRequestSender - Using open Channel [id: 0x4f93e008, L:/127.0.0.1:58200 - R:localhost/127.0.0.1:56950] for POST '/session/f5e9fdb6b556e0f1551f4e746b1a33c5/element'
17:54:08.980 [AsyncHttpClient-1-2] DEBUG org.asynchttpclient.netty.handler.HttpHandler - 

Request DefaultHttpRequest(decodeResult: success, version: HTTP/1.1)
POST /session/f5e9fdb6b556e0f1551f4e746b1a33c5/element HTTP/1.1
User-Agent: selenium/4.1.2 (java windows)
Content-Length: 94
Content-Type: application/json; charset=utf-8
host: localhost:56950
accept: */*

Response DefaultHttpResponse(decodeResult: success, version: HTTP/1.1)
HTTP/1.1 200 OK
Content-Type: application/json; charset=utf-8
cache-control: no-cache
content-length: 88

17:54:08.981 [AsyncHttpClient-1-2] DEBUG org.asynchttpclient.netty.channel.ChannelManager - Adding key: http://localhost:56950 for channel [id: 0x4f93e008, L:/127.0.0.1:58200 - R:localhost/127.0.0.1:56950]
17:54:08.996 [Forwarding isElementDisplayed on session f5e9fdb6b556e0f1551f4e746b1a33c5 to remote] DEBUG org.asynchttpclient.netty.request.NettyRequestSender - Using pooled Channel '[id: 0x4f93e008, L:/127.0.0.1:58200 - R:localhost/127.0.0.1:56950]' for 'POST' to 'http://localhost:56950/session/f5e9fdb6b556e0f1551f4e746b1a33c5/execute/sync'
17:54:08.996 [Forwarding isElementDisplayed on session f5e9fdb6b556e0f1551f4e746b1a33c5 to remote] DEBUG org.asynchttpclient.netty.request.NettyRequestSender - Using open Channel [id: 0x4f93e008, L:/127.0.0.1:58200 - R:localhost/127.0.0.1:56950] for POST '/session/f5e9fdb6b556e0f1551f4e746b1a33c5/execute/sync'
17:54:09.019 [AsyncHttpClient-1-2] DEBUG org.asynchttpclient.netty.handler.HttpHandler - 

Request DefaultHttpRequest(decodeResult: success, version: HTTP/1.1)
POST /session/f5e9fdb6b556e0f1551f4e746b1a33c5/execute/sync HTTP/1.1
User-Agent: selenium/4.1.2 (java windows)
Content-Length: 48780
Content-Type: application/json; charset=utf-8
host: localhost:56950
accept: */*

Response DefaultHttpResponse(decodeResult: success, version: HTTP/1.1)
HTTP/1.1 200 OK
Content-Type: application/json; charset=utf-8
cache-control: no-cache
content-length: 14

17:54:09.019 [AsyncHttpClient-1-2] DEBUG org.asynchttpclient.netty.channel.ChannelManager - Adding key: http://localhost:56950 for channel [id: 0x4f93e008, L:/127.0.0.1:58200 - R:localhost/127.0.0.1:56950]
17:54:09.031 [Forwarding screenshot on session f5e9fdb6b556e0f1551f4e746b1a33c5 to remote] DEBUG org.asynchttpclient.netty.request.NettyRequestSender - Using pooled Channel '[id: 0x4f93e008, L:/127.0.0.1:58200 - R:localhost/127.0.0.1:56950]' for 'GET' to 'http://localhost:56950/session/f5e9fdb6b556e0f1551f4e746b1a33c5/screenshot'
17:54:09.032 [Forwarding screenshot on session f5e9fdb6b556e0f1551f4e746b1a33c5 to remote] DEBUG org.asynchttpclient.netty.request.NettyRequestSender - Using open Channel [id: 0x4f93e008, L:/127.0.0.1:58200 - R:localhost/127.0.0.1:56950] for GET '/session/f5e9fdb6b556e0f1551f4e746b1a33c5/screenshot'
17:54:09.118 [AsyncHttpClient-1-1] DEBUG org.asynchttpclient.netty.channel.DefaultChannelPool - Entry count for : http://localhost:58201 : 1
17:54:09.152 [AsyncHttpClient-1-2] DEBUG org.asynchttpclient.netty.handler.HttpHandler - 

Request DefaultFullHttpRequest(decodeResult: success, version: HTTP/1.1, content: EmptyByteBufBE)
GET /session/f5e9fdb6b556e0f1551f4e746b1a33c5/screenshot HTTP/1.1
User-Agent: selenium/4.1.2 (java windows)
Cache-Control: no-cache
Content-Type: application/json; charset=utf-8
host: localhost:56950
accept: */*

Response DefaultHttpResponse(decodeResult: success, version: HTTP/1.1)
HTTP/1.1 200 OK
Content-Type: application/json; charset=utf-8
cache-control: no-cache
content-length: 72748

17:54:09.153 [AsyncHttpClient-1-2] DEBUG org.asynchttpclient.netty.channel.ChannelManager - Adding key: http://localhost:56950 for channel [id: 0x4f93e008, L:/127.0.0.1:58200 - R:localhost/127.0.0.1:56950]
17:54:09.164 [main] DEBUG net.serenitybdd.core.photography.Darkroom - Send negative for processing for target\site\serenity\5a2ea1089878690bed55cf8882c0da436af8e6ee560e77877b5a34785ff9358e.png
17:54:09.165 [Darkroom Processing Line] DEBUG net.serenitybdd.core.photography.DarkroomProcessingLine - Processing screenshot image in /var/screenshots/screenshot-18306542929924525670
17:54:09.165 [Darkroom Processing Line] DEBUG net.serenitybdd.core.photography.DarkroomProcessingLine - Saving screenshot to target\site\serenity\5a2ea1089878690bed55cf8882c0da436af8e6ee560e77877b5a34785ff9358e.png
17:54:09.167 [main] DEBUG net.thucydides.core.steps.StepInterceptor - STEP DONE: validateSearchBarAppears
17:54:09.180 [main] DEBUG net.thucydides.core.steps.StepInterceptor - STARTING STEP: CartSteps.iAmOnHomepage - validateHeaderHomepageEqual
17:54:09.185 [Forwarding findElement on session f5e9fdb6b556e0f1551f4e746b1a33c5 to remote] DEBUG org.asynchttpclient.netty.request.NettyRequestSender - Using pooled Channel '[id: 0x4f93e008, L:/127.0.0.1:58200 - R:localhost/127.0.0.1:56950]' for 'POST' to 'http://localhost:56950/session/f5e9fdb6b556e0f1551f4e746b1a33c5/element'
17:54:09.185 [Forwarding findElement on session f5e9fdb6b556e0f1551f4e746b1a33c5 to remote] DEBUG org.asynchttpclient.netty.request.NettyRequestSender - Using open Channel [id: 0x4f93e008, L:/127.0.0.1:58200 - R:localhost/127.0.0.1:56950] for POST '/session/f5e9fdb6b556e0f1551f4e746b1a33c5/element'
17:54:09.200 [AsyncHttpClient-1-2] DEBUG org.asynchttpclient.netty.handler.HttpHandler - 

Request DefaultHttpRequest(decodeResult: success, version: HTTP/1.1)
POST /session/f5e9fdb6b556e0f1551f4e746b1a33c5/element HTTP/1.1
User-Agent: selenium/4.1.2 (java windows)
Content-Length: 111
Content-Type: application/json; charset=utf-8
host: localhost:56950
accept: */*

Response DefaultHttpResponse(decodeResult: success, version: HTTP/1.1)
HTTP/1.1 200 OK
Content-Type: application/json; charset=utf-8
cache-control: no-cache
content-length: 88

17:54:09.200 [AsyncHttpClient-1-2] DEBUG org.asynchttpclient.netty.channel.ChannelManager - Adding key: http://localhost:56950 for channel [id: 0x4f93e008, L:/127.0.0.1:58200 - R:localhost/127.0.0.1:56950]
17:54:09.203 [Forwarding getElementText on session f5e9fdb6b556e0f1551f4e746b1a33c5 to remote] DEBUG org.asynchttpclient.netty.request.NettyRequestSender - Using pooled Channel '[id: 0x4f93e008, L:/127.0.0.1:58200 - R:localhost/127.0.0.1:56950]' for 'GET' to 'http://localhost:56950/session/f5e9fdb6b556e0f1551f4e746b1a33c5/element/c66d38a0-456b-4984-ac95-2bf717164f0b/text'
17:54:09.203 [Forwarding getElementText on session f5e9fdb6b556e0f1551f4e746b1a33c5 to remote] DEBUG org.asynchttpclient.netty.request.NettyRequestSender - Using open Channel [id: 0x4f93e008, L:/127.0.0.1:58200 - R:localhost/127.0.0.1:56950] for GET '/session/f5e9fdb6b556e0f1551f4e746b1a33c5/element/c66d38a0-456b-4984-ac95-2bf717164f0b/text'
17:54:09.218 [AsyncHttpClient-1-2] DEBUG org.asynchttpclient.netty.handler.HttpHandler - 

Request DefaultFullHttpRequest(decodeResult: success, version: HTTP/1.1, content: EmptyByteBufBE)
GET /session/f5e9fdb6b556e0f1551f4e746b1a33c5/element/c66d38a0-456b-4984-ac95-2bf717164f0b/text HTTP/1.1
User-Agent: selenium/4.1.2 (java windows)
Cache-Control: no-cache
Content-Type: application/json; charset=utf-8
host: localhost:56950
accept: */*

Response DefaultHttpResponse(decodeResult: success, version: HTTP/1.1)
HTTP/1.1 200 OK
Content-Type: application/json; charset=utf-8
cache-control: no-cache
content-length: 20

17:54:09.219 [AsyncHttpClient-1-2] DEBUG org.asynchttpclient.netty.channel.ChannelManager - Adding key: http://localhost:56950 for channel [id: 0x4f93e008, L:/127.0.0.1:58200 - R:localhost/127.0.0.1:56950]
17:54:09.226 [Forwarding screenshot on session f5e9fdb6b556e0f1551f4e746b1a33c5 to remote] DEBUG org.asynchttpclient.netty.request.NettyRequestSender - Using pooled Channel '[id: 0x4f93e008, L:/127.0.0.1:58200 - R:localhost/127.0.0.1:56950]' for 'GET' to 'http://localhost:56950/session/f5e9fdb6b556e0f1551f4e746b1a33c5/screenshot'
17:54:09.226 [Forwarding screenshot on session f5e9fdb6b556e0f1551f4e746b1a33c5 to remote] DEBUG org.asynchttpclient.netty.request.NettyRequestSender - Using open Channel [id: 0x4f93e008, L:/127.0.0.1:58200 - R:localhost/127.0.0.1:56950] for GET '/session/f5e9fdb6b556e0f1551f4e746b1a33c5/screenshot'
17:54:09.358 [AsyncHttpClient-1-2] DEBUG org.asynchttpclient.netty.handler.HttpHandler - 

Request DefaultFullHttpRequest(decodeResult: success, version: HTTP/1.1, content: EmptyByteBufBE)
GET /session/f5e9fdb6b556e0f1551f4e746b1a33c5/screenshot HTTP/1.1
User-Agent: selenium/4.1.2 (java windows)
Cache-Control: no-cache
Content-Type: application/json; charset=utf-8
host: localhost:56950
accept: */*

Response DefaultHttpResponse(decodeResult: success, version: HTTP/1.1)
HTTP/1.1 200 OK
Content-Type: application/json; charset=utf-8
cache-control: no-cache
content-length: 72748

17:54:09.358 [AsyncHttpClient-1-2] DEBUG org.asynchttpclient.netty.channel.ChannelManager - Adding key: http://localhost:56950 for channel [id: 0x4f93e008, L:/127.0.0.1:58200 - R:localhost/127.0.0.1:56950]
17:54:09.362 [main] DEBUG net.serenitybdd.core.photography.Darkroom - Send negative for processing for target\site\serenity\5a2ea1089878690bed55cf8882c0da436af8e6ee560e77877b5a34785ff9358e.png
17:54:09.362 [main] DEBUG net.thucydides.core.steps.StepInterceptor - STEP DONE: validateHeaderHomepageEqual
  &amp#27;[32mGiven &amp#27;[0m&amp#27;[32mI am on homepage&amp#27;[0m                 &amp#27;[90m# starter.stepdefinitions.CartSteps.iAmOnHomepage()&amp#27;[0m
17:54:09.402 [Forwarding findElement on session f5e9fdb6b556e0f1551f4e746b1a33c5 to remote] DEBUG org.asynchttpclient.netty.request.NettyRequestSender - Using pooled Channel '[id: 0x4f93e008, L:/127.0.0.1:58200 - R:localhost/127.0.0.1:56950]' for 'POST' to 'http://localhost:56950/session/f5e9fdb6b556e0f1551f4e746b1a33c5/element'
17:54:09.403 [Forwarding findElement on session f5e9fdb6b556e0f1551f4e746b1a33c5 to remote] DEBUG org.asynchttpclient.netty.request.NettyRequestSender - Using open Channel [id: 0x4f93e008, L:/127.0.0.1:58200 - R:localhost/127.0.0.1:56950] for POST '/session/f5e9fdb6b556e0f1551f4e746b1a33c5/element'
17:54:09.428 [AsyncHttpClient-1-2] DEBUG org.asynchttpclient.netty.handler.HttpHandler - 

Request DefaultHttpRequest(decodeResult: success, version: HTTP/1.1)
POST /session/f5e9fdb6b556e0f1551f4e746b1a33c5/element HTTP/1.1
User-Agent: selenium/4.1.2 (java windows)
Content-Length: 122
Content-Type: application/json; charset=utf-8
host: localhost:56950
accept: */*

Response DefaultHttpResponse(decodeResult: success, version: HTTP/1.1)
HTTP/1.1 200 OK
Content-Type: application/json; charset=utf-8
cache-control: no-cache
content-length: 88

17:54:09.428 [AsyncHttpClient-1-2] DEBUG org.asynchttpclient.netty.channel.ChannelManager - Adding key: http://localhost:56950 for channel [id: 0x4f93e008, L:/127.0.0.1:58200 - R:localhost/127.0.0.1:56950]
17:54:09.436 [Forwarding getElementTagName on session f5e9fdb6b556e0f1551f4e746b1a33c5 to remote] DEBUG org.asynchttpclient.netty.request.NettyRequestSender - Using pooled Channel '[id: 0x4f93e008, L:/127.0.0.1:58200 - R:localhost/127.0.0.1:56950]' for 'GET' to 'http://localhost:56950/session/f5e9fdb6b556e0f1551f4e746b1a33c5/element/7b81cb0d-35b8-4f44-b178-3774f56da5e8/name'
17:54:09.436 [Forwarding getElementTagName on session f5e9fdb6b556e0f1551f4e746b1a33c5 to remote] DEBUG org.asynchttpclient.netty.request.NettyRequestSender - Using open Channel [id: 0x4f93e008, L:/127.0.0.1:58200 - R:localhost/127.0.0.1:56950] for GET '/session/f5e9fdb6b556e0f1551f4e746b1a33c5/element/7b81cb0d-35b8-4f44-b178-3774f56da5e8/name'
17:54:09.443 [AsyncHttpClient-1-2] DEBUG org.asynchttpclient.netty.handler.HttpHandler - 

Request DefaultFullHttpRequest(decodeResult: success, version: HTTP/1.1, content: EmptyByteBufBE)
GET /session/f5e9fdb6b556e0f1551f4e746b1a33c5/element/7b81cb0d-35b8-4f44-b178-3774f56da5e8/name HTTP/1.1
User-Agent: selenium/4.1.2 (java windows)
Cache-Control: no-cache
Content-Type: application/json; charset=utf-8
host: localhost:56950
accept: */*

Response DefaultHttpResponse(decodeResult: success, version: HTTP/1.1)
HTTP/1.1 200 OK
Content-Type: application/json; charset=utf-8
cache-control: no-cache
content-length: 16

17:54:09.443 [AsyncHttpClient-1-2] DEBUG org.asynchttpclient.netty.channel.ChannelManager - Adding key: http://localhost:56950 for channel [id: 0x4f93e008, L:/127.0.0.1:58200 - R:localhost/127.0.0.1:56950]
17:54:09.445 [Forwarding getElementTagName on session f5e9fdb6b556e0f1551f4e746b1a33c5 to remote] DEBUG org.asynchttpclient.netty.request.NettyRequestSender - Using pooled Channel '[id: 0x4f93e008, L:/127.0.0.1:58200 - R:localhost/127.0.0.1:56950]' for 'GET' to 'http://localhost:56950/session/f5e9fdb6b556e0f1551f4e746b1a33c5/element/7b81cb0d-35b8-4f44-b178-3774f56da5e8/name'
17:54:09.445 [Forwarding getElementTagName on session f5e9fdb6b556e0f1551f4e746b1a33c5 to remote] DEBUG org.asynchttpclient.netty.request.NettyRequestSender - Using open Channel [id: 0x4f93e008, L:/127.0.0.1:58200 - R:localhost/127.0.0.1:56950] for GET '/session/f5e9fdb6b556e0f1551f4e746b1a33c5/element/7b81cb0d-35b8-4f44-b178-3774f56da5e8/name'
17:54:09.449 [AsyncHttpClient-1-2] DEBUG org.asynchttpclient.netty.handler.HttpHandler - 

Request DefaultFullHttpRequest(decodeResult: success, version: HTTP/1.1, content: EmptyByteBufBE)
GET /session/f5e9fdb6b556e0f1551f4e746b1a33c5/element/7b81cb0d-35b8-4f44-b178-3774f56da5e8/name HTTP/1.1
User-Agent: selenium/4.1.2 (java windows)
Cache-Control: no-cache
Content-Type: application/json; charset=utf-8
host: localhost:56950
accept: */*

Response DefaultHttpResponse(decodeResult: success, version: HTTP/1.1)
HTTP/1.1 200 OK
Content-Type: application/json; charset=utf-8
cache-control: no-cache
content-length: 16

17:54:09.450 [AsyncHttpClient-1-2] DEBUG org.asynchttpclient.netty.channel.ChannelManager - Adding key: http://localhost:56950 for channel [id: 0x4f93e008, L:/127.0.0.1:58200 - R:localhost/127.0.0.1:56950]
17:54:09.453 [Forwarding findElement on session f5e9fdb6b556e0f1551f4e746b1a33c5 to remote] DEBUG org.asynchttpclient.netty.request.NettyRequestSender - Using pooled Channel '[id: 0x4f93e008, L:/127.0.0.1:58200 - R:localhost/127.0.0.1:56950]' for 'POST' to 'http://localhost:56950/session/f5e9fdb6b556e0f1551f4e746b1a33c5/element'
17:54:09.453 [Forwarding findElement on session f5e9fdb6b556e0f1551f4e746b1a33c5 to remote] DEBUG org.asynchttpclient.netty.request.NettyRequestSender - Using open Channel [id: 0x4f93e008, L:/127.0.0.1:58200 - R:localhost/127.0.0.1:56950] for POST '/session/f5e9fdb6b556e0f1551f4e746b1a33c5/element'
17:54:09.473 [AsyncHttpClient-1-2] DEBUG org.asynchttpclient.netty.handler.HttpHandler - 

Request DefaultHttpRequest(decodeResult: success, version: HTTP/1.1)
POST /session/f5e9fdb6b556e0f1551f4e746b1a33c5/element HTTP/1.1
User-Agent: selenium/4.1.2 (java windows)
Content-Length: 122
Content-Type: application/json; charset=utf-8
host: localhost:56950
accept: */*

Response DefaultHttpResponse(decodeResult: success, version: HTTP/1.1)
HTTP/1.1 200 OK
Content-Type: application/json; charset=utf-8
cache-control: no-cache
content-length: 88

17:54:09.474 [AsyncHttpClient-1-2] DEBUG org.asynchttpclient.netty.channel.ChannelManager - Adding key: http://localhost:56950 for channel [id: 0x4f93e008, L:/127.0.0.1:58200 - R:localhost/127.0.0.1:56950]
17:54:09.476 [Forwarding clickElement on session f5e9fdb6b556e0f1551f4e746b1a33c5 to remote] DEBUG org.asynchttpclient.netty.request.NettyRequestSender - Using pooled Channel '[id: 0x4f93e008, L:/127.0.0.1:58200 - R:localhost/127.0.0.1:56950]' for 'POST' to 'http://localhost:56950/session/f5e9fdb6b556e0f1551f4e746b1a33c5/element/7b81cb0d-35b8-4f44-b178-3774f56da5e8/click'
17:54:09.476 [Forwarding clickElement on session f5e9fdb6b556e0f1551f4e746b1a33c5 to remote] DEBUG org.asynchttpclient.netty.request.NettyRequestSender - Using open Channel [id: 0x4f93e008, L:/127.0.0.1:58200 - R:localhost/127.0.0.1:56950] for POST '/session/f5e9fdb6b556e0f1551f4e746b1a33c5/element/7b81cb0d-35b8-4f44-b178-3774f56da5e8/click'
17:54:09.556 [AsyncHttpClient-1-2] DEBUG org.asynchttpclient.netty.handler.HttpHandler - 

Request DefaultHttpRequest(decodeResult: success, version: HTTP/1.1)
POST /session/f5e9fdb6b556e0f1551f4e746b1a33c5/element/7b81cb0d-35b8-4f44-b178-3774f56da5e8/click HTTP/1.1
User-Agent: selenium/4.1.2 (java windows)
Content-Length: 50
Content-Type: application/json; charset=utf-8
host: localhost:56950
accept: */*

Response DefaultHttpResponse(decodeResult: success, version: HTTP/1.1)
HTTP/1.1 200 OK
Content-Type: application/json; charset=utf-8
cache-control: no-cache
content-length: 14

17:54:09.557 [AsyncHttpClient-1-2] DEBUG org.asynchttpclient.netty.channel.ChannelManager - Adding key: http://localhost:56950 for channel [id: 0x4f93e008, L:/127.0.0.1:58200 - R:localhost/127.0.0.1:56950]
  &amp#27;[32mWhen &amp#27;[0m&amp#27;[32mI click buy button&amp#27;[0m                &amp#27;[90m# starter.stepdefinitions.CartSteps.iClickBuyButton()&amp#27;[0m
17:54:09.570 [Forwarding screenshot on session f5e9fdb6b556e0f1551f4e746b1a33c5 to remote] DEBUG org.asynchttpclient.netty.request.NettyRequestSender - Using pooled Channel '[id: 0x4f93e008, L:/127.0.0.1:58200 - R:localhost/127.0.0.1:56950]' for 'GET' to 'http://localhost:56950/session/f5e9fdb6b556e0f1551f4e746b1a33c5/screenshot'
17:54:09.571 [Forwarding screenshot on session f5e9fdb6b556e0f1551f4e746b1a33c5 to remote] DEBUG org.asynchttpclient.netty.request.NettyRequestSender - Using open Channel [id: 0x4f93e008, L:/127.0.0.1:58200 - R:localhost/127.0.0.1:56950] for GET '/session/f5e9fdb6b556e0f1551f4e746b1a33c5/screenshot'
17:54:09.750 [AsyncHttpClient-1-2] DEBUG org.asynchttpclient.netty.handler.HttpHandler - 

Request DefaultFullHttpRequest(decodeResult: success, version: HTTP/1.1, content: EmptyByteBufBE)
GET /session/f5e9fdb6b556e0f1551f4e746b1a33c5/screenshot HTTP/1.1
User-Agent: selenium/4.1.2 (java windows)
Cache-Control: no-cache
Content-Type: application/json; charset=utf-8
host: localhost:56950
accept: */*

Response DefaultHttpResponse(decodeResult: success, version: HTTP/1.1)
HTTP/1.1 200 OK
Content-Type: application/json; charset=utf-8
cache-control: no-cache
content-length: 74324

17:54:09.752 [AsyncHttpClient-1-2] DEBUG org.asynchttpclient.netty.channel.ChannelManager - Adding key: http://localhost:56950 for channel [id: 0x4f93e008, L:/127.0.0.1:58200 - R:localhost/127.0.0.1:56950]
17:54:09.757 [main] DEBUG net.serenitybdd.core.photography.Darkroom - Send negative for processing for target\site\serenity\530412c8fb08786e91cf5e2dc6a675c241614506814277d02e01aa031a736882.png
17:54:09.758 [Darkroom Processing Line] DEBUG net.serenitybdd.core.photography.DarkroomProcessingLine - Processing screenshot image in /var/screenshots/screenshot-3076028083991556472
17:54:09.758 [Darkroom Processing Line] DEBUG net.serenitybdd.core.photography.DarkroomProcessingLine - Saving screenshot to target\site\serenity\530412c8fb08786e91cf5e2dc6a675c241614506814277d02e01aa031a736882.png
17:54:09.772 [Forwarding findElement on session f5e9fdb6b556e0f1551f4e746b1a33c5 to remote] DEBUG org.asynchttpclient.netty.request.NettyRequestSender - Using pooled Channel '[id: 0x4f93e008, L:/127.0.0.1:58200 - R:localhost/127.0.0.1:56950]' for 'POST' to 'http://localhost:56950/session/f5e9fdb6b556e0f1551f4e746b1a33c5/element'
17:54:09.772 [Forwarding findElement on session f5e9fdb6b556e0f1551f4e746b1a33c5 to remote] DEBUG org.asynchttpclient.netty.request.NettyRequestSender - Using open Channel [id: 0x4f93e008, L:/127.0.0.1:58200 - R:localhost/127.0.0.1:56950] for POST '/session/f5e9fdb6b556e0f1551f4e746b1a33c5/element'
17:54:09.798 [AsyncHttpClient-1-2] DEBUG org.asynchttpclient.netty.handler.HttpHandler - 

Request DefaultHttpRequest(decodeResult: success, version: HTTP/1.1)
POST /session/f5e9fdb6b556e0f1551f4e746b1a33c5/element HTTP/1.1
User-Agent: selenium/4.1.2 (java windows)
Content-Length: 102
Content-Type: application/json; charset=utf-8
host: localhost:56950
accept: */*

Response DefaultHttpResponse(decodeResult: success, version: HTTP/1.1)
HTTP/1.1 200 OK
Content-Type: application/json; charset=utf-8
cache-control: no-cache
content-length: 88

17:54:09.798 [AsyncHttpClient-1-2] DEBUG org.asynchttpclient.netty.channel.ChannelManager - Adding key: http://localhost:56950 for channel [id: 0x4f93e008, L:/127.0.0.1:58200 - R:localhost/127.0.0.1:56950]
17:54:09.800 [Forwarding getElementTagName on session f5e9fdb6b556e0f1551f4e746b1a33c5 to remote] DEBUG org.asynchttpclient.netty.request.NettyRequestSender - Using pooled Channel '[id: 0x4f93e008, L:/127.0.0.1:58200 - R:localhost/127.0.0.1:56950]' for 'GET' to 'http://localhost:56950/session/f5e9fdb6b556e0f1551f4e746b1a33c5/element/345ab0a1-a8c1-4527-8af2-e3b3b75e943e/name'
17:54:09.801 [Forwarding getElementTagName on session f5e9fdb6b556e0f1551f4e746b1a33c5 to remote] DEBUG org.asynchttpclient.netty.request.NettyRequestSender - Using open Channel [id: 0x4f93e008, L:/127.0.0.1:58200 - R:localhost/127.0.0.1:56950] for GET '/session/f5e9fdb6b556e0f1551f4e746b1a33c5/element/345ab0a1-a8c1-4527-8af2-e3b3b75e943e/name'
17:54:09.806 [AsyncHttpClient-1-2] DEBUG org.asynchttpclient.netty.handler.HttpHandler - 

Request DefaultFullHttpRequest(decodeResult: success, version: HTTP/1.1, content: EmptyByteBufBE)
GET /session/f5e9fdb6b556e0f1551f4e746b1a33c5/element/345ab0a1-a8c1-4527-8af2-e3b3b75e943e/name HTTP/1.1
User-Agent: selenium/4.1.2 (java windows)
Cache-Control: no-cache
Content-Type: application/json; charset=utf-8
host: localhost:56950
accept: */*

Response DefaultHttpResponse(decodeResult: success, version: HTTP/1.1)
HTTP/1.1 200 OK
Content-Type: application/json; charset=utf-8
cache-control: no-cache
content-length: 18

17:54:09.806 [AsyncHttpClient-1-2] DEBUG org.asynchttpclient.netty.channel.ChannelManager - Adding key: http://localhost:56950 for channel [id: 0x4f93e008, L:/127.0.0.1:58200 - R:localhost/127.0.0.1:56950]
17:54:09.808 [Forwarding getElementTagName on session f5e9fdb6b556e0f1551f4e746b1a33c5 to remote] DEBUG org.asynchttpclient.netty.request.NettyRequestSender - Using pooled Channel '[id: 0x4f93e008, L:/127.0.0.1:58200 - R:localhost/127.0.0.1:56950]' for 'GET' to 'http://localhost:56950/session/f5e9fdb6b556e0f1551f4e746b1a33c5/element/345ab0a1-a8c1-4527-8af2-e3b3b75e943e/name'
17:54:09.809 [Forwarding getElementTagName on session f5e9fdb6b556e0f1551f4e746b1a33c5 to remote] DEBUG org.asynchttpclient.netty.request.NettyRequestSender - Using open Channel [id: 0x4f93e008, L:/127.0.0.1:58200 - R:localhost/127.0.0.1:56950] for GET '/session/f5e9fdb6b556e0f1551f4e746b1a33c5/element/345ab0a1-a8c1-4527-8af2-e3b3b75e943e/name'
17:54:09.817 [AsyncHttpClient-1-2] DEBUG org.asynchttpclient.netty.handler.HttpHandler - 

Request DefaultFullHttpRequest(decodeResult: success, version: HTTP/1.1, content: EmptyByteBufBE)
GET /session/f5e9fdb6b556e0f1551f4e746b1a33c5/element/345ab0a1-a8c1-4527-8af2-e3b3b75e943e/name HTTP/1.1
User-Agent: selenium/4.1.2 (java windows)
Cache-Control: no-cache
Content-Type: application/json; charset=utf-8
host: localhost:56950
accept: */*

Response DefaultHttpResponse(decodeResult: success, version: HTTP/1.1)
HTTP/1.1 200 OK
Content-Type: application/json; charset=utf-8
cache-control: no-cache
content-length: 18

17:54:09.817 [AsyncHttpClient-1-2] DEBUG org.asynchttpclient.netty.channel.ChannelManager - Adding key: http://localhost:56950 for channel [id: 0x4f93e008, L:/127.0.0.1:58200 - R:localhost/127.0.0.1:56950]
17:54:09.823 [Forwarding isElementEnabled on session f5e9fdb6b556e0f1551f4e746b1a33c5 to remote] DEBUG org.asynchttpclient.netty.request.NettyRequestSender - Using pooled Channel '[id: 0x4f93e008, L:/127.0.0.1:58200 - R:localhost/127.0.0.1:56950]' for 'GET' to 'http://localhost:56950/session/f5e9fdb6b556e0f1551f4e746b1a33c5/element/345ab0a1-a8c1-4527-8af2-e3b3b75e943e/enabled'
17:54:09.823 [Forwarding isElementEnabled on session f5e9fdb6b556e0f1551f4e746b1a33c5 to remote] DEBUG org.asynchttpclient.netty.request.NettyRequestSender - Using open Channel [id: 0x4f93e008, L:/127.0.0.1:58200 - R:localhost/127.0.0.1:56950] for GET '/session/f5e9fdb6b556e0f1551f4e746b1a33c5/element/345ab0a1-a8c1-4527-8af2-e3b3b75e943e/enabled'
17:54:09.847 [AsyncHttpClient-1-2] DEBUG org.asynchttpclient.netty.handler.HttpHandler - 

Request DefaultFullHttpRequest(decodeResult: success, version: HTTP/1.1, content: EmptyByteBufBE)
GET /session/f5e9fdb6b556e0f1551f4e746b1a33c5/element/345ab0a1-a8c1-4527-8af2-e3b3b75e943e/enabled HTTP/1.1
User-Agent: selenium/4.1.2 (java windows)
Cache-Control: no-cache
Content-Type: application/json; charset=utf-8
host: localhost:56950
accept: */*

Response DefaultHttpResponse(decodeResult: success, version: HTTP/1.1)
HTTP/1.1 200 OK
Content-Type: application/json; charset=utf-8
cache-control: no-cache
content-length: 14

17:54:09.847 [AsyncHttpClient-1-2] DEBUG org.asynchttpclient.netty.channel.ChannelManager - Adding key: http://localhost:56950 for channel [id: 0x4f93e008, L:/127.0.0.1:58200 - R:localhost/127.0.0.1:56950]
17:54:09.849 [Forwarding isElementEnabled on session f5e9fdb6b556e0f1551f4e746b1a33c5 to remote] DEBUG org.asynchttpclient.netty.request.NettyRequestSender - Using pooled Channel '[id: 0x4f93e008, L:/127.0.0.1:58200 - R:localhost/127.0.0.1:56950]' for 'GET' to 'http://localhost:56950/session/f5e9fdb6b556e0f1551f4e746b1a33c5/element/345ab0a1-a8c1-4527-8af2-e3b3b75e943e/enabled'
17:54:09.849 [Forwarding isElementEnabled on session f5e9fdb6b556e0f1551f4e746b1a33c5 to remote] DEBUG org.asynchttpclient.netty.request.NettyRequestSender - Using open Channel [id: 0x4f93e008, L:/127.0.0.1:58200 - R:localhost/127.0.0.1:56950] for GET '/session/f5e9fdb6b556e0f1551f4e746b1a33c5/element/345ab0a1-a8c1-4527-8af2-e3b3b75e943e/enabled'
17:54:09.857 [AsyncHttpClient-1-2] DEBUG org.asynchttpclient.netty.handler.HttpHandler - 

Request DefaultFullHttpRequest(decodeResult: success, version: HTTP/1.1, content: EmptyByteBufBE)
GET /session/f5e9fdb6b556e0f1551f4e746b1a33c5/element/345ab0a1-a8c1-4527-8af2-e3b3b75e943e/enabled HTTP/1.1
User-Agent: selenium/4.1.2 (java windows)
Cache-Control: no-cache
Content-Type: application/json; charset=utf-8
host: localhost:56950
accept: */*

Response DefaultHttpResponse(decodeResult: success, version: HTTP/1.1)
HTTP/1.1 200 OK
Content-Type: application/json; charset=utf-8
cache-control: no-cache
content-length: 14

17:54:09.857 [AsyncHttpClient-1-2] DEBUG org.asynchttpclient.netty.channel.ChannelManager - Adding key: http://localhost:56950 for channel [id: 0x4f93e008, L:/127.0.0.1:58200 - R:localhost/127.0.0.1:56950]
17:54:09.862 [Forwarding findElement on session f5e9fdb6b556e0f1551f4e746b1a33c5 to remote] DEBUG org.asynchttpclient.netty.request.NettyRequestSender - Using pooled Channel '[id: 0x4f93e008, L:/127.0.0.1:58200 - R:localhost/127.0.0.1:56950]' for 'POST' to 'http://localhost:56950/session/f5e9fdb6b556e0f1551f4e746b1a33c5/element'
17:54:09.862 [Forwarding findElement on session f5e9fdb6b556e0f1551f4e746b1a33c5 to remote] DEBUG org.asynchttpclient.netty.request.NettyRequestSender - Using open Channel [id: 0x4f93e008, L:/127.0.0.1:58200 - R:localhost/127.0.0.1:56950] for POST '/session/f5e9fdb6b556e0f1551f4e746b1a33c5/element'
17:54:09.876 [AsyncHttpClient-1-2] DEBUG org.asynchttpclient.netty.handler.HttpHandler - 

Request DefaultHttpRequest(decodeResult: success, version: HTTP/1.1)
POST /session/f5e9fdb6b556e0f1551f4e746b1a33c5/element HTTP/1.1
User-Agent: selenium/4.1.2 (java windows)
Content-Length: 102
Content-Type: application/json; charset=utf-8
host: localhost:56950
accept: */*

Response DefaultHttpResponse(decodeResult: success, version: HTTP/1.1)
HTTP/1.1 200 OK
Content-Type: application/json; charset=utf-8
cache-control: no-cache
content-length: 88

17:54:09.876 [AsyncHttpClient-1-2] DEBUG org.asynchttpclient.netty.channel.ChannelManager - Adding key: http://localhost:56950 for channel [id: 0x4f93e008, L:/127.0.0.1:58200 - R:localhost/127.0.0.1:56950]
17:54:09.879 [Forwarding clickElement on session f5e9fdb6b556e0f1551f4e746b1a33c5 to remote] DEBUG org.asynchttpclient.netty.request.NettyRequestSender - Using pooled Channel '[id: 0x4f93e008, L:/127.0.0.1:58200 - R:localhost/127.0.0.1:56950]' for 'POST' to 'http://localhost:56950/session/f5e9fdb6b556e0f1551f4e746b1a33c5/element/345ab0a1-a8c1-4527-8af2-e3b3b75e943e/click'
17:54:09.880 [Forwarding clickElement on session f5e9fdb6b556e0f1551f4e746b1a33c5 to remote] DEBUG org.asynchttpclient.netty.request.NettyRequestSender - Using open Channel [id: 0x4f93e008, L:/127.0.0.1:58200 - R:localhost/127.0.0.1:56950] for POST '/session/f5e9fdb6b556e0f1551f4e746b1a33c5/element/345ab0a1-a8c1-4527-8af2-e3b3b75e943e/click'
17:54:09.939 [AsyncHttpClient-1-2] DEBUG org.asynchttpclient.netty.handler.HttpHandler - 

Request DefaultHttpRequest(decodeResult: success, version: HTTP/1.1)
POST /session/f5e9fdb6b556e0f1551f4e746b1a33c5/element/345ab0a1-a8c1-4527-8af2-e3b3b75e943e/click HTTP/1.1
User-Agent: selenium/4.1.2 (java windows)
Content-Length: 50
Content-Type: application/json; charset=utf-8
host: localhost:56950
accept: */*

Response DefaultHttpResponse(decodeResult: success, version: HTTP/1.1)
HTTP/1.1 200 OK
Content-Type: application/json; charset=utf-8
cache-control: no-cache
content-length: 14

17:54:09.939 [AsyncHttpClient-1-2] DEBUG org.asynchttpclient.netty.channel.ChannelManager - Adding key: http://localhost:56950 for channel [id: 0x4f93e008, L:/127.0.0.1:58200 - R:localhost/127.0.0.1:56950]
  &amp#27;[32mThen &amp#27;[0m&amp#27;[32mI go to order page&amp#27;[0m                &amp#27;[90m# starter.stepdefinitions.CartSteps.iGoToOrderPage()&amp#27;[0m
17:54:09.953 [Forwarding screenshot on session f5e9fdb6b556e0f1551f4e746b1a33c5 to remote] DEBUG org.asynchttpclient.netty.request.NettyRequestSender - Using pooled Channel '[id: 0x4f93e008, L:/127.0.0.1:58200 - R:localhost/127.0.0.1:56950]' for 'GET' to 'http://localhost:56950/session/f5e9fdb6b556e0f1551f4e746b1a33c5/screenshot'
17:54:09.954 [Forwarding screenshot on session f5e9fdb6b556e0f1551f4e746b1a33c5 to remote] DEBUG org.asynchttpclient.netty.request.NettyRequestSender - Using open Channel [id: 0x4f93e008, L:/127.0.0.1:58200 - R:localhost/127.0.0.1:56950] for GET '/session/f5e9fdb6b556e0f1551f4e746b1a33c5/screenshot'
17:54:10.215 [AsyncHttpClient-1-1] DEBUG org.asynchttpclient.netty.channel.DefaultChannelPool - Entry count for : http://localhost:58201 : 1
17:54:10.393 [AsyncHttpClient-1-2] DEBUG org.asynchttpclient.netty.handler.HttpHandler - 

Request DefaultFullHttpRequest(decodeResult: success, version: HTTP/1.1, content: EmptyByteBufBE)
GET /session/f5e9fdb6b556e0f1551f4e746b1a33c5/screenshot HTTP/1.1
User-Agent: selenium/4.1.2 (java windows)
Cache-Control: no-cache
Content-Type: application/json; charset=utf-8
host: localhost:56950
accept: */*

Response DefaultHttpResponse(decodeResult: success, version: HTTP/1.1)
HTTP/1.1 200 OK
Content-Type: application/json; charset=utf-8
cache-control: no-cache
content-length: 40860

17:54:10.394 [AsyncHttpClient-1-2] DEBUG org.asynchttpclient.netty.channel.ChannelManager - Adding key: http://localhost:56950 for channel [id: 0x4f93e008, L:/127.0.0.1:58200 - R:localhost/127.0.0.1:56950]
17:54:10.398 [main] DEBUG net.serenitybdd.core.photography.Darkroom - Send negative for processing for target\site\serenity\b6b5590754b33ad2de93c2a844c9f28e0bce6dc4aa77d81daacf09d061b8acc3.png
17:54:10.399 [Darkroom Processing Line] DEBUG net.serenitybdd.core.photography.DarkroomProcessingLine - Processing screenshot image in /var/screenshots/screenshot-702276124111634595
17:54:10.399 [Darkroom Processing Line] DEBUG net.serenitybdd.core.photography.DarkroomProcessingLine - Saving screenshot to target\site\serenity\b6b5590754b33ad2de93c2a844c9f28e0bce6dc4aa77d81daacf09d061b8acc3.png
17:54:10.408 [Forwarding findElement on session f5e9fdb6b556e0f1551f4e746b1a33c5 to remote] DEBUG org.asynchttpclient.netty.request.NettyRequestSender - Using pooled Channel '[id: 0x4f93e008, L:/127.0.0.1:58200 - R:localhost/127.0.0.1:56950]' for 'POST' to 'http://localhost:56950/session/f5e9fdb6b556e0f1551f4e746b1a33c5/element'
17:54:10.408 [Forwarding findElement on session f5e9fdb6b556e0f1551f4e746b1a33c5 to remote] DEBUG org.asynchttpclient.netty.request.NettyRequestSender - Using open Channel [id: 0x4f93e008, L:/127.0.0.1:58200 - R:localhost/127.0.0.1:56950] for POST '/session/f5e9fdb6b556e0f1551f4e746b1a33c5/element'
17:54:10.422 [AsyncHttpClient-1-2] DEBUG org.asynchttpclient.netty.handler.HttpHandler - 

Request DefaultHttpRequest(decodeResult: success, version: HTTP/1.1)
POST /session/f5e9fdb6b556e0f1551f4e746b1a33c5/element HTTP/1.1
User-Agent: selenium/4.1.2 (java windows)
Content-Length: 126
Content-Type: application/json; charset=utf-8
host: localhost:56950
accept: */*

Response DefaultHttpResponse(decodeResult: success, version: HTTP/1.1)
HTTP/1.1 200 OK
Content-Type: application/json; charset=utf-8
cache-control: no-cache
content-length: 88

17:54:10.423 [AsyncHttpClient-1-2] DEBUG org.asynchttpclient.netty.channel.ChannelManager - Adding key: http://localhost:56950 for channel [id: 0x4f93e008, L:/127.0.0.1:58200 - R:localhost/127.0.0.1:56950]
17:54:10.431 [Forwarding isElementDisplayed on session f5e9fdb6b556e0f1551f4e746b1a33c5 to remote] DEBUG org.asynchttpclient.netty.request.NettyRequestSender - Using pooled Channel '[id: 0x4f93e008, L:/127.0.0.1:58200 - R:localhost/127.0.0.1:56950]' for 'POST' to 'http://localhost:56950/session/f5e9fdb6b556e0f1551f4e746b1a33c5/execute/sync'
17:54:10.431 [Forwarding isElementDisplayed on session f5e9fdb6b556e0f1551f4e746b1a33c5 to remote] DEBUG org.asynchttpclient.netty.request.NettyRequestSender - Using open Channel [id: 0x4f93e008, L:/127.0.0.1:58200 - R:localhost/127.0.0.1:56950] for POST '/session/f5e9fdb6b556e0f1551f4e746b1a33c5/execute/sync'
17:54:10.449 [AsyncHttpClient-1-2] DEBUG org.asynchttpclient.netty.handler.HttpHandler - 

Request DefaultHttpRequest(decodeResult: success, version: HTTP/1.1)
POST /session/f5e9fdb6b556e0f1551f4e746b1a33c5/execute/sync HTTP/1.1
User-Agent: selenium/4.1.2 (java windows)
Content-Length: 48780
Content-Type: application/json; charset=utf-8
host: localhost:56950
accept: */*

Response DefaultHttpResponse(decodeResult: success, version: HTTP/1.1)
HTTP/1.1 200 OK
Content-Type: application/json; charset=utf-8
cache-control: no-cache
content-length: 14

17:54:10.450 [AsyncHttpClient-1-2] DEBUG org.asynchttpclient.netty.channel.ChannelManager - Adding key: http://localhost:56950 for channel [id: 0x4f93e008, L:/127.0.0.1:58200 - R:localhost/127.0.0.1:56950]
  &amp#27;[32mAnd &amp#27;[0m&amp#27;[32mI validate on order page&amp#27;[0m           &amp#27;[90m# starter.stepdefinitions.CartSteps.iValidateOnOrderPage()&amp#27;[0m
17:54:10.457 [Forwarding screenshot on session f5e9fdb6b556e0f1551f4e746b1a33c5 to remote] DEBUG org.asynchttpclient.netty.request.NettyRequestSender - Using pooled Channel '[id: 0x4f93e008, L:/127.0.0.1:58200 - R:localhost/127.0.0.1:56950]' for 'GET' to 'http://localhost:56950/session/f5e9fdb6b556e0f1551f4e746b1a33c5/screenshot'
17:54:10.458 [Forwarding screenshot on session f5e9fdb6b556e0f1551f4e746b1a33c5 to remote] DEBUG org.asynchttpclient.netty.request.NettyRequestSender - Using open Channel [id: 0x4f93e008, L:/127.0.0.1:58200 - R:localhost/127.0.0.1:56950] for GET '/session/f5e9fdb6b556e0f1551f4e746b1a33c5/screenshot'
17:54:10.633 [AsyncHttpClient-1-2] DEBUG org.asynchttpclient.netty.handler.HttpHandler - 

Request DefaultFullHttpRequest(decodeResult: success, version: HTTP/1.1, content: EmptyByteBufBE)
GET /session/f5e9fdb6b556e0f1551f4e746b1a33c5/screenshot HTTP/1.1
User-Agent: selenium/4.1.2 (java windows)
Cache-Control: no-cache
Content-Type: application/json; charset=utf-8
host: localhost:56950
accept: */*

Response DefaultHttpResponse(decodeResult: success, version: HTTP/1.1)
HTTP/1.1 200 OK
Content-Type: application/json; charset=utf-8
cache-control: no-cache
content-length: 40560

17:54:10.634 [AsyncHttpClient-1-2] DEBUG org.asynchttpclient.netty.channel.ChannelManager - Adding key: http://localhost:56950 for channel [id: 0x4f93e008, L:/127.0.0.1:58200 - R:localhost/127.0.0.1:56950]
17:54:10.636 [main] DEBUG net.serenitybdd.core.photography.Darkroom - Send negative for processing for target\site\serenity\a549f68892bc5c67f29d600c4a118d60c73225773c658afc675d10fd25a5051f.png
17:54:10.637 [Darkroom Processing Line] DEBUG net.serenitybdd.core.photography.DarkroomProcessingLine - Processing screenshot image in /var/screenshots/screenshot-10751583799767761541
17:54:10.637 [Darkroom Processing Line] DEBUG net.serenitybdd.core.photography.DarkroomProcessingLine - Saving screenshot to target\site\serenity\a549f68892bc5c67f29d600c4a118d60c73225773c658afc675d10fd25a5051f.png
17:54:10.647 [Forwarding findElement on session f5e9fdb6b556e0f1551f4e746b1a33c5 to remote] DEBUG org.asynchttpclient.netty.request.NettyRequestSender - Using pooled Channel '[id: 0x4f93e008, L:/127.0.0.1:58200 - R:localhost/127.0.0.1:56950]' for 'POST' to 'http://localhost:56950/session/f5e9fdb6b556e0f1551f4e746b1a33c5/element'
17:54:10.648 [Forwarding findElement on session f5e9fdb6b556e0f1551f4e746b1a33c5 to remote] DEBUG org.asynchttpclient.netty.request.NettyRequestSender - Using open Channel [id: 0x4f93e008, L:/127.0.0.1:58200 - R:localhost/127.0.0.1:56950] for POST '/session/f5e9fdb6b556e0f1551f4e746b1a33c5/element'
17:54:10.656 [AsyncHttpClient-1-2] DEBUG org.asynchttpclient.netty.handler.HttpHandler - 

Request DefaultHttpRequest(decodeResult: success, version: HTTP/1.1)
POST /session/f5e9fdb6b556e0f1551f4e746b1a33c5/element HTTP/1.1
User-Agent: selenium/4.1.2 (java windows)
Content-Length: 126
Content-Type: application/json; charset=utf-8
host: localhost:56950
accept: */*

Response DefaultHttpResponse(decodeResult: success, version: HTTP/1.1)
HTTP/1.1 200 OK
Content-Type: application/json; charset=utf-8
cache-control: no-cache
content-length: 88

17:54:10.656 [AsyncHttpClient-1-2] DEBUG org.asynchttpclient.netty.channel.ChannelManager - Adding key: http://localhost:56950 for channel [id: 0x4f93e008, L:/127.0.0.1:58200 - R:localhost/127.0.0.1:56950]
17:54:10.658 [Forwarding getElementTagName on session f5e9fdb6b556e0f1551f4e746b1a33c5 to remote] DEBUG org.asynchttpclient.netty.request.NettyRequestSender - Using pooled Channel '[id: 0x4f93e008, L:/127.0.0.1:58200 - R:localhost/127.0.0.1:56950]' for 'GET' to 'http://localhost:56950/session/f5e9fdb6b556e0f1551f4e746b1a33c5/element/35c14dbc-6527-4b28-ae80-711547c3d33e/name'
17:54:10.658 [Forwarding getElementTagName on session f5e9fdb6b556e0f1551f4e746b1a33c5 to remote] DEBUG org.asynchttpclient.netty.request.NettyRequestSender - Using open Channel [id: 0x4f93e008, L:/127.0.0.1:58200 - R:localhost/127.0.0.1:56950] for GET '/session/f5e9fdb6b556e0f1551f4e746b1a33c5/element/35c14dbc-6527-4b28-ae80-711547c3d33e/name'
17:54:10.664 [AsyncHttpClient-1-2] DEBUG org.asynchttpclient.netty.handler.HttpHandler - 

Request DefaultFullHttpRequest(decodeResult: success, version: HTTP/1.1, content: EmptyByteBufBE)
GET /session/f5e9fdb6b556e0f1551f4e746b1a33c5/element/35c14dbc-6527-4b28-ae80-711547c3d33e/name HTTP/1.1
User-Agent: selenium/4.1.2 (java windows)
Cache-Control: no-cache
Content-Type: application/json; charset=utf-8
host: localhost:56950
accept: */*

Response DefaultHttpResponse(decodeResult: success, version: HTTP/1.1)
HTTP/1.1 200 OK
Content-Type: application/json; charset=utf-8
cache-control: no-cache
content-length: 16

17:54:10.664 [AsyncHttpClient-1-2] DEBUG org.asynchttpclient.netty.channel.ChannelManager - Adding key: http://localhost:56950 for channel [id: 0x4f93e008, L:/127.0.0.1:58200 - R:localhost/127.0.0.1:56950]
17:54:10.667 [Forwarding getElementTagName on session f5e9fdb6b556e0f1551f4e746b1a33c5 to remote] DEBUG org.asynchttpclient.netty.request.NettyRequestSender - Using pooled Channel '[id: 0x4f93e008, L:/127.0.0.1:58200 - R:localhost/127.0.0.1:56950]' for 'GET' to 'http://localhost:56950/session/f5e9fdb6b556e0f1551f4e746b1a33c5/element/35c14dbc-6527-4b28-ae80-711547c3d33e/name'
17:54:10.667 [Forwarding getElementTagName on session f5e9fdb6b556e0f1551f4e746b1a33c5 to remote] DEBUG org.asynchttpclient.netty.request.NettyRequestSender - Using open Channel [id: 0x4f93e008, L:/127.0.0.1:58200 - R:localhost/127.0.0.1:56950] for GET '/session/f5e9fdb6b556e0f1551f4e746b1a33c5/element/35c14dbc-6527-4b28-ae80-711547c3d33e/name'
17:54:10.671 [AsyncHttpClient-1-2] DEBUG org.asynchttpclient.netty.handler.HttpHandler - 

Request DefaultFullHttpRequest(decodeResult: success, version: HTTP/1.1, content: EmptyByteBufBE)
GET /session/f5e9fdb6b556e0f1551f4e746b1a33c5/element/35c14dbc-6527-4b28-ae80-711547c3d33e/name HTTP/1.1
User-Agent: selenium/4.1.2 (java windows)
Cache-Control: no-cache
Content-Type: application/json; charset=utf-8
host: localhost:56950
accept: */*

Response DefaultHttpResponse(decodeResult: success, version: HTTP/1.1)
HTTP/1.1 200 OK
Content-Type: application/json; charset=utf-8
cache-control: no-cache
content-length: 16

17:54:10.672 [AsyncHttpClient-1-2] DEBUG org.asynchttpclient.netty.channel.ChannelManager - Adding key: http://localhost:56950 for channel [id: 0x4f93e008, L:/127.0.0.1:58200 - R:localhost/127.0.0.1:56950]
17:54:10.675 [Forwarding findElement on session f5e9fdb6b556e0f1551f4e746b1a33c5 to remote] DEBUG org.asynchttpclient.netty.request.NettyRequestSender - Using pooled Channel '[id: 0x4f93e008, L:/127.0.0.1:58200 - R:localhost/127.0.0.1:56950]' for 'POST' to 'http://localhost:56950/session/f5e9fdb6b556e0f1551f4e746b1a33c5/element'
17:54:10.675 [Forwarding findElement on session f5e9fdb6b556e0f1551f4e746b1a33c5 to remote] DEBUG org.asynchttpclient.netty.request.NettyRequestSender - Using open Channel [id: 0x4f93e008, L:/127.0.0.1:58200 - R:localhost/127.0.0.1:56950] for POST '/session/f5e9fdb6b556e0f1551f4e746b1a33c5/element'
17:54:10.684 [AsyncHttpClient-1-2] DEBUG org.asynchttpclient.netty.handler.HttpHandler - 

Request DefaultHttpRequest(decodeResult: success, version: HTTP/1.1)
POST /session/f5e9fdb6b556e0f1551f4e746b1a33c5/element HTTP/1.1
User-Agent: selenium/4.1.2 (java windows)
Content-Length: 126
Content-Type: application/json; charset=utf-8
host: localhost:56950
accept: */*

Response DefaultHttpResponse(decodeResult: success, version: HTTP/1.1)
HTTP/1.1 200 OK
Content-Type: application/json; charset=utf-8
cache-control: no-cache
content-length: 88

17:54:10.685 [AsyncHttpClient-1-2] DEBUG org.asynchttpclient.netty.channel.ChannelManager - Adding key: http://localhost:56950 for channel [id: 0x4f93e008, L:/127.0.0.1:58200 - R:localhost/127.0.0.1:56950]
17:54:10.687 [Forwarding clickElement on session f5e9fdb6b556e0f1551f4e746b1a33c5 to remote] DEBUG org.asynchttpclient.netty.request.NettyRequestSender - Using pooled Channel '[id: 0x4f93e008, L:/127.0.0.1:58200 - R:localhost/127.0.0.1:56950]' for 'POST' to 'http://localhost:56950/session/f5e9fdb6b556e0f1551f4e746b1a33c5/element/35c14dbc-6527-4b28-ae80-711547c3d33e/click'
17:54:10.687 [Forwarding clickElement on session f5e9fdb6b556e0f1551f4e746b1a33c5 to remote] DEBUG org.asynchttpclient.netty.request.NettyRequestSender - Using open Channel [id: 0x4f93e008, L:/127.0.0.1:58200 - R:localhost/127.0.0.1:56950] for POST '/session/f5e9fdb6b556e0f1551f4e746b1a33c5/element/35c14dbc-6527-4b28-ae80-711547c3d33e/click'
17:54:10.738 [AsyncHttpClient-1-2] DEBUG org.asynchttpclient.netty.handler.HttpHandler - 

Request DefaultHttpRequest(decodeResult: success, version: HTTP/1.1)
POST /session/f5e9fdb6b556e0f1551f4e746b1a33c5/element/35c14dbc-6527-4b28-ae80-711547c3d33e/click HTTP/1.1
User-Agent: selenium/4.1.2 (java windows)
Content-Length: 50
Content-Type: application/json; charset=utf-8
host: localhost:56950
accept: */*

Response DefaultHttpResponse(decodeResult: success, version: HTTP/1.1)
HTTP/1.1 200 OK
Content-Type: application/json; charset=utf-8
cache-control: no-cache
content-length: 14

17:54:10.739 [AsyncHttpClient-1-2] DEBUG org.asynchttpclient.netty.channel.ChannelManager - Adding key: http://localhost:56950 for channel [id: 0x4f93e008, L:/127.0.0.1:58200 - R:localhost/127.0.0.1:56950]
  &amp#27;[32mAnd &amp#27;[0m&amp#27;[32mI click &amp#27;[0m&amp#27;[32m&amp#27;[1m"+"&amp#27;[0m&amp#27;[32m button&amp#27;[0m                 &amp#27;[90m# starter.stepdefinitions.CartSteps.iClickButton(java.lang.String)&amp#27;[0m
17:54:10.751 [Forwarding screenshot on session f5e9fdb6b556e0f1551f4e746b1a33c5 to remote] DEBUG org.asynchttpclient.netty.request.NettyRequestSender - Using pooled Channel '[id: 0x4f93e008, L:/127.0.0.1:58200 - R:localhost/127.0.0.1:56950]' for 'GET' to 'http://localhost:56950/session/f5e9fdb6b556e0f1551f4e746b1a33c5/screenshot'
17:54:10.751 [Forwarding screenshot on session f5e9fdb6b556e0f1551f4e746b1a33c5 to remote] DEBUG org.asynchttpclient.netty.request.NettyRequestSender - Using open Channel [id: 0x4f93e008, L:/127.0.0.1:58200 - R:localhost/127.0.0.1:56950] for GET '/session/f5e9fdb6b556e0f1551f4e746b1a33c5/screenshot'
17:54:10.897 [AsyncHttpClient-1-2] DEBUG org.asynchttpclient.netty.handler.HttpHandler - 

Request DefaultFullHttpRequest(decodeResult: success, version: HTTP/1.1, content: EmptyByteBufBE)
GET /session/f5e9fdb6b556e0f1551f4e746b1a33c5/screenshot HTTP/1.1
User-Agent: selenium/4.1.2 (java windows)
Cache-Control: no-cache
Content-Type: application/json; charset=utf-8
host: localhost:56950
accept: */*

Response DefaultHttpResponse(decodeResult: success, version: HTTP/1.1)
HTTP/1.1 200 OK
Content-Type: application/json; charset=utf-8
cache-control: no-cache
content-length: 43940

17:54:10.898 [AsyncHttpClient-1-2] DEBUG org.asynchttpclient.netty.channel.ChannelManager - Adding key: http://localhost:56950 for channel [id: 0x4f93e008, L:/127.0.0.1:58200 - R:localhost/127.0.0.1:56950]
17:54:10.901 [main] DEBUG net.serenitybdd.core.photography.Darkroom - Send negative for processing for target\site\serenity\5d7a81ec7bb8d27631acfe598b08fdbfc66e0179269e059c12695ce74ef9e784.png
17:54:10.902 [Darkroom Processing Line] DEBUG net.serenitybdd.core.photography.DarkroomProcessingLine - Processing screenshot image in /var/screenshots/screenshot-9731826774205544866
17:54:10.903 [Darkroom Processing Line] DEBUG net.serenitybdd.core.photography.DarkroomProcessingLine - Saving screenshot to target\site\serenity\5d7a81ec7bb8d27631acfe598b08fdbfc66e0179269e059c12695ce74ef9e784.png
17:54:10.912 [Forwarding findElement on session f5e9fdb6b556e0f1551f4e746b1a33c5 to remote] DEBUG org.asynchttpclient.netty.request.NettyRequestSender - Using pooled Channel '[id: 0x4f93e008, L:/127.0.0.1:58200 - R:localhost/127.0.0.1:56950]' for 'POST' to 'http://localhost:56950/session/f5e9fdb6b556e0f1551f4e746b1a33c5/element'
17:54:10.912 [Forwarding findElement on session f5e9fdb6b556e0f1551f4e746b1a33c5 to remote] DEBUG org.asynchttpclient.netty.request.NettyRequestSender - Using open Channel [id: 0x4f93e008, L:/127.0.0.1:58200 - R:localhost/127.0.0.1:56950] for POST '/session/f5e9fdb6b556e0f1551f4e746b1a33c5/element'
17:54:10.927 [AsyncHttpClient-1-2] DEBUG org.asynchttpclient.netty.handler.HttpHandler - 

Request DefaultHttpRequest(decodeResult: success, version: HTTP/1.1)
POST /session/f5e9fdb6b556e0f1551f4e746b1a33c5/element HTTP/1.1
User-Agent: selenium/4.1.2 (java windows)
Content-Length: 69
Content-Type: application/json; charset=utf-8
host: localhost:56950
accept: */*

Response DefaultHttpResponse(decodeResult: success, version: HTTP/1.1)
HTTP/1.1 200 OK
Content-Type: application/json; charset=utf-8
cache-control: no-cache
content-length: 88

17:54:10.927 [AsyncHttpClient-1-2] DEBUG org.asynchttpclient.netty.channel.ChannelManager - Adding key: http://localhost:56950 for channel [id: 0x4f93e008, L:/127.0.0.1:58200 - R:localhost/127.0.0.1:56950]
17:54:10.930 [Forwarding getElementText on session f5e9fdb6b556e0f1551f4e746b1a33c5 to remote] DEBUG org.asynchttpclient.netty.request.NettyRequestSender - Using pooled Channel '[id: 0x4f93e008, L:/127.0.0.1:58200 - R:localhost/127.0.0.1:56950]' for 'GET' to 'http://localhost:56950/session/f5e9fdb6b556e0f1551f4e746b1a33c5/element/b14bb98b-45ef-4d8f-99de-558b272bcdc8/text'
17:54:10.930 [Forwarding getElementText on session f5e9fdb6b556e0f1551f4e746b1a33c5 to remote] DEBUG org.asynchttpclient.netty.request.NettyRequestSender - Using open Channel [id: 0x4f93e008, L:/127.0.0.1:58200 - R:localhost/127.0.0.1:56950] for GET '/session/f5e9fdb6b556e0f1551f4e746b1a33c5/element/b14bb98b-45ef-4d8f-99de-558b272bcdc8/text'
17:54:10.946 [AsyncHttpClient-1-2] DEBUG org.asynchttpclient.netty.handler.HttpHandler - 

Request DefaultFullHttpRequest(decodeResult: success, version: HTTP/1.1, content: EmptyByteBufBE)
GET /session/f5e9fdb6b556e0f1551f4e746b1a33c5/element/b14bb98b-45ef-4d8f-99de-558b272bcdc8/text HTTP/1.1
User-Agent: selenium/4.1.2 (java windows)
Cache-Control: no-cache
Content-Type: application/json; charset=utf-8
host: localhost:56950
accept: */*

Response DefaultHttpResponse(decodeResult: success, version: HTTP/1.1)
HTTP/1.1 200 OK
Content-Type: application/json; charset=utf-8
cache-control: no-cache
content-length: 13

17:54:10.946 [AsyncHttpClient-1-2] DEBUG org.asynchttpclient.netty.channel.ChannelManager - Adding key: http://localhost:56950 for channel [id: 0x4f93e008, L:/127.0.0.1:58200 - R:localhost/127.0.0.1:56950]
  &amp#27;[32mAnd &amp#27;[0m&amp#27;[32mI validate the &amp#27;[0m&amp#27;[32m&amp#27;[1m"add"&amp#27;[0m&amp#27;[32m detail&amp#27;[0m        &amp#27;[90m# starter.stepdefinitions.CartSteps.iValidateTheDetail(java.lang.String)&amp#27;[0m
17:54:10.955 [Forwarding screenshot on session f5e9fdb6b556e0f1551f4e746b1a33c5 to remote] DEBUG org.asynchttpclient.netty.request.NettyRequestSender - Using pooled Channel '[id: 0x4f93e008, L:/127.0.0.1:58200 - R:localhost/127.0.0.1:56950]' for 'GET' to 'http://localhost:56950/session/f5e9fdb6b556e0f1551f4e746b1a33c5/screenshot'
17:54:10.955 [Forwarding screenshot on session f5e9fdb6b556e0f1551f4e746b1a33c5 to remote] DEBUG org.asynchttpclient.netty.request.NettyRequestSender - Using open Channel [id: 0x4f93e008, L:/127.0.0.1:58200 - R:localhost/127.0.0.1:56950] for GET '/session/f5e9fdb6b556e0f1551f4e746b1a33c5/screenshot'
17:54:11.105 [AsyncHttpClient-1-2] DEBUG org.asynchttpclient.netty.handler.HttpHandler - 

Request DefaultFullHttpRequest(decodeResult: success, version: HTTP/1.1, content: EmptyByteBufBE)
GET /session/f5e9fdb6b556e0f1551f4e746b1a33c5/screenshot HTTP/1.1
User-Agent: selenium/4.1.2 (java windows)
Cache-Control: no-cache
Content-Type: application/json; charset=utf-8
host: localhost:56950
accept: */*

Response DefaultHttpResponse(decodeResult: success, version: HTTP/1.1)
HTTP/1.1 200 OK
Content-Type: application/json; charset=utf-8
cache-control: no-cache
content-length: 42944

17:54:11.106 [AsyncHttpClient-1-2] DEBUG org.asynchttpclient.netty.channel.ChannelManager - Adding key: http://localhost:56950 for channel [id: 0x4f93e008, L:/127.0.0.1:58200 - R:localhost/127.0.0.1:56950]
17:54:11.109 [main] DEBUG net.serenitybdd.core.photography.Darkroom - Send negative for processing for target\site\serenity\ec810038e8ae7865a9df08526f26d7aec76d1845569326b99c0a3bf0e12f59f4.png
17:54:11.110 [Darkroom Processing Line] DEBUG net.serenitybdd.core.photography.DarkroomProcessingLine - Processing screenshot image in /var/screenshots/screenshot-1645208049016370464
17:54:11.110 [Darkroom Processing Line] DEBUG net.serenitybdd.core.photography.DarkroomProcessingLine - Saving screenshot to target\site\serenity\ec810038e8ae7865a9df08526f26d7aec76d1845569326b99c0a3bf0e12f59f4.png
17:54:11.321 [AsyncHttpClient-1-1] DEBUG org.asynchttpclient.netty.channel.DefaultChannelPool - Entry count for : http://localhost:58201 : 1
17:54:11.321 [AsyncHttpClient-1-1] DEBUG org.asynchttpclient.netty.channel.DefaultChannelPool - Entry count for : http://localhost:56950 : 1
17:54:11.335 [Driver Command Executor] DEBUG org.asynchttpclient.netty.request.NettyRequestSender - Using pooled Channel '[id: 0x4f93e008, L:/127.0.0.1:58200 - R:localhost/127.0.0.1:56950]' for 'DELETE' to 'http://localhost:56950/session/f5e9fdb6b556e0f1551f4e746b1a33c5'
17:54:11.335 [Driver Command Executor] DEBUG org.asynchttpclient.netty.request.NettyRequestSender - Using open Channel [id: 0x4f93e008, L:/127.0.0.1:58200 - R:localhost/127.0.0.1:56950] for DELETE '/session/f5e9fdb6b556e0f1551f4e746b1a33c5'
17:54:11.338 [AsyncHttpClient-1-4] DEBUG org.asynchttpclient.netty.handler.WebSocketHandler - Channel Closed: [id: 0xa022a60e, L:/127.0.0.1:58209 ! R:localhost/127.0.0.1:58201] with attribute NettyResponseFuture{currentRetry=5,
	isDone=1,
	isCancelled=0,
	asyncHandler=org.asynchttpclient.ws.WebSocketUpgradeHandler@7683dba0,
	nettyRequest=org.asynchttpclient.netty.request.NettyRequest@6f402059,
	future=java.util.concurrent.CompletableFuture@4402cc01[Completed normally],
	uri=ws://localhost:58201/devtools/browser/3b967b47-fdd5-4a44-9dcc-0d56cf289308,
	keepAlive=true,
	redirectCount=0,
	timeoutsHolder=null,
	inAuth=0,
	touch=1652784843926}
17:54:11.339 [AsyncHttpClient-1-4] DEBUG org.asynchttpclient.netty.channel.ChannelManager - Closing Channel [id: 0xa022a60e, L:/127.0.0.1:58209 ! R:localhost/127.0.0.1:58201] 
17:54:11.438 [AsyncHttpClient-1-3] DEBUG org.asynchttpclient.netty.handler.HttpHandler - Unexpected I/O exception on channel [id: 0xce51a3f0, L:/127.0.0.1:58208 - R:localhost/127.0.0.1:58201]
java.net.SocketException: Connection reset
	at java.base/sun.nio.ch.SocketChannelImpl.throwConnectionReset(SocketChannelImpl.java:367)
	at java.base/sun.nio.ch.SocketChannelImpl.read(SocketChannelImpl.java:398)
	at io.netty.buffer.PooledByteBuf.setBytes(PooledByteBuf.java:258)
	at io.netty.buffer.AbstractByteBuf.writeBytes(AbstractByteBuf.java:1132)
	at io.netty.channel.socket.nio.NioSocketChannel.doReadBytes(NioSocketChannel.java:350)
	at io.netty.channel.nio.AbstractNioByteChannel$NioByteUnsafe.read(AbstractNioByteChannel.java:151)
	at io.netty.channel.nio.NioEventLoop.processSelectedKey(NioEventLoop.java:722)
	at io.netty.channel.nio.NioEventLoop.processSelectedKeysOptimized(NioEventLoop.java:658)
	at io.netty.channel.nio.NioEventLoop.processSelectedKeys(NioEventLoop.java:584)
	at io.netty.channel.nio.NioEventLoop.run(NioEventLoop.java:496)
	at io.netty.util.concurrent.SingleThreadEventExecutor$4.run(SingleThreadEventExecutor.java:986)
	at io.netty.util.internal.ThreadExecutorMap$2.run(ThreadExecutorMap.java:74)
	at io.netty.util.concurrent.FastThreadLocalRunnable.run(FastThreadLocalRunnable.java:30)
	at java.base/java.lang.Thread.run(Thread.java:832)
17:54:11.439 [AsyncHttpClient-1-3] DEBUG org.asynchttpclient.netty.channel.ChannelManager - Closing Channel [id: 0xce51a3f0, L:/127.0.0.1:58208 - R:localhost/127.0.0.1:58201] 
17:54:11.440 [AsyncHttpClient-1-3] DEBUG org.asynchttpclient.netty.handler.HttpHandler - Channel Closed: [id: 0xce51a3f0, L:/127.0.0.1:58208 ! R:localhost/127.0.0.1:58201] with attribute DISCARD
17:54:11.463 [AsyncHttpClient-1-2] DEBUG org.asynchttpclient.netty.handler.HttpHandler - 

Request DefaultFullHttpRequest(decodeResult: success, version: HTTP/1.1, content: EmptyByteBufBE)
DELETE /session/f5e9fdb6b556e0f1551f4e746b1a33c5 HTTP/1.1
User-Agent: selenium/4.1.2 (java windows)
Content-Type: application/json; charset=utf-8
host: localhost:56950
accept: */*

Response DefaultHttpResponse(decodeResult: success, version: HTTP/1.1)
HTTP/1.1 200 OK
Content-Type: application/json; charset=utf-8
cache-control: no-cache
content-length: 14

17:54:11.464 [AsyncHttpClient-1-2] DEBUG org.asynchttpclient.netty.channel.ChannelManager - Adding key: http://localhost:56950 for channel [id: 0x4f93e008, L:/127.0.0.1:58200 - R:localhost/127.0.0.1:56950]
17:54:11.573 [AsyncHttpClient-1-2] DEBUG org.asynchttpclient.netty.handler.HttpHandler - Channel Closed: [id: 0x4f93e008, L:/127.0.0.1:58200 ! R:localhost/127.0.0.1:56950] with attribute DISCARD
17:54:12.102 [main] INFO  - 
  _____   ___   ___   _____     ___     _     ___   ___   ___   ___  
 |_   _| | __| / __| |_   _|   | _ \   /_\   / __| / __| | __| |   \ 
   | |   | _|  \__ \   | |     |  _/  / _ \  \__ \ \__ \ | _|  | |) |
   |_|   |___| |___/   |_|     |_|   /_/ \_\ |___/ |___/ |___| |___/ 

Add and remove product
----------------------------------------------------------------------
]]></system-out>
    <system-err><![CDATA[Starting ChromeDriver 101.0.4951.41 (93c720db8323b3ec10d056025ab95c23a31997c9-refs/branch-heads/4951@{#904}) on port 56950
Only local connections are allowed.
Please see https://chromedriver.chromium.org/security-considerations for suggestions on keeping ChromeDriver safe.
ChromeDriver was started successfully.
May 17, 2022 5:54:03 PM org.openqa.selenium.remote.ProtocolHandshake createSession
INFO: Detected dialect: W3C
May 17, 2022 5:54:03 PM org.openqa.selenium.devtools.CdpVersionFinder findNearestMatch
WARNING: Unable to find an exact match for CDP version 101, so returning the closest version found: 97
May 17, 2022 5:54:03 PM org.openqa.selenium.devtools.CdpVersionFinder findNearestMatch
INFO: Found CDP implementation for version 101 of 97
]]></system-err>
  </testcase>
  <testcase name="Add and remove product #2" classname="Cart" time="8.039">
    <system-out><![CDATA[
Scenario Outline: Add and remove product &amp#27;[90m# src/test/resources/features/Cart.feature:12&amp#27;[0m
17:54:12.129 [main] INFO io.cucumber.core.plugin.SerenityReporter - Running feature from file:///E:/Learn/ProjectTestWeb/src/test/resources/features/Cart.feature
17:54:12.150 [main] INFO net.serenitybdd.core.webdriver.driverproviders.ChromeDriverProvider - Using automatically driver download
17:54:12.370 [main] DEBUG io.github.bonigarcia.wdm.cache.ResolutionCache - Resolution chrome=101 in cache (valid until 18:23:13 17/05/2022 ICT)
17:54:12.376 [main] DEBUG io.github.bonigarcia.wdm.cache.ResolutionCache - Resolution chrome101=101.0.4951.41 in cache (valid until 17:23:13 18/05/2022 ICT)
17:54:12.379 [main] INFO io.github.bonigarcia.wdm.WebDriverManager - Using chromedriver 101.0.4951.41 (resolved driver for Chrome 101)
17:54:12.397 [main] DEBUG io.github.bonigarcia.wdm.WebDriverManager - Driver chromedriver 101.0.4951.41 found in cache
17:54:12.398 [main] INFO io.github.bonigarcia.wdm.WebDriverManager - Exporting webdriver.chrome.driver as C:\Users\HP\.cache\selenium\chromedriver\win32\101.0.4951.41\chromedriver.exe
17:54:12.414 [AsyncHttpClient-1-1] DEBUG org.asynchttpclient.netty.channel.DefaultChannelPool - Entry count for : http://localhost:58201 : 1
17:54:12.414 [AsyncHttpClient-1-1] DEBUG org.asynchttpclient.netty.channel.DefaultChannelPool - Entry count for : http://localhost:56950 : 1
17:54:12.414 [AsyncHttpClient-1-1] DEBUG org.asynchttpclient.netty.channel.DefaultChannelPool - Adding Candidate expired Channel [id: 0xce51a3f0, L:/127.0.0.1:58208 ! R:localhost/127.0.0.1:58201] isIdleTimeoutExpired=false isRemotelyClosed=true isTtlExpired=false
17:54:12.414 [AsyncHttpClient-1-1] DEBUG org.asynchttpclient.netty.channel.DefaultChannelPool - Closing Idle Channel [id: 0xce51a3f0, L:/127.0.0.1:58208 ! R:localhost/127.0.0.1:58201]
17:54:12.414 [AsyncHttpClient-1-1] DEBUG org.asynchttpclient.netty.channel.DefaultChannelPool - Adding Candidate expired Channel [id: 0x4f93e008, L:/127.0.0.1:58200 ! R:localhost/127.0.0.1:56950] isIdleTimeoutExpired=false isRemotelyClosed=true isTtlExpired=false
17:54:12.414 [AsyncHttpClient-1-1] DEBUG org.asynchttpclient.netty.channel.DefaultChannelPool - Closing Idle Channel [id: 0x4f93e008, L:/127.0.0.1:58200 ! R:localhost/127.0.0.1:56950]
17:54:12.414 [AsyncHttpClient-1-1] DEBUG org.asynchttpclient.netty.channel.DefaultChannelPool - Closed 2 connections out of 2 in 0 ms
17:54:12.599 [main] DEBUG net.serenitybdd.core.webdriver.driverproviders.ProvideNewDriver - Instantiating driver
17:54:12.599 [main] DEBUG net.serenitybdd.core.webdriver.driverproviders.ProvideNewDriver - Driver capabilities: Capabilities {acceptInsecureCerts: false, base.url: , browserName: chrome, goog:chromeOptions: {args: [], extensions: []}}
17:54:13.158 [AsyncHttpClient-1-5] DEBUG org.asynchttpclient.netty.channel.NettyConnectListener - Using new Channel '[id: 0x4cde3bb9, L:/127.0.0.1:58232 - R:localhost/127.0.0.1:53043]' for 'POST' to '/session'
17:54:13.867 [AsyncHttpClient-1-5] DEBUG org.asynchttpclient.netty.handler.HttpHandler - 

Request DefaultHttpRequest(decodeResult: success, version: HTTP/1.1)
POST /session HTTP/1.1
User-Agent: selenium/4.1.2 (java windows)
Content-Length: 457
Content-Type: application/json; charset=utf-8
host: localhost:53043
accept: */*

Response DefaultHttpResponse(decodeResult: success, version: HTTP/1.1)
HTTP/1.1 200 OK
Content-Type: application/json; charset=utf-8
cache-control: no-cache
content-length: 787

17:54:13.868 [AsyncHttpClient-1-5] DEBUG org.asynchttpclient.netty.channel.ChannelManager - Adding key: http://localhost:53043 for channel [id: 0x4cde3bb9, L:/127.0.0.1:58232 - R:localhost/127.0.0.1:53043]
17:54:13.885 [AsyncHttpClient-1-6] DEBUG org.asynchttpclient.netty.channel.NettyConnectListener - Using new Channel '[id: 0x629e2b24, L:/127.0.0.1:58240 - R:localhost/127.0.0.1:58233]' for 'GET' to '/json/version'
17:54:13.893 [AsyncHttpClient-1-6] DEBUG org.asynchttpclient.netty.handler.HttpHandler - 

Request DefaultFullHttpRequest(decodeResult: success, version: HTTP/1.1, content: EmptyByteBufBE)
GET /json/version HTTP/1.1
User-Agent: selenium/4.1.2 (java windows)
host: localhost:58233
accept: */*

Response DefaultHttpResponse(decodeResult: success, version: HTTP/1.1)
HTTP/1.1 200 OK
Content-Type: application/json; charset=UTF-8
content-length: 427

17:54:13.893 [AsyncHttpClient-1-6] DEBUG org.asynchttpclient.netty.channel.ChannelManager - Adding key: http://localhost:58233 for channel [id: 0x629e2b24, L:/127.0.0.1:58240 - R:localhost/127.0.0.1:58233]
17:54:13.898 [AsyncHttpClient-1-7] DEBUG org.asynchttpclient.netty.channel.NettyConnectListener - Using new Channel '[id: 0x6a5acf40, L:/127.0.0.1:58241 - R:localhost/127.0.0.1:58233]' for 'GET' to '/devtools/browser/e0c15e1f-5f5e-415f-892e-541ecf6eebe7'
17:54:13.908 [AsyncHttpClient-1-7] DEBUG org.asynchttpclient.netty.handler.WebSocketHandler - 

Request DefaultFullHttpRequest(decodeResult: success, version: HTTP/1.1, content: EmptyByteBufBE)
GET /devtools/browser/e0c15e1f-5f5e-415f-892e-541ecf6eebe7 HTTP/1.1
upgrade: websocket
connection: upgrade
sec-websocket-key: 3yBF700ZkzsCau3n7i2Rdg==
sec-websocket-version: 13
origin: http://localhost:58233
host: localhost:58233
accept: */*
user-agent: AHC/2.1

Response DefaultHttpResponse(decodeResult: success, version: HTTP/1.1)
HTTP/1.1 101 WebSocket Protocol Handshake
Upgrade: WebSocket
Connection: Upgrade
Sec-WebSocket-Accept: orUjAx8iAlhrxdIWlfoIXpUHeiU=

17:54:13.915 [Forwarding get on session 186a8b818e3ad56ed2aec81538e64c07 to remote] DEBUG org.asynchttpclient.netty.request.NettyRequestSender - Using pooled Channel '[id: 0x4cde3bb9, L:/127.0.0.1:58232 - R:localhost/127.0.0.1:53043]' for 'POST' to 'http://localhost:53043/session/186a8b818e3ad56ed2aec81538e64c07/url'
17:54:13.915 [Forwarding get on session 186a8b818e3ad56ed2aec81538e64c07 to remote] DEBUG org.asynchttpclient.netty.request.NettyRequestSender - Using open Channel [id: 0x4cde3bb9, L:/127.0.0.1:58232 - R:localhost/127.0.0.1:53043] for POST '/session/186a8b818e3ad56ed2aec81538e64c07/url'
17:54:14.616 [AsyncHttpClient-1-1] DEBUG org.asynchttpclient.netty.channel.DefaultChannelPool - Entry count for : http://localhost:58233 : 1
17:54:15.280 [AsyncHttpClient-1-5] DEBUG org.asynchttpclient.netty.handler.HttpHandler - 

Request DefaultHttpRequest(decodeResult: success, version: HTTP/1.1)
POST /session/186a8b818e3ad56ed2aec81538e64c07/url HTTP/1.1
User-Agent: selenium/4.1.2 (java windows)
Content-Length: 49
Content-Type: application/json; charset=utf-8
host: localhost:53043
accept: */*

Response DefaultHttpResponse(decodeResult: success, version: HTTP/1.1)
HTTP/1.1 200 OK
Content-Type: application/json; charset=utf-8
cache-control: no-cache
content-length: 14

17:54:15.281 [AsyncHttpClient-1-5] DEBUG org.asynchttpclient.netty.channel.ChannelManager - Adding key: http://localhost:53043 for channel [id: 0x4cde3bb9, L:/127.0.0.1:58232 - R:localhost/127.0.0.1:53043]
17:54:15.283 [Forwarding setTimeout on session 186a8b818e3ad56ed2aec81538e64c07 to remote] DEBUG org.asynchttpclient.netty.request.NettyRequestSender - Using pooled Channel '[id: 0x4cde3bb9, L:/127.0.0.1:58232 - R:localhost/127.0.0.1:53043]' for 'POST' to 'http://localhost:53043/session/186a8b818e3ad56ed2aec81538e64c07/timeouts'
17:54:15.284 [Forwarding setTimeout on session 186a8b818e3ad56ed2aec81538e64c07 to remote] DEBUG org.asynchttpclient.netty.request.NettyRequestSender - Using open Channel [id: 0x4cde3bb9, L:/127.0.0.1:58232 - R:localhost/127.0.0.1:53043] for POST '/session/186a8b818e3ad56ed2aec81538e64c07/timeouts'
17:54:15.285 [AsyncHttpClient-1-5] DEBUG org.asynchttpclient.netty.handler.HttpHandler - 

Request DefaultHttpRequest(decodeResult: success, version: HTTP/1.1)
POST /session/186a8b818e3ad56ed2aec81538e64c07/timeouts HTTP/1.1
User-Agent: selenium/4.1.2 (java windows)
Content-Length: 22
Content-Type: application/json; charset=utf-8
host: localhost:53043
accept: */*

Response DefaultHttpResponse(decodeResult: success, version: HTTP/1.1)
HTTP/1.1 200 OK
Content-Type: application/json; charset=utf-8
cache-control: no-cache
content-length: 14

17:54:15.285 [AsyncHttpClient-1-5] DEBUG org.asynchttpclient.netty.channel.ChannelManager - Adding key: http://localhost:53043 for channel [id: 0x4cde3bb9, L:/127.0.0.1:58232 - R:localhost/127.0.0.1:53043]
17:54:15.289 [Forwarding getCurrentUrl on session 186a8b818e3ad56ed2aec81538e64c07 to remote] DEBUG org.asynchttpclient.netty.request.NettyRequestSender - Using pooled Channel '[id: 0x4cde3bb9, L:/127.0.0.1:58232 - R:localhost/127.0.0.1:53043]' for 'GET' to 'http://localhost:53043/session/186a8b818e3ad56ed2aec81538e64c07/url'
17:54:15.289 [Forwarding getCurrentUrl on session 186a8b818e3ad56ed2aec81538e64c07 to remote] DEBUG org.asynchttpclient.netty.request.NettyRequestSender - Using open Channel [id: 0x4cde3bb9, L:/127.0.0.1:58232 - R:localhost/127.0.0.1:53043] for GET '/session/186a8b818e3ad56ed2aec81538e64c07/url'
17:54:15.294 [AsyncHttpClient-1-5] DEBUG org.asynchttpclient.netty.handler.HttpHandler - 

Request DefaultFullHttpRequest(decodeResult: success, version: HTTP/1.1, content: EmptyByteBufBE)
GET /session/186a8b818e3ad56ed2aec81538e64c07/url HTTP/1.1
User-Agent: selenium/4.1.2 (java windows)
Cache-Control: no-cache
Content-Type: application/json; charset=utf-8
host: localhost:53043
accept: */*

Response DefaultHttpResponse(decodeResult: success, version: HTTP/1.1)
HTTP/1.1 200 OK
Content-Type: application/json; charset=utf-8
cache-control: no-cache
content-length: 31

17:54:15.295 [AsyncHttpClient-1-5] DEBUG org.asynchttpclient.netty.channel.ChannelManager - Adding key: http://localhost:53043 for channel [id: 0x4cde3bb9, L:/127.0.0.1:58232 - R:localhost/127.0.0.1:53043]
17:54:15.306 [Forwarding screenshot on session 186a8b818e3ad56ed2aec81538e64c07 to remote] DEBUG org.asynchttpclient.netty.request.NettyRequestSender - Using pooled Channel '[id: 0x4cde3bb9, L:/127.0.0.1:58232 - R:localhost/127.0.0.1:53043]' for 'GET' to 'http://localhost:53043/session/186a8b818e3ad56ed2aec81538e64c07/screenshot'
17:54:15.306 [Forwarding screenshot on session 186a8b818e3ad56ed2aec81538e64c07 to remote] DEBUG org.asynchttpclient.netty.request.NettyRequestSender - Using open Channel [id: 0x4cde3bb9, L:/127.0.0.1:58232 - R:localhost/127.0.0.1:53043] for GET '/session/186a8b818e3ad56ed2aec81538e64c07/screenshot'
17:54:15.716 [AsyncHttpClient-1-1] DEBUG org.asynchttpclient.netty.channel.DefaultChannelPool - Entry count for : http://localhost:58233 : 1
17:54:16.819 [AsyncHttpClient-1-1] DEBUG org.asynchttpclient.netty.channel.DefaultChannelPool - Entry count for : http://localhost:58233 : 1
17:54:17.159 [AsyncHttpClient-1-5] DEBUG org.asynchttpclient.netty.handler.HttpHandler - 

Request DefaultFullHttpRequest(decodeResult: success, version: HTTP/1.1, content: EmptyByteBufBE)
GET /session/186a8b818e3ad56ed2aec81538e64c07/screenshot HTTP/1.1
User-Agent: selenium/4.1.2 (java windows)
Cache-Control: no-cache
Content-Type: application/json; charset=utf-8
host: localhost:53043
accept: */*

Response DefaultHttpResponse(decodeResult: success, version: HTTP/1.1)
HTTP/1.1 200 OK
Content-Type: application/json; charset=utf-8
cache-control: no-cache
content-length: 34028

17:54:17.161 [AsyncHttpClient-1-5] DEBUG org.asynchttpclient.netty.channel.ChannelManager - Adding key: http://localhost:53043 for channel [id: 0x4cde3bb9, L:/127.0.0.1:58232 - R:localhost/127.0.0.1:53043]
17:54:17.164 [main] DEBUG net.serenitybdd.core.photography.Darkroom - Send negative for processing for target\site\serenity\487b4595462367d10495b76806fa5c19ed91e41f136db5b1a6a03ec98989ab6f.png
17:54:17.164 [main] DEBUG net.thucydides.core.steps.StepInterceptor - STARTING STEP: CartSteps.iAmOnHomepage - validateSearchBarAppears
17:54:17.165 [Darkroom Processing Line] DEBUG net.serenitybdd.core.photography.DarkroomProcessingLine - Processing screenshot image in /var/screenshots/screenshot-13946732768526397786
17:54:17.165 [Darkroom Processing Line] DEBUG net.serenitybdd.core.photography.DarkroomProcessingLine - Saving screenshot to target\site\serenity\487b4595462367d10495b76806fa5c19ed91e41f136db5b1a6a03ec98989ab6f.png
17:54:17.168 [Forwarding findElement on session 186a8b818e3ad56ed2aec81538e64c07 to remote] DEBUG org.asynchttpclient.netty.request.NettyRequestSender - Using pooled Channel '[id: 0x4cde3bb9, L:/127.0.0.1:58232 - R:localhost/127.0.0.1:53043]' for 'POST' to 'http://localhost:53043/session/186a8b818e3ad56ed2aec81538e64c07/element'
17:54:17.168 [Forwarding findElement on session 186a8b818e3ad56ed2aec81538e64c07 to remote] DEBUG org.asynchttpclient.netty.request.NettyRequestSender - Using open Channel [id: 0x4cde3bb9, L:/127.0.0.1:58232 - R:localhost/127.0.0.1:53043] for POST '/session/186a8b818e3ad56ed2aec81538e64c07/element'
17:54:17.193 [AsyncHttpClient-1-5] DEBUG org.asynchttpclient.netty.handler.HttpHandler - 

Request DefaultHttpRequest(decodeResult: success, version: HTTP/1.1)
POST /session/186a8b818e3ad56ed2aec81538e64c07/element HTTP/1.1
User-Agent: selenium/4.1.2 (java windows)
Content-Length: 94
Content-Type: application/json; charset=utf-8
host: localhost:53043
accept: */*

Response DefaultHttpResponse(decodeResult: success, version: HTTP/1.1)
HTTP/1.1 200 OK
Content-Type: application/json; charset=utf-8
cache-control: no-cache
content-length: 88

17:54:17.193 [AsyncHttpClient-1-5] DEBUG org.asynchttpclient.netty.channel.ChannelManager - Adding key: http://localhost:53043 for channel [id: 0x4cde3bb9, L:/127.0.0.1:58232 - R:localhost/127.0.0.1:53043]
17:54:17.198 [Forwarding isElementDisplayed on session 186a8b818e3ad56ed2aec81538e64c07 to remote] DEBUG org.asynchttpclient.netty.request.NettyRequestSender - Using pooled Channel '[id: 0x4cde3bb9, L:/127.0.0.1:58232 - R:localhost/127.0.0.1:53043]' for 'POST' to 'http://localhost:53043/session/186a8b818e3ad56ed2aec81538e64c07/execute/sync'
17:54:17.198 [Forwarding isElementDisplayed on session 186a8b818e3ad56ed2aec81538e64c07 to remote] DEBUG org.asynchttpclient.netty.request.NettyRequestSender - Using open Channel [id: 0x4cde3bb9, L:/127.0.0.1:58232 - R:localhost/127.0.0.1:53043] for POST '/session/186a8b818e3ad56ed2aec81538e64c07/execute/sync'
17:54:17.216 [AsyncHttpClient-1-5] DEBUG org.asynchttpclient.netty.handler.HttpHandler - 

Request DefaultHttpRequest(decodeResult: success, version: HTTP/1.1)
POST /session/186a8b818e3ad56ed2aec81538e64c07/execute/sync HTTP/1.1
User-Agent: selenium/4.1.2 (java windows)
Content-Length: 48780
Content-Type: application/json; charset=utf-8
host: localhost:53043
accept: */*

Response DefaultHttpResponse(decodeResult: success, version: HTTP/1.1)
HTTP/1.1 200 OK
Content-Type: application/json; charset=utf-8
cache-control: no-cache
content-length: 14

17:54:17.217 [AsyncHttpClient-1-5] DEBUG org.asynchttpclient.netty.channel.ChannelManager - Adding key: http://localhost:53043 for channel [id: 0x4cde3bb9, L:/127.0.0.1:58232 - R:localhost/127.0.0.1:53043]
17:54:17.222 [Forwarding screenshot on session 186a8b818e3ad56ed2aec81538e64c07 to remote] DEBUG org.asynchttpclient.netty.request.NettyRequestSender - Using pooled Channel '[id: 0x4cde3bb9, L:/127.0.0.1:58232 - R:localhost/127.0.0.1:53043]' for 'GET' to 'http://localhost:53043/session/186a8b818e3ad56ed2aec81538e64c07/screenshot'
17:54:17.223 [Forwarding screenshot on session 186a8b818e3ad56ed2aec81538e64c07 to remote] DEBUG org.asynchttpclient.netty.request.NettyRequestSender - Using open Channel [id: 0x4cde3bb9, L:/127.0.0.1:58232 - R:localhost/127.0.0.1:53043] for GET '/session/186a8b818e3ad56ed2aec81538e64c07/screenshot'
17:54:17.391 [AsyncHttpClient-1-5] DEBUG org.asynchttpclient.netty.handler.HttpHandler - 

Request DefaultFullHttpRequest(decodeResult: success, version: HTTP/1.1, content: EmptyByteBufBE)
GET /session/186a8b818e3ad56ed2aec81538e64c07/screenshot HTTP/1.1
User-Agent: selenium/4.1.2 (java windows)
Cache-Control: no-cache
Content-Type: application/json; charset=utf-8
host: localhost:53043
accept: */*

Response DefaultHttpResponse(decodeResult: success, version: HTTP/1.1)
HTTP/1.1 200 OK
Content-Type: application/json; charset=utf-8
cache-control: no-cache
content-length: 72748

17:54:17.391 [AsyncHttpClient-1-5] DEBUG org.asynchttpclient.netty.channel.ChannelManager - Adding key: http://localhost:53043 for channel [id: 0x4cde3bb9, L:/127.0.0.1:58232 - R:localhost/127.0.0.1:53043]
17:54:17.397 [main] DEBUG net.serenitybdd.core.photography.Darkroom - Send negative for processing for target\site\serenity\5a2ea1089878690bed55cf8882c0da436af8e6ee560e77877b5a34785ff9358e.png
17:54:17.398 [main] DEBUG net.thucydides.core.steps.StepInterceptor - STEP DONE: validateSearchBarAppears
17:54:17.407 [main] DEBUG net.thucydides.core.steps.StepInterceptor - STARTING STEP: CartSteps.iAmOnHomepage - validateHeaderHomepageEqual
17:54:17.410 [Forwarding findElement on session 186a8b818e3ad56ed2aec81538e64c07 to remote] DEBUG org.asynchttpclient.netty.request.NettyRequestSender - Using pooled Channel '[id: 0x4cde3bb9, L:/127.0.0.1:58232 - R:localhost/127.0.0.1:53043]' for 'POST' to 'http://localhost:53043/session/186a8b818e3ad56ed2aec81538e64c07/element'
17:54:17.410 [Forwarding findElement on session 186a8b818e3ad56ed2aec81538e64c07 to remote] DEBUG org.asynchttpclient.netty.request.NettyRequestSender - Using open Channel [id: 0x4cde3bb9, L:/127.0.0.1:58232 - R:localhost/127.0.0.1:53043] for POST '/session/186a8b818e3ad56ed2aec81538e64c07/element'
17:54:17.425 [AsyncHttpClient-1-5] DEBUG org.asynchttpclient.netty.handler.HttpHandler - 

Request DefaultHttpRequest(decodeResult: success, version: HTTP/1.1)
POST /session/186a8b818e3ad56ed2aec81538e64c07/element HTTP/1.1
User-Agent: selenium/4.1.2 (java windows)
Content-Length: 111
Content-Type: application/json; charset=utf-8
host: localhost:53043
accept: */*

Response DefaultHttpResponse(decodeResult: success, version: HTTP/1.1)
HTTP/1.1 200 OK
Content-Type: application/json; charset=utf-8
cache-control: no-cache
content-length: 88

17:54:17.425 [AsyncHttpClient-1-5] DEBUG org.asynchttpclient.netty.channel.ChannelManager - Adding key: http://localhost:53043 for channel [id: 0x4cde3bb9, L:/127.0.0.1:58232 - R:localhost/127.0.0.1:53043]
17:54:17.427 [Forwarding getElementText on session 186a8b818e3ad56ed2aec81538e64c07 to remote] DEBUG org.asynchttpclient.netty.request.NettyRequestSender - Using pooled Channel '[id: 0x4cde3bb9, L:/127.0.0.1:58232 - R:localhost/127.0.0.1:53043]' for 'GET' to 'http://localhost:53043/session/186a8b818e3ad56ed2aec81538e64c07/element/21ef9c45-dc85-4c93-a951-a7d6ff69de4a/text'
17:54:17.427 [Forwarding getElementText on session 186a8b818e3ad56ed2aec81538e64c07 to remote] DEBUG org.asynchttpclient.netty.request.NettyRequestSender - Using open Channel [id: 0x4cde3bb9, L:/127.0.0.1:58232 - R:localhost/127.0.0.1:53043] for GET '/session/186a8b818e3ad56ed2aec81538e64c07/element/21ef9c45-dc85-4c93-a951-a7d6ff69de4a/text'
17:54:17.443 [AsyncHttpClient-1-5] DEBUG org.asynchttpclient.netty.handler.HttpHandler - 

Request DefaultFullHttpRequest(decodeResult: success, version: HTTP/1.1, content: EmptyByteBufBE)
GET /session/186a8b818e3ad56ed2aec81538e64c07/element/21ef9c45-dc85-4c93-a951-a7d6ff69de4a/text HTTP/1.1
User-Agent: selenium/4.1.2 (java windows)
Cache-Control: no-cache
Content-Type: application/json; charset=utf-8
host: localhost:53043
accept: */*

Response DefaultHttpResponse(decodeResult: success, version: HTTP/1.1)
HTTP/1.1 200 OK
Content-Type: application/json; charset=utf-8
cache-control: no-cache
content-length: 20

17:54:17.443 [AsyncHttpClient-1-5] DEBUG org.asynchttpclient.netty.channel.ChannelManager - Adding key: http://localhost:53043 for channel [id: 0x4cde3bb9, L:/127.0.0.1:58232 - R:localhost/127.0.0.1:53043]
17:54:17.448 [Forwarding screenshot on session 186a8b818e3ad56ed2aec81538e64c07 to remote] DEBUG org.asynchttpclient.netty.request.NettyRequestSender - Using pooled Channel '[id: 0x4cde3bb9, L:/127.0.0.1:58232 - R:localhost/127.0.0.1:53043]' for 'GET' to 'http://localhost:53043/session/186a8b818e3ad56ed2aec81538e64c07/screenshot'
17:54:17.448 [Forwarding screenshot on session 186a8b818e3ad56ed2aec81538e64c07 to remote] DEBUG org.asynchttpclient.netty.request.NettyRequestSender - Using open Channel [id: 0x4cde3bb9, L:/127.0.0.1:58232 - R:localhost/127.0.0.1:53043] for GET '/session/186a8b818e3ad56ed2aec81538e64c07/screenshot'
17:54:17.603 [AsyncHttpClient-1-5] DEBUG org.asynchttpclient.netty.handler.HttpHandler - 

Request DefaultFullHttpRequest(decodeResult: success, version: HTTP/1.1, content: EmptyByteBufBE)
GET /session/186a8b818e3ad56ed2aec81538e64c07/screenshot HTTP/1.1
User-Agent: selenium/4.1.2 (java windows)
Cache-Control: no-cache
Content-Type: application/json; charset=utf-8
host: localhost:53043
accept: */*

Response DefaultHttpResponse(decodeResult: success, version: HTTP/1.1)
HTTP/1.1 200 OK
Content-Type: application/json; charset=utf-8
cache-control: no-cache
content-length: 72748

17:54:17.604 [AsyncHttpClient-1-5] DEBUG org.asynchttpclient.netty.channel.ChannelManager - Adding key: http://localhost:53043 for channel [id: 0x4cde3bb9, L:/127.0.0.1:58232 - R:localhost/127.0.0.1:53043]
17:54:17.611 [main] DEBUG net.serenitybdd.core.photography.Darkroom - Send negative for processing for target\site\serenity\5a2ea1089878690bed55cf8882c0da436af8e6ee560e77877b5a34785ff9358e.png
17:54:17.611 [main] DEBUG net.thucydides.core.steps.StepInterceptor - STEP DONE: validateHeaderHomepageEqual
  &amp#27;[32mGiven &amp#27;[0m&amp#27;[32mI am on homepage&amp#27;[0m                 &amp#27;[90m# starter.stepdefinitions.CartSteps.iAmOnHomepage()&amp#27;[0m
17:54:17.633 [Forwarding findElement on session 186a8b818e3ad56ed2aec81538e64c07 to remote] DEBUG org.asynchttpclient.netty.request.NettyRequestSender - Using pooled Channel '[id: 0x4cde3bb9, L:/127.0.0.1:58232 - R:localhost/127.0.0.1:53043]' for 'POST' to 'http://localhost:53043/session/186a8b818e3ad56ed2aec81538e64c07/element'
17:54:17.633 [Forwarding findElement on session 186a8b818e3ad56ed2aec81538e64c07 to remote] DEBUG org.asynchttpclient.netty.request.NettyRequestSender - Using open Channel [id: 0x4cde3bb9, L:/127.0.0.1:58232 - R:localhost/127.0.0.1:53043] for POST '/session/186a8b818e3ad56ed2aec81538e64c07/element'
17:54:17.667 [AsyncHttpClient-1-5] DEBUG org.asynchttpclient.netty.handler.HttpHandler - 

Request DefaultHttpRequest(decodeResult: success, version: HTTP/1.1)
POST /session/186a8b818e3ad56ed2aec81538e64c07/element HTTP/1.1
User-Agent: selenium/4.1.2 (java windows)
Content-Length: 122
Content-Type: application/json; charset=utf-8
host: localhost:53043
accept: */*

Response DefaultHttpResponse(decodeResult: success, version: HTTP/1.1)
HTTP/1.1 200 OK
Content-Type: application/json; charset=utf-8
cache-control: no-cache
content-length: 88

17:54:17.668 [AsyncHttpClient-1-5] DEBUG org.asynchttpclient.netty.channel.ChannelManager - Adding key: http://localhost:53043 for channel [id: 0x4cde3bb9, L:/127.0.0.1:58232 - R:localhost/127.0.0.1:53043]
17:54:17.671 [Forwarding getElementTagName on session 186a8b818e3ad56ed2aec81538e64c07 to remote] DEBUG org.asynchttpclient.netty.request.NettyRequestSender - Using pooled Channel '[id: 0x4cde3bb9, L:/127.0.0.1:58232 - R:localhost/127.0.0.1:53043]' for 'GET' to 'http://localhost:53043/session/186a8b818e3ad56ed2aec81538e64c07/element/ffd84004-a6a3-42a9-afc5-c1467bab4e59/name'
17:54:17.671 [Forwarding getElementTagName on session 186a8b818e3ad56ed2aec81538e64c07 to remote] DEBUG org.asynchttpclient.netty.request.NettyRequestSender - Using open Channel [id: 0x4cde3bb9, L:/127.0.0.1:58232 - R:localhost/127.0.0.1:53043] for GET '/session/186a8b818e3ad56ed2aec81538e64c07/element/ffd84004-a6a3-42a9-afc5-c1467bab4e59/name'
17:54:17.679 [AsyncHttpClient-1-5] DEBUG org.asynchttpclient.netty.handler.HttpHandler - 

Request DefaultFullHttpRequest(decodeResult: success, version: HTTP/1.1, content: EmptyByteBufBE)
GET /session/186a8b818e3ad56ed2aec81538e64c07/element/ffd84004-a6a3-42a9-afc5-c1467bab4e59/name HTTP/1.1
User-Agent: selenium/4.1.2 (java windows)
Cache-Control: no-cache
Content-Type: application/json; charset=utf-8
host: localhost:53043
accept: */*

Response DefaultHttpResponse(decodeResult: success, version: HTTP/1.1)
HTTP/1.1 200 OK
Content-Type: application/json; charset=utf-8
cache-control: no-cache
content-length: 16

17:54:17.680 [AsyncHttpClient-1-5] DEBUG org.asynchttpclient.netty.channel.ChannelManager - Adding key: http://localhost:53043 for channel [id: 0x4cde3bb9, L:/127.0.0.1:58232 - R:localhost/127.0.0.1:53043]
17:54:17.683 [Forwarding getElementTagName on session 186a8b818e3ad56ed2aec81538e64c07 to remote] DEBUG org.asynchttpclient.netty.request.NettyRequestSender - Using pooled Channel '[id: 0x4cde3bb9, L:/127.0.0.1:58232 - R:localhost/127.0.0.1:53043]' for 'GET' to 'http://localhost:53043/session/186a8b818e3ad56ed2aec81538e64c07/element/ffd84004-a6a3-42a9-afc5-c1467bab4e59/name'
17:54:17.683 [Forwarding getElementTagName on session 186a8b818e3ad56ed2aec81538e64c07 to remote] DEBUG org.asynchttpclient.netty.request.NettyRequestSender - Using open Channel [id: 0x4cde3bb9, L:/127.0.0.1:58232 - R:localhost/127.0.0.1:53043] for GET '/session/186a8b818e3ad56ed2aec81538e64c07/element/ffd84004-a6a3-42a9-afc5-c1467bab4e59/name'
17:54:17.688 [AsyncHttpClient-1-5] DEBUG org.asynchttpclient.netty.handler.HttpHandler - 

Request DefaultFullHttpRequest(decodeResult: success, version: HTTP/1.1, content: EmptyByteBufBE)
GET /session/186a8b818e3ad56ed2aec81538e64c07/element/ffd84004-a6a3-42a9-afc5-c1467bab4e59/name HTTP/1.1
User-Agent: selenium/4.1.2 (java windows)
Cache-Control: no-cache
Content-Type: application/json; charset=utf-8
host: localhost:53043
accept: */*

Response DefaultHttpResponse(decodeResult: success, version: HTTP/1.1)
HTTP/1.1 200 OK
Content-Type: application/json; charset=utf-8
cache-control: no-cache
content-length: 16

17:54:17.688 [AsyncHttpClient-1-5] DEBUG org.asynchttpclient.netty.channel.ChannelManager - Adding key: http://localhost:53043 for channel [id: 0x4cde3bb9, L:/127.0.0.1:58232 - R:localhost/127.0.0.1:53043]
17:54:17.691 [Forwarding findElement on session 186a8b818e3ad56ed2aec81538e64c07 to remote] DEBUG org.asynchttpclient.netty.request.NettyRequestSender - Using pooled Channel '[id: 0x4cde3bb9, L:/127.0.0.1:58232 - R:localhost/127.0.0.1:53043]' for 'POST' to 'http://localhost:53043/session/186a8b818e3ad56ed2aec81538e64c07/element'
17:54:17.691 [Forwarding findElement on session 186a8b818e3ad56ed2aec81538e64c07 to remote] DEBUG org.asynchttpclient.netty.request.NettyRequestSender - Using open Channel [id: 0x4cde3bb9, L:/127.0.0.1:58232 - R:localhost/127.0.0.1:53043] for POST '/session/186a8b818e3ad56ed2aec81538e64c07/element'
17:54:17.710 [AsyncHttpClient-1-5] DEBUG org.asynchttpclient.netty.handler.HttpHandler - 

Request DefaultHttpRequest(decodeResult: success, version: HTTP/1.1)
POST /session/186a8b818e3ad56ed2aec81538e64c07/element HTTP/1.1
User-Agent: selenium/4.1.2 (java windows)
Content-Length: 122
Content-Type: application/json; charset=utf-8
host: localhost:53043
accept: */*

Response DefaultHttpResponse(decodeResult: success, version: HTTP/1.1)
HTTP/1.1 200 OK
Content-Type: application/json; charset=utf-8
cache-control: no-cache
content-length: 88

17:54:17.711 [AsyncHttpClient-1-5] DEBUG org.asynchttpclient.netty.channel.ChannelManager - Adding key: http://localhost:53043 for channel [id: 0x4cde3bb9, L:/127.0.0.1:58232 - R:localhost/127.0.0.1:53043]
17:54:17.713 [Forwarding clickElement on session 186a8b818e3ad56ed2aec81538e64c07 to remote] DEBUG org.asynchttpclient.netty.request.NettyRequestSender - Using pooled Channel '[id: 0x4cde3bb9, L:/127.0.0.1:58232 - R:localhost/127.0.0.1:53043]' for 'POST' to 'http://localhost:53043/session/186a8b818e3ad56ed2aec81538e64c07/element/ffd84004-a6a3-42a9-afc5-c1467bab4e59/click'
17:54:17.713 [Forwarding clickElement on session 186a8b818e3ad56ed2aec81538e64c07 to remote] DEBUG org.asynchttpclient.netty.request.NettyRequestSender - Using open Channel [id: 0x4cde3bb9, L:/127.0.0.1:58232 - R:localhost/127.0.0.1:53043] for POST '/session/186a8b818e3ad56ed2aec81538e64c07/element/ffd84004-a6a3-42a9-afc5-c1467bab4e59/click'
17:54:17.798 [AsyncHttpClient-1-5] DEBUG org.asynchttpclient.netty.handler.HttpHandler - 

Request DefaultHttpRequest(decodeResult: success, version: HTTP/1.1)
POST /session/186a8b818e3ad56ed2aec81538e64c07/element/ffd84004-a6a3-42a9-afc5-c1467bab4e59/click HTTP/1.1
User-Agent: selenium/4.1.2 (java windows)
Content-Length: 50
Content-Type: application/json; charset=utf-8
host: localhost:53043
accept: */*

Response DefaultHttpResponse(decodeResult: success, version: HTTP/1.1)
HTTP/1.1 200 OK
Content-Type: application/json; charset=utf-8
cache-control: no-cache
content-length: 14

17:54:17.798 [AsyncHttpClient-1-5] DEBUG org.asynchttpclient.netty.channel.ChannelManager - Adding key: http://localhost:53043 for channel [id: 0x4cde3bb9, L:/127.0.0.1:58232 - R:localhost/127.0.0.1:53043]
  &amp#27;[32mWhen &amp#27;[0m&amp#27;[32mI click buy button&amp#27;[0m                &amp#27;[90m# starter.stepdefinitions.CartSteps.iClickBuyButton()&amp#27;[0m
17:54:17.807 [Forwarding screenshot on session 186a8b818e3ad56ed2aec81538e64c07 to remote] DEBUG org.asynchttpclient.netty.request.NettyRequestSender - Using pooled Channel '[id: 0x4cde3bb9, L:/127.0.0.1:58232 - R:localhost/127.0.0.1:53043]' for 'GET' to 'http://localhost:53043/session/186a8b818e3ad56ed2aec81538e64c07/screenshot'
17:54:17.808 [Forwarding screenshot on session 186a8b818e3ad56ed2aec81538e64c07 to remote] DEBUG org.asynchttpclient.netty.request.NettyRequestSender - Using open Channel [id: 0x4cde3bb9, L:/127.0.0.1:58232 - R:localhost/127.0.0.1:53043] for GET '/session/186a8b818e3ad56ed2aec81538e64c07/screenshot'
17:54:17.916 [AsyncHttpClient-1-1] DEBUG org.asynchttpclient.netty.channel.DefaultChannelPool - Entry count for : http://localhost:58233 : 1
17:54:17.997 [AsyncHttpClient-1-5] DEBUG org.asynchttpclient.netty.handler.HttpHandler - 

Request DefaultFullHttpRequest(decodeResult: success, version: HTTP/1.1, content: EmptyByteBufBE)
GET /session/186a8b818e3ad56ed2aec81538e64c07/screenshot HTTP/1.1
User-Agent: selenium/4.1.2 (java windows)
Cache-Control: no-cache
Content-Type: application/json; charset=utf-8
host: localhost:53043
accept: */*

Response DefaultHttpResponse(decodeResult: success, version: HTTP/1.1)
HTTP/1.1 200 OK
Content-Type: application/json; charset=utf-8
cache-control: no-cache
content-length: 74316

17:54:17.998 [AsyncHttpClient-1-5] DEBUG org.asynchttpclient.netty.channel.ChannelManager - Adding key: http://localhost:53043 for channel [id: 0x4cde3bb9, L:/127.0.0.1:58232 - R:localhost/127.0.0.1:53043]
17:54:18.004 [main] DEBUG net.serenitybdd.core.photography.Darkroom - Send negative for processing for target\site\serenity\55e7c72c1f4547dca2018ca9ea17d63a3b61d6c35a4b0bdbd747b30025045d8e.png
17:54:18.004 [Darkroom Processing Line] DEBUG net.serenitybdd.core.photography.DarkroomProcessingLine - Processing screenshot image in /var/screenshots/screenshot-13999003909495516732
17:54:18.004 [Darkroom Processing Line] DEBUG net.serenitybdd.core.photography.DarkroomProcessingLine - Saving screenshot to target\site\serenity\55e7c72c1f4547dca2018ca9ea17d63a3b61d6c35a4b0bdbd747b30025045d8e.png
17:54:18.018 [Forwarding findElement on session 186a8b818e3ad56ed2aec81538e64c07 to remote] DEBUG org.asynchttpclient.netty.request.NettyRequestSender - Using pooled Channel '[id: 0x4cde3bb9, L:/127.0.0.1:58232 - R:localhost/127.0.0.1:53043]' for 'POST' to 'http://localhost:53043/session/186a8b818e3ad56ed2aec81538e64c07/element'
17:54:18.018 [Forwarding findElement on session 186a8b818e3ad56ed2aec81538e64c07 to remote] DEBUG org.asynchttpclient.netty.request.NettyRequestSender - Using open Channel [id: 0x4cde3bb9, L:/127.0.0.1:58232 - R:localhost/127.0.0.1:53043] for POST '/session/186a8b818e3ad56ed2aec81538e64c07/element'
17:54:18.044 [AsyncHttpClient-1-5] DEBUG org.asynchttpclient.netty.handler.HttpHandler - 

Request DefaultHttpRequest(decodeResult: success, version: HTTP/1.1)
POST /session/186a8b818e3ad56ed2aec81538e64c07/element HTTP/1.1
User-Agent: selenium/4.1.2 (java windows)
Content-Length: 102
Content-Type: application/json; charset=utf-8
host: localhost:53043
accept: */*

Response DefaultHttpResponse(decodeResult: success, version: HTTP/1.1)
HTTP/1.1 200 OK
Content-Type: application/json; charset=utf-8
cache-control: no-cache
content-length: 88

17:54:18.044 [AsyncHttpClient-1-5] DEBUG org.asynchttpclient.netty.channel.ChannelManager - Adding key: http://localhost:53043 for channel [id: 0x4cde3bb9, L:/127.0.0.1:58232 - R:localhost/127.0.0.1:53043]
17:54:18.047 [Forwarding getElementTagName on session 186a8b818e3ad56ed2aec81538e64c07 to remote] DEBUG org.asynchttpclient.netty.request.NettyRequestSender - Using pooled Channel '[id: 0x4cde3bb9, L:/127.0.0.1:58232 - R:localhost/127.0.0.1:53043]' for 'GET' to 'http://localhost:53043/session/186a8b818e3ad56ed2aec81538e64c07/element/3f296ca2-f310-48c1-85e3-0e6868a4d529/name'
17:54:18.047 [Forwarding getElementTagName on session 186a8b818e3ad56ed2aec81538e64c07 to remote] DEBUG org.asynchttpclient.netty.request.NettyRequestSender - Using open Channel [id: 0x4cde3bb9, L:/127.0.0.1:58232 - R:localhost/127.0.0.1:53043] for GET '/session/186a8b818e3ad56ed2aec81538e64c07/element/3f296ca2-f310-48c1-85e3-0e6868a4d529/name'
17:54:18.056 [AsyncHttpClient-1-5] DEBUG org.asynchttpclient.netty.handler.HttpHandler - 

Request DefaultFullHttpRequest(decodeResult: success, version: HTTP/1.1, content: EmptyByteBufBE)
GET /session/186a8b818e3ad56ed2aec81538e64c07/element/3f296ca2-f310-48c1-85e3-0e6868a4d529/name HTTP/1.1
User-Agent: selenium/4.1.2 (java windows)
Cache-Control: no-cache
Content-Type: application/json; charset=utf-8
host: localhost:53043
accept: */*

Response DefaultHttpResponse(decodeResult: success, version: HTTP/1.1)
HTTP/1.1 200 OK
Content-Type: application/json; charset=utf-8
cache-control: no-cache
content-length: 18

17:54:18.056 [AsyncHttpClient-1-5] DEBUG org.asynchttpclient.netty.channel.ChannelManager - Adding key: http://localhost:53043 for channel [id: 0x4cde3bb9, L:/127.0.0.1:58232 - R:localhost/127.0.0.1:53043]
17:54:18.059 [Forwarding getElementTagName on session 186a8b818e3ad56ed2aec81538e64c07 to remote] DEBUG org.asynchttpclient.netty.request.NettyRequestSender - Using pooled Channel '[id: 0x4cde3bb9, L:/127.0.0.1:58232 - R:localhost/127.0.0.1:53043]' for 'GET' to 'http://localhost:53043/session/186a8b818e3ad56ed2aec81538e64c07/element/3f296ca2-f310-48c1-85e3-0e6868a4d529/name'
17:54:18.059 [Forwarding getElementTagName on session 186a8b818e3ad56ed2aec81538e64c07 to remote] DEBUG org.asynchttpclient.netty.request.NettyRequestSender - Using open Channel [id: 0x4cde3bb9, L:/127.0.0.1:58232 - R:localhost/127.0.0.1:53043] for GET '/session/186a8b818e3ad56ed2aec81538e64c07/element/3f296ca2-f310-48c1-85e3-0e6868a4d529/name'
17:54:18.063 [AsyncHttpClient-1-5] DEBUG org.asynchttpclient.netty.handler.HttpHandler - 

Request DefaultFullHttpRequest(decodeResult: success, version: HTTP/1.1, content: EmptyByteBufBE)
GET /session/186a8b818e3ad56ed2aec81538e64c07/element/3f296ca2-f310-48c1-85e3-0e6868a4d529/name HTTP/1.1
User-Agent: selenium/4.1.2 (java windows)
Cache-Control: no-cache
Content-Type: application/json; charset=utf-8
host: localhost:53043
accept: */*

Response DefaultHttpResponse(decodeResult: success, version: HTTP/1.1)
HTTP/1.1 200 OK
Content-Type: application/json; charset=utf-8
cache-control: no-cache
content-length: 18

17:54:18.064 [AsyncHttpClient-1-5] DEBUG org.asynchttpclient.netty.channel.ChannelManager - Adding key: http://localhost:53043 for channel [id: 0x4cde3bb9, L:/127.0.0.1:58232 - R:localhost/127.0.0.1:53043]
17:54:18.068 [Forwarding isElementEnabled on session 186a8b818e3ad56ed2aec81538e64c07 to remote] DEBUG org.asynchttpclient.netty.request.NettyRequestSender - Using pooled Channel '[id: 0x4cde3bb9, L:/127.0.0.1:58232 - R:localhost/127.0.0.1:53043]' for 'GET' to 'http://localhost:53043/session/186a8b818e3ad56ed2aec81538e64c07/element/3f296ca2-f310-48c1-85e3-0e6868a4d529/enabled'
17:54:18.068 [Forwarding isElementEnabled on session 186a8b818e3ad56ed2aec81538e64c07 to remote] DEBUG org.asynchttpclient.netty.request.NettyRequestSender - Using open Channel [id: 0x4cde3bb9, L:/127.0.0.1:58232 - R:localhost/127.0.0.1:53043] for GET '/session/186a8b818e3ad56ed2aec81538e64c07/element/3f296ca2-f310-48c1-85e3-0e6868a4d529/enabled'
17:54:18.080 [AsyncHttpClient-1-5] DEBUG org.asynchttpclient.netty.handler.HttpHandler - 

Request DefaultFullHttpRequest(decodeResult: success, version: HTTP/1.1, content: EmptyByteBufBE)
GET /session/186a8b818e3ad56ed2aec81538e64c07/element/3f296ca2-f310-48c1-85e3-0e6868a4d529/enabled HTTP/1.1
User-Agent: selenium/4.1.2 (java windows)
Cache-Control: no-cache
Content-Type: application/json; charset=utf-8
host: localhost:53043
accept: */*

Response DefaultHttpResponse(decodeResult: success, version: HTTP/1.1)
HTTP/1.1 200 OK
Content-Type: application/json; charset=utf-8
cache-control: no-cache
content-length: 14

17:54:18.081 [AsyncHttpClient-1-5] DEBUG org.asynchttpclient.netty.channel.ChannelManager - Adding key: http://localhost:53043 for channel [id: 0x4cde3bb9, L:/127.0.0.1:58232 - R:localhost/127.0.0.1:53043]
17:54:18.083 [Forwarding isElementEnabled on session 186a8b818e3ad56ed2aec81538e64c07 to remote] DEBUG org.asynchttpclient.netty.request.NettyRequestSender - Using pooled Channel '[id: 0x4cde3bb9, L:/127.0.0.1:58232 - R:localhost/127.0.0.1:53043]' for 'GET' to 'http://localhost:53043/session/186a8b818e3ad56ed2aec81538e64c07/element/3f296ca2-f310-48c1-85e3-0e6868a4d529/enabled'
17:54:18.083 [Forwarding isElementEnabled on session 186a8b818e3ad56ed2aec81538e64c07 to remote] DEBUG org.asynchttpclient.netty.request.NettyRequestSender - Using open Channel [id: 0x4cde3bb9, L:/127.0.0.1:58232 - R:localhost/127.0.0.1:53043] for GET '/session/186a8b818e3ad56ed2aec81538e64c07/element/3f296ca2-f310-48c1-85e3-0e6868a4d529/enabled'
17:54:18.093 [AsyncHttpClient-1-5] DEBUG org.asynchttpclient.netty.handler.HttpHandler - 

Request DefaultFullHttpRequest(decodeResult: success, version: HTTP/1.1, content: EmptyByteBufBE)
GET /session/186a8b818e3ad56ed2aec81538e64c07/element/3f296ca2-f310-48c1-85e3-0e6868a4d529/enabled HTTP/1.1
User-Agent: selenium/4.1.2 (java windows)
Cache-Control: no-cache
Content-Type: application/json; charset=utf-8
host: localhost:53043
accept: */*

Response DefaultHttpResponse(decodeResult: success, version: HTTP/1.1)
HTTP/1.1 200 OK
Content-Type: application/json; charset=utf-8
cache-control: no-cache
content-length: 14

17:54:18.094 [AsyncHttpClient-1-5] DEBUG org.asynchttpclient.netty.channel.ChannelManager - Adding key: http://localhost:53043 for channel [id: 0x4cde3bb9, L:/127.0.0.1:58232 - R:localhost/127.0.0.1:53043]
17:54:18.096 [Forwarding findElement on session 186a8b818e3ad56ed2aec81538e64c07 to remote] DEBUG org.asynchttpclient.netty.request.NettyRequestSender - Using pooled Channel '[id: 0x4cde3bb9, L:/127.0.0.1:58232 - R:localhost/127.0.0.1:53043]' for 'POST' to 'http://localhost:53043/session/186a8b818e3ad56ed2aec81538e64c07/element'
17:54:18.096 [Forwarding findElement on session 186a8b818e3ad56ed2aec81538e64c07 to remote] DEBUG org.asynchttpclient.netty.request.NettyRequestSender - Using open Channel [id: 0x4cde3bb9, L:/127.0.0.1:58232 - R:localhost/127.0.0.1:53043] for POST '/session/186a8b818e3ad56ed2aec81538e64c07/element'
17:54:18.115 [AsyncHttpClient-1-5] DEBUG org.asynchttpclient.netty.handler.HttpHandler - 

Request DefaultHttpRequest(decodeResult: success, version: HTTP/1.1)
POST /session/186a8b818e3ad56ed2aec81538e64c07/element HTTP/1.1
User-Agent: selenium/4.1.2 (java windows)
Content-Length: 102
Content-Type: application/json; charset=utf-8
host: localhost:53043
accept: */*

Response DefaultHttpResponse(decodeResult: success, version: HTTP/1.1)
HTTP/1.1 200 OK
Content-Type: application/json; charset=utf-8
cache-control: no-cache
content-length: 88

17:54:18.115 [AsyncHttpClient-1-5] DEBUG org.asynchttpclient.netty.channel.ChannelManager - Adding key: http://localhost:53043 for channel [id: 0x4cde3bb9, L:/127.0.0.1:58232 - R:localhost/127.0.0.1:53043]
17:54:18.117 [Forwarding clickElement on session 186a8b818e3ad56ed2aec81538e64c07 to remote] DEBUG org.asynchttpclient.netty.request.NettyRequestSender - Using pooled Channel '[id: 0x4cde3bb9, L:/127.0.0.1:58232 - R:localhost/127.0.0.1:53043]' for 'POST' to 'http://localhost:53043/session/186a8b818e3ad56ed2aec81538e64c07/element/3f296ca2-f310-48c1-85e3-0e6868a4d529/click'
17:54:18.118 [Forwarding clickElement on session 186a8b818e3ad56ed2aec81538e64c07 to remote] DEBUG org.asynchttpclient.netty.request.NettyRequestSender - Using open Channel [id: 0x4cde3bb9, L:/127.0.0.1:58232 - R:localhost/127.0.0.1:53043] for POST '/session/186a8b818e3ad56ed2aec81538e64c07/element/3f296ca2-f310-48c1-85e3-0e6868a4d529/click'
17:54:18.195 [AsyncHttpClient-1-5] DEBUG org.asynchttpclient.netty.handler.HttpHandler - 

Request DefaultHttpRequest(decodeResult: success, version: HTTP/1.1)
POST /session/186a8b818e3ad56ed2aec81538e64c07/element/3f296ca2-f310-48c1-85e3-0e6868a4d529/click HTTP/1.1
User-Agent: selenium/4.1.2 (java windows)
Content-Length: 50
Content-Type: application/json; charset=utf-8
host: localhost:53043
accept: */*

Response DefaultHttpResponse(decodeResult: success, version: HTTP/1.1)
HTTP/1.1 200 OK
Content-Type: application/json; charset=utf-8
cache-control: no-cache
content-length: 14

17:54:18.195 [AsyncHttpClient-1-5] DEBUG org.asynchttpclient.netty.channel.ChannelManager - Adding key: http://localhost:53043 for channel [id: 0x4cde3bb9, L:/127.0.0.1:58232 - R:localhost/127.0.0.1:53043]
  &amp#27;[32mThen &amp#27;[0m&amp#27;[32mI go to order page&amp#27;[0m                &amp#27;[90m# starter.stepdefinitions.CartSteps.iGoToOrderPage()&amp#27;[0m
17:54:18.208 [Forwarding screenshot on session 186a8b818e3ad56ed2aec81538e64c07 to remote] DEBUG org.asynchttpclient.netty.request.NettyRequestSender - Using pooled Channel '[id: 0x4cde3bb9, L:/127.0.0.1:58232 - R:localhost/127.0.0.1:53043]' for 'GET' to 'http://localhost:53043/session/186a8b818e3ad56ed2aec81538e64c07/screenshot'
17:54:18.209 [Forwarding screenshot on session 186a8b818e3ad56ed2aec81538e64c07 to remote] DEBUG org.asynchttpclient.netty.request.NettyRequestSender - Using open Channel [id: 0x4cde3bb9, L:/127.0.0.1:58232 - R:localhost/127.0.0.1:53043] for GET '/session/186a8b818e3ad56ed2aec81538e64c07/screenshot'
17:54:18.645 [AsyncHttpClient-1-5] DEBUG org.asynchttpclient.netty.handler.HttpHandler - 

Request DefaultFullHttpRequest(decodeResult: success, version: HTTP/1.1, content: EmptyByteBufBE)
GET /session/186a8b818e3ad56ed2aec81538e64c07/screenshot HTTP/1.1
User-Agent: selenium/4.1.2 (java windows)
Cache-Control: no-cache
Content-Type: application/json; charset=utf-8
host: localhost:53043
accept: */*

Response DefaultHttpResponse(decodeResult: success, version: HTTP/1.1)
HTTP/1.1 200 OK
Content-Type: application/json; charset=utf-8
cache-control: no-cache
content-length: 40860

17:54:18.646 [AsyncHttpClient-1-5] DEBUG org.asynchttpclient.netty.channel.ChannelManager - Adding key: http://localhost:53043 for channel [id: 0x4cde3bb9, L:/127.0.0.1:58232 - R:localhost/127.0.0.1:53043]
17:54:18.649 [main] DEBUG net.serenitybdd.core.photography.Darkroom - Send negative for processing for target\site\serenity\b6b5590754b33ad2de93c2a844c9f28e0bce6dc4aa77d81daacf09d061b8acc3.png
17:54:18.661 [Forwarding findElement on session 186a8b818e3ad56ed2aec81538e64c07 to remote] DEBUG org.asynchttpclient.netty.request.NettyRequestSender - Using pooled Channel '[id: 0x4cde3bb9, L:/127.0.0.1:58232 - R:localhost/127.0.0.1:53043]' for 'POST' to 'http://localhost:53043/session/186a8b818e3ad56ed2aec81538e64c07/element'
17:54:18.661 [Forwarding findElement on session 186a8b818e3ad56ed2aec81538e64c07 to remote] DEBUG org.asynchttpclient.netty.request.NettyRequestSender - Using open Channel [id: 0x4cde3bb9, L:/127.0.0.1:58232 - R:localhost/127.0.0.1:53043] for POST '/session/186a8b818e3ad56ed2aec81538e64c07/element'
17:54:18.675 [AsyncHttpClient-1-5] DEBUG org.asynchttpclient.netty.handler.HttpHandler - 

Request DefaultHttpRequest(decodeResult: success, version: HTTP/1.1)
POST /session/186a8b818e3ad56ed2aec81538e64c07/element HTTP/1.1
User-Agent: selenium/4.1.2 (java windows)
Content-Length: 126
Content-Type: application/json; charset=utf-8
host: localhost:53043
accept: */*

Response DefaultHttpResponse(decodeResult: success, version: HTTP/1.1)
HTTP/1.1 200 OK
Content-Type: application/json; charset=utf-8
cache-control: no-cache
content-length: 88

17:54:18.675 [AsyncHttpClient-1-5] DEBUG org.asynchttpclient.netty.channel.ChannelManager - Adding key: http://localhost:53043 for channel [id: 0x4cde3bb9, L:/127.0.0.1:58232 - R:localhost/127.0.0.1:53043]
17:54:18.680 [Forwarding isElementDisplayed on session 186a8b818e3ad56ed2aec81538e64c07 to remote] DEBUG org.asynchttpclient.netty.request.NettyRequestSender - Using pooled Channel '[id: 0x4cde3bb9, L:/127.0.0.1:58232 - R:localhost/127.0.0.1:53043]' for 'POST' to 'http://localhost:53043/session/186a8b818e3ad56ed2aec81538e64c07/execute/sync'
17:54:18.680 [Forwarding isElementDisplayed on session 186a8b818e3ad56ed2aec81538e64c07 to remote] DEBUG org.asynchttpclient.netty.request.NettyRequestSender - Using open Channel [id: 0x4cde3bb9, L:/127.0.0.1:58232 - R:localhost/127.0.0.1:53043] for POST '/session/186a8b818e3ad56ed2aec81538e64c07/execute/sync'
17:54:18.698 [AsyncHttpClient-1-5] DEBUG org.asynchttpclient.netty.handler.HttpHandler - 

Request DefaultHttpRequest(decodeResult: success, version: HTTP/1.1)
POST /session/186a8b818e3ad56ed2aec81538e64c07/execute/sync HTTP/1.1
User-Agent: selenium/4.1.2 (java windows)
Content-Length: 48780
Content-Type: application/json; charset=utf-8
host: localhost:53043
accept: */*

Response DefaultHttpResponse(decodeResult: success, version: HTTP/1.1)
HTTP/1.1 200 OK
Content-Type: application/json; charset=utf-8
cache-control: no-cache
content-length: 14

17:54:18.698 [AsyncHttpClient-1-5] DEBUG org.asynchttpclient.netty.channel.ChannelManager - Adding key: http://localhost:53043 for channel [id: 0x4cde3bb9, L:/127.0.0.1:58232 - R:localhost/127.0.0.1:53043]
  &amp#27;[32mAnd &amp#27;[0m&amp#27;[32mI validate on order page&amp#27;[0m           &amp#27;[90m# starter.stepdefinitions.CartSteps.iValidateOnOrderPage()&amp#27;[0m
17:54:18.706 [Forwarding screenshot on session 186a8b818e3ad56ed2aec81538e64c07 to remote] DEBUG org.asynchttpclient.netty.request.NettyRequestSender - Using pooled Channel '[id: 0x4cde3bb9, L:/127.0.0.1:58232 - R:localhost/127.0.0.1:53043]' for 'GET' to 'http://localhost:53043/session/186a8b818e3ad56ed2aec81538e64c07/screenshot'
17:54:18.706 [Forwarding screenshot on session 186a8b818e3ad56ed2aec81538e64c07 to remote] DEBUG org.asynchttpclient.netty.request.NettyRequestSender - Using open Channel [id: 0x4cde3bb9, L:/127.0.0.1:58232 - R:localhost/127.0.0.1:53043] for GET '/session/186a8b818e3ad56ed2aec81538e64c07/screenshot'
17:54:18.873 [AsyncHttpClient-1-5] DEBUG org.asynchttpclient.netty.handler.HttpHandler - 

Request DefaultFullHttpRequest(decodeResult: success, version: HTTP/1.1, content: EmptyByteBufBE)
GET /session/186a8b818e3ad56ed2aec81538e64c07/screenshot HTTP/1.1
User-Agent: selenium/4.1.2 (java windows)
Cache-Control: no-cache
Content-Type: application/json; charset=utf-8
host: localhost:53043
accept: */*

Response DefaultHttpResponse(decodeResult: success, version: HTTP/1.1)
HTTP/1.1 200 OK
Content-Type: application/json; charset=utf-8
cache-control: no-cache
content-length: 40560

17:54:18.874 [AsyncHttpClient-1-5] DEBUG org.asynchttpclient.netty.channel.ChannelManager - Adding key: http://localhost:53043 for channel [id: 0x4cde3bb9, L:/127.0.0.1:58232 - R:localhost/127.0.0.1:53043]
17:54:18.878 [main] DEBUG net.serenitybdd.core.photography.Darkroom - Send negative for processing for target\site\serenity\a549f68892bc5c67f29d600c4a118d60c73225773c658afc675d10fd25a5051f.png
17:54:18.887 [Forwarding findElement on session 186a8b818e3ad56ed2aec81538e64c07 to remote] DEBUG org.asynchttpclient.netty.request.NettyRequestSender - Using pooled Channel '[id: 0x4cde3bb9, L:/127.0.0.1:58232 - R:localhost/127.0.0.1:53043]' for 'POST' to 'http://localhost:53043/session/186a8b818e3ad56ed2aec81538e64c07/element'
17:54:18.887 [Forwarding findElement on session 186a8b818e3ad56ed2aec81538e64c07 to remote] DEBUG org.asynchttpclient.netty.request.NettyRequestSender - Using open Channel [id: 0x4cde3bb9, L:/127.0.0.1:58232 - R:localhost/127.0.0.1:53043] for POST '/session/186a8b818e3ad56ed2aec81538e64c07/element'
17:54:18.899 [AsyncHttpClient-1-5] DEBUG org.asynchttpclient.netty.handler.HttpHandler - 

Request DefaultHttpRequest(decodeResult: success, version: HTTP/1.1)
POST /session/186a8b818e3ad56ed2aec81538e64c07/element HTTP/1.1
User-Agent: selenium/4.1.2 (java windows)
Content-Length: 126
Content-Type: application/json; charset=utf-8
host: localhost:53043
accept: */*

Response DefaultHttpResponse(decodeResult: success, version: HTTP/1.1)
HTTP/1.1 200 OK
Content-Type: application/json; charset=utf-8
cache-control: no-cache
content-length: 88

17:54:18.900 [AsyncHttpClient-1-5] DEBUG org.asynchttpclient.netty.channel.ChannelManager - Adding key: http://localhost:53043 for channel [id: 0x4cde3bb9, L:/127.0.0.1:58232 - R:localhost/127.0.0.1:53043]
17:54:18.902 [Forwarding getElementTagName on session 186a8b818e3ad56ed2aec81538e64c07 to remote] DEBUG org.asynchttpclient.netty.request.NettyRequestSender - Using pooled Channel '[id: 0x4cde3bb9, L:/127.0.0.1:58232 - R:localhost/127.0.0.1:53043]' for 'GET' to 'http://localhost:53043/session/186a8b818e3ad56ed2aec81538e64c07/element/16dbcecf-d980-46f1-bce8-75d186c6a486/name'
17:54:18.902 [Forwarding getElementTagName on session 186a8b818e3ad56ed2aec81538e64c07 to remote] DEBUG org.asynchttpclient.netty.request.NettyRequestSender - Using open Channel [id: 0x4cde3bb9, L:/127.0.0.1:58232 - R:localhost/127.0.0.1:53043] for GET '/session/186a8b818e3ad56ed2aec81538e64c07/element/16dbcecf-d980-46f1-bce8-75d186c6a486/name'
17:54:18.908 [AsyncHttpClient-1-5] DEBUG org.asynchttpclient.netty.handler.HttpHandler - 

Request DefaultFullHttpRequest(decodeResult: success, version: HTTP/1.1, content: EmptyByteBufBE)
GET /session/186a8b818e3ad56ed2aec81538e64c07/element/16dbcecf-d980-46f1-bce8-75d186c6a486/name HTTP/1.1
User-Agent: selenium/4.1.2 (java windows)
Cache-Control: no-cache
Content-Type: application/json; charset=utf-8
host: localhost:53043
accept: */*

Response DefaultHttpResponse(decodeResult: success, version: HTTP/1.1)
HTTP/1.1 200 OK
Content-Type: application/json; charset=utf-8
cache-control: no-cache
content-length: 16

17:54:18.908 [AsyncHttpClient-1-5] DEBUG org.asynchttpclient.netty.channel.ChannelManager - Adding key: http://localhost:53043 for channel [id: 0x4cde3bb9, L:/127.0.0.1:58232 - R:localhost/127.0.0.1:53043]
17:54:18.910 [Forwarding getElementTagName on session 186a8b818e3ad56ed2aec81538e64c07 to remote] DEBUG org.asynchttpclient.netty.request.NettyRequestSender - Using pooled Channel '[id: 0x4cde3bb9, L:/127.0.0.1:58232 - R:localhost/127.0.0.1:53043]' for 'GET' to 'http://localhost:53043/session/186a8b818e3ad56ed2aec81538e64c07/element/16dbcecf-d980-46f1-bce8-75d186c6a486/name'
17:54:18.910 [Forwarding getElementTagName on session 186a8b818e3ad56ed2aec81538e64c07 to remote] DEBUG org.asynchttpclient.netty.request.NettyRequestSender - Using open Channel [id: 0x4cde3bb9, L:/127.0.0.1:58232 - R:localhost/127.0.0.1:53043] for GET '/session/186a8b818e3ad56ed2aec81538e64c07/element/16dbcecf-d980-46f1-bce8-75d186c6a486/name'
17:54:18.914 [AsyncHttpClient-1-5] DEBUG org.asynchttpclient.netty.handler.HttpHandler - 

Request DefaultFullHttpRequest(decodeResult: success, version: HTTP/1.1, content: EmptyByteBufBE)
GET /session/186a8b818e3ad56ed2aec81538e64c07/element/16dbcecf-d980-46f1-bce8-75d186c6a486/name HTTP/1.1
User-Agent: selenium/4.1.2 (java windows)
Cache-Control: no-cache
Content-Type: application/json; charset=utf-8
host: localhost:53043
accept: */*

Response DefaultHttpResponse(decodeResult: success, version: HTTP/1.1)
HTTP/1.1 200 OK
Content-Type: application/json; charset=utf-8
cache-control: no-cache
content-length: 16

17:54:18.915 [AsyncHttpClient-1-5] DEBUG org.asynchttpclient.netty.channel.ChannelManager - Adding key: http://localhost:53043 for channel [id: 0x4cde3bb9, L:/127.0.0.1:58232 - R:localhost/127.0.0.1:53043]
17:54:18.917 [Forwarding findElement on session 186a8b818e3ad56ed2aec81538e64c07 to remote] DEBUG org.asynchttpclient.netty.request.NettyRequestSender - Using pooled Channel '[id: 0x4cde3bb9, L:/127.0.0.1:58232 - R:localhost/127.0.0.1:53043]' for 'POST' to 'http://localhost:53043/session/186a8b818e3ad56ed2aec81538e64c07/element'
17:54:18.917 [Forwarding findElement on session 186a8b818e3ad56ed2aec81538e64c07 to remote] DEBUG org.asynchttpclient.netty.request.NettyRequestSender - Using open Channel [id: 0x4cde3bb9, L:/127.0.0.1:58232 - R:localhost/127.0.0.1:53043] for POST '/session/186a8b818e3ad56ed2aec81538e64c07/element'
17:54:18.926 [AsyncHttpClient-1-5] DEBUG org.asynchttpclient.netty.handler.HttpHandler - 

Request DefaultHttpRequest(decodeResult: success, version: HTTP/1.1)
POST /session/186a8b818e3ad56ed2aec81538e64c07/element HTTP/1.1
User-Agent: selenium/4.1.2 (java windows)
Content-Length: 126
Content-Type: application/json; charset=utf-8
host: localhost:53043
accept: */*

Response DefaultHttpResponse(decodeResult: success, version: HTTP/1.1)
HTTP/1.1 200 OK
Content-Type: application/json; charset=utf-8
cache-control: no-cache
content-length: 88

17:54:18.926 [AsyncHttpClient-1-5] DEBUG org.asynchttpclient.netty.channel.ChannelManager - Adding key: http://localhost:53043 for channel [id: 0x4cde3bb9, L:/127.0.0.1:58232 - R:localhost/127.0.0.1:53043]
17:54:18.928 [Forwarding clickElement on session 186a8b818e3ad56ed2aec81538e64c07 to remote] DEBUG org.asynchttpclient.netty.request.NettyRequestSender - Using pooled Channel '[id: 0x4cde3bb9, L:/127.0.0.1:58232 - R:localhost/127.0.0.1:53043]' for 'POST' to 'http://localhost:53043/session/186a8b818e3ad56ed2aec81538e64c07/element/16dbcecf-d980-46f1-bce8-75d186c6a486/click'
17:54:18.928 [Forwarding clickElement on session 186a8b818e3ad56ed2aec81538e64c07 to remote] DEBUG org.asynchttpclient.netty.request.NettyRequestSender - Using open Channel [id: 0x4cde3bb9, L:/127.0.0.1:58232 - R:localhost/127.0.0.1:53043] for POST '/session/186a8b818e3ad56ed2aec81538e64c07/element/16dbcecf-d980-46f1-bce8-75d186c6a486/click'
17:54:18.974 [AsyncHttpClient-1-5] DEBUG org.asynchttpclient.netty.handler.HttpHandler - 

Request DefaultHttpRequest(decodeResult: success, version: HTTP/1.1)
POST /session/186a8b818e3ad56ed2aec81538e64c07/element/16dbcecf-d980-46f1-bce8-75d186c6a486/click HTTP/1.1
User-Agent: selenium/4.1.2 (java windows)
Content-Length: 50
Content-Type: application/json; charset=utf-8
host: localhost:53043
accept: */*

Response DefaultHttpResponse(decodeResult: success, version: HTTP/1.1)
HTTP/1.1 200 OK
Content-Type: application/json; charset=utf-8
cache-control: no-cache
content-length: 14

17:54:18.974 [AsyncHttpClient-1-5] DEBUG org.asynchttpclient.netty.channel.ChannelManager - Adding key: http://localhost:53043 for channel [id: 0x4cde3bb9, L:/127.0.0.1:58232 - R:localhost/127.0.0.1:53043]
  &amp#27;[32mAnd &amp#27;[0m&amp#27;[32mI click &amp#27;[0m&amp#27;[32m&amp#27;[1m"-"&amp#27;[0m&amp#27;[32m button&amp#27;[0m                 &amp#27;[90m# starter.stepdefinitions.CartSteps.iClickButton(java.lang.String)&amp#27;[0m
17:54:18.981 [Forwarding screenshot on session 186a8b818e3ad56ed2aec81538e64c07 to remote] DEBUG org.asynchttpclient.netty.request.NettyRequestSender - Using pooled Channel '[id: 0x4cde3bb9, L:/127.0.0.1:58232 - R:localhost/127.0.0.1:53043]' for 'GET' to 'http://localhost:53043/session/186a8b818e3ad56ed2aec81538e64c07/screenshot'
17:54:18.982 [Forwarding screenshot on session 186a8b818e3ad56ed2aec81538e64c07 to remote] DEBUG org.asynchttpclient.netty.request.NettyRequestSender - Using open Channel [id: 0x4cde3bb9, L:/127.0.0.1:58232 - R:localhost/127.0.0.1:53043] for GET '/session/186a8b818e3ad56ed2aec81538e64c07/screenshot'
17:54:19.014 [AsyncHttpClient-1-1] DEBUG org.asynchttpclient.netty.channel.DefaultChannelPool - Entry count for : http://localhost:58233 : 1
17:54:19.221 [AsyncHttpClient-1-5] DEBUG org.asynchttpclient.netty.handler.HttpHandler - 

Request DefaultFullHttpRequest(decodeResult: success, version: HTTP/1.1, content: EmptyByteBufBE)
GET /session/186a8b818e3ad56ed2aec81538e64c07/screenshot HTTP/1.1
User-Agent: selenium/4.1.2 (java windows)
Cache-Control: no-cache
Content-Type: application/json; charset=utf-8
host: localhost:53043
accept: */*

Response DefaultHttpResponse(decodeResult: success, version: HTTP/1.1)
HTTP/1.1 200 OK
Content-Type: application/json; charset=utf-8
cache-control: no-cache
content-length: 23396

17:54:19.222 [AsyncHttpClient-1-5] DEBUG org.asynchttpclient.netty.channel.ChannelManager - Adding key: http://localhost:53043 for channel [id: 0x4cde3bb9, L:/127.0.0.1:58232 - R:localhost/127.0.0.1:53043]
17:54:19.224 [main] DEBUG net.serenitybdd.core.photography.Darkroom - Send negative for processing for target\site\serenity\4381f2e85bcf306e8b1796c8e2b2e63bb9f086d59d7220d1474ca5b7f47afaec.png
17:54:19.224 [Darkroom Processing Line] DEBUG net.serenitybdd.core.photography.DarkroomProcessingLine - Processing screenshot image in /var/screenshots/screenshot-4213708609758225948
17:54:19.225 [Darkroom Processing Line] DEBUG net.serenitybdd.core.photography.DarkroomProcessingLine - Saving screenshot to target\site\serenity\4381f2e85bcf306e8b1796c8e2b2e63bb9f086d59d7220d1474ca5b7f47afaec.png
17:54:19.236 [Forwarding findElement on session 186a8b818e3ad56ed2aec81538e64c07 to remote] DEBUG org.asynchttpclient.netty.request.NettyRequestSender - Using pooled Channel '[id: 0x4cde3bb9, L:/127.0.0.1:58232 - R:localhost/127.0.0.1:53043]' for 'POST' to 'http://localhost:53043/session/186a8b818e3ad56ed2aec81538e64c07/element'
17:54:19.237 [Forwarding findElement on session 186a8b818e3ad56ed2aec81538e64c07 to remote] DEBUG org.asynchttpclient.netty.request.NettyRequestSender - Using open Channel [id: 0x4cde3bb9, L:/127.0.0.1:58232 - R:localhost/127.0.0.1:53043] for POST '/session/186a8b818e3ad56ed2aec81538e64c07/element'
17:54:19.250 [AsyncHttpClient-1-5] DEBUG org.asynchttpclient.netty.handler.HttpHandler - 

Request DefaultHttpRequest(decodeResult: success, version: HTTP/1.1)
POST /session/186a8b818e3ad56ed2aec81538e64c07/element HTTP/1.1
User-Agent: selenium/4.1.2 (java windows)
Content-Length: 79
Content-Type: application/json; charset=utf-8
host: localhost:53043
accept: */*

Response DefaultHttpResponse(decodeResult: success, version: HTTP/1.1)
HTTP/1.1 200 OK
Content-Type: application/json; charset=utf-8
cache-control: no-cache
content-length: 88

17:54:19.250 [AsyncHttpClient-1-5] DEBUG org.asynchttpclient.netty.channel.ChannelManager - Adding key: http://localhost:53043 for channel [id: 0x4cde3bb9, L:/127.0.0.1:58232 - R:localhost/127.0.0.1:53043]
17:54:19.252 [Forwarding getElementText on session 186a8b818e3ad56ed2aec81538e64c07 to remote] DEBUG org.asynchttpclient.netty.request.NettyRequestSender - Using pooled Channel '[id: 0x4cde3bb9, L:/127.0.0.1:58232 - R:localhost/127.0.0.1:53043]' for 'GET' to 'http://localhost:53043/session/186a8b818e3ad56ed2aec81538e64c07/element/c5d743c9-1f4b-4faf-8758-c80437b53dfe/text'
17:54:19.252 [Forwarding getElementText on session 186a8b818e3ad56ed2aec81538e64c07 to remote] DEBUG org.asynchttpclient.netty.request.NettyRequestSender - Using open Channel [id: 0x4cde3bb9, L:/127.0.0.1:58232 - R:localhost/127.0.0.1:53043] for GET '/session/186a8b818e3ad56ed2aec81538e64c07/element/c5d743c9-1f4b-4faf-8758-c80437b53dfe/text'
17:54:19.268 [AsyncHttpClient-1-5] DEBUG org.asynchttpclient.netty.handler.HttpHandler - 

Request DefaultFullHttpRequest(decodeResult: success, version: HTTP/1.1, content: EmptyByteBufBE)
GET /session/186a8b818e3ad56ed2aec81538e64c07/element/c5d743c9-1f4b-4faf-8758-c80437b53dfe/text HTTP/1.1
User-Agent: selenium/4.1.2 (java windows)
Cache-Control: no-cache
Content-Type: application/json; charset=utf-8
host: localhost:53043
accept: */*

Response DefaultHttpResponse(decodeResult: success, version: HTTP/1.1)
HTTP/1.1 200 OK
Content-Type: application/json; charset=utf-8
cache-control: no-cache
content-length: 27

17:54:19.269 [AsyncHttpClient-1-5] DEBUG org.asynchttpclient.netty.channel.ChannelManager - Adding key: http://localhost:53043 for channel [id: 0x4cde3bb9, L:/127.0.0.1:58232 - R:localhost/127.0.0.1:53043]
  &amp#27;[32mAnd &amp#27;[0m&amp#27;[32mI validate the &amp#27;[0m&amp#27;[32m&amp#27;[1m"remove"&amp#27;[0m&amp#27;[32m detail&amp#27;[0m     &amp#27;[90m# starter.stepdefinitions.CartSteps.iValidateTheDetail(java.lang.String)&amp#27;[0m
17:54:19.278 [Forwarding screenshot on session 186a8b818e3ad56ed2aec81538e64c07 to remote] DEBUG org.asynchttpclient.netty.request.NettyRequestSender - Using pooled Channel '[id: 0x4cde3bb9, L:/127.0.0.1:58232 - R:localhost/127.0.0.1:53043]' for 'GET' to 'http://localhost:53043/session/186a8b818e3ad56ed2aec81538e64c07/screenshot'
17:54:19.278 [Forwarding screenshot on session 186a8b818e3ad56ed2aec81538e64c07 to remote] DEBUG org.asynchttpclient.netty.request.NettyRequestSender - Using open Channel [id: 0x4cde3bb9, L:/127.0.0.1:58232 - R:localhost/127.0.0.1:53043] for GET '/session/186a8b818e3ad56ed2aec81538e64c07/screenshot'
17:54:19.470 [AsyncHttpClient-1-5] DEBUG org.asynchttpclient.netty.handler.HttpHandler - 

Request DefaultFullHttpRequest(decodeResult: success, version: HTTP/1.1, content: EmptyByteBufBE)
GET /session/186a8b818e3ad56ed2aec81538e64c07/screenshot HTTP/1.1
User-Agent: selenium/4.1.2 (java windows)
Cache-Control: no-cache
Content-Type: application/json; charset=utf-8
host: localhost:53043
accept: */*

Response DefaultHttpResponse(decodeResult: success, version: HTTP/1.1)
HTTP/1.1 200 OK
Content-Type: application/json; charset=utf-8
cache-control: no-cache
content-length: 22324

17:54:19.471 [AsyncHttpClient-1-5] DEBUG org.asynchttpclient.netty.channel.ChannelManager - Adding key: http://localhost:53043 for channel [id: 0x4cde3bb9, L:/127.0.0.1:58232 - R:localhost/127.0.0.1:53043]
17:54:19.472 [main] DEBUG net.serenitybdd.core.photography.Darkroom - Send negative for processing for target\site\serenity\99f5831063ee2670f1eb13eb482111ebc88d1c27843140ea03daf68abb1eafcb.png
17:54:19.474 [Darkroom Processing Line] DEBUG net.serenitybdd.core.photography.DarkroomProcessingLine - Processing screenshot image in /var/screenshots/screenshot-8526002141832834755
17:54:19.474 [Darkroom Processing Line] DEBUG net.serenitybdd.core.photography.DarkroomProcessingLine - Saving screenshot to target\site\serenity\99f5831063ee2670f1eb13eb482111ebc88d1c27843140ea03daf68abb1eafcb.png
17:54:19.475 [AsyncHttpClient-1-7] DEBUG org.asynchttpclient.netty.handler.WebSocketHandler - Channel Closed: [id: 0x6a5acf40, L:/127.0.0.1:58241 ! R:localhost/127.0.0.1:58233] with attribute NettyResponseFuture{currentRetry=5,
	isDone=1,
	isCancelled=0,
	asyncHandler=org.asynchttpclient.ws.WebSocketUpgradeHandler@244990ce,
	nettyRequest=org.asynchttpclient.netty.request.NettyRequest@5728beb6,
	future=java.util.concurrent.CompletableFuture@75b91bf0[Completed normally],
	uri=ws://localhost:58233/devtools/browser/e0c15e1f-5f5e-415f-892e-541ecf6eebe7,
	keepAlive=true,
	redirectCount=0,
	timeoutsHolder=null,
	inAuth=0,
	touch=1652784853908}
17:54:19.475 [AsyncHttpClient-1-7] DEBUG org.asynchttpclient.netty.channel.ChannelManager - Closing Channel [id: 0x6a5acf40, L:/127.0.0.1:58241 ! R:localhost/127.0.0.1:58233] 
17:54:19.476 [Driver Command Executor] DEBUG org.asynchttpclient.netty.request.NettyRequestSender - Using pooled Channel '[id: 0x4cde3bb9, L:/127.0.0.1:58232 - R:localhost/127.0.0.1:53043]' for 'DELETE' to 'http://localhost:53043/session/186a8b818e3ad56ed2aec81538e64c07'
17:54:19.476 [Driver Command Executor] DEBUG org.asynchttpclient.netty.request.NettyRequestSender - Using open Channel [id: 0x4cde3bb9, L:/127.0.0.1:58232 - R:localhost/127.0.0.1:53043] for DELETE '/session/186a8b818e3ad56ed2aec81538e64c07'
17:54:19.506 [AsyncHttpClient-1-6] DEBUG org.asynchttpclient.netty.handler.HttpHandler - Unexpected I/O exception on channel [id: 0x629e2b24, L:/127.0.0.1:58240 - R:localhost/127.0.0.1:58233]
java.net.SocketException: Connection reset
	at java.base/sun.nio.ch.SocketChannelImpl.throwConnectionReset(SocketChannelImpl.java:367)
	at java.base/sun.nio.ch.SocketChannelImpl.read(SocketChannelImpl.java:398)
	at io.netty.buffer.PooledByteBuf.setBytes(PooledByteBuf.java:258)
	at io.netty.buffer.AbstractByteBuf.writeBytes(AbstractByteBuf.java:1132)
	at io.netty.channel.socket.nio.NioSocketChannel.doReadBytes(NioSocketChannel.java:350)
	at io.netty.channel.nio.AbstractNioByteChannel$NioByteUnsafe.read(AbstractNioByteChannel.java:151)
	at io.netty.channel.nio.NioEventLoop.processSelectedKey(NioEventLoop.java:722)
	at io.netty.channel.nio.NioEventLoop.processSelectedKeysOptimized(NioEventLoop.java:658)
	at io.netty.channel.nio.NioEventLoop.processSelectedKeys(NioEventLoop.java:584)
	at io.netty.channel.nio.NioEventLoop.run(NioEventLoop.java:496)
	at io.netty.util.concurrent.SingleThreadEventExecutor$4.run(SingleThreadEventExecutor.java:986)
	at io.netty.util.internal.ThreadExecutorMap$2.run(ThreadExecutorMap.java:74)
	at io.netty.util.concurrent.FastThreadLocalRunnable.run(FastThreadLocalRunnable.java:30)
	at java.base/java.lang.Thread.run(Thread.java:832)
17:54:19.506 [AsyncHttpClient-1-6] DEBUG org.asynchttpclient.netty.channel.ChannelManager - Closing Channel [id: 0x629e2b24, L:/127.0.0.1:58240 - R:localhost/127.0.0.1:58233] 
17:54:19.506 [AsyncHttpClient-1-6] DEBUG org.asynchttpclient.netty.handler.HttpHandler - Channel Closed: [id: 0x629e2b24, L:/127.0.0.1:58240 ! R:localhost/127.0.0.1:58233] with attribute DISCARD
17:54:19.522 [AsyncHttpClient-1-5] DEBUG org.asynchttpclient.netty.handler.HttpHandler - 

Request DefaultFullHttpRequest(decodeResult: success, version: HTTP/1.1, content: EmptyByteBufBE)
DELETE /session/186a8b818e3ad56ed2aec81538e64c07 HTTP/1.1
User-Agent: selenium/4.1.2 (java windows)
Content-Type: application/json; charset=utf-8
host: localhost:53043
accept: */*

Response DefaultHttpResponse(decodeResult: success, version: HTTP/1.1)
HTTP/1.1 200 OK
Content-Type: application/json; charset=utf-8
cache-control: no-cache
content-length: 14

17:54:19.522 [AsyncHttpClient-1-5] DEBUG org.asynchttpclient.netty.channel.ChannelManager - Adding key: http://localhost:53043 for channel [id: 0x4cde3bb9, L:/127.0.0.1:58232 - R:localhost/127.0.0.1:53043]
17:54:19.628 [AsyncHttpClient-1-5] DEBUG org.asynchttpclient.netty.handler.HttpHandler - Channel Closed: [id: 0x4cde3bb9, L:/127.0.0.1:58232 ! R:localhost/127.0.0.1:53043] with attribute DISCARD
17:54:20.115 [AsyncHttpClient-1-1] DEBUG org.asynchttpclient.netty.channel.DefaultChannelPool - Entry count for : http://localhost:58233 : 1
17:54:20.115 [AsyncHttpClient-1-1] DEBUG org.asynchttpclient.netty.channel.DefaultChannelPool - Entry count for : http://localhost:53043 : 1
17:54:20.115 [AsyncHttpClient-1-1] DEBUG org.asynchttpclient.netty.channel.DefaultChannelPool - Adding Candidate expired Channel [id: 0x629e2b24, L:/127.0.0.1:58240 ! R:localhost/127.0.0.1:58233] isIdleTimeoutExpired=false isRemotelyClosed=true isTtlExpired=false
17:54:20.115 [AsyncHttpClient-1-1] DEBUG org.asynchttpclient.netty.channel.DefaultChannelPool - Closing Idle Channel [id: 0x629e2b24, L:/127.0.0.1:58240 ! R:localhost/127.0.0.1:58233]
17:54:20.115 [AsyncHttpClient-1-1] DEBUG org.asynchttpclient.netty.channel.DefaultChannelPool - Adding Candidate expired Channel [id: 0x4cde3bb9, L:/127.0.0.1:58232 ! R:localhost/127.0.0.1:53043] isIdleTimeoutExpired=false isRemotelyClosed=true isTtlExpired=false
17:54:20.115 [AsyncHttpClient-1-1] DEBUG org.asynchttpclient.netty.channel.DefaultChannelPool - Closing Idle Channel [id: 0x4cde3bb9, L:/127.0.0.1:58232 ! R:localhost/127.0.0.1:53043]
17:54:20.115 [AsyncHttpClient-1-1] DEBUG org.asynchttpclient.netty.channel.DefaultChannelPool - Closed 2 connections out of 2 in 0 ms
17:54:20.147 [main] INFO  - 
  _____   ___   ___   _____     ___     _     ___   ___   ___   ___  
 |_   _| | __| / __| |_   _|   | _ \   /_\   / __| / __| | __| |   \ 
   | |   | _|  \__ \   | |     |  _/  / _ \  \__ \ \__ \ | _|  | |) |
   |_|   |___| |___/   |_|     |_|   /_/ \_\ |___/ |___/ |___| |___/ 

Add and remove product
----------------------------------------------------------------------
]]></system-out>
    <system-err><![CDATA[Starting ChromeDriver 101.0.4951.41 (93c720db8323b3ec10d056025ab95c23a31997c9-refs/branch-heads/4951@{#904}) on port 53043
Only local connections are allowed.
Please see https://chromedriver.chromium.org/security-considerations for suggestions on keeping ChromeDriver safe.
ChromeDriver was started successfully.
May 17, 2022 5:54:13 PM org.openqa.selenium.remote.ProtocolHandshake createSession
INFO: Detected dialect: W3C
May 17, 2022 5:54:13 PM org.openqa.selenium.devtools.CdpVersionFinder findNearestMatch
WARNING: Unable to find an exact match for CDP version 101, so returning the closest version found: 97
May 17, 2022 5:54:13 PM org.openqa.selenium.devtools.CdpVersionFinder findNearestMatch
INFO: Found CDP implementation for version 101 of 97
]]></system-err>
  </testcase>
  <testcase name="Open detail product #1" classname="Detail" time="7.835">
    <system-out><![CDATA[17:54:20.150 [main] INFO io.cucumber.core.plugin.SerenityReporter - Running feature from file:///E:/Learn/ProjectTestWeb/src/test/resources/features/Detail.feature
17:54:20.156 [main] DEBUG net.thucydides.core.steps.StepEventBus - Test suite started for story net.thucydides.core.model.Story@8bb18048
17:54:20.157 [main] INFO  - Test Suite Started: Detail

Scenario Outline: Open detail product       &amp#27;[90m# src/test/resources/features/Detail.feature:13&amp#27;[0m
17:54:20.184 [main] INFO io.cucumber.core.plugin.SerenityReporter - Running feature from file:///E:/Learn/ProjectTestWeb/src/test/resources/features/Detail.feature
17:54:20.188 [main] INFO  - 
  _____   ___   ___   _____     ___   _____     _     ___   _____   ___   ___  
 |_   _| | __| / __| |_   _|   / __| |_   _|   /_\   | _ \ |_   _| | __| |   \ 
   | |   | _|  \__ \   | |     \__ \   | |    / _ \  |   /   | |   | _|  | |) |
   |_|   |___| |___/   |_|     |___/   |_|   /_/ \_\ |_|_\   |_|   |___| |___/ 

Open detail product(detail;open-detail-product)
--------------------------------------------------------------------------------
17:54:20.212 [main] INFO net.serenitybdd.core.webdriver.driverproviders.ChromeDriverProvider - Using automatically driver download
17:54:20.447 [main] DEBUG io.github.bonigarcia.wdm.cache.ResolutionCache - Resolution chrome=101 in cache (valid until 18:23:13 17/05/2022 ICT)
17:54:20.455 [main] DEBUG io.github.bonigarcia.wdm.cache.ResolutionCache - Resolution chrome101=101.0.4951.41 in cache (valid until 17:23:13 18/05/2022 ICT)
17:54:20.459 [main] INFO io.github.bonigarcia.wdm.WebDriverManager - Using chromedriver 101.0.4951.41 (resolved driver for Chrome 101)
17:54:20.485 [main] DEBUG io.github.bonigarcia.wdm.WebDriverManager - Driver chromedriver 101.0.4951.41 found in cache
17:54:20.486 [main] INFO io.github.bonigarcia.wdm.WebDriverManager - Exporting webdriver.chrome.driver as C:\Users\HP\.cache\selenium\chromedriver\win32\101.0.4951.41\chromedriver.exe
17:54:20.674 [main] DEBUG net.serenitybdd.core.webdriver.driverproviders.ProvideNewDriver - Instantiating driver
17:54:20.674 [main] DEBUG net.serenitybdd.core.webdriver.driverproviders.ProvideNewDriver - Driver capabilities: Capabilities {acceptInsecureCerts: false, base.url: , browserName: chrome, goog:chromeOptions: {args: [], extensions: []}}
17:54:21.232 [AsyncHttpClient-1-8] DEBUG org.asynchttpclient.netty.channel.NettyConnectListener - Using new Channel '[id: 0x5dc2f12a, L:/127.0.0.1:58262 - R:localhost/127.0.0.1:49689]' for 'POST' to '/session'
17:54:21.937 [AsyncHttpClient-1-8] DEBUG org.asynchttpclient.netty.handler.HttpHandler - 

Request DefaultHttpRequest(decodeResult: success, version: HTTP/1.1)
POST /session HTTP/1.1
User-Agent: selenium/4.1.2 (java windows)
Content-Length: 457
Content-Type: application/json; charset=utf-8
host: localhost:49689
accept: */*

Response DefaultHttpResponse(decodeResult: success, version: HTTP/1.1)
HTTP/1.1 200 OK
Content-Type: application/json; charset=utf-8
cache-control: no-cache
content-length: 787

17:54:21.937 [AsyncHttpClient-1-8] DEBUG org.asynchttpclient.netty.channel.ChannelManager - Adding key: http://localhost:49689 for channel [id: 0x5dc2f12a, L:/127.0.0.1:58262 - R:localhost/127.0.0.1:49689]
17:54:21.946 [AsyncHttpClient-1-9] DEBUG org.asynchttpclient.netty.channel.NettyConnectListener - Using new Channel '[id: 0x13287d77, L:/127.0.0.1:58269 - R:localhost/127.0.0.1:58263]' for 'GET' to '/json/version'
17:54:21.954 [AsyncHttpClient-1-9] DEBUG org.asynchttpclient.netty.handler.HttpHandler - 

Request DefaultFullHttpRequest(decodeResult: success, version: HTTP/1.1, content: EmptyByteBufBE)
GET /json/version HTTP/1.1
User-Agent: selenium/4.1.2 (java windows)
host: localhost:58263
accept: */*

Response DefaultHttpResponse(decodeResult: success, version: HTTP/1.1)
HTTP/1.1 200 OK
Content-Type: application/json; charset=UTF-8
content-length: 427

17:54:21.954 [AsyncHttpClient-1-9] DEBUG org.asynchttpclient.netty.channel.ChannelManager - Adding key: http://localhost:58263 for channel [id: 0x13287d77, L:/127.0.0.1:58269 - R:localhost/127.0.0.1:58263]
17:54:21.958 [AsyncHttpClient-1-10] DEBUG org.asynchttpclient.netty.channel.NettyConnectListener - Using new Channel '[id: 0x5620e48b, L:/127.0.0.1:58270 - R:localhost/127.0.0.1:58263]' for 'GET' to '/devtools/browser/83dc2d1c-e2a8-494b-a710-8842fff180fa'
17:54:21.963 [AsyncHttpClient-1-10] DEBUG org.asynchttpclient.netty.handler.WebSocketHandler - 

Request DefaultFullHttpRequest(decodeResult: success, version: HTTP/1.1, content: EmptyByteBufBE)
GET /devtools/browser/83dc2d1c-e2a8-494b-a710-8842fff180fa HTTP/1.1
upgrade: websocket
connection: upgrade
sec-websocket-key: c01nnkQ6RiiIUvNo6yGQpg==
sec-websocket-version: 13
origin: http://localhost:58263
host: localhost:58263
accept: */*
user-agent: AHC/2.1

Response DefaultHttpResponse(decodeResult: success, version: HTTP/1.1)
HTTP/1.1 101 WebSocket Protocol Handshake
Upgrade: WebSocket
Connection: Upgrade
Sec-WebSocket-Accept: ay6XBREM/XE2Jaij7BaQTHjWvaU=

17:54:21.973 [Forwarding get on session eee3d268603feac0583f191b36356dec to remote] DEBUG org.asynchttpclient.netty.request.NettyRequestSender - Using pooled Channel '[id: 0x5dc2f12a, L:/127.0.0.1:58262 - R:localhost/127.0.0.1:49689]' for 'POST' to 'http://localhost:49689/session/eee3d268603feac0583f191b36356dec/url'
17:54:21.973 [Forwarding get on session eee3d268603feac0583f191b36356dec to remote] DEBUG org.asynchttpclient.netty.request.NettyRequestSender - Using open Channel [id: 0x5dc2f12a, L:/127.0.0.1:58262 - R:localhost/127.0.0.1:49689] for POST '/session/eee3d268603feac0583f191b36356dec/url'
17:54:22.315 [AsyncHttpClient-1-1] DEBUG org.asynchttpclient.netty.channel.DefaultChannelPool - Entry count for : http://localhost:58263 : 1
17:54:23.124 [AsyncHttpClient-1-8] DEBUG org.asynchttpclient.netty.handler.HttpHandler - 

Request DefaultHttpRequest(decodeResult: success, version: HTTP/1.1)
POST /session/eee3d268603feac0583f191b36356dec/url HTTP/1.1
User-Agent: selenium/4.1.2 (java windows)
Content-Length: 49
Content-Type: application/json; charset=utf-8
host: localhost:49689
accept: */*

Response DefaultHttpResponse(decodeResult: success, version: HTTP/1.1)
HTTP/1.1 200 OK
Content-Type: application/json; charset=utf-8
cache-control: no-cache
content-length: 14

17:54:23.124 [AsyncHttpClient-1-8] DEBUG org.asynchttpclient.netty.channel.ChannelManager - Adding key: http://localhost:49689 for channel [id: 0x5dc2f12a, L:/127.0.0.1:58262 - R:localhost/127.0.0.1:49689]
17:54:23.126 [Forwarding setTimeout on session eee3d268603feac0583f191b36356dec to remote] DEBUG org.asynchttpclient.netty.request.NettyRequestSender - Using pooled Channel '[id: 0x5dc2f12a, L:/127.0.0.1:58262 - R:localhost/127.0.0.1:49689]' for 'POST' to 'http://localhost:49689/session/eee3d268603feac0583f191b36356dec/timeouts'
17:54:23.126 [Forwarding setTimeout on session eee3d268603feac0583f191b36356dec to remote] DEBUG org.asynchttpclient.netty.request.NettyRequestSender - Using open Channel [id: 0x5dc2f12a, L:/127.0.0.1:58262 - R:localhost/127.0.0.1:49689] for POST '/session/eee3d268603feac0583f191b36356dec/timeouts'
17:54:23.128 [AsyncHttpClient-1-8] DEBUG org.asynchttpclient.netty.handler.HttpHandler - 

Request DefaultHttpRequest(decodeResult: success, version: HTTP/1.1)
POST /session/eee3d268603feac0583f191b36356dec/timeouts HTTP/1.1
User-Agent: selenium/4.1.2 (java windows)
Content-Length: 22
Content-Type: application/json; charset=utf-8
host: localhost:49689
accept: */*

Response DefaultHttpResponse(decodeResult: success, version: HTTP/1.1)
HTTP/1.1 200 OK
Content-Type: application/json; charset=utf-8
cache-control: no-cache
content-length: 14

17:54:23.128 [AsyncHttpClient-1-8] DEBUG org.asynchttpclient.netty.channel.ChannelManager - Adding key: http://localhost:49689 for channel [id: 0x5dc2f12a, L:/127.0.0.1:58262 - R:localhost/127.0.0.1:49689]
17:54:23.130 [Forwarding getCurrentUrl on session eee3d268603feac0583f191b36356dec to remote] DEBUG org.asynchttpclient.netty.request.NettyRequestSender - Using pooled Channel '[id: 0x5dc2f12a, L:/127.0.0.1:58262 - R:localhost/127.0.0.1:49689]' for 'GET' to 'http://localhost:49689/session/eee3d268603feac0583f191b36356dec/url'
17:54:23.130 [Forwarding getCurrentUrl on session eee3d268603feac0583f191b36356dec to remote] DEBUG org.asynchttpclient.netty.request.NettyRequestSender - Using open Channel [id: 0x5dc2f12a, L:/127.0.0.1:58262 - R:localhost/127.0.0.1:49689] for GET '/session/eee3d268603feac0583f191b36356dec/url'
17:54:23.136 [AsyncHttpClient-1-8] DEBUG org.asynchttpclient.netty.handler.HttpHandler - 

Request DefaultFullHttpRequest(decodeResult: success, version: HTTP/1.1, content: EmptyByteBufBE)
GET /session/eee3d268603feac0583f191b36356dec/url HTTP/1.1
User-Agent: selenium/4.1.2 (java windows)
Cache-Control: no-cache
Content-Type: application/json; charset=utf-8
host: localhost:49689
accept: */*

Response DefaultHttpResponse(decodeResult: success, version: HTTP/1.1)
HTTP/1.1 200 OK
Content-Type: application/json; charset=utf-8
cache-control: no-cache
content-length: 31

17:54:23.136 [AsyncHttpClient-1-8] DEBUG org.asynchttpclient.netty.channel.ChannelManager - Adding key: http://localhost:49689 for channel [id: 0x5dc2f12a, L:/127.0.0.1:58262 - R:localhost/127.0.0.1:49689]
17:54:23.148 [main] DEBUG net.serenitybdd.core.photography.Darkroom - Opening darkroom
17:54:23.149 [Darkroom Processing Line] DEBUG net.serenitybdd.core.photography.DarkroomProcessingLine - Darkroom processing line starting up
17:54:23.149 [Forwarding screenshot on session eee3d268603feac0583f191b36356dec to remote] DEBUG org.asynchttpclient.netty.request.NettyRequestSender - Using pooled Channel '[id: 0x5dc2f12a, L:/127.0.0.1:58262 - R:localhost/127.0.0.1:49689]' for 'GET' to 'http://localhost:49689/session/eee3d268603feac0583f191b36356dec/screenshot'
17:54:23.149 [Forwarding screenshot on session eee3d268603feac0583f191b36356dec to remote] DEBUG org.asynchttpclient.netty.request.NettyRequestSender - Using open Channel [id: 0x5dc2f12a, L:/127.0.0.1:58262 - R:localhost/127.0.0.1:49689] for GET '/session/eee3d268603feac0583f191b36356dec/screenshot'
17:54:23.420 [AsyncHttpClient-1-1] DEBUG org.asynchttpclient.netty.channel.DefaultChannelPool - Entry count for : http://localhost:58263 : 1
17:54:24.519 [AsyncHttpClient-1-1] DEBUG org.asynchttpclient.netty.channel.DefaultChannelPool - Entry count for : http://localhost:58263 : 1
17:54:25.090 [AsyncHttpClient-1-8] DEBUG org.asynchttpclient.netty.handler.HttpHandler - 

Request DefaultFullHttpRequest(decodeResult: success, version: HTTP/1.1, content: EmptyByteBufBE)
GET /session/eee3d268603feac0583f191b36356dec/screenshot HTTP/1.1
User-Agent: selenium/4.1.2 (java windows)
Cache-Control: no-cache
Content-Type: application/json; charset=utf-8
host: localhost:49689
accept: */*

Response DefaultHttpResponse(decodeResult: success, version: HTTP/1.1)
HTTP/1.1 200 OK
Content-Type: application/json; charset=utf-8
cache-control: no-cache
content-length: 33980

17:54:25.091 [AsyncHttpClient-1-8] DEBUG org.asynchttpclient.netty.channel.ChannelManager - Adding key: http://localhost:49689 for channel [id: 0x5dc2f12a, L:/127.0.0.1:58262 - R:localhost/127.0.0.1:49689]
17:54:25.095 [main] DEBUG net.serenitybdd.core.photography.Darkroom - Send negative for processing for target\site\serenity\3b94e1a16d32bcd41d80d9327d07dc30e14e3ae99e4db4f31a9420c9f48514e9.png
17:54:25.096 [main] DEBUG net.thucydides.core.steps.StepInterceptor - STARTING STEP: CartSteps.iAmOnHomepage - validateSearchBarAppears
17:54:25.096 [Darkroom Processing Line] DEBUG net.serenitybdd.core.photography.DarkroomProcessingLine - Processing screenshot image in /var/screenshots/screenshot-4134337725281678300
17:54:25.096 [Darkroom Processing Line] DEBUG net.serenitybdd.core.photography.DarkroomProcessingLine - Saving screenshot to target\site\serenity\3b94e1a16d32bcd41d80d9327d07dc30e14e3ae99e4db4f31a9420c9f48514e9.png
17:54:25.100 [Forwarding findElement on session eee3d268603feac0583f191b36356dec to remote] DEBUG org.asynchttpclient.netty.request.NettyRequestSender - Using pooled Channel '[id: 0x5dc2f12a, L:/127.0.0.1:58262 - R:localhost/127.0.0.1:49689]' for 'POST' to 'http://localhost:49689/session/eee3d268603feac0583f191b36356dec/element'
17:54:25.100 [Forwarding findElement on session eee3d268603feac0583f191b36356dec to remote] DEBUG org.asynchttpclient.netty.request.NettyRequestSender - Using open Channel [id: 0x5dc2f12a, L:/127.0.0.1:58262 - R:localhost/127.0.0.1:49689] for POST '/session/eee3d268603feac0583f191b36356dec/element'
17:54:25.123 [AsyncHttpClient-1-8] DEBUG org.asynchttpclient.netty.handler.HttpHandler - 

Request DefaultHttpRequest(decodeResult: success, version: HTTP/1.1)
POST /session/eee3d268603feac0583f191b36356dec/element HTTP/1.1
User-Agent: selenium/4.1.2 (java windows)
Content-Length: 94
Content-Type: application/json; charset=utf-8
host: localhost:49689
accept: */*

Response DefaultHttpResponse(decodeResult: success, version: HTTP/1.1)
HTTP/1.1 200 OK
Content-Type: application/json; charset=utf-8
cache-control: no-cache
content-length: 88

17:54:25.123 [AsyncHttpClient-1-8] DEBUG org.asynchttpclient.netty.channel.ChannelManager - Adding key: http://localhost:49689 for channel [id: 0x5dc2f12a, L:/127.0.0.1:58262 - R:localhost/127.0.0.1:49689]
17:54:25.127 [Forwarding isElementDisplayed on session eee3d268603feac0583f191b36356dec to remote] DEBUG org.asynchttpclient.netty.request.NettyRequestSender - Using pooled Channel '[id: 0x5dc2f12a, L:/127.0.0.1:58262 - R:localhost/127.0.0.1:49689]' for 'POST' to 'http://localhost:49689/session/eee3d268603feac0583f191b36356dec/execute/sync'
17:54:25.128 [Forwarding isElementDisplayed on session eee3d268603feac0583f191b36356dec to remote] DEBUG org.asynchttpclient.netty.request.NettyRequestSender - Using open Channel [id: 0x5dc2f12a, L:/127.0.0.1:58262 - R:localhost/127.0.0.1:49689] for POST '/session/eee3d268603feac0583f191b36356dec/execute/sync'
17:54:25.145 [AsyncHttpClient-1-8] DEBUG org.asynchttpclient.netty.handler.HttpHandler - 

Request DefaultHttpRequest(decodeResult: success, version: HTTP/1.1)
POST /session/eee3d268603feac0583f191b36356dec/execute/sync HTTP/1.1
User-Agent: selenium/4.1.2 (java windows)
Content-Length: 48780
Content-Type: application/json; charset=utf-8
host: localhost:49689
accept: */*

Response DefaultHttpResponse(decodeResult: success, version: HTTP/1.1)
HTTP/1.1 200 OK
Content-Type: application/json; charset=utf-8
cache-control: no-cache
content-length: 14

17:54:25.145 [AsyncHttpClient-1-8] DEBUG org.asynchttpclient.netty.channel.ChannelManager - Adding key: http://localhost:49689 for channel [id: 0x5dc2f12a, L:/127.0.0.1:58262 - R:localhost/127.0.0.1:49689]
17:54:25.152 [Forwarding screenshot on session eee3d268603feac0583f191b36356dec to remote] DEBUG org.asynchttpclient.netty.request.NettyRequestSender - Using pooled Channel '[id: 0x5dc2f12a, L:/127.0.0.1:58262 - R:localhost/127.0.0.1:49689]' for 'GET' to 'http://localhost:49689/session/eee3d268603feac0583f191b36356dec/screenshot'
17:54:25.152 [Forwarding screenshot on session eee3d268603feac0583f191b36356dec to remote] DEBUG org.asynchttpclient.netty.request.NettyRequestSender - Using open Channel [id: 0x5dc2f12a, L:/127.0.0.1:58262 - R:localhost/127.0.0.1:49689] for GET '/session/eee3d268603feac0583f191b36356dec/screenshot'
17:54:25.324 [AsyncHttpClient-1-8] DEBUG org.asynchttpclient.netty.handler.HttpHandler - 

Request DefaultFullHttpRequest(decodeResult: success, version: HTTP/1.1, content: EmptyByteBufBE)
GET /session/eee3d268603feac0583f191b36356dec/screenshot HTTP/1.1
User-Agent: selenium/4.1.2 (java windows)
Cache-Control: no-cache
Content-Type: application/json; charset=utf-8
host: localhost:49689
accept: */*

Response DefaultHttpResponse(decodeResult: success, version: HTTP/1.1)
HTTP/1.1 200 OK
Content-Type: application/json; charset=utf-8
cache-control: no-cache
content-length: 72748

17:54:25.326 [AsyncHttpClient-1-8] DEBUG org.asynchttpclient.netty.channel.ChannelManager - Adding key: http://localhost:49689 for channel [id: 0x5dc2f12a, L:/127.0.0.1:58262 - R:localhost/127.0.0.1:49689]
17:54:25.330 [main] DEBUG net.serenitybdd.core.photography.Darkroom - Send negative for processing for target\site\serenity\5a2ea1089878690bed55cf8882c0da436af8e6ee560e77877b5a34785ff9358e.png
17:54:25.330 [main] DEBUG net.thucydides.core.steps.StepInterceptor - STEP DONE: validateSearchBarAppears
17:54:25.339 [main] DEBUG net.thucydides.core.steps.StepInterceptor - STARTING STEP: CartSteps.iAmOnHomepage - validateHeaderHomepageEqual
17:54:25.342 [Forwarding findElement on session eee3d268603feac0583f191b36356dec to remote] DEBUG org.asynchttpclient.netty.request.NettyRequestSender - Using pooled Channel '[id: 0x5dc2f12a, L:/127.0.0.1:58262 - R:localhost/127.0.0.1:49689]' for 'POST' to 'http://localhost:49689/session/eee3d268603feac0583f191b36356dec/element'
17:54:25.343 [Forwarding findElement on session eee3d268603feac0583f191b36356dec to remote] DEBUG org.asynchttpclient.netty.request.NettyRequestSender - Using open Channel [id: 0x5dc2f12a, L:/127.0.0.1:58262 - R:localhost/127.0.0.1:49689] for POST '/session/eee3d268603feac0583f191b36356dec/element'
17:54:25.361 [AsyncHttpClient-1-8] DEBUG org.asynchttpclient.netty.handler.HttpHandler - 

Request DefaultHttpRequest(decodeResult: success, version: HTTP/1.1)
POST /session/eee3d268603feac0583f191b36356dec/element HTTP/1.1
User-Agent: selenium/4.1.2 (java windows)
Content-Length: 111
Content-Type: application/json; charset=utf-8
host: localhost:49689
accept: */*

Response DefaultHttpResponse(decodeResult: success, version: HTTP/1.1)
HTTP/1.1 200 OK
Content-Type: application/json; charset=utf-8
cache-control: no-cache
content-length: 88

17:54:25.362 [AsyncHttpClient-1-8] DEBUG org.asynchttpclient.netty.channel.ChannelManager - Adding key: http://localhost:49689 for channel [id: 0x5dc2f12a, L:/127.0.0.1:58262 - R:localhost/127.0.0.1:49689]
17:54:25.364 [Forwarding getElementText on session eee3d268603feac0583f191b36356dec to remote] DEBUG org.asynchttpclient.netty.request.NettyRequestSender - Using pooled Channel '[id: 0x5dc2f12a, L:/127.0.0.1:58262 - R:localhost/127.0.0.1:49689]' for 'GET' to 'http://localhost:49689/session/eee3d268603feac0583f191b36356dec/element/b6141a18-15ba-4ed8-a52a-da3bcd28f661/text'
17:54:25.364 [Forwarding getElementText on session eee3d268603feac0583f191b36356dec to remote] DEBUG org.asynchttpclient.netty.request.NettyRequestSender - Using open Channel [id: 0x5dc2f12a, L:/127.0.0.1:58262 - R:localhost/127.0.0.1:49689] for GET '/session/eee3d268603feac0583f191b36356dec/element/b6141a18-15ba-4ed8-a52a-da3bcd28f661/text'
17:54:25.379 [AsyncHttpClient-1-8] DEBUG org.asynchttpclient.netty.handler.HttpHandler - 

Request DefaultFullHttpRequest(decodeResult: success, version: HTTP/1.1, content: EmptyByteBufBE)
GET /session/eee3d268603feac0583f191b36356dec/element/b6141a18-15ba-4ed8-a52a-da3bcd28f661/text HTTP/1.1
User-Agent: selenium/4.1.2 (java windows)
Cache-Control: no-cache
Content-Type: application/json; charset=utf-8
host: localhost:49689
accept: */*

Response DefaultHttpResponse(decodeResult: success, version: HTTP/1.1)
HTTP/1.1 200 OK
Content-Type: application/json; charset=utf-8
cache-control: no-cache
content-length: 20

17:54:25.379 [AsyncHttpClient-1-8] DEBUG org.asynchttpclient.netty.channel.ChannelManager - Adding key: http://localhost:49689 for channel [id: 0x5dc2f12a, L:/127.0.0.1:58262 - R:localhost/127.0.0.1:49689]
17:54:25.385 [Forwarding screenshot on session eee3d268603feac0583f191b36356dec to remote] DEBUG org.asynchttpclient.netty.request.NettyRequestSender - Using pooled Channel '[id: 0x5dc2f12a, L:/127.0.0.1:58262 - R:localhost/127.0.0.1:49689]' for 'GET' to 'http://localhost:49689/session/eee3d268603feac0583f191b36356dec/screenshot'
17:54:25.385 [Forwarding screenshot on session eee3d268603feac0583f191b36356dec to remote] DEBUG org.asynchttpclient.netty.request.NettyRequestSender - Using open Channel [id: 0x5dc2f12a, L:/127.0.0.1:58262 - R:localhost/127.0.0.1:49689] for GET '/session/eee3d268603feac0583f191b36356dec/screenshot'
17:54:25.535 [AsyncHttpClient-1-8] DEBUG org.asynchttpclient.netty.handler.HttpHandler - 

Request DefaultFullHttpRequest(decodeResult: success, version: HTTP/1.1, content: EmptyByteBufBE)
GET /session/eee3d268603feac0583f191b36356dec/screenshot HTTP/1.1
User-Agent: selenium/4.1.2 (java windows)
Cache-Control: no-cache
Content-Type: application/json; charset=utf-8
host: localhost:49689
accept: */*

Response DefaultHttpResponse(decodeResult: success, version: HTTP/1.1)
HTTP/1.1 200 OK
Content-Type: application/json; charset=utf-8
cache-control: no-cache
content-length: 72748

17:54:25.535 [AsyncHttpClient-1-8] DEBUG org.asynchttpclient.netty.channel.ChannelManager - Adding key: http://localhost:49689 for channel [id: 0x5dc2f12a, L:/127.0.0.1:58262 - R:localhost/127.0.0.1:49689]
17:54:25.538 [main] DEBUG net.serenitybdd.core.photography.Darkroom - Send negative for processing for target\site\serenity\5a2ea1089878690bed55cf8882c0da436af8e6ee560e77877b5a34785ff9358e.png
17:54:25.539 [main] DEBUG net.thucydides.core.steps.StepInterceptor - STEP DONE: validateHeaderHomepageEqual
  &amp#27;[32mGiven &amp#27;[0m&amp#27;[32mI am on homepage&amp#27;[0m                    &amp#27;[90m# starter.stepdefinitions.CartSteps.iAmOnHomepage()&amp#27;[0m
17:54:25.617 [AsyncHttpClient-1-1] DEBUG org.asynchttpclient.netty.channel.DefaultChannelPool - Entry count for : http://localhost:58263 : 1
17:54:25.618 [AsyncHttpClient-1-1] DEBUG org.asynchttpclient.netty.channel.DefaultChannelPool - Entry count for : http://localhost:49689 : 1
17:54:25.718 [Forwarding screenshot on session eee3d268603feac0583f191b36356dec to remote] DEBUG org.asynchttpclient.netty.request.NettyRequestSender - Using pooled Channel '[id: 0x5dc2f12a, L:/127.0.0.1:58262 - R:localhost/127.0.0.1:49689]' for 'GET' to 'http://localhost:49689/session/eee3d268603feac0583f191b36356dec/screenshot'
17:54:25.718 [Forwarding screenshot on session eee3d268603feac0583f191b36356dec to remote] DEBUG org.asynchttpclient.netty.request.NettyRequestSender - Using open Channel [id: 0x5dc2f12a, L:/127.0.0.1:58262 - R:localhost/127.0.0.1:49689] for GET '/session/eee3d268603feac0583f191b36356dec/screenshot'
17:54:25.841 [AsyncHttpClient-1-8] DEBUG org.asynchttpclient.netty.handler.HttpHandler - 

Request DefaultFullHttpRequest(decodeResult: success, version: HTTP/1.1, content: EmptyByteBufBE)
GET /session/eee3d268603feac0583f191b36356dec/screenshot HTTP/1.1
User-Agent: selenium/4.1.2 (java windows)
Cache-Control: no-cache
Content-Type: application/json; charset=utf-8
host: localhost:49689
accept: */*

Response DefaultHttpResponse(decodeResult: success, version: HTTP/1.1)
HTTP/1.1 200 OK
Content-Type: application/json; charset=utf-8
cache-control: no-cache
content-length: 72748

17:54:25.842 [AsyncHttpClient-1-8] DEBUG org.asynchttpclient.netty.channel.ChannelManager - Adding key: http://localhost:49689 for channel [id: 0x5dc2f12a, L:/127.0.0.1:58262 - R:localhost/127.0.0.1:49689]
17:54:25.846 [main] DEBUG net.serenitybdd.core.photography.Darkroom - Send negative for processing for target\site\serenity\5a2ea1089878690bed55cf8882c0da436af8e6ee560e77877b5a34785ff9358e.png
17:54:25.847 [main] DEBUG net.thucydides.core.steps.StepInterceptor - STARTING STEP: DetailSteps.iGetDetailInCardProduct - getDetailNameInCard
17:54:25.850 [Forwarding findElement on session eee3d268603feac0583f191b36356dec to remote] DEBUG org.asynchttpclient.netty.request.NettyRequestSender - Using pooled Channel '[id: 0x5dc2f12a, L:/127.0.0.1:58262 - R:localhost/127.0.0.1:49689]' for 'POST' to 'http://localhost:49689/session/eee3d268603feac0583f191b36356dec/element'
17:54:25.850 [Forwarding findElement on session eee3d268603feac0583f191b36356dec to remote] DEBUG org.asynchttpclient.netty.request.NettyRequestSender - Using open Channel [id: 0x5dc2f12a, L:/127.0.0.1:58262 - R:localhost/127.0.0.1:49689] for POST '/session/eee3d268603feac0583f191b36356dec/element'
17:54:25.878 [AsyncHttpClient-1-8] DEBUG org.asynchttpclient.netty.handler.HttpHandler - 

Request DefaultHttpRequest(decodeResult: success, version: HTTP/1.1)
POST /session/eee3d268603feac0583f191b36356dec/element HTTP/1.1
User-Agent: selenium/4.1.2 (java windows)
Content-Length: 120
Content-Type: application/json; charset=utf-8
host: localhost:49689
accept: */*

Response DefaultHttpResponse(decodeResult: success, version: HTTP/1.1)
HTTP/1.1 200 OK
Content-Type: application/json; charset=utf-8
cache-control: no-cache
content-length: 88

17:54:25.878 [AsyncHttpClient-1-8] DEBUG org.asynchttpclient.netty.channel.ChannelManager - Adding key: http://localhost:49689 for channel [id: 0x5dc2f12a, L:/127.0.0.1:58262 - R:localhost/127.0.0.1:49689]
17:54:25.880 [Forwarding getElementText on session eee3d268603feac0583f191b36356dec to remote] DEBUG org.asynchttpclient.netty.request.NettyRequestSender - Using pooled Channel '[id: 0x5dc2f12a, L:/127.0.0.1:58262 - R:localhost/127.0.0.1:49689]' for 'GET' to 'http://localhost:49689/session/eee3d268603feac0583f191b36356dec/element/488b464e-52a4-4ee9-b91d-5dd585de6257/text'
17:54:25.880 [Forwarding getElementText on session eee3d268603feac0583f191b36356dec to remote] DEBUG org.asynchttpclient.netty.request.NettyRequestSender - Using open Channel [id: 0x5dc2f12a, L:/127.0.0.1:58262 - R:localhost/127.0.0.1:49689] for GET '/session/eee3d268603feac0583f191b36356dec/element/488b464e-52a4-4ee9-b91d-5dd585de6257/text'
17:54:25.897 [AsyncHttpClient-1-8] DEBUG org.asynchttpclient.netty.handler.HttpHandler - 

Request DefaultFullHttpRequest(decodeResult: success, version: HTTP/1.1, content: EmptyByteBufBE)
GET /session/eee3d268603feac0583f191b36356dec/element/488b464e-52a4-4ee9-b91d-5dd585de6257/text HTTP/1.1
User-Agent: selenium/4.1.2 (java windows)
Cache-Control: no-cache
Content-Type: application/json; charset=utf-8
host: localhost:49689
accept: */*

Response DefaultHttpResponse(decodeResult: success, version: HTTP/1.1)
HTTP/1.1 200 OK
Content-Type: application/json; charset=utf-8
cache-control: no-cache
content-length: 32

17:54:25.898 [AsyncHttpClient-1-8] DEBUG org.asynchttpclient.netty.channel.ChannelManager - Adding key: http://localhost:49689 for channel [id: 0x5dc2f12a, L:/127.0.0.1:58262 - R:localhost/127.0.0.1:49689]
Tensi Darah Elektrik
17:54:25.905 [Forwarding screenshot on session eee3d268603feac0583f191b36356dec to remote] DEBUG org.asynchttpclient.netty.request.NettyRequestSender - Using pooled Channel '[id: 0x5dc2f12a, L:/127.0.0.1:58262 - R:localhost/127.0.0.1:49689]' for 'GET' to 'http://localhost:49689/session/eee3d268603feac0583f191b36356dec/screenshot'
17:54:25.905 [Forwarding screenshot on session eee3d268603feac0583f191b36356dec to remote] DEBUG org.asynchttpclient.netty.request.NettyRequestSender - Using open Channel [id: 0x5dc2f12a, L:/127.0.0.1:58262 - R:localhost/127.0.0.1:49689] for GET '/session/eee3d268603feac0583f191b36356dec/screenshot'
17:54:26.037 [AsyncHttpClient-1-8] DEBUG org.asynchttpclient.netty.handler.HttpHandler - 

Request DefaultFullHttpRequest(decodeResult: success, version: HTTP/1.1, content: EmptyByteBufBE)
GET /session/eee3d268603feac0583f191b36356dec/screenshot HTTP/1.1
User-Agent: selenium/4.1.2 (java windows)
Cache-Control: no-cache
Content-Type: application/json; charset=utf-8
host: localhost:49689
accept: */*

Response DefaultHttpResponse(decodeResult: success, version: HTTP/1.1)
HTTP/1.1 200 OK
Content-Type: application/json; charset=utf-8
cache-control: no-cache
content-length: 72748

17:54:26.038 [AsyncHttpClient-1-8] DEBUG org.asynchttpclient.netty.channel.ChannelManager - Adding key: http://localhost:49689 for channel [id: 0x5dc2f12a, L:/127.0.0.1:58262 - R:localhost/127.0.0.1:49689]
17:54:26.042 [main] DEBUG net.serenitybdd.core.photography.Darkroom - Send negative for processing for target\site\serenity\5a2ea1089878690bed55cf8882c0da436af8e6ee560e77877b5a34785ff9358e.png
17:54:26.042 [main] DEBUG net.thucydides.core.steps.StepInterceptor - STEP DONE: getDetailNameInCard
17:54:26.048 [main] DEBUG net.thucydides.core.steps.StepInterceptor - STARTING STEP: DetailSteps.iGetDetailInCardProduct - getDetailPriceInCard
17:54:26.051 [Forwarding findElement on session eee3d268603feac0583f191b36356dec to remote] DEBUG org.asynchttpclient.netty.request.NettyRequestSender - Using pooled Channel '[id: 0x5dc2f12a, L:/127.0.0.1:58262 - R:localhost/127.0.0.1:49689]' for 'POST' to 'http://localhost:49689/session/eee3d268603feac0583f191b36356dec/element'
17:54:26.051 [Forwarding findElement on session eee3d268603feac0583f191b36356dec to remote] DEBUG org.asynchttpclient.netty.request.NettyRequestSender - Using open Channel [id: 0x5dc2f12a, L:/127.0.0.1:58262 - R:localhost/127.0.0.1:49689] for POST '/session/eee3d268603feac0583f191b36356dec/element'
17:54:26.077 [AsyncHttpClient-1-8] DEBUG org.asynchttpclient.netty.handler.HttpHandler - 

Request DefaultHttpRequest(decodeResult: success, version: HTTP/1.1)
POST /session/eee3d268603feac0583f191b36356dec/element HTTP/1.1
User-Agent: selenium/4.1.2 (java windows)
Content-Length: 154
Content-Type: application/json; charset=utf-8
host: localhost:49689
accept: */*

Response DefaultHttpResponse(decodeResult: success, version: HTTP/1.1)
HTTP/1.1 200 OK
Content-Type: application/json; charset=utf-8
cache-control: no-cache
content-length: 88

17:54:26.078 [AsyncHttpClient-1-8] DEBUG org.asynchttpclient.netty.channel.ChannelManager - Adding key: http://localhost:49689 for channel [id: 0x5dc2f12a, L:/127.0.0.1:58262 - R:localhost/127.0.0.1:49689]
17:54:26.079 [Forwarding getElementText on session eee3d268603feac0583f191b36356dec to remote] DEBUG org.asynchttpclient.netty.request.NettyRequestSender - Using pooled Channel '[id: 0x5dc2f12a, L:/127.0.0.1:58262 - R:localhost/127.0.0.1:49689]' for 'GET' to 'http://localhost:49689/session/eee3d268603feac0583f191b36356dec/element/6106a473-e949-4fbe-ab31-eea3c605a40e/text'
17:54:26.086 [Forwarding getElementText on session eee3d268603feac0583f191b36356dec to remote] DEBUG org.asynchttpclient.netty.request.NettyRequestSender - Using open Channel [id: 0x5dc2f12a, L:/127.0.0.1:58262 - R:localhost/127.0.0.1:49689] for GET '/session/eee3d268603feac0583f191b36356dec/element/6106a473-e949-4fbe-ab31-eea3c605a40e/text'
17:54:26.104 [AsyncHttpClient-1-8] DEBUG org.asynchttpclient.netty.handler.HttpHandler - 

Request DefaultFullHttpRequest(decodeResult: success, version: HTTP/1.1, content: EmptyByteBufBE)
GET /session/eee3d268603feac0583f191b36356dec/element/6106a473-e949-4fbe-ab31-eea3c605a40e/text HTTP/1.1
User-Agent: selenium/4.1.2 (java windows)
Cache-Control: no-cache
Content-Type: application/json; charset=utf-8
host: localhost:49689
accept: */*

Response DefaultHttpResponse(decodeResult: success, version: HTTP/1.1)
HTTP/1.1 200 OK
Content-Type: application/json; charset=utf-8
cache-control: no-cache
content-length: 21

17:54:26.104 [AsyncHttpClient-1-8] DEBUG org.asynchttpclient.netty.channel.ChannelManager - Adding key: http://localhost:49689 for channel [id: 0x5dc2f12a, L:/127.0.0.1:58262 - R:localhost/127.0.0.1:49689]
3.200.000
17:54:26.112 [Forwarding screenshot on session eee3d268603feac0583f191b36356dec to remote] DEBUG org.asynchttpclient.netty.request.NettyRequestSender - Using pooled Channel '[id: 0x5dc2f12a, L:/127.0.0.1:58262 - R:localhost/127.0.0.1:49689]' for 'GET' to 'http://localhost:49689/session/eee3d268603feac0583f191b36356dec/screenshot'
17:54:26.112 [Forwarding screenshot on session eee3d268603feac0583f191b36356dec to remote] DEBUG org.asynchttpclient.netty.request.NettyRequestSender - Using open Channel [id: 0x5dc2f12a, L:/127.0.0.1:58262 - R:localhost/127.0.0.1:49689] for GET '/session/eee3d268603feac0583f191b36356dec/screenshot'
17:54:26.260 [AsyncHttpClient-1-8] DEBUG org.asynchttpclient.netty.handler.HttpHandler - 

Request DefaultFullHttpRequest(decodeResult: success, version: HTTP/1.1, content: EmptyByteBufBE)
GET /session/eee3d268603feac0583f191b36356dec/screenshot HTTP/1.1
User-Agent: selenium/4.1.2 (java windows)
Cache-Control: no-cache
Content-Type: application/json; charset=utf-8
host: localhost:49689
accept: */*

Response DefaultHttpResponse(decodeResult: success, version: HTTP/1.1)
HTTP/1.1 200 OK
Content-Type: application/json; charset=utf-8
cache-control: no-cache
content-length: 72748

17:54:26.262 [AsyncHttpClient-1-8] DEBUG org.asynchttpclient.netty.channel.ChannelManager - Adding key: http://localhost:49689 for channel [id: 0x5dc2f12a, L:/127.0.0.1:58262 - R:localhost/127.0.0.1:49689]
17:54:26.265 [main] DEBUG net.serenitybdd.core.photography.Darkroom - Send negative for processing for target\site\serenity\5a2ea1089878690bed55cf8882c0da436af8e6ee560e77877b5a34785ff9358e.png
17:54:26.265 [main] DEBUG net.thucydides.core.steps.StepInterceptor - STEP DONE: getDetailPriceInCard
  &amp#27;[32mWhen &amp#27;[0m&amp#27;[32mI get detail in card &amp#27;[0m&amp#27;[32m&amp#27;[1m11&amp#27;[0m              &amp#27;[90m# starter.stepdefinitions.DetailSteps.iGetDetailInCardProduct(int)&amp#27;[0m
17:54:26.280 [main] DEBUG net.thucydides.core.steps.StepInterceptor - STARTING STEP: DetailSteps.iClickDetailButton - clickDetailButton
17:54:26.283 [Forwarding findElement on session eee3d268603feac0583f191b36356dec to remote] DEBUG org.asynchttpclient.netty.request.NettyRequestSender - Using pooled Channel '[id: 0x5dc2f12a, L:/127.0.0.1:58262 - R:localhost/127.0.0.1:49689]' for 'POST' to 'http://localhost:49689/session/eee3d268603feac0583f191b36356dec/element'
17:54:26.283 [Forwarding findElement on session eee3d268603feac0583f191b36356dec to remote] DEBUG org.asynchttpclient.netty.request.NettyRequestSender - Using open Channel [id: 0x5dc2f12a, L:/127.0.0.1:58262 - R:localhost/127.0.0.1:49689] for POST '/session/eee3d268603feac0583f191b36356dec/element'
17:54:26.306 [AsyncHttpClient-1-8] DEBUG org.asynchttpclient.netty.handler.HttpHandler - 

Request DefaultHttpRequest(decodeResult: success, version: HTTP/1.1)
POST /session/eee3d268603feac0583f191b36356dec/element HTTP/1.1
User-Agent: selenium/4.1.2 (java windows)
Content-Length: 125
Content-Type: application/json; charset=utf-8
host: localhost:49689
accept: */*

Response DefaultHttpResponse(decodeResult: success, version: HTTP/1.1)
HTTP/1.1 200 OK
Content-Type: application/json; charset=utf-8
cache-control: no-cache
content-length: 88

17:54:26.306 [AsyncHttpClient-1-8] DEBUG org.asynchttpclient.netty.channel.ChannelManager - Adding key: http://localhost:49689 for channel [id: 0x5dc2f12a, L:/127.0.0.1:58262 - R:localhost/127.0.0.1:49689]
17:54:26.309 [Forwarding getElementTagName on session eee3d268603feac0583f191b36356dec to remote] DEBUG org.asynchttpclient.netty.request.NettyRequestSender - Using pooled Channel '[id: 0x5dc2f12a, L:/127.0.0.1:58262 - R:localhost/127.0.0.1:49689]' for 'GET' to 'http://localhost:49689/session/eee3d268603feac0583f191b36356dec/element/b4942378-a25a-40eb-961a-e764904d5f03/name'
17:54:26.309 [Forwarding getElementTagName on session eee3d268603feac0583f191b36356dec to remote] DEBUG org.asynchttpclient.netty.request.NettyRequestSender - Using open Channel [id: 0x5dc2f12a, L:/127.0.0.1:58262 - R:localhost/127.0.0.1:49689] for GET '/session/eee3d268603feac0583f191b36356dec/element/b4942378-a25a-40eb-961a-e764904d5f03/name'
17:54:26.314 [AsyncHttpClient-1-8] DEBUG org.asynchttpclient.netty.handler.HttpHandler - 

Request DefaultFullHttpRequest(decodeResult: success, version: HTTP/1.1, content: EmptyByteBufBE)
GET /session/eee3d268603feac0583f191b36356dec/element/b4942378-a25a-40eb-961a-e764904d5f03/name HTTP/1.1
User-Agent: selenium/4.1.2 (java windows)
Cache-Control: no-cache
Content-Type: application/json; charset=utf-8
host: localhost:49689
accept: */*

Response DefaultHttpResponse(decodeResult: success, version: HTTP/1.1)
HTTP/1.1 200 OK
Content-Type: application/json; charset=utf-8
cache-control: no-cache
content-length: 16

17:54:26.314 [AsyncHttpClient-1-8] DEBUG org.asynchttpclient.netty.channel.ChannelManager - Adding key: http://localhost:49689 for channel [id: 0x5dc2f12a, L:/127.0.0.1:58262 - R:localhost/127.0.0.1:49689]
17:54:26.316 [Forwarding getElementTagName on session eee3d268603feac0583f191b36356dec to remote] DEBUG org.asynchttpclient.netty.request.NettyRequestSender - Using pooled Channel '[id: 0x5dc2f12a, L:/127.0.0.1:58262 - R:localhost/127.0.0.1:49689]' for 'GET' to 'http://localhost:49689/session/eee3d268603feac0583f191b36356dec/element/b4942378-a25a-40eb-961a-e764904d5f03/name'
17:54:26.316 [Forwarding getElementTagName on session eee3d268603feac0583f191b36356dec to remote] DEBUG org.asynchttpclient.netty.request.NettyRequestSender - Using open Channel [id: 0x5dc2f12a, L:/127.0.0.1:58262 - R:localhost/127.0.0.1:49689] for GET '/session/eee3d268603feac0583f191b36356dec/element/b4942378-a25a-40eb-961a-e764904d5f03/name'
17:54:26.321 [AsyncHttpClient-1-8] DEBUG org.asynchttpclient.netty.handler.HttpHandler - 

Request DefaultFullHttpRequest(decodeResult: success, version: HTTP/1.1, content: EmptyByteBufBE)
GET /session/eee3d268603feac0583f191b36356dec/element/b4942378-a25a-40eb-961a-e764904d5f03/name HTTP/1.1
User-Agent: selenium/4.1.2 (java windows)
Cache-Control: no-cache
Content-Type: application/json; charset=utf-8
host: localhost:49689
accept: */*

Response DefaultHttpResponse(decodeResult: success, version: HTTP/1.1)
HTTP/1.1 200 OK
Content-Type: application/json; charset=utf-8
cache-control: no-cache
content-length: 16

17:54:26.321 [AsyncHttpClient-1-8] DEBUG org.asynchttpclient.netty.channel.ChannelManager - Adding key: http://localhost:49689 for channel [id: 0x5dc2f12a, L:/127.0.0.1:58262 - R:localhost/127.0.0.1:49689]
17:54:26.323 [Forwarding findElement on session eee3d268603feac0583f191b36356dec to remote] DEBUG org.asynchttpclient.netty.request.NettyRequestSender - Using pooled Channel '[id: 0x5dc2f12a, L:/127.0.0.1:58262 - R:localhost/127.0.0.1:49689]' for 'POST' to 'http://localhost:49689/session/eee3d268603feac0583f191b36356dec/element'
17:54:26.323 [Forwarding findElement on session eee3d268603feac0583f191b36356dec to remote] DEBUG org.asynchttpclient.netty.request.NettyRequestSender - Using open Channel [id: 0x5dc2f12a, L:/127.0.0.1:58262 - R:localhost/127.0.0.1:49689] for POST '/session/eee3d268603feac0583f191b36356dec/element'
17:54:26.339 [AsyncHttpClient-1-8] DEBUG org.asynchttpclient.netty.handler.HttpHandler - 

Request DefaultHttpRequest(decodeResult: success, version: HTTP/1.1)
POST /session/eee3d268603feac0583f191b36356dec/element HTTP/1.1
User-Agent: selenium/4.1.2 (java windows)
Content-Length: 125
Content-Type: application/json; charset=utf-8
host: localhost:49689
accept: */*

Response DefaultHttpResponse(decodeResult: success, version: HTTP/1.1)
HTTP/1.1 200 OK
Content-Type: application/json; charset=utf-8
cache-control: no-cache
content-length: 88

17:54:26.339 [AsyncHttpClient-1-8] DEBUG org.asynchttpclient.netty.channel.ChannelManager - Adding key: http://localhost:49689 for channel [id: 0x5dc2f12a, L:/127.0.0.1:58262 - R:localhost/127.0.0.1:49689]
17:54:26.340 [Forwarding clickElement on session eee3d268603feac0583f191b36356dec to remote] DEBUG org.asynchttpclient.netty.request.NettyRequestSender - Using pooled Channel '[id: 0x5dc2f12a, L:/127.0.0.1:58262 - R:localhost/127.0.0.1:49689]' for 'POST' to 'http://localhost:49689/session/eee3d268603feac0583f191b36356dec/element/b4942378-a25a-40eb-961a-e764904d5f03/click'
17:54:26.340 [Forwarding clickElement on session eee3d268603feac0583f191b36356dec to remote] DEBUG org.asynchttpclient.netty.request.NettyRequestSender - Using open Channel [id: 0x5dc2f12a, L:/127.0.0.1:58262 - R:localhost/127.0.0.1:49689] for POST '/session/eee3d268603feac0583f191b36356dec/element/b4942378-a25a-40eb-961a-e764904d5f03/click'
17:54:26.417 [AsyncHttpClient-1-8] DEBUG org.asynchttpclient.netty.handler.HttpHandler - 

Request DefaultHttpRequest(decodeResult: success, version: HTTP/1.1)
POST /session/eee3d268603feac0583f191b36356dec/element/b4942378-a25a-40eb-961a-e764904d5f03/click HTTP/1.1
User-Agent: selenium/4.1.2 (java windows)
Content-Length: 50
Content-Type: application/json; charset=utf-8
host: localhost:49689
accept: */*

Response DefaultHttpResponse(decodeResult: success, version: HTTP/1.1)
HTTP/1.1 200 OK
Content-Type: application/json; charset=utf-8
cache-control: no-cache
content-length: 14

17:54:26.418 [AsyncHttpClient-1-8] DEBUG org.asynchttpclient.netty.channel.ChannelManager - Adding key: http://localhost:49689 for channel [id: 0x5dc2f12a, L:/127.0.0.1:58262 - R:localhost/127.0.0.1:49689]
17:54:26.426 [Forwarding screenshot on session eee3d268603feac0583f191b36356dec to remote] DEBUG org.asynchttpclient.netty.request.NettyRequestSender - Using pooled Channel '[id: 0x5dc2f12a, L:/127.0.0.1:58262 - R:localhost/127.0.0.1:49689]' for 'GET' to 'http://localhost:49689/session/eee3d268603feac0583f191b36356dec/screenshot'
17:54:26.426 [Forwarding screenshot on session eee3d268603feac0583f191b36356dec to remote] DEBUG org.asynchttpclient.netty.request.NettyRequestSender - Using open Channel [id: 0x5dc2f12a, L:/127.0.0.1:58262 - R:localhost/127.0.0.1:49689] for GET '/session/eee3d268603feac0583f191b36356dec/screenshot'
17:54:26.715 [AsyncHttpClient-1-1] DEBUG org.asynchttpclient.netty.channel.DefaultChannelPool - Entry count for : http://localhost:58263 : 1
17:54:26.900 [AsyncHttpClient-1-8] DEBUG org.asynchttpclient.netty.handler.HttpHandler - 

Request DefaultFullHttpRequest(decodeResult: success, version: HTTP/1.1, content: EmptyByteBufBE)
GET /session/eee3d268603feac0583f191b36356dec/screenshot HTTP/1.1
User-Agent: selenium/4.1.2 (java windows)
Cache-Control: no-cache
Content-Type: application/json; charset=utf-8
host: localhost:49689
accept: */*

Response DefaultHttpResponse(decodeResult: success, version: HTTP/1.1)
HTTP/1.1 200 OK
Content-Type: application/json; charset=utf-8
cache-control: no-cache
content-length: 17504

17:54:26.901 [AsyncHttpClient-1-8] DEBUG org.asynchttpclient.netty.channel.ChannelManager - Adding key: http://localhost:49689 for channel [id: 0x5dc2f12a, L:/127.0.0.1:58262 - R:localhost/127.0.0.1:49689]
17:54:26.903 [main] DEBUG net.serenitybdd.core.photography.Darkroom - Send negative for processing for target\site\serenity\c1f7fae25d4066aeea1a8708b0bad0c2630f39a1bc09771872d95678f9a022d5.png
17:54:26.903 [main] DEBUG net.thucydides.core.steps.StepInterceptor - STEP DONE: clickDetailButton
  &amp#27;[32mAnd &amp#27;[0m&amp#27;[32mI click detail button &amp#27;[0m&amp#27;[32m&amp#27;[1m11&amp#27;[0m              &amp#27;[90m# starter.stepdefinitions.DetailSteps.iClickDetailButton(int)&amp#27;[0m
17:54:26.904 [Darkroom Processing Line] DEBUG net.serenitybdd.core.photography.DarkroomProcessingLine - Processing screenshot image in /var/screenshots/screenshot-7293367548222895995
17:54:26.904 [Darkroom Processing Line] DEBUG net.serenitybdd.core.photography.DarkroomProcessingLine - Saving screenshot to target\site\serenity\c1f7fae25d4066aeea1a8708b0bad0c2630f39a1bc09771872d95678f9a022d5.png
17:54:26.928 [main] DEBUG net.thucydides.core.steps.StepInterceptor - STARTING STEP: DetailSteps.iValidateTheDetailProduct - validateProductName
17:54:26.933 [Forwarding findElement on session eee3d268603feac0583f191b36356dec to remote] DEBUG org.asynchttpclient.netty.request.NettyRequestSender - Using pooled Channel '[id: 0x5dc2f12a, L:/127.0.0.1:58262 - R:localhost/127.0.0.1:49689]' for 'POST' to 'http://localhost:49689/session/eee3d268603feac0583f191b36356dec/element'
17:54:26.933 [Forwarding findElement on session eee3d268603feac0583f191b36356dec to remote] DEBUG org.asynchttpclient.netty.request.NettyRequestSender - Using open Channel [id: 0x5dc2f12a, L:/127.0.0.1:58262 - R:localhost/127.0.0.1:49689] for POST '/session/eee3d268603feac0583f191b36356dec/element'
17:54:26.950 [AsyncHttpClient-1-8] DEBUG org.asynchttpclient.netty.handler.HttpHandler - 

Request DefaultHttpRequest(decodeResult: success, version: HTTP/1.1)
POST /session/eee3d268603feac0583f191b36356dec/element HTTP/1.1
User-Agent: selenium/4.1.2 (java windows)
Content-Length: 91
Content-Type: application/json; charset=utf-8
host: localhost:49689
accept: */*

Response DefaultHttpResponse(decodeResult: success, version: HTTP/1.1)
HTTP/1.1 200 OK
Content-Type: application/json; charset=utf-8
cache-control: no-cache
content-length: 88

17:54:26.950 [AsyncHttpClient-1-8] DEBUG org.asynchttpclient.netty.channel.ChannelManager - Adding key: http://localhost:49689 for channel [id: 0x5dc2f12a, L:/127.0.0.1:58262 - R:localhost/127.0.0.1:49689]
17:54:26.951 [Forwarding getElementText on session eee3d268603feac0583f191b36356dec to remote] DEBUG org.asynchttpclient.netty.request.NettyRequestSender - Using pooled Channel '[id: 0x5dc2f12a, L:/127.0.0.1:58262 - R:localhost/127.0.0.1:49689]' for 'GET' to 'http://localhost:49689/session/eee3d268603feac0583f191b36356dec/element/494cf727-056b-44fd-ba21-e82568cb5ab2/text'
17:54:26.951 [Forwarding getElementText on session eee3d268603feac0583f191b36356dec to remote] DEBUG org.asynchttpclient.netty.request.NettyRequestSender - Using open Channel [id: 0x5dc2f12a, L:/127.0.0.1:58262 - R:localhost/127.0.0.1:49689] for GET '/session/eee3d268603feac0583f191b36356dec/element/494cf727-056b-44fd-ba21-e82568cb5ab2/text'
17:54:26.967 [AsyncHttpClient-1-8] DEBUG org.asynchttpclient.netty.handler.HttpHandler - 

Request DefaultFullHttpRequest(decodeResult: success, version: HTTP/1.1, content: EmptyByteBufBE)
GET /session/eee3d268603feac0583f191b36356dec/element/494cf727-056b-44fd-ba21-e82568cb5ab2/text HTTP/1.1
User-Agent: selenium/4.1.2 (java windows)
Cache-Control: no-cache
Content-Type: application/json; charset=utf-8
host: localhost:49689
accept: */*

Response DefaultHttpResponse(decodeResult: success, version: HTTP/1.1)
HTTP/1.1 200 OK
Content-Type: application/json; charset=utf-8
cache-control: no-cache
content-length: 32

17:54:26.967 [AsyncHttpClient-1-8] DEBUG org.asynchttpclient.netty.channel.ChannelManager - Adding key: http://localhost:49689 for channel [id: 0x5dc2f12a, L:/127.0.0.1:58262 - R:localhost/127.0.0.1:49689]
17:54:26.972 [Forwarding screenshot on session eee3d268603feac0583f191b36356dec to remote] DEBUG org.asynchttpclient.netty.request.NettyRequestSender - Using pooled Channel '[id: 0x5dc2f12a, L:/127.0.0.1:58262 - R:localhost/127.0.0.1:49689]' for 'GET' to 'http://localhost:49689/session/eee3d268603feac0583f191b36356dec/screenshot'
17:54:26.972 [Forwarding screenshot on session eee3d268603feac0583f191b36356dec to remote] DEBUG org.asynchttpclient.netty.request.NettyRequestSender - Using open Channel [id: 0x5dc2f12a, L:/127.0.0.1:58262 - R:localhost/127.0.0.1:49689] for GET '/session/eee3d268603feac0583f191b36356dec/screenshot'
17:54:27.094 [AsyncHttpClient-1-8] DEBUG org.asynchttpclient.netty.handler.HttpHandler - 

Request DefaultFullHttpRequest(decodeResult: success, version: HTTP/1.1, content: EmptyByteBufBE)
GET /session/eee3d268603feac0583f191b36356dec/screenshot HTTP/1.1
User-Agent: selenium/4.1.2 (java windows)
Cache-Control: no-cache
Content-Type: application/json; charset=utf-8
host: localhost:49689
accept: */*

Response DefaultHttpResponse(decodeResult: success, version: HTTP/1.1)
HTTP/1.1 200 OK
Content-Type: application/json; charset=utf-8
cache-control: no-cache
content-length: 38724

17:54:27.095 [AsyncHttpClient-1-8] DEBUG org.asynchttpclient.netty.channel.ChannelManager - Adding key: http://localhost:49689 for channel [id: 0x5dc2f12a, L:/127.0.0.1:58262 - R:localhost/127.0.0.1:49689]
17:54:27.097 [main] DEBUG net.serenitybdd.core.photography.Darkroom - Send negative for processing for target\site\serenity\0a0507206ba5292ec56e6fc21fedee84c2150b76bf1a748e2ff39871dd996ea7.png
17:54:27.097 [main] DEBUG net.thucydides.core.steps.StepInterceptor - STEP DONE: validateProductName
17:54:27.098 [Darkroom Processing Line] DEBUG net.serenitybdd.core.photography.DarkroomProcessingLine - Processing screenshot image in /var/screenshots/screenshot-4809209540016983640
17:54:27.098 [Darkroom Processing Line] DEBUG net.serenitybdd.core.photography.DarkroomProcessingLine - Saving screenshot to target\site\serenity\0a0507206ba5292ec56e6fc21fedee84c2150b76bf1a748e2ff39871dd996ea7.png
17:54:27.102 [main] DEBUG net.thucydides.core.steps.StepInterceptor - STARTING STEP: DetailSteps.iValidateTheDetailProduct - validateProductPrice
17:54:27.105 [Forwarding findElement on session eee3d268603feac0583f191b36356dec to remote] DEBUG org.asynchttpclient.netty.request.NettyRequestSender - Using pooled Channel '[id: 0x5dc2f12a, L:/127.0.0.1:58262 - R:localhost/127.0.0.1:49689]' for 'POST' to 'http://localhost:49689/session/eee3d268603feac0583f191b36356dec/element'
17:54:27.105 [Forwarding findElement on session eee3d268603feac0583f191b36356dec to remote] DEBUG org.asynchttpclient.netty.request.NettyRequestSender - Using open Channel [id: 0x5dc2f12a, L:/127.0.0.1:58262 - R:localhost/127.0.0.1:49689] for POST '/session/eee3d268603feac0583f191b36356dec/element'
17:54:27.118 [AsyncHttpClient-1-8] DEBUG org.asynchttpclient.netty.handler.HttpHandler - 

Request DefaultHttpRequest(decodeResult: success, version: HTTP/1.1)
POST /session/eee3d268603feac0583f191b36356dec/element HTTP/1.1
User-Agent: selenium/4.1.2 (java windows)
Content-Length: 104
Content-Type: application/json; charset=utf-8
host: localhost:49689
accept: */*

Response DefaultHttpResponse(decodeResult: success, version: HTTP/1.1)
HTTP/1.1 200 OK
Content-Type: application/json; charset=utf-8
cache-control: no-cache
content-length: 88

17:54:27.118 [AsyncHttpClient-1-8] DEBUG org.asynchttpclient.netty.channel.ChannelManager - Adding key: http://localhost:49689 for channel [id: 0x5dc2f12a, L:/127.0.0.1:58262 - R:localhost/127.0.0.1:49689]
17:54:27.120 [Forwarding getElementText on session eee3d268603feac0583f191b36356dec to remote] DEBUG org.asynchttpclient.netty.request.NettyRequestSender - Using pooled Channel '[id: 0x5dc2f12a, L:/127.0.0.1:58262 - R:localhost/127.0.0.1:49689]' for 'GET' to 'http://localhost:49689/session/eee3d268603feac0583f191b36356dec/element/d0beae92-4775-47a1-ada5-3c27c78a2cf1/text'
17:54:27.120 [Forwarding getElementText on session eee3d268603feac0583f191b36356dec to remote] DEBUG org.asynchttpclient.netty.request.NettyRequestSender - Using open Channel [id: 0x5dc2f12a, L:/127.0.0.1:58262 - R:localhost/127.0.0.1:49689] for GET '/session/eee3d268603feac0583f191b36356dec/element/d0beae92-4775-47a1-ada5-3c27c78a2cf1/text'
17:54:27.136 [AsyncHttpClient-1-8] DEBUG org.asynchttpclient.netty.handler.HttpHandler - 

Request DefaultFullHttpRequest(decodeResult: success, version: HTTP/1.1, content: EmptyByteBufBE)
GET /session/eee3d268603feac0583f191b36356dec/element/d0beae92-4775-47a1-ada5-3c27c78a2cf1/text HTTP/1.1
User-Agent: selenium/4.1.2 (java windows)
Cache-Control: no-cache
Content-Type: application/json; charset=utf-8
host: localhost:49689
accept: */*

Response DefaultHttpResponse(decodeResult: success, version: HTTP/1.1)
HTTP/1.1 200 OK
Content-Type: application/json; charset=utf-8
cache-control: no-cache
content-length: 19

17:54:27.136 [AsyncHttpClient-1-8] DEBUG org.asynchttpclient.netty.channel.ChannelManager - Adding key: http://localhost:49689 for channel [id: 0x5dc2f12a, L:/127.0.0.1:58262 - R:localhost/127.0.0.1:49689]
17:54:27.141 [main] DEBUG net.thucydides.core.steps.StepInterceptor - STEP DONE: validateProductPrice
  &amp#27;[32mThen &amp#27;[0m&amp#27;[32mI validate the the detail product &amp#27;[0m&amp#27;[32m&amp#27;[1m11&amp#27;[0m &amp#27;[90m# starter.stepdefinitions.DetailSteps.iValidateTheDetailProduct(int)&amp#27;[0m
17:54:27.150 [Forwarding screenshot on session eee3d268603feac0583f191b36356dec to remote] DEBUG org.asynchttpclient.netty.request.NettyRequestSender - Using pooled Channel '[id: 0x5dc2f12a, L:/127.0.0.1:58262 - R:localhost/127.0.0.1:49689]' for 'GET' to 'http://localhost:49689/session/eee3d268603feac0583f191b36356dec/screenshot'
17:54:27.150 [Forwarding screenshot on session eee3d268603feac0583f191b36356dec to remote] DEBUG org.asynchttpclient.netty.request.NettyRequestSender - Using open Channel [id: 0x5dc2f12a, L:/127.0.0.1:58262 - R:localhost/127.0.0.1:49689] for GET '/session/eee3d268603feac0583f191b36356dec/screenshot'
17:54:27.293 [AsyncHttpClient-1-8] DEBUG org.asynchttpclient.netty.handler.HttpHandler - 

Request DefaultFullHttpRequest(decodeResult: success, version: HTTP/1.1, content: EmptyByteBufBE)
GET /session/eee3d268603feac0583f191b36356dec/screenshot HTTP/1.1
User-Agent: selenium/4.1.2 (java windows)
Cache-Control: no-cache
Content-Type: application/json; charset=utf-8
host: localhost:49689
accept: */*

Response DefaultHttpResponse(decodeResult: success, version: HTTP/1.1)
HTTP/1.1 200 OK
Content-Type: application/json; charset=utf-8
cache-control: no-cache
content-length: 38724

17:54:27.294 [AsyncHttpClient-1-8] DEBUG org.asynchttpclient.netty.channel.ChannelManager - Adding key: http://localhost:49689 for channel [id: 0x5dc2f12a, L:/127.0.0.1:58262 - R:localhost/127.0.0.1:49689]
17:54:27.296 [main] DEBUG net.serenitybdd.core.photography.Darkroom - Send negative for processing for target\site\serenity\0a0507206ba5292ec56e6fc21fedee84c2150b76bf1a748e2ff39871dd996ea7.png
17:54:27.298 [AsyncHttpClient-1-10] DEBUG org.asynchttpclient.netty.handler.WebSocketHandler - Channel Closed: [id: 0x5620e48b, L:/127.0.0.1:58270 ! R:localhost/127.0.0.1:58263] with attribute NettyResponseFuture{currentRetry=5,
	isDone=1,
	isCancelled=0,
	asyncHandler=org.asynchttpclient.ws.WebSocketUpgradeHandler@1a3c44,
	nettyRequest=org.asynchttpclient.netty.request.NettyRequest@4518a223,
	future=java.util.concurrent.CompletableFuture@5d5b1643[Completed normally],
	uri=ws://localhost:58263/devtools/browser/83dc2d1c-e2a8-494b-a710-8842fff180fa,
	keepAlive=true,
	redirectCount=0,
	timeoutsHolder=null,
	inAuth=0,
	touch=1652784861964}
17:54:27.298 [AsyncHttpClient-1-10] DEBUG org.asynchttpclient.netty.channel.ChannelManager - Closing Channel [id: 0x5620e48b, L:/127.0.0.1:58270 ! R:localhost/127.0.0.1:58263] 
17:54:27.298 [Driver Command Executor] DEBUG org.asynchttpclient.netty.request.NettyRequestSender - Using pooled Channel '[id: 0x5dc2f12a, L:/127.0.0.1:58262 - R:localhost/127.0.0.1:49689]' for 'DELETE' to 'http://localhost:49689/session/eee3d268603feac0583f191b36356dec'
17:54:27.299 [Driver Command Executor] DEBUG org.asynchttpclient.netty.request.NettyRequestSender - Using open Channel [id: 0x5dc2f12a, L:/127.0.0.1:58262 - R:localhost/127.0.0.1:49689] for DELETE '/session/eee3d268603feac0583f191b36356dec'
17:54:27.327 [AsyncHttpClient-1-9] DEBUG org.asynchttpclient.netty.handler.HttpHandler - Unexpected I/O exception on channel [id: 0x13287d77, L:/127.0.0.1:58269 - R:localhost/127.0.0.1:58263]
java.net.SocketException: Connection reset
	at java.base/sun.nio.ch.SocketChannelImpl.throwConnectionReset(SocketChannelImpl.java:367)
	at java.base/sun.nio.ch.SocketChannelImpl.read(SocketChannelImpl.java:398)
	at io.netty.buffer.PooledByteBuf.setBytes(PooledByteBuf.java:258)
	at io.netty.buffer.AbstractByteBuf.writeBytes(AbstractByteBuf.java:1132)
	at io.netty.channel.socket.nio.NioSocketChannel.doReadBytes(NioSocketChannel.java:350)
	at io.netty.channel.nio.AbstractNioByteChannel$NioByteUnsafe.read(AbstractNioByteChannel.java:151)
	at io.netty.channel.nio.NioEventLoop.processSelectedKey(NioEventLoop.java:722)
	at io.netty.channel.nio.NioEventLoop.processSelectedKeysOptimized(NioEventLoop.java:658)
	at io.netty.channel.nio.NioEventLoop.processSelectedKeys(NioEventLoop.java:584)
	at io.netty.channel.nio.NioEventLoop.run(NioEventLoop.java:496)
	at io.netty.util.concurrent.SingleThreadEventExecutor$4.run(SingleThreadEventExecutor.java:986)
	at io.netty.util.internal.ThreadExecutorMap$2.run(ThreadExecutorMap.java:74)
	at io.netty.util.concurrent.FastThreadLocalRunnable.run(FastThreadLocalRunnable.java:30)
	at java.base/java.lang.Thread.run(Thread.java:832)
17:54:27.328 [AsyncHttpClient-1-9] DEBUG org.asynchttpclient.netty.channel.ChannelManager - Closing Channel [id: 0x13287d77, L:/127.0.0.1:58269 - R:localhost/127.0.0.1:58263] 
17:54:27.328 [AsyncHttpClient-1-9] DEBUG org.asynchttpclient.netty.handler.HttpHandler - Channel Closed: [id: 0x13287d77, L:/127.0.0.1:58269 ! R:localhost/127.0.0.1:58263] with attribute DISCARD
17:54:27.346 [AsyncHttpClient-1-8] DEBUG org.asynchttpclient.netty.handler.HttpHandler - 

Request DefaultFullHttpRequest(decodeResult: success, version: HTTP/1.1, content: EmptyByteBufBE)
DELETE /session/eee3d268603feac0583f191b36356dec HTTP/1.1
User-Agent: selenium/4.1.2 (java windows)
Content-Type: application/json; charset=utf-8
host: localhost:49689
accept: */*

Response DefaultHttpResponse(decodeResult: success, version: HTTP/1.1)
HTTP/1.1 200 OK
Content-Type: application/json; charset=utf-8
cache-control: no-cache
content-length: 14

17:54:27.346 [AsyncHttpClient-1-8] DEBUG org.asynchttpclient.netty.channel.ChannelManager - Adding key: http://localhost:49689 for channel [id: 0x5dc2f12a, L:/127.0.0.1:58262 - R:localhost/127.0.0.1:49689]
17:54:27.451 [AsyncHttpClient-1-8] DEBUG org.asynchttpclient.netty.handler.HttpHandler - Channel Closed: [id: 0x5dc2f12a, L:/127.0.0.1:58262 ! R:localhost/127.0.0.1:49689] with attribute DISCARD
17:54:27.818 [AsyncHttpClient-1-1] DEBUG org.asynchttpclient.netty.channel.DefaultChannelPool - Entry count for : http://localhost:58263 : 1
17:54:27.819 [AsyncHttpClient-1-1] DEBUG org.asynchttpclient.netty.channel.DefaultChannelPool - Entry count for : http://localhost:49689 : 1
17:54:27.819 [AsyncHttpClient-1-1] DEBUG org.asynchttpclient.netty.channel.DefaultChannelPool - Adding Candidate expired Channel [id: 0x13287d77, L:/127.0.0.1:58269 ! R:localhost/127.0.0.1:58263] isIdleTimeoutExpired=false isRemotelyClosed=true isTtlExpired=false
17:54:27.819 [AsyncHttpClient-1-1] DEBUG org.asynchttpclient.netty.channel.DefaultChannelPool - Closing Idle Channel [id: 0x13287d77, L:/127.0.0.1:58269 ! R:localhost/127.0.0.1:58263]
17:54:27.819 [AsyncHttpClient-1-1] DEBUG org.asynchttpclient.netty.channel.DefaultChannelPool - Adding Candidate expired Channel [id: 0x5dc2f12a, L:/127.0.0.1:58262 ! R:localhost/127.0.0.1:49689] isIdleTimeoutExpired=false isRemotelyClosed=true isTtlExpired=false
17:54:27.819 [AsyncHttpClient-1-1] DEBUG org.asynchttpclient.netty.channel.DefaultChannelPool - Closing Idle Channel [id: 0x5dc2f12a, L:/127.0.0.1:58262 ! R:localhost/127.0.0.1:49689]
17:54:27.819 [AsyncHttpClient-1-1] DEBUG org.asynchttpclient.netty.channel.DefaultChannelPool - Closed 2 connections out of 2 in 0 ms
17:54:27.994 [main] INFO  - 
  _____   ___   ___   _____     ___     _     ___   ___   ___   ___  
 |_   _| | __| / __| |_   _|   | _ \   /_\   / __| / __| | __| |   \ 
   | |   | _|  \__ \   | |     |  _/  / _ \  \__ \ \__ \ | _|  | |) |
   |_|   |___| |___/   |_|     |_|   /_/ \_\ |___/ |___/ |___| |___/ 

Open detail product
----------------------------------------------------------------------
]]></system-out>
    <system-err><![CDATA[Starting ChromeDriver 101.0.4951.41 (93c720db8323b3ec10d056025ab95c23a31997c9-refs/branch-heads/4951@{#904}) on port 49689
Only local connections are allowed.
Please see https://chromedriver.chromium.org/security-considerations for suggestions on keeping ChromeDriver safe.
ChromeDriver was started successfully.
May 17, 2022 5:54:21 PM org.openqa.selenium.remote.ProtocolHandshake createSession
INFO: Detected dialect: W3C
May 17, 2022 5:54:21 PM org.openqa.selenium.devtools.CdpVersionFinder findNearestMatch
WARNING: Unable to find an exact match for CDP version 101, so returning the closest version found: 97
May 17, 2022 5:54:21 PM org.openqa.selenium.devtools.CdpVersionFinder findNearestMatch
INFO: Found CDP implementation for version 101 of 97
]]></system-err>
  </testcase>
  <testcase name="Open detail product #2" classname="Detail" time="7.621">
    <system-out><![CDATA[
Scenario Outline: Open detail product       &amp#27;[90m# src/test/resources/features/Detail.feature:14&amp#27;[0m
17:54:28.003 [main] INFO io.cucumber.core.plugin.SerenityReporter - Running feature from file:///E:/Learn/ProjectTestWeb/src/test/resources/features/Detail.feature
17:54:28.021 [main] INFO net.serenitybdd.core.webdriver.driverproviders.ChromeDriverProvider - Using automatically driver download
17:54:28.377 [main] DEBUG io.github.bonigarcia.wdm.cache.ResolutionCache - Resolution chrome=101 in cache (valid until 18:23:13 17/05/2022 ICT)
17:54:28.386 [main] DEBUG io.github.bonigarcia.wdm.cache.ResolutionCache - Resolution chrome101=101.0.4951.41 in cache (valid until 17:23:13 18/05/2022 ICT)
17:54:28.389 [main] INFO io.github.bonigarcia.wdm.WebDriverManager - Using chromedriver 101.0.4951.41 (resolved driver for Chrome 101)
17:54:28.408 [main] DEBUG io.github.bonigarcia.wdm.WebDriverManager - Driver chromedriver 101.0.4951.41 found in cache
17:54:28.410 [main] INFO io.github.bonigarcia.wdm.WebDriverManager - Exporting webdriver.chrome.driver as C:\Users\HP\.cache\selenium\chromedriver\win32\101.0.4951.41\chromedriver.exe
17:54:28.706 [main] DEBUG net.serenitybdd.core.webdriver.driverproviders.ProvideNewDriver - Instantiating driver
17:54:28.706 [main] DEBUG net.serenitybdd.core.webdriver.driverproviders.ProvideNewDriver - Driver capabilities: Capabilities {acceptInsecureCerts: false, base.url: , browserName: chrome, goog:chromeOptions: {args: [], extensions: []}}
17:54:29.265 [AsyncHttpClient-1-11] DEBUG org.asynchttpclient.netty.channel.NettyConnectListener - Using new Channel '[id: 0x79b21e57, L:/127.0.0.1:58292 - R:localhost/127.0.0.1:59434]' for 'POST' to '/session'
17:54:29.971 [AsyncHttpClient-1-11] DEBUG org.asynchttpclient.netty.handler.HttpHandler - 

Request DefaultHttpRequest(decodeResult: success, version: HTTP/1.1)
POST /session HTTP/1.1
User-Agent: selenium/4.1.2 (java windows)
Content-Length: 457
Content-Type: application/json; charset=utf-8
host: localhost:59434
accept: */*

Response DefaultHttpResponse(decodeResult: success, version: HTTP/1.1)
HTTP/1.1 200 OK
Content-Type: application/json; charset=utf-8
cache-control: no-cache
content-length: 786

17:54:29.971 [AsyncHttpClient-1-11] DEBUG org.asynchttpclient.netty.channel.ChannelManager - Adding key: http://localhost:59434 for channel [id: 0x79b21e57, L:/127.0.0.1:58292 - R:localhost/127.0.0.1:59434]
17:54:29.984 [AsyncHttpClient-1-12] DEBUG org.asynchttpclient.netty.channel.NettyConnectListener - Using new Channel '[id: 0x9c8db7c6, L:/127.0.0.1:58300 - R:localhost/127.0.0.1:58293]' for 'GET' to '/json/version'
17:54:29.990 [AsyncHttpClient-1-12] DEBUG org.asynchttpclient.netty.handler.HttpHandler - 

Request DefaultFullHttpRequest(decodeResult: success, version: HTTP/1.1, content: EmptyByteBufBE)
GET /json/version HTTP/1.1
User-Agent: selenium/4.1.2 (java windows)
host: localhost:58293
accept: */*

Response DefaultHttpResponse(decodeResult: success, version: HTTP/1.1)
HTTP/1.1 200 OK
Content-Type: application/json; charset=UTF-8
content-length: 427

17:54:29.991 [AsyncHttpClient-1-12] DEBUG org.asynchttpclient.netty.channel.ChannelManager - Adding key: http://localhost:58293 for channel [id: 0x9c8db7c6, L:/127.0.0.1:58300 - R:localhost/127.0.0.1:58293]
17:54:29.996 [AsyncHttpClient-1-13] DEBUG org.asynchttpclient.netty.channel.NettyConnectListener - Using new Channel '[id: 0xd1e78f21, L:/127.0.0.1:58301 - R:localhost/127.0.0.1:58293]' for 'GET' to '/devtools/browser/70cc5eee-acc5-4108-b2aa-6e3b4c26f81d'
17:54:30.002 [AsyncHttpClient-1-13] DEBUG org.asynchttpclient.netty.handler.WebSocketHandler - 

Request DefaultFullHttpRequest(decodeResult: success, version: HTTP/1.1, content: EmptyByteBufBE)
GET /devtools/browser/70cc5eee-acc5-4108-b2aa-6e3b4c26f81d HTTP/1.1
upgrade: websocket
connection: upgrade
sec-websocket-key: grJzMUgjduYbPlF0O4iCVg==
sec-websocket-version: 13
origin: http://localhost:58293
host: localhost:58293
accept: */*
user-agent: AHC/2.1

Response DefaultHttpResponse(decodeResult: success, version: HTTP/1.1)
HTTP/1.1 101 WebSocket Protocol Handshake
Upgrade: WebSocket
Connection: Upgrade
Sec-WebSocket-Accept: 8N8xdIo8HgBAwx1VlVAhFQFPEF4=

17:54:30.011 [Forwarding get on session 1bcd33a1c89b98b0bc121ae38405c6b5 to remote] DEBUG org.asynchttpclient.netty.request.NettyRequestSender - Using pooled Channel '[id: 0x79b21e57, L:/127.0.0.1:58292 - R:localhost/127.0.0.1:59434]' for 'POST' to 'http://localhost:59434/session/1bcd33a1c89b98b0bc121ae38405c6b5/url'
17:54:30.011 [Forwarding get on session 1bcd33a1c89b98b0bc121ae38405c6b5 to remote] DEBUG org.asynchttpclient.netty.request.NettyRequestSender - Using open Channel [id: 0x79b21e57, L:/127.0.0.1:58292 - R:localhost/127.0.0.1:59434] for POST '/session/1bcd33a1c89b98b0bc121ae38405c6b5/url'
17:54:30.019 [AsyncHttpClient-1-1] DEBUG org.asynchttpclient.netty.channel.DefaultChannelPool - Entry count for : http://localhost:58293 : 1
17:54:31.114 [AsyncHttpClient-1-1] DEBUG org.asynchttpclient.netty.channel.DefaultChannelPool - Entry count for : http://localhost:58293 : 1
17:54:31.206 [AsyncHttpClient-1-11] DEBUG org.asynchttpclient.netty.handler.HttpHandler - 

Request DefaultHttpRequest(decodeResult: success, version: HTTP/1.1)
POST /session/1bcd33a1c89b98b0bc121ae38405c6b5/url HTTP/1.1
User-Agent: selenium/4.1.2 (java windows)
Content-Length: 49
Content-Type: application/json; charset=utf-8
host: localhost:59434
accept: */*

Response DefaultHttpResponse(decodeResult: success, version: HTTP/1.1)
HTTP/1.1 200 OK
Content-Type: application/json; charset=utf-8
cache-control: no-cache
content-length: 14

17:54:31.207 [AsyncHttpClient-1-11] DEBUG org.asynchttpclient.netty.channel.ChannelManager - Adding key: http://localhost:59434 for channel [id: 0x79b21e57, L:/127.0.0.1:58292 - R:localhost/127.0.0.1:59434]
17:54:31.208 [Forwarding setTimeout on session 1bcd33a1c89b98b0bc121ae38405c6b5 to remote] DEBUG org.asynchttpclient.netty.request.NettyRequestSender - Using pooled Channel '[id: 0x79b21e57, L:/127.0.0.1:58292 - R:localhost/127.0.0.1:59434]' for 'POST' to 'http://localhost:59434/session/1bcd33a1c89b98b0bc121ae38405c6b5/timeouts'
17:54:31.208 [Forwarding setTimeout on session 1bcd33a1c89b98b0bc121ae38405c6b5 to remote] DEBUG org.asynchttpclient.netty.request.NettyRequestSender - Using open Channel [id: 0x79b21e57, L:/127.0.0.1:58292 - R:localhost/127.0.0.1:59434] for POST '/session/1bcd33a1c89b98b0bc121ae38405c6b5/timeouts'
17:54:31.209 [AsyncHttpClient-1-11] DEBUG org.asynchttpclient.netty.handler.HttpHandler - 

Request DefaultHttpRequest(decodeResult: success, version: HTTP/1.1)
POST /session/1bcd33a1c89b98b0bc121ae38405c6b5/timeouts HTTP/1.1
User-Agent: selenium/4.1.2 (java windows)
Content-Length: 22
Content-Type: application/json; charset=utf-8
host: localhost:59434
accept: */*

Response DefaultHttpResponse(decodeResult: success, version: HTTP/1.1)
HTTP/1.1 200 OK
Content-Type: application/json; charset=utf-8
cache-control: no-cache
content-length: 14

17:54:31.209 [AsyncHttpClient-1-11] DEBUG org.asynchttpclient.netty.channel.ChannelManager - Adding key: http://localhost:59434 for channel [id: 0x79b21e57, L:/127.0.0.1:58292 - R:localhost/127.0.0.1:59434]
17:54:31.211 [Forwarding getCurrentUrl on session 1bcd33a1c89b98b0bc121ae38405c6b5 to remote] DEBUG org.asynchttpclient.netty.request.NettyRequestSender - Using pooled Channel '[id: 0x79b21e57, L:/127.0.0.1:58292 - R:localhost/127.0.0.1:59434]' for 'GET' to 'http://localhost:59434/session/1bcd33a1c89b98b0bc121ae38405c6b5/url'
17:54:31.211 [Forwarding getCurrentUrl on session 1bcd33a1c89b98b0bc121ae38405c6b5 to remote] DEBUG org.asynchttpclient.netty.request.NettyRequestSender - Using open Channel [id: 0x79b21e57, L:/127.0.0.1:58292 - R:localhost/127.0.0.1:59434] for GET '/session/1bcd33a1c89b98b0bc121ae38405c6b5/url'
17:54:31.217 [AsyncHttpClient-1-11] DEBUG org.asynchttpclient.netty.handler.HttpHandler - 

Request DefaultFullHttpRequest(decodeResult: success, version: HTTP/1.1, content: EmptyByteBufBE)
GET /session/1bcd33a1c89b98b0bc121ae38405c6b5/url HTTP/1.1
User-Agent: selenium/4.1.2 (java windows)
Cache-Control: no-cache
Content-Type: application/json; charset=utf-8
host: localhost:59434
accept: */*

Response DefaultHttpResponse(decodeResult: success, version: HTTP/1.1)
HTTP/1.1 200 OK
Content-Type: application/json; charset=utf-8
cache-control: no-cache
content-length: 31

17:54:31.217 [AsyncHttpClient-1-11] DEBUG org.asynchttpclient.netty.channel.ChannelManager - Adding key: http://localhost:59434 for channel [id: 0x79b21e57, L:/127.0.0.1:58292 - R:localhost/127.0.0.1:59434]
17:54:31.229 [Forwarding screenshot on session 1bcd33a1c89b98b0bc121ae38405c6b5 to remote] DEBUG org.asynchttpclient.netty.request.NettyRequestSender - Using pooled Channel '[id: 0x79b21e57, L:/127.0.0.1:58292 - R:localhost/127.0.0.1:59434]' for 'GET' to 'http://localhost:59434/session/1bcd33a1c89b98b0bc121ae38405c6b5/screenshot'
17:54:31.229 [Forwarding screenshot on session 1bcd33a1c89b98b0bc121ae38405c6b5 to remote] DEBUG org.asynchttpclient.netty.request.NettyRequestSender - Using open Channel [id: 0x79b21e57, L:/127.0.0.1:58292 - R:localhost/127.0.0.1:59434] for GET '/session/1bcd33a1c89b98b0bc121ae38405c6b5/screenshot'
17:54:32.222 [AsyncHttpClient-1-1] DEBUG org.asynchttpclient.netty.channel.DefaultChannelPool - Entry count for : http://localhost:58293 : 1
17:54:33.161 [AsyncHttpClient-1-11] DEBUG org.asynchttpclient.netty.handler.HttpHandler - 

Request DefaultFullHttpRequest(decodeResult: success, version: HTTP/1.1, content: EmptyByteBufBE)
GET /session/1bcd33a1c89b98b0bc121ae38405c6b5/screenshot HTTP/1.1
User-Agent: selenium/4.1.2 (java windows)
Cache-Control: no-cache
Content-Type: application/json; charset=utf-8
host: localhost:59434
accept: */*

Response DefaultHttpResponse(decodeResult: success, version: HTTP/1.1)
HTTP/1.1 200 OK
Content-Type: application/json; charset=utf-8
cache-control: no-cache
content-length: 34028

17:54:33.162 [AsyncHttpClient-1-11] DEBUG org.asynchttpclient.netty.channel.ChannelManager - Adding key: http://localhost:59434 for channel [id: 0x79b21e57, L:/127.0.0.1:58292 - R:localhost/127.0.0.1:59434]
17:54:33.165 [main] DEBUG net.serenitybdd.core.photography.Darkroom - Send negative for processing for target\site\serenity\487b4595462367d10495b76806fa5c19ed91e41f136db5b1a6a03ec98989ab6f.png
17:54:33.166 [main] DEBUG net.thucydides.core.steps.StepInterceptor - STARTING STEP: CartSteps.iAmOnHomepage - validateSearchBarAppears
17:54:33.170 [Forwarding findElement on session 1bcd33a1c89b98b0bc121ae38405c6b5 to remote] DEBUG org.asynchttpclient.netty.request.NettyRequestSender - Using pooled Channel '[id: 0x79b21e57, L:/127.0.0.1:58292 - R:localhost/127.0.0.1:59434]' for 'POST' to 'http://localhost:59434/session/1bcd33a1c89b98b0bc121ae38405c6b5/element'
17:54:33.170 [Forwarding findElement on session 1bcd33a1c89b98b0bc121ae38405c6b5 to remote] DEBUG org.asynchttpclient.netty.request.NettyRequestSender - Using open Channel [id: 0x79b21e57, L:/127.0.0.1:58292 - R:localhost/127.0.0.1:59434] for POST '/session/1bcd33a1c89b98b0bc121ae38405c6b5/element'
17:54:33.196 [AsyncHttpClient-1-11] DEBUG org.asynchttpclient.netty.handler.HttpHandler - 

Request DefaultHttpRequest(decodeResult: success, version: HTTP/1.1)
POST /session/1bcd33a1c89b98b0bc121ae38405c6b5/element HTTP/1.1
User-Agent: selenium/4.1.2 (java windows)
Content-Length: 94
Content-Type: application/json; charset=utf-8
host: localhost:59434
accept: */*

Response DefaultHttpResponse(decodeResult: success, version: HTTP/1.1)
HTTP/1.1 200 OK
Content-Type: application/json; charset=utf-8
cache-control: no-cache
content-length: 88

17:54:33.196 [AsyncHttpClient-1-11] DEBUG org.asynchttpclient.netty.channel.ChannelManager - Adding key: http://localhost:59434 for channel [id: 0x79b21e57, L:/127.0.0.1:58292 - R:localhost/127.0.0.1:59434]
17:54:33.201 [Forwarding isElementDisplayed on session 1bcd33a1c89b98b0bc121ae38405c6b5 to remote] DEBUG org.asynchttpclient.netty.request.NettyRequestSender - Using pooled Channel '[id: 0x79b21e57, L:/127.0.0.1:58292 - R:localhost/127.0.0.1:59434]' for 'POST' to 'http://localhost:59434/session/1bcd33a1c89b98b0bc121ae38405c6b5/execute/sync'
17:54:33.201 [Forwarding isElementDisplayed on session 1bcd33a1c89b98b0bc121ae38405c6b5 to remote] DEBUG org.asynchttpclient.netty.request.NettyRequestSender - Using open Channel [id: 0x79b21e57, L:/127.0.0.1:58292 - R:localhost/127.0.0.1:59434] for POST '/session/1bcd33a1c89b98b0bc121ae38405c6b5/execute/sync'
17:54:33.218 [AsyncHttpClient-1-11] DEBUG org.asynchttpclient.netty.handler.HttpHandler - 

Request DefaultHttpRequest(decodeResult: success, version: HTTP/1.1)
POST /session/1bcd33a1c89b98b0bc121ae38405c6b5/execute/sync HTTP/1.1
User-Agent: selenium/4.1.2 (java windows)
Content-Length: 48780
Content-Type: application/json; charset=utf-8
host: localhost:59434
accept: */*

Response DefaultHttpResponse(decodeResult: success, version: HTTP/1.1)
HTTP/1.1 200 OK
Content-Type: application/json; charset=utf-8
cache-control: no-cache
content-length: 14

17:54:33.218 [AsyncHttpClient-1-11] DEBUG org.asynchttpclient.netty.channel.ChannelManager - Adding key: http://localhost:59434 for channel [id: 0x79b21e57, L:/127.0.0.1:58292 - R:localhost/127.0.0.1:59434]
17:54:33.224 [Forwarding screenshot on session 1bcd33a1c89b98b0bc121ae38405c6b5 to remote] DEBUG org.asynchttpclient.netty.request.NettyRequestSender - Using pooled Channel '[id: 0x79b21e57, L:/127.0.0.1:58292 - R:localhost/127.0.0.1:59434]' for 'GET' to 'http://localhost:59434/session/1bcd33a1c89b98b0bc121ae38405c6b5/screenshot'
17:54:33.224 [Forwarding screenshot on session 1bcd33a1c89b98b0bc121ae38405c6b5 to remote] DEBUG org.asynchttpclient.netty.request.NettyRequestSender - Using open Channel [id: 0x79b21e57, L:/127.0.0.1:58292 - R:localhost/127.0.0.1:59434] for GET '/session/1bcd33a1c89b98b0bc121ae38405c6b5/screenshot'
17:54:33.315 [AsyncHttpClient-1-1] DEBUG org.asynchttpclient.netty.channel.DefaultChannelPool - Entry count for : http://localhost:58293 : 1
17:54:33.384 [AsyncHttpClient-1-11] DEBUG org.asynchttpclient.netty.handler.HttpHandler - 

Request DefaultFullHttpRequest(decodeResult: success, version: HTTP/1.1, content: EmptyByteBufBE)
GET /session/1bcd33a1c89b98b0bc121ae38405c6b5/screenshot HTTP/1.1
User-Agent: selenium/4.1.2 (java windows)
Cache-Control: no-cache
Content-Type: application/json; charset=utf-8
host: localhost:59434
accept: */*

Response DefaultHttpResponse(decodeResult: success, version: HTTP/1.1)
HTTP/1.1 200 OK
Content-Type: application/json; charset=utf-8
cache-control: no-cache
content-length: 72748

17:54:33.384 [AsyncHttpClient-1-11] DEBUG org.asynchttpclient.netty.channel.ChannelManager - Adding key: http://localhost:59434 for channel [id: 0x79b21e57, L:/127.0.0.1:58292 - R:localhost/127.0.0.1:59434]
17:54:33.388 [main] DEBUG net.serenitybdd.core.photography.Darkroom - Send negative for processing for target\site\serenity\5a2ea1089878690bed55cf8882c0da436af8e6ee560e77877b5a34785ff9358e.png
17:54:33.389 [main] DEBUG net.thucydides.core.steps.StepInterceptor - STEP DONE: validateSearchBarAppears
17:54:33.397 [main] DEBUG net.thucydides.core.steps.StepInterceptor - STARTING STEP: CartSteps.iAmOnHomepage - validateHeaderHomepageEqual
17:54:33.401 [Forwarding findElement on session 1bcd33a1c89b98b0bc121ae38405c6b5 to remote] DEBUG org.asynchttpclient.netty.request.NettyRequestSender - Using pooled Channel '[id: 0x79b21e57, L:/127.0.0.1:58292 - R:localhost/127.0.0.1:59434]' for 'POST' to 'http://localhost:59434/session/1bcd33a1c89b98b0bc121ae38405c6b5/element'
17:54:33.401 [Forwarding findElement on session 1bcd33a1c89b98b0bc121ae38405c6b5 to remote] DEBUG org.asynchttpclient.netty.request.NettyRequestSender - Using open Channel [id: 0x79b21e57, L:/127.0.0.1:58292 - R:localhost/127.0.0.1:59434] for POST '/session/1bcd33a1c89b98b0bc121ae38405c6b5/element'
17:54:33.425 [AsyncHttpClient-1-11] DEBUG org.asynchttpclient.netty.handler.HttpHandler - 

Request DefaultHttpRequest(decodeResult: success, version: HTTP/1.1)
POST /session/1bcd33a1c89b98b0bc121ae38405c6b5/element HTTP/1.1
User-Agent: selenium/4.1.2 (java windows)
Content-Length: 111
Content-Type: application/json; charset=utf-8
host: localhost:59434
accept: */*

Response DefaultHttpResponse(decodeResult: success, version: HTTP/1.1)
HTTP/1.1 200 OK
Content-Type: application/json; charset=utf-8
cache-control: no-cache
content-length: 88

17:54:33.426 [AsyncHttpClient-1-11] DEBUG org.asynchttpclient.netty.channel.ChannelManager - Adding key: http://localhost:59434 for channel [id: 0x79b21e57, L:/127.0.0.1:58292 - R:localhost/127.0.0.1:59434]
17:54:33.427 [Forwarding getElementText on session 1bcd33a1c89b98b0bc121ae38405c6b5 to remote] DEBUG org.asynchttpclient.netty.request.NettyRequestSender - Using pooled Channel '[id: 0x79b21e57, L:/127.0.0.1:58292 - R:localhost/127.0.0.1:59434]' for 'GET' to 'http://localhost:59434/session/1bcd33a1c89b98b0bc121ae38405c6b5/element/862f4597-5561-42a0-9904-b4dc847ceabc/text'
17:54:33.428 [Forwarding getElementText on session 1bcd33a1c89b98b0bc121ae38405c6b5 to remote] DEBUG org.asynchttpclient.netty.request.NettyRequestSender - Using open Channel [id: 0x79b21e57, L:/127.0.0.1:58292 - R:localhost/127.0.0.1:59434] for GET '/session/1bcd33a1c89b98b0bc121ae38405c6b5/element/862f4597-5561-42a0-9904-b4dc847ceabc/text'
17:54:33.446 [AsyncHttpClient-1-11] DEBUG org.asynchttpclient.netty.handler.HttpHandler - 

Request DefaultFullHttpRequest(decodeResult: success, version: HTTP/1.1, content: EmptyByteBufBE)
GET /session/1bcd33a1c89b98b0bc121ae38405c6b5/element/862f4597-5561-42a0-9904-b4dc847ceabc/text HTTP/1.1
User-Agent: selenium/4.1.2 (java windows)
Cache-Control: no-cache
Content-Type: application/json; charset=utf-8
host: localhost:59434
accept: */*

Response DefaultHttpResponse(decodeResult: success, version: HTTP/1.1)
HTTP/1.1 200 OK
Content-Type: application/json; charset=utf-8
cache-control: no-cache
content-length: 20

17:54:33.446 [AsyncHttpClient-1-11] DEBUG org.asynchttpclient.netty.channel.ChannelManager - Adding key: http://localhost:59434 for channel [id: 0x79b21e57, L:/127.0.0.1:58292 - R:localhost/127.0.0.1:59434]
17:54:33.452 [Forwarding screenshot on session 1bcd33a1c89b98b0bc121ae38405c6b5 to remote] DEBUG org.asynchttpclient.netty.request.NettyRequestSender - Using pooled Channel '[id: 0x79b21e57, L:/127.0.0.1:58292 - R:localhost/127.0.0.1:59434]' for 'GET' to 'http://localhost:59434/session/1bcd33a1c89b98b0bc121ae38405c6b5/screenshot'
17:54:33.452 [Forwarding screenshot on session 1bcd33a1c89b98b0bc121ae38405c6b5 to remote] DEBUG org.asynchttpclient.netty.request.NettyRequestSender - Using open Channel [id: 0x79b21e57, L:/127.0.0.1:58292 - R:localhost/127.0.0.1:59434] for GET '/session/1bcd33a1c89b98b0bc121ae38405c6b5/screenshot'
17:54:33.578 [AsyncHttpClient-1-11] DEBUG org.asynchttpclient.netty.handler.HttpHandler - 

Request DefaultFullHttpRequest(decodeResult: success, version: HTTP/1.1, content: EmptyByteBufBE)
GET /session/1bcd33a1c89b98b0bc121ae38405c6b5/screenshot HTTP/1.1
User-Agent: selenium/4.1.2 (java windows)
Cache-Control: no-cache
Content-Type: application/json; charset=utf-8
host: localhost:59434
accept: */*

Response DefaultHttpResponse(decodeResult: success, version: HTTP/1.1)
HTTP/1.1 200 OK
Content-Type: application/json; charset=utf-8
cache-control: no-cache
content-length: 72748

17:54:33.578 [AsyncHttpClient-1-11] DEBUG org.asynchttpclient.netty.channel.ChannelManager - Adding key: http://localhost:59434 for channel [id: 0x79b21e57, L:/127.0.0.1:58292 - R:localhost/127.0.0.1:59434]
17:54:33.582 [main] DEBUG net.serenitybdd.core.photography.Darkroom - Send negative for processing for target\site\serenity\5a2ea1089878690bed55cf8882c0da436af8e6ee560e77877b5a34785ff9358e.png
17:54:33.582 [main] DEBUG net.thucydides.core.steps.StepInterceptor - STEP DONE: validateHeaderHomepageEqual
  &amp#27;[32mGiven &amp#27;[0m&amp#27;[32mI am on homepage&amp#27;[0m                    &amp#27;[90m# starter.stepdefinitions.CartSteps.iAmOnHomepage()&amp#27;[0m
17:54:33.607 [main] DEBUG net.thucydides.core.steps.StepInterceptor - STARTING STEP: DetailSteps.iGetDetailInCardProduct - getDetailNameInCard
17:54:33.609 [Forwarding findElement on session 1bcd33a1c89b98b0bc121ae38405c6b5 to remote] DEBUG org.asynchttpclient.netty.request.NettyRequestSender - Using pooled Channel '[id: 0x79b21e57, L:/127.0.0.1:58292 - R:localhost/127.0.0.1:59434]' for 'POST' to 'http://localhost:59434/session/1bcd33a1c89b98b0bc121ae38405c6b5/element'
17:54:33.609 [Forwarding findElement on session 1bcd33a1c89b98b0bc121ae38405c6b5 to remote] DEBUG org.asynchttpclient.netty.request.NettyRequestSender - Using open Channel [id: 0x79b21e57, L:/127.0.0.1:58292 - R:localhost/127.0.0.1:59434] for POST '/session/1bcd33a1c89b98b0bc121ae38405c6b5/element'
17:54:33.632 [AsyncHttpClient-1-11] DEBUG org.asynchttpclient.netty.handler.HttpHandler - 

Request DefaultHttpRequest(decodeResult: success, version: HTTP/1.1)
POST /session/1bcd33a1c89b98b0bc121ae38405c6b5/element HTTP/1.1
User-Agent: selenium/4.1.2 (java windows)
Content-Length: 120
Content-Type: application/json; charset=utf-8
host: localhost:59434
accept: */*

Response DefaultHttpResponse(decodeResult: success, version: HTTP/1.1)
HTTP/1.1 200 OK
Content-Type: application/json; charset=utf-8
cache-control: no-cache
content-length: 88

17:54:33.632 [AsyncHttpClient-1-11] DEBUG org.asynchttpclient.netty.channel.ChannelManager - Adding key: http://localhost:59434 for channel [id: 0x79b21e57, L:/127.0.0.1:58292 - R:localhost/127.0.0.1:59434]
17:54:33.633 [Forwarding getElementText on session 1bcd33a1c89b98b0bc121ae38405c6b5 to remote] DEBUG org.asynchttpclient.netty.request.NettyRequestSender - Using pooled Channel '[id: 0x79b21e57, L:/127.0.0.1:58292 - R:localhost/127.0.0.1:59434]' for 'GET' to 'http://localhost:59434/session/1bcd33a1c89b98b0bc121ae38405c6b5/element/e5a493f7-8430-4f5c-9c17-366e895d6aaa/text'
17:54:33.633 [Forwarding getElementText on session 1bcd33a1c89b98b0bc121ae38405c6b5 to remote] DEBUG org.asynchttpclient.netty.request.NettyRequestSender - Using open Channel [id: 0x79b21e57, L:/127.0.0.1:58292 - R:localhost/127.0.0.1:59434] for GET '/session/1bcd33a1c89b98b0bc121ae38405c6b5/element/e5a493f7-8430-4f5c-9c17-366e895d6aaa/text'
17:54:33.647 [AsyncHttpClient-1-11] DEBUG org.asynchttpclient.netty.handler.HttpHandler - 

Request DefaultFullHttpRequest(decodeResult: success, version: HTTP/1.1, content: EmptyByteBufBE)
GET /session/1bcd33a1c89b98b0bc121ae38405c6b5/element/e5a493f7-8430-4f5c-9c17-366e895d6aaa/text HTTP/1.1
User-Agent: selenium/4.1.2 (java windows)
Cache-Control: no-cache
Content-Type: application/json; charset=utf-8
host: localhost:59434
accept: */*

Response DefaultHttpResponse(decodeResult: success, version: HTTP/1.1)
HTTP/1.1 200 OK
Content-Type: application/json; charset=utf-8
cache-control: no-cache
content-length: 32

17:54:33.647 [AsyncHttpClient-1-11] DEBUG org.asynchttpclient.netty.channel.ChannelManager - Adding key: http://localhost:59434 for channel [id: 0x79b21e57, L:/127.0.0.1:58292 - R:localhost/127.0.0.1:59434]
Tensi Darah Elektrik
17:54:33.653 [Forwarding screenshot on session 1bcd33a1c89b98b0bc121ae38405c6b5 to remote] DEBUG org.asynchttpclient.netty.request.NettyRequestSender - Using pooled Channel '[id: 0x79b21e57, L:/127.0.0.1:58292 - R:localhost/127.0.0.1:59434]' for 'GET' to 'http://localhost:59434/session/1bcd33a1c89b98b0bc121ae38405c6b5/screenshot'
17:54:33.653 [Forwarding screenshot on session 1bcd33a1c89b98b0bc121ae38405c6b5 to remote] DEBUG org.asynchttpclient.netty.request.NettyRequestSender - Using open Channel [id: 0x79b21e57, L:/127.0.0.1:58292 - R:localhost/127.0.0.1:59434] for GET '/session/1bcd33a1c89b98b0bc121ae38405c6b5/screenshot'
17:54:33.810 [AsyncHttpClient-1-11] DEBUG org.asynchttpclient.netty.handler.HttpHandler - 

Request DefaultFullHttpRequest(decodeResult: success, version: HTTP/1.1, content: EmptyByteBufBE)
GET /session/1bcd33a1c89b98b0bc121ae38405c6b5/screenshot HTTP/1.1
User-Agent: selenium/4.1.2 (java windows)
Cache-Control: no-cache
Content-Type: application/json; charset=utf-8
host: localhost:59434
accept: */*

Response DefaultHttpResponse(decodeResult: success, version: HTTP/1.1)
HTTP/1.1 200 OK
Content-Type: application/json; charset=utf-8
cache-control: no-cache
content-length: 72748

17:54:33.811 [AsyncHttpClient-1-11] DEBUG org.asynchttpclient.netty.channel.ChannelManager - Adding key: http://localhost:59434 for channel [id: 0x79b21e57, L:/127.0.0.1:58292 - R:localhost/127.0.0.1:59434]
17:54:33.815 [main] DEBUG net.serenitybdd.core.photography.Darkroom - Send negative for processing for target\site\serenity\5a2ea1089878690bed55cf8882c0da436af8e6ee560e77877b5a34785ff9358e.png
17:54:33.815 [main] DEBUG net.thucydides.core.steps.StepInterceptor - STEP DONE: getDetailNameInCard
17:54:33.823 [main] DEBUG net.thucydides.core.steps.StepInterceptor - STARTING STEP: DetailSteps.iGetDetailInCardProduct - getDetailPriceInCard
17:54:33.825 [Forwarding findElement on session 1bcd33a1c89b98b0bc121ae38405c6b5 to remote] DEBUG org.asynchttpclient.netty.request.NettyRequestSender - Using pooled Channel '[id: 0x79b21e57, L:/127.0.0.1:58292 - R:localhost/127.0.0.1:59434]' for 'POST' to 'http://localhost:59434/session/1bcd33a1c89b98b0bc121ae38405c6b5/element'
17:54:33.825 [Forwarding findElement on session 1bcd33a1c89b98b0bc121ae38405c6b5 to remote] DEBUG org.asynchttpclient.netty.request.NettyRequestSender - Using open Channel [id: 0x79b21e57, L:/127.0.0.1:58292 - R:localhost/127.0.0.1:59434] for POST '/session/1bcd33a1c89b98b0bc121ae38405c6b5/element'
17:54:33.849 [AsyncHttpClient-1-11] DEBUG org.asynchttpclient.netty.handler.HttpHandler - 

Request DefaultHttpRequest(decodeResult: success, version: HTTP/1.1)
POST /session/1bcd33a1c89b98b0bc121ae38405c6b5/element HTTP/1.1
User-Agent: selenium/4.1.2 (java windows)
Content-Length: 154
Content-Type: application/json; charset=utf-8
host: localhost:59434
accept: */*

Response DefaultHttpResponse(decodeResult: success, version: HTTP/1.1)
HTTP/1.1 200 OK
Content-Type: application/json; charset=utf-8
cache-control: no-cache
content-length: 88

17:54:33.849 [AsyncHttpClient-1-11] DEBUG org.asynchttpclient.netty.channel.ChannelManager - Adding key: http://localhost:59434 for channel [id: 0x79b21e57, L:/127.0.0.1:58292 - R:localhost/127.0.0.1:59434]
17:54:33.850 [Forwarding getElementText on session 1bcd33a1c89b98b0bc121ae38405c6b5 to remote] DEBUG org.asynchttpclient.netty.request.NettyRequestSender - Using pooled Channel '[id: 0x79b21e57, L:/127.0.0.1:58292 - R:localhost/127.0.0.1:59434]' for 'GET' to 'http://localhost:59434/session/1bcd33a1c89b98b0bc121ae38405c6b5/element/bb3e3399-b892-447a-aa2a-b77d261bae4e/text'
17:54:33.850 [Forwarding getElementText on session 1bcd33a1c89b98b0bc121ae38405c6b5 to remote] DEBUG org.asynchttpclient.netty.request.NettyRequestSender - Using open Channel [id: 0x79b21e57, L:/127.0.0.1:58292 - R:localhost/127.0.0.1:59434] for GET '/session/1bcd33a1c89b98b0bc121ae38405c6b5/element/bb3e3399-b892-447a-aa2a-b77d261bae4e/text'
17:54:33.868 [AsyncHttpClient-1-11] DEBUG org.asynchttpclient.netty.handler.HttpHandler - 

Request DefaultFullHttpRequest(decodeResult: success, version: HTTP/1.1, content: EmptyByteBufBE)
GET /session/1bcd33a1c89b98b0bc121ae38405c6b5/element/bb3e3399-b892-447a-aa2a-b77d261bae4e/text HTTP/1.1
User-Agent: selenium/4.1.2 (java windows)
Cache-Control: no-cache
Content-Type: application/json; charset=utf-8
host: localhost:59434
accept: */*

Response DefaultHttpResponse(decodeResult: success, version: HTTP/1.1)
HTTP/1.1 200 OK
Content-Type: application/json; charset=utf-8
cache-control: no-cache
content-length: 19

17:54:33.868 [AsyncHttpClient-1-11] DEBUG org.asynchttpclient.netty.channel.ChannelManager - Adding key: http://localhost:59434 for channel [id: 0x79b21e57, L:/127.0.0.1:58292 - R:localhost/127.0.0.1:59434]
240.000
17:54:33.875 [Forwarding screenshot on session 1bcd33a1c89b98b0bc121ae38405c6b5 to remote] DEBUG org.asynchttpclient.netty.request.NettyRequestSender - Using pooled Channel '[id: 0x79b21e57, L:/127.0.0.1:58292 - R:localhost/127.0.0.1:59434]' for 'GET' to 'http://localhost:59434/session/1bcd33a1c89b98b0bc121ae38405c6b5/screenshot'
17:54:33.875 [Forwarding screenshot on session 1bcd33a1c89b98b0bc121ae38405c6b5 to remote] DEBUG org.asynchttpclient.netty.request.NettyRequestSender - Using open Channel [id: 0x79b21e57, L:/127.0.0.1:58292 - R:localhost/127.0.0.1:59434] for GET '/session/1bcd33a1c89b98b0bc121ae38405c6b5/screenshot'
17:54:34.034 [AsyncHttpClient-1-11] DEBUG org.asynchttpclient.netty.handler.HttpHandler - 

Request DefaultFullHttpRequest(decodeResult: success, version: HTTP/1.1, content: EmptyByteBufBE)
GET /session/1bcd33a1c89b98b0bc121ae38405c6b5/screenshot HTTP/1.1
User-Agent: selenium/4.1.2 (java windows)
Cache-Control: no-cache
Content-Type: application/json; charset=utf-8
host: localhost:59434
accept: */*

Response DefaultHttpResponse(decodeResult: success, version: HTTP/1.1)
HTTP/1.1 200 OK
Content-Type: application/json; charset=utf-8
cache-control: no-cache
content-length: 72748

17:54:34.034 [AsyncHttpClient-1-11] DEBUG org.asynchttpclient.netty.channel.ChannelManager - Adding key: http://localhost:59434 for channel [id: 0x79b21e57, L:/127.0.0.1:58292 - R:localhost/127.0.0.1:59434]
17:54:34.037 [main] DEBUG net.serenitybdd.core.photography.Darkroom - Send negative for processing for target\site\serenity\5a2ea1089878690bed55cf8882c0da436af8e6ee560e77877b5a34785ff9358e.png
17:54:34.037 [main] DEBUG net.thucydides.core.steps.StepInterceptor - STEP DONE: getDetailPriceInCard
  &amp#27;[32mWhen &amp#27;[0m&amp#27;[32mI get detail in card &amp#27;[0m&amp#27;[32m&amp#27;[1m24&amp#27;[0m              &amp#27;[90m# starter.stepdefinitions.DetailSteps.iGetDetailInCardProduct(int)&amp#27;[0m
17:54:34.064 [main] DEBUG net.thucydides.core.steps.StepInterceptor - STARTING STEP: DetailSteps.iClickDetailButton - clickDetailButton
17:54:34.069 [Forwarding findElement on session 1bcd33a1c89b98b0bc121ae38405c6b5 to remote] DEBUG org.asynchttpclient.netty.request.NettyRequestSender - Using pooled Channel '[id: 0x79b21e57, L:/127.0.0.1:58292 - R:localhost/127.0.0.1:59434]' for 'POST' to 'http://localhost:59434/session/1bcd33a1c89b98b0bc121ae38405c6b5/element'
17:54:34.069 [Forwarding findElement on session 1bcd33a1c89b98b0bc121ae38405c6b5 to remote] DEBUG org.asynchttpclient.netty.request.NettyRequestSender - Using open Channel [id: 0x79b21e57, L:/127.0.0.1:58292 - R:localhost/127.0.0.1:59434] for POST '/session/1bcd33a1c89b98b0bc121ae38405c6b5/element'
17:54:34.091 [AsyncHttpClient-1-11] DEBUG org.asynchttpclient.netty.handler.HttpHandler - 

Request DefaultHttpRequest(decodeResult: success, version: HTTP/1.1)
POST /session/1bcd33a1c89b98b0bc121ae38405c6b5/element HTTP/1.1
User-Agent: selenium/4.1.2 (java windows)
Content-Length: 125
Content-Type: application/json; charset=utf-8
host: localhost:59434
accept: */*

Response DefaultHttpResponse(decodeResult: success, version: HTTP/1.1)
HTTP/1.1 200 OK
Content-Type: application/json; charset=utf-8
cache-control: no-cache
content-length: 88

17:54:34.091 [AsyncHttpClient-1-11] DEBUG org.asynchttpclient.netty.channel.ChannelManager - Adding key: http://localhost:59434 for channel [id: 0x79b21e57, L:/127.0.0.1:58292 - R:localhost/127.0.0.1:59434]
17:54:34.093 [Forwarding getElementTagName on session 1bcd33a1c89b98b0bc121ae38405c6b5 to remote] DEBUG org.asynchttpclient.netty.request.NettyRequestSender - Using pooled Channel '[id: 0x79b21e57, L:/127.0.0.1:58292 - R:localhost/127.0.0.1:59434]' for 'GET' to 'http://localhost:59434/session/1bcd33a1c89b98b0bc121ae38405c6b5/element/b703da45-cfa4-4821-a1fb-f62dca886669/name'
17:54:34.093 [Forwarding getElementTagName on session 1bcd33a1c89b98b0bc121ae38405c6b5 to remote] DEBUG org.asynchttpclient.netty.request.NettyRequestSender - Using open Channel [id: 0x79b21e57, L:/127.0.0.1:58292 - R:localhost/127.0.0.1:59434] for GET '/session/1bcd33a1c89b98b0bc121ae38405c6b5/element/b703da45-cfa4-4821-a1fb-f62dca886669/name'
17:54:34.099 [AsyncHttpClient-1-11] DEBUG org.asynchttpclient.netty.handler.HttpHandler - 

Request DefaultFullHttpRequest(decodeResult: success, version: HTTP/1.1, content: EmptyByteBufBE)
GET /session/1bcd33a1c89b98b0bc121ae38405c6b5/element/b703da45-cfa4-4821-a1fb-f62dca886669/name HTTP/1.1
User-Agent: selenium/4.1.2 (java windows)
Cache-Control: no-cache
Content-Type: application/json; charset=utf-8
host: localhost:59434
accept: */*

Response DefaultHttpResponse(decodeResult: success, version: HTTP/1.1)
HTTP/1.1 200 OK
Content-Type: application/json; charset=utf-8
cache-control: no-cache
content-length: 16

17:54:34.100 [AsyncHttpClient-1-11] DEBUG org.asynchttpclient.netty.channel.ChannelManager - Adding key: http://localhost:59434 for channel [id: 0x79b21e57, L:/127.0.0.1:58292 - R:localhost/127.0.0.1:59434]
17:54:34.101 [Forwarding getElementTagName on session 1bcd33a1c89b98b0bc121ae38405c6b5 to remote] DEBUG org.asynchttpclient.netty.request.NettyRequestSender - Using pooled Channel '[id: 0x79b21e57, L:/127.0.0.1:58292 - R:localhost/127.0.0.1:59434]' for 'GET' to 'http://localhost:59434/session/1bcd33a1c89b98b0bc121ae38405c6b5/element/b703da45-cfa4-4821-a1fb-f62dca886669/name'
17:54:34.101 [Forwarding getElementTagName on session 1bcd33a1c89b98b0bc121ae38405c6b5 to remote] DEBUG org.asynchttpclient.netty.request.NettyRequestSender - Using open Channel [id: 0x79b21e57, L:/127.0.0.1:58292 - R:localhost/127.0.0.1:59434] for GET '/session/1bcd33a1c89b98b0bc121ae38405c6b5/element/b703da45-cfa4-4821-a1fb-f62dca886669/name'
17:54:34.106 [AsyncHttpClient-1-11] DEBUG org.asynchttpclient.netty.handler.HttpHandler - 

Request DefaultFullHttpRequest(decodeResult: success, version: HTTP/1.1, content: EmptyByteBufBE)
GET /session/1bcd33a1c89b98b0bc121ae38405c6b5/element/b703da45-cfa4-4821-a1fb-f62dca886669/name HTTP/1.1
User-Agent: selenium/4.1.2 (java windows)
Cache-Control: no-cache
Content-Type: application/json; charset=utf-8
host: localhost:59434
accept: */*

Response DefaultHttpResponse(decodeResult: success, version: HTTP/1.1)
HTTP/1.1 200 OK
Content-Type: application/json; charset=utf-8
cache-control: no-cache
content-length: 16

17:54:34.106 [AsyncHttpClient-1-11] DEBUG org.asynchttpclient.netty.channel.ChannelManager - Adding key: http://localhost:59434 for channel [id: 0x79b21e57, L:/127.0.0.1:58292 - R:localhost/127.0.0.1:59434]
17:54:34.108 [Forwarding findElement on session 1bcd33a1c89b98b0bc121ae38405c6b5 to remote] DEBUG org.asynchttpclient.netty.request.NettyRequestSender - Using pooled Channel '[id: 0x79b21e57, L:/127.0.0.1:58292 - R:localhost/127.0.0.1:59434]' for 'POST' to 'http://localhost:59434/session/1bcd33a1c89b98b0bc121ae38405c6b5/element'
17:54:34.108 [Forwarding findElement on session 1bcd33a1c89b98b0bc121ae38405c6b5 to remote] DEBUG org.asynchttpclient.netty.request.NettyRequestSender - Using open Channel [id: 0x79b21e57, L:/127.0.0.1:58292 - R:localhost/127.0.0.1:59434] for POST '/session/1bcd33a1c89b98b0bc121ae38405c6b5/element'
17:54:34.125 [AsyncHttpClient-1-11] DEBUG org.asynchttpclient.netty.handler.HttpHandler - 

Request DefaultHttpRequest(decodeResult: success, version: HTTP/1.1)
POST /session/1bcd33a1c89b98b0bc121ae38405c6b5/element HTTP/1.1
User-Agent: selenium/4.1.2 (java windows)
Content-Length: 125
Content-Type: application/json; charset=utf-8
host: localhost:59434
accept: */*

Response DefaultHttpResponse(decodeResult: success, version: HTTP/1.1)
HTTP/1.1 200 OK
Content-Type: application/json; charset=utf-8
cache-control: no-cache
content-length: 88

17:54:34.125 [AsyncHttpClient-1-11] DEBUG org.asynchttpclient.netty.channel.ChannelManager - Adding key: http://localhost:59434 for channel [id: 0x79b21e57, L:/127.0.0.1:58292 - R:localhost/127.0.0.1:59434]
17:54:34.127 [Forwarding clickElement on session 1bcd33a1c89b98b0bc121ae38405c6b5 to remote] DEBUG org.asynchttpclient.netty.request.NettyRequestSender - Using pooled Channel '[id: 0x79b21e57, L:/127.0.0.1:58292 - R:localhost/127.0.0.1:59434]' for 'POST' to 'http://localhost:59434/session/1bcd33a1c89b98b0bc121ae38405c6b5/element/b703da45-cfa4-4821-a1fb-f62dca886669/click'
17:54:34.127 [Forwarding clickElement on session 1bcd33a1c89b98b0bc121ae38405c6b5 to remote] DEBUG org.asynchttpclient.netty.request.NettyRequestSender - Using open Channel [id: 0x79b21e57, L:/127.0.0.1:58292 - R:localhost/127.0.0.1:59434] for POST '/session/1bcd33a1c89b98b0bc121ae38405c6b5/element/b703da45-cfa4-4821-a1fb-f62dca886669/click'
17:54:34.213 [AsyncHttpClient-1-11] DEBUG org.asynchttpclient.netty.handler.HttpHandler - 

Request DefaultHttpRequest(decodeResult: success, version: HTTP/1.1)
POST /session/1bcd33a1c89b98b0bc121ae38405c6b5/element/b703da45-cfa4-4821-a1fb-f62dca886669/click HTTP/1.1
User-Agent: selenium/4.1.2 (java windows)
Content-Length: 50
Content-Type: application/json; charset=utf-8
host: localhost:59434
accept: */*

Response DefaultHttpResponse(decodeResult: success, version: HTTP/1.1)
HTTP/1.1 200 OK
Content-Type: application/json; charset=utf-8
cache-control: no-cache
content-length: 14

17:54:34.213 [AsyncHttpClient-1-11] DEBUG org.asynchttpclient.netty.channel.ChannelManager - Adding key: http://localhost:59434 for channel [id: 0x79b21e57, L:/127.0.0.1:58292 - R:localhost/127.0.0.1:59434]
17:54:34.225 [Forwarding screenshot on session 1bcd33a1c89b98b0bc121ae38405c6b5 to remote] DEBUG org.asynchttpclient.netty.request.NettyRequestSender - Using pooled Channel '[id: 0x79b21e57, L:/127.0.0.1:58292 - R:localhost/127.0.0.1:59434]' for 'GET' to 'http://localhost:59434/session/1bcd33a1c89b98b0bc121ae38405c6b5/screenshot'
17:54:34.225 [Forwarding screenshot on session 1bcd33a1c89b98b0bc121ae38405c6b5 to remote] DEBUG org.asynchttpclient.netty.request.NettyRequestSender - Using open Channel [id: 0x79b21e57, L:/127.0.0.1:58292 - R:localhost/127.0.0.1:59434] for GET '/session/1bcd33a1c89b98b0bc121ae38405c6b5/screenshot'
17:54:34.421 [AsyncHttpClient-1-1] DEBUG org.asynchttpclient.netty.channel.DefaultChannelPool - Entry count for : http://localhost:58293 : 1
17:54:34.631 [AsyncHttpClient-1-11] DEBUG org.asynchttpclient.netty.handler.HttpHandler - 

Request DefaultFullHttpRequest(decodeResult: success, version: HTTP/1.1, content: EmptyByteBufBE)
GET /session/1bcd33a1c89b98b0bc121ae38405c6b5/screenshot HTTP/1.1
User-Agent: selenium/4.1.2 (java windows)
Cache-Control: no-cache
Content-Type: application/json; charset=utf-8
host: localhost:59434
accept: */*

Response DefaultHttpResponse(decodeResult: success, version: HTTP/1.1)
HTTP/1.1 200 OK
Content-Type: application/json; charset=utf-8
cache-control: no-cache
content-length: 37004

17:54:34.631 [AsyncHttpClient-1-11] DEBUG org.asynchttpclient.netty.channel.ChannelManager - Adding key: http://localhost:59434 for channel [id: 0x79b21e57, L:/127.0.0.1:58292 - R:localhost/127.0.0.1:59434]
17:54:34.634 [main] DEBUG net.serenitybdd.core.photography.Darkroom - Send negative for processing for target\site\serenity\5d8746240867d7eeba76cdfd1b8d4bc6d2d7fb3a947c9c07638f10a0ece7c3ab.png
17:54:34.634 [main] DEBUG net.thucydides.core.steps.StepInterceptor - STEP DONE: clickDetailButton
  &amp#27;[32mAnd &amp#27;[0m&amp#27;[32mI click detail button &amp#27;[0m&amp#27;[32m&amp#27;[1m24&amp#27;[0m              &amp#27;[90m# starter.stepdefinitions.DetailSteps.iClickDetailButton(int)&amp#27;[0m
17:54:34.634 [Darkroom Processing Line] DEBUG net.serenitybdd.core.photography.DarkroomProcessingLine - Processing screenshot image in /var/screenshots/screenshot-13469924153200366193
17:54:34.634 [Darkroom Processing Line] DEBUG net.serenitybdd.core.photography.DarkroomProcessingLine - Saving screenshot to target\site\serenity\5d8746240867d7eeba76cdfd1b8d4bc6d2d7fb3a947c9c07638f10a0ece7c3ab.png
17:54:34.657 [main] DEBUG net.thucydides.core.steps.StepInterceptor - STARTING STEP: DetailSteps.iValidateTheDetailProduct - validateProductName
17:54:34.661 [Forwarding findElement on session 1bcd33a1c89b98b0bc121ae38405c6b5 to remote] DEBUG org.asynchttpclient.netty.request.NettyRequestSender - Using pooled Channel '[id: 0x79b21e57, L:/127.0.0.1:58292 - R:localhost/127.0.0.1:59434]' for 'POST' to 'http://localhost:59434/session/1bcd33a1c89b98b0bc121ae38405c6b5/element'
17:54:34.661 [Forwarding findElement on session 1bcd33a1c89b98b0bc121ae38405c6b5 to remote] DEBUG org.asynchttpclient.netty.request.NettyRequestSender - Using open Channel [id: 0x79b21e57, L:/127.0.0.1:58292 - R:localhost/127.0.0.1:59434] for POST '/session/1bcd33a1c89b98b0bc121ae38405c6b5/element'
17:54:34.673 [AsyncHttpClient-1-11] DEBUG org.asynchttpclient.netty.handler.HttpHandler - 

Request DefaultHttpRequest(decodeResult: success, version: HTTP/1.1)
POST /session/1bcd33a1c89b98b0bc121ae38405c6b5/element HTTP/1.1
User-Agent: selenium/4.1.2 (java windows)
Content-Length: 91
Content-Type: application/json; charset=utf-8
host: localhost:59434
accept: */*

Response DefaultHttpResponse(decodeResult: success, version: HTTP/1.1)
HTTP/1.1 200 OK
Content-Type: application/json; charset=utf-8
cache-control: no-cache
content-length: 88

17:54:34.673 [AsyncHttpClient-1-11] DEBUG org.asynchttpclient.netty.channel.ChannelManager - Adding key: http://localhost:59434 for channel [id: 0x79b21e57, L:/127.0.0.1:58292 - R:localhost/127.0.0.1:59434]
17:54:34.674 [Forwarding getElementText on session 1bcd33a1c89b98b0bc121ae38405c6b5 to remote] DEBUG org.asynchttpclient.netty.request.NettyRequestSender - Using pooled Channel '[id: 0x79b21e57, L:/127.0.0.1:58292 - R:localhost/127.0.0.1:59434]' for 'GET' to 'http://localhost:59434/session/1bcd33a1c89b98b0bc121ae38405c6b5/element/1fd34a14-60ee-422b-a808-dd78d96bbe6b/text'
17:54:34.674 [Forwarding getElementText on session 1bcd33a1c89b98b0bc121ae38405c6b5 to remote] DEBUG org.asynchttpclient.netty.request.NettyRequestSender - Using open Channel [id: 0x79b21e57, L:/127.0.0.1:58292 - R:localhost/127.0.0.1:59434] for GET '/session/1bcd33a1c89b98b0bc121ae38405c6b5/element/1fd34a14-60ee-422b-a808-dd78d96bbe6b/text'
17:54:34.689 [AsyncHttpClient-1-11] DEBUG org.asynchttpclient.netty.handler.HttpHandler - 

Request DefaultFullHttpRequest(decodeResult: success, version: HTTP/1.1, content: EmptyByteBufBE)
GET /session/1bcd33a1c89b98b0bc121ae38405c6b5/element/1fd34a14-60ee-422b-a808-dd78d96bbe6b/text HTTP/1.1
User-Agent: selenium/4.1.2 (java windows)
Cache-Control: no-cache
Content-Type: application/json; charset=utf-8
host: localhost:59434
accept: */*

Response DefaultHttpResponse(decodeResult: success, version: HTTP/1.1)
HTTP/1.1 200 OK
Content-Type: application/json; charset=utf-8
cache-control: no-cache
content-length: 32

17:54:34.690 [AsyncHttpClient-1-11] DEBUG org.asynchttpclient.netty.channel.ChannelManager - Adding key: http://localhost:59434 for channel [id: 0x79b21e57, L:/127.0.0.1:58292 - R:localhost/127.0.0.1:59434]
17:54:34.694 [Forwarding screenshot on session 1bcd33a1c89b98b0bc121ae38405c6b5 to remote] DEBUG org.asynchttpclient.netty.request.NettyRequestSender - Using pooled Channel '[id: 0x79b21e57, L:/127.0.0.1:58292 - R:localhost/127.0.0.1:59434]' for 'GET' to 'http://localhost:59434/session/1bcd33a1c89b98b0bc121ae38405c6b5/screenshot'
17:54:34.695 [Forwarding screenshot on session 1bcd33a1c89b98b0bc121ae38405c6b5 to remote] DEBUG org.asynchttpclient.netty.request.NettyRequestSender - Using open Channel [id: 0x79b21e57, L:/127.0.0.1:58292 - R:localhost/127.0.0.1:59434] for GET '/session/1bcd33a1c89b98b0bc121ae38405c6b5/screenshot'
17:54:34.856 [AsyncHttpClient-1-11] DEBUG org.asynchttpclient.netty.handler.HttpHandler - 

Request DefaultFullHttpRequest(decodeResult: success, version: HTTP/1.1, content: EmptyByteBufBE)
GET /session/1bcd33a1c89b98b0bc121ae38405c6b5/screenshot HTTP/1.1
User-Agent: selenium/4.1.2 (java windows)
Cache-Control: no-cache
Content-Type: application/json; charset=utf-8
host: localhost:59434
accept: */*

Response DefaultHttpResponse(decodeResult: success, version: HTTP/1.1)
HTTP/1.1 200 OK
Content-Type: application/json; charset=utf-8
cache-control: no-cache
content-length: 39044

17:54:34.856 [AsyncHttpClient-1-11] DEBUG org.asynchttpclient.netty.channel.ChannelManager - Adding key: http://localhost:59434 for channel [id: 0x79b21e57, L:/127.0.0.1:58292 - R:localhost/127.0.0.1:59434]
17:54:34.858 [main] DEBUG net.serenitybdd.core.photography.Darkroom - Send negative for processing for target\site\serenity\9078ecc4f167afc43526ea4b0ec76a4607e0e546ad82388ede9500522ddc6611.png
17:54:34.858 [main] DEBUG net.thucydides.core.steps.StepInterceptor - STEP DONE: validateProductName
17:54:34.858 [Darkroom Processing Line] DEBUG net.serenitybdd.core.photography.DarkroomProcessingLine - Processing screenshot image in /var/screenshots/screenshot-7125237277512606885
17:54:34.858 [Darkroom Processing Line] DEBUG net.serenitybdd.core.photography.DarkroomProcessingLine - Saving screenshot to target\site\serenity\9078ecc4f167afc43526ea4b0ec76a4607e0e546ad82388ede9500522ddc6611.png
17:54:34.864 [main] DEBUG net.thucydides.core.steps.StepInterceptor - STARTING STEP: DetailSteps.iValidateTheDetailProduct - validateProductPrice
17:54:34.867 [Forwarding findElement on session 1bcd33a1c89b98b0bc121ae38405c6b5 to remote] DEBUG org.asynchttpclient.netty.request.NettyRequestSender - Using pooled Channel '[id: 0x79b21e57, L:/127.0.0.1:58292 - R:localhost/127.0.0.1:59434]' for 'POST' to 'http://localhost:59434/session/1bcd33a1c89b98b0bc121ae38405c6b5/element'
17:54:34.868 [Forwarding findElement on session 1bcd33a1c89b98b0bc121ae38405c6b5 to remote] DEBUG org.asynchttpclient.netty.request.NettyRequestSender - Using open Channel [id: 0x79b21e57, L:/127.0.0.1:58292 - R:localhost/127.0.0.1:59434] for POST '/session/1bcd33a1c89b98b0bc121ae38405c6b5/element'
17:54:34.879 [AsyncHttpClient-1-11] DEBUG org.asynchttpclient.netty.handler.HttpHandler - 

Request DefaultHttpRequest(decodeResult: success, version: HTTP/1.1)
POST /session/1bcd33a1c89b98b0bc121ae38405c6b5/element HTTP/1.1
User-Agent: selenium/4.1.2 (java windows)
Content-Length: 104
Content-Type: application/json; charset=utf-8
host: localhost:59434
accept: */*

Response DefaultHttpResponse(decodeResult: success, version: HTTP/1.1)
HTTP/1.1 200 OK
Content-Type: application/json; charset=utf-8
cache-control: no-cache
content-length: 88

17:54:34.880 [AsyncHttpClient-1-11] DEBUG org.asynchttpclient.netty.channel.ChannelManager - Adding key: http://localhost:59434 for channel [id: 0x79b21e57, L:/127.0.0.1:58292 - R:localhost/127.0.0.1:59434]
17:54:34.880 [Forwarding getElementText on session 1bcd33a1c89b98b0bc121ae38405c6b5 to remote] DEBUG org.asynchttpclient.netty.request.NettyRequestSender - Using pooled Channel '[id: 0x79b21e57, L:/127.0.0.1:58292 - R:localhost/127.0.0.1:59434]' for 'GET' to 'http://localhost:59434/session/1bcd33a1c89b98b0bc121ae38405c6b5/element/ebd51272-570e-4f32-b579-ffd0eda3cfdb/text'
17:54:34.881 [Forwarding getElementText on session 1bcd33a1c89b98b0bc121ae38405c6b5 to remote] DEBUG org.asynchttpclient.netty.request.NettyRequestSender - Using open Channel [id: 0x79b21e57, L:/127.0.0.1:58292 - R:localhost/127.0.0.1:59434] for GET '/session/1bcd33a1c89b98b0bc121ae38405c6b5/element/ebd51272-570e-4f32-b579-ffd0eda3cfdb/text'
17:54:34.896 [AsyncHttpClient-1-11] DEBUG org.asynchttpclient.netty.handler.HttpHandler - 

Request DefaultFullHttpRequest(decodeResult: success, version: HTTP/1.1, content: EmptyByteBufBE)
GET /session/1bcd33a1c89b98b0bc121ae38405c6b5/element/ebd51272-570e-4f32-b579-ffd0eda3cfdb/text HTTP/1.1
User-Agent: selenium/4.1.2 (java windows)
Cache-Control: no-cache
Content-Type: application/json; charset=utf-8
host: localhost:59434
accept: */*

Response DefaultHttpResponse(decodeResult: success, version: HTTP/1.1)
HTTP/1.1 200 OK
Content-Type: application/json; charset=utf-8
cache-control: no-cache
content-length: 18

17:54:34.896 [AsyncHttpClient-1-11] DEBUG org.asynchttpclient.netty.channel.ChannelManager - Adding key: http://localhost:59434 for channel [id: 0x79b21e57, L:/127.0.0.1:58292 - R:localhost/127.0.0.1:59434]
17:54:34.900 [main] DEBUG net.thucydides.core.steps.StepInterceptor - STEP DONE: validateProductPrice
  &amp#27;[32mThen &amp#27;[0m&amp#27;[32mI validate the the detail product &amp#27;[0m&amp#27;[32m&amp#27;[1m24&amp#27;[0m &amp#27;[90m# starter.stepdefinitions.DetailSteps.iValidateTheDetailProduct(int)&amp#27;[0m
17:54:34.910 [AsyncHttpClient-1-13] DEBUG org.asynchttpclient.netty.handler.WebSocketHandler - Channel Closed: [id: 0xd1e78f21, L:/127.0.0.1:58301 ! R:localhost/127.0.0.1:58293] with attribute NettyResponseFuture{currentRetry=5,
	isDone=1,
	isCancelled=0,
	asyncHandler=org.asynchttpclient.ws.WebSocketUpgradeHandler@b8938b8,
	nettyRequest=org.asynchttpclient.netty.request.NettyRequest@4e8bb7ad,
	future=java.util.concurrent.CompletableFuture@456f42a7[Completed normally],
	uri=ws://localhost:58293/devtools/browser/70cc5eee-acc5-4108-b2aa-6e3b4c26f81d,
	keepAlive=true,
	redirectCount=0,
	timeoutsHolder=null,
	inAuth=0,
	touch=1652784870002}
17:54:34.910 [AsyncHttpClient-1-13] DEBUG org.asynchttpclient.netty.channel.ChannelManager - Closing Channel [id: 0xd1e78f21, L:/127.0.0.1:58301 ! R:localhost/127.0.0.1:58293] 
17:54:34.910 [Driver Command Executor] DEBUG org.asynchttpclient.netty.request.NettyRequestSender - Using pooled Channel '[id: 0x79b21e57, L:/127.0.0.1:58292 - R:localhost/127.0.0.1:59434]' for 'DELETE' to 'http://localhost:59434/session/1bcd33a1c89b98b0bc121ae38405c6b5'
17:54:34.910 [Driver Command Executor] DEBUG org.asynchttpclient.netty.request.NettyRequestSender - Using open Channel [id: 0x79b21e57, L:/127.0.0.1:58292 - R:localhost/127.0.0.1:59434] for DELETE '/session/1bcd33a1c89b98b0bc121ae38405c6b5'
17:54:34.941 [AsyncHttpClient-1-12] DEBUG org.asynchttpclient.netty.handler.HttpHandler - Unexpected I/O exception on channel [id: 0x9c8db7c6, L:/127.0.0.1:58300 - R:localhost/127.0.0.1:58293]
java.net.SocketException: Connection reset
	at java.base/sun.nio.ch.SocketChannelImpl.throwConnectionReset(SocketChannelImpl.java:367)
	at java.base/sun.nio.ch.SocketChannelImpl.read(SocketChannelImpl.java:398)
	at io.netty.buffer.PooledByteBuf.setBytes(PooledByteBuf.java:258)
	at io.netty.buffer.AbstractByteBuf.writeBytes(AbstractByteBuf.java:1132)
	at io.netty.channel.socket.nio.NioSocketChannel.doReadBytes(NioSocketChannel.java:350)
	at io.netty.channel.nio.AbstractNioByteChannel$NioByteUnsafe.read(AbstractNioByteChannel.java:151)
	at io.netty.channel.nio.NioEventLoop.processSelectedKey(NioEventLoop.java:722)
	at io.netty.channel.nio.NioEventLoop.processSelectedKeysOptimized(NioEventLoop.java:658)
	at io.netty.channel.nio.NioEventLoop.processSelectedKeys(NioEventLoop.java:584)
	at io.netty.channel.nio.NioEventLoop.run(NioEventLoop.java:496)
	at io.netty.util.concurrent.SingleThreadEventExecutor$4.run(SingleThreadEventExecutor.java:986)
	at io.netty.util.internal.ThreadExecutorMap$2.run(ThreadExecutorMap.java:74)
	at io.netty.util.concurrent.FastThreadLocalRunnable.run(FastThreadLocalRunnable.java:30)
	at java.base/java.lang.Thread.run(Thread.java:832)
17:54:34.941 [AsyncHttpClient-1-12] DEBUG org.asynchttpclient.netty.channel.ChannelManager - Closing Channel [id: 0x9c8db7c6, L:/127.0.0.1:58300 - R:localhost/127.0.0.1:58293] 
17:54:34.941 [AsyncHttpClient-1-12] DEBUG org.asynchttpclient.netty.handler.HttpHandler - Channel Closed: [id: 0x9c8db7c6, L:/127.0.0.1:58300 ! R:localhost/127.0.0.1:58293] with attribute DISCARD
17:54:34.958 [AsyncHttpClient-1-11] DEBUG org.asynchttpclient.netty.handler.HttpHandler - 

Request DefaultFullHttpRequest(decodeResult: success, version: HTTP/1.1, content: EmptyByteBufBE)
DELETE /session/1bcd33a1c89b98b0bc121ae38405c6b5 HTTP/1.1
User-Agent: selenium/4.1.2 (java windows)
Content-Type: application/json; charset=utf-8
host: localhost:59434
accept: */*

Response DefaultHttpResponse(decodeResult: success, version: HTTP/1.1)
HTTP/1.1 200 OK
Content-Type: application/json; charset=utf-8
cache-control: no-cache
content-length: 14

17:54:34.959 [AsyncHttpClient-1-11] DEBUG org.asynchttpclient.netty.channel.ChannelManager - Adding key: http://localhost:59434 for channel [id: 0x79b21e57, L:/127.0.0.1:58292 - R:localhost/127.0.0.1:59434]
17:54:35.073 [AsyncHttpClient-1-11] DEBUG org.asynchttpclient.netty.handler.HttpHandler - Channel Closed: [id: 0x79b21e57, L:/127.0.0.1:58292 ! R:localhost/127.0.0.1:59434] with attribute DISCARD
17:54:35.518 [AsyncHttpClient-1-1] DEBUG org.asynchttpclient.netty.channel.DefaultChannelPool - Entry count for : http://localhost:58293 : 1
17:54:35.518 [AsyncHttpClient-1-1] DEBUG org.asynchttpclient.netty.channel.DefaultChannelPool - Entry count for : http://localhost:59434 : 1
17:54:35.518 [AsyncHttpClient-1-1] DEBUG org.asynchttpclient.netty.channel.DefaultChannelPool - Adding Candidate expired Channel [id: 0x9c8db7c6, L:/127.0.0.1:58300 ! R:localhost/127.0.0.1:58293] isIdleTimeoutExpired=false isRemotelyClosed=true isTtlExpired=false
17:54:35.518 [AsyncHttpClient-1-1] DEBUG org.asynchttpclient.netty.channel.DefaultChannelPool - Closing Idle Channel [id: 0x9c8db7c6, L:/127.0.0.1:58300 ! R:localhost/127.0.0.1:58293]
17:54:35.518 [AsyncHttpClient-1-1] DEBUG org.asynchttpclient.netty.channel.DefaultChannelPool - Adding Candidate expired Channel [id: 0x79b21e57, L:/127.0.0.1:58292 ! R:localhost/127.0.0.1:59434] isIdleTimeoutExpired=false isRemotelyClosed=true isTtlExpired=false
17:54:35.518 [AsyncHttpClient-1-1] DEBUG org.asynchttpclient.netty.channel.DefaultChannelPool - Closing Idle Channel [id: 0x79b21e57, L:/127.0.0.1:58292 ! R:localhost/127.0.0.1:59434]
17:54:35.518 [AsyncHttpClient-1-1] DEBUG org.asynchttpclient.netty.channel.DefaultChannelPool - Closed 2 connections out of 2 in 0 ms
17:54:35.613 [main] INFO  - 
  _____   ___   ___   _____     ___     _     ___   ___   ___   ___  
 |_   _| | __| / __| |_   _|   | _ \   /_\   / __| / __| | __| |   \ 
   | |   | _|  \__ \   | |     |  _/  / _ \  \__ \ \__ \ | _|  | |) |
   |_|   |___| |___/   |_|     |_|   /_/ \_\ |___/ |___/ |___| |___/ 

Open detail product
----------------------------------------------------------------------
]]></system-out>
    <system-err><![CDATA[Starting ChromeDriver 101.0.4951.41 (93c720db8323b3ec10d056025ab95c23a31997c9-refs/branch-heads/4951@{#904}) on port 59434
Only local connections are allowed.
Please see https://chromedriver.chromium.org/security-considerations for suggestions on keeping ChromeDriver safe.
ChromeDriver was started successfully.
May 17, 2022 5:54:29 PM org.openqa.selenium.remote.ProtocolHandshake createSession
INFO: Detected dialect: W3C
May 17, 2022 5:54:30 PM org.openqa.selenium.devtools.CdpVersionFinder findNearestMatch
WARNING: Unable to find an exact match for CDP version 101, so returning the closest version found: 97
May 17, 2022 5:54:30 PM org.openqa.selenium.devtools.CdpVersionFinder findNearestMatch
INFO: Found CDP implementation for version 101 of 97
]]></system-err>
  </testcase>
  <testcase name="Open detail product #3" classname="Detail" time="7.486">
    <system-out><![CDATA[
Scenario Outline: Open detail product       &amp#27;[90m# src/test/resources/features/Detail.feature:15&amp#27;[0m
17:54:35.630 [main] INFO io.cucumber.core.plugin.SerenityReporter - Running feature from file:///E:/Learn/ProjectTestWeb/src/test/resources/features/Detail.feature
17:54:35.653 [main] INFO net.serenitybdd.core.webdriver.driverproviders.ChromeDriverProvider - Using automatically driver download
17:54:35.841 [main] DEBUG io.github.bonigarcia.wdm.cache.ResolutionCache - Resolution chrome=101 in cache (valid until 18:23:13 17/05/2022 ICT)
17:54:35.847 [main] DEBUG io.github.bonigarcia.wdm.cache.ResolutionCache - Resolution chrome101=101.0.4951.41 in cache (valid until 17:23:13 18/05/2022 ICT)
17:54:35.849 [main] INFO io.github.bonigarcia.wdm.WebDriverManager - Using chromedriver 101.0.4951.41 (resolved driver for Chrome 101)
17:54:35.860 [main] DEBUG io.github.bonigarcia.wdm.WebDriverManager - Driver chromedriver 101.0.4951.41 found in cache
17:54:35.861 [main] INFO io.github.bonigarcia.wdm.WebDriverManager - Exporting webdriver.chrome.driver as C:\Users\HP\.cache\selenium\chromedriver\win32\101.0.4951.41\chromedriver.exe
17:54:36.122 [main] DEBUG net.serenitybdd.core.webdriver.driverproviders.ProvideNewDriver - Instantiating driver
17:54:36.122 [main] DEBUG net.serenitybdd.core.webdriver.driverproviders.ProvideNewDriver - Driver capabilities: Capabilities {acceptInsecureCerts: false, base.url: , browserName: chrome, goog:chromeOptions: {args: [], extensions: []}}
17:54:36.677 [AsyncHttpClient-1-14] DEBUG org.asynchttpclient.netty.channel.NettyConnectListener - Using new Channel '[id: 0x05bdd292, L:/127.0.0.1:58321 - R:localhost/127.0.0.1:58921]' for 'POST' to '/session'
17:54:37.534 [AsyncHttpClient-1-14] DEBUG org.asynchttpclient.netty.handler.HttpHandler - 

Request DefaultHttpRequest(decodeResult: success, version: HTTP/1.1)
POST /session HTTP/1.1
User-Agent: selenium/4.1.2 (java windows)
Content-Length: 457
Content-Type: application/json; charset=utf-8
host: localhost:58921
accept: */*

Response DefaultHttpResponse(decodeResult: success, version: HTTP/1.1)
HTTP/1.1 200 OK
Content-Type: application/json; charset=utf-8
cache-control: no-cache
content-length: 785

17:54:37.534 [AsyncHttpClient-1-14] DEBUG org.asynchttpclient.netty.channel.ChannelManager - Adding key: http://localhost:58921 for channel [id: 0x05bdd292, L:/127.0.0.1:58321 - R:localhost/127.0.0.1:58921]
17:54:37.541 [AsyncHttpClient-1-15] DEBUG org.asynchttpclient.netty.channel.NettyConnectListener - Using new Channel '[id: 0xc2b56880, L:/127.0.0.1:58330 - R:localhost/127.0.0.1:58323]' for 'GET' to '/json/version'
17:54:37.547 [AsyncHttpClient-1-15] DEBUG org.asynchttpclient.netty.handler.HttpHandler - 

Request DefaultFullHttpRequest(decodeResult: success, version: HTTP/1.1, content: EmptyByteBufBE)
GET /json/version HTTP/1.1
User-Agent: selenium/4.1.2 (java windows)
host: localhost:58323
accept: */*

Response DefaultHttpResponse(decodeResult: success, version: HTTP/1.1)
HTTP/1.1 200 OK
Content-Type: application/json; charset=UTF-8
content-length: 427

17:54:37.547 [AsyncHttpClient-1-15] DEBUG org.asynchttpclient.netty.channel.ChannelManager - Adding key: http://localhost:58323 for channel [id: 0xc2b56880, L:/127.0.0.1:58330 - R:localhost/127.0.0.1:58323]
17:54:37.552 [AsyncHttpClient-1-16] DEBUG org.asynchttpclient.netty.channel.NettyConnectListener - Using new Channel '[id: 0xaaabe179, L:/127.0.0.1:58331 - R:localhost/127.0.0.1:58323]' for 'GET' to '/devtools/browser/2be420df-2a11-46e9-9c70-912bbe101cd1'
17:54:37.558 [AsyncHttpClient-1-16] DEBUG org.asynchttpclient.netty.handler.WebSocketHandler - 

Request DefaultFullHttpRequest(decodeResult: success, version: HTTP/1.1, content: EmptyByteBufBE)
GET /devtools/browser/2be420df-2a11-46e9-9c70-912bbe101cd1 HTTP/1.1
upgrade: websocket
connection: upgrade
sec-websocket-key: 3hcmyt2bev+yoHV1Yfg2OQ==
sec-websocket-version: 13
origin: http://localhost:58323
host: localhost:58323
accept: */*
user-agent: AHC/2.1

Response DefaultHttpResponse(decodeResult: success, version: HTTP/1.1)
HTTP/1.1 101 WebSocket Protocol Handshake
Upgrade: WebSocket
Connection: Upgrade
Sec-WebSocket-Accept: tx5tNB6g9Q+LpxDj63OSlidkXKg=

17:54:37.564 [Forwarding get on session 252ed7e936d265dd78d36f01980c23b4 to remote] DEBUG org.asynchttpclient.netty.request.NettyRequestSender - Using pooled Channel '[id: 0x05bdd292, L:/127.0.0.1:58321 - R:localhost/127.0.0.1:58921]' for 'POST' to 'http://localhost:58921/session/252ed7e936d265dd78d36f01980c23b4/url'
17:54:37.564 [Forwarding get on session 252ed7e936d265dd78d36f01980c23b4 to remote] DEBUG org.asynchttpclient.netty.request.NettyRequestSender - Using open Channel [id: 0x05bdd292, L:/127.0.0.1:58321 - R:localhost/127.0.0.1:58921] for POST '/session/252ed7e936d265dd78d36f01980c23b4/url'
17:54:37.716 [AsyncHttpClient-1-1] DEBUG org.asynchttpclient.netty.channel.DefaultChannelPool - Entry count for : http://localhost:58323 : 1
17:54:38.684 [AsyncHttpClient-1-14] DEBUG org.asynchttpclient.netty.handler.HttpHandler - 

Request DefaultHttpRequest(decodeResult: success, version: HTTP/1.1)
POST /session/252ed7e936d265dd78d36f01980c23b4/url HTTP/1.1
User-Agent: selenium/4.1.2 (java windows)
Content-Length: 49
Content-Type: application/json; charset=utf-8
host: localhost:58921
accept: */*

Response DefaultHttpResponse(decodeResult: success, version: HTTP/1.1)
HTTP/1.1 200 OK
Content-Type: application/json; charset=utf-8
cache-control: no-cache
content-length: 14

17:54:38.684 [AsyncHttpClient-1-14] DEBUG org.asynchttpclient.netty.channel.ChannelManager - Adding key: http://localhost:58921 for channel [id: 0x05bdd292, L:/127.0.0.1:58321 - R:localhost/127.0.0.1:58921]
17:54:38.686 [Forwarding setTimeout on session 252ed7e936d265dd78d36f01980c23b4 to remote] DEBUG org.asynchttpclient.netty.request.NettyRequestSender - Using pooled Channel '[id: 0x05bdd292, L:/127.0.0.1:58321 - R:localhost/127.0.0.1:58921]' for 'POST' to 'http://localhost:58921/session/252ed7e936d265dd78d36f01980c23b4/timeouts'
17:54:38.686 [Forwarding setTimeout on session 252ed7e936d265dd78d36f01980c23b4 to remote] DEBUG org.asynchttpclient.netty.request.NettyRequestSender - Using open Channel [id: 0x05bdd292, L:/127.0.0.1:58321 - R:localhost/127.0.0.1:58921] for POST '/session/252ed7e936d265dd78d36f01980c23b4/timeouts'
17:54:38.687 [AsyncHttpClient-1-14] DEBUG org.asynchttpclient.netty.handler.HttpHandler - 

Request DefaultHttpRequest(decodeResult: success, version: HTTP/1.1)
POST /session/252ed7e936d265dd78d36f01980c23b4/timeouts HTTP/1.1
User-Agent: selenium/4.1.2 (java windows)
Content-Length: 22
Content-Type: application/json; charset=utf-8
host: localhost:58921
accept: */*

Response DefaultHttpResponse(decodeResult: success, version: HTTP/1.1)
HTTP/1.1 200 OK
Content-Type: application/json; charset=utf-8
cache-control: no-cache
content-length: 14

17:54:38.687 [AsyncHttpClient-1-14] DEBUG org.asynchttpclient.netty.channel.ChannelManager - Adding key: http://localhost:58921 for channel [id: 0x05bdd292, L:/127.0.0.1:58321 - R:localhost/127.0.0.1:58921]
17:54:38.689 [Forwarding getCurrentUrl on session 252ed7e936d265dd78d36f01980c23b4 to remote] DEBUG org.asynchttpclient.netty.request.NettyRequestSender - Using pooled Channel '[id: 0x05bdd292, L:/127.0.0.1:58321 - R:localhost/127.0.0.1:58921]' for 'GET' to 'http://localhost:58921/session/252ed7e936d265dd78d36f01980c23b4/url'
17:54:38.690 [Forwarding getCurrentUrl on session 252ed7e936d265dd78d36f01980c23b4 to remote] DEBUG org.asynchttpclient.netty.request.NettyRequestSender - Using open Channel [id: 0x05bdd292, L:/127.0.0.1:58321 - R:localhost/127.0.0.1:58921] for GET '/session/252ed7e936d265dd78d36f01980c23b4/url'
17:54:38.695 [AsyncHttpClient-1-14] DEBUG org.asynchttpclient.netty.handler.HttpHandler - 

Request DefaultFullHttpRequest(decodeResult: success, version: HTTP/1.1, content: EmptyByteBufBE)
GET /session/252ed7e936d265dd78d36f01980c23b4/url HTTP/1.1
User-Agent: selenium/4.1.2 (java windows)
Cache-Control: no-cache
Content-Type: application/json; charset=utf-8
host: localhost:58921
accept: */*

Response DefaultHttpResponse(decodeResult: success, version: HTTP/1.1)
HTTP/1.1 200 OK
Content-Type: application/json; charset=utf-8
cache-control: no-cache
content-length: 31

17:54:38.695 [AsyncHttpClient-1-14] DEBUG org.asynchttpclient.netty.channel.ChannelManager - Adding key: http://localhost:58921 for channel [id: 0x05bdd292, L:/127.0.0.1:58321 - R:localhost/127.0.0.1:58921]
17:54:38.705 [Forwarding screenshot on session 252ed7e936d265dd78d36f01980c23b4 to remote] DEBUG org.asynchttpclient.netty.request.NettyRequestSender - Using pooled Channel '[id: 0x05bdd292, L:/127.0.0.1:58321 - R:localhost/127.0.0.1:58921]' for 'GET' to 'http://localhost:58921/session/252ed7e936d265dd78d36f01980c23b4/screenshot'
17:54:38.706 [Forwarding screenshot on session 252ed7e936d265dd78d36f01980c23b4 to remote] DEBUG org.asynchttpclient.netty.request.NettyRequestSender - Using open Channel [id: 0x05bdd292, L:/127.0.0.1:58321 - R:localhost/127.0.0.1:58921] for GET '/session/252ed7e936d265dd78d36f01980c23b4/screenshot'
17:54:38.814 [AsyncHttpClient-1-1] DEBUG org.asynchttpclient.netty.channel.DefaultChannelPool - Entry count for : http://localhost:58323 : 1
17:54:39.922 [AsyncHttpClient-1-1] DEBUG org.asynchttpclient.netty.channel.DefaultChannelPool - Entry count for : http://localhost:58323 : 1
17:54:40.514 [AsyncHttpClient-1-14] DEBUG org.asynchttpclient.netty.handler.HttpHandler - 

Request DefaultFullHttpRequest(decodeResult: success, version: HTTP/1.1, content: EmptyByteBufBE)
GET /session/252ed7e936d265dd78d36f01980c23b4/screenshot HTTP/1.1
User-Agent: selenium/4.1.2 (java windows)
Cache-Control: no-cache
Content-Type: application/json; charset=utf-8
host: localhost:58921
accept: */*

Response DefaultHttpResponse(decodeResult: success, version: HTTP/1.1)
HTTP/1.1 200 OK
Content-Type: application/json; charset=utf-8
cache-control: no-cache
content-length: 30808

17:54:40.515 [AsyncHttpClient-1-14] DEBUG org.asynchttpclient.netty.channel.ChannelManager - Adding key: http://localhost:58921 for channel [id: 0x05bdd292, L:/127.0.0.1:58321 - R:localhost/127.0.0.1:58921]
17:54:40.517 [main] DEBUG net.serenitybdd.core.photography.Darkroom - Send negative for processing for target\site\serenity\f93bb3d17ba70e7993fca590bb0f1fe22279c8d06f9edd8b89ad28dfc8ce9314.png
17:54:40.518 [main] DEBUG net.thucydides.core.steps.StepInterceptor - STARTING STEP: CartSteps.iAmOnHomepage - validateSearchBarAppears
17:54:40.518 [Darkroom Processing Line] DEBUG net.serenitybdd.core.photography.DarkroomProcessingLine - Processing screenshot image in /var/screenshots/screenshot-13448913440155579749
17:54:40.518 [Darkroom Processing Line] DEBUG net.serenitybdd.core.photography.DarkroomProcessingLine - Saving screenshot to target\site\serenity\f93bb3d17ba70e7993fca590bb0f1fe22279c8d06f9edd8b89ad28dfc8ce9314.png
17:54:40.520 [Forwarding findElement on session 252ed7e936d265dd78d36f01980c23b4 to remote] DEBUG org.asynchttpclient.netty.request.NettyRequestSender - Using pooled Channel '[id: 0x05bdd292, L:/127.0.0.1:58321 - R:localhost/127.0.0.1:58921]' for 'POST' to 'http://localhost:58921/session/252ed7e936d265dd78d36f01980c23b4/element'
17:54:40.520 [Forwarding findElement on session 252ed7e936d265dd78d36f01980c23b4 to remote] DEBUG org.asynchttpclient.netty.request.NettyRequestSender - Using open Channel [id: 0x05bdd292, L:/127.0.0.1:58321 - R:localhost/127.0.0.1:58921] for POST '/session/252ed7e936d265dd78d36f01980c23b4/element'
17:54:40.547 [AsyncHttpClient-1-14] DEBUG org.asynchttpclient.netty.handler.HttpHandler - 

Request DefaultHttpRequest(decodeResult: success, version: HTTP/1.1)
POST /session/252ed7e936d265dd78d36f01980c23b4/element HTTP/1.1
User-Agent: selenium/4.1.2 (java windows)
Content-Length: 94
Content-Type: application/json; charset=utf-8
host: localhost:58921
accept: */*

Response DefaultHttpResponse(decodeResult: success, version: HTTP/1.1)
HTTP/1.1 200 OK
Content-Type: application/json; charset=utf-8
cache-control: no-cache
content-length: 88

17:54:40.547 [AsyncHttpClient-1-14] DEBUG org.asynchttpclient.netty.channel.ChannelManager - Adding key: http://localhost:58921 for channel [id: 0x05bdd292, L:/127.0.0.1:58321 - R:localhost/127.0.0.1:58921]
17:54:40.553 [Forwarding isElementDisplayed on session 252ed7e936d265dd78d36f01980c23b4 to remote] DEBUG org.asynchttpclient.netty.request.NettyRequestSender - Using pooled Channel '[id: 0x05bdd292, L:/127.0.0.1:58321 - R:localhost/127.0.0.1:58921]' for 'POST' to 'http://localhost:58921/session/252ed7e936d265dd78d36f01980c23b4/execute/sync'
17:54:40.553 [Forwarding isElementDisplayed on session 252ed7e936d265dd78d36f01980c23b4 to remote] DEBUG org.asynchttpclient.netty.request.NettyRequestSender - Using open Channel [id: 0x05bdd292, L:/127.0.0.1:58321 - R:localhost/127.0.0.1:58921] for POST '/session/252ed7e936d265dd78d36f01980c23b4/execute/sync'
17:54:40.571 [AsyncHttpClient-1-14] DEBUG org.asynchttpclient.netty.handler.HttpHandler - 

Request DefaultHttpRequest(decodeResult: success, version: HTTP/1.1)
POST /session/252ed7e936d265dd78d36f01980c23b4/execute/sync HTTP/1.1
User-Agent: selenium/4.1.2 (java windows)
Content-Length: 48780
Content-Type: application/json; charset=utf-8
host: localhost:58921
accept: */*

Response DefaultHttpResponse(decodeResult: success, version: HTTP/1.1)
HTTP/1.1 200 OK
Content-Type: application/json; charset=utf-8
cache-control: no-cache
content-length: 14

17:54:40.571 [AsyncHttpClient-1-14] DEBUG org.asynchttpclient.netty.channel.ChannelManager - Adding key: http://localhost:58921 for channel [id: 0x05bdd292, L:/127.0.0.1:58321 - R:localhost/127.0.0.1:58921]
17:54:40.577 [Forwarding screenshot on session 252ed7e936d265dd78d36f01980c23b4 to remote] DEBUG org.asynchttpclient.netty.request.NettyRequestSender - Using pooled Channel '[id: 0x05bdd292, L:/127.0.0.1:58321 - R:localhost/127.0.0.1:58921]' for 'GET' to 'http://localhost:58921/session/252ed7e936d265dd78d36f01980c23b4/screenshot'
17:54:40.577 [Forwarding screenshot on session 252ed7e936d265dd78d36f01980c23b4 to remote] DEBUG org.asynchttpclient.netty.request.NettyRequestSender - Using open Channel [id: 0x05bdd292, L:/127.0.0.1:58321 - R:localhost/127.0.0.1:58921] for GET '/session/252ed7e936d265dd78d36f01980c23b4/screenshot'
17:54:40.734 [AsyncHttpClient-1-14] DEBUG org.asynchttpclient.netty.handler.HttpHandler - 

Request DefaultFullHttpRequest(decodeResult: success, version: HTTP/1.1, content: EmptyByteBufBE)
GET /session/252ed7e936d265dd78d36f01980c23b4/screenshot HTTP/1.1
User-Agent: selenium/4.1.2 (java windows)
Cache-Control: no-cache
Content-Type: application/json; charset=utf-8
host: localhost:58921
accept: */*

Response DefaultHttpResponse(decodeResult: success, version: HTTP/1.1)
HTTP/1.1 200 OK
Content-Type: application/json; charset=utf-8
cache-control: no-cache
content-length: 72748

17:54:40.734 [AsyncHttpClient-1-14] DEBUG org.asynchttpclient.netty.channel.ChannelManager - Adding key: http://localhost:58921 for channel [id: 0x05bdd292, L:/127.0.0.1:58321 - R:localhost/127.0.0.1:58921]
17:54:40.737 [main] DEBUG net.serenitybdd.core.photography.Darkroom - Send negative for processing for target\site\serenity\5a2ea1089878690bed55cf8882c0da436af8e6ee560e77877b5a34785ff9358e.png
17:54:40.737 [main] DEBUG net.thucydides.core.steps.StepInterceptor - STEP DONE: validateSearchBarAppears
17:54:40.742 [main] DEBUG net.thucydides.core.steps.StepInterceptor - STARTING STEP: CartSteps.iAmOnHomepage - validateHeaderHomepageEqual
17:54:40.744 [Forwarding findElement on session 252ed7e936d265dd78d36f01980c23b4 to remote] DEBUG org.asynchttpclient.netty.request.NettyRequestSender - Using pooled Channel '[id: 0x05bdd292, L:/127.0.0.1:58321 - R:localhost/127.0.0.1:58921]' for 'POST' to 'http://localhost:58921/session/252ed7e936d265dd78d36f01980c23b4/element'
17:54:40.744 [Forwarding findElement on session 252ed7e936d265dd78d36f01980c23b4 to remote] DEBUG org.asynchttpclient.netty.request.NettyRequestSender - Using open Channel [id: 0x05bdd292, L:/127.0.0.1:58321 - R:localhost/127.0.0.1:58921] for POST '/session/252ed7e936d265dd78d36f01980c23b4/element'
17:54:40.757 [AsyncHttpClient-1-14] DEBUG org.asynchttpclient.netty.handler.HttpHandler - 

Request DefaultHttpRequest(decodeResult: success, version: HTTP/1.1)
POST /session/252ed7e936d265dd78d36f01980c23b4/element HTTP/1.1
User-Agent: selenium/4.1.2 (java windows)
Content-Length: 111
Content-Type: application/json; charset=utf-8
host: localhost:58921
accept: */*

Response DefaultHttpResponse(decodeResult: success, version: HTTP/1.1)
HTTP/1.1 200 OK
Content-Type: application/json; charset=utf-8
cache-control: no-cache
content-length: 88

17:54:40.757 [AsyncHttpClient-1-14] DEBUG org.asynchttpclient.netty.channel.ChannelManager - Adding key: http://localhost:58921 for channel [id: 0x05bdd292, L:/127.0.0.1:58321 - R:localhost/127.0.0.1:58921]
17:54:40.758 [Forwarding getElementText on session 252ed7e936d265dd78d36f01980c23b4 to remote] DEBUG org.asynchttpclient.netty.request.NettyRequestSender - Using pooled Channel '[id: 0x05bdd292, L:/127.0.0.1:58321 - R:localhost/127.0.0.1:58921]' for 'GET' to 'http://localhost:58921/session/252ed7e936d265dd78d36f01980c23b4/element/d9186fef-89d6-4681-8867-af9eabb4e044/text'
17:54:40.758 [Forwarding getElementText on session 252ed7e936d265dd78d36f01980c23b4 to remote] DEBUG org.asynchttpclient.netty.request.NettyRequestSender - Using open Channel [id: 0x05bdd292, L:/127.0.0.1:58321 - R:localhost/127.0.0.1:58921] for GET '/session/252ed7e936d265dd78d36f01980c23b4/element/d9186fef-89d6-4681-8867-af9eabb4e044/text'
17:54:40.773 [AsyncHttpClient-1-14] DEBUG org.asynchttpclient.netty.handler.HttpHandler - 

Request DefaultFullHttpRequest(decodeResult: success, version: HTTP/1.1, content: EmptyByteBufBE)
GET /session/252ed7e936d265dd78d36f01980c23b4/element/d9186fef-89d6-4681-8867-af9eabb4e044/text HTTP/1.1
User-Agent: selenium/4.1.2 (java windows)
Cache-Control: no-cache
Content-Type: application/json; charset=utf-8
host: localhost:58921
accept: */*

Response DefaultHttpResponse(decodeResult: success, version: HTTP/1.1)
HTTP/1.1 200 OK
Content-Type: application/json; charset=utf-8
cache-control: no-cache
content-length: 20

17:54:40.773 [AsyncHttpClient-1-14] DEBUG org.asynchttpclient.netty.channel.ChannelManager - Adding key: http://localhost:58921 for channel [id: 0x05bdd292, L:/127.0.0.1:58321 - R:localhost/127.0.0.1:58921]
17:54:40.777 [main] DEBUG net.thucydides.core.steps.StepInterceptor - STEP DONE: validateHeaderHomepageEqual
  &amp#27;[32mGiven &amp#27;[0m&amp#27;[32mI am on homepage&amp#27;[0m                    &amp#27;[90m# starter.stepdefinitions.CartSteps.iAmOnHomepage()&amp#27;[0m
17:54:40.788 [Forwarding screenshot on session 252ed7e936d265dd78d36f01980c23b4 to remote] DEBUG org.asynchttpclient.netty.request.NettyRequestSender - Using pooled Channel '[id: 0x05bdd292, L:/127.0.0.1:58321 - R:localhost/127.0.0.1:58921]' for 'GET' to 'http://localhost:58921/session/252ed7e936d265dd78d36f01980c23b4/screenshot'
17:54:40.788 [Forwarding screenshot on session 252ed7e936d265dd78d36f01980c23b4 to remote] DEBUG org.asynchttpclient.netty.request.NettyRequestSender - Using open Channel [id: 0x05bdd292, L:/127.0.0.1:58321 - R:localhost/127.0.0.1:58921] for GET '/session/252ed7e936d265dd78d36f01980c23b4/screenshot'
17:54:40.924 [AsyncHttpClient-1-14] DEBUG org.asynchttpclient.netty.handler.HttpHandler - 

Request DefaultFullHttpRequest(decodeResult: success, version: HTTP/1.1, content: EmptyByteBufBE)
GET /session/252ed7e936d265dd78d36f01980c23b4/screenshot HTTP/1.1
User-Agent: selenium/4.1.2 (java windows)
Cache-Control: no-cache
Content-Type: application/json; charset=utf-8
host: localhost:58921
accept: */*

Response DefaultHttpResponse(decodeResult: success, version: HTTP/1.1)
HTTP/1.1 200 OK
Content-Type: application/json; charset=utf-8
cache-control: no-cache
content-length: 72748

17:54:40.924 [AsyncHttpClient-1-14] DEBUG org.asynchttpclient.netty.channel.ChannelManager - Adding key: http://localhost:58921 for channel [id: 0x05bdd292, L:/127.0.0.1:58321 - R:localhost/127.0.0.1:58921]
17:54:40.928 [main] DEBUG net.serenitybdd.core.photography.Darkroom - Send negative for processing for target\site\serenity\5a2ea1089878690bed55cf8882c0da436af8e6ee560e77877b5a34785ff9358e.png
17:54:40.943 [main] DEBUG net.thucydides.core.steps.StepInterceptor - STARTING STEP: DetailSteps.iGetDetailInCardProduct - getDetailNameInCard
17:54:40.945 [Forwarding findElement on session 252ed7e936d265dd78d36f01980c23b4 to remote] DEBUG org.asynchttpclient.netty.request.NettyRequestSender - Using pooled Channel '[id: 0x05bdd292, L:/127.0.0.1:58321 - R:localhost/127.0.0.1:58921]' for 'POST' to 'http://localhost:58921/session/252ed7e936d265dd78d36f01980c23b4/element'
17:54:40.945 [Forwarding findElement on session 252ed7e936d265dd78d36f01980c23b4 to remote] DEBUG org.asynchttpclient.netty.request.NettyRequestSender - Using open Channel [id: 0x05bdd292, L:/127.0.0.1:58321 - R:localhost/127.0.0.1:58921] for POST '/session/252ed7e936d265dd78d36f01980c23b4/element'
17:54:40.968 [AsyncHttpClient-1-14] DEBUG org.asynchttpclient.netty.handler.HttpHandler - 

Request DefaultHttpRequest(decodeResult: success, version: HTTP/1.1)
POST /session/252ed7e936d265dd78d36f01980c23b4/element HTTP/1.1
User-Agent: selenium/4.1.2 (java windows)
Content-Length: 120
Content-Type: application/json; charset=utf-8
host: localhost:58921
accept: */*

Response DefaultHttpResponse(decodeResult: success, version: HTTP/1.1)
HTTP/1.1 200 OK
Content-Type: application/json; charset=utf-8
cache-control: no-cache
content-length: 88

17:54:40.968 [AsyncHttpClient-1-14] DEBUG org.asynchttpclient.netty.channel.ChannelManager - Adding key: http://localhost:58921 for channel [id: 0x05bdd292, L:/127.0.0.1:58321 - R:localhost/127.0.0.1:58921]
17:54:40.969 [Forwarding getElementText on session 252ed7e936d265dd78d36f01980c23b4 to remote] DEBUG org.asynchttpclient.netty.request.NettyRequestSender - Using pooled Channel '[id: 0x05bdd292, L:/127.0.0.1:58321 - R:localhost/127.0.0.1:58921]' for 'GET' to 'http://localhost:58921/session/252ed7e936d265dd78d36f01980c23b4/element/b13946ab-d87a-4531-94b7-7263870544a3/text'
17:54:40.969 [Forwarding getElementText on session 252ed7e936d265dd78d36f01980c23b4 to remote] DEBUG org.asynchttpclient.netty.request.NettyRequestSender - Using open Channel [id: 0x05bdd292, L:/127.0.0.1:58321 - R:localhost/127.0.0.1:58921] for GET '/session/252ed7e936d265dd78d36f01980c23b4/element/b13946ab-d87a-4531-94b7-7263870544a3/text'
17:54:40.984 [AsyncHttpClient-1-14] DEBUG org.asynchttpclient.netty.handler.HttpHandler - 

Request DefaultFullHttpRequest(decodeResult: success, version: HTTP/1.1, content: EmptyByteBufBE)
GET /session/252ed7e936d265dd78d36f01980c23b4/element/b13946ab-d87a-4531-94b7-7263870544a3/text HTTP/1.1
User-Agent: selenium/4.1.2 (java windows)
Cache-Control: no-cache
Content-Type: application/json; charset=utf-8
host: localhost:58921
accept: */*

Response DefaultHttpResponse(decodeResult: success, version: HTTP/1.1)
HTTP/1.1 200 OK
Content-Type: application/json; charset=utf-8
cache-control: no-cache
content-length: 32

17:54:40.984 [AsyncHttpClient-1-14] DEBUG org.asynchttpclient.netty.channel.ChannelManager - Adding key: http://localhost:58921 for channel [id: 0x05bdd292, L:/127.0.0.1:58321 - R:localhost/127.0.0.1:58921]
Tensi Darah Elektrik
17:54:40.990 [Forwarding screenshot on session 252ed7e936d265dd78d36f01980c23b4 to remote] DEBUG org.asynchttpclient.netty.request.NettyRequestSender - Using pooled Channel '[id: 0x05bdd292, L:/127.0.0.1:58321 - R:localhost/127.0.0.1:58921]' for 'GET' to 'http://localhost:58921/session/252ed7e936d265dd78d36f01980c23b4/screenshot'
17:54:40.990 [Forwarding screenshot on session 252ed7e936d265dd78d36f01980c23b4 to remote] DEBUG org.asynchttpclient.netty.request.NettyRequestSender - Using open Channel [id: 0x05bdd292, L:/127.0.0.1:58321 - R:localhost/127.0.0.1:58921] for GET '/session/252ed7e936d265dd78d36f01980c23b4/screenshot'
17:54:41.017 [AsyncHttpClient-1-1] DEBUG org.asynchttpclient.netty.channel.DefaultChannelPool - Entry count for : http://localhost:58323 : 1
17:54:41.160 [AsyncHttpClient-1-14] DEBUG org.asynchttpclient.netty.handler.HttpHandler - 

Request DefaultFullHttpRequest(decodeResult: success, version: HTTP/1.1, content: EmptyByteBufBE)
GET /session/252ed7e936d265dd78d36f01980c23b4/screenshot HTTP/1.1
User-Agent: selenium/4.1.2 (java windows)
Cache-Control: no-cache
Content-Type: application/json; charset=utf-8
host: localhost:58921
accept: */*

Response DefaultHttpResponse(decodeResult: success, version: HTTP/1.1)
HTTP/1.1 200 OK
Content-Type: application/json; charset=utf-8
cache-control: no-cache
content-length: 72748

17:54:41.160 [AsyncHttpClient-1-14] DEBUG org.asynchttpclient.netty.channel.ChannelManager - Adding key: http://localhost:58921 for channel [id: 0x05bdd292, L:/127.0.0.1:58321 - R:localhost/127.0.0.1:58921]
17:54:41.163 [main] DEBUG net.serenitybdd.core.photography.Darkroom - Send negative for processing for target\site\serenity\5a2ea1089878690bed55cf8882c0da436af8e6ee560e77877b5a34785ff9358e.png
17:54:41.163 [main] DEBUG net.thucydides.core.steps.StepInterceptor - STEP DONE: getDetailNameInCard
17:54:41.169 [main] DEBUG net.thucydides.core.steps.StepInterceptor - STARTING STEP: DetailSteps.iGetDetailInCardProduct - getDetailPriceInCard
17:54:41.172 [Forwarding findElement on session 252ed7e936d265dd78d36f01980c23b4 to remote] DEBUG org.asynchttpclient.netty.request.NettyRequestSender - Using pooled Channel '[id: 0x05bdd292, L:/127.0.0.1:58321 - R:localhost/127.0.0.1:58921]' for 'POST' to 'http://localhost:58921/session/252ed7e936d265dd78d36f01980c23b4/element'
17:54:41.172 [Forwarding findElement on session 252ed7e936d265dd78d36f01980c23b4 to remote] DEBUG org.asynchttpclient.netty.request.NettyRequestSender - Using open Channel [id: 0x05bdd292, L:/127.0.0.1:58321 - R:localhost/127.0.0.1:58921] for POST '/session/252ed7e936d265dd78d36f01980c23b4/element'
17:54:41.193 [AsyncHttpClient-1-14] DEBUG org.asynchttpclient.netty.handler.HttpHandler - 

Request DefaultHttpRequest(decodeResult: success, version: HTTP/1.1)
POST /session/252ed7e936d265dd78d36f01980c23b4/element HTTP/1.1
User-Agent: selenium/4.1.2 (java windows)
Content-Length: 154
Content-Type: application/json; charset=utf-8
host: localhost:58921
accept: */*

Response DefaultHttpResponse(decodeResult: success, version: HTTP/1.1)
HTTP/1.1 200 OK
Content-Type: application/json; charset=utf-8
cache-control: no-cache
content-length: 88

17:54:41.193 [AsyncHttpClient-1-14] DEBUG org.asynchttpclient.netty.channel.ChannelManager - Adding key: http://localhost:58921 for channel [id: 0x05bdd292, L:/127.0.0.1:58321 - R:localhost/127.0.0.1:58921]
17:54:41.194 [Forwarding getElementText on session 252ed7e936d265dd78d36f01980c23b4 to remote] DEBUG org.asynchttpclient.netty.request.NettyRequestSender - Using pooled Channel '[id: 0x05bdd292, L:/127.0.0.1:58321 - R:localhost/127.0.0.1:58921]' for 'GET' to 'http://localhost:58921/session/252ed7e936d265dd78d36f01980c23b4/element/594a50b0-133d-4e8b-9d71-0ff97caa633c/text'
17:54:41.195 [Forwarding getElementText on session 252ed7e936d265dd78d36f01980c23b4 to remote] DEBUG org.asynchttpclient.netty.request.NettyRequestSender - Using open Channel [id: 0x05bdd292, L:/127.0.0.1:58321 - R:localhost/127.0.0.1:58921] for GET '/session/252ed7e936d265dd78d36f01980c23b4/element/594a50b0-133d-4e8b-9d71-0ff97caa633c/text'
17:54:41.210 [AsyncHttpClient-1-14] DEBUG org.asynchttpclient.netty.handler.HttpHandler - 

Request DefaultFullHttpRequest(decodeResult: success, version: HTTP/1.1, content: EmptyByteBufBE)
GET /session/252ed7e936d265dd78d36f01980c23b4/element/594a50b0-133d-4e8b-9d71-0ff97caa633c/text HTTP/1.1
User-Agent: selenium/4.1.2 (java windows)
Cache-Control: no-cache
Content-Type: application/json; charset=utf-8
host: localhost:58921
accept: */*

Response DefaultHttpResponse(decodeResult: success, version: HTTP/1.1)
HTTP/1.1 200 OK
Content-Type: application/json; charset=utf-8
cache-control: no-cache
content-length: 19

17:54:41.210 [AsyncHttpClient-1-14] DEBUG org.asynchttpclient.netty.channel.ChannelManager - Adding key: http://localhost:58921 for channel [id: 0x05bdd292, L:/127.0.0.1:58321 - R:localhost/127.0.0.1:58921]
240.000
17:54:41.216 [Forwarding screenshot on session 252ed7e936d265dd78d36f01980c23b4 to remote] DEBUG org.asynchttpclient.netty.request.NettyRequestSender - Using pooled Channel '[id: 0x05bdd292, L:/127.0.0.1:58321 - R:localhost/127.0.0.1:58921]' for 'GET' to 'http://localhost:58921/session/252ed7e936d265dd78d36f01980c23b4/screenshot'
17:54:41.216 [Forwarding screenshot on session 252ed7e936d265dd78d36f01980c23b4 to remote] DEBUG org.asynchttpclient.netty.request.NettyRequestSender - Using open Channel [id: 0x05bdd292, L:/127.0.0.1:58321 - R:localhost/127.0.0.1:58921] for GET '/session/252ed7e936d265dd78d36f01980c23b4/screenshot'
17:54:41.358 [AsyncHttpClient-1-14] DEBUG org.asynchttpclient.netty.handler.HttpHandler - 

Request DefaultFullHttpRequest(decodeResult: success, version: HTTP/1.1, content: EmptyByteBufBE)
GET /session/252ed7e936d265dd78d36f01980c23b4/screenshot HTTP/1.1
User-Agent: selenium/4.1.2 (java windows)
Cache-Control: no-cache
Content-Type: application/json; charset=utf-8
host: localhost:58921
accept: */*

Response DefaultHttpResponse(decodeResult: success, version: HTTP/1.1)
HTTP/1.1 200 OK
Content-Type: application/json; charset=utf-8
cache-control: no-cache
content-length: 72748

17:54:41.358 [AsyncHttpClient-1-14] DEBUG org.asynchttpclient.netty.channel.ChannelManager - Adding key: http://localhost:58921 for channel [id: 0x05bdd292, L:/127.0.0.1:58321 - R:localhost/127.0.0.1:58921]
17:54:41.363 [main] DEBUG net.serenitybdd.core.photography.Darkroom - Send negative for processing for target\site\serenity\5a2ea1089878690bed55cf8882c0da436af8e6ee560e77877b5a34785ff9358e.png
17:54:41.363 [main] DEBUG net.thucydides.core.steps.StepInterceptor - STEP DONE: getDetailPriceInCard
  &amp#27;[32mWhen &amp#27;[0m&amp#27;[32mI get detail in card &amp#27;[0m&amp#27;[32m&amp#27;[1m30&amp#27;[0m              &amp#27;[90m# starter.stepdefinitions.DetailSteps.iGetDetailInCardProduct(int)&amp#27;[0m
17:54:41.385 [main] DEBUG net.thucydides.core.steps.StepInterceptor - STARTING STEP: DetailSteps.iClickDetailButton - clickDetailButton
17:54:41.390 [Forwarding findElement on session 252ed7e936d265dd78d36f01980c23b4 to remote] DEBUG org.asynchttpclient.netty.request.NettyRequestSender - Using pooled Channel '[id: 0x05bdd292, L:/127.0.0.1:58321 - R:localhost/127.0.0.1:58921]' for 'POST' to 'http://localhost:58921/session/252ed7e936d265dd78d36f01980c23b4/element'
17:54:41.390 [Forwarding findElement on session 252ed7e936d265dd78d36f01980c23b4 to remote] DEBUG org.asynchttpclient.netty.request.NettyRequestSender - Using open Channel [id: 0x05bdd292, L:/127.0.0.1:58321 - R:localhost/127.0.0.1:58921] for POST '/session/252ed7e936d265dd78d36f01980c23b4/element'
17:54:41.414 [AsyncHttpClient-1-14] DEBUG org.asynchttpclient.netty.handler.HttpHandler - 

Request DefaultHttpRequest(decodeResult: success, version: HTTP/1.1)
POST /session/252ed7e936d265dd78d36f01980c23b4/element HTTP/1.1
User-Agent: selenium/4.1.2 (java windows)
Content-Length: 125
Content-Type: application/json; charset=utf-8
host: localhost:58921
accept: */*

Response DefaultHttpResponse(decodeResult: success, version: HTTP/1.1)
HTTP/1.1 200 OK
Content-Type: application/json; charset=utf-8
cache-control: no-cache
content-length: 88

17:54:41.414 [AsyncHttpClient-1-14] DEBUG org.asynchttpclient.netty.channel.ChannelManager - Adding key: http://localhost:58921 for channel [id: 0x05bdd292, L:/127.0.0.1:58321 - R:localhost/127.0.0.1:58921]
17:54:41.416 [Forwarding getElementTagName on session 252ed7e936d265dd78d36f01980c23b4 to remote] DEBUG org.asynchttpclient.netty.request.NettyRequestSender - Using pooled Channel '[id: 0x05bdd292, L:/127.0.0.1:58321 - R:localhost/127.0.0.1:58921]' for 'GET' to 'http://localhost:58921/session/252ed7e936d265dd78d36f01980c23b4/element/cc02dbaf-6eb9-4aa4-9a95-1335b7671eef/name'
17:54:41.416 [Forwarding getElementTagName on session 252ed7e936d265dd78d36f01980c23b4 to remote] DEBUG org.asynchttpclient.netty.request.NettyRequestSender - Using open Channel [id: 0x05bdd292, L:/127.0.0.1:58321 - R:localhost/127.0.0.1:58921] for GET '/session/252ed7e936d265dd78d36f01980c23b4/element/cc02dbaf-6eb9-4aa4-9a95-1335b7671eef/name'
17:54:41.421 [AsyncHttpClient-1-14] DEBUG org.asynchttpclient.netty.handler.HttpHandler - 

Request DefaultFullHttpRequest(decodeResult: success, version: HTTP/1.1, content: EmptyByteBufBE)
GET /session/252ed7e936d265dd78d36f01980c23b4/element/cc02dbaf-6eb9-4aa4-9a95-1335b7671eef/name HTTP/1.1
User-Agent: selenium/4.1.2 (java windows)
Cache-Control: no-cache
Content-Type: application/json; charset=utf-8
host: localhost:58921
accept: */*

Response DefaultHttpResponse(decodeResult: success, version: HTTP/1.1)
HTTP/1.1 200 OK
Content-Type: application/json; charset=utf-8
cache-control: no-cache
content-length: 16

17:54:41.422 [AsyncHttpClient-1-14] DEBUG org.asynchttpclient.netty.channel.ChannelManager - Adding key: http://localhost:58921 for channel [id: 0x05bdd292, L:/127.0.0.1:58321 - R:localhost/127.0.0.1:58921]
17:54:41.423 [Forwarding getElementTagName on session 252ed7e936d265dd78d36f01980c23b4 to remote] DEBUG org.asynchttpclient.netty.request.NettyRequestSender - Using pooled Channel '[id: 0x05bdd292, L:/127.0.0.1:58321 - R:localhost/127.0.0.1:58921]' for 'GET' to 'http://localhost:58921/session/252ed7e936d265dd78d36f01980c23b4/element/cc02dbaf-6eb9-4aa4-9a95-1335b7671eef/name'
17:54:41.424 [Forwarding getElementTagName on session 252ed7e936d265dd78d36f01980c23b4 to remote] DEBUG org.asynchttpclient.netty.request.NettyRequestSender - Using open Channel [id: 0x05bdd292, L:/127.0.0.1:58321 - R:localhost/127.0.0.1:58921] for GET '/session/252ed7e936d265dd78d36f01980c23b4/element/cc02dbaf-6eb9-4aa4-9a95-1335b7671eef/name'
17:54:41.429 [AsyncHttpClient-1-14] DEBUG org.asynchttpclient.netty.handler.HttpHandler - 

Request DefaultFullHttpRequest(decodeResult: success, version: HTTP/1.1, content: EmptyByteBufBE)
GET /session/252ed7e936d265dd78d36f01980c23b4/element/cc02dbaf-6eb9-4aa4-9a95-1335b7671eef/name HTTP/1.1
User-Agent: selenium/4.1.2 (java windows)
Cache-Control: no-cache
Content-Type: application/json; charset=utf-8
host: localhost:58921
accept: */*

Response DefaultHttpResponse(decodeResult: success, version: HTTP/1.1)
HTTP/1.1 200 OK
Content-Type: application/json; charset=utf-8
cache-control: no-cache
content-length: 16

17:54:41.429 [AsyncHttpClient-1-14] DEBUG org.asynchttpclient.netty.channel.ChannelManager - Adding key: http://localhost:58921 for channel [id: 0x05bdd292, L:/127.0.0.1:58321 - R:localhost/127.0.0.1:58921]
17:54:41.431 [Forwarding findElement on session 252ed7e936d265dd78d36f01980c23b4 to remote] DEBUG org.asynchttpclient.netty.request.NettyRequestSender - Using pooled Channel '[id: 0x05bdd292, L:/127.0.0.1:58321 - R:localhost/127.0.0.1:58921]' for 'POST' to 'http://localhost:58921/session/252ed7e936d265dd78d36f01980c23b4/element'
17:54:41.431 [Forwarding findElement on session 252ed7e936d265dd78d36f01980c23b4 to remote] DEBUG org.asynchttpclient.netty.request.NettyRequestSender - Using open Channel [id: 0x05bdd292, L:/127.0.0.1:58321 - R:localhost/127.0.0.1:58921] for POST '/session/252ed7e936d265dd78d36f01980c23b4/element'
17:54:41.449 [AsyncHttpClient-1-14] DEBUG org.asynchttpclient.netty.handler.HttpHandler - 

Request DefaultHttpRequest(decodeResult: success, version: HTTP/1.1)
POST /session/252ed7e936d265dd78d36f01980c23b4/element HTTP/1.1
User-Agent: selenium/4.1.2 (java windows)
Content-Length: 125
Content-Type: application/json; charset=utf-8
host: localhost:58921
accept: */*

Response DefaultHttpResponse(decodeResult: success, version: HTTP/1.1)
HTTP/1.1 200 OK
Content-Type: application/json; charset=utf-8
cache-control: no-cache
content-length: 88

17:54:41.450 [AsyncHttpClient-1-14] DEBUG org.asynchttpclient.netty.channel.ChannelManager - Adding key: http://localhost:58921 for channel [id: 0x05bdd292, L:/127.0.0.1:58321 - R:localhost/127.0.0.1:58921]
17:54:41.452 [Forwarding clickElement on session 252ed7e936d265dd78d36f01980c23b4 to remote] DEBUG org.asynchttpclient.netty.request.NettyRequestSender - Using pooled Channel '[id: 0x05bdd292, L:/127.0.0.1:58321 - R:localhost/127.0.0.1:58921]' for 'POST' to 'http://localhost:58921/session/252ed7e936d265dd78d36f01980c23b4/element/cc02dbaf-6eb9-4aa4-9a95-1335b7671eef/click'
17:54:41.452 [Forwarding clickElement on session 252ed7e936d265dd78d36f01980c23b4 to remote] DEBUG org.asynchttpclient.netty.request.NettyRequestSender - Using open Channel [id: 0x05bdd292, L:/127.0.0.1:58321 - R:localhost/127.0.0.1:58921] for POST '/session/252ed7e936d265dd78d36f01980c23b4/element/cc02dbaf-6eb9-4aa4-9a95-1335b7671eef/click'
17:54:41.544 [AsyncHttpClient-1-14] DEBUG org.asynchttpclient.netty.handler.HttpHandler - 

Request DefaultHttpRequest(decodeResult: success, version: HTTP/1.1)
POST /session/252ed7e936d265dd78d36f01980c23b4/element/cc02dbaf-6eb9-4aa4-9a95-1335b7671eef/click HTTP/1.1
User-Agent: selenium/4.1.2 (java windows)
Content-Length: 50
Content-Type: application/json; charset=utf-8
host: localhost:58921
accept: */*

Response DefaultHttpResponse(decodeResult: success, version: HTTP/1.1)
HTTP/1.1 200 OK
Content-Type: application/json; charset=utf-8
cache-control: no-cache
content-length: 14

17:54:41.544 [AsyncHttpClient-1-14] DEBUG org.asynchttpclient.netty.channel.ChannelManager - Adding key: http://localhost:58921 for channel [id: 0x05bdd292, L:/127.0.0.1:58321 - R:localhost/127.0.0.1:58921]
17:54:41.552 [Forwarding screenshot on session 252ed7e936d265dd78d36f01980c23b4 to remote] DEBUG org.asynchttpclient.netty.request.NettyRequestSender - Using pooled Channel '[id: 0x05bdd292, L:/127.0.0.1:58321 - R:localhost/127.0.0.1:58921]' for 'GET' to 'http://localhost:58921/session/252ed7e936d265dd78d36f01980c23b4/screenshot'
17:54:41.553 [Forwarding screenshot on session 252ed7e936d265dd78d36f01980c23b4 to remote] DEBUG org.asynchttpclient.netty.request.NettyRequestSender - Using open Channel [id: 0x05bdd292, L:/127.0.0.1:58321 - R:localhost/127.0.0.1:58921] for GET '/session/252ed7e936d265dd78d36f01980c23b4/screenshot'
17:54:41.973 [AsyncHttpClient-1-14] DEBUG org.asynchttpclient.netty.handler.HttpHandler - 

Request DefaultFullHttpRequest(decodeResult: success, version: HTTP/1.1, content: EmptyByteBufBE)
GET /session/252ed7e936d265dd78d36f01980c23b4/screenshot HTTP/1.1
User-Agent: selenium/4.1.2 (java windows)
Cache-Control: no-cache
Content-Type: application/json; charset=utf-8
host: localhost:58921
accept: */*

Response DefaultHttpResponse(decodeResult: success, version: HTTP/1.1)
HTTP/1.1 200 OK
Content-Type: application/json; charset=utf-8
cache-control: no-cache
content-length: 37104

17:54:41.974 [AsyncHttpClient-1-14] DEBUG org.asynchttpclient.netty.channel.ChannelManager - Adding key: http://localhost:58921 for channel [id: 0x05bdd292, L:/127.0.0.1:58321 - R:localhost/127.0.0.1:58921]
17:54:41.978 [main] DEBUG net.serenitybdd.core.photography.Darkroom - Send negative for processing for target\site\serenity\cd8f2eb35e7bb71d2f501febaf006f0525fc5ea4aa6e005afd87ed991957e982.png
17:54:41.978 [main] DEBUG net.thucydides.core.steps.StepInterceptor - STEP DONE: clickDetailButton
  &amp#27;[32mAnd &amp#27;[0m&amp#27;[32mI click detail button &amp#27;[0m&amp#27;[32m&amp#27;[1m30&amp#27;[0m              &amp#27;[90m# starter.stepdefinitions.DetailSteps.iClickDetailButton(int)&amp#27;[0m
17:54:41.978 [Darkroom Processing Line] DEBUG net.serenitybdd.core.photography.DarkroomProcessingLine - Processing screenshot image in /var/screenshots/screenshot-12621869276846455940
17:54:41.978 [Darkroom Processing Line] DEBUG net.serenitybdd.core.photography.DarkroomProcessingLine - Saving screenshot to target\site\serenity\cd8f2eb35e7bb71d2f501febaf006f0525fc5ea4aa6e005afd87ed991957e982.png
17:54:41.998 [main] DEBUG net.thucydides.core.steps.StepInterceptor - STARTING STEP: DetailSteps.iValidateTheDetailProduct - validateProductName
17:54:42.001 [Forwarding findElement on session 252ed7e936d265dd78d36f01980c23b4 to remote] DEBUG org.asynchttpclient.netty.request.NettyRequestSender - Using pooled Channel '[id: 0x05bdd292, L:/127.0.0.1:58321 - R:localhost/127.0.0.1:58921]' for 'POST' to 'http://localhost:58921/session/252ed7e936d265dd78d36f01980c23b4/element'
17:54:42.002 [Forwarding findElement on session 252ed7e936d265dd78d36f01980c23b4 to remote] DEBUG org.asynchttpclient.netty.request.NettyRequestSender - Using open Channel [id: 0x05bdd292, L:/127.0.0.1:58321 - R:localhost/127.0.0.1:58921] for POST '/session/252ed7e936d265dd78d36f01980c23b4/element'
17:54:42.016 [AsyncHttpClient-1-14] DEBUG org.asynchttpclient.netty.handler.HttpHandler - 

Request DefaultHttpRequest(decodeResult: success, version: HTTP/1.1)
POST /session/252ed7e936d265dd78d36f01980c23b4/element HTTP/1.1
User-Agent: selenium/4.1.2 (java windows)
Content-Length: 91
Content-Type: application/json; charset=utf-8
host: localhost:58921
accept: */*

Response DefaultHttpResponse(decodeResult: success, version: HTTP/1.1)
HTTP/1.1 200 OK
Content-Type: application/json; charset=utf-8
cache-control: no-cache
content-length: 88

17:54:42.017 [AsyncHttpClient-1-14] DEBUG org.asynchttpclient.netty.channel.ChannelManager - Adding key: http://localhost:58921 for channel [id: 0x05bdd292, L:/127.0.0.1:58321 - R:localhost/127.0.0.1:58921]
17:54:42.018 [Forwarding getElementText on session 252ed7e936d265dd78d36f01980c23b4 to remote] DEBUG org.asynchttpclient.netty.request.NettyRequestSender - Using pooled Channel '[id: 0x05bdd292, L:/127.0.0.1:58321 - R:localhost/127.0.0.1:58921]' for 'GET' to 'http://localhost:58921/session/252ed7e936d265dd78d36f01980c23b4/element/b1d17067-bc79-4533-8713-cc3dc0ad9b9a/text'
17:54:42.018 [Forwarding getElementText on session 252ed7e936d265dd78d36f01980c23b4 to remote] DEBUG org.asynchttpclient.netty.request.NettyRequestSender - Using open Channel [id: 0x05bdd292, L:/127.0.0.1:58321 - R:localhost/127.0.0.1:58921] for GET '/session/252ed7e936d265dd78d36f01980c23b4/element/b1d17067-bc79-4533-8713-cc3dc0ad9b9a/text'
17:54:42.035 [AsyncHttpClient-1-14] DEBUG org.asynchttpclient.netty.handler.HttpHandler - 

Request DefaultFullHttpRequest(decodeResult: success, version: HTTP/1.1, content: EmptyByteBufBE)
GET /session/252ed7e936d265dd78d36f01980c23b4/element/b1d17067-bc79-4533-8713-cc3dc0ad9b9a/text HTTP/1.1
User-Agent: selenium/4.1.2 (java windows)
Cache-Control: no-cache
Content-Type: application/json; charset=utf-8
host: localhost:58921
accept: */*

Response DefaultHttpResponse(decodeResult: success, version: HTTP/1.1)
HTTP/1.1 200 OK
Content-Type: application/json; charset=utf-8
cache-control: no-cache
content-length: 32

17:54:42.035 [AsyncHttpClient-1-14] DEBUG org.asynchttpclient.netty.channel.ChannelManager - Adding key: http://localhost:58921 for channel [id: 0x05bdd292, L:/127.0.0.1:58321 - R:localhost/127.0.0.1:58921]
17:54:42.040 [Forwarding screenshot on session 252ed7e936d265dd78d36f01980c23b4 to remote] DEBUG org.asynchttpclient.netty.request.NettyRequestSender - Using pooled Channel '[id: 0x05bdd292, L:/127.0.0.1:58321 - R:localhost/127.0.0.1:58921]' for 'GET' to 'http://localhost:58921/session/252ed7e936d265dd78d36f01980c23b4/screenshot'
17:54:42.040 [Forwarding screenshot on session 252ed7e936d265dd78d36f01980c23b4 to remote] DEBUG org.asynchttpclient.netty.request.NettyRequestSender - Using open Channel [id: 0x05bdd292, L:/127.0.0.1:58321 - R:localhost/127.0.0.1:58921] for GET '/session/252ed7e936d265dd78d36f01980c23b4/screenshot'
17:54:42.115 [AsyncHttpClient-1-1] DEBUG org.asynchttpclient.netty.channel.DefaultChannelPool - Entry count for : http://localhost:58323 : 1
17:54:42.197 [AsyncHttpClient-1-14] DEBUG org.asynchttpclient.netty.handler.HttpHandler - 

Request DefaultFullHttpRequest(decodeResult: success, version: HTTP/1.1, content: EmptyByteBufBE)
GET /session/252ed7e936d265dd78d36f01980c23b4/screenshot HTTP/1.1
User-Agent: selenium/4.1.2 (java windows)
Cache-Control: no-cache
Content-Type: application/json; charset=utf-8
host: localhost:58921
accept: */*

Response DefaultHttpResponse(decodeResult: success, version: HTTP/1.1)
HTTP/1.1 200 OK
Content-Type: application/json; charset=utf-8
cache-control: no-cache
content-length: 37104

17:54:42.197 [AsyncHttpClient-1-14] DEBUG org.asynchttpclient.netty.channel.ChannelManager - Adding key: http://localhost:58921 for channel [id: 0x05bdd292, L:/127.0.0.1:58321 - R:localhost/127.0.0.1:58921]
17:54:42.199 [main] DEBUG net.serenitybdd.core.photography.Darkroom - Send negative for processing for target\site\serenity\cd8f2eb35e7bb71d2f501febaf006f0525fc5ea4aa6e005afd87ed991957e982.png
17:54:42.199 [main] DEBUG net.thucydides.core.steps.StepInterceptor - STEP DONE: validateProductName
17:54:42.207 [main] DEBUG net.thucydides.core.steps.StepInterceptor - STARTING STEP: DetailSteps.iValidateTheDetailProduct - validateProductPrice
17:54:42.211 [Forwarding findElement on session 252ed7e936d265dd78d36f01980c23b4 to remote] DEBUG org.asynchttpclient.netty.request.NettyRequestSender - Using pooled Channel '[id: 0x05bdd292, L:/127.0.0.1:58321 - R:localhost/127.0.0.1:58921]' for 'POST' to 'http://localhost:58921/session/252ed7e936d265dd78d36f01980c23b4/element'
17:54:42.211 [Forwarding findElement on session 252ed7e936d265dd78d36f01980c23b4 to remote] DEBUG org.asynchttpclient.netty.request.NettyRequestSender - Using open Channel [id: 0x05bdd292, L:/127.0.0.1:58321 - R:localhost/127.0.0.1:58921] for POST '/session/252ed7e936d265dd78d36f01980c23b4/element'
17:54:42.227 [AsyncHttpClient-1-14] DEBUG org.asynchttpclient.netty.handler.HttpHandler - 

Request DefaultHttpRequest(decodeResult: success, version: HTTP/1.1)
POST /session/252ed7e936d265dd78d36f01980c23b4/element HTTP/1.1
User-Agent: selenium/4.1.2 (java windows)
Content-Length: 104
Content-Type: application/json; charset=utf-8
host: localhost:58921
accept: */*

Response DefaultHttpResponse(decodeResult: success, version: HTTP/1.1)
HTTP/1.1 200 OK
Content-Type: application/json; charset=utf-8
cache-control: no-cache
content-length: 88

17:54:42.227 [AsyncHttpClient-1-14] DEBUG org.asynchttpclient.netty.channel.ChannelManager - Adding key: http://localhost:58921 for channel [id: 0x05bdd292, L:/127.0.0.1:58321 - R:localhost/127.0.0.1:58921]
17:54:42.229 [Forwarding getElementText on session 252ed7e936d265dd78d36f01980c23b4 to remote] DEBUG org.asynchttpclient.netty.request.NettyRequestSender - Using pooled Channel '[id: 0x05bdd292, L:/127.0.0.1:58321 - R:localhost/127.0.0.1:58921]' for 'GET' to 'http://localhost:58921/session/252ed7e936d265dd78d36f01980c23b4/element/e9fa10b9-f011-4671-8577-f0abfba6611f/text'
17:54:42.229 [Forwarding getElementText on session 252ed7e936d265dd78d36f01980c23b4 to remote] DEBUG org.asynchttpclient.netty.request.NettyRequestSender - Using open Channel [id: 0x05bdd292, L:/127.0.0.1:58321 - R:localhost/127.0.0.1:58921] for GET '/session/252ed7e936d265dd78d36f01980c23b4/element/e9fa10b9-f011-4671-8577-f0abfba6611f/text'
17:54:42.247 [AsyncHttpClient-1-14] DEBUG org.asynchttpclient.netty.handler.HttpHandler - 

Request DefaultFullHttpRequest(decodeResult: success, version: HTTP/1.1, content: EmptyByteBufBE)
GET /session/252ed7e936d265dd78d36f01980c23b4/element/e9fa10b9-f011-4671-8577-f0abfba6611f/text HTTP/1.1
User-Agent: selenium/4.1.2 (java windows)
Cache-Control: no-cache
Content-Type: application/json; charset=utf-8
host: localhost:58921
accept: */*

Response DefaultHttpResponse(decodeResult: success, version: HTTP/1.1)
HTTP/1.1 200 OK
Content-Type: application/json; charset=utf-8
cache-control: no-cache
content-length: 18

17:54:42.247 [AsyncHttpClient-1-14] DEBUG org.asynchttpclient.netty.channel.ChannelManager - Adding key: http://localhost:58921 for channel [id: 0x05bdd292, L:/127.0.0.1:58321 - R:localhost/127.0.0.1:58921]
17:54:42.251 [Forwarding screenshot on session 252ed7e936d265dd78d36f01980c23b4 to remote] DEBUG org.asynchttpclient.netty.request.NettyRequestSender - Using pooled Channel '[id: 0x05bdd292, L:/127.0.0.1:58321 - R:localhost/127.0.0.1:58921]' for 'GET' to 'http://localhost:58921/session/252ed7e936d265dd78d36f01980c23b4/screenshot'
17:54:42.251 [Forwarding screenshot on session 252ed7e936d265dd78d36f01980c23b4 to remote] DEBUG org.asynchttpclient.netty.request.NettyRequestSender - Using open Channel [id: 0x05bdd292, L:/127.0.0.1:58321 - R:localhost/127.0.0.1:58921] for GET '/session/252ed7e936d265dd78d36f01980c23b4/screenshot'
17:54:42.389 [AsyncHttpClient-1-14] DEBUG org.asynchttpclient.netty.handler.HttpHandler - 

Request DefaultFullHttpRequest(decodeResult: success, version: HTTP/1.1, content: EmptyByteBufBE)
GET /session/252ed7e936d265dd78d36f01980c23b4/screenshot HTTP/1.1
User-Agent: selenium/4.1.2 (java windows)
Cache-Control: no-cache
Content-Type: application/json; charset=utf-8
host: localhost:58921
accept: */*

Response DefaultHttpResponse(decodeResult: success, version: HTTP/1.1)
HTTP/1.1 200 OK
Content-Type: application/json; charset=utf-8
cache-control: no-cache
content-length: 37104

17:54:42.389 [AsyncHttpClient-1-14] DEBUG org.asynchttpclient.netty.channel.ChannelManager - Adding key: http://localhost:58921 for channel [id: 0x05bdd292, L:/127.0.0.1:58321 - R:localhost/127.0.0.1:58921]
17:54:42.392 [main] DEBUG net.serenitybdd.core.photography.Darkroom - Send negative for processing for target\site\serenity\cd8f2eb35e7bb71d2f501febaf006f0525fc5ea4aa6e005afd87ed991957e982.png
17:54:42.392 [main] DEBUG net.thucydides.core.steps.StepInterceptor - STEP DONE: validateProductPrice
  &amp#27;[32mThen &amp#27;[0m&amp#27;[32mI validate the the detail product &amp#27;[0m&amp#27;[32m&amp#27;[1m30&amp#27;[0m &amp#27;[90m# starter.stepdefinitions.DetailSteps.iValidateTheDetailProduct(int)&amp#27;[0m
17:54:42.408 [AsyncHttpClient-1-16] DEBUG org.asynchttpclient.netty.handler.WebSocketHandler - Channel Closed: [id: 0xaaabe179, L:/127.0.0.1:58331 ! R:localhost/127.0.0.1:58323] with attribute NettyResponseFuture{currentRetry=5,
	isDone=1,
	isCancelled=0,
	asyncHandler=org.asynchttpclient.ws.WebSocketUpgradeHandler@69f04ab6,
	nettyRequest=org.asynchttpclient.netty.request.NettyRequest@2cf2d9ec,
	future=java.util.concurrent.CompletableFuture@ed6dba5[Completed normally],
	uri=ws://localhost:58323/devtools/browser/2be420df-2a11-46e9-9c70-912bbe101cd1,
	keepAlive=true,
	redirectCount=0,
	timeoutsHolder=null,
	inAuth=0,
	touch=1652784877558}
17:54:42.408 [AsyncHttpClient-1-16] DEBUG org.asynchttpclient.netty.channel.ChannelManager - Closing Channel [id: 0xaaabe179, L:/127.0.0.1:58331 ! R:localhost/127.0.0.1:58323] 
17:54:42.409 [Driver Command Executor] DEBUG org.asynchttpclient.netty.request.NettyRequestSender - Using pooled Channel '[id: 0x05bdd292, L:/127.0.0.1:58321 - R:localhost/127.0.0.1:58921]' for 'DELETE' to 'http://localhost:58921/session/252ed7e936d265dd78d36f01980c23b4'
17:54:42.409 [Driver Command Executor] DEBUG org.asynchttpclient.netty.request.NettyRequestSender - Using open Channel [id: 0x05bdd292, L:/127.0.0.1:58321 - R:localhost/127.0.0.1:58921] for DELETE '/session/252ed7e936d265dd78d36f01980c23b4'
17:54:42.438 [AsyncHttpClient-1-15] DEBUG org.asynchttpclient.netty.handler.HttpHandler - Unexpected I/O exception on channel [id: 0xc2b56880, L:/127.0.0.1:58330 - R:localhost/127.0.0.1:58323]
java.net.SocketException: Connection reset
	at java.base/sun.nio.ch.SocketChannelImpl.throwConnectionReset(SocketChannelImpl.java:367)
	at java.base/sun.nio.ch.SocketChannelImpl.read(SocketChannelImpl.java:398)
	at io.netty.buffer.PooledByteBuf.setBytes(PooledByteBuf.java:258)
	at io.netty.buffer.AbstractByteBuf.writeBytes(AbstractByteBuf.java:1132)
	at io.netty.channel.socket.nio.NioSocketChannel.doReadBytes(NioSocketChannel.java:350)
	at io.netty.channel.nio.AbstractNioByteChannel$NioByteUnsafe.read(AbstractNioByteChannel.java:151)
	at io.netty.channel.nio.NioEventLoop.processSelectedKey(NioEventLoop.java:722)
	at io.netty.channel.nio.NioEventLoop.processSelectedKeysOptimized(NioEventLoop.java:658)
	at io.netty.channel.nio.NioEventLoop.processSelectedKeys(NioEventLoop.java:584)
	at io.netty.channel.nio.NioEventLoop.run(NioEventLoop.java:496)
	at io.netty.util.concurrent.SingleThreadEventExecutor$4.run(SingleThreadEventExecutor.java:986)
	at io.netty.util.internal.ThreadExecutorMap$2.run(ThreadExecutorMap.java:74)
	at io.netty.util.concurrent.FastThreadLocalRunnable.run(FastThreadLocalRunnable.java:30)
	at java.base/java.lang.Thread.run(Thread.java:832)
17:54:42.439 [AsyncHttpClient-1-15] DEBUG org.asynchttpclient.netty.channel.ChannelManager - Closing Channel [id: 0xc2b56880, L:/127.0.0.1:58330 - R:localhost/127.0.0.1:58323] 
17:54:42.439 [AsyncHttpClient-1-15] DEBUG org.asynchttpclient.netty.handler.HttpHandler - Channel Closed: [id: 0xc2b56880, L:/127.0.0.1:58330 ! R:localhost/127.0.0.1:58323] with attribute DISCARD
17:54:42.454 [AsyncHttpClient-1-14] DEBUG org.asynchttpclient.netty.handler.HttpHandler - 

Request DefaultFullHttpRequest(decodeResult: success, version: HTTP/1.1, content: EmptyByteBufBE)
DELETE /session/252ed7e936d265dd78d36f01980c23b4 HTTP/1.1
User-Agent: selenium/4.1.2 (java windows)
Content-Type: application/json; charset=utf-8
host: localhost:58921
accept: */*

Response DefaultHttpResponse(decodeResult: success, version: HTTP/1.1)
HTTP/1.1 200 OK
Content-Type: application/json; charset=utf-8
cache-control: no-cache
content-length: 14

17:54:42.454 [AsyncHttpClient-1-14] DEBUG org.asynchttpclient.netty.channel.ChannelManager - Adding key: http://localhost:58921 for channel [id: 0x05bdd292, L:/127.0.0.1:58321 - R:localhost/127.0.0.1:58921]
17:54:42.564 [AsyncHttpClient-1-14] DEBUG org.asynchttpclient.netty.handler.HttpHandler - Channel Closed: [id: 0x05bdd292, L:/127.0.0.1:58321 ! R:localhost/127.0.0.1:58921] with attribute DISCARD
]]></system-out>
    <system-err><![CDATA[Starting ChromeDriver 101.0.4951.41 (93c720db8323b3ec10d056025ab95c23a31997c9-refs/branch-heads/4951@{#904}) on port 58921
Only local connections are allowed.
Please see https://chromedriver.chromium.org/security-considerations for suggestions on keeping ChromeDriver safe.
ChromeDriver was started successfully.
May 17, 2022 5:54:37 PM org.openqa.selenium.remote.ProtocolHandshake createSession
INFO: Detected dialect: W3C
May 17, 2022 5:54:37 PM org.openqa.selenium.devtools.CdpVersionFinder findNearestMatch
WARNING: Unable to find an exact match for CDP version 101, so returning the closest version found: 97
May 17, 2022 5:54:37 PM org.openqa.selenium.devtools.CdpVersionFinder findNearestMatch
INFO: Found CDP implementation for version 101 of 97
]]></system-err>
  </testcase>
  <testcase name="Open detail product #4" classname="Detail" time="7.413">
    <system-out><![CDATA[
Scenario Outline: Open detail product      &amp#27;[90m# src/test/resources/features/Detail.feature:16&amp#27;[0m
17:54:43.112 [main] INFO io.cucumber.core.plugin.SerenityReporter - Running feature from file:///E:/Learn/ProjectTestWeb/src/test/resources/features/Detail.feature
17:54:43.134 [main] INFO net.serenitybdd.core.webdriver.driverproviders.ChromeDriverProvider - Using automatically driver download
17:54:43.215 [AsyncHttpClient-1-1] DEBUG org.asynchttpclient.netty.channel.DefaultChannelPool - Entry count for : http://localhost:58323 : 1
17:54:43.215 [AsyncHttpClient-1-1] DEBUG org.asynchttpclient.netty.channel.DefaultChannelPool - Entry count for : http://localhost:58921 : 1
17:54:43.215 [AsyncHttpClient-1-1] DEBUG org.asynchttpclient.netty.channel.DefaultChannelPool - Adding Candidate expired Channel [id: 0xc2b56880, L:/127.0.0.1:58330 ! R:localhost/127.0.0.1:58323] isIdleTimeoutExpired=false isRemotelyClosed=true isTtlExpired=false
17:54:43.215 [AsyncHttpClient-1-1] DEBUG org.asynchttpclient.netty.channel.DefaultChannelPool - Closing Idle Channel [id: 0xc2b56880, L:/127.0.0.1:58330 ! R:localhost/127.0.0.1:58323]
17:54:43.215 [AsyncHttpClient-1-1] DEBUG org.asynchttpclient.netty.channel.DefaultChannelPool - Adding Candidate expired Channel [id: 0x05bdd292, L:/127.0.0.1:58321 ! R:localhost/127.0.0.1:58921] isIdleTimeoutExpired=false isRemotelyClosed=true isTtlExpired=false
17:54:43.215 [AsyncHttpClient-1-1] DEBUG org.asynchttpclient.netty.channel.DefaultChannelPool - Closing Idle Channel [id: 0x05bdd292, L:/127.0.0.1:58321 ! R:localhost/127.0.0.1:58921]
17:54:43.215 [AsyncHttpClient-1-1] DEBUG org.asynchttpclient.netty.channel.DefaultChannelPool - Closed 2 connections out of 2 in 0 ms
17:54:43.340 [main] DEBUG io.github.bonigarcia.wdm.cache.ResolutionCache - Resolution chrome=101 in cache (valid until 18:23:13 17/05/2022 ICT)
17:54:43.343 [main] DEBUG io.github.bonigarcia.wdm.cache.ResolutionCache - Resolution chrome101=101.0.4951.41 in cache (valid until 17:23:13 18/05/2022 ICT)
17:54:43.345 [main] INFO io.github.bonigarcia.wdm.WebDriverManager - Using chromedriver 101.0.4951.41 (resolved driver for Chrome 101)
17:54:43.357 [main] DEBUG io.github.bonigarcia.wdm.WebDriverManager - Driver chromedriver 101.0.4951.41 found in cache
17:54:43.357 [main] INFO io.github.bonigarcia.wdm.WebDriverManager - Exporting webdriver.chrome.driver as C:\Users\HP\.cache\selenium\chromedriver\win32\101.0.4951.41\chromedriver.exe
17:54:43.537 [main] DEBUG net.serenitybdd.core.webdriver.driverproviders.ProvideNewDriver - Instantiating driver
17:54:43.537 [main] DEBUG net.serenitybdd.core.webdriver.driverproviders.ProvideNewDriver - Driver capabilities: Capabilities {acceptInsecureCerts: false, base.url: , browserName: chrome, goog:chromeOptions: {args: [], extensions: []}}
17:54:44.090 [AsyncHttpClient-1-17] DEBUG org.asynchttpclient.netty.channel.NettyConnectListener - Using new Channel '[id: 0xcd1f8bf9, L:/127.0.0.1:58351 - R:localhost/127.0.0.1:52748]' for 'POST' to '/session'
17:54:44.833 [AsyncHttpClient-1-17] DEBUG org.asynchttpclient.netty.handler.HttpHandler - 

Request DefaultHttpRequest(decodeResult: success, version: HTTP/1.1)
POST /session HTTP/1.1
User-Agent: selenium/4.1.2 (java windows)
Content-Length: 457
Content-Type: application/json; charset=utf-8
host: localhost:52748
accept: */*

Response DefaultHttpResponse(decodeResult: success, version: HTTP/1.1)
HTTP/1.1 200 OK
Content-Type: application/json; charset=utf-8
cache-control: no-cache
content-length: 787

17:54:44.833 [AsyncHttpClient-1-17] DEBUG org.asynchttpclient.netty.channel.ChannelManager - Adding key: http://localhost:52748 for channel [id: 0xcd1f8bf9, L:/127.0.0.1:58351 - R:localhost/127.0.0.1:52748]
17:54:44.841 [AsyncHttpClient-1-2] DEBUG org.asynchttpclient.netty.channel.NettyConnectListener - Using new Channel '[id: 0x56683d86, L:/127.0.0.1:58358 - R:localhost/127.0.0.1:58352]' for 'GET' to '/json/version'
17:54:44.842 [AsyncHttpClient-1-2] DEBUG org.asynchttpclient.netty.handler.HttpHandler - 

Request DefaultFullHttpRequest(decodeResult: success, version: HTTP/1.1, content: EmptyByteBufBE)
GET /json/version HTTP/1.1
User-Agent: selenium/4.1.2 (java windows)
host: localhost:58352
accept: */*

Response DefaultHttpResponse(decodeResult: success, version: HTTP/1.1)
HTTP/1.1 200 OK
Content-Type: application/json; charset=UTF-8
content-length: 427

17:54:44.842 [AsyncHttpClient-1-2] DEBUG org.asynchttpclient.netty.channel.ChannelManager - Adding key: http://localhost:58352 for channel [id: 0x56683d86, L:/127.0.0.1:58358 - R:localhost/127.0.0.1:58352]
17:54:44.845 [AsyncHttpClient-1-3] DEBUG org.asynchttpclient.netty.channel.NettyConnectListener - Using new Channel '[id: 0x1f5ad5dd, L:/127.0.0.1:58359 - R:localhost/127.0.0.1:58352]' for 'GET' to '/devtools/browser/c394c04a-7740-46e5-b156-9713ebaad3a7'
17:54:44.846 [AsyncHttpClient-1-3] DEBUG org.asynchttpclient.netty.handler.WebSocketHandler - 

Request DefaultFullHttpRequest(decodeResult: success, version: HTTP/1.1, content: EmptyByteBufBE)
GET /devtools/browser/c394c04a-7740-46e5-b156-9713ebaad3a7 HTTP/1.1
upgrade: websocket
connection: upgrade
sec-websocket-key: EpvgjuYB9mlZ03KzUtOfCg==
sec-websocket-version: 13
origin: http://localhost:58352
host: localhost:58352
accept: */*
user-agent: AHC/2.1

Response DefaultHttpResponse(decodeResult: success, version: HTTP/1.1)
HTTP/1.1 101 WebSocket Protocol Handshake
Upgrade: WebSocket
Connection: Upgrade
Sec-WebSocket-Accept: 2kRL5vw1gkYJpKb/RLjkFKBkHSs=

17:54:44.851 [Forwarding get on session f1d7f8c8341e7139ff86c211c7fbe7bb to remote] DEBUG org.asynchttpclient.netty.request.NettyRequestSender - Using pooled Channel '[id: 0xcd1f8bf9, L:/127.0.0.1:58351 - R:localhost/127.0.0.1:52748]' for 'POST' to 'http://localhost:52748/session/f1d7f8c8341e7139ff86c211c7fbe7bb/url'
17:54:44.851 [Forwarding get on session f1d7f8c8341e7139ff86c211c7fbe7bb to remote] DEBUG org.asynchttpclient.netty.request.NettyRequestSender - Using open Channel [id: 0xcd1f8bf9, L:/127.0.0.1:58351 - R:localhost/127.0.0.1:52748] for POST '/session/f1d7f8c8341e7139ff86c211c7fbe7bb/url'
17:54:45.414 [AsyncHttpClient-1-1] DEBUG org.asynchttpclient.netty.channel.DefaultChannelPool - Entry count for : http://localhost:58352 : 1
17:54:45.994 [AsyncHttpClient-1-17] DEBUG org.asynchttpclient.netty.handler.HttpHandler - 

Request DefaultHttpRequest(decodeResult: success, version: HTTP/1.1)
POST /session/f1d7f8c8341e7139ff86c211c7fbe7bb/url HTTP/1.1
User-Agent: selenium/4.1.2 (java windows)
Content-Length: 49
Content-Type: application/json; charset=utf-8
host: localhost:52748
accept: */*

Response DefaultHttpResponse(decodeResult: success, version: HTTP/1.1)
HTTP/1.1 200 OK
Content-Type: application/json; charset=utf-8
cache-control: no-cache
content-length: 14

17:54:45.994 [AsyncHttpClient-1-17] DEBUG org.asynchttpclient.netty.channel.ChannelManager - Adding key: http://localhost:52748 for channel [id: 0xcd1f8bf9, L:/127.0.0.1:58351 - R:localhost/127.0.0.1:52748]
17:54:45.996 [Forwarding setTimeout on session f1d7f8c8341e7139ff86c211c7fbe7bb to remote] DEBUG org.asynchttpclient.netty.request.NettyRequestSender - Using pooled Channel '[id: 0xcd1f8bf9, L:/127.0.0.1:58351 - R:localhost/127.0.0.1:52748]' for 'POST' to 'http://localhost:52748/session/f1d7f8c8341e7139ff86c211c7fbe7bb/timeouts'
17:54:45.996 [Forwarding setTimeout on session f1d7f8c8341e7139ff86c211c7fbe7bb to remote] DEBUG org.asynchttpclient.netty.request.NettyRequestSender - Using open Channel [id: 0xcd1f8bf9, L:/127.0.0.1:58351 - R:localhost/127.0.0.1:52748] for POST '/session/f1d7f8c8341e7139ff86c211c7fbe7bb/timeouts'
17:54:45.997 [AsyncHttpClient-1-17] DEBUG org.asynchttpclient.netty.handler.HttpHandler - 

Request DefaultHttpRequest(decodeResult: success, version: HTTP/1.1)
POST /session/f1d7f8c8341e7139ff86c211c7fbe7bb/timeouts HTTP/1.1
User-Agent: selenium/4.1.2 (java windows)
Content-Length: 22
Content-Type: application/json; charset=utf-8
host: localhost:52748
accept: */*

Response DefaultHttpResponse(decodeResult: success, version: HTTP/1.1)
HTTP/1.1 200 OK
Content-Type: application/json; charset=utf-8
cache-control: no-cache
content-length: 14

17:54:45.997 [AsyncHttpClient-1-17] DEBUG org.asynchttpclient.netty.channel.ChannelManager - Adding key: http://localhost:52748 for channel [id: 0xcd1f8bf9, L:/127.0.0.1:58351 - R:localhost/127.0.0.1:52748]
17:54:45.999 [Forwarding getCurrentUrl on session f1d7f8c8341e7139ff86c211c7fbe7bb to remote] DEBUG org.asynchttpclient.netty.request.NettyRequestSender - Using pooled Channel '[id: 0xcd1f8bf9, L:/127.0.0.1:58351 - R:localhost/127.0.0.1:52748]' for 'GET' to 'http://localhost:52748/session/f1d7f8c8341e7139ff86c211c7fbe7bb/url'
17:54:45.999 [Forwarding getCurrentUrl on session f1d7f8c8341e7139ff86c211c7fbe7bb to remote] DEBUG org.asynchttpclient.netty.request.NettyRequestSender - Using open Channel [id: 0xcd1f8bf9, L:/127.0.0.1:58351 - R:localhost/127.0.0.1:52748] for GET '/session/f1d7f8c8341e7139ff86c211c7fbe7bb/url'
17:54:46.004 [AsyncHttpClient-1-17] DEBUG org.asynchttpclient.netty.handler.HttpHandler - 

Request DefaultFullHttpRequest(decodeResult: success, version: HTTP/1.1, content: EmptyByteBufBE)
GET /session/f1d7f8c8341e7139ff86c211c7fbe7bb/url HTTP/1.1
User-Agent: selenium/4.1.2 (java windows)
Cache-Control: no-cache
Content-Type: application/json; charset=utf-8
host: localhost:52748
accept: */*

Response DefaultHttpResponse(decodeResult: success, version: HTTP/1.1)
HTTP/1.1 200 OK
Content-Type: application/json; charset=utf-8
cache-control: no-cache
content-length: 31

17:54:46.004 [AsyncHttpClient-1-17] DEBUG org.asynchttpclient.netty.channel.ChannelManager - Adding key: http://localhost:52748 for channel [id: 0xcd1f8bf9, L:/127.0.0.1:58351 - R:localhost/127.0.0.1:52748]
17:54:46.011 [Forwarding screenshot on session f1d7f8c8341e7139ff86c211c7fbe7bb to remote] DEBUG org.asynchttpclient.netty.request.NettyRequestSender - Using pooled Channel '[id: 0xcd1f8bf9, L:/127.0.0.1:58351 - R:localhost/127.0.0.1:52748]' for 'GET' to 'http://localhost:52748/session/f1d7f8c8341e7139ff86c211c7fbe7bb/screenshot'
17:54:46.011 [Forwarding screenshot on session f1d7f8c8341e7139ff86c211c7fbe7bb to remote] DEBUG org.asynchttpclient.netty.request.NettyRequestSender - Using open Channel [id: 0xcd1f8bf9, L:/127.0.0.1:58351 - R:localhost/127.0.0.1:52748] for GET '/session/f1d7f8c8341e7139ff86c211c7fbe7bb/screenshot'
17:54:46.455 [AsyncHttpClient-1-17] DEBUG org.asynchttpclient.netty.handler.HttpHandler - 

Request DefaultFullHttpRequest(decodeResult: success, version: HTTP/1.1, content: EmptyByteBufBE)
GET /session/f1d7f8c8341e7139ff86c211c7fbe7bb/screenshot HTTP/1.1
User-Agent: selenium/4.1.2 (java windows)
Cache-Control: no-cache
Content-Type: application/json; charset=utf-8
host: localhost:52748
accept: */*

Response DefaultHttpResponse(decodeResult: success, version: HTTP/1.1)
HTTP/1.1 200 OK
Content-Type: application/json; charset=utf-8
cache-control: no-cache
content-length: 34024

17:54:46.456 [AsyncHttpClient-1-17] DEBUG org.asynchttpclient.netty.channel.ChannelManager - Adding key: http://localhost:52748 for channel [id: 0xcd1f8bf9, L:/127.0.0.1:58351 - R:localhost/127.0.0.1:52748]
17:54:46.459 [main] DEBUG net.serenitybdd.core.photography.Darkroom - Send negative for processing for target\site\serenity\4a023a2daafa3d883c1af3013eca2f4be040f9b11b8ec3e78ca7bf6a03816c8a.png
17:54:46.459 [main] DEBUG net.thucydides.core.steps.StepInterceptor - STARTING STEP: CartSteps.iAmOnHomepage - validateSearchBarAppears
17:54:46.459 [Darkroom Processing Line] DEBUG net.serenitybdd.core.photography.DarkroomProcessingLine - Processing screenshot image in /var/screenshots/screenshot-12045149568483295778
17:54:46.459 [Darkroom Processing Line] DEBUG net.serenitybdd.core.photography.DarkroomProcessingLine - Saving screenshot to target\site\serenity\4a023a2daafa3d883c1af3013eca2f4be040f9b11b8ec3e78ca7bf6a03816c8a.png
17:54:46.462 [Forwarding findElement on session f1d7f8c8341e7139ff86c211c7fbe7bb to remote] DEBUG org.asynchttpclient.netty.request.NettyRequestSender - Using pooled Channel '[id: 0xcd1f8bf9, L:/127.0.0.1:58351 - R:localhost/127.0.0.1:52748]' for 'POST' to 'http://localhost:52748/session/f1d7f8c8341e7139ff86c211c7fbe7bb/element'
17:54:46.462 [Forwarding findElement on session f1d7f8c8341e7139ff86c211c7fbe7bb to remote] DEBUG org.asynchttpclient.netty.request.NettyRequestSender - Using open Channel [id: 0xcd1f8bf9, L:/127.0.0.1:58351 - R:localhost/127.0.0.1:52748] for POST '/session/f1d7f8c8341e7139ff86c211c7fbe7bb/element'
17:54:46.515 [AsyncHttpClient-1-1] DEBUG org.asynchttpclient.netty.channel.DefaultChannelPool - Entry count for : http://localhost:58352 : 1
17:54:47.622 [AsyncHttpClient-1-1] DEBUG org.asynchttpclient.netty.channel.DefaultChannelPool - Entry count for : http://localhost:58352 : 1
17:54:47.934 [AsyncHttpClient-1-17] DEBUG org.asynchttpclient.netty.handler.HttpHandler - 

Request DefaultHttpRequest(decodeResult: success, version: HTTP/1.1)
POST /session/f1d7f8c8341e7139ff86c211c7fbe7bb/element HTTP/1.1
User-Agent: selenium/4.1.2 (java windows)
Content-Length: 94
Content-Type: application/json; charset=utf-8
host: localhost:52748
accept: */*

Response DefaultHttpResponse(decodeResult: success, version: HTTP/1.1)
HTTP/1.1 200 OK
Content-Type: application/json; charset=utf-8
cache-control: no-cache
content-length: 88

17:54:47.934 [AsyncHttpClient-1-17] DEBUG org.asynchttpclient.netty.channel.ChannelManager - Adding key: http://localhost:52748 for channel [id: 0xcd1f8bf9, L:/127.0.0.1:58351 - R:localhost/127.0.0.1:52748]
17:54:47.941 [Forwarding isElementDisplayed on session f1d7f8c8341e7139ff86c211c7fbe7bb to remote] DEBUG org.asynchttpclient.netty.request.NettyRequestSender - Using pooled Channel '[id: 0xcd1f8bf9, L:/127.0.0.1:58351 - R:localhost/127.0.0.1:52748]' for 'POST' to 'http://localhost:52748/session/f1d7f8c8341e7139ff86c211c7fbe7bb/execute/sync'
17:54:47.941 [Forwarding isElementDisplayed on session f1d7f8c8341e7139ff86c211c7fbe7bb to remote] DEBUG org.asynchttpclient.netty.request.NettyRequestSender - Using open Channel [id: 0xcd1f8bf9, L:/127.0.0.1:58351 - R:localhost/127.0.0.1:52748] for POST '/session/f1d7f8c8341e7139ff86c211c7fbe7bb/execute/sync'
17:54:47.962 [AsyncHttpClient-1-17] DEBUG org.asynchttpclient.netty.handler.HttpHandler - 

Request DefaultHttpRequest(decodeResult: success, version: HTTP/1.1)
POST /session/f1d7f8c8341e7139ff86c211c7fbe7bb/execute/sync HTTP/1.1
User-Agent: selenium/4.1.2 (java windows)
Content-Length: 48780
Content-Type: application/json; charset=utf-8
host: localhost:52748
accept: */*

Response DefaultHttpResponse(decodeResult: success, version: HTTP/1.1)
HTTP/1.1 200 OK
Content-Type: application/json; charset=utf-8
cache-control: no-cache
content-length: 14

17:54:47.962 [AsyncHttpClient-1-17] DEBUG org.asynchttpclient.netty.channel.ChannelManager - Adding key: http://localhost:52748 for channel [id: 0xcd1f8bf9, L:/127.0.0.1:58351 - R:localhost/127.0.0.1:52748]
17:54:47.966 [Forwarding screenshot on session f1d7f8c8341e7139ff86c211c7fbe7bb to remote] DEBUG org.asynchttpclient.netty.request.NettyRequestSender - Using pooled Channel '[id: 0xcd1f8bf9, L:/127.0.0.1:58351 - R:localhost/127.0.0.1:52748]' for 'GET' to 'http://localhost:52748/session/f1d7f8c8341e7139ff86c211c7fbe7bb/screenshot'
17:54:47.966 [Forwarding screenshot on session f1d7f8c8341e7139ff86c211c7fbe7bb to remote] DEBUG org.asynchttpclient.netty.request.NettyRequestSender - Using open Channel [id: 0xcd1f8bf9, L:/127.0.0.1:58351 - R:localhost/127.0.0.1:52748] for GET '/session/f1d7f8c8341e7139ff86c211c7fbe7bb/screenshot'
17:54:48.154 [AsyncHttpClient-1-17] DEBUG org.asynchttpclient.netty.handler.HttpHandler - 

Request DefaultFullHttpRequest(decodeResult: success, version: HTTP/1.1, content: EmptyByteBufBE)
GET /session/f1d7f8c8341e7139ff86c211c7fbe7bb/screenshot HTTP/1.1
User-Agent: selenium/4.1.2 (java windows)
Cache-Control: no-cache
Content-Type: application/json; charset=utf-8
host: localhost:52748
accept: */*

Response DefaultHttpResponse(decodeResult: success, version: HTTP/1.1)
HTTP/1.1 200 OK
Content-Type: application/json; charset=utf-8
cache-control: no-cache
content-length: 72748

17:54:48.154 [AsyncHttpClient-1-17] DEBUG org.asynchttpclient.netty.channel.ChannelManager - Adding key: http://localhost:52748 for channel [id: 0xcd1f8bf9, L:/127.0.0.1:58351 - R:localhost/127.0.0.1:52748]
17:54:48.158 [main] DEBUG net.serenitybdd.core.photography.Darkroom - Send negative for processing for target\site\serenity\5a2ea1089878690bed55cf8882c0da436af8e6ee560e77877b5a34785ff9358e.png
17:54:48.158 [main] DEBUG net.thucydides.core.steps.StepInterceptor - STEP DONE: validateSearchBarAppears
17:54:48.167 [main] DEBUG net.thucydides.core.steps.StepInterceptor - STARTING STEP: CartSteps.iAmOnHomepage - validateHeaderHomepageEqual
17:54:48.170 [Forwarding findElement on session f1d7f8c8341e7139ff86c211c7fbe7bb to remote] DEBUG org.asynchttpclient.netty.request.NettyRequestSender - Using pooled Channel '[id: 0xcd1f8bf9, L:/127.0.0.1:58351 - R:localhost/127.0.0.1:52748]' for 'POST' to 'http://localhost:52748/session/f1d7f8c8341e7139ff86c211c7fbe7bb/element'
17:54:48.170 [Forwarding findElement on session f1d7f8c8341e7139ff86c211c7fbe7bb to remote] DEBUG org.asynchttpclient.netty.request.NettyRequestSender - Using open Channel [id: 0xcd1f8bf9, L:/127.0.0.1:58351 - R:localhost/127.0.0.1:52748] for POST '/session/f1d7f8c8341e7139ff86c211c7fbe7bb/element'
17:54:48.190 [AsyncHttpClient-1-17] DEBUG org.asynchttpclient.netty.handler.HttpHandler - 

Request DefaultHttpRequest(decodeResult: success, version: HTTP/1.1)
POST /session/f1d7f8c8341e7139ff86c211c7fbe7bb/element HTTP/1.1
User-Agent: selenium/4.1.2 (java windows)
Content-Length: 111
Content-Type: application/json; charset=utf-8
host: localhost:52748
accept: */*

Response DefaultHttpResponse(decodeResult: success, version: HTTP/1.1)
HTTP/1.1 200 OK
Content-Type: application/json; charset=utf-8
cache-control: no-cache
content-length: 88

17:54:48.191 [AsyncHttpClient-1-17] DEBUG org.asynchttpclient.netty.channel.ChannelManager - Adding key: http://localhost:52748 for channel [id: 0xcd1f8bf9, L:/127.0.0.1:58351 - R:localhost/127.0.0.1:52748]
17:54:48.192 [Forwarding getElementText on session f1d7f8c8341e7139ff86c211c7fbe7bb to remote] DEBUG org.asynchttpclient.netty.request.NettyRequestSender - Using pooled Channel '[id: 0xcd1f8bf9, L:/127.0.0.1:58351 - R:localhost/127.0.0.1:52748]' for 'GET' to 'http://localhost:52748/session/f1d7f8c8341e7139ff86c211c7fbe7bb/element/d7bcf681-8d84-44af-b61e-512a7aa576b9/text'
17:54:48.192 [Forwarding getElementText on session f1d7f8c8341e7139ff86c211c7fbe7bb to remote] DEBUG org.asynchttpclient.netty.request.NettyRequestSender - Using open Channel [id: 0xcd1f8bf9, L:/127.0.0.1:58351 - R:localhost/127.0.0.1:52748] for GET '/session/f1d7f8c8341e7139ff86c211c7fbe7bb/element/d7bcf681-8d84-44af-b61e-512a7aa576b9/text'
17:54:48.207 [AsyncHttpClient-1-17] DEBUG org.asynchttpclient.netty.handler.HttpHandler - 

Request DefaultFullHttpRequest(decodeResult: success, version: HTTP/1.1, content: EmptyByteBufBE)
GET /session/f1d7f8c8341e7139ff86c211c7fbe7bb/element/d7bcf681-8d84-44af-b61e-512a7aa576b9/text HTTP/1.1
User-Agent: selenium/4.1.2 (java windows)
Cache-Control: no-cache
Content-Type: application/json; charset=utf-8
host: localhost:52748
accept: */*

Response DefaultHttpResponse(decodeResult: success, version: HTTP/1.1)
HTTP/1.1 200 OK
Content-Type: application/json; charset=utf-8
cache-control: no-cache
content-length: 20

17:54:48.207 [AsyncHttpClient-1-17] DEBUG org.asynchttpclient.netty.channel.ChannelManager - Adding key: http://localhost:52748 for channel [id: 0xcd1f8bf9, L:/127.0.0.1:58351 - R:localhost/127.0.0.1:52748]
17:54:48.212 [Forwarding screenshot on session f1d7f8c8341e7139ff86c211c7fbe7bb to remote] DEBUG org.asynchttpclient.netty.request.NettyRequestSender - Using pooled Channel '[id: 0xcd1f8bf9, L:/127.0.0.1:58351 - R:localhost/127.0.0.1:52748]' for 'GET' to 'http://localhost:52748/session/f1d7f8c8341e7139ff86c211c7fbe7bb/screenshot'
17:54:48.212 [Forwarding screenshot on session f1d7f8c8341e7139ff86c211c7fbe7bb to remote] DEBUG org.asynchttpclient.netty.request.NettyRequestSender - Using open Channel [id: 0xcd1f8bf9, L:/127.0.0.1:58351 - R:localhost/127.0.0.1:52748] for GET '/session/f1d7f8c8341e7139ff86c211c7fbe7bb/screenshot'
17:54:48.370 [AsyncHttpClient-1-17] DEBUG org.asynchttpclient.netty.handler.HttpHandler - 

Request DefaultFullHttpRequest(decodeResult: success, version: HTTP/1.1, content: EmptyByteBufBE)
GET /session/f1d7f8c8341e7139ff86c211c7fbe7bb/screenshot HTTP/1.1
User-Agent: selenium/4.1.2 (java windows)
Cache-Control: no-cache
Content-Type: application/json; charset=utf-8
host: localhost:52748
accept: */*

Response DefaultHttpResponse(decodeResult: success, version: HTTP/1.1)
HTTP/1.1 200 OK
Content-Type: application/json; charset=utf-8
cache-control: no-cache
content-length: 72748

17:54:48.370 [AsyncHttpClient-1-17] DEBUG org.asynchttpclient.netty.channel.ChannelManager - Adding key: http://localhost:52748 for channel [id: 0xcd1f8bf9, L:/127.0.0.1:58351 - R:localhost/127.0.0.1:52748]
17:54:48.374 [main] DEBUG net.serenitybdd.core.photography.Darkroom - Send negative for processing for target\site\serenity\5a2ea1089878690bed55cf8882c0da436af8e6ee560e77877b5a34785ff9358e.png
17:54:48.374 [main] DEBUG net.thucydides.core.steps.StepInterceptor - STEP DONE: validateHeaderHomepageEqual
  &amp#27;[32mGiven &amp#27;[0m&amp#27;[32mI am on homepage&amp#27;[0m                   &amp#27;[90m# starter.stepdefinitions.CartSteps.iAmOnHomepage()&amp#27;[0m
17:54:48.399 [main] DEBUG net.thucydides.core.steps.StepInterceptor - STARTING STEP: DetailSteps.iGetDetailInCardProduct - getDetailNameInCard
17:54:48.403 [Forwarding findElement on session f1d7f8c8341e7139ff86c211c7fbe7bb to remote] DEBUG org.asynchttpclient.netty.request.NettyRequestSender - Using pooled Channel '[id: 0xcd1f8bf9, L:/127.0.0.1:58351 - R:localhost/127.0.0.1:52748]' for 'POST' to 'http://localhost:52748/session/f1d7f8c8341e7139ff86c211c7fbe7bb/element'
17:54:48.403 [Forwarding findElement on session f1d7f8c8341e7139ff86c211c7fbe7bb to remote] DEBUG org.asynchttpclient.netty.request.NettyRequestSender - Using open Channel [id: 0xcd1f8bf9, L:/127.0.0.1:58351 - R:localhost/127.0.0.1:52748] for POST '/session/f1d7f8c8341e7139ff86c211c7fbe7bb/element'
17:54:48.427 [AsyncHttpClient-1-17] DEBUG org.asynchttpclient.netty.handler.HttpHandler - 

Request DefaultHttpRequest(decodeResult: success, version: HTTP/1.1)
POST /session/f1d7f8c8341e7139ff86c211c7fbe7bb/element HTTP/1.1
User-Agent: selenium/4.1.2 (java windows)
Content-Length: 119
Content-Type: application/json; charset=utf-8
host: localhost:52748
accept: */*

Response DefaultHttpResponse(decodeResult: success, version: HTTP/1.1)
HTTP/1.1 200 OK
Content-Type: application/json; charset=utf-8
cache-control: no-cache
content-length: 88

17:54:48.427 [AsyncHttpClient-1-17] DEBUG org.asynchttpclient.netty.channel.ChannelManager - Adding key: http://localhost:52748 for channel [id: 0xcd1f8bf9, L:/127.0.0.1:58351 - R:localhost/127.0.0.1:52748]
17:54:48.428 [Forwarding getElementText on session f1d7f8c8341e7139ff86c211c7fbe7bb to remote] DEBUG org.asynchttpclient.netty.request.NettyRequestSender - Using pooled Channel '[id: 0xcd1f8bf9, L:/127.0.0.1:58351 - R:localhost/127.0.0.1:52748]' for 'GET' to 'http://localhost:52748/session/f1d7f8c8341e7139ff86c211c7fbe7bb/element/e64d6389-7112-4e17-9a0b-60bd9159e0e5/text'
17:54:48.428 [Forwarding getElementText on session f1d7f8c8341e7139ff86c211c7fbe7bb to remote] DEBUG org.asynchttpclient.netty.request.NettyRequestSender - Using open Channel [id: 0xcd1f8bf9, L:/127.0.0.1:58351 - R:localhost/127.0.0.1:52748] for GET '/session/f1d7f8c8341e7139ff86c211c7fbe7bb/element/e64d6389-7112-4e17-9a0b-60bd9159e0e5/text'
17:54:48.443 [AsyncHttpClient-1-17] DEBUG org.asynchttpclient.netty.handler.HttpHandler - 

Request DefaultFullHttpRequest(decodeResult: success, version: HTTP/1.1, content: EmptyByteBufBE)
GET /session/f1d7f8c8341e7139ff86c211c7fbe7bb/element/e64d6389-7112-4e17-9a0b-60bd9159e0e5/text HTTP/1.1
User-Agent: selenium/4.1.2 (java windows)
Cache-Control: no-cache
Content-Type: application/json; charset=utf-8
host: localhost:52748
accept: */*

Response DefaultHttpResponse(decodeResult: success, version: HTTP/1.1)
HTTP/1.1 200 OK
Content-Type: application/json; charset=utf-8
cache-control: no-cache
content-length: 32

17:54:48.444 [AsyncHttpClient-1-17] DEBUG org.asynchttpclient.netty.channel.ChannelManager - Adding key: http://localhost:52748 for channel [id: 0xcd1f8bf9, L:/127.0.0.1:58351 - R:localhost/127.0.0.1:52748]
Tensi Darah Elektrik
17:54:48.449 [Forwarding screenshot on session f1d7f8c8341e7139ff86c211c7fbe7bb to remote] DEBUG org.asynchttpclient.netty.request.NettyRequestSender - Using pooled Channel '[id: 0xcd1f8bf9, L:/127.0.0.1:58351 - R:localhost/127.0.0.1:52748]' for 'GET' to 'http://localhost:52748/session/f1d7f8c8341e7139ff86c211c7fbe7bb/screenshot'
17:54:48.449 [Forwarding screenshot on session f1d7f8c8341e7139ff86c211c7fbe7bb to remote] DEBUG org.asynchttpclient.netty.request.NettyRequestSender - Using open Channel [id: 0xcd1f8bf9, L:/127.0.0.1:58351 - R:localhost/127.0.0.1:52748] for GET '/session/f1d7f8c8341e7139ff86c211c7fbe7bb/screenshot'
17:54:48.617 [AsyncHttpClient-1-17] DEBUG org.asynchttpclient.netty.handler.HttpHandler - 

Request DefaultFullHttpRequest(decodeResult: success, version: HTTP/1.1, content: EmptyByteBufBE)
GET /session/f1d7f8c8341e7139ff86c211c7fbe7bb/screenshot HTTP/1.1
User-Agent: selenium/4.1.2 (java windows)
Cache-Control: no-cache
Content-Type: application/json; charset=utf-8
host: localhost:52748
accept: */*

Response DefaultHttpResponse(decodeResult: success, version: HTTP/1.1)
HTTP/1.1 200 OK
Content-Type: application/json; charset=utf-8
cache-control: no-cache
content-length: 72748

17:54:48.618 [AsyncHttpClient-1-17] DEBUG org.asynchttpclient.netty.channel.ChannelManager - Adding key: http://localhost:52748 for channel [id: 0xcd1f8bf9, L:/127.0.0.1:58351 - R:localhost/127.0.0.1:52748]
17:54:48.620 [main] DEBUG net.serenitybdd.core.photography.Darkroom - Send negative for processing for target\site\serenity\5a2ea1089878690bed55cf8882c0da436af8e6ee560e77877b5a34785ff9358e.png
17:54:48.621 [main] DEBUG net.thucydides.core.steps.StepInterceptor - STEP DONE: getDetailNameInCard
17:54:48.627 [main] DEBUG net.thucydides.core.steps.StepInterceptor - STARTING STEP: DetailSteps.iGetDetailInCardProduct - getDetailPriceInCard
17:54:48.629 [Forwarding findElement on session f1d7f8c8341e7139ff86c211c7fbe7bb to remote] DEBUG org.asynchttpclient.netty.request.NettyRequestSender - Using pooled Channel '[id: 0xcd1f8bf9, L:/127.0.0.1:58351 - R:localhost/127.0.0.1:52748]' for 'POST' to 'http://localhost:52748/session/f1d7f8c8341e7139ff86c211c7fbe7bb/element'
17:54:48.629 [Forwarding findElement on session f1d7f8c8341e7139ff86c211c7fbe7bb to remote] DEBUG org.asynchttpclient.netty.request.NettyRequestSender - Using open Channel [id: 0xcd1f8bf9, L:/127.0.0.1:58351 - R:localhost/127.0.0.1:52748] for POST '/session/f1d7f8c8341e7139ff86c211c7fbe7bb/element'
17:54:48.654 [AsyncHttpClient-1-17] DEBUG org.asynchttpclient.netty.handler.HttpHandler - 

Request DefaultHttpRequest(decodeResult: success, version: HTTP/1.1)
POST /session/f1d7f8c8341e7139ff86c211c7fbe7bb/element HTTP/1.1
User-Agent: selenium/4.1.2 (java windows)
Content-Length: 153
Content-Type: application/json; charset=utf-8
host: localhost:52748
accept: */*

Response DefaultHttpResponse(decodeResult: success, version: HTTP/1.1)
HTTP/1.1 200 OK
Content-Type: application/json; charset=utf-8
cache-control: no-cache
content-length: 88

17:54:48.654 [AsyncHttpClient-1-17] DEBUG org.asynchttpclient.netty.channel.ChannelManager - Adding key: http://localhost:52748 for channel [id: 0xcd1f8bf9, L:/127.0.0.1:58351 - R:localhost/127.0.0.1:52748]
17:54:48.655 [Forwarding getElementText on session f1d7f8c8341e7139ff86c211c7fbe7bb to remote] DEBUG org.asynchttpclient.netty.request.NettyRequestSender - Using pooled Channel '[id: 0xcd1f8bf9, L:/127.0.0.1:58351 - R:localhost/127.0.0.1:52748]' for 'GET' to 'http://localhost:52748/session/f1d7f8c8341e7139ff86c211c7fbe7bb/element/c02af184-be0f-4987-91fb-fb914d970519/text'
17:54:48.655 [Forwarding getElementText on session f1d7f8c8341e7139ff86c211c7fbe7bb to remote] DEBUG org.asynchttpclient.netty.request.NettyRequestSender - Using open Channel [id: 0xcd1f8bf9, L:/127.0.0.1:58351 - R:localhost/127.0.0.1:52748] for GET '/session/f1d7f8c8341e7139ff86c211c7fbe7bb/element/c02af184-be0f-4987-91fb-fb914d970519/text'
17:54:48.669 [AsyncHttpClient-1-17] DEBUG org.asynchttpclient.netty.handler.HttpHandler - 

Request DefaultFullHttpRequest(decodeResult: success, version: HTTP/1.1, content: EmptyByteBufBE)
GET /session/f1d7f8c8341e7139ff86c211c7fbe7bb/element/c02af184-be0f-4987-91fb-fb914d970519/text HTTP/1.1
User-Agent: selenium/4.1.2 (java windows)
Cache-Control: no-cache
Content-Type: application/json; charset=utf-8
host: localhost:52748
accept: */*

Response DefaultHttpResponse(decodeResult: success, version: HTTP/1.1)
HTTP/1.1 200 OK
Content-Type: application/json; charset=utf-8
cache-control: no-cache
content-length: 19

17:54:48.670 [AsyncHttpClient-1-17] DEBUG org.asynchttpclient.netty.channel.ChannelManager - Adding key: http://localhost:52748 for channel [id: 0xcd1f8bf9, L:/127.0.0.1:58351 - R:localhost/127.0.0.1:52748]
240.000
17:54:48.680 [Forwarding screenshot on session f1d7f8c8341e7139ff86c211c7fbe7bb to remote] DEBUG org.asynchttpclient.netty.request.NettyRequestSender - Using pooled Channel '[id: 0xcd1f8bf9, L:/127.0.0.1:58351 - R:localhost/127.0.0.1:52748]' for 'GET' to 'http://localhost:52748/session/f1d7f8c8341e7139ff86c211c7fbe7bb/screenshot'
17:54:48.680 [Forwarding screenshot on session f1d7f8c8341e7139ff86c211c7fbe7bb to remote] DEBUG org.asynchttpclient.netty.request.NettyRequestSender - Using open Channel [id: 0xcd1f8bf9, L:/127.0.0.1:58351 - R:localhost/127.0.0.1:52748] for GET '/session/f1d7f8c8341e7139ff86c211c7fbe7bb/screenshot'
17:54:48.715 [AsyncHttpClient-1-1] DEBUG org.asynchttpclient.netty.channel.DefaultChannelPool - Entry count for : http://localhost:58352 : 1
17:54:48.834 [AsyncHttpClient-1-17] DEBUG org.asynchttpclient.netty.handler.HttpHandler - 

Request DefaultFullHttpRequest(decodeResult: success, version: HTTP/1.1, content: EmptyByteBufBE)
GET /session/f1d7f8c8341e7139ff86c211c7fbe7bb/screenshot HTTP/1.1
User-Agent: selenium/4.1.2 (java windows)
Cache-Control: no-cache
Content-Type: application/json; charset=utf-8
host: localhost:52748
accept: */*

Response DefaultHttpResponse(decodeResult: success, version: HTTP/1.1)
HTTP/1.1 200 OK
Content-Type: application/json; charset=utf-8
cache-control: no-cache
content-length: 72748

17:54:48.835 [AsyncHttpClient-1-17] DEBUG org.asynchttpclient.netty.channel.ChannelManager - Adding key: http://localhost:52748 for channel [id: 0xcd1f8bf9, L:/127.0.0.1:58351 - R:localhost/127.0.0.1:52748]
17:54:48.838 [main] DEBUG net.serenitybdd.core.photography.Darkroom - Send negative for processing for target\site\serenity\5a2ea1089878690bed55cf8882c0da436af8e6ee560e77877b5a34785ff9358e.png
17:54:48.839 [main] DEBUG net.thucydides.core.steps.StepInterceptor - STEP DONE: getDetailPriceInCard
  &amp#27;[32mWhen &amp#27;[0m&amp#27;[32mI get detail in card &amp#27;[0m&amp#27;[32m&amp#27;[1m1&amp#27;[0m              &amp#27;[90m# starter.stepdefinitions.DetailSteps.iGetDetailInCardProduct(int)&amp#27;[0m
17:54:48.854 [main] DEBUG net.thucydides.core.steps.StepInterceptor - STARTING STEP: DetailSteps.iClickDetailButton - clickDetailButton
17:54:48.857 [Forwarding findElement on session f1d7f8c8341e7139ff86c211c7fbe7bb to remote] DEBUG org.asynchttpclient.netty.request.NettyRequestSender - Using pooled Channel '[id: 0xcd1f8bf9, L:/127.0.0.1:58351 - R:localhost/127.0.0.1:52748]' for 'POST' to 'http://localhost:52748/session/f1d7f8c8341e7139ff86c211c7fbe7bb/element'
17:54:48.857 [Forwarding findElement on session f1d7f8c8341e7139ff86c211c7fbe7bb to remote] DEBUG org.asynchttpclient.netty.request.NettyRequestSender - Using open Channel [id: 0xcd1f8bf9, L:/127.0.0.1:58351 - R:localhost/127.0.0.1:52748] for POST '/session/f1d7f8c8341e7139ff86c211c7fbe7bb/element'
17:54:48.881 [AsyncHttpClient-1-17] DEBUG org.asynchttpclient.netty.handler.HttpHandler - 

Request DefaultHttpRequest(decodeResult: success, version: HTTP/1.1)
POST /session/f1d7f8c8341e7139ff86c211c7fbe7bb/element HTTP/1.1
User-Agent: selenium/4.1.2 (java windows)
Content-Length: 124
Content-Type: application/json; charset=utf-8
host: localhost:52748
accept: */*

Response DefaultHttpResponse(decodeResult: success, version: HTTP/1.1)
HTTP/1.1 200 OK
Content-Type: application/json; charset=utf-8
cache-control: no-cache
content-length: 88

17:54:48.883 [AsyncHttpClient-1-17] DEBUG org.asynchttpclient.netty.channel.ChannelManager - Adding key: http://localhost:52748 for channel [id: 0xcd1f8bf9, L:/127.0.0.1:58351 - R:localhost/127.0.0.1:52748]
17:54:48.884 [Forwarding getElementTagName on session f1d7f8c8341e7139ff86c211c7fbe7bb to remote] DEBUG org.asynchttpclient.netty.request.NettyRequestSender - Using pooled Channel '[id: 0xcd1f8bf9, L:/127.0.0.1:58351 - R:localhost/127.0.0.1:52748]' for 'GET' to 'http://localhost:52748/session/f1d7f8c8341e7139ff86c211c7fbe7bb/element/8799e27e-efd6-4436-adfa-8002c70da8a0/name'
17:54:48.884 [Forwarding getElementTagName on session f1d7f8c8341e7139ff86c211c7fbe7bb to remote] DEBUG org.asynchttpclient.netty.request.NettyRequestSender - Using open Channel [id: 0xcd1f8bf9, L:/127.0.0.1:58351 - R:localhost/127.0.0.1:52748] for GET '/session/f1d7f8c8341e7139ff86c211c7fbe7bb/element/8799e27e-efd6-4436-adfa-8002c70da8a0/name'
17:54:48.889 [AsyncHttpClient-1-17] DEBUG org.asynchttpclient.netty.handler.HttpHandler - 

Request DefaultFullHttpRequest(decodeResult: success, version: HTTP/1.1, content: EmptyByteBufBE)
GET /session/f1d7f8c8341e7139ff86c211c7fbe7bb/element/8799e27e-efd6-4436-adfa-8002c70da8a0/name HTTP/1.1
User-Agent: selenium/4.1.2 (java windows)
Cache-Control: no-cache
Content-Type: application/json; charset=utf-8
host: localhost:52748
accept: */*

Response DefaultHttpResponse(decodeResult: success, version: HTTP/1.1)
HTTP/1.1 200 OK
Content-Type: application/json; charset=utf-8
cache-control: no-cache
content-length: 16

17:54:48.889 [AsyncHttpClient-1-17] DEBUG org.asynchttpclient.netty.channel.ChannelManager - Adding key: http://localhost:52748 for channel [id: 0xcd1f8bf9, L:/127.0.0.1:58351 - R:localhost/127.0.0.1:52748]
17:54:48.890 [Forwarding getElementTagName on session f1d7f8c8341e7139ff86c211c7fbe7bb to remote] DEBUG org.asynchttpclient.netty.request.NettyRequestSender - Using pooled Channel '[id: 0xcd1f8bf9, L:/127.0.0.1:58351 - R:localhost/127.0.0.1:52748]' for 'GET' to 'http://localhost:52748/session/f1d7f8c8341e7139ff86c211c7fbe7bb/element/8799e27e-efd6-4436-adfa-8002c70da8a0/name'
17:54:48.892 [Forwarding getElementTagName on session f1d7f8c8341e7139ff86c211c7fbe7bb to remote] DEBUG org.asynchttpclient.netty.request.NettyRequestSender - Using open Channel [id: 0xcd1f8bf9, L:/127.0.0.1:58351 - R:localhost/127.0.0.1:52748] for GET '/session/f1d7f8c8341e7139ff86c211c7fbe7bb/element/8799e27e-efd6-4436-adfa-8002c70da8a0/name'
17:54:48.895 [AsyncHttpClient-1-17] DEBUG org.asynchttpclient.netty.handler.HttpHandler - 

Request DefaultFullHttpRequest(decodeResult: success, version: HTTP/1.1, content: EmptyByteBufBE)
GET /session/f1d7f8c8341e7139ff86c211c7fbe7bb/element/8799e27e-efd6-4436-adfa-8002c70da8a0/name HTTP/1.1
User-Agent: selenium/4.1.2 (java windows)
Cache-Control: no-cache
Content-Type: application/json; charset=utf-8
host: localhost:52748
accept: */*

Response DefaultHttpResponse(decodeResult: success, version: HTTP/1.1)
HTTP/1.1 200 OK
Content-Type: application/json; charset=utf-8
cache-control: no-cache
content-length: 16

17:54:48.895 [AsyncHttpClient-1-17] DEBUG org.asynchttpclient.netty.channel.ChannelManager - Adding key: http://localhost:52748 for channel [id: 0xcd1f8bf9, L:/127.0.0.1:58351 - R:localhost/127.0.0.1:52748]
17:54:48.898 [Forwarding findElement on session f1d7f8c8341e7139ff86c211c7fbe7bb to remote] DEBUG org.asynchttpclient.netty.request.NettyRequestSender - Using pooled Channel '[id: 0xcd1f8bf9, L:/127.0.0.1:58351 - R:localhost/127.0.0.1:52748]' for 'POST' to 'http://localhost:52748/session/f1d7f8c8341e7139ff86c211c7fbe7bb/element'
17:54:48.898 [Forwarding findElement on session f1d7f8c8341e7139ff86c211c7fbe7bb to remote] DEBUG org.asynchttpclient.netty.request.NettyRequestSender - Using open Channel [id: 0xcd1f8bf9, L:/127.0.0.1:58351 - R:localhost/127.0.0.1:52748] for POST '/session/f1d7f8c8341e7139ff86c211c7fbe7bb/element'
17:54:48.915 [AsyncHttpClient-1-17] DEBUG org.asynchttpclient.netty.handler.HttpHandler - 

Request DefaultHttpRequest(decodeResult: success, version: HTTP/1.1)
POST /session/f1d7f8c8341e7139ff86c211c7fbe7bb/element HTTP/1.1
User-Agent: selenium/4.1.2 (java windows)
Content-Length: 124
Content-Type: application/json; charset=utf-8
host: localhost:52748
accept: */*

Response DefaultHttpResponse(decodeResult: success, version: HTTP/1.1)
HTTP/1.1 200 OK
Content-Type: application/json; charset=utf-8
cache-control: no-cache
content-length: 88

17:54:48.915 [AsyncHttpClient-1-17] DEBUG org.asynchttpclient.netty.channel.ChannelManager - Adding key: http://localhost:52748 for channel [id: 0xcd1f8bf9, L:/127.0.0.1:58351 - R:localhost/127.0.0.1:52748]
17:54:48.917 [Forwarding clickElement on session f1d7f8c8341e7139ff86c211c7fbe7bb to remote] DEBUG org.asynchttpclient.netty.request.NettyRequestSender - Using pooled Channel '[id: 0xcd1f8bf9, L:/127.0.0.1:58351 - R:localhost/127.0.0.1:52748]' for 'POST' to 'http://localhost:52748/session/f1d7f8c8341e7139ff86c211c7fbe7bb/element/8799e27e-efd6-4436-adfa-8002c70da8a0/click'
17:54:48.917 [Forwarding clickElement on session f1d7f8c8341e7139ff86c211c7fbe7bb to remote] DEBUG org.asynchttpclient.netty.request.NettyRequestSender - Using open Channel [id: 0xcd1f8bf9, L:/127.0.0.1:58351 - R:localhost/127.0.0.1:52748] for POST '/session/f1d7f8c8341e7139ff86c211c7fbe7bb/element/8799e27e-efd6-4436-adfa-8002c70da8a0/click'
17:54:48.992 [AsyncHttpClient-1-17] DEBUG org.asynchttpclient.netty.handler.HttpHandler - 

Request DefaultHttpRequest(decodeResult: success, version: HTTP/1.1)
POST /session/f1d7f8c8341e7139ff86c211c7fbe7bb/element/8799e27e-efd6-4436-adfa-8002c70da8a0/click HTTP/1.1
User-Agent: selenium/4.1.2 (java windows)
Content-Length: 50
Content-Type: application/json; charset=utf-8
host: localhost:52748
accept: */*

Response DefaultHttpResponse(decodeResult: success, version: HTTP/1.1)
HTTP/1.1 200 OK
Content-Type: application/json; charset=utf-8
cache-control: no-cache
content-length: 14

17:54:48.992 [AsyncHttpClient-1-17] DEBUG org.asynchttpclient.netty.channel.ChannelManager - Adding key: http://localhost:52748 for channel [id: 0xcd1f8bf9, L:/127.0.0.1:58351 - R:localhost/127.0.0.1:52748]
17:54:49.000 [Forwarding screenshot on session f1d7f8c8341e7139ff86c211c7fbe7bb to remote] DEBUG org.asynchttpclient.netty.request.NettyRequestSender - Using pooled Channel '[id: 0xcd1f8bf9, L:/127.0.0.1:58351 - R:localhost/127.0.0.1:52748]' for 'GET' to 'http://localhost:52748/session/f1d7f8c8341e7139ff86c211c7fbe7bb/screenshot'
17:54:49.000 [Forwarding screenshot on session f1d7f8c8341e7139ff86c211c7fbe7bb to remote] DEBUG org.asynchttpclient.netty.request.NettyRequestSender - Using open Channel [id: 0xcd1f8bf9, L:/127.0.0.1:58351 - R:localhost/127.0.0.1:52748] for GET '/session/f1d7f8c8341e7139ff86c211c7fbe7bb/screenshot'
17:54:49.412 [AsyncHttpClient-1-17] DEBUG org.asynchttpclient.netty.handler.HttpHandler - 

Request DefaultFullHttpRequest(decodeResult: success, version: HTTP/1.1, content: EmptyByteBufBE)
GET /session/f1d7f8c8341e7139ff86c211c7fbe7bb/screenshot HTTP/1.1
User-Agent: selenium/4.1.2 (java windows)
Cache-Control: no-cache
Content-Type: application/json; charset=utf-8
host: localhost:52748
accept: */*

Response DefaultHttpResponse(decodeResult: success, version: HTTP/1.1)
HTTP/1.1 200 OK
Content-Type: application/json; charset=utf-8
cache-control: no-cache
content-length: 17916

17:54:49.412 [AsyncHttpClient-1-17] DEBUG org.asynchttpclient.netty.channel.ChannelManager - Adding key: http://localhost:52748 for channel [id: 0xcd1f8bf9, L:/127.0.0.1:58351 - R:localhost/127.0.0.1:52748]
17:54:49.414 [main] DEBUG net.serenitybdd.core.photography.Darkroom - Send negative for processing for target\site\serenity\bcb7ce733eb869537a0e576368473dfda5a147d6445125a3ae07bc51a5a28944.png
17:54:49.414 [main] DEBUG net.thucydides.core.steps.StepInterceptor - STEP DONE: clickDetailButton
  &amp#27;[32mAnd &amp#27;[0m&amp#27;[32mI click detail button &amp#27;[0m&amp#27;[32m&amp#27;[1m1&amp#27;[0m              &amp#27;[90m# starter.stepdefinitions.DetailSteps.iClickDetailButton(int)&amp#27;[0m
17:54:49.415 [Darkroom Processing Line] DEBUG net.serenitybdd.core.photography.DarkroomProcessingLine - Processing screenshot image in /var/screenshots/screenshot-8401548936882947052
17:54:49.415 [Darkroom Processing Line] DEBUG net.serenitybdd.core.photography.DarkroomProcessingLine - Saving screenshot to target\site\serenity\bcb7ce733eb869537a0e576368473dfda5a147d6445125a3ae07bc51a5a28944.png
17:54:49.433 [main] DEBUG net.thucydides.core.steps.StepInterceptor - STARTING STEP: DetailSteps.iValidateTheDetailProduct - validateProductName
17:54:49.437 [Forwarding findElement on session f1d7f8c8341e7139ff86c211c7fbe7bb to remote] DEBUG org.asynchttpclient.netty.request.NettyRequestSender - Using pooled Channel '[id: 0xcd1f8bf9, L:/127.0.0.1:58351 - R:localhost/127.0.0.1:52748]' for 'POST' to 'http://localhost:52748/session/f1d7f8c8341e7139ff86c211c7fbe7bb/element'
17:54:49.437 [Forwarding findElement on session f1d7f8c8341e7139ff86c211c7fbe7bb to remote] DEBUG org.asynchttpclient.netty.request.NettyRequestSender - Using open Channel [id: 0xcd1f8bf9, L:/127.0.0.1:58351 - R:localhost/127.0.0.1:52748] for POST '/session/f1d7f8c8341e7139ff86c211c7fbe7bb/element'
17:54:49.450 [AsyncHttpClient-1-17] DEBUG org.asynchttpclient.netty.handler.HttpHandler - 

Request DefaultHttpRequest(decodeResult: success, version: HTTP/1.1)
POST /session/f1d7f8c8341e7139ff86c211c7fbe7bb/element HTTP/1.1
User-Agent: selenium/4.1.2 (java windows)
Content-Length: 91
Content-Type: application/json; charset=utf-8
host: localhost:52748
accept: */*

Response DefaultHttpResponse(decodeResult: success, version: HTTP/1.1)
HTTP/1.1 200 OK
Content-Type: application/json; charset=utf-8
cache-control: no-cache
content-length: 88

17:54:49.450 [AsyncHttpClient-1-17] DEBUG org.asynchttpclient.netty.channel.ChannelManager - Adding key: http://localhost:52748 for channel [id: 0xcd1f8bf9, L:/127.0.0.1:58351 - R:localhost/127.0.0.1:52748]
17:54:49.452 [Forwarding getElementText on session f1d7f8c8341e7139ff86c211c7fbe7bb to remote] DEBUG org.asynchttpclient.netty.request.NettyRequestSender - Using pooled Channel '[id: 0xcd1f8bf9, L:/127.0.0.1:58351 - R:localhost/127.0.0.1:52748]' for 'GET' to 'http://localhost:52748/session/f1d7f8c8341e7139ff86c211c7fbe7bb/element/cd283916-c8c6-4643-be38-23a5b863a713/text'
17:54:49.452 [Forwarding getElementText on session f1d7f8c8341e7139ff86c211c7fbe7bb to remote] DEBUG org.asynchttpclient.netty.request.NettyRequestSender - Using open Channel [id: 0xcd1f8bf9, L:/127.0.0.1:58351 - R:localhost/127.0.0.1:52748] for GET '/session/f1d7f8c8341e7139ff86c211c7fbe7bb/element/cd283916-c8c6-4643-be38-23a5b863a713/text'
17:54:49.466 [AsyncHttpClient-1-17] DEBUG org.asynchttpclient.netty.handler.HttpHandler - 

Request DefaultFullHttpRequest(decodeResult: success, version: HTTP/1.1, content: EmptyByteBufBE)
GET /session/f1d7f8c8341e7139ff86c211c7fbe7bb/element/cd283916-c8c6-4643-be38-23a5b863a713/text HTTP/1.1
User-Agent: selenium/4.1.2 (java windows)
Cache-Control: no-cache
Content-Type: application/json; charset=utf-8
host: localhost:52748
accept: */*

Response DefaultHttpResponse(decodeResult: success, version: HTTP/1.1)
HTTP/1.1 200 OK
Content-Type: application/json; charset=utf-8
cache-control: no-cache
content-length: 32

17:54:49.467 [AsyncHttpClient-1-17] DEBUG org.asynchttpclient.netty.channel.ChannelManager - Adding key: http://localhost:52748 for channel [id: 0xcd1f8bf9, L:/127.0.0.1:58351 - R:localhost/127.0.0.1:52748]
17:54:49.473 [Forwarding screenshot on session f1d7f8c8341e7139ff86c211c7fbe7bb to remote] DEBUG org.asynchttpclient.netty.request.NettyRequestSender - Using pooled Channel '[id: 0xcd1f8bf9, L:/127.0.0.1:58351 - R:localhost/127.0.0.1:52748]' for 'GET' to 'http://localhost:52748/session/f1d7f8c8341e7139ff86c211c7fbe7bb/screenshot'
17:54:49.473 [Forwarding screenshot on session f1d7f8c8341e7139ff86c211c7fbe7bb to remote] DEBUG org.asynchttpclient.netty.request.NettyRequestSender - Using open Channel [id: 0xcd1f8bf9, L:/127.0.0.1:58351 - R:localhost/127.0.0.1:52748] for GET '/session/f1d7f8c8341e7139ff86c211c7fbe7bb/screenshot'
17:54:49.639 [AsyncHttpClient-1-17] DEBUG org.asynchttpclient.netty.handler.HttpHandler - 

Request DefaultFullHttpRequest(decodeResult: success, version: HTTP/1.1, content: EmptyByteBufBE)
GET /session/f1d7f8c8341e7139ff86c211c7fbe7bb/screenshot HTTP/1.1
User-Agent: selenium/4.1.2 (java windows)
Cache-Control: no-cache
Content-Type: application/json; charset=utf-8
host: localhost:52748
accept: */*

Response DefaultHttpResponse(decodeResult: success, version: HTTP/1.1)
HTTP/1.1 200 OK
Content-Type: application/json; charset=utf-8
cache-control: no-cache
content-length: 36272

17:54:49.639 [AsyncHttpClient-1-17] DEBUG org.asynchttpclient.netty.channel.ChannelManager - Adding key: http://localhost:52748 for channel [id: 0xcd1f8bf9, L:/127.0.0.1:58351 - R:localhost/127.0.0.1:52748]
17:54:49.642 [main] DEBUG net.serenitybdd.core.photography.Darkroom - Send negative for processing for target\site\serenity\03d95bc4f6524099887941dfee19ed860cb3933c2ec76d0b6ca9fa6caedb97f0.png
17:54:49.642 [main] DEBUG net.thucydides.core.steps.StepInterceptor - STEP DONE: validateProductName
17:54:49.642 [Darkroom Processing Line] DEBUG net.serenitybdd.core.photography.DarkroomProcessingLine - Processing screenshot image in /var/screenshots/screenshot-14321588039173969924
17:54:49.642 [Darkroom Processing Line] DEBUG net.serenitybdd.core.photography.DarkroomProcessingLine - Saving screenshot to target\site\serenity\03d95bc4f6524099887941dfee19ed860cb3933c2ec76d0b6ca9fa6caedb97f0.png
17:54:49.649 [main] DEBUG net.thucydides.core.steps.StepInterceptor - STARTING STEP: DetailSteps.iValidateTheDetailProduct - validateProductPrice
17:54:49.652 [Forwarding findElement on session f1d7f8c8341e7139ff86c211c7fbe7bb to remote] DEBUG org.asynchttpclient.netty.request.NettyRequestSender - Using pooled Channel '[id: 0xcd1f8bf9, L:/127.0.0.1:58351 - R:localhost/127.0.0.1:52748]' for 'POST' to 'http://localhost:52748/session/f1d7f8c8341e7139ff86c211c7fbe7bb/element'
17:54:49.652 [Forwarding findElement on session f1d7f8c8341e7139ff86c211c7fbe7bb to remote] DEBUG org.asynchttpclient.netty.request.NettyRequestSender - Using open Channel [id: 0xcd1f8bf9, L:/127.0.0.1:58351 - R:localhost/127.0.0.1:52748] for POST '/session/f1d7f8c8341e7139ff86c211c7fbe7bb/element'
17:54:49.666 [AsyncHttpClient-1-17] DEBUG org.asynchttpclient.netty.handler.HttpHandler - 

Request DefaultHttpRequest(decodeResult: success, version: HTTP/1.1)
POST /session/f1d7f8c8341e7139ff86c211c7fbe7bb/element HTTP/1.1
User-Agent: selenium/4.1.2 (java windows)
Content-Length: 104
Content-Type: application/json; charset=utf-8
host: localhost:52748
accept: */*

Response DefaultHttpResponse(decodeResult: success, version: HTTP/1.1)
HTTP/1.1 200 OK
Content-Type: application/json; charset=utf-8
cache-control: no-cache
content-length: 88

17:54:49.666 [AsyncHttpClient-1-17] DEBUG org.asynchttpclient.netty.channel.ChannelManager - Adding key: http://localhost:52748 for channel [id: 0xcd1f8bf9, L:/127.0.0.1:58351 - R:localhost/127.0.0.1:52748]
17:54:49.667 [Forwarding getElementText on session f1d7f8c8341e7139ff86c211c7fbe7bb to remote] DEBUG org.asynchttpclient.netty.request.NettyRequestSender - Using pooled Channel '[id: 0xcd1f8bf9, L:/127.0.0.1:58351 - R:localhost/127.0.0.1:52748]' for 'GET' to 'http://localhost:52748/session/f1d7f8c8341e7139ff86c211c7fbe7bb/element/7dc6bf89-df3d-4f86-833c-e320dc559b49/text'
17:54:49.667 [Forwarding getElementText on session f1d7f8c8341e7139ff86c211c7fbe7bb to remote] DEBUG org.asynchttpclient.netty.request.NettyRequestSender - Using open Channel [id: 0xcd1f8bf9, L:/127.0.0.1:58351 - R:localhost/127.0.0.1:52748] for GET '/session/f1d7f8c8341e7139ff86c211c7fbe7bb/element/7dc6bf89-df3d-4f86-833c-e320dc559b49/text'
17:54:49.684 [AsyncHttpClient-1-17] DEBUG org.asynchttpclient.netty.handler.HttpHandler - 

Request DefaultFullHttpRequest(decodeResult: success, version: HTTP/1.1, content: EmptyByteBufBE)
GET /session/f1d7f8c8341e7139ff86c211c7fbe7bb/element/7dc6bf89-df3d-4f86-833c-e320dc559b49/text HTTP/1.1
User-Agent: selenium/4.1.2 (java windows)
Cache-Control: no-cache
Content-Type: application/json; charset=utf-8
host: localhost:52748
accept: */*

Response DefaultHttpResponse(decodeResult: success, version: HTTP/1.1)
HTTP/1.1 200 OK
Content-Type: application/json; charset=utf-8
cache-control: no-cache
content-length: 18

17:54:49.684 [AsyncHttpClient-1-17] DEBUG org.asynchttpclient.netty.channel.ChannelManager - Adding key: http://localhost:52748 for channel [id: 0xcd1f8bf9, L:/127.0.0.1:58351 - R:localhost/127.0.0.1:52748]
17:54:49.689 [main] DEBUG net.thucydides.core.steps.StepInterceptor - STEP DONE: validateProductPrice
  &amp#27;[32mThen &amp#27;[0m&amp#27;[32mI validate the the detail product &amp#27;[0m&amp#27;[32m&amp#27;[1m1&amp#27;[0m &amp#27;[90m# starter.stepdefinitions.DetailSteps.iValidateTheDetailProduct(int)&amp#27;[0m
17:54:49.693 [Forwarding screenshot on session f1d7f8c8341e7139ff86c211c7fbe7bb to remote] DEBUG org.asynchttpclient.netty.request.NettyRequestSender - Using pooled Channel '[id: 0xcd1f8bf9, L:/127.0.0.1:58351 - R:localhost/127.0.0.1:52748]' for 'GET' to 'http://localhost:52748/session/f1d7f8c8341e7139ff86c211c7fbe7bb/screenshot'
17:54:49.693 [Forwarding screenshot on session f1d7f8c8341e7139ff86c211c7fbe7bb to remote] DEBUG org.asynchttpclient.netty.request.NettyRequestSender - Using open Channel [id: 0xcd1f8bf9, L:/127.0.0.1:58351 - R:localhost/127.0.0.1:52748] for GET '/session/f1d7f8c8341e7139ff86c211c7fbe7bb/screenshot'
17:54:49.805 [AsyncHttpClient-1-17] DEBUG org.asynchttpclient.netty.handler.HttpHandler - 

Request DefaultFullHttpRequest(decodeResult: success, version: HTTP/1.1, content: EmptyByteBufBE)
GET /session/f1d7f8c8341e7139ff86c211c7fbe7bb/screenshot HTTP/1.1
User-Agent: selenium/4.1.2 (java windows)
Cache-Control: no-cache
Content-Type: application/json; charset=utf-8
host: localhost:52748
accept: */*

Response DefaultHttpResponse(decodeResult: success, version: HTTP/1.1)
HTTP/1.1 200 OK
Content-Type: application/json; charset=utf-8
cache-control: no-cache
content-length: 39116

17:54:49.805 [AsyncHttpClient-1-17] DEBUG org.asynchttpclient.netty.channel.ChannelManager - Adding key: http://localhost:52748 for channel [id: 0xcd1f8bf9, L:/127.0.0.1:58351 - R:localhost/127.0.0.1:52748]
17:54:49.807 [main] DEBUG net.serenitybdd.core.photography.Darkroom - Send negative for processing for target\site\serenity\63235ac26339a836386441de023113434336f90ccf7b01a09dbf71a5abccb7d6.png
17:54:49.808 [Darkroom Processing Line] DEBUG net.serenitybdd.core.photography.DarkroomProcessingLine - Processing screenshot image in /var/screenshots/screenshot-914143681816190957
17:54:49.808 [Darkroom Processing Line] DEBUG net.serenitybdd.core.photography.DarkroomProcessingLine - Saving screenshot to target\site\serenity\63235ac26339a836386441de023113434336f90ccf7b01a09dbf71a5abccb7d6.png
17:54:49.813 [AsyncHttpClient-1-3] DEBUG org.asynchttpclient.netty.handler.WebSocketHandler - Channel Closed: [id: 0x1f5ad5dd, L:/127.0.0.1:58359 ! R:localhost/127.0.0.1:58352] with attribute NettyResponseFuture{currentRetry=5,
	isDone=1,
	isCancelled=0,
	asyncHandler=org.asynchttpclient.ws.WebSocketUpgradeHandler@469f9556,
	nettyRequest=org.asynchttpclient.netty.request.NettyRequest@1f1f4364,
	future=java.util.concurrent.CompletableFuture@bf0d6ca[Completed normally],
	uri=ws://localhost:58352/devtools/browser/c394c04a-7740-46e5-b156-9713ebaad3a7,
	keepAlive=true,
	redirectCount=0,
	timeoutsHolder=null,
	inAuth=0,
	touch=1652784884847}
17:54:49.813 [AsyncHttpClient-1-3] DEBUG org.asynchttpclient.netty.channel.ChannelManager - Closing Channel [id: 0x1f5ad5dd, L:/127.0.0.1:58359 ! R:localhost/127.0.0.1:58352] 
17:54:49.814 [Driver Command Executor] DEBUG org.asynchttpclient.netty.request.NettyRequestSender - Using pooled Channel '[id: 0xcd1f8bf9, L:/127.0.0.1:58351 - R:localhost/127.0.0.1:52748]' for 'DELETE' to 'http://localhost:52748/session/f1d7f8c8341e7139ff86c211c7fbe7bb'
17:54:49.814 [Driver Command Executor] DEBUG org.asynchttpclient.netty.request.NettyRequestSender - Using open Channel [id: 0xcd1f8bf9, L:/127.0.0.1:58351 - R:localhost/127.0.0.1:52748] for DELETE '/session/f1d7f8c8341e7139ff86c211c7fbe7bb'
17:54:49.815 [AsyncHttpClient-1-1] DEBUG org.asynchttpclient.netty.channel.DefaultChannelPool - Entry count for : http://localhost:58352 : 1
17:54:49.836 [AsyncHttpClient-1-2] DEBUG org.asynchttpclient.netty.handler.HttpHandler - Unexpected I/O exception on channel [id: 0x56683d86, L:/127.0.0.1:58358 - R:localhost/127.0.0.1:58352]
java.net.SocketException: Connection reset
	at java.base/sun.nio.ch.SocketChannelImpl.throwConnectionReset(SocketChannelImpl.java:367)
	at java.base/sun.nio.ch.SocketChannelImpl.read(SocketChannelImpl.java:398)
	at io.netty.buffer.PooledByteBuf.setBytes(PooledByteBuf.java:258)
	at io.netty.buffer.AbstractByteBuf.writeBytes(AbstractByteBuf.java:1132)
	at io.netty.channel.socket.nio.NioSocketChannel.doReadBytes(NioSocketChannel.java:350)
	at io.netty.channel.nio.AbstractNioByteChannel$NioByteUnsafe.read(AbstractNioByteChannel.java:151)
	at io.netty.channel.nio.NioEventLoop.processSelectedKey(NioEventLoop.java:722)
	at io.netty.channel.nio.NioEventLoop.processSelectedKeysOptimized(NioEventLoop.java:658)
	at io.netty.channel.nio.NioEventLoop.processSelectedKeys(NioEventLoop.java:584)
	at io.netty.channel.nio.NioEventLoop.run(NioEventLoop.java:496)
	at io.netty.util.concurrent.SingleThreadEventExecutor$4.run(SingleThreadEventExecutor.java:986)
	at io.netty.util.internal.ThreadExecutorMap$2.run(ThreadExecutorMap.java:74)
	at io.netty.util.concurrent.FastThreadLocalRunnable.run(FastThreadLocalRunnable.java:30)
	at java.base/java.lang.Thread.run(Thread.java:832)
17:54:49.836 [AsyncHttpClient-1-2] DEBUG org.asynchttpclient.netty.channel.ChannelManager - Closing Channel [id: 0x56683d86, L:/127.0.0.1:58358 - R:localhost/127.0.0.1:58352] 
17:54:49.837 [AsyncHttpClient-1-2] DEBUG org.asynchttpclient.netty.handler.HttpHandler - Channel Closed: [id: 0x56683d86, L:/127.0.0.1:58358 ! R:localhost/127.0.0.1:58352] with attribute DISCARD
17:54:49.853 [AsyncHttpClient-1-17] DEBUG org.asynchttpclient.netty.handler.HttpHandler - 

Request DefaultFullHttpRequest(decodeResult: success, version: HTTP/1.1, content: EmptyByteBufBE)
DELETE /session/f1d7f8c8341e7139ff86c211c7fbe7bb HTTP/1.1
User-Agent: selenium/4.1.2 (java windows)
Content-Type: application/json; charset=utf-8
host: localhost:52748
accept: */*

Response DefaultHttpResponse(decodeResult: success, version: HTTP/1.1)
HTTP/1.1 200 OK
Content-Type: application/json; charset=utf-8
cache-control: no-cache
content-length: 14

17:54:49.853 [AsyncHttpClient-1-17] DEBUG org.asynchttpclient.netty.channel.ChannelManager - Adding key: http://localhost:52748 for channel [id: 0xcd1f8bf9, L:/127.0.0.1:58351 - R:localhost/127.0.0.1:52748]
17:54:49.991 [AsyncHttpClient-1-17] DEBUG org.asynchttpclient.netty.handler.HttpHandler - Channel Closed: [id: 0xcd1f8bf9, L:/127.0.0.1:58351 ! R:localhost/127.0.0.1:52748] with attribute DISCARD
]]></system-out>
    <system-err><![CDATA[Starting ChromeDriver 101.0.4951.41 (93c720db8323b3ec10d056025ab95c23a31997c9-refs/branch-heads/4951@{#904}) on port 52748
Only local connections are allowed.
Please see https://chromedriver.chromium.org/security-considerations for suggestions on keeping ChromeDriver safe.
ChromeDriver was started successfully.
May 17, 2022 5:54:44 PM org.openqa.selenium.remote.ProtocolHandshake createSession
INFO: Detected dialect: W3C
May 17, 2022 5:54:44 PM org.openqa.selenium.devtools.CdpVersionFinder findNearestMatch
WARNING: Unable to find an exact match for CDP version 101, so returning the closest version found: 97
May 17, 2022 5:54:44 PM org.openqa.selenium.devtools.CdpVersionFinder findNearestMatch
INFO: Found CDP implementation for version 101 of 97
]]></system-err>
  </testcase>
  <testcase name="Login Scenario #1" classname="Login" time="5.888">
    <system-out><![CDATA[17:54:50.517 [main] INFO io.cucumber.core.plugin.SerenityReporter - Running feature from file:///E:/Learn/ProjectTestWeb/src/test/resources/features/Login.feature
17:54:50.521 [main] DEBUG net.thucydides.core.steps.StepEventBus - Test suite started for story net.thucydides.core.model.Story@23282f08
17:54:50.522 [main] INFO  - Test Suite Started: Login

@Login
Scenario Outline: Login Scenario           &amp#27;[90m# src/test/resources/features/Login.feature:18&amp#27;[0m
17:54:50.536 [main] INFO io.cucumber.core.plugin.SerenityReporter - Running feature from file:///E:/Learn/ProjectTestWeb/src/test/resources/features/Login.feature
17:54:50.540 [main] INFO  - 
  _____   ___   ___   _____     ___   _____     _     ___   _____   ___   ___  
 |_   _| | __| / __| |_   _|   / __| |_   _|   /_\   | _ \ |_   _| | __| |   \ 
   | |   | _|  \__ \   | |     \__ \   | |    / _ \  |   /   | |   | _|  | |) |
   |_|   |___| |___/   |_|     |___/   |_|   /_/ \_\ |_|_\   |_|   |___| |___/ 

Login Scenario(login;login-scenario)
--------------------------------------------------------------------------------
17:54:50.670 [main] INFO net.serenitybdd.core.webdriver.driverproviders.ChromeDriverProvider - Using automatically driver download
17:54:50.887 [main] DEBUG io.github.bonigarcia.wdm.cache.ResolutionCache - Resolution chrome=101 in cache (valid until 18:23:13 17/05/2022 ICT)
17:54:50.894 [main] DEBUG io.github.bonigarcia.wdm.cache.ResolutionCache - Resolution chrome101=101.0.4951.41 in cache (valid until 17:23:13 18/05/2022 ICT)
17:54:50.896 [main] INFO io.github.bonigarcia.wdm.WebDriverManager - Using chromedriver 101.0.4951.41 (resolved driver for Chrome 101)
17:54:50.914 [main] DEBUG io.github.bonigarcia.wdm.WebDriverManager - Driver chromedriver 101.0.4951.41 found in cache
17:54:50.914 [main] INFO io.github.bonigarcia.wdm.WebDriverManager - Exporting webdriver.chrome.driver as C:\Users\HP\.cache\selenium\chromedriver\win32\101.0.4951.41\chromedriver.exe
17:54:50.918 [AsyncHttpClient-1-1] DEBUG org.asynchttpclient.netty.channel.DefaultChannelPool - Entry count for : http://localhost:58352 : 1
17:54:50.918 [AsyncHttpClient-1-1] DEBUG org.asynchttpclient.netty.channel.DefaultChannelPool - Entry count for : http://localhost:52748 : 1
17:54:50.918 [AsyncHttpClient-1-1] DEBUG org.asynchttpclient.netty.channel.DefaultChannelPool - Adding Candidate expired Channel [id: 0x56683d86, L:/127.0.0.1:58358 ! R:localhost/127.0.0.1:58352] isIdleTimeoutExpired=false isRemotelyClosed=true isTtlExpired=false
17:54:50.918 [AsyncHttpClient-1-1] DEBUG org.asynchttpclient.netty.channel.DefaultChannelPool - Closing Idle Channel [id: 0x56683d86, L:/127.0.0.1:58358 ! R:localhost/127.0.0.1:58352]
17:54:50.918 [AsyncHttpClient-1-1] DEBUG org.asynchttpclient.netty.channel.DefaultChannelPool - Adding Candidate expired Channel [id: 0xcd1f8bf9, L:/127.0.0.1:58351 ! R:localhost/127.0.0.1:52748] isIdleTimeoutExpired=false isRemotelyClosed=true isTtlExpired=false
17:54:50.918 [AsyncHttpClient-1-1] DEBUG org.asynchttpclient.netty.channel.DefaultChannelPool - Closing Idle Channel [id: 0xcd1f8bf9, L:/127.0.0.1:58351 ! R:localhost/127.0.0.1:52748]
17:54:50.918 [AsyncHttpClient-1-1] DEBUG org.asynchttpclient.netty.channel.DefaultChannelPool - Closed 2 connections out of 2 in 0 ms
17:54:51.135 [main] DEBUG net.serenitybdd.core.webdriver.driverproviders.ProvideNewDriver - Instantiating driver
17:54:51.135 [main] DEBUG net.serenitybdd.core.webdriver.driverproviders.ProvideNewDriver - Driver capabilities: Capabilities {acceptInsecureCerts: false, base.url: , browserName: chrome, goog:chromeOptions: {args: [], extensions: []}}
17:54:51.685 [AsyncHttpClient-1-4] DEBUG org.asynchttpclient.netty.channel.NettyConnectListener - Using new Channel '[id: 0x0856aeed, L:/127.0.0.1:58380 - R:localhost/127.0.0.1:49549]' for 'POST' to '/session'
17:54:52.411 [AsyncHttpClient-1-4] DEBUG org.asynchttpclient.netty.handler.HttpHandler - 

Request DefaultHttpRequest(decodeResult: success, version: HTTP/1.1)
POST /session HTTP/1.1
User-Agent: selenium/4.1.2 (java windows)
Content-Length: 457
Content-Type: application/json; charset=utf-8
host: localhost:49549
accept: */*

Response DefaultHttpResponse(decodeResult: success, version: HTTP/1.1)
HTTP/1.1 200 OK
Content-Type: application/json; charset=utf-8
cache-control: no-cache
content-length: 787

17:54:52.411 [AsyncHttpClient-1-4] DEBUG org.asynchttpclient.netty.channel.ChannelManager - Adding key: http://localhost:49549 for channel [id: 0x0856aeed, L:/127.0.0.1:58380 - R:localhost/127.0.0.1:49549]
17:54:52.420 [AsyncHttpClient-1-5] DEBUG org.asynchttpclient.netty.channel.NettyConnectListener - Using new Channel '[id: 0xd55def9d, L:/127.0.0.1:58388 - R:localhost/127.0.0.1:58381]' for 'GET' to '/json/version'
17:54:52.421 [AsyncHttpClient-1-5] DEBUG org.asynchttpclient.netty.handler.HttpHandler - 

Request DefaultFullHttpRequest(decodeResult: success, version: HTTP/1.1, content: EmptyByteBufBE)
GET /json/version HTTP/1.1
User-Agent: selenium/4.1.2 (java windows)
host: localhost:58381
accept: */*

Response DefaultHttpResponse(decodeResult: success, version: HTTP/1.1)
HTTP/1.1 200 OK
Content-Type: application/json; charset=UTF-8
content-length: 427

17:54:52.422 [AsyncHttpClient-1-5] DEBUG org.asynchttpclient.netty.channel.ChannelManager - Adding key: http://localhost:58381 for channel [id: 0xd55def9d, L:/127.0.0.1:58388 - R:localhost/127.0.0.1:58381]
17:54:52.425 [AsyncHttpClient-1-6] DEBUG org.asynchttpclient.netty.channel.NettyConnectListener - Using new Channel '[id: 0xaca4c846, L:/127.0.0.1:58389 - R:localhost/127.0.0.1:58381]' for 'GET' to '/devtools/browser/32ea132a-0c5c-4277-a73b-edd3a2e8eb1f'
17:54:52.426 [AsyncHttpClient-1-6] DEBUG org.asynchttpclient.netty.handler.WebSocketHandler - 

Request DefaultFullHttpRequest(decodeResult: success, version: HTTP/1.1, content: EmptyByteBufBE)
GET /devtools/browser/32ea132a-0c5c-4277-a73b-edd3a2e8eb1f HTTP/1.1
upgrade: websocket
connection: upgrade
sec-websocket-key: C5vkC4dT3FiFHul+A6xmiQ==
sec-websocket-version: 13
origin: http://localhost:58381
host: localhost:58381
accept: */*
user-agent: AHC/2.1

Response DefaultHttpResponse(decodeResult: success, version: HTTP/1.1)
HTTP/1.1 101 WebSocket Protocol Handshake
Upgrade: WebSocket
Connection: Upgrade
Sec-WebSocket-Accept: dVwgXG+JOkKfZOBhDk4yvAVUlvQ=

17:54:52.431 [Forwarding get on session 5a75cdec771f18ef239d5886bb1d35aa to remote] DEBUG org.asynchttpclient.netty.request.NettyRequestSender - Using pooled Channel '[id: 0x0856aeed, L:/127.0.0.1:58380 - R:localhost/127.0.0.1:49549]' for 'POST' to 'http://localhost:49549/session/5a75cdec771f18ef239d5886bb1d35aa/url'
17:54:52.432 [Forwarding get on session 5a75cdec771f18ef239d5886bb1d35aa to remote] DEBUG org.asynchttpclient.netty.request.NettyRequestSender - Using open Channel [id: 0x0856aeed, L:/127.0.0.1:58380 - R:localhost/127.0.0.1:49549] for POST '/session/5a75cdec771f18ef239d5886bb1d35aa/url'
17:54:53.113 [AsyncHttpClient-1-1] DEBUG org.asynchttpclient.netty.channel.DefaultChannelPool - Entry count for : http://localhost:58381 : 1
17:54:53.354 [AsyncHttpClient-1-4] DEBUG org.asynchttpclient.netty.handler.HttpHandler - 

Request DefaultHttpRequest(decodeResult: success, version: HTTP/1.1)
POST /session/5a75cdec771f18ef239d5886bb1d35aa/url HTTP/1.1
User-Agent: selenium/4.1.2 (java windows)
Content-Length: 64
Content-Type: application/json; charset=utf-8
host: localhost:49549
accept: */*

Response DefaultHttpResponse(decodeResult: success, version: HTTP/1.1)
HTTP/1.1 200 OK
Content-Type: application/json; charset=utf-8
cache-control: no-cache
content-length: 14

17:54:53.354 [AsyncHttpClient-1-4] DEBUG org.asynchttpclient.netty.channel.ChannelManager - Adding key: http://localhost:49549 for channel [id: 0x0856aeed, L:/127.0.0.1:58380 - R:localhost/127.0.0.1:49549]
17:54:53.355 [Forwarding setTimeout on session 5a75cdec771f18ef239d5886bb1d35aa to remote] DEBUG org.asynchttpclient.netty.request.NettyRequestSender - Using pooled Channel '[id: 0x0856aeed, L:/127.0.0.1:58380 - R:localhost/127.0.0.1:49549]' for 'POST' to 'http://localhost:49549/session/5a75cdec771f18ef239d5886bb1d35aa/timeouts'
17:54:53.355 [Forwarding setTimeout on session 5a75cdec771f18ef239d5886bb1d35aa to remote] DEBUG org.asynchttpclient.netty.request.NettyRequestSender - Using open Channel [id: 0x0856aeed, L:/127.0.0.1:58380 - R:localhost/127.0.0.1:49549] for POST '/session/5a75cdec771f18ef239d5886bb1d35aa/timeouts'
17:54:53.356 [AsyncHttpClient-1-4] DEBUG org.asynchttpclient.netty.handler.HttpHandler - 

Request DefaultHttpRequest(decodeResult: success, version: HTTP/1.1)
POST /session/5a75cdec771f18ef239d5886bb1d35aa/timeouts HTTP/1.1
User-Agent: selenium/4.1.2 (java windows)
Content-Length: 22
Content-Type: application/json; charset=utf-8
host: localhost:49549
accept: */*

Response DefaultHttpResponse(decodeResult: success, version: HTTP/1.1)
HTTP/1.1 200 OK
Content-Type: application/json; charset=utf-8
cache-control: no-cache
content-length: 14

17:54:53.356 [AsyncHttpClient-1-4] DEBUG org.asynchttpclient.netty.channel.ChannelManager - Adding key: http://localhost:49549 for channel [id: 0x0856aeed, L:/127.0.0.1:58380 - R:localhost/127.0.0.1:49549]
17:54:53.359 [Forwarding getCurrentUrl on session 5a75cdec771f18ef239d5886bb1d35aa to remote] DEBUG org.asynchttpclient.netty.request.NettyRequestSender - Using pooled Channel '[id: 0x0856aeed, L:/127.0.0.1:58380 - R:localhost/127.0.0.1:49549]' for 'GET' to 'http://localhost:49549/session/5a75cdec771f18ef239d5886bb1d35aa/url'
17:54:53.359 [Forwarding getCurrentUrl on session 5a75cdec771f18ef239d5886bb1d35aa to remote] DEBUG org.asynchttpclient.netty.request.NettyRequestSender - Using open Channel [id: 0x0856aeed, L:/127.0.0.1:58380 - R:localhost/127.0.0.1:49549] for GET '/session/5a75cdec771f18ef239d5886bb1d35aa/url'
17:54:53.366 [AsyncHttpClient-1-4] DEBUG org.asynchttpclient.netty.handler.HttpHandler - 

Request DefaultFullHttpRequest(decodeResult: success, version: HTTP/1.1, content: EmptyByteBufBE)
GET /session/5a75cdec771f18ef239d5886bb1d35aa/url HTTP/1.1
User-Agent: selenium/4.1.2 (java windows)
Cache-Control: no-cache
Content-Type: application/json; charset=utf-8
host: localhost:49549
accept: */*

Response DefaultHttpResponse(decodeResult: success, version: HTTP/1.1)
HTTP/1.1 200 OK
Content-Type: application/json; charset=utf-8
cache-control: no-cache
content-length: 41

17:54:53.366 [AsyncHttpClient-1-4] DEBUG org.asynchttpclient.netty.channel.ChannelManager - Adding key: http://localhost:49549 for channel [id: 0x0856aeed, L:/127.0.0.1:58380 - R:localhost/127.0.0.1:49549]
17:54:53.376 [main] DEBUG net.serenitybdd.core.photography.Darkroom - Opening darkroom
17:54:53.377 [Forwarding screenshot on session 5a75cdec771f18ef239d5886bb1d35aa to remote] DEBUG org.asynchttpclient.netty.request.NettyRequestSender - Using pooled Channel '[id: 0x0856aeed, L:/127.0.0.1:58380 - R:localhost/127.0.0.1:49549]' for 'GET' to 'http://localhost:49549/session/5a75cdec771f18ef239d5886bb1d35aa/screenshot'
17:54:53.377 [Forwarding screenshot on session 5a75cdec771f18ef239d5886bb1d35aa to remote] DEBUG org.asynchttpclient.netty.request.NettyRequestSender - Using open Channel [id: 0x0856aeed, L:/127.0.0.1:58380 - R:localhost/127.0.0.1:49549] for GET '/session/5a75cdec771f18ef239d5886bb1d35aa/screenshot'
17:54:53.377 [Darkroom Processing Line] DEBUG net.serenitybdd.core.photography.DarkroomProcessingLine - Darkroom processing line starting up
17:54:53.840 [AsyncHttpClient-1-4] DEBUG org.asynchttpclient.netty.handler.HttpHandler - 

Request DefaultFullHttpRequest(decodeResult: success, version: HTTP/1.1, content: EmptyByteBufBE)
GET /session/5a75cdec771f18ef239d5886bb1d35aa/screenshot HTTP/1.1
User-Agent: selenium/4.1.2 (java windows)
Cache-Control: no-cache
Content-Type: application/json; charset=utf-8
host: localhost:49549
accept: */*

Response DefaultHttpResponse(decodeResult: success, version: HTTP/1.1)
HTTP/1.1 200 OK
Content-Type: application/json; charset=utf-8
cache-control: no-cache
content-length: 32228

17:54:53.840 [AsyncHttpClient-1-4] DEBUG org.asynchttpclient.netty.channel.ChannelManager - Adding key: http://localhost:49549 for channel [id: 0x0856aeed, L:/127.0.0.1:58380 - R:localhost/127.0.0.1:49549]
17:54:53.842 [main] DEBUG net.serenitybdd.core.photography.Darkroom - Send negative for processing for target\site\serenity\4510322e36bb11a6014d8509eafdfeb27c6a3a7394c1f9ef4b696c572e41b18d.png
17:54:53.842 [main] DEBUG net.thucydides.core.steps.StepInterceptor - STARTING STEP: LoginSteps.iAmOnTheLoginPage - validateOnLoginPage
17:54:53.843 [Darkroom Processing Line] DEBUG net.serenitybdd.core.photography.DarkroomProcessingLine - Processing screenshot image in /var/screenshots/screenshot-15160908526960655737
17:54:53.843 [Darkroom Processing Line] DEBUG net.serenitybdd.core.photography.DarkroomProcessingLine - Saving screenshot to target\site\serenity\4510322e36bb11a6014d8509eafdfeb27c6a3a7394c1f9ef4b696c572e41b18d.png
17:54:53.845 [Forwarding findElement on session 5a75cdec771f18ef239d5886bb1d35aa to remote] DEBUG org.asynchttpclient.netty.request.NettyRequestSender - Using pooled Channel '[id: 0x0856aeed, L:/127.0.0.1:58380 - R:localhost/127.0.0.1:49549]' for 'POST' to 'http://localhost:49549/session/5a75cdec771f18ef239d5886bb1d35aa/element'
17:54:53.845 [Forwarding findElement on session 5a75cdec771f18ef239d5886bb1d35aa to remote] DEBUG org.asynchttpclient.netty.request.NettyRequestSender - Using open Channel [id: 0x0856aeed, L:/127.0.0.1:58380 - R:localhost/127.0.0.1:49549] for POST '/session/5a75cdec771f18ef239d5886bb1d35aa/element'
17:54:53.858 [AsyncHttpClient-1-4] DEBUG org.asynchttpclient.netty.handler.HttpHandler - 

Request DefaultHttpRequest(decodeResult: success, version: HTTP/1.1)
POST /session/5a75cdec771f18ef239d5886bb1d35aa/element HTTP/1.1
User-Agent: selenium/4.1.2 (java windows)
Content-Length: 92
Content-Type: application/json; charset=utf-8
host: localhost:49549
accept: */*

Response DefaultHttpResponse(decodeResult: success, version: HTTP/1.1)
HTTP/1.1 200 OK
Content-Type: application/json; charset=utf-8
cache-control: no-cache
content-length: 88

17:54:53.858 [AsyncHttpClient-1-4] DEBUG org.asynchttpclient.netty.channel.ChannelManager - Adding key: http://localhost:49549 for channel [id: 0x0856aeed, L:/127.0.0.1:58380 - R:localhost/127.0.0.1:49549]
17:54:53.863 [Forwarding isElementDisplayed on session 5a75cdec771f18ef239d5886bb1d35aa to remote] DEBUG org.asynchttpclient.netty.request.NettyRequestSender - Using pooled Channel '[id: 0x0856aeed, L:/127.0.0.1:58380 - R:localhost/127.0.0.1:49549]' for 'POST' to 'http://localhost:49549/session/5a75cdec771f18ef239d5886bb1d35aa/execute/sync'
17:54:53.863 [Forwarding isElementDisplayed on session 5a75cdec771f18ef239d5886bb1d35aa to remote] DEBUG org.asynchttpclient.netty.request.NettyRequestSender - Using open Channel [id: 0x0856aeed, L:/127.0.0.1:58380 - R:localhost/127.0.0.1:49549] for POST '/session/5a75cdec771f18ef239d5886bb1d35aa/execute/sync'
17:54:53.880 [AsyncHttpClient-1-4] DEBUG org.asynchttpclient.netty.handler.HttpHandler - 

Request DefaultHttpRequest(decodeResult: success, version: HTTP/1.1)
POST /session/5a75cdec771f18ef239d5886bb1d35aa/execute/sync HTTP/1.1
User-Agent: selenium/4.1.2 (java windows)
Content-Length: 48780
Content-Type: application/json; charset=utf-8
host: localhost:49549
accept: */*

Response DefaultHttpResponse(decodeResult: success, version: HTTP/1.1)
HTTP/1.1 200 OK
Content-Type: application/json; charset=utf-8
cache-control: no-cache
content-length: 14

17:54:53.881 [AsyncHttpClient-1-4] DEBUG org.asynchttpclient.netty.channel.ChannelManager - Adding key: http://localhost:49549 for channel [id: 0x0856aeed, L:/127.0.0.1:58380 - R:localhost/127.0.0.1:49549]
17:54:53.885 [main] DEBUG net.thucydides.core.steps.StepInterceptor - STEP DONE: validateOnLoginPage
  &amp#27;[32mGiven &amp#27;[0m&amp#27;[32mI am on the login page&amp#27;[0m             &amp#27;[90m# starter.stepdefinitions.LoginSteps.iAmOnTheLoginPage()&amp#27;[0m
17:54:53.898 [Forwarding screenshot on session 5a75cdec771f18ef239d5886bb1d35aa to remote] DEBUG org.asynchttpclient.netty.request.NettyRequestSender - Using pooled Channel '[id: 0x0856aeed, L:/127.0.0.1:58380 - R:localhost/127.0.0.1:49549]' for 'GET' to 'http://localhost:49549/session/5a75cdec771f18ef239d5886bb1d35aa/screenshot'
17:54:53.899 [Forwarding screenshot on session 5a75cdec771f18ef239d5886bb1d35aa to remote] DEBUG org.asynchttpclient.netty.request.NettyRequestSender - Using open Channel [id: 0x0856aeed, L:/127.0.0.1:58380 - R:localhost/127.0.0.1:49549] for GET '/session/5a75cdec771f18ef239d5886bb1d35aa/screenshot'
17:54:54.027 [AsyncHttpClient-1-4] DEBUG org.asynchttpclient.netty.handler.HttpHandler - 

Request DefaultFullHttpRequest(decodeResult: success, version: HTTP/1.1, content: EmptyByteBufBE)
GET /session/5a75cdec771f18ef239d5886bb1d35aa/screenshot HTTP/1.1
User-Agent: selenium/4.1.2 (java windows)
Cache-Control: no-cache
Content-Type: application/json; charset=utf-8
host: localhost:49549
accept: */*

Response DefaultHttpResponse(decodeResult: success, version: HTTP/1.1)
HTTP/1.1 200 OK
Content-Type: application/json; charset=utf-8
cache-control: no-cache
content-length: 32228

17:54:54.027 [AsyncHttpClient-1-4] DEBUG org.asynchttpclient.netty.channel.ChannelManager - Adding key: http://localhost:49549 for channel [id: 0x0856aeed, L:/127.0.0.1:58380 - R:localhost/127.0.0.1:49549]
17:54:54.029 [main] DEBUG net.serenitybdd.core.photography.Darkroom - Send negative for processing for target\site\serenity\4510322e36bb11a6014d8509eafdfeb27c6a3a7394c1f9ef4b696c572e41b18d.png
17:54:54.036 [main] DEBUG net.thucydides.core.steps.StepInterceptor - STARTING STEP: LoginSteps.iInputEmail - inputEmail
17:54:54.039 [Forwarding findElement on session 5a75cdec771f18ef239d5886bb1d35aa to remote] DEBUG org.asynchttpclient.netty.request.NettyRequestSender - Using pooled Channel '[id: 0x0856aeed, L:/127.0.0.1:58380 - R:localhost/127.0.0.1:49549]' for 'POST' to 'http://localhost:49549/session/5a75cdec771f18ef239d5886bb1d35aa/element'
17:54:54.039 [Forwarding findElement on session 5a75cdec771f18ef239d5886bb1d35aa to remote] DEBUG org.asynchttpclient.netty.request.NettyRequestSender - Using open Channel [id: 0x0856aeed, L:/127.0.0.1:58380 - R:localhost/127.0.0.1:49549] for POST '/session/5a75cdec771f18ef239d5886bb1d35aa/element'
17:54:54.051 [AsyncHttpClient-1-4] DEBUG org.asynchttpclient.netty.handler.HttpHandler - 

Request DefaultHttpRequest(decodeResult: success, version: HTTP/1.1)
POST /session/5a75cdec771f18ef239d5886bb1d35aa/element HTTP/1.1
User-Agent: selenium/4.1.2 (java windows)
Content-Length: 84
Content-Type: application/json; charset=utf-8
host: localhost:49549
accept: */*

Response DefaultHttpResponse(decodeResult: success, version: HTTP/1.1)
HTTP/1.1 200 OK
Content-Type: application/json; charset=utf-8
cache-control: no-cache
content-length: 88

17:54:54.051 [AsyncHttpClient-1-4] DEBUG org.asynchttpclient.netty.channel.ChannelManager - Adding key: http://localhost:49549 for channel [id: 0x0856aeed, L:/127.0.0.1:58380 - R:localhost/127.0.0.1:49549]
17:54:54.053 [Forwarding clearElement on session 5a75cdec771f18ef239d5886bb1d35aa to remote] DEBUG org.asynchttpclient.netty.request.NettyRequestSender - Using pooled Channel '[id: 0x0856aeed, L:/127.0.0.1:58380 - R:localhost/127.0.0.1:49549]' for 'POST' to 'http://localhost:49549/session/5a75cdec771f18ef239d5886bb1d35aa/element/1cdc9806-9689-4181-92bf-69cd401bf27f/clear'
17:54:54.053 [Forwarding clearElement on session 5a75cdec771f18ef239d5886bb1d35aa to remote] DEBUG org.asynchttpclient.netty.request.NettyRequestSender - Using open Channel [id: 0x0856aeed, L:/127.0.0.1:58380 - R:localhost/127.0.0.1:49549] for POST '/session/5a75cdec771f18ef239d5886bb1d35aa/element/1cdc9806-9689-4181-92bf-69cd401bf27f/clear'
17:54:54.091 [AsyncHttpClient-1-4] DEBUG org.asynchttpclient.netty.handler.HttpHandler - 

Request DefaultHttpRequest(decodeResult: success, version: HTTP/1.1)
POST /session/5a75cdec771f18ef239d5886bb1d35aa/element/1cdc9806-9689-4181-92bf-69cd401bf27f/clear HTTP/1.1
User-Agent: selenium/4.1.2 (java windows)
Content-Length: 50
Content-Type: application/json; charset=utf-8
host: localhost:49549
accept: */*

Response DefaultHttpResponse(decodeResult: success, version: HTTP/1.1)
HTTP/1.1 200 OK
Content-Type: application/json; charset=utf-8
cache-control: no-cache
content-length: 14

17:54:54.091 [AsyncHttpClient-1-4] DEBUG org.asynchttpclient.netty.channel.ChannelManager - Adding key: http://localhost:49549 for channel [id: 0x0856aeed, L:/127.0.0.1:58380 - R:localhost/127.0.0.1:49549]
17:54:54.094 [Forwarding sendKeysToElement on session 5a75cdec771f18ef239d5886bb1d35aa to remote] DEBUG org.asynchttpclient.netty.request.NettyRequestSender - Using pooled Channel '[id: 0x0856aeed, L:/127.0.0.1:58380 - R:localhost/127.0.0.1:49549]' for 'POST' to 'http://localhost:49549/session/5a75cdec771f18ef239d5886bb1d35aa/element/1cdc9806-9689-4181-92bf-69cd401bf27f/value'
17:54:54.095 [Forwarding sendKeysToElement on session 5a75cdec771f18ef239d5886bb1d35aa to remote] DEBUG org.asynchttpclient.netty.request.NettyRequestSender - Using open Channel [id: 0x0856aeed, L:/127.0.0.1:58380 - R:localhost/127.0.0.1:49549] for POST '/session/5a75cdec771f18ef239d5886bb1d35aa/element/1cdc9806-9689-4181-92bf-69cd401bf27f/value'
17:54:54.214 [AsyncHttpClient-1-1] DEBUG org.asynchttpclient.netty.channel.DefaultChannelPool - Entry count for : http://localhost:58381 : 1
17:54:54.246 [AsyncHttpClient-1-4] DEBUG org.asynchttpclient.netty.handler.HttpHandler - 

Request DefaultHttpRequest(decodeResult: success, version: HTTP/1.1)
POST /session/5a75cdec771f18ef239d5886bb1d35aa/element/1cdc9806-9689-4181-92bf-69cd401bf27f/value HTTP/1.1
User-Agent: selenium/4.1.2 (java windows)
Content-Length: 271
Content-Type: application/json; charset=utf-8
host: localhost:49549
accept: */*

Response DefaultHttpResponse(decodeResult: success, version: HTTP/1.1)
HTTP/1.1 200 OK
Content-Type: application/json; charset=utf-8
cache-control: no-cache
content-length: 14

17:54:54.246 [AsyncHttpClient-1-4] DEBUG org.asynchttpclient.netty.channel.ChannelManager - Adding key: http://localhost:49549 for channel [id: 0x0856aeed, L:/127.0.0.1:58380 - R:localhost/127.0.0.1:49549]
17:54:54.253 [Forwarding screenshot on session 5a75cdec771f18ef239d5886bb1d35aa to remote] DEBUG org.asynchttpclient.netty.request.NettyRequestSender - Using pooled Channel '[id: 0x0856aeed, L:/127.0.0.1:58380 - R:localhost/127.0.0.1:49549]' for 'GET' to 'http://localhost:49549/session/5a75cdec771f18ef239d5886bb1d35aa/screenshot'
17:54:54.253 [Forwarding screenshot on session 5a75cdec771f18ef239d5886bb1d35aa to remote] DEBUG org.asynchttpclient.netty.request.NettyRequestSender - Using open Channel [id: 0x0856aeed, L:/127.0.0.1:58380 - R:localhost/127.0.0.1:49549] for GET '/session/5a75cdec771f18ef239d5886bb1d35aa/screenshot'
17:54:54.471 [AsyncHttpClient-1-4] DEBUG org.asynchttpclient.netty.handler.HttpHandler - 

Request DefaultFullHttpRequest(decodeResult: success, version: HTTP/1.1, content: EmptyByteBufBE)
GET /session/5a75cdec771f18ef239d5886bb1d35aa/screenshot HTTP/1.1
User-Agent: selenium/4.1.2 (java windows)
Cache-Control: no-cache
Content-Type: application/json; charset=utf-8
host: localhost:49549
accept: */*

Response DefaultHttpResponse(decodeResult: success, version: HTTP/1.1)
HTTP/1.1 200 OK
Content-Type: application/json; charset=utf-8
cache-control: no-cache
content-length: 38060

17:54:54.472 [AsyncHttpClient-1-4] DEBUG org.asynchttpclient.netty.channel.ChannelManager - Adding key: http://localhost:49549 for channel [id: 0x0856aeed, L:/127.0.0.1:58380 - R:localhost/127.0.0.1:49549]
17:54:54.474 [main] DEBUG net.serenitybdd.core.photography.Darkroom - Send negative for processing for target\site\serenity\95533a111cc043b39aa245f21052cb9711984cac8ab20321c59f6327f5a81b36.png
17:54:54.475 [main] DEBUG net.thucydides.core.steps.StepInterceptor - STEP DONE: inputEmail
  &amp#27;[32mWhen &amp#27;[0m&amp#27;[32mI input &amp#27;[0m&amp#27;[32m&amp#27;[1m"jasrivika@gmail.com"&amp#27;[0m&amp#27;[32m email&amp#27;[0m &amp#27;[90m# starter.stepdefinitions.LoginSteps.iInputEmail(java.lang.String)&amp#27;[0m
17:54:54.475 [Darkroom Processing Line] DEBUG net.serenitybdd.core.photography.DarkroomProcessingLine - Processing screenshot image in /var/screenshots/screenshot-16646091086460305992
17:54:54.475 [Darkroom Processing Line] DEBUG net.serenitybdd.core.photography.DarkroomProcessingLine - Saving screenshot to target\site\serenity\95533a111cc043b39aa245f21052cb9711984cac8ab20321c59f6327f5a81b36.png
17:54:54.492 [main] DEBUG net.thucydides.core.steps.StepInterceptor - STARTING STEP: LoginSteps.iInputPassword - inputPassword
17:54:54.494 [Forwarding findElement on session 5a75cdec771f18ef239d5886bb1d35aa to remote] DEBUG org.asynchttpclient.netty.request.NettyRequestSender - Using pooled Channel '[id: 0x0856aeed, L:/127.0.0.1:58380 - R:localhost/127.0.0.1:49549]' for 'POST' to 'http://localhost:49549/session/5a75cdec771f18ef239d5886bb1d35aa/element'
17:54:54.494 [Forwarding findElement on session 5a75cdec771f18ef239d5886bb1d35aa to remote] DEBUG org.asynchttpclient.netty.request.NettyRequestSender - Using open Channel [id: 0x0856aeed, L:/127.0.0.1:58380 - R:localhost/127.0.0.1:49549] for POST '/session/5a75cdec771f18ef239d5886bb1d35aa/element'
17:54:54.509 [AsyncHttpClient-1-4] DEBUG org.asynchttpclient.netty.handler.HttpHandler - 

Request DefaultHttpRequest(decodeResult: success, version: HTTP/1.1)
POST /session/5a75cdec771f18ef239d5886bb1d35aa/element HTTP/1.1
User-Agent: selenium/4.1.2 (java windows)
Content-Length: 87
Content-Type: application/json; charset=utf-8
host: localhost:49549
accept: */*

Response DefaultHttpResponse(decodeResult: success, version: HTTP/1.1)
HTTP/1.1 200 OK
Content-Type: application/json; charset=utf-8
cache-control: no-cache
content-length: 88

17:54:54.509 [AsyncHttpClient-1-4] DEBUG org.asynchttpclient.netty.channel.ChannelManager - Adding key: http://localhost:49549 for channel [id: 0x0856aeed, L:/127.0.0.1:58380 - R:localhost/127.0.0.1:49549]
17:54:54.510 [Forwarding clearElement on session 5a75cdec771f18ef239d5886bb1d35aa to remote] DEBUG org.asynchttpclient.netty.request.NettyRequestSender - Using pooled Channel '[id: 0x0856aeed, L:/127.0.0.1:58380 - R:localhost/127.0.0.1:49549]' for 'POST' to 'http://localhost:49549/session/5a75cdec771f18ef239d5886bb1d35aa/element/670f5dd8-320b-4df0-8ff7-23a0e07d8059/clear'
17:54:54.510 [Forwarding clearElement on session 5a75cdec771f18ef239d5886bb1d35aa to remote] DEBUG org.asynchttpclient.netty.request.NettyRequestSender - Using open Channel [id: 0x0856aeed, L:/127.0.0.1:58380 - R:localhost/127.0.0.1:49549] for POST '/session/5a75cdec771f18ef239d5886bb1d35aa/element/670f5dd8-320b-4df0-8ff7-23a0e07d8059/clear'
17:54:54.551 [AsyncHttpClient-1-4] DEBUG org.asynchttpclient.netty.handler.HttpHandler - 

Request DefaultHttpRequest(decodeResult: success, version: HTTP/1.1)
POST /session/5a75cdec771f18ef239d5886bb1d35aa/element/670f5dd8-320b-4df0-8ff7-23a0e07d8059/clear HTTP/1.1
User-Agent: selenium/4.1.2 (java windows)
Content-Length: 50
Content-Type: application/json; charset=utf-8
host: localhost:49549
accept: */*

Response DefaultHttpResponse(decodeResult: success, version: HTTP/1.1)
HTTP/1.1 200 OK
Content-Type: application/json; charset=utf-8
cache-control: no-cache
content-length: 14

17:54:54.551 [AsyncHttpClient-1-4] DEBUG org.asynchttpclient.netty.channel.ChannelManager - Adding key: http://localhost:49549 for channel [id: 0x0856aeed, L:/127.0.0.1:58380 - R:localhost/127.0.0.1:49549]
17:54:54.553 [Forwarding sendKeysToElement on session 5a75cdec771f18ef239d5886bb1d35aa to remote] DEBUG org.asynchttpclient.netty.request.NettyRequestSender - Using pooled Channel '[id: 0x0856aeed, L:/127.0.0.1:58380 - R:localhost/127.0.0.1:49549]' for 'POST' to 'http://localhost:49549/session/5a75cdec771f18ef239d5886bb1d35aa/element/670f5dd8-320b-4df0-8ff7-23a0e07d8059/value'
17:54:54.553 [Forwarding sendKeysToElement on session 5a75cdec771f18ef239d5886bb1d35aa to remote] DEBUG org.asynchttpclient.netty.request.NettyRequestSender - Using open Channel [id: 0x0856aeed, L:/127.0.0.1:58380 - R:localhost/127.0.0.1:49549] for POST '/session/5a75cdec771f18ef239d5886bb1d35aa/element/670f5dd8-320b-4df0-8ff7-23a0e07d8059/value'
17:54:54.676 [AsyncHttpClient-1-4] DEBUG org.asynchttpclient.netty.handler.HttpHandler - 

Request DefaultHttpRequest(decodeResult: success, version: HTTP/1.1)
POST /session/5a75cdec771f18ef239d5886bb1d35aa/element/670f5dd8-320b-4df0-8ff7-23a0e07d8059/value HTTP/1.1
User-Agent: selenium/4.1.2 (java windows)
Content-Length: 181
Content-Type: application/json; charset=utf-8
host: localhost:49549
accept: */*

Response DefaultHttpResponse(decodeResult: success, version: HTTP/1.1)
HTTP/1.1 200 OK
Content-Type: application/json; charset=utf-8
cache-control: no-cache
content-length: 14

17:54:54.677 [AsyncHttpClient-1-4] DEBUG org.asynchttpclient.netty.channel.ChannelManager - Adding key: http://localhost:49549 for channel [id: 0x0856aeed, L:/127.0.0.1:58380 - R:localhost/127.0.0.1:49549]
17:54:54.686 [Forwarding screenshot on session 5a75cdec771f18ef239d5886bb1d35aa to remote] DEBUG org.asynchttpclient.netty.request.NettyRequestSender - Using pooled Channel '[id: 0x0856aeed, L:/127.0.0.1:58380 - R:localhost/127.0.0.1:49549]' for 'GET' to 'http://localhost:49549/session/5a75cdec771f18ef239d5886bb1d35aa/screenshot'
17:54:54.686 [Forwarding screenshot on session 5a75cdec771f18ef239d5886bb1d35aa to remote] DEBUG org.asynchttpclient.netty.request.NettyRequestSender - Using open Channel [id: 0x0856aeed, L:/127.0.0.1:58380 - R:localhost/127.0.0.1:49549] for GET '/session/5a75cdec771f18ef239d5886bb1d35aa/screenshot'
17:54:54.910 [AsyncHttpClient-1-4] DEBUG org.asynchttpclient.netty.handler.HttpHandler - 

Request DefaultFullHttpRequest(decodeResult: success, version: HTTP/1.1, content: EmptyByteBufBE)
GET /session/5a75cdec771f18ef239d5886bb1d35aa/screenshot HTTP/1.1
User-Agent: selenium/4.1.2 (java windows)
Cache-Control: no-cache
Content-Type: application/json; charset=utf-8
host: localhost:49549
accept: */*

Response DefaultHttpResponse(decodeResult: success, version: HTTP/1.1)
HTTP/1.1 200 OK
Content-Type: application/json; charset=utf-8
cache-control: no-cache
content-length: 41428

17:54:54.910 [AsyncHttpClient-1-4] DEBUG org.asynchttpclient.netty.channel.ChannelManager - Adding key: http://localhost:49549 for channel [id: 0x0856aeed, L:/127.0.0.1:58380 - R:localhost/127.0.0.1:49549]
17:54:54.914 [main] DEBUG net.serenitybdd.core.photography.Darkroom - Send negative for processing for target\site\serenity\52a091e2976c9b682d1409ce1269a06211207ac143270367ed35ef713a7de182.png
17:54:54.914 [main] DEBUG net.thucydides.core.steps.StepInterceptor - STEP DONE: inputPassword
  &amp#27;[32mAnd &amp#27;[0m&amp#27;[32mI input &amp#27;[0m&amp#27;[32m&amp#27;[1m"Doremi@123"&amp#27;[0m&amp#27;[32m password&amp#27;[0m        &amp#27;[90m# starter.stepdefinitions.LoginSteps.iInputPassword(java.lang.String)&amp#27;[0m
17:54:54.915 [Darkroom Processing Line] DEBUG net.serenitybdd.core.photography.DarkroomProcessingLine - Processing screenshot image in /var/screenshots/screenshot-5942814484136577887
17:54:54.915 [Darkroom Processing Line] DEBUG net.serenitybdd.core.photography.DarkroomProcessingLine - Saving screenshot to target\site\serenity\52a091e2976c9b682d1409ce1269a06211207ac143270367ed35ef713a7de182.png
17:54:54.934 [main] DEBUG net.thucydides.core.steps.StepInterceptor - STARTING STEP: LoginSteps.iClickLoginButton - clickLoginButton
17:54:54.938 [Forwarding findElement on session 5a75cdec771f18ef239d5886bb1d35aa to remote] DEBUG org.asynchttpclient.netty.request.NettyRequestSender - Using pooled Channel '[id: 0x0856aeed, L:/127.0.0.1:58380 - R:localhost/127.0.0.1:49549]' for 'POST' to 'http://localhost:49549/session/5a75cdec771f18ef239d5886bb1d35aa/element'
17:54:54.938 [Forwarding findElement on session 5a75cdec771f18ef239d5886bb1d35aa to remote] DEBUG org.asynchttpclient.netty.request.NettyRequestSender - Using open Channel [id: 0x0856aeed, L:/127.0.0.1:58380 - R:localhost/127.0.0.1:49549] for POST '/session/5a75cdec771f18ef239d5886bb1d35aa/element'
17:54:54.948 [AsyncHttpClient-1-4] DEBUG org.asynchttpclient.netty.handler.HttpHandler - 

Request DefaultHttpRequest(decodeResult: success, version: HTTP/1.1)
POST /session/5a75cdec771f18ef239d5886bb1d35aa/element HTTP/1.1
User-Agent: selenium/4.1.2 (java windows)
Content-Length: 92
Content-Type: application/json; charset=utf-8
host: localhost:49549
accept: */*

Response DefaultHttpResponse(decodeResult: success, version: HTTP/1.1)
HTTP/1.1 200 OK
Content-Type: application/json; charset=utf-8
cache-control: no-cache
content-length: 88

17:54:54.948 [AsyncHttpClient-1-4] DEBUG org.asynchttpclient.netty.channel.ChannelManager - Adding key: http://localhost:49549 for channel [id: 0x0856aeed, L:/127.0.0.1:58380 - R:localhost/127.0.0.1:49549]
17:54:54.951 [Forwarding getElementTagName on session 5a75cdec771f18ef239d5886bb1d35aa to remote] DEBUG org.asynchttpclient.netty.request.NettyRequestSender - Using pooled Channel '[id: 0x0856aeed, L:/127.0.0.1:58380 - R:localhost/127.0.0.1:49549]' for 'GET' to 'http://localhost:49549/session/5a75cdec771f18ef239d5886bb1d35aa/element/abc88e19-e8fa-4bb3-a800-3e6effb91e90/name'
17:54:54.951 [Forwarding getElementTagName on session 5a75cdec771f18ef239d5886bb1d35aa to remote] DEBUG org.asynchttpclient.netty.request.NettyRequestSender - Using open Channel [id: 0x0856aeed, L:/127.0.0.1:58380 - R:localhost/127.0.0.1:49549] for GET '/session/5a75cdec771f18ef239d5886bb1d35aa/element/abc88e19-e8fa-4bb3-a800-3e6effb91e90/name'
17:54:54.957 [AsyncHttpClient-1-4] DEBUG org.asynchttpclient.netty.handler.HttpHandler - 

Request DefaultFullHttpRequest(decodeResult: success, version: HTTP/1.1, content: EmptyByteBufBE)
GET /session/5a75cdec771f18ef239d5886bb1d35aa/element/abc88e19-e8fa-4bb3-a800-3e6effb91e90/name HTTP/1.1
User-Agent: selenium/4.1.2 (java windows)
Cache-Control: no-cache
Content-Type: application/json; charset=utf-8
host: localhost:49549
accept: */*

Response DefaultHttpResponse(decodeResult: success, version: HTTP/1.1)
HTTP/1.1 200 OK
Content-Type: application/json; charset=utf-8
cache-control: no-cache
content-length: 18

17:54:54.957 [AsyncHttpClient-1-4] DEBUG org.asynchttpclient.netty.channel.ChannelManager - Adding key: http://localhost:49549 for channel [id: 0x0856aeed, L:/127.0.0.1:58380 - R:localhost/127.0.0.1:49549]
17:54:54.959 [Forwarding getElementTagName on session 5a75cdec771f18ef239d5886bb1d35aa to remote] DEBUG org.asynchttpclient.netty.request.NettyRequestSender - Using pooled Channel '[id: 0x0856aeed, L:/127.0.0.1:58380 - R:localhost/127.0.0.1:49549]' for 'GET' to 'http://localhost:49549/session/5a75cdec771f18ef239d5886bb1d35aa/element/abc88e19-e8fa-4bb3-a800-3e6effb91e90/name'
17:54:54.959 [Forwarding getElementTagName on session 5a75cdec771f18ef239d5886bb1d35aa to remote] DEBUG org.asynchttpclient.netty.request.NettyRequestSender - Using open Channel [id: 0x0856aeed, L:/127.0.0.1:58380 - R:localhost/127.0.0.1:49549] for GET '/session/5a75cdec771f18ef239d5886bb1d35aa/element/abc88e19-e8fa-4bb3-a800-3e6effb91e90/name'
17:54:54.965 [AsyncHttpClient-1-4] DEBUG org.asynchttpclient.netty.handler.HttpHandler - 

Request DefaultFullHttpRequest(decodeResult: success, version: HTTP/1.1, content: EmptyByteBufBE)
GET /session/5a75cdec771f18ef239d5886bb1d35aa/element/abc88e19-e8fa-4bb3-a800-3e6effb91e90/name HTTP/1.1
User-Agent: selenium/4.1.2 (java windows)
Cache-Control: no-cache
Content-Type: application/json; charset=utf-8
host: localhost:49549
accept: */*

Response DefaultHttpResponse(decodeResult: success, version: HTTP/1.1)
HTTP/1.1 200 OK
Content-Type: application/json; charset=utf-8
cache-control: no-cache
content-length: 18

17:54:54.965 [AsyncHttpClient-1-4] DEBUG org.asynchttpclient.netty.channel.ChannelManager - Adding key: http://localhost:49549 for channel [id: 0x0856aeed, L:/127.0.0.1:58380 - R:localhost/127.0.0.1:49549]
17:54:54.969 [Forwarding isElementEnabled on session 5a75cdec771f18ef239d5886bb1d35aa to remote] DEBUG org.asynchttpclient.netty.request.NettyRequestSender - Using pooled Channel '[id: 0x0856aeed, L:/127.0.0.1:58380 - R:localhost/127.0.0.1:49549]' for 'GET' to 'http://localhost:49549/session/5a75cdec771f18ef239d5886bb1d35aa/element/abc88e19-e8fa-4bb3-a800-3e6effb91e90/enabled'
17:54:54.969 [Forwarding isElementEnabled on session 5a75cdec771f18ef239d5886bb1d35aa to remote] DEBUG org.asynchttpclient.netty.request.NettyRequestSender - Using open Channel [id: 0x0856aeed, L:/127.0.0.1:58380 - R:localhost/127.0.0.1:49549] for GET '/session/5a75cdec771f18ef239d5886bb1d35aa/element/abc88e19-e8fa-4bb3-a800-3e6effb91e90/enabled'
17:54:54.982 [AsyncHttpClient-1-4] DEBUG org.asynchttpclient.netty.handler.HttpHandler - 

Request DefaultFullHttpRequest(decodeResult: success, version: HTTP/1.1, content: EmptyByteBufBE)
GET /session/5a75cdec771f18ef239d5886bb1d35aa/element/abc88e19-e8fa-4bb3-a800-3e6effb91e90/enabled HTTP/1.1
User-Agent: selenium/4.1.2 (java windows)
Cache-Control: no-cache
Content-Type: application/json; charset=utf-8
host: localhost:49549
accept: */*

Response DefaultHttpResponse(decodeResult: success, version: HTTP/1.1)
HTTP/1.1 200 OK
Content-Type: application/json; charset=utf-8
cache-control: no-cache
content-length: 14

17:54:54.982 [AsyncHttpClient-1-4] DEBUG org.asynchttpclient.netty.channel.ChannelManager - Adding key: http://localhost:49549 for channel [id: 0x0856aeed, L:/127.0.0.1:58380 - R:localhost/127.0.0.1:49549]
17:54:54.984 [Forwarding isElementEnabled on session 5a75cdec771f18ef239d5886bb1d35aa to remote] DEBUG org.asynchttpclient.netty.request.NettyRequestSender - Using pooled Channel '[id: 0x0856aeed, L:/127.0.0.1:58380 - R:localhost/127.0.0.1:49549]' for 'GET' to 'http://localhost:49549/session/5a75cdec771f18ef239d5886bb1d35aa/element/abc88e19-e8fa-4bb3-a800-3e6effb91e90/enabled'
17:54:54.984 [Forwarding isElementEnabled on session 5a75cdec771f18ef239d5886bb1d35aa to remote] DEBUG org.asynchttpclient.netty.request.NettyRequestSender - Using open Channel [id: 0x0856aeed, L:/127.0.0.1:58380 - R:localhost/127.0.0.1:49549] for GET '/session/5a75cdec771f18ef239d5886bb1d35aa/element/abc88e19-e8fa-4bb3-a800-3e6effb91e90/enabled'
17:54:54.991 [AsyncHttpClient-1-4] DEBUG org.asynchttpclient.netty.handler.HttpHandler - 

Request DefaultFullHttpRequest(decodeResult: success, version: HTTP/1.1, content: EmptyByteBufBE)
GET /session/5a75cdec771f18ef239d5886bb1d35aa/element/abc88e19-e8fa-4bb3-a800-3e6effb91e90/enabled HTTP/1.1
User-Agent: selenium/4.1.2 (java windows)
Cache-Control: no-cache
Content-Type: application/json; charset=utf-8
host: localhost:49549
accept: */*

Response DefaultHttpResponse(decodeResult: success, version: HTTP/1.1)
HTTP/1.1 200 OK
Content-Type: application/json; charset=utf-8
cache-control: no-cache
content-length: 14

17:54:54.992 [AsyncHttpClient-1-4] DEBUG org.asynchttpclient.netty.channel.ChannelManager - Adding key: http://localhost:49549 for channel [id: 0x0856aeed, L:/127.0.0.1:58380 - R:localhost/127.0.0.1:49549]
17:54:54.994 [Forwarding findElement on session 5a75cdec771f18ef239d5886bb1d35aa to remote] DEBUG org.asynchttpclient.netty.request.NettyRequestSender - Using pooled Channel '[id: 0x0856aeed, L:/127.0.0.1:58380 - R:localhost/127.0.0.1:49549]' for 'POST' to 'http://localhost:49549/session/5a75cdec771f18ef239d5886bb1d35aa/element'
17:54:54.994 [Forwarding findElement on session 5a75cdec771f18ef239d5886bb1d35aa to remote] DEBUG org.asynchttpclient.netty.request.NettyRequestSender - Using open Channel [id: 0x0856aeed, L:/127.0.0.1:58380 - R:localhost/127.0.0.1:49549] for POST '/session/5a75cdec771f18ef239d5886bb1d35aa/element'
17:54:55.005 [AsyncHttpClient-1-4] DEBUG org.asynchttpclient.netty.handler.HttpHandler - 

Request DefaultHttpRequest(decodeResult: success, version: HTTP/1.1)
POST /session/5a75cdec771f18ef239d5886bb1d35aa/element HTTP/1.1
User-Agent: selenium/4.1.2 (java windows)
Content-Length: 92
Content-Type: application/json; charset=utf-8
host: localhost:49549
accept: */*

Response DefaultHttpResponse(decodeResult: success, version: HTTP/1.1)
HTTP/1.1 200 OK
Content-Type: application/json; charset=utf-8
cache-control: no-cache
content-length: 88

17:54:55.005 [AsyncHttpClient-1-4] DEBUG org.asynchttpclient.netty.channel.ChannelManager - Adding key: http://localhost:49549 for channel [id: 0x0856aeed, L:/127.0.0.1:58380 - R:localhost/127.0.0.1:49549]
17:54:55.007 [Forwarding clickElement on session 5a75cdec771f18ef239d5886bb1d35aa to remote] DEBUG org.asynchttpclient.netty.request.NettyRequestSender - Using pooled Channel '[id: 0x0856aeed, L:/127.0.0.1:58380 - R:localhost/127.0.0.1:49549]' for 'POST' to 'http://localhost:49549/session/5a75cdec771f18ef239d5886bb1d35aa/element/abc88e19-e8fa-4bb3-a800-3e6effb91e90/click'
17:54:55.007 [Forwarding clickElement on session 5a75cdec771f18ef239d5886bb1d35aa to remote] DEBUG org.asynchttpclient.netty.request.NettyRequestSender - Using open Channel [id: 0x0856aeed, L:/127.0.0.1:58380 - R:localhost/127.0.0.1:49549] for POST '/session/5a75cdec771f18ef239d5886bb1d35aa/element/abc88e19-e8fa-4bb3-a800-3e6effb91e90/click'
17:54:55.065 [AsyncHttpClient-1-4] DEBUG org.asynchttpclient.netty.handler.HttpHandler - 

Request DefaultHttpRequest(decodeResult: success, version: HTTP/1.1)
POST /session/5a75cdec771f18ef239d5886bb1d35aa/element/abc88e19-e8fa-4bb3-a800-3e6effb91e90/click HTTP/1.1
User-Agent: selenium/4.1.2 (java windows)
Content-Length: 50
Content-Type: application/json; charset=utf-8
host: localhost:49549
accept: */*

Response DefaultHttpResponse(decodeResult: success, version: HTTP/1.1)
HTTP/1.1 200 OK
Content-Type: application/json; charset=utf-8
cache-control: no-cache
content-length: 14

17:54:55.065 [AsyncHttpClient-1-4] DEBUG org.asynchttpclient.netty.channel.ChannelManager - Adding key: http://localhost:49549 for channel [id: 0x0856aeed, L:/127.0.0.1:58380 - R:localhost/127.0.0.1:49549]
17:54:55.070 [Forwarding screenshot on session 5a75cdec771f18ef239d5886bb1d35aa to remote] DEBUG org.asynchttpclient.netty.request.NettyRequestSender - Using pooled Channel '[id: 0x0856aeed, L:/127.0.0.1:58380 - R:localhost/127.0.0.1:49549]' for 'GET' to 'http://localhost:49549/session/5a75cdec771f18ef239d5886bb1d35aa/screenshot'
17:54:55.070 [Forwarding screenshot on session 5a75cdec771f18ef239d5886bb1d35aa to remote] DEBUG org.asynchttpclient.netty.request.NettyRequestSender - Using open Channel [id: 0x0856aeed, L:/127.0.0.1:58380 - R:localhost/127.0.0.1:49549] for GET '/session/5a75cdec771f18ef239d5886bb1d35aa/screenshot'
17:54:55.284 [AsyncHttpClient-1-4] DEBUG org.asynchttpclient.netty.handler.HttpHandler - 

Request DefaultFullHttpRequest(decodeResult: success, version: HTTP/1.1, content: EmptyByteBufBE)
GET /session/5a75cdec771f18ef239d5886bb1d35aa/screenshot HTTP/1.1
User-Agent: selenium/4.1.2 (java windows)
Cache-Control: no-cache
Content-Type: application/json; charset=utf-8
host: localhost:49549
accept: */*

Response DefaultHttpResponse(decodeResult: success, version: HTTP/1.1)
HTTP/1.1 200 OK
Content-Type: application/json; charset=utf-8
cache-control: no-cache
content-length: 41080

17:54:55.284 [AsyncHttpClient-1-4] DEBUG org.asynchttpclient.netty.channel.ChannelManager - Adding key: http://localhost:49549 for channel [id: 0x0856aeed, L:/127.0.0.1:58380 - R:localhost/127.0.0.1:49549]
17:54:55.287 [main] DEBUG net.serenitybdd.core.photography.Darkroom - Send negative for processing for target\site\serenity\795cffecdc66c10189f6c4a6c0a6c527fe4b93121f4680eb35ebe5d86045bbd7.png
17:54:55.287 [main] DEBUG net.thucydides.core.steps.StepInterceptor - STEP DONE: clickLoginButton
  &amp#27;[32mAnd &amp#27;[0m&amp#27;[32mI click login button&amp#27;[0m                 &amp#27;[90m# starter.stepdefinitions.LoginSteps.iClickLoginButton()&amp#27;[0m
17:54:55.287 [Darkroom Processing Line] DEBUG net.serenitybdd.core.photography.DarkroomProcessingLine - Processing screenshot image in /var/screenshots/screenshot-10465086438839341401
17:54:55.288 [Darkroom Processing Line] DEBUG net.serenitybdd.core.photography.DarkroomProcessingLine - Saving screenshot to target\site\serenity\795cffecdc66c10189f6c4a6c0a6c527fe4b93121f4680eb35ebe5d86045bbd7.png
17:54:55.304 [Forwarding findElement on session 5a75cdec771f18ef239d5886bb1d35aa to remote] DEBUG org.asynchttpclient.netty.request.NettyRequestSender - Using pooled Channel '[id: 0x0856aeed, L:/127.0.0.1:58380 - R:localhost/127.0.0.1:49549]' for 'POST' to 'http://localhost:49549/session/5a75cdec771f18ef239d5886bb1d35aa/element'
17:54:55.304 [Forwarding findElement on session 5a75cdec771f18ef239d5886bb1d35aa to remote] DEBUG org.asynchttpclient.netty.request.NettyRequestSender - Using open Channel [id: 0x0856aeed, L:/127.0.0.1:58380 - R:localhost/127.0.0.1:49549] for POST '/session/5a75cdec771f18ef239d5886bb1d35aa/element'
17:54:55.313 [AsyncHttpClient-1-1] DEBUG org.asynchttpclient.netty.channel.DefaultChannelPool - Entry count for : http://localhost:58381 : 1
17:54:55.317 [AsyncHttpClient-1-4] DEBUG org.asynchttpclient.netty.handler.HttpHandler - 

Request DefaultHttpRequest(decodeResult: success, version: HTTP/1.1)
POST /session/5a75cdec771f18ef239d5886bb1d35aa/element HTTP/1.1
User-Agent: selenium/4.1.2 (java windows)
Content-Length: 94
Content-Type: application/json; charset=utf-8
host: localhost:49549
accept: */*

Response DefaultHttpResponse(decodeResult: success, version: HTTP/1.1)
HTTP/1.1 200 OK
Content-Type: application/json; charset=utf-8
cache-control: no-cache
content-length: 88

17:54:55.317 [AsyncHttpClient-1-4] DEBUG org.asynchttpclient.netty.channel.ChannelManager - Adding key: http://localhost:49549 for channel [id: 0x0856aeed, L:/127.0.0.1:58380 - R:localhost/127.0.0.1:49549]
17:54:55.323 [Forwarding isElementDisplayed on session 5a75cdec771f18ef239d5886bb1d35aa to remote] DEBUG org.asynchttpclient.netty.request.NettyRequestSender - Using pooled Channel '[id: 0x0856aeed, L:/127.0.0.1:58380 - R:localhost/127.0.0.1:49549]' for 'POST' to 'http://localhost:49549/session/5a75cdec771f18ef239d5886bb1d35aa/execute/sync'
17:54:55.323 [Forwarding isElementDisplayed on session 5a75cdec771f18ef239d5886bb1d35aa to remote] DEBUG org.asynchttpclient.netty.request.NettyRequestSender - Using open Channel [id: 0x0856aeed, L:/127.0.0.1:58380 - R:localhost/127.0.0.1:49549] for POST '/session/5a75cdec771f18ef239d5886bb1d35aa/execute/sync'
17:54:55.401 [AsyncHttpClient-1-4] DEBUG org.asynchttpclient.netty.handler.HttpHandler - 

Request DefaultHttpRequest(decodeResult: success, version: HTTP/1.1)
POST /session/5a75cdec771f18ef239d5886bb1d35aa/execute/sync HTTP/1.1
User-Agent: selenium/4.1.2 (java windows)
Content-Length: 48780
Content-Type: application/json; charset=utf-8
host: localhost:49549
accept: */*

Response DefaultHttpResponse(decodeResult: success, version: HTTP/1.1)
HTTP/1.1 200 OK
Content-Type: application/json; charset=utf-8
cache-control: no-cache
content-length: 14

17:54:55.401 [AsyncHttpClient-1-4] DEBUG org.asynchttpclient.netty.channel.ChannelManager - Adding key: http://localhost:49549 for channel [id: 0x0856aeed, L:/127.0.0.1:58380 - R:localhost/127.0.0.1:49549]
17:54:55.403 [Forwarding findElement on session 5a75cdec771f18ef239d5886bb1d35aa to remote] DEBUG org.asynchttpclient.netty.request.NettyRequestSender - Using pooled Channel '[id: 0x0856aeed, L:/127.0.0.1:58380 - R:localhost/127.0.0.1:49549]' for 'POST' to 'http://localhost:49549/session/5a75cdec771f18ef239d5886bb1d35aa/element'
17:54:55.403 [Forwarding findElement on session 5a75cdec771f18ef239d5886bb1d35aa to remote] DEBUG org.asynchttpclient.netty.request.NettyRequestSender - Using open Channel [id: 0x0856aeed, L:/127.0.0.1:58380 - R:localhost/127.0.0.1:49549] for POST '/session/5a75cdec771f18ef239d5886bb1d35aa/element'
17:54:55.419 [AsyncHttpClient-1-4] DEBUG org.asynchttpclient.netty.handler.HttpHandler - 

Request DefaultHttpRequest(decodeResult: success, version: HTTP/1.1)
POST /session/5a75cdec771f18ef239d5886bb1d35aa/element HTTP/1.1
User-Agent: selenium/4.1.2 (java windows)
Content-Length: 111
Content-Type: application/json; charset=utf-8
host: localhost:49549
accept: */*

Response DefaultHttpResponse(decodeResult: success, version: HTTP/1.1)
HTTP/1.1 200 OK
Content-Type: application/json; charset=utf-8
cache-control: no-cache
content-length: 88

17:54:55.420 [AsyncHttpClient-1-4] DEBUG org.asynchttpclient.netty.channel.ChannelManager - Adding key: http://localhost:49549 for channel [id: 0x0856aeed, L:/127.0.0.1:58380 - R:localhost/127.0.0.1:49549]
17:54:55.420 [Forwarding getElementText on session 5a75cdec771f18ef239d5886bb1d35aa to remote] DEBUG org.asynchttpclient.netty.request.NettyRequestSender - Using pooled Channel '[id: 0x0856aeed, L:/127.0.0.1:58380 - R:localhost/127.0.0.1:49549]' for 'GET' to 'http://localhost:49549/session/5a75cdec771f18ef239d5886bb1d35aa/element/3b3d672f-1144-4974-89c0-60482ad9909b/text'
17:54:55.420 [Forwarding getElementText on session 5a75cdec771f18ef239d5886bb1d35aa to remote] DEBUG org.asynchttpclient.netty.request.NettyRequestSender - Using open Channel [id: 0x0856aeed, L:/127.0.0.1:58380 - R:localhost/127.0.0.1:49549] for GET '/session/5a75cdec771f18ef239d5886bb1d35aa/element/3b3d672f-1144-4974-89c0-60482ad9909b/text'
17:54:55.439 [AsyncHttpClient-1-4] DEBUG org.asynchttpclient.netty.handler.HttpHandler - 

Request DefaultFullHttpRequest(decodeResult: success, version: HTTP/1.1, content: EmptyByteBufBE)
GET /session/5a75cdec771f18ef239d5886bb1d35aa/element/3b3d672f-1144-4974-89c0-60482ad9909b/text HTTP/1.1
User-Agent: selenium/4.1.2 (java windows)
Cache-Control: no-cache
Content-Type: application/json; charset=utf-8
host: localhost:49549
accept: */*

Response DefaultHttpResponse(decodeResult: success, version: HTTP/1.1)
HTTP/1.1 200 OK
Content-Type: application/json; charset=utf-8
cache-control: no-cache
content-length: 20

17:54:55.439 [AsyncHttpClient-1-4] DEBUG org.asynchttpclient.netty.channel.ChannelManager - Adding key: http://localhost:49549 for channel [id: 0x0856aeed, L:/127.0.0.1:58380 - R:localhost/127.0.0.1:49549]
  &amp#27;[32mThen &amp#27;[0m&amp#27;[32mI get the &amp#27;[0m&amp#27;[32m&amp#27;[1m"homepage"&amp#27;[0m                &amp#27;[90m# starter.stepdefinitions.LoginSteps.iGetThe(java.lang.String)&amp#27;[0m
17:54:55.444 [Forwarding screenshot on session 5a75cdec771f18ef239d5886bb1d35aa to remote] DEBUG org.asynchttpclient.netty.request.NettyRequestSender - Using pooled Channel '[id: 0x0856aeed, L:/127.0.0.1:58380 - R:localhost/127.0.0.1:49549]' for 'GET' to 'http://localhost:49549/session/5a75cdec771f18ef239d5886bb1d35aa/screenshot'
17:54:55.444 [Forwarding screenshot on session 5a75cdec771f18ef239d5886bb1d35aa to remote] DEBUG org.asynchttpclient.netty.request.NettyRequestSender - Using open Channel [id: 0x0856aeed, L:/127.0.0.1:58380 - R:localhost/127.0.0.1:49549] for GET '/session/5a75cdec771f18ef239d5886bb1d35aa/screenshot'
17:54:55.677 [AsyncHttpClient-1-4] DEBUG org.asynchttpclient.netty.handler.HttpHandler - 

Request DefaultFullHttpRequest(decodeResult: success, version: HTTP/1.1, content: EmptyByteBufBE)
GET /session/5a75cdec771f18ef239d5886bb1d35aa/screenshot HTTP/1.1
User-Agent: selenium/4.1.2 (java windows)
Cache-Control: no-cache
Content-Type: application/json; charset=utf-8
host: localhost:49549
accept: */*

Response DefaultHttpResponse(decodeResult: success, version: HTTP/1.1)
HTTP/1.1 200 OK
Content-Type: application/json; charset=utf-8
cache-control: no-cache
content-length: 33004

17:54:55.677 [AsyncHttpClient-1-4] DEBUG org.asynchttpclient.netty.channel.ChannelManager - Adding key: http://localhost:49549 for channel [id: 0x0856aeed, L:/127.0.0.1:58380 - R:localhost/127.0.0.1:49549]
17:54:55.681 [main] DEBUG net.serenitybdd.core.photography.Darkroom - Send negative for processing for target\site\serenity\498c612155da57717f6749389f3e822a4b9822bae06c089da8fa03936f8fd83b.png
17:54:55.682 [Darkroom Processing Line] DEBUG net.serenitybdd.core.photography.DarkroomProcessingLine - Processing screenshot image in /var/screenshots/screenshot-5360949771310115221
17:54:55.682 [Darkroom Processing Line] DEBUG net.serenitybdd.core.photography.DarkroomProcessingLine - Saving screenshot to target\site\serenity\498c612155da57717f6749389f3e822a4b9822bae06c089da8fa03936f8fd83b.png
17:54:55.689 [AsyncHttpClient-1-6] DEBUG org.asynchttpclient.netty.handler.WebSocketHandler - Channel Closed: [id: 0xaca4c846, L:/127.0.0.1:58389 ! R:localhost/127.0.0.1:58381] with attribute NettyResponseFuture{currentRetry=5,
	isDone=1,
	isCancelled=0,
	asyncHandler=org.asynchttpclient.ws.WebSocketUpgradeHandler@542e9d37,
	nettyRequest=org.asynchttpclient.netty.request.NettyRequest@6ab80088,
	future=java.util.concurrent.CompletableFuture@2cd55eb8[Completed normally],
	uri=ws://localhost:58381/devtools/browser/32ea132a-0c5c-4277-a73b-edd3a2e8eb1f,
	keepAlive=true,
	redirectCount=0,
	timeoutsHolder=null,
	inAuth=0,
	touch=1652784892426}
17:54:55.689 [AsyncHttpClient-1-6] DEBUG org.asynchttpclient.netty.channel.ChannelManager - Closing Channel [id: 0xaca4c846, L:/127.0.0.1:58389 ! R:localhost/127.0.0.1:58381] 
17:54:55.689 [Driver Command Executor] DEBUG org.asynchttpclient.netty.request.NettyRequestSender - Using pooled Channel '[id: 0x0856aeed, L:/127.0.0.1:58380 - R:localhost/127.0.0.1:49549]' for 'DELETE' to 'http://localhost:49549/session/5a75cdec771f18ef239d5886bb1d35aa'
17:54:55.689 [Driver Command Executor] DEBUG org.asynchttpclient.netty.request.NettyRequestSender - Using open Channel [id: 0x0856aeed, L:/127.0.0.1:58380 - R:localhost/127.0.0.1:49549] for DELETE '/session/5a75cdec771f18ef239d5886bb1d35aa'
17:54:55.720 [AsyncHttpClient-1-5] DEBUG org.asynchttpclient.netty.handler.HttpHandler - Unexpected I/O exception on channel [id: 0xd55def9d, L:/127.0.0.1:58388 - R:localhost/127.0.0.1:58381]
java.net.SocketException: Connection reset
	at java.base/sun.nio.ch.SocketChannelImpl.throwConnectionReset(SocketChannelImpl.java:367)
	at java.base/sun.nio.ch.SocketChannelImpl.read(SocketChannelImpl.java:398)
	at io.netty.buffer.PooledByteBuf.setBytes(PooledByteBuf.java:258)
	at io.netty.buffer.AbstractByteBuf.writeBytes(AbstractByteBuf.java:1132)
	at io.netty.channel.socket.nio.NioSocketChannel.doReadBytes(NioSocketChannel.java:350)
	at io.netty.channel.nio.AbstractNioByteChannel$NioByteUnsafe.read(AbstractNioByteChannel.java:151)
	at io.netty.channel.nio.NioEventLoop.processSelectedKey(NioEventLoop.java:722)
	at io.netty.channel.nio.NioEventLoop.processSelectedKeysOptimized(NioEventLoop.java:658)
	at io.netty.channel.nio.NioEventLoop.processSelectedKeys(NioEventLoop.java:584)
	at io.netty.channel.nio.NioEventLoop.run(NioEventLoop.java:496)
	at io.netty.util.concurrent.SingleThreadEventExecutor$4.run(SingleThreadEventExecutor.java:986)
	at io.netty.util.internal.ThreadExecutorMap$2.run(ThreadExecutorMap.java:74)
	at io.netty.util.concurrent.FastThreadLocalRunnable.run(FastThreadLocalRunnable.java:30)
	at java.base/java.lang.Thread.run(Thread.java:832)
17:54:55.720 [AsyncHttpClient-1-5] DEBUG org.asynchttpclient.netty.channel.ChannelManager - Closing Channel [id: 0xd55def9d, L:/127.0.0.1:58388 - R:localhost/127.0.0.1:58381] 
17:54:55.721 [AsyncHttpClient-1-5] DEBUG org.asynchttpclient.netty.handler.HttpHandler - Channel Closed: [id: 0xd55def9d, L:/127.0.0.1:58388 ! R:localhost/127.0.0.1:58381] with attribute DISCARD
17:54:55.737 [AsyncHttpClient-1-4] DEBUG org.asynchttpclient.netty.handler.HttpHandler - 

Request DefaultFullHttpRequest(decodeResult: success, version: HTTP/1.1, content: EmptyByteBufBE)
DELETE /session/5a75cdec771f18ef239d5886bb1d35aa HTTP/1.1
User-Agent: selenium/4.1.2 (java windows)
Content-Type: application/json; charset=utf-8
host: localhost:49549
accept: */*

Response DefaultHttpResponse(decodeResult: success, version: HTTP/1.1)
HTTP/1.1 200 OK
Content-Type: application/json; charset=utf-8
cache-control: no-cache
content-length: 14

17:54:55.737 [AsyncHttpClient-1-4] DEBUG org.asynchttpclient.netty.channel.ChannelManager - Adding key: http://localhost:49549 for channel [id: 0x0856aeed, L:/127.0.0.1:58380 - R:localhost/127.0.0.1:49549]
17:54:55.874 [AsyncHttpClient-1-4] DEBUG org.asynchttpclient.netty.handler.HttpHandler - Channel Closed: [id: 0x0856aeed, L:/127.0.0.1:58380 ! R:localhost/127.0.0.1:49549] with attribute DISCARD
17:54:56.409 [main] INFO  - 
  _____   ___   ___   _____     ___     _     ___   ___   ___   ___  
 |_   _| | __| / __| |_   _|   | _ \   /_\   / __| / __| | __| |   \ 
   | |   | _|  \__ \   | |     |  _/  / _ \  \__ \ \__ \ | _|  | |) |
   |_|   |___| |___/   |_|     |_|   /_/ \_\ |___/ |___/ |___| |___/ 

Login Scenario
----------------------------------------------------------------------
]]></system-out>
    <system-err><![CDATA[Starting ChromeDriver 101.0.4951.41 (93c720db8323b3ec10d056025ab95c23a31997c9-refs/branch-heads/4951@{#904}) on port 49549
Only local connections are allowed.
Please see https://chromedriver.chromium.org/security-considerations for suggestions on keeping ChromeDriver safe.
ChromeDriver was started successfully.
May 17, 2022 5:54:52 PM org.openqa.selenium.remote.ProtocolHandshake createSession
INFO: Detected dialect: W3C
May 17, 2022 5:54:52 PM org.openqa.selenium.devtools.CdpVersionFinder findNearestMatch
WARNING: Unable to find an exact match for CDP version 101, so returning the closest version found: 97
May 17, 2022 5:54:52 PM org.openqa.selenium.devtools.CdpVersionFinder findNearestMatch
INFO: Found CDP implementation for version 101 of 97
]]></system-err>
  </testcase>
  <testcase name="Login Scenario #2" classname="Login" time="5.688">
    <system-out><![CDATA[17:54:56.414 [AsyncHttpClient-1-1] DEBUG org.asynchttpclient.netty.channel.DefaultChannelPool - Entry count for : http://localhost:58381 : 1
17:54:56.414 [AsyncHttpClient-1-1] DEBUG org.asynchttpclient.netty.channel.DefaultChannelPool - Entry count for : http://localhost:49549 : 1
17:54:56.414 [AsyncHttpClient-1-1] DEBUG org.asynchttpclient.netty.channel.DefaultChannelPool - Adding Candidate expired Channel [id: 0xd55def9d, L:/127.0.0.1:58388 ! R:localhost/127.0.0.1:58381] isIdleTimeoutExpired=false isRemotelyClosed=true isTtlExpired=false
17:54:56.414 [AsyncHttpClient-1-1] DEBUG org.asynchttpclient.netty.channel.DefaultChannelPool - Closing Idle Channel [id: 0xd55def9d, L:/127.0.0.1:58388 ! R:localhost/127.0.0.1:58381]
17:54:56.414 [AsyncHttpClient-1-1] DEBUG org.asynchttpclient.netty.channel.DefaultChannelPool - Adding Candidate expired Channel [id: 0x0856aeed, L:/127.0.0.1:58380 ! R:localhost/127.0.0.1:49549] isIdleTimeoutExpired=false isRemotelyClosed=true isTtlExpired=false
17:54:56.414 [AsyncHttpClient-1-1] DEBUG org.asynchttpclient.netty.channel.DefaultChannelPool - Closing Idle Channel [id: 0x0856aeed, L:/127.0.0.1:58380 ! R:localhost/127.0.0.1:49549]
17:54:56.414 [AsyncHttpClient-1-1] DEBUG org.asynchttpclient.netty.channel.DefaultChannelPool - Closed 2 connections out of 2 in 0 ms

@Login
Scenario Outline: Login Scenario       &amp#27;[90m# src/test/resources/features/Login.feature:19&amp#27;[0m
17:54:56.426 [main] INFO io.cucumber.core.plugin.SerenityReporter - Running feature from file:///E:/Learn/ProjectTestWeb/src/test/resources/features/Login.feature
17:54:56.460 [main] INFO net.serenitybdd.core.webdriver.driverproviders.ChromeDriverProvider - Using automatically driver download
17:54:56.696 [main] DEBUG io.github.bonigarcia.wdm.cache.ResolutionCache - Resolution chrome=101 in cache (valid until 18:23:13 17/05/2022 ICT)
17:54:56.701 [main] DEBUG io.github.bonigarcia.wdm.cache.ResolutionCache - Resolution chrome101=101.0.4951.41 in cache (valid until 17:23:13 18/05/2022 ICT)
17:54:56.704 [main] INFO io.github.bonigarcia.wdm.WebDriverManager - Using chromedriver 101.0.4951.41 (resolved driver for Chrome 101)
17:54:56.716 [main] DEBUG io.github.bonigarcia.wdm.WebDriverManager - Driver chromedriver 101.0.4951.41 found in cache
17:54:56.717 [main] INFO io.github.bonigarcia.wdm.WebDriverManager - Exporting webdriver.chrome.driver as C:\Users\HP\.cache\selenium\chromedriver\win32\101.0.4951.41\chromedriver.exe
17:54:56.943 [main] DEBUG net.serenitybdd.core.webdriver.driverproviders.ProvideNewDriver - Instantiating driver
17:54:56.943 [main] DEBUG net.serenitybdd.core.webdriver.driverproviders.ProvideNewDriver - Driver capabilities: Capabilities {acceptInsecureCerts: false, base.url: , browserName: chrome, goog:chromeOptions: {args: [], extensions: []}}
17:54:57.500 [AsyncHttpClient-1-7] DEBUG org.asynchttpclient.netty.channel.NettyConnectListener - Using new Channel '[id: 0x9d0316f5, L:/127.0.0.1:58410 - R:localhost/127.0.0.1:60404]' for 'POST' to '/session'
17:54:58.152 [AsyncHttpClient-1-7] DEBUG org.asynchttpclient.netty.handler.HttpHandler - 

Request DefaultHttpRequest(decodeResult: success, version: HTTP/1.1)
POST /session HTTP/1.1
User-Agent: selenium/4.1.2 (java windows)
Content-Length: 457
Content-Type: application/json; charset=utf-8
host: localhost:60404
accept: */*

Response DefaultHttpResponse(decodeResult: success, version: HTTP/1.1)
HTTP/1.1 200 OK
Content-Type: application/json; charset=utf-8
cache-control: no-cache
content-length: 786

17:54:58.152 [AsyncHttpClient-1-7] DEBUG org.asynchttpclient.netty.channel.ChannelManager - Adding key: http://localhost:60404 for channel [id: 0x9d0316f5, L:/127.0.0.1:58410 - R:localhost/127.0.0.1:60404]
17:54:58.163 [AsyncHttpClient-1-8] DEBUG org.asynchttpclient.netty.channel.NettyConnectListener - Using new Channel '[id: 0x0e509df3, L:/127.0.0.1:58417 - R:localhost/127.0.0.1:58411]' for 'GET' to '/json/version'
17:54:58.164 [AsyncHttpClient-1-8] DEBUG org.asynchttpclient.netty.handler.HttpHandler - 

Request DefaultFullHttpRequest(decodeResult: success, version: HTTP/1.1, content: EmptyByteBufBE)
GET /json/version HTTP/1.1
User-Agent: selenium/4.1.2 (java windows)
host: localhost:58411
accept: */*

Response DefaultHttpResponse(decodeResult: success, version: HTTP/1.1)
HTTP/1.1 200 OK
Content-Type: application/json; charset=UTF-8
content-length: 427

17:54:58.164 [AsyncHttpClient-1-8] DEBUG org.asynchttpclient.netty.channel.ChannelManager - Adding key: http://localhost:58411 for channel [id: 0x0e509df3, L:/127.0.0.1:58417 - R:localhost/127.0.0.1:58411]
17:54:58.167 [AsyncHttpClient-1-9] DEBUG org.asynchttpclient.netty.channel.NettyConnectListener - Using new Channel '[id: 0xccb40c02, L:/127.0.0.1:58418 - R:localhost/127.0.0.1:58411]' for 'GET' to '/devtools/browser/11bf418c-de30-418c-a2b8-805b4ad76945'
17:54:58.168 [AsyncHttpClient-1-9] DEBUG org.asynchttpclient.netty.handler.WebSocketHandler - 

Request DefaultFullHttpRequest(decodeResult: success, version: HTTP/1.1, content: EmptyByteBufBE)
GET /devtools/browser/11bf418c-de30-418c-a2b8-805b4ad76945 HTTP/1.1
upgrade: websocket
connection: upgrade
sec-websocket-key: nbLwy/soQWu/cxTyHmgKkw==
sec-websocket-version: 13
origin: http://localhost:58411
host: localhost:58411
accept: */*
user-agent: AHC/2.1

Response DefaultHttpResponse(decodeResult: success, version: HTTP/1.1)
HTTP/1.1 101 WebSocket Protocol Handshake
Upgrade: WebSocket
Connection: Upgrade
Sec-WebSocket-Accept: kJiVU47pkCUH1UpHpByshz+0sJg=

17:54:58.173 [Forwarding get on session d4798d6949a46ddc20525c7067623a3c to remote] DEBUG org.asynchttpclient.netty.request.NettyRequestSender - Using pooled Channel '[id: 0x9d0316f5, L:/127.0.0.1:58410 - R:localhost/127.0.0.1:60404]' for 'POST' to 'http://localhost:60404/session/d4798d6949a46ddc20525c7067623a3c/url'
17:54:58.173 [Forwarding get on session d4798d6949a46ddc20525c7067623a3c to remote] DEBUG org.asynchttpclient.netty.request.NettyRequestSender - Using open Channel [id: 0x9d0316f5, L:/127.0.0.1:58410 - R:localhost/127.0.0.1:60404] for POST '/session/d4798d6949a46ddc20525c7067623a3c/url'
17:54:58.622 [AsyncHttpClient-1-1] DEBUG org.asynchttpclient.netty.channel.DefaultChannelPool - Entry count for : http://localhost:58411 : 1
17:54:59.169 [AsyncHttpClient-1-7] DEBUG org.asynchttpclient.netty.handler.HttpHandler - 

Request DefaultHttpRequest(decodeResult: success, version: HTTP/1.1)
POST /session/d4798d6949a46ddc20525c7067623a3c/url HTTP/1.1
User-Agent: selenium/4.1.2 (java windows)
Content-Length: 64
Content-Type: application/json; charset=utf-8
host: localhost:60404
accept: */*

Response DefaultHttpResponse(decodeResult: success, version: HTTP/1.1)
HTTP/1.1 200 OK
Content-Type: application/json; charset=utf-8
cache-control: no-cache
content-length: 14

17:54:59.169 [AsyncHttpClient-1-7] DEBUG org.asynchttpclient.netty.channel.ChannelManager - Adding key: http://localhost:60404 for channel [id: 0x9d0316f5, L:/127.0.0.1:58410 - R:localhost/127.0.0.1:60404]
17:54:59.170 [Forwarding setTimeout on session d4798d6949a46ddc20525c7067623a3c to remote] DEBUG org.asynchttpclient.netty.request.NettyRequestSender - Using pooled Channel '[id: 0x9d0316f5, L:/127.0.0.1:58410 - R:localhost/127.0.0.1:60404]' for 'POST' to 'http://localhost:60404/session/d4798d6949a46ddc20525c7067623a3c/timeouts'
17:54:59.170 [Forwarding setTimeout on session d4798d6949a46ddc20525c7067623a3c to remote] DEBUG org.asynchttpclient.netty.request.NettyRequestSender - Using open Channel [id: 0x9d0316f5, L:/127.0.0.1:58410 - R:localhost/127.0.0.1:60404] for POST '/session/d4798d6949a46ddc20525c7067623a3c/timeouts'
17:54:59.171 [AsyncHttpClient-1-7] DEBUG org.asynchttpclient.netty.handler.HttpHandler - 

Request DefaultHttpRequest(decodeResult: success, version: HTTP/1.1)
POST /session/d4798d6949a46ddc20525c7067623a3c/timeouts HTTP/1.1
User-Agent: selenium/4.1.2 (java windows)
Content-Length: 22
Content-Type: application/json; charset=utf-8
host: localhost:60404
accept: */*

Response DefaultHttpResponse(decodeResult: success, version: HTTP/1.1)
HTTP/1.1 200 OK
Content-Type: application/json; charset=utf-8
cache-control: no-cache
content-length: 14

17:54:59.171 [AsyncHttpClient-1-7] DEBUG org.asynchttpclient.netty.channel.ChannelManager - Adding key: http://localhost:60404 for channel [id: 0x9d0316f5, L:/127.0.0.1:58410 - R:localhost/127.0.0.1:60404]
17:54:59.173 [Forwarding getCurrentUrl on session d4798d6949a46ddc20525c7067623a3c to remote] DEBUG org.asynchttpclient.netty.request.NettyRequestSender - Using pooled Channel '[id: 0x9d0316f5, L:/127.0.0.1:58410 - R:localhost/127.0.0.1:60404]' for 'GET' to 'http://localhost:60404/session/d4798d6949a46ddc20525c7067623a3c/url'
17:54:59.174 [Forwarding getCurrentUrl on session d4798d6949a46ddc20525c7067623a3c to remote] DEBUG org.asynchttpclient.netty.request.NettyRequestSender - Using open Channel [id: 0x9d0316f5, L:/127.0.0.1:58410 - R:localhost/127.0.0.1:60404] for GET '/session/d4798d6949a46ddc20525c7067623a3c/url'
17:54:59.179 [AsyncHttpClient-1-7] DEBUG org.asynchttpclient.netty.handler.HttpHandler - 

Request DefaultFullHttpRequest(decodeResult: success, version: HTTP/1.1, content: EmptyByteBufBE)
GET /session/d4798d6949a46ddc20525c7067623a3c/url HTTP/1.1
User-Agent: selenium/4.1.2 (java windows)
Cache-Control: no-cache
Content-Type: application/json; charset=utf-8
host: localhost:60404
accept: */*

Response DefaultHttpResponse(decodeResult: success, version: HTTP/1.1)
HTTP/1.1 200 OK
Content-Type: application/json; charset=utf-8
cache-control: no-cache
content-length: 41

17:54:59.180 [AsyncHttpClient-1-7] DEBUG org.asynchttpclient.netty.channel.ChannelManager - Adding key: http://localhost:60404 for channel [id: 0x9d0316f5, L:/127.0.0.1:58410 - R:localhost/127.0.0.1:60404]
17:54:59.187 [Forwarding screenshot on session d4798d6949a46ddc20525c7067623a3c to remote] DEBUG org.asynchttpclient.netty.request.NettyRequestSender - Using pooled Channel '[id: 0x9d0316f5, L:/127.0.0.1:58410 - R:localhost/127.0.0.1:60404]' for 'GET' to 'http://localhost:60404/session/d4798d6949a46ddc20525c7067623a3c/screenshot'
17:54:59.187 [Forwarding screenshot on session d4798d6949a46ddc20525c7067623a3c to remote] DEBUG org.asynchttpclient.netty.request.NettyRequestSender - Using open Channel [id: 0x9d0316f5, L:/127.0.0.1:58410 - R:localhost/127.0.0.1:60404] for GET '/session/d4798d6949a46ddc20525c7067623a3c/screenshot'
17:54:59.617 [AsyncHttpClient-1-7] DEBUG org.asynchttpclient.netty.handler.HttpHandler - 

Request DefaultFullHttpRequest(decodeResult: success, version: HTTP/1.1, content: EmptyByteBufBE)
GET /session/d4798d6949a46ddc20525c7067623a3c/screenshot HTTP/1.1
User-Agent: selenium/4.1.2 (java windows)
Cache-Control: no-cache
Content-Type: application/json; charset=utf-8
host: localhost:60404
accept: */*

Response DefaultHttpResponse(decodeResult: success, version: HTTP/1.1)
HTTP/1.1 200 OK
Content-Type: application/json; charset=utf-8
cache-control: no-cache
content-length: 32228

17:54:59.618 [AsyncHttpClient-1-7] DEBUG org.asynchttpclient.netty.channel.ChannelManager - Adding key: http://localhost:60404 for channel [id: 0x9d0316f5, L:/127.0.0.1:58410 - R:localhost/127.0.0.1:60404]
17:54:59.619 [main] DEBUG net.serenitybdd.core.photography.Darkroom - Send negative for processing for target\site\serenity\4510322e36bb11a6014d8509eafdfeb27c6a3a7394c1f9ef4b696c572e41b18d.png
17:54:59.620 [main] DEBUG net.thucydides.core.steps.StepInterceptor - STARTING STEP: LoginSteps.iAmOnTheLoginPage - validateOnLoginPage
17:54:59.622 [Forwarding findElement on session d4798d6949a46ddc20525c7067623a3c to remote] DEBUG org.asynchttpclient.netty.request.NettyRequestSender - Using pooled Channel '[id: 0x9d0316f5, L:/127.0.0.1:58410 - R:localhost/127.0.0.1:60404]' for 'POST' to 'http://localhost:60404/session/d4798d6949a46ddc20525c7067623a3c/element'
17:54:59.622 [Forwarding findElement on session d4798d6949a46ddc20525c7067623a3c to remote] DEBUG org.asynchttpclient.netty.request.NettyRequestSender - Using open Channel [id: 0x9d0316f5, L:/127.0.0.1:58410 - R:localhost/127.0.0.1:60404] for POST '/session/d4798d6949a46ddc20525c7067623a3c/element'
17:54:59.634 [AsyncHttpClient-1-7] DEBUG org.asynchttpclient.netty.handler.HttpHandler - 

Request DefaultHttpRequest(decodeResult: success, version: HTTP/1.1)
POST /session/d4798d6949a46ddc20525c7067623a3c/element HTTP/1.1
User-Agent: selenium/4.1.2 (java windows)
Content-Length: 92
Content-Type: application/json; charset=utf-8
host: localhost:60404
accept: */*

Response DefaultHttpResponse(decodeResult: success, version: HTTP/1.1)
HTTP/1.1 200 OK
Content-Type: application/json; charset=utf-8
cache-control: no-cache
content-length: 88

17:54:59.634 [AsyncHttpClient-1-7] DEBUG org.asynchttpclient.netty.channel.ChannelManager - Adding key: http://localhost:60404 for channel [id: 0x9d0316f5, L:/127.0.0.1:58410 - R:localhost/127.0.0.1:60404]
17:54:59.639 [Forwarding isElementDisplayed on session d4798d6949a46ddc20525c7067623a3c to remote] DEBUG org.asynchttpclient.netty.request.NettyRequestSender - Using pooled Channel '[id: 0x9d0316f5, L:/127.0.0.1:58410 - R:localhost/127.0.0.1:60404]' for 'POST' to 'http://localhost:60404/session/d4798d6949a46ddc20525c7067623a3c/execute/sync'
17:54:59.639 [Forwarding isElementDisplayed on session d4798d6949a46ddc20525c7067623a3c to remote] DEBUG org.asynchttpclient.netty.request.NettyRequestSender - Using open Channel [id: 0x9d0316f5, L:/127.0.0.1:58410 - R:localhost/127.0.0.1:60404] for POST '/session/d4798d6949a46ddc20525c7067623a3c/execute/sync'
17:54:59.655 [AsyncHttpClient-1-7] DEBUG org.asynchttpclient.netty.handler.HttpHandler - 

Request DefaultHttpRequest(decodeResult: success, version: HTTP/1.1)
POST /session/d4798d6949a46ddc20525c7067623a3c/execute/sync HTTP/1.1
User-Agent: selenium/4.1.2 (java windows)
Content-Length: 48780
Content-Type: application/json; charset=utf-8
host: localhost:60404
accept: */*

Response DefaultHttpResponse(decodeResult: success, version: HTTP/1.1)
HTTP/1.1 200 OK
Content-Type: application/json; charset=utf-8
cache-control: no-cache
content-length: 14

17:54:59.655 [AsyncHttpClient-1-7] DEBUG org.asynchttpclient.netty.channel.ChannelManager - Adding key: http://localhost:60404 for channel [id: 0x9d0316f5, L:/127.0.0.1:58410 - R:localhost/127.0.0.1:60404]
17:54:59.660 [main] DEBUG net.thucydides.core.steps.StepInterceptor - STEP DONE: validateOnLoginPage
  &amp#27;[32mGiven &amp#27;[0m&amp#27;[32mI am on the login page&amp#27;[0m         &amp#27;[90m# starter.stepdefinitions.LoginSteps.iAmOnTheLoginPage()&amp#27;[0m
17:54:59.674 [Forwarding screenshot on session d4798d6949a46ddc20525c7067623a3c to remote] DEBUG org.asynchttpclient.netty.request.NettyRequestSender - Using pooled Channel '[id: 0x9d0316f5, L:/127.0.0.1:58410 - R:localhost/127.0.0.1:60404]' for 'GET' to 'http://localhost:60404/session/d4798d6949a46ddc20525c7067623a3c/screenshot'
17:54:59.674 [Forwarding screenshot on session d4798d6949a46ddc20525c7067623a3c to remote] DEBUG org.asynchttpclient.netty.request.NettyRequestSender - Using open Channel [id: 0x9d0316f5, L:/127.0.0.1:58410 - R:localhost/127.0.0.1:60404] for GET '/session/d4798d6949a46ddc20525c7067623a3c/screenshot'
17:54:59.720 [AsyncHttpClient-1-1] DEBUG org.asynchttpclient.netty.channel.DefaultChannelPool - Entry count for : http://localhost:58411 : 1
17:54:59.839 [AsyncHttpClient-1-7] DEBUG org.asynchttpclient.netty.handler.HttpHandler - 

Request DefaultFullHttpRequest(decodeResult: success, version: HTTP/1.1, content: EmptyByteBufBE)
GET /session/d4798d6949a46ddc20525c7067623a3c/screenshot HTTP/1.1
User-Agent: selenium/4.1.2 (java windows)
Cache-Control: no-cache
Content-Type: application/json; charset=utf-8
host: localhost:60404
accept: */*

Response DefaultHttpResponse(decodeResult: success, version: HTTP/1.1)
HTTP/1.1 200 OK
Content-Type: application/json; charset=utf-8
cache-control: no-cache
content-length: 32228

17:54:59.839 [AsyncHttpClient-1-7] DEBUG org.asynchttpclient.netty.channel.ChannelManager - Adding key: http://localhost:60404 for channel [id: 0x9d0316f5, L:/127.0.0.1:58410 - R:localhost/127.0.0.1:60404]
17:54:59.841 [main] DEBUG net.serenitybdd.core.photography.Darkroom - Send negative for processing for target\site\serenity\4510322e36bb11a6014d8509eafdfeb27c6a3a7394c1f9ef4b696c572e41b18d.png
17:54:59.841 [main] DEBUG net.thucydides.core.steps.StepInterceptor - STARTING STEP: LoginSteps.iInputEmail - inputEmail
17:54:59.844 [Forwarding findElement on session d4798d6949a46ddc20525c7067623a3c to remote] DEBUG org.asynchttpclient.netty.request.NettyRequestSender - Using pooled Channel '[id: 0x9d0316f5, L:/127.0.0.1:58410 - R:localhost/127.0.0.1:60404]' for 'POST' to 'http://localhost:60404/session/d4798d6949a46ddc20525c7067623a3c/element'
17:54:59.844 [Forwarding findElement on session d4798d6949a46ddc20525c7067623a3c to remote] DEBUG org.asynchttpclient.netty.request.NettyRequestSender - Using open Channel [id: 0x9d0316f5, L:/127.0.0.1:58410 - R:localhost/127.0.0.1:60404] for POST '/session/d4798d6949a46ddc20525c7067623a3c/element'
17:54:59.857 [AsyncHttpClient-1-7] DEBUG org.asynchttpclient.netty.handler.HttpHandler - 

Request DefaultHttpRequest(decodeResult: success, version: HTTP/1.1)
POST /session/d4798d6949a46ddc20525c7067623a3c/element HTTP/1.1
User-Agent: selenium/4.1.2 (java windows)
Content-Length: 84
Content-Type: application/json; charset=utf-8
host: localhost:60404
accept: */*

Response DefaultHttpResponse(decodeResult: success, version: HTTP/1.1)
HTTP/1.1 200 OK
Content-Type: application/json; charset=utf-8
cache-control: no-cache
content-length: 88

17:54:59.857 [AsyncHttpClient-1-7] DEBUG org.asynchttpclient.netty.channel.ChannelManager - Adding key: http://localhost:60404 for channel [id: 0x9d0316f5, L:/127.0.0.1:58410 - R:localhost/127.0.0.1:60404]
17:54:59.859 [Forwarding clearElement on session d4798d6949a46ddc20525c7067623a3c to remote] DEBUG org.asynchttpclient.netty.request.NettyRequestSender - Using pooled Channel '[id: 0x9d0316f5, L:/127.0.0.1:58410 - R:localhost/127.0.0.1:60404]' for 'POST' to 'http://localhost:60404/session/d4798d6949a46ddc20525c7067623a3c/element/4e517e85-6d23-4841-9d1e-409efd4fdbd8/clear'
17:54:59.859 [Forwarding clearElement on session d4798d6949a46ddc20525c7067623a3c to remote] DEBUG org.asynchttpclient.netty.request.NettyRequestSender - Using open Channel [id: 0x9d0316f5, L:/127.0.0.1:58410 - R:localhost/127.0.0.1:60404] for POST '/session/d4798d6949a46ddc20525c7067623a3c/element/4e517e85-6d23-4841-9d1e-409efd4fdbd8/clear'
17:54:59.893 [AsyncHttpClient-1-7] DEBUG org.asynchttpclient.netty.handler.HttpHandler - 

Request DefaultHttpRequest(decodeResult: success, version: HTTP/1.1)
POST /session/d4798d6949a46ddc20525c7067623a3c/element/4e517e85-6d23-4841-9d1e-409efd4fdbd8/clear HTTP/1.1
User-Agent: selenium/4.1.2 (java windows)
Content-Length: 50
Content-Type: application/json; charset=utf-8
host: localhost:60404
accept: */*

Response DefaultHttpResponse(decodeResult: success, version: HTTP/1.1)
HTTP/1.1 200 OK
Content-Type: application/json; charset=utf-8
cache-control: no-cache
content-length: 14

17:54:59.893 [AsyncHttpClient-1-7] DEBUG org.asynchttpclient.netty.channel.ChannelManager - Adding key: http://localhost:60404 for channel [id: 0x9d0316f5, L:/127.0.0.1:58410 - R:localhost/127.0.0.1:60404]
17:54:59.896 [Forwarding sendKeysToElement on session d4798d6949a46ddc20525c7067623a3c to remote] DEBUG org.asynchttpclient.netty.request.NettyRequestSender - Using pooled Channel '[id: 0x9d0316f5, L:/127.0.0.1:58410 - R:localhost/127.0.0.1:60404]' for 'POST' to 'http://localhost:60404/session/d4798d6949a46ddc20525c7067623a3c/element/4e517e85-6d23-4841-9d1e-409efd4fdbd8/value'
17:54:59.896 [Forwarding sendKeysToElement on session d4798d6949a46ddc20525c7067623a3c to remote] DEBUG org.asynchttpclient.netty.request.NettyRequestSender - Using open Channel [id: 0x9d0316f5, L:/127.0.0.1:58410 - R:localhost/127.0.0.1:60404] for POST '/session/d4798d6949a46ddc20525c7067623a3c/element/4e517e85-6d23-4841-9d1e-409efd4fdbd8/value'
17:55:00.017 [AsyncHttpClient-1-7] DEBUG org.asynchttpclient.netty.handler.HttpHandler - 

Request DefaultHttpRequest(decodeResult: success, version: HTTP/1.1)
POST /session/d4798d6949a46ddc20525c7067623a3c/element/4e517e85-6d23-4841-9d1e-409efd4fdbd8/value HTTP/1.1
User-Agent: selenium/4.1.2 (java windows)
Content-Length: 231
Content-Type: application/json; charset=utf-8
host: localhost:60404
accept: */*

Response DefaultHttpResponse(decodeResult: success, version: HTTP/1.1)
HTTP/1.1 200 OK
Content-Type: application/json; charset=utf-8
cache-control: no-cache
content-length: 14

17:55:00.018 [AsyncHttpClient-1-7] DEBUG org.asynchttpclient.netty.channel.ChannelManager - Adding key: http://localhost:60404 for channel [id: 0x9d0316f5, L:/127.0.0.1:58410 - R:localhost/127.0.0.1:60404]
17:55:00.023 [Forwarding screenshot on session d4798d6949a46ddc20525c7067623a3c to remote] DEBUG org.asynchttpclient.netty.request.NettyRequestSender - Using pooled Channel '[id: 0x9d0316f5, L:/127.0.0.1:58410 - R:localhost/127.0.0.1:60404]' for 'GET' to 'http://localhost:60404/session/d4798d6949a46ddc20525c7067623a3c/screenshot'
17:55:00.023 [Forwarding screenshot on session d4798d6949a46ddc20525c7067623a3c to remote] DEBUG org.asynchttpclient.netty.request.NettyRequestSender - Using open Channel [id: 0x9d0316f5, L:/127.0.0.1:58410 - R:localhost/127.0.0.1:60404] for GET '/session/d4798d6949a46ddc20525c7067623a3c/screenshot'
17:55:00.252 [AsyncHttpClient-1-7] DEBUG org.asynchttpclient.netty.handler.HttpHandler - 

Request DefaultFullHttpRequest(decodeResult: success, version: HTTP/1.1, content: EmptyByteBufBE)
GET /session/d4798d6949a46ddc20525c7067623a3c/screenshot HTTP/1.1
User-Agent: selenium/4.1.2 (java windows)
Cache-Control: no-cache
Content-Type: application/json; charset=utf-8
host: localhost:60404
accept: */*

Response DefaultHttpResponse(decodeResult: success, version: HTTP/1.1)
HTTP/1.1 200 OK
Content-Type: application/json; charset=utf-8
cache-control: no-cache
content-length: 37464

17:55:00.253 [AsyncHttpClient-1-7] DEBUG org.asynchttpclient.netty.channel.ChannelManager - Adding key: http://localhost:60404 for channel [id: 0x9d0316f5, L:/127.0.0.1:58410 - R:localhost/127.0.0.1:60404]
17:55:00.256 [main] DEBUG net.serenitybdd.core.photography.Darkroom - Send negative for processing for target\site\serenity\e29491396ff7551de37fd245e0e4553e344d7be7250ea8269137a04e247fd999.png
17:55:00.256 [main] DEBUG net.thucydides.core.steps.StepInterceptor - STEP DONE: inputEmail
  &amp#27;[32mWhen &amp#27;[0m&amp#27;[32mI input &amp#27;[0m&amp#27;[32m&amp#27;[1m"jasri@gmail.com"&amp#27;[0m&amp#27;[32m email&amp#27;[0m &amp#27;[90m# starter.stepdefinitions.LoginSteps.iInputEmail(java.lang.String)&amp#27;[0m
17:55:00.257 [Darkroom Processing Line] DEBUG net.serenitybdd.core.photography.DarkroomProcessingLine - Processing screenshot image in /var/screenshots/screenshot-962381060566167096
17:55:00.257 [Darkroom Processing Line] DEBUG net.serenitybdd.core.photography.DarkroomProcessingLine - Saving screenshot to target\site\serenity\e29491396ff7551de37fd245e0e4553e344d7be7250ea8269137a04e247fd999.png
17:55:00.278 [main] DEBUG net.thucydides.core.steps.StepInterceptor - STARTING STEP: LoginSteps.iInputPassword - inputPassword
17:55:00.281 [Forwarding findElement on session d4798d6949a46ddc20525c7067623a3c to remote] DEBUG org.asynchttpclient.netty.request.NettyRequestSender - Using pooled Channel '[id: 0x9d0316f5, L:/127.0.0.1:58410 - R:localhost/127.0.0.1:60404]' for 'POST' to 'http://localhost:60404/session/d4798d6949a46ddc20525c7067623a3c/element'
17:55:00.281 [Forwarding findElement on session d4798d6949a46ddc20525c7067623a3c to remote] DEBUG org.asynchttpclient.netty.request.NettyRequestSender - Using open Channel [id: 0x9d0316f5, L:/127.0.0.1:58410 - R:localhost/127.0.0.1:60404] for POST '/session/d4798d6949a46ddc20525c7067623a3c/element'
17:55:00.296 [AsyncHttpClient-1-7] DEBUG org.asynchttpclient.netty.handler.HttpHandler - 

Request DefaultHttpRequest(decodeResult: success, version: HTTP/1.1)
POST /session/d4798d6949a46ddc20525c7067623a3c/element HTTP/1.1
User-Agent: selenium/4.1.2 (java windows)
Content-Length: 87
Content-Type: application/json; charset=utf-8
host: localhost:60404
accept: */*

Response DefaultHttpResponse(decodeResult: success, version: HTTP/1.1)
HTTP/1.1 200 OK
Content-Type: application/json; charset=utf-8
cache-control: no-cache
content-length: 88

17:55:00.296 [AsyncHttpClient-1-7] DEBUG org.asynchttpclient.netty.channel.ChannelManager - Adding key: http://localhost:60404 for channel [id: 0x9d0316f5, L:/127.0.0.1:58410 - R:localhost/127.0.0.1:60404]
17:55:00.298 [Forwarding clearElement on session d4798d6949a46ddc20525c7067623a3c to remote] DEBUG org.asynchttpclient.netty.request.NettyRequestSender - Using pooled Channel '[id: 0x9d0316f5, L:/127.0.0.1:58410 - R:localhost/127.0.0.1:60404]' for 'POST' to 'http://localhost:60404/session/d4798d6949a46ddc20525c7067623a3c/element/892b555f-a3b2-4389-85ef-54c3e79afc17/clear'
17:55:00.298 [Forwarding clearElement on session d4798d6949a46ddc20525c7067623a3c to remote] DEBUG org.asynchttpclient.netty.request.NettyRequestSender - Using open Channel [id: 0x9d0316f5, L:/127.0.0.1:58410 - R:localhost/127.0.0.1:60404] for POST '/session/d4798d6949a46ddc20525c7067623a3c/element/892b555f-a3b2-4389-85ef-54c3e79afc17/clear'
17:55:00.335 [AsyncHttpClient-1-7] DEBUG org.asynchttpclient.netty.handler.HttpHandler - 

Request DefaultHttpRequest(decodeResult: success, version: HTTP/1.1)
POST /session/d4798d6949a46ddc20525c7067623a3c/element/892b555f-a3b2-4389-85ef-54c3e79afc17/clear HTTP/1.1
User-Agent: selenium/4.1.2 (java windows)
Content-Length: 50
Content-Type: application/json; charset=utf-8
host: localhost:60404
accept: */*

Response DefaultHttpResponse(decodeResult: success, version: HTTP/1.1)
HTTP/1.1 200 OK
Content-Type: application/json; charset=utf-8
cache-control: no-cache
content-length: 14

17:55:00.335 [AsyncHttpClient-1-7] DEBUG org.asynchttpclient.netty.channel.ChannelManager - Adding key: http://localhost:60404 for channel [id: 0x9d0316f5, L:/127.0.0.1:58410 - R:localhost/127.0.0.1:60404]
17:55:00.337 [Forwarding sendKeysToElement on session d4798d6949a46ddc20525c7067623a3c to remote] DEBUG org.asynchttpclient.netty.request.NettyRequestSender - Using pooled Channel '[id: 0x9d0316f5, L:/127.0.0.1:58410 - R:localhost/127.0.0.1:60404]' for 'POST' to 'http://localhost:60404/session/d4798d6949a46ddc20525c7067623a3c/element/892b555f-a3b2-4389-85ef-54c3e79afc17/value'
17:55:00.337 [Forwarding sendKeysToElement on session d4798d6949a46ddc20525c7067623a3c to remote] DEBUG org.asynchttpclient.netty.request.NettyRequestSender - Using open Channel [id: 0x9d0316f5, L:/127.0.0.1:58410 - R:localhost/127.0.0.1:60404] for POST '/session/d4798d6949a46ddc20525c7067623a3c/element/892b555f-a3b2-4389-85ef-54c3e79afc17/value'
17:55:00.441 [AsyncHttpClient-1-7] DEBUG org.asynchttpclient.netty.handler.HttpHandler - 

Request DefaultHttpRequest(decodeResult: success, version: HTTP/1.1)
POST /session/d4798d6949a46ddc20525c7067623a3c/element/892b555f-a3b2-4389-85ef-54c3e79afc17/value HTTP/1.1
User-Agent: selenium/4.1.2 (java windows)
Content-Length: 181
Content-Type: application/json; charset=utf-8
host: localhost:60404
accept: */*

Response DefaultHttpResponse(decodeResult: success, version: HTTP/1.1)
HTTP/1.1 200 OK
Content-Type: application/json; charset=utf-8
cache-control: no-cache
content-length: 14

17:55:00.441 [AsyncHttpClient-1-7] DEBUG org.asynchttpclient.netty.channel.ChannelManager - Adding key: http://localhost:60404 for channel [id: 0x9d0316f5, L:/127.0.0.1:58410 - R:localhost/127.0.0.1:60404]
17:55:00.448 [Forwarding screenshot on session d4798d6949a46ddc20525c7067623a3c to remote] DEBUG org.asynchttpclient.netty.request.NettyRequestSender - Using pooled Channel '[id: 0x9d0316f5, L:/127.0.0.1:58410 - R:localhost/127.0.0.1:60404]' for 'GET' to 'http://localhost:60404/session/d4798d6949a46ddc20525c7067623a3c/screenshot'
17:55:00.448 [Forwarding screenshot on session d4798d6949a46ddc20525c7067623a3c to remote] DEBUG org.asynchttpclient.netty.request.NettyRequestSender - Using open Channel [id: 0x9d0316f5, L:/127.0.0.1:58410 - R:localhost/127.0.0.1:60404] for GET '/session/d4798d6949a46ddc20525c7067623a3c/screenshot'
17:55:00.629 [AsyncHttpClient-1-7] DEBUG org.asynchttpclient.netty.handler.HttpHandler - 

Request DefaultFullHttpRequest(decodeResult: success, version: HTTP/1.1, content: EmptyByteBufBE)
GET /session/d4798d6949a46ddc20525c7067623a3c/screenshot HTTP/1.1
User-Agent: selenium/4.1.2 (java windows)
Cache-Control: no-cache
Content-Type: application/json; charset=utf-8
host: localhost:60404
accept: */*

Response DefaultHttpResponse(decodeResult: success, version: HTTP/1.1)
HTTP/1.1 200 OK
Content-Type: application/json; charset=utf-8
cache-control: no-cache
content-length: 41048

17:55:00.629 [AsyncHttpClient-1-7] DEBUG org.asynchttpclient.netty.channel.ChannelManager - Adding key: http://localhost:60404 for channel [id: 0x9d0316f5, L:/127.0.0.1:58410 - R:localhost/127.0.0.1:60404]
17:55:00.632 [main] DEBUG net.serenitybdd.core.photography.Darkroom - Send negative for processing for target\site\serenity\1eba7a365dffe0c9437ccf55341cf782a6028e72ce19bcc07b76d8c240bd5410.png
17:55:00.632 [main] DEBUG net.thucydides.core.steps.StepInterceptor - STEP DONE: inputPassword
  &amp#27;[32mAnd &amp#27;[0m&amp#27;[32mI input &amp#27;[0m&amp#27;[32m&amp#27;[1m"Doremi@123"&amp#27;[0m&amp#27;[32m password&amp#27;[0m    &amp#27;[90m# starter.stepdefinitions.LoginSteps.iInputPassword(java.lang.String)&amp#27;[0m
17:55:00.632 [Darkroom Processing Line] DEBUG net.serenitybdd.core.photography.DarkroomProcessingLine - Processing screenshot image in /var/screenshots/screenshot-8319598167894229159
17:55:00.632 [Darkroom Processing Line] DEBUG net.serenitybdd.core.photography.DarkroomProcessingLine - Saving screenshot to target\site\serenity\1eba7a365dffe0c9437ccf55341cf782a6028e72ce19bcc07b76d8c240bd5410.png
17:55:00.653 [main] DEBUG net.thucydides.core.steps.StepInterceptor - STARTING STEP: LoginSteps.iClickLoginButton - clickLoginButton
17:55:00.655 [Forwarding findElement on session d4798d6949a46ddc20525c7067623a3c to remote] DEBUG org.asynchttpclient.netty.request.NettyRequestSender - Using pooled Channel '[id: 0x9d0316f5, L:/127.0.0.1:58410 - R:localhost/127.0.0.1:60404]' for 'POST' to 'http://localhost:60404/session/d4798d6949a46ddc20525c7067623a3c/element'
17:55:00.655 [Forwarding findElement on session d4798d6949a46ddc20525c7067623a3c to remote] DEBUG org.asynchttpclient.netty.request.NettyRequestSender - Using open Channel [id: 0x9d0316f5, L:/127.0.0.1:58410 - R:localhost/127.0.0.1:60404] for POST '/session/d4798d6949a46ddc20525c7067623a3c/element'
17:55:00.667 [AsyncHttpClient-1-7] DEBUG org.asynchttpclient.netty.handler.HttpHandler - 

Request DefaultHttpRequest(decodeResult: success, version: HTTP/1.1)
POST /session/d4798d6949a46ddc20525c7067623a3c/element HTTP/1.1
User-Agent: selenium/4.1.2 (java windows)
Content-Length: 92
Content-Type: application/json; charset=utf-8
host: localhost:60404
accept: */*

Response DefaultHttpResponse(decodeResult: success, version: HTTP/1.1)
HTTP/1.1 200 OK
Content-Type: application/json; charset=utf-8
cache-control: no-cache
content-length: 88

17:55:00.667 [AsyncHttpClient-1-7] DEBUG org.asynchttpclient.netty.channel.ChannelManager - Adding key: http://localhost:60404 for channel [id: 0x9d0316f5, L:/127.0.0.1:58410 - R:localhost/127.0.0.1:60404]
17:55:00.670 [Forwarding getElementTagName on session d4798d6949a46ddc20525c7067623a3c to remote] DEBUG org.asynchttpclient.netty.request.NettyRequestSender - Using pooled Channel '[id: 0x9d0316f5, L:/127.0.0.1:58410 - R:localhost/127.0.0.1:60404]' for 'GET' to 'http://localhost:60404/session/d4798d6949a46ddc20525c7067623a3c/element/7f4a8983-db66-4cdf-b528-88c8dc8cb449/name'
17:55:00.670 [Forwarding getElementTagName on session d4798d6949a46ddc20525c7067623a3c to remote] DEBUG org.asynchttpclient.netty.request.NettyRequestSender - Using open Channel [id: 0x9d0316f5, L:/127.0.0.1:58410 - R:localhost/127.0.0.1:60404] for GET '/session/d4798d6949a46ddc20525c7067623a3c/element/7f4a8983-db66-4cdf-b528-88c8dc8cb449/name'
17:55:00.679 [AsyncHttpClient-1-7] DEBUG org.asynchttpclient.netty.handler.HttpHandler - 

Request DefaultFullHttpRequest(decodeResult: success, version: HTTP/1.1, content: EmptyByteBufBE)
GET /session/d4798d6949a46ddc20525c7067623a3c/element/7f4a8983-db66-4cdf-b528-88c8dc8cb449/name HTTP/1.1
User-Agent: selenium/4.1.2 (java windows)
Cache-Control: no-cache
Content-Type: application/json; charset=utf-8
host: localhost:60404
accept: */*

Response DefaultHttpResponse(decodeResult: success, version: HTTP/1.1)
HTTP/1.1 200 OK
Content-Type: application/json; charset=utf-8
cache-control: no-cache
content-length: 18

17:55:00.679 [AsyncHttpClient-1-7] DEBUG org.asynchttpclient.netty.channel.ChannelManager - Adding key: http://localhost:60404 for channel [id: 0x9d0316f5, L:/127.0.0.1:58410 - R:localhost/127.0.0.1:60404]
17:55:00.681 [Forwarding getElementTagName on session d4798d6949a46ddc20525c7067623a3c to remote] DEBUG org.asynchttpclient.netty.request.NettyRequestSender - Using pooled Channel '[id: 0x9d0316f5, L:/127.0.0.1:58410 - R:localhost/127.0.0.1:60404]' for 'GET' to 'http://localhost:60404/session/d4798d6949a46ddc20525c7067623a3c/element/7f4a8983-db66-4cdf-b528-88c8dc8cb449/name'
17:55:00.681 [Forwarding getElementTagName on session d4798d6949a46ddc20525c7067623a3c to remote] DEBUG org.asynchttpclient.netty.request.NettyRequestSender - Using open Channel [id: 0x9d0316f5, L:/127.0.0.1:58410 - R:localhost/127.0.0.1:60404] for GET '/session/d4798d6949a46ddc20525c7067623a3c/element/7f4a8983-db66-4cdf-b528-88c8dc8cb449/name'
17:55:00.686 [AsyncHttpClient-1-7] DEBUG org.asynchttpclient.netty.handler.HttpHandler - 

Request DefaultFullHttpRequest(decodeResult: success, version: HTTP/1.1, content: EmptyByteBufBE)
GET /session/d4798d6949a46ddc20525c7067623a3c/element/7f4a8983-db66-4cdf-b528-88c8dc8cb449/name HTTP/1.1
User-Agent: selenium/4.1.2 (java windows)
Cache-Control: no-cache
Content-Type: application/json; charset=utf-8
host: localhost:60404
accept: */*

Response DefaultHttpResponse(decodeResult: success, version: HTTP/1.1)
HTTP/1.1 200 OK
Content-Type: application/json; charset=utf-8
cache-control: no-cache
content-length: 18

17:55:00.686 [AsyncHttpClient-1-7] DEBUG org.asynchttpclient.netty.channel.ChannelManager - Adding key: http://localhost:60404 for channel [id: 0x9d0316f5, L:/127.0.0.1:58410 - R:localhost/127.0.0.1:60404]
17:55:00.688 [Forwarding isElementEnabled on session d4798d6949a46ddc20525c7067623a3c to remote] DEBUG org.asynchttpclient.netty.request.NettyRequestSender - Using pooled Channel '[id: 0x9d0316f5, L:/127.0.0.1:58410 - R:localhost/127.0.0.1:60404]' for 'GET' to 'http://localhost:60404/session/d4798d6949a46ddc20525c7067623a3c/element/7f4a8983-db66-4cdf-b528-88c8dc8cb449/enabled'
17:55:00.688 [Forwarding isElementEnabled on session d4798d6949a46ddc20525c7067623a3c to remote] DEBUG org.asynchttpclient.netty.request.NettyRequestSender - Using open Channel [id: 0x9d0316f5, L:/127.0.0.1:58410 - R:localhost/127.0.0.1:60404] for GET '/session/d4798d6949a46ddc20525c7067623a3c/element/7f4a8983-db66-4cdf-b528-88c8dc8cb449/enabled'
17:55:00.702 [AsyncHttpClient-1-7] DEBUG org.asynchttpclient.netty.handler.HttpHandler - 

Request DefaultFullHttpRequest(decodeResult: success, version: HTTP/1.1, content: EmptyByteBufBE)
GET /session/d4798d6949a46ddc20525c7067623a3c/element/7f4a8983-db66-4cdf-b528-88c8dc8cb449/enabled HTTP/1.1
User-Agent: selenium/4.1.2 (java windows)
Cache-Control: no-cache
Content-Type: application/json; charset=utf-8
host: localhost:60404
accept: */*

Response DefaultHttpResponse(decodeResult: success, version: HTTP/1.1)
HTTP/1.1 200 OK
Content-Type: application/json; charset=utf-8
cache-control: no-cache
content-length: 14

17:55:00.702 [AsyncHttpClient-1-7] DEBUG org.asynchttpclient.netty.channel.ChannelManager - Adding key: http://localhost:60404 for channel [id: 0x9d0316f5, L:/127.0.0.1:58410 - R:localhost/127.0.0.1:60404]
17:55:00.704 [Forwarding isElementEnabled on session d4798d6949a46ddc20525c7067623a3c to remote] DEBUG org.asynchttpclient.netty.request.NettyRequestSender - Using pooled Channel '[id: 0x9d0316f5, L:/127.0.0.1:58410 - R:localhost/127.0.0.1:60404]' for 'GET' to 'http://localhost:60404/session/d4798d6949a46ddc20525c7067623a3c/element/7f4a8983-db66-4cdf-b528-88c8dc8cb449/enabled'
17:55:00.704 [Forwarding isElementEnabled on session d4798d6949a46ddc20525c7067623a3c to remote] DEBUG org.asynchttpclient.netty.request.NettyRequestSender - Using open Channel [id: 0x9d0316f5, L:/127.0.0.1:58410 - R:localhost/127.0.0.1:60404] for GET '/session/d4798d6949a46ddc20525c7067623a3c/element/7f4a8983-db66-4cdf-b528-88c8dc8cb449/enabled'
17:55:00.712 [AsyncHttpClient-1-7] DEBUG org.asynchttpclient.netty.handler.HttpHandler - 

Request DefaultFullHttpRequest(decodeResult: success, version: HTTP/1.1, content: EmptyByteBufBE)
GET /session/d4798d6949a46ddc20525c7067623a3c/element/7f4a8983-db66-4cdf-b528-88c8dc8cb449/enabled HTTP/1.1
User-Agent: selenium/4.1.2 (java windows)
Cache-Control: no-cache
Content-Type: application/json; charset=utf-8
host: localhost:60404
accept: */*

Response DefaultHttpResponse(decodeResult: success, version: HTTP/1.1)
HTTP/1.1 200 OK
Content-Type: application/json; charset=utf-8
cache-control: no-cache
content-length: 14

17:55:00.712 [AsyncHttpClient-1-7] DEBUG org.asynchttpclient.netty.channel.ChannelManager - Adding key: http://localhost:60404 for channel [id: 0x9d0316f5, L:/127.0.0.1:58410 - R:localhost/127.0.0.1:60404]
17:55:00.715 [Forwarding findElement on session d4798d6949a46ddc20525c7067623a3c to remote] DEBUG org.asynchttpclient.netty.request.NettyRequestSender - Using pooled Channel '[id: 0x9d0316f5, L:/127.0.0.1:58410 - R:localhost/127.0.0.1:60404]' for 'POST' to 'http://localhost:60404/session/d4798d6949a46ddc20525c7067623a3c/element'
17:55:00.715 [Forwarding findElement on session d4798d6949a46ddc20525c7067623a3c to remote] DEBUG org.asynchttpclient.netty.request.NettyRequestSender - Using open Channel [id: 0x9d0316f5, L:/127.0.0.1:58410 - R:localhost/127.0.0.1:60404] for POST '/session/d4798d6949a46ddc20525c7067623a3c/element'
17:55:00.726 [AsyncHttpClient-1-7] DEBUG org.asynchttpclient.netty.handler.HttpHandler - 

Request DefaultHttpRequest(decodeResult: success, version: HTTP/1.1)
POST /session/d4798d6949a46ddc20525c7067623a3c/element HTTP/1.1
User-Agent: selenium/4.1.2 (java windows)
Content-Length: 92
Content-Type: application/json; charset=utf-8
host: localhost:60404
accept: */*

Response DefaultHttpResponse(decodeResult: success, version: HTTP/1.1)
HTTP/1.1 200 OK
Content-Type: application/json; charset=utf-8
cache-control: no-cache
content-length: 88

17:55:00.726 [AsyncHttpClient-1-7] DEBUG org.asynchttpclient.netty.channel.ChannelManager - Adding key: http://localhost:60404 for channel [id: 0x9d0316f5, L:/127.0.0.1:58410 - R:localhost/127.0.0.1:60404]
17:55:00.728 [Forwarding clickElement on session d4798d6949a46ddc20525c7067623a3c to remote] DEBUG org.asynchttpclient.netty.request.NettyRequestSender - Using pooled Channel '[id: 0x9d0316f5, L:/127.0.0.1:58410 - R:localhost/127.0.0.1:60404]' for 'POST' to 'http://localhost:60404/session/d4798d6949a46ddc20525c7067623a3c/element/7f4a8983-db66-4cdf-b528-88c8dc8cb449/click'
17:55:00.728 [Forwarding clickElement on session d4798d6949a46ddc20525c7067623a3c to remote] DEBUG org.asynchttpclient.netty.request.NettyRequestSender - Using open Channel [id: 0x9d0316f5, L:/127.0.0.1:58410 - R:localhost/127.0.0.1:60404] for POST '/session/d4798d6949a46ddc20525c7067623a3c/element/7f4a8983-db66-4cdf-b528-88c8dc8cb449/click'
17:55:00.780 [AsyncHttpClient-1-7] DEBUG org.asynchttpclient.netty.handler.HttpHandler - 

Request DefaultHttpRequest(decodeResult: success, version: HTTP/1.1)
POST /session/d4798d6949a46ddc20525c7067623a3c/element/7f4a8983-db66-4cdf-b528-88c8dc8cb449/click HTTP/1.1
User-Agent: selenium/4.1.2 (java windows)
Content-Length: 50
Content-Type: application/json; charset=utf-8
host: localhost:60404
accept: */*

Response DefaultHttpResponse(decodeResult: success, version: HTTP/1.1)
HTTP/1.1 200 OK
Content-Type: application/json; charset=utf-8
cache-control: no-cache
content-length: 14

17:55:00.780 [AsyncHttpClient-1-7] DEBUG org.asynchttpclient.netty.channel.ChannelManager - Adding key: http://localhost:60404 for channel [id: 0x9d0316f5, L:/127.0.0.1:58410 - R:localhost/127.0.0.1:60404]
17:55:00.788 [Forwarding screenshot on session d4798d6949a46ddc20525c7067623a3c to remote] DEBUG org.asynchttpclient.netty.request.NettyRequestSender - Using pooled Channel '[id: 0x9d0316f5, L:/127.0.0.1:58410 - R:localhost/127.0.0.1:60404]' for 'GET' to 'http://localhost:60404/session/d4798d6949a46ddc20525c7067623a3c/screenshot'
17:55:00.789 [Forwarding screenshot on session d4798d6949a46ddc20525c7067623a3c to remote] DEBUG org.asynchttpclient.netty.request.NettyRequestSender - Using open Channel [id: 0x9d0316f5, L:/127.0.0.1:58410 - R:localhost/127.0.0.1:60404] for GET '/session/d4798d6949a46ddc20525c7067623a3c/screenshot'
17:55:00.821 [AsyncHttpClient-1-1] DEBUG org.asynchttpclient.netty.channel.DefaultChannelPool - Entry count for : http://localhost:58411 : 1
17:55:01.060 [AsyncHttpClient-1-7] DEBUG org.asynchttpclient.netty.handler.HttpHandler - 

Request DefaultFullHttpRequest(decodeResult: success, version: HTTP/1.1, content: EmptyByteBufBE)
GET /session/d4798d6949a46ddc20525c7067623a3c/screenshot HTTP/1.1
User-Agent: selenium/4.1.2 (java windows)
Cache-Control: no-cache
Content-Type: application/json; charset=utf-8
host: localhost:60404
accept: */*

Response DefaultHttpResponse(decodeResult: success, version: HTTP/1.1)
HTTP/1.1 200 OK
Content-Type: application/json; charset=utf-8
cache-control: no-cache
content-length: 45908

17:55:01.061 [AsyncHttpClient-1-7] DEBUG org.asynchttpclient.netty.channel.ChannelManager - Adding key: http://localhost:60404 for channel [id: 0x9d0316f5, L:/127.0.0.1:58410 - R:localhost/127.0.0.1:60404]
17:55:01.063 [main] DEBUG net.serenitybdd.core.photography.Darkroom - Send negative for processing for target\site\serenity\359780872ea09c0b86a9ae0a8ec3b88becbddba8f3731edf2f9f6dac93bedc06.png
17:55:01.063 [main] DEBUG net.thucydides.core.steps.StepInterceptor - STEP DONE: clickLoginButton
  &amp#27;[32mAnd &amp#27;[0m&amp#27;[32mI click login button&amp#27;[0m             &amp#27;[90m# starter.stepdefinitions.LoginSteps.iClickLoginButton()&amp#27;[0m
17:55:01.064 [Darkroom Processing Line] DEBUG net.serenitybdd.core.photography.DarkroomProcessingLine - Processing screenshot image in /var/screenshots/screenshot-14233558992896786840
17:55:01.064 [Darkroom Processing Line] DEBUG net.serenitybdd.core.photography.DarkroomProcessingLine - Saving screenshot to target\site\serenity\359780872ea09c0b86a9ae0a8ec3b88becbddba8f3731edf2f9f6dac93bedc06.png
17:55:01.082 [main] DEBUG net.thucydides.core.steps.StepInterceptor - STARTING STEP: LoginSteps.iGetThe - errorMessageAppears
17:55:01.086 [Forwarding findElement on session d4798d6949a46ddc20525c7067623a3c to remote] DEBUG org.asynchttpclient.netty.request.NettyRequestSender - Using pooled Channel '[id: 0x9d0316f5, L:/127.0.0.1:58410 - R:localhost/127.0.0.1:60404]' for 'POST' to 'http://localhost:60404/session/d4798d6949a46ddc20525c7067623a3c/element'
17:55:01.086 [Forwarding findElement on session d4798d6949a46ddc20525c7067623a3c to remote] DEBUG org.asynchttpclient.netty.request.NettyRequestSender - Using open Channel [id: 0x9d0316f5, L:/127.0.0.1:58410 - R:localhost/127.0.0.1:60404] for POST '/session/d4798d6949a46ddc20525c7067623a3c/element'
17:55:01.091 [AsyncHttpClient-1-7] DEBUG org.asynchttpclient.netty.handler.HttpHandler - 

Request DefaultHttpRequest(decodeResult: success, version: HTTP/1.1)
POST /session/d4798d6949a46ddc20525c7067623a3c/element HTTP/1.1
User-Agent: selenium/4.1.2 (java windows)
Content-Length: 53
Content-Type: application/json; charset=utf-8
host: localhost:60404
accept: */*

Response DefaultHttpResponse(decodeResult: success, version: HTTP/1.1)
HTTP/1.1 400 Bad Request
Content-Type: application/json; charset=utf-8
cache-control: no-cache
content-length: 957

17:55:01.091 [AsyncHttpClient-1-7] DEBUG org.asynchttpclient.netty.channel.ChannelManager - Adding key: http://localhost:60404 for channel [id: 0x9d0316f5, L:/127.0.0.1:58410 - R:localhost/127.0.0.1:60404]
17:55:01.099 [Forwarding findElement on session d4798d6949a46ddc20525c7067623a3c to remote] DEBUG org.asynchttpclient.netty.request.NettyRequestSender - Using pooled Channel '[id: 0x9d0316f5, L:/127.0.0.1:58410 - R:localhost/127.0.0.1:60404]' for 'POST' to 'http://localhost:60404/session/d4798d6949a46ddc20525c7067623a3c/element'
17:55:01.099 [Forwarding findElement on session d4798d6949a46ddc20525c7067623a3c to remote] DEBUG org.asynchttpclient.netty.request.NettyRequestSender - Using open Channel [id: 0x9d0316f5, L:/127.0.0.1:58410 - R:localhost/127.0.0.1:60404] for POST '/session/d4798d6949a46ddc20525c7067623a3c/element'
17:55:01.113 [AsyncHttpClient-1-7] DEBUG org.asynchttpclient.netty.handler.HttpHandler - 

Request DefaultHttpRequest(decodeResult: success, version: HTTP/1.1)
POST /session/d4798d6949a46ddc20525c7067623a3c/element HTTP/1.1
User-Agent: selenium/4.1.2 (java windows)
Content-Length: 63
Content-Type: application/json; charset=utf-8
host: localhost:60404
accept: */*

Response DefaultHttpResponse(decodeResult: success, version: HTTP/1.1)
HTTP/1.1 200 OK
Content-Type: application/json; charset=utf-8
cache-control: no-cache
content-length: 88

17:55:01.113 [AsyncHttpClient-1-7] DEBUG org.asynchttpclient.netty.channel.ChannelManager - Adding key: http://localhost:60404 for channel [id: 0x9d0316f5, L:/127.0.0.1:58410 - R:localhost/127.0.0.1:60404]
17:55:01.118 [Forwarding isElementDisplayed on session d4798d6949a46ddc20525c7067623a3c to remote] DEBUG org.asynchttpclient.netty.request.NettyRequestSender - Using pooled Channel '[id: 0x9d0316f5, L:/127.0.0.1:58410 - R:localhost/127.0.0.1:60404]' for 'POST' to 'http://localhost:60404/session/d4798d6949a46ddc20525c7067623a3c/execute/sync'
17:55:01.118 [Forwarding isElementDisplayed on session d4798d6949a46ddc20525c7067623a3c to remote] DEBUG org.asynchttpclient.netty.request.NettyRequestSender - Using open Channel [id: 0x9d0316f5, L:/127.0.0.1:58410 - R:localhost/127.0.0.1:60404] for POST '/session/d4798d6949a46ddc20525c7067623a3c/execute/sync'
17:55:01.136 [AsyncHttpClient-1-7] DEBUG org.asynchttpclient.netty.handler.HttpHandler - 

Request DefaultHttpRequest(decodeResult: success, version: HTTP/1.1)
POST /session/d4798d6949a46ddc20525c7067623a3c/execute/sync HTTP/1.1
User-Agent: selenium/4.1.2 (java windows)
Content-Length: 48780
Content-Type: application/json; charset=utf-8
host: localhost:60404
accept: */*

Response DefaultHttpResponse(decodeResult: success, version: HTTP/1.1)
HTTP/1.1 200 OK
Content-Type: application/json; charset=utf-8
cache-control: no-cache
content-length: 14

17:55:01.136 [AsyncHttpClient-1-7] DEBUG org.asynchttpclient.netty.channel.ChannelManager - Adding key: http://localhost:60404 for channel [id: 0x9d0316f5, L:/127.0.0.1:58410 - R:localhost/127.0.0.1:60404]
17:55:01.143 [Forwarding screenshot on session d4798d6949a46ddc20525c7067623a3c to remote] DEBUG org.asynchttpclient.netty.request.NettyRequestSender - Using pooled Channel '[id: 0x9d0316f5, L:/127.0.0.1:58410 - R:localhost/127.0.0.1:60404]' for 'GET' to 'http://localhost:60404/session/d4798d6949a46ddc20525c7067623a3c/screenshot'
17:55:01.143 [Forwarding screenshot on session d4798d6949a46ddc20525c7067623a3c to remote] DEBUG org.asynchttpclient.netty.request.NettyRequestSender - Using open Channel [id: 0x9d0316f5, L:/127.0.0.1:58410 - R:localhost/127.0.0.1:60404] for GET '/session/d4798d6949a46ddc20525c7067623a3c/screenshot'
17:55:01.360 [AsyncHttpClient-1-7] DEBUG org.asynchttpclient.netty.handler.HttpHandler - 

Request DefaultFullHttpRequest(decodeResult: success, version: HTTP/1.1, content: EmptyByteBufBE)
GET /session/d4798d6949a46ddc20525c7067623a3c/screenshot HTTP/1.1
User-Agent: selenium/4.1.2 (java windows)
Cache-Control: no-cache
Content-Type: application/json; charset=utf-8
host: localhost:60404
accept: */*

Response DefaultHttpResponse(decodeResult: success, version: HTTP/1.1)
HTTP/1.1 200 OK
Content-Type: application/json; charset=utf-8
cache-control: no-cache
content-length: 45200

17:55:01.361 [AsyncHttpClient-1-7] DEBUG org.asynchttpclient.netty.channel.ChannelManager - Adding key: http://localhost:60404 for channel [id: 0x9d0316f5, L:/127.0.0.1:58410 - R:localhost/127.0.0.1:60404]
17:55:01.363 [main] DEBUG net.serenitybdd.core.photography.Darkroom - Send negative for processing for target\site\serenity\fe0f661108d4d4bc28367ae22ddaf6f9f30782ae4173505d0c8a2ff03a04c134.png
17:55:01.363 [main] DEBUG net.thucydides.core.steps.StepInterceptor - STEP DONE: errorMessageAppears
17:55:01.364 [Darkroom Processing Line] DEBUG net.serenitybdd.core.photography.DarkroomProcessingLine - Processing screenshot image in /var/screenshots/screenshot-3034069451402621292
17:55:01.364 [Darkroom Processing Line] DEBUG net.serenitybdd.core.photography.DarkroomProcessingLine - Saving screenshot to target\site\serenity\fe0f661108d4d4bc28367ae22ddaf6f9f30782ae4173505d0c8a2ff03a04c134.png
17:55:01.368 [main] DEBUG net.thucydides.core.steps.StepInterceptor - STARTING STEP: LoginSteps.iGetThe - errorMessageEqual
17:55:01.370 [Forwarding findElement on session d4798d6949a46ddc20525c7067623a3c to remote] DEBUG org.asynchttpclient.netty.request.NettyRequestSender - Using pooled Channel '[id: 0x9d0316f5, L:/127.0.0.1:58410 - R:localhost/127.0.0.1:60404]' for 'POST' to 'http://localhost:60404/session/d4798d6949a46ddc20525c7067623a3c/element'
17:55:01.370 [Forwarding findElement on session d4798d6949a46ddc20525c7067623a3c to remote] DEBUG org.asynchttpclient.netty.request.NettyRequestSender - Using open Channel [id: 0x9d0316f5, L:/127.0.0.1:58410 - R:localhost/127.0.0.1:60404] for POST '/session/d4798d6949a46ddc20525c7067623a3c/element'
17:55:01.379 [AsyncHttpClient-1-7] DEBUG org.asynchttpclient.netty.handler.HttpHandler - 

Request DefaultHttpRequest(decodeResult: success, version: HTTP/1.1)
POST /session/d4798d6949a46ddc20525c7067623a3c/element HTTP/1.1
User-Agent: selenium/4.1.2 (java windows)
Content-Length: 63
Content-Type: application/json; charset=utf-8
host: localhost:60404
accept: */*

Response DefaultHttpResponse(decodeResult: success, version: HTTP/1.1)
HTTP/1.1 200 OK
Content-Type: application/json; charset=utf-8
cache-control: no-cache
content-length: 88

17:55:01.379 [AsyncHttpClient-1-7] DEBUG org.asynchttpclient.netty.channel.ChannelManager - Adding key: http://localhost:60404 for channel [id: 0x9d0316f5, L:/127.0.0.1:58410 - R:localhost/127.0.0.1:60404]
17:55:01.380 [Forwarding getElementText on session d4798d6949a46ddc20525c7067623a3c to remote] DEBUG org.asynchttpclient.netty.request.NettyRequestSender - Using pooled Channel '[id: 0x9d0316f5, L:/127.0.0.1:58410 - R:localhost/127.0.0.1:60404]' for 'GET' to 'http://localhost:60404/session/d4798d6949a46ddc20525c7067623a3c/element/93f4241a-b7f3-46a2-93b2-c0d2af0a1a30/text'
17:55:01.380 [Forwarding getElementText on session d4798d6949a46ddc20525c7067623a3c to remote] DEBUG org.asynchttpclient.netty.request.NettyRequestSender - Using open Channel [id: 0x9d0316f5, L:/127.0.0.1:58410 - R:localhost/127.0.0.1:60404] for GET '/session/d4798d6949a46ddc20525c7067623a3c/element/93f4241a-b7f3-46a2-93b2-c0d2af0a1a30/text'
17:55:01.398 [AsyncHttpClient-1-7] DEBUG org.asynchttpclient.netty.handler.HttpHandler - 

Request DefaultFullHttpRequest(decodeResult: success, version: HTTP/1.1, content: EmptyByteBufBE)
GET /session/d4798d6949a46ddc20525c7067623a3c/element/93f4241a-b7f3-46a2-93b2-c0d2af0a1a30/text HTTP/1.1
User-Agent: selenium/4.1.2 (java windows)
Cache-Control: no-cache
Content-Type: application/json; charset=utf-8
host: localhost:60404
accept: */*

Response DefaultHttpResponse(decodeResult: success, version: HTTP/1.1)
HTTP/1.1 200 OK
Content-Type: application/json; charset=utf-8
cache-control: no-cache
content-length: 28

17:55:01.398 [AsyncHttpClient-1-7] DEBUG org.asynchttpclient.netty.channel.ChannelManager - Adding key: http://localhost:60404 for channel [id: 0x9d0316f5, L:/127.0.0.1:58410 - R:localhost/127.0.0.1:60404]
17:55:01.401 [main] DEBUG net.thucydides.core.steps.StepInterceptor - STEP DONE: errorMessageEqual
  &amp#27;[32mThen &amp#27;[0m&amp#27;[32mI get the &amp#27;[0m&amp#27;[32m&amp#27;[1m"record not found"&amp#27;[0m    &amp#27;[90m# starter.stepdefinitions.LoginSteps.iGetThe(java.lang.String)&amp#27;[0m
17:55:01.411 [AsyncHttpClient-1-9] DEBUG org.asynchttpclient.netty.handler.WebSocketHandler - Channel Closed: [id: 0xccb40c02, L:/127.0.0.1:58418 ! R:localhost/127.0.0.1:58411] with attribute NettyResponseFuture{currentRetry=5,
	isDone=1,
	isCancelled=0,
	asyncHandler=org.asynchttpclient.ws.WebSocketUpgradeHandler@6982fece,
	nettyRequest=org.asynchttpclient.netty.request.NettyRequest@49aedefd,
	future=java.util.concurrent.CompletableFuture@7152512[Completed normally],
	uri=ws://localhost:58411/devtools/browser/11bf418c-de30-418c-a2b8-805b4ad76945,
	keepAlive=true,
	redirectCount=0,
	timeoutsHolder=null,
	inAuth=0,
	touch=1652784898168}
17:55:01.411 [AsyncHttpClient-1-9] DEBUG org.asynchttpclient.netty.channel.ChannelManager - Closing Channel [id: 0xccb40c02, L:/127.0.0.1:58418 ! R:localhost/127.0.0.1:58411] 
17:55:01.411 [Driver Command Executor] DEBUG org.asynchttpclient.netty.request.NettyRequestSender - Using pooled Channel '[id: 0x9d0316f5, L:/127.0.0.1:58410 - R:localhost/127.0.0.1:60404]' for 'DELETE' to 'http://localhost:60404/session/d4798d6949a46ddc20525c7067623a3c'
17:55:01.411 [Driver Command Executor] DEBUG org.asynchttpclient.netty.request.NettyRequestSender - Using open Channel [id: 0x9d0316f5, L:/127.0.0.1:58410 - R:localhost/127.0.0.1:60404] for DELETE '/session/d4798d6949a46ddc20525c7067623a3c'
17:55:01.440 [AsyncHttpClient-1-8] DEBUG org.asynchttpclient.netty.handler.HttpHandler - Unexpected I/O exception on channel [id: 0x0e509df3, L:/127.0.0.1:58417 - R:localhost/127.0.0.1:58411]
java.net.SocketException: Connection reset
	at java.base/sun.nio.ch.SocketChannelImpl.throwConnectionReset(SocketChannelImpl.java:367)
	at java.base/sun.nio.ch.SocketChannelImpl.read(SocketChannelImpl.java:398)
	at io.netty.buffer.PooledByteBuf.setBytes(PooledByteBuf.java:258)
	at io.netty.buffer.AbstractByteBuf.writeBytes(AbstractByteBuf.java:1132)
	at io.netty.channel.socket.nio.NioSocketChannel.doReadBytes(NioSocketChannel.java:350)
	at io.netty.channel.nio.AbstractNioByteChannel$NioByteUnsafe.read(AbstractNioByteChannel.java:151)
	at io.netty.channel.nio.NioEventLoop.processSelectedKey(NioEventLoop.java:722)
	at io.netty.channel.nio.NioEventLoop.processSelectedKeysOptimized(NioEventLoop.java:658)
	at io.netty.channel.nio.NioEventLoop.processSelectedKeys(NioEventLoop.java:584)
	at io.netty.channel.nio.NioEventLoop.run(NioEventLoop.java:496)
	at io.netty.util.concurrent.SingleThreadEventExecutor$4.run(SingleThreadEventExecutor.java:986)
	at io.netty.util.internal.ThreadExecutorMap$2.run(ThreadExecutorMap.java:74)
	at io.netty.util.concurrent.FastThreadLocalRunnable.run(FastThreadLocalRunnable.java:30)
	at java.base/java.lang.Thread.run(Thread.java:832)
17:55:01.440 [AsyncHttpClient-1-8] DEBUG org.asynchttpclient.netty.channel.ChannelManager - Closing Channel [id: 0x0e509df3, L:/127.0.0.1:58417 - R:localhost/127.0.0.1:58411] 
17:55:01.441 [AsyncHttpClient-1-8] DEBUG org.asynchttpclient.netty.handler.HttpHandler - Channel Closed: [id: 0x0e509df3, L:/127.0.0.1:58417 ! R:localhost/127.0.0.1:58411] with attribute DISCARD
17:55:01.455 [AsyncHttpClient-1-7] DEBUG org.asynchttpclient.netty.handler.HttpHandler - 

Request DefaultFullHttpRequest(decodeResult: success, version: HTTP/1.1, content: EmptyByteBufBE)
DELETE /session/d4798d6949a46ddc20525c7067623a3c HTTP/1.1
User-Agent: selenium/4.1.2 (java windows)
Content-Type: application/json; charset=utf-8
host: localhost:60404
accept: */*

Response DefaultHttpResponse(decodeResult: success, version: HTTP/1.1)
HTTP/1.1 200 OK
Content-Type: application/json; charset=utf-8
cache-control: no-cache
content-length: 14

17:55:01.456 [AsyncHttpClient-1-7] DEBUG org.asynchttpclient.netty.channel.ChannelManager - Adding key: http://localhost:60404 for channel [id: 0x9d0316f5, L:/127.0.0.1:58410 - R:localhost/127.0.0.1:60404]
17:55:01.560 [AsyncHttpClient-1-7] DEBUG org.asynchttpclient.netty.handler.HttpHandler - Channel Closed: [id: 0x9d0316f5, L:/127.0.0.1:58410 ! R:localhost/127.0.0.1:60404] with attribute DISCARD
17:55:01.914 [AsyncHttpClient-1-1] DEBUG org.asynchttpclient.netty.channel.DefaultChannelPool - Entry count for : http://localhost:58411 : 1
17:55:01.914 [AsyncHttpClient-1-1] DEBUG org.asynchttpclient.netty.channel.DefaultChannelPool - Entry count for : http://localhost:60404 : 1
17:55:01.914 [AsyncHttpClient-1-1] DEBUG org.asynchttpclient.netty.channel.DefaultChannelPool - Adding Candidate expired Channel [id: 0x0e509df3, L:/127.0.0.1:58417 ! R:localhost/127.0.0.1:58411] isIdleTimeoutExpired=false isRemotelyClosed=true isTtlExpired=false
17:55:01.914 [AsyncHttpClient-1-1] DEBUG org.asynchttpclient.netty.channel.DefaultChannelPool - Closing Idle Channel [id: 0x0e509df3, L:/127.0.0.1:58417 ! R:localhost/127.0.0.1:58411]
17:55:01.914 [AsyncHttpClient-1-1] DEBUG org.asynchttpclient.netty.channel.DefaultChannelPool - Adding Candidate expired Channel [id: 0x9d0316f5, L:/127.0.0.1:58410 ! R:localhost/127.0.0.1:60404] isIdleTimeoutExpired=false isRemotelyClosed=true isTtlExpired=false
17:55:01.914 [AsyncHttpClient-1-1] DEBUG org.asynchttpclient.netty.channel.DefaultChannelPool - Closing Idle Channel [id: 0x9d0316f5, L:/127.0.0.1:58410 ! R:localhost/127.0.0.1:60404]
17:55:01.914 [AsyncHttpClient-1-1] DEBUG org.asynchttpclient.netty.channel.DefaultChannelPool - Closed 2 connections out of 2 in 0 ms
17:55:02.098 [main] INFO  - 
  _____   ___   ___   _____     ___     _     ___   ___   ___   ___  
 |_   _| | __| / __| |_   _|   | _ \   /_\   / __| / __| | __| |   \ 
   | |   | _|  \__ \   | |     |  _/  / _ \  \__ \ \__ \ | _|  | |) |
   |_|   |___| |___/   |_|     |_|   /_/ \_\ |___/ |___/ |___| |___/ 

Login Scenario
----------------------------------------------------------------------
]]></system-out>
    <system-err><![CDATA[Starting ChromeDriver 101.0.4951.41 (93c720db8323b3ec10d056025ab95c23a31997c9-refs/branch-heads/4951@{#904}) on port 60404
Only local connections are allowed.
Please see https://chromedriver.chromium.org/security-considerations for suggestions on keeping ChromeDriver safe.
ChromeDriver was started successfully.
May 17, 2022 5:54:58 PM org.openqa.selenium.remote.ProtocolHandshake createSession
INFO: Detected dialect: W3C
May 17, 2022 5:54:58 PM org.openqa.selenium.devtools.CdpVersionFinder findNearestMatch
WARNING: Unable to find an exact match for CDP version 101, so returning the closest version found: 97
May 17, 2022 5:54:58 PM org.openqa.selenium.devtools.CdpVersionFinder findNearestMatch
INFO: Found CDP implementation for version 101 of 97
]]></system-err>
  </testcase>
  <testcase name="Login Scenario #3" classname="Login" time="5.766">
    <system-out><![CDATA[
@Login
Scenario Outline: Login Scenario                &amp#27;[90m# src/test/resources/features/Login.feature:20&amp#27;[0m
17:55:02.114 [main] INFO io.cucumber.core.plugin.SerenityReporter - Running feature from file:///E:/Learn/ProjectTestWeb/src/test/resources/features/Login.feature
17:55:02.134 [main] INFO net.serenitybdd.core.webdriver.driverproviders.ChromeDriverProvider - Using automatically driver download
17:55:02.313 [main] DEBUG io.github.bonigarcia.wdm.cache.ResolutionCache - Resolution chrome=101 in cache (valid until 18:23:13 17/05/2022 ICT)
17:55:02.318 [main] DEBUG io.github.bonigarcia.wdm.cache.ResolutionCache - Resolution chrome101=101.0.4951.41 in cache (valid until 17:23:13 18/05/2022 ICT)
17:55:02.319 [main] INFO io.github.bonigarcia.wdm.WebDriverManager - Using chromedriver 101.0.4951.41 (resolved driver for Chrome 101)
17:55:02.332 [main] DEBUG io.github.bonigarcia.wdm.WebDriverManager - Driver chromedriver 101.0.4951.41 found in cache
17:55:02.332 [main] INFO io.github.bonigarcia.wdm.WebDriverManager - Exporting webdriver.chrome.driver as C:\Users\HP\.cache\selenium\chromedriver\win32\101.0.4951.41\chromedriver.exe
17:55:02.520 [main] DEBUG net.serenitybdd.core.webdriver.driverproviders.ProvideNewDriver - Instantiating driver
17:55:02.520 [main] DEBUG net.serenitybdd.core.webdriver.driverproviders.ProvideNewDriver - Driver capabilities: Capabilities {acceptInsecureCerts: false, base.url: , browserName: chrome, goog:chromeOptions: {args: [], extensions: []}}
17:55:03.072 [AsyncHttpClient-1-10] DEBUG org.asynchttpclient.netty.channel.NettyConnectListener - Using new Channel '[id: 0xc215b6b0, L:/127.0.0.1:58437 - R:localhost/127.0.0.1:55151]' for 'POST' to '/session'
17:55:03.780 [AsyncHttpClient-1-10] DEBUG org.asynchttpclient.netty.handler.HttpHandler - 

Request DefaultHttpRequest(decodeResult: success, version: HTTP/1.1)
POST /session HTTP/1.1
User-Agent: selenium/4.1.2 (java windows)
Content-Length: 457
Content-Type: application/json; charset=utf-8
host: localhost:55151
accept: */*

Response DefaultHttpResponse(decodeResult: success, version: HTTP/1.1)
HTTP/1.1 200 OK
Content-Type: application/json; charset=utf-8
cache-control: no-cache
content-length: 786

17:55:03.781 [AsyncHttpClient-1-10] DEBUG org.asynchttpclient.netty.channel.ChannelManager - Adding key: http://localhost:55151 for channel [id: 0xc215b6b0, L:/127.0.0.1:58437 - R:localhost/127.0.0.1:55151]
17:55:03.790 [AsyncHttpClient-1-11] DEBUG org.asynchttpclient.netty.channel.NettyConnectListener - Using new Channel '[id: 0x799387dc, L:/127.0.0.1:58444 - R:localhost/127.0.0.1:58438]' for 'GET' to '/json/version'
17:55:03.790 [AsyncHttpClient-1-11] DEBUG org.asynchttpclient.netty.handler.HttpHandler - 

Request DefaultFullHttpRequest(decodeResult: success, version: HTTP/1.1, content: EmptyByteBufBE)
GET /json/version HTTP/1.1
User-Agent: selenium/4.1.2 (java windows)
host: localhost:58438
accept: */*

Response DefaultHttpResponse(decodeResult: success, version: HTTP/1.1)
HTTP/1.1 200 OK
Content-Type: application/json; charset=UTF-8
content-length: 427

17:55:03.790 [AsyncHttpClient-1-11] DEBUG org.asynchttpclient.netty.channel.ChannelManager - Adding key: http://localhost:58438 for channel [id: 0x799387dc, L:/127.0.0.1:58444 - R:localhost/127.0.0.1:58438]
17:55:03.793 [AsyncHttpClient-1-12] DEBUG org.asynchttpclient.netty.channel.NettyConnectListener - Using new Channel '[id: 0xcfc14c6c, L:/127.0.0.1:58445 - R:localhost/127.0.0.1:58438]' for 'GET' to '/devtools/browser/bf48b101-e73a-40ef-9e8e-17bc53e47605'
17:55:03.794 [AsyncHttpClient-1-12] DEBUG org.asynchttpclient.netty.handler.WebSocketHandler - 

Request DefaultFullHttpRequest(decodeResult: success, version: HTTP/1.1, content: EmptyByteBufBE)
GET /devtools/browser/bf48b101-e73a-40ef-9e8e-17bc53e47605 HTTP/1.1
upgrade: websocket
connection: upgrade
sec-websocket-key: 0t5GKdnmJhKrjSzzlPrr1A==
sec-websocket-version: 13
origin: http://localhost:58438
host: localhost:58438
accept: */*
user-agent: AHC/2.1

Response DefaultHttpResponse(decodeResult: success, version: HTTP/1.1)
HTTP/1.1 101 WebSocket Protocol Handshake
Upgrade: WebSocket
Connection: Upgrade
Sec-WebSocket-Accept: VLjx7nrADnI+scFNAOVMIgxyyIY=

17:55:03.797 [Forwarding get on session 1a983134cb5c2d499f8abeb65bbe72db to remote] DEBUG org.asynchttpclient.netty.request.NettyRequestSender - Using pooled Channel '[id: 0xc215b6b0, L:/127.0.0.1:58437 - R:localhost/127.0.0.1:55151]' for 'POST' to 'http://localhost:55151/session/1a983134cb5c2d499f8abeb65bbe72db/url'
17:55:03.797 [Forwarding get on session 1a983134cb5c2d499f8abeb65bbe72db to remote] DEBUG org.asynchttpclient.netty.request.NettyRequestSender - Using open Channel [id: 0xc215b6b0, L:/127.0.0.1:58437 - R:localhost/127.0.0.1:55151] for POST '/session/1a983134cb5c2d499f8abeb65bbe72db/url'
17:55:04.128 [AsyncHttpClient-1-1] DEBUG org.asynchttpclient.netty.channel.DefaultChannelPool - Entry count for : http://localhost:58438 : 1
17:55:05.107 [AsyncHttpClient-1-10] DEBUG org.asynchttpclient.netty.handler.HttpHandler - 

Request DefaultHttpRequest(decodeResult: success, version: HTTP/1.1)
POST /session/1a983134cb5c2d499f8abeb65bbe72db/url HTTP/1.1
User-Agent: selenium/4.1.2 (java windows)
Content-Length: 64
Content-Type: application/json; charset=utf-8
host: localhost:55151
accept: */*

Response DefaultHttpResponse(decodeResult: success, version: HTTP/1.1)
HTTP/1.1 200 OK
Content-Type: application/json; charset=utf-8
cache-control: no-cache
content-length: 14

17:55:05.107 [AsyncHttpClient-1-10] DEBUG org.asynchttpclient.netty.channel.ChannelManager - Adding key: http://localhost:55151 for channel [id: 0xc215b6b0, L:/127.0.0.1:58437 - R:localhost/127.0.0.1:55151]
17:55:05.108 [Forwarding setTimeout on session 1a983134cb5c2d499f8abeb65bbe72db to remote] DEBUG org.asynchttpclient.netty.request.NettyRequestSender - Using pooled Channel '[id: 0xc215b6b0, L:/127.0.0.1:58437 - R:localhost/127.0.0.1:55151]' for 'POST' to 'http://localhost:55151/session/1a983134cb5c2d499f8abeb65bbe72db/timeouts'
17:55:05.108 [Forwarding setTimeout on session 1a983134cb5c2d499f8abeb65bbe72db to remote] DEBUG org.asynchttpclient.netty.request.NettyRequestSender - Using open Channel [id: 0xc215b6b0, L:/127.0.0.1:58437 - R:localhost/127.0.0.1:55151] for POST '/session/1a983134cb5c2d499f8abeb65bbe72db/timeouts'
17:55:05.109 [AsyncHttpClient-1-10] DEBUG org.asynchttpclient.netty.handler.HttpHandler - 

Request DefaultHttpRequest(decodeResult: success, version: HTTP/1.1)
POST /session/1a983134cb5c2d499f8abeb65bbe72db/timeouts HTTP/1.1
User-Agent: selenium/4.1.2 (java windows)
Content-Length: 22
Content-Type: application/json; charset=utf-8
host: localhost:55151
accept: */*

Response DefaultHttpResponse(decodeResult: success, version: HTTP/1.1)
HTTP/1.1 200 OK
Content-Type: application/json; charset=utf-8
cache-control: no-cache
content-length: 14

17:55:05.109 [AsyncHttpClient-1-10] DEBUG org.asynchttpclient.netty.channel.ChannelManager - Adding key: http://localhost:55151 for channel [id: 0xc215b6b0, L:/127.0.0.1:58437 - R:localhost/127.0.0.1:55151]
17:55:05.112 [Forwarding getCurrentUrl on session 1a983134cb5c2d499f8abeb65bbe72db to remote] DEBUG org.asynchttpclient.netty.request.NettyRequestSender - Using pooled Channel '[id: 0xc215b6b0, L:/127.0.0.1:58437 - R:localhost/127.0.0.1:55151]' for 'GET' to 'http://localhost:55151/session/1a983134cb5c2d499f8abeb65bbe72db/url'
17:55:05.112 [Forwarding getCurrentUrl on session 1a983134cb5c2d499f8abeb65bbe72db to remote] DEBUG org.asynchttpclient.netty.request.NettyRequestSender - Using open Channel [id: 0xc215b6b0, L:/127.0.0.1:58437 - R:localhost/127.0.0.1:55151] for GET '/session/1a983134cb5c2d499f8abeb65bbe72db/url'
17:55:05.117 [AsyncHttpClient-1-10] DEBUG org.asynchttpclient.netty.handler.HttpHandler - 

Request DefaultFullHttpRequest(decodeResult: success, version: HTTP/1.1, content: EmptyByteBufBE)
GET /session/1a983134cb5c2d499f8abeb65bbe72db/url HTTP/1.1
User-Agent: selenium/4.1.2 (java windows)
Cache-Control: no-cache
Content-Type: application/json; charset=utf-8
host: localhost:55151
accept: */*

Response DefaultHttpResponse(decodeResult: success, version: HTTP/1.1)
HTTP/1.1 200 OK
Content-Type: application/json; charset=utf-8
cache-control: no-cache
content-length: 41

17:55:05.117 [AsyncHttpClient-1-10] DEBUG org.asynchttpclient.netty.channel.ChannelManager - Adding key: http://localhost:55151 for channel [id: 0xc215b6b0, L:/127.0.0.1:58437 - R:localhost/127.0.0.1:55151]
17:55:05.124 [Forwarding screenshot on session 1a983134cb5c2d499f8abeb65bbe72db to remote] DEBUG org.asynchttpclient.netty.request.NettyRequestSender - Using pooled Channel '[id: 0xc215b6b0, L:/127.0.0.1:58437 - R:localhost/127.0.0.1:55151]' for 'GET' to 'http://localhost:55151/session/1a983134cb5c2d499f8abeb65bbe72db/screenshot'
17:55:05.124 [Forwarding screenshot on session 1a983134cb5c2d499f8abeb65bbe72db to remote] DEBUG org.asynchttpclient.netty.request.NettyRequestSender - Using open Channel [id: 0xc215b6b0, L:/127.0.0.1:58437 - R:localhost/127.0.0.1:55151] for GET '/session/1a983134cb5c2d499f8abeb65bbe72db/screenshot'
17:55:05.214 [AsyncHttpClient-1-1] DEBUG org.asynchttpclient.netty.channel.DefaultChannelPool - Entry count for : http://localhost:58438 : 1
17:55:05.401 [AsyncHttpClient-1-10] DEBUG org.asynchttpclient.netty.handler.HttpHandler - 

Request DefaultFullHttpRequest(decodeResult: success, version: HTTP/1.1, content: EmptyByteBufBE)
GET /session/1a983134cb5c2d499f8abeb65bbe72db/screenshot HTTP/1.1
User-Agent: selenium/4.1.2 (java windows)
Cache-Control: no-cache
Content-Type: application/json; charset=utf-8
host: localhost:55151
accept: */*

Response DefaultHttpResponse(decodeResult: success, version: HTTP/1.1)
HTTP/1.1 200 OK
Content-Type: application/json; charset=utf-8
cache-control: no-cache
content-length: 32228

17:55:05.401 [AsyncHttpClient-1-10] DEBUG org.asynchttpclient.netty.channel.ChannelManager - Adding key: http://localhost:55151 for channel [id: 0xc215b6b0, L:/127.0.0.1:58437 - R:localhost/127.0.0.1:55151]
17:55:05.404 [main] DEBUG net.serenitybdd.core.photography.Darkroom - Send negative for processing for target\site\serenity\4510322e36bb11a6014d8509eafdfeb27c6a3a7394c1f9ef4b696c572e41b18d.png
17:55:05.404 [main] DEBUG net.thucydides.core.steps.StepInterceptor - STARTING STEP: LoginSteps.iAmOnTheLoginPage - validateOnLoginPage
17:55:05.406 [Forwarding findElement on session 1a983134cb5c2d499f8abeb65bbe72db to remote] DEBUG org.asynchttpclient.netty.request.NettyRequestSender - Using pooled Channel '[id: 0xc215b6b0, L:/127.0.0.1:58437 - R:localhost/127.0.0.1:55151]' for 'POST' to 'http://localhost:55151/session/1a983134cb5c2d499f8abeb65bbe72db/element'
17:55:05.406 [Forwarding findElement on session 1a983134cb5c2d499f8abeb65bbe72db to remote] DEBUG org.asynchttpclient.netty.request.NettyRequestSender - Using open Channel [id: 0xc215b6b0, L:/127.0.0.1:58437 - R:localhost/127.0.0.1:55151] for POST '/session/1a983134cb5c2d499f8abeb65bbe72db/element'
17:55:05.420 [AsyncHttpClient-1-10] DEBUG org.asynchttpclient.netty.handler.HttpHandler - 

Request DefaultHttpRequest(decodeResult: success, version: HTTP/1.1)
POST /session/1a983134cb5c2d499f8abeb65bbe72db/element HTTP/1.1
User-Agent: selenium/4.1.2 (java windows)
Content-Length: 92
Content-Type: application/json; charset=utf-8
host: localhost:55151
accept: */*

Response DefaultHttpResponse(decodeResult: success, version: HTTP/1.1)
HTTP/1.1 200 OK
Content-Type: application/json; charset=utf-8
cache-control: no-cache
content-length: 88

17:55:05.420 [AsyncHttpClient-1-10] DEBUG org.asynchttpclient.netty.channel.ChannelManager - Adding key: http://localhost:55151 for channel [id: 0xc215b6b0, L:/127.0.0.1:58437 - R:localhost/127.0.0.1:55151]
17:55:05.425 [Forwarding isElementDisplayed on session 1a983134cb5c2d499f8abeb65bbe72db to remote] DEBUG org.asynchttpclient.netty.request.NettyRequestSender - Using pooled Channel '[id: 0xc215b6b0, L:/127.0.0.1:58437 - R:localhost/127.0.0.1:55151]' for 'POST' to 'http://localhost:55151/session/1a983134cb5c2d499f8abeb65bbe72db/execute/sync'
17:55:05.425 [Forwarding isElementDisplayed on session 1a983134cb5c2d499f8abeb65bbe72db to remote] DEBUG org.asynchttpclient.netty.request.NettyRequestSender - Using open Channel [id: 0xc215b6b0, L:/127.0.0.1:58437 - R:localhost/127.0.0.1:55151] for POST '/session/1a983134cb5c2d499f8abeb65bbe72db/execute/sync'
17:55:05.445 [AsyncHttpClient-1-10] DEBUG org.asynchttpclient.netty.handler.HttpHandler - 

Request DefaultHttpRequest(decodeResult: success, version: HTTP/1.1)
POST /session/1a983134cb5c2d499f8abeb65bbe72db/execute/sync HTTP/1.1
User-Agent: selenium/4.1.2 (java windows)
Content-Length: 48780
Content-Type: application/json; charset=utf-8
host: localhost:55151
accept: */*

Response DefaultHttpResponse(decodeResult: success, version: HTTP/1.1)
HTTP/1.1 200 OK
Content-Type: application/json; charset=utf-8
cache-control: no-cache
content-length: 14

17:55:05.445 [AsyncHttpClient-1-10] DEBUG org.asynchttpclient.netty.channel.ChannelManager - Adding key: http://localhost:55151 for channel [id: 0xc215b6b0, L:/127.0.0.1:58437 - R:localhost/127.0.0.1:55151]
17:55:05.450 [main] DEBUG net.thucydides.core.steps.StepInterceptor - STEP DONE: validateOnLoginPage
  &amp#27;[32mGiven &amp#27;[0m&amp#27;[32mI am on the login page&amp#27;[0m                  &amp#27;[90m# starter.stepdefinitions.LoginSteps.iAmOnTheLoginPage()&amp#27;[0m
17:55:05.455 [Forwarding screenshot on session 1a983134cb5c2d499f8abeb65bbe72db to remote] DEBUG org.asynchttpclient.netty.request.NettyRequestSender - Using pooled Channel '[id: 0xc215b6b0, L:/127.0.0.1:58437 - R:localhost/127.0.0.1:55151]' for 'GET' to 'http://localhost:55151/session/1a983134cb5c2d499f8abeb65bbe72db/screenshot'
17:55:05.456 [Forwarding screenshot on session 1a983134cb5c2d499f8abeb65bbe72db to remote] DEBUG org.asynchttpclient.netty.request.NettyRequestSender - Using open Channel [id: 0xc215b6b0, L:/127.0.0.1:58437 - R:localhost/127.0.0.1:55151] for GET '/session/1a983134cb5c2d499f8abeb65bbe72db/screenshot'
17:55:05.595 [AsyncHttpClient-1-10] DEBUG org.asynchttpclient.netty.handler.HttpHandler - 

Request DefaultFullHttpRequest(decodeResult: success, version: HTTP/1.1, content: EmptyByteBufBE)
GET /session/1a983134cb5c2d499f8abeb65bbe72db/screenshot HTTP/1.1
User-Agent: selenium/4.1.2 (java windows)
Cache-Control: no-cache
Content-Type: application/json; charset=utf-8
host: localhost:55151
accept: */*

Response DefaultHttpResponse(decodeResult: success, version: HTTP/1.1)
HTTP/1.1 200 OK
Content-Type: application/json; charset=utf-8
cache-control: no-cache
content-length: 32228

17:55:05.596 [AsyncHttpClient-1-10] DEBUG org.asynchttpclient.netty.channel.ChannelManager - Adding key: http://localhost:55151 for channel [id: 0xc215b6b0, L:/127.0.0.1:58437 - R:localhost/127.0.0.1:55151]
17:55:05.598 [main] DEBUG net.serenitybdd.core.photography.Darkroom - Send negative for processing for target\site\serenity\4510322e36bb11a6014d8509eafdfeb27c6a3a7394c1f9ef4b696c572e41b18d.png
17:55:05.607 [main] DEBUG net.thucydides.core.steps.StepInterceptor - STARTING STEP: LoginSteps.iInputEmail - inputEmail
17:55:05.609 [Forwarding findElement on session 1a983134cb5c2d499f8abeb65bbe72db to remote] DEBUG org.asynchttpclient.netty.request.NettyRequestSender - Using pooled Channel '[id: 0xc215b6b0, L:/127.0.0.1:58437 - R:localhost/127.0.0.1:55151]' for 'POST' to 'http://localhost:55151/session/1a983134cb5c2d499f8abeb65bbe72db/element'
17:55:05.609 [Forwarding findElement on session 1a983134cb5c2d499f8abeb65bbe72db to remote] DEBUG org.asynchttpclient.netty.request.NettyRequestSender - Using open Channel [id: 0xc215b6b0, L:/127.0.0.1:58437 - R:localhost/127.0.0.1:55151] for POST '/session/1a983134cb5c2d499f8abeb65bbe72db/element'
17:55:05.625 [AsyncHttpClient-1-10] DEBUG org.asynchttpclient.netty.handler.HttpHandler - 

Request DefaultHttpRequest(decodeResult: success, version: HTTP/1.1)
POST /session/1a983134cb5c2d499f8abeb65bbe72db/element HTTP/1.1
User-Agent: selenium/4.1.2 (java windows)
Content-Length: 84
Content-Type: application/json; charset=utf-8
host: localhost:55151
accept: */*

Response DefaultHttpResponse(decodeResult: success, version: HTTP/1.1)
HTTP/1.1 200 OK
Content-Type: application/json; charset=utf-8
cache-control: no-cache
content-length: 88

17:55:05.625 [AsyncHttpClient-1-10] DEBUG org.asynchttpclient.netty.channel.ChannelManager - Adding key: http://localhost:55151 for channel [id: 0xc215b6b0, L:/127.0.0.1:58437 - R:localhost/127.0.0.1:55151]
17:55:05.627 [Forwarding clearElement on session 1a983134cb5c2d499f8abeb65bbe72db to remote] DEBUG org.asynchttpclient.netty.request.NettyRequestSender - Using pooled Channel '[id: 0xc215b6b0, L:/127.0.0.1:58437 - R:localhost/127.0.0.1:55151]' for 'POST' to 'http://localhost:55151/session/1a983134cb5c2d499f8abeb65bbe72db/element/18f78315-1ba1-41e5-9956-5b083b29aa8c/clear'
17:55:05.627 [Forwarding clearElement on session 1a983134cb5c2d499f8abeb65bbe72db to remote] DEBUG org.asynchttpclient.netty.request.NettyRequestSender - Using open Channel [id: 0xc215b6b0, L:/127.0.0.1:58437 - R:localhost/127.0.0.1:55151] for POST '/session/1a983134cb5c2d499f8abeb65bbe72db/element/18f78315-1ba1-41e5-9956-5b083b29aa8c/clear'
17:55:05.664 [AsyncHttpClient-1-10] DEBUG org.asynchttpclient.netty.handler.HttpHandler - 

Request DefaultHttpRequest(decodeResult: success, version: HTTP/1.1)
POST /session/1a983134cb5c2d499f8abeb65bbe72db/element/18f78315-1ba1-41e5-9956-5b083b29aa8c/clear HTTP/1.1
User-Agent: selenium/4.1.2 (java windows)
Content-Length: 50
Content-Type: application/json; charset=utf-8
host: localhost:55151
accept: */*

Response DefaultHttpResponse(decodeResult: success, version: HTTP/1.1)
HTTP/1.1 200 OK
Content-Type: application/json; charset=utf-8
cache-control: no-cache
content-length: 14

17:55:05.664 [AsyncHttpClient-1-10] DEBUG org.asynchttpclient.netty.channel.ChannelManager - Adding key: http://localhost:55151 for channel [id: 0xc215b6b0, L:/127.0.0.1:58437 - R:localhost/127.0.0.1:55151]
17:55:05.666 [Forwarding sendKeysToElement on session 1a983134cb5c2d499f8abeb65bbe72db to remote] DEBUG org.asynchttpclient.netty.request.NettyRequestSender - Using pooled Channel '[id: 0xc215b6b0, L:/127.0.0.1:58437 - R:localhost/127.0.0.1:55151]' for 'POST' to 'http://localhost:55151/session/1a983134cb5c2d499f8abeb65bbe72db/element/18f78315-1ba1-41e5-9956-5b083b29aa8c/value'
17:55:05.666 [Forwarding sendKeysToElement on session 1a983134cb5c2d499f8abeb65bbe72db to remote] DEBUG org.asynchttpclient.netty.request.NettyRequestSender - Using open Channel [id: 0xc215b6b0, L:/127.0.0.1:58437 - R:localhost/127.0.0.1:55151] for POST '/session/1a983134cb5c2d499f8abeb65bbe72db/element/18f78315-1ba1-41e5-9956-5b083b29aa8c/value'
17:55:05.822 [AsyncHttpClient-1-10] DEBUG org.asynchttpclient.netty.handler.HttpHandler - 

Request DefaultHttpRequest(decodeResult: success, version: HTTP/1.1)
POST /session/1a983134cb5c2d499f8abeb65bbe72db/element/18f78315-1ba1-41e5-9956-5b083b29aa8c/value HTTP/1.1
User-Agent: selenium/4.1.2 (java windows)
Content-Length: 271
Content-Type: application/json; charset=utf-8
host: localhost:55151
accept: */*

Response DefaultHttpResponse(decodeResult: success, version: HTTP/1.1)
HTTP/1.1 200 OK
Content-Type: application/json; charset=utf-8
cache-control: no-cache
content-length: 14

17:55:05.822 [AsyncHttpClient-1-10] DEBUG org.asynchttpclient.netty.channel.ChannelManager - Adding key: http://localhost:55151 for channel [id: 0xc215b6b0, L:/127.0.0.1:58437 - R:localhost/127.0.0.1:55151]
17:55:05.829 [Forwarding screenshot on session 1a983134cb5c2d499f8abeb65bbe72db to remote] DEBUG org.asynchttpclient.netty.request.NettyRequestSender - Using pooled Channel '[id: 0xc215b6b0, L:/127.0.0.1:58437 - R:localhost/127.0.0.1:55151]' for 'GET' to 'http://localhost:55151/session/1a983134cb5c2d499f8abeb65bbe72db/screenshot'
17:55:05.829 [Forwarding screenshot on session 1a983134cb5c2d499f8abeb65bbe72db to remote] DEBUG org.asynchttpclient.netty.request.NettyRequestSender - Using open Channel [id: 0xc215b6b0, L:/127.0.0.1:58437 - R:localhost/127.0.0.1:55151] for GET '/session/1a983134cb5c2d499f8abeb65bbe72db/screenshot'
17:55:06.042 [AsyncHttpClient-1-10] DEBUG org.asynchttpclient.netty.handler.HttpHandler - 

Request DefaultFullHttpRequest(decodeResult: success, version: HTTP/1.1, content: EmptyByteBufBE)
GET /session/1a983134cb5c2d499f8abeb65bbe72db/screenshot HTTP/1.1
User-Agent: selenium/4.1.2 (java windows)
Cache-Control: no-cache
Content-Type: application/json; charset=utf-8
host: localhost:55151
accept: */*

Response DefaultHttpResponse(decodeResult: success, version: HTTP/1.1)
HTTP/1.1 200 OK
Content-Type: application/json; charset=utf-8
cache-control: no-cache
content-length: 38112

17:55:06.042 [AsyncHttpClient-1-10] DEBUG org.asynchttpclient.netty.channel.ChannelManager - Adding key: http://localhost:55151 for channel [id: 0xc215b6b0, L:/127.0.0.1:58437 - R:localhost/127.0.0.1:55151]
17:55:06.044 [main] DEBUG net.serenitybdd.core.photography.Darkroom - Send negative for processing for target\site\serenity\5e294d7237bdb83c9f4ef3609d6c5f288b5a2e46ff39673360d451c4098e5595.png
17:55:06.045 [main] DEBUG net.thucydides.core.steps.StepInterceptor - STEP DONE: inputEmail
  &amp#27;[32mWhen &amp#27;[0m&amp#27;[32mI input &amp#27;[0m&amp#27;[32m&amp#27;[1m"jasrivika@gmail.com"&amp#27;[0m&amp#27;[32m email&amp#27;[0m      &amp#27;[90m# starter.stepdefinitions.LoginSteps.iInputEmail(java.lang.String)&amp#27;[0m
17:55:06.045 [Darkroom Processing Line] DEBUG net.serenitybdd.core.photography.DarkroomProcessingLine - Processing screenshot image in /var/screenshots/screenshot-10350027364079973830
17:55:06.045 [Darkroom Processing Line] DEBUG net.serenitybdd.core.photography.DarkroomProcessingLine - Saving screenshot to target\site\serenity\5e294d7237bdb83c9f4ef3609d6c5f288b5a2e46ff39673360d451c4098e5595.png
17:55:06.062 [main] DEBUG net.thucydides.core.steps.StepInterceptor - STARTING STEP: LoginSteps.iInputPassword - inputPassword
17:55:06.064 [Forwarding findElement on session 1a983134cb5c2d499f8abeb65bbe72db to remote] DEBUG org.asynchttpclient.netty.request.NettyRequestSender - Using pooled Channel '[id: 0xc215b6b0, L:/127.0.0.1:58437 - R:localhost/127.0.0.1:55151]' for 'POST' to 'http://localhost:55151/session/1a983134cb5c2d499f8abeb65bbe72db/element'
17:55:06.064 [Forwarding findElement on session 1a983134cb5c2d499f8abeb65bbe72db to remote] DEBUG org.asynchttpclient.netty.request.NettyRequestSender - Using open Channel [id: 0xc215b6b0, L:/127.0.0.1:58437 - R:localhost/127.0.0.1:55151] for POST '/session/1a983134cb5c2d499f8abeb65bbe72db/element'
17:55:06.078 [AsyncHttpClient-1-10] DEBUG org.asynchttpclient.netty.handler.HttpHandler - 

Request DefaultHttpRequest(decodeResult: success, version: HTTP/1.1)
POST /session/1a983134cb5c2d499f8abeb65bbe72db/element HTTP/1.1
User-Agent: selenium/4.1.2 (java windows)
Content-Length: 87
Content-Type: application/json; charset=utf-8
host: localhost:55151
accept: */*

Response DefaultHttpResponse(decodeResult: success, version: HTTP/1.1)
HTTP/1.1 200 OK
Content-Type: application/json; charset=utf-8
cache-control: no-cache
content-length: 88

17:55:06.078 [AsyncHttpClient-1-10] DEBUG org.asynchttpclient.netty.channel.ChannelManager - Adding key: http://localhost:55151 for channel [id: 0xc215b6b0, L:/127.0.0.1:58437 - R:localhost/127.0.0.1:55151]
17:55:06.079 [Forwarding clearElement on session 1a983134cb5c2d499f8abeb65bbe72db to remote] DEBUG org.asynchttpclient.netty.request.NettyRequestSender - Using pooled Channel '[id: 0xc215b6b0, L:/127.0.0.1:58437 - R:localhost/127.0.0.1:55151]' for 'POST' to 'http://localhost:55151/session/1a983134cb5c2d499f8abeb65bbe72db/element/f21b8ad5-8eb9-4d49-b76d-9e642a5c3921/clear'
17:55:06.079 [Forwarding clearElement on session 1a983134cb5c2d499f8abeb65bbe72db to remote] DEBUG org.asynchttpclient.netty.request.NettyRequestSender - Using open Channel [id: 0xc215b6b0, L:/127.0.0.1:58437 - R:localhost/127.0.0.1:55151] for POST '/session/1a983134cb5c2d499f8abeb65bbe72db/element/f21b8ad5-8eb9-4d49-b76d-9e642a5c3921/clear'
17:55:06.118 [AsyncHttpClient-1-10] DEBUG org.asynchttpclient.netty.handler.HttpHandler - 

Request DefaultHttpRequest(decodeResult: success, version: HTTP/1.1)
POST /session/1a983134cb5c2d499f8abeb65bbe72db/element/f21b8ad5-8eb9-4d49-b76d-9e642a5c3921/clear HTTP/1.1
User-Agent: selenium/4.1.2 (java windows)
Content-Length: 50
Content-Type: application/json; charset=utf-8
host: localhost:55151
accept: */*

Response DefaultHttpResponse(decodeResult: success, version: HTTP/1.1)
HTTP/1.1 200 OK
Content-Type: application/json; charset=utf-8
cache-control: no-cache
content-length: 14

17:55:06.118 [AsyncHttpClient-1-10] DEBUG org.asynchttpclient.netty.channel.ChannelManager - Adding key: http://localhost:55151 for channel [id: 0xc215b6b0, L:/127.0.0.1:58437 - R:localhost/127.0.0.1:55151]
17:55:06.120 [Forwarding sendKeysToElement on session 1a983134cb5c2d499f8abeb65bbe72db to remote] DEBUG org.asynchttpclient.netty.request.NettyRequestSender - Using pooled Channel '[id: 0xc215b6b0, L:/127.0.0.1:58437 - R:localhost/127.0.0.1:55151]' for 'POST' to 'http://localhost:55151/session/1a983134cb5c2d499f8abeb65bbe72db/element/f21b8ad5-8eb9-4d49-b76d-9e642a5c3921/value'
17:55:06.120 [Forwarding sendKeysToElement on session 1a983134cb5c2d499f8abeb65bbe72db to remote] DEBUG org.asynchttpclient.netty.request.NettyRequestSender - Using open Channel [id: 0xc215b6b0, L:/127.0.0.1:58437 - R:localhost/127.0.0.1:55151] for POST '/session/1a983134cb5c2d499f8abeb65bbe72db/element/f21b8ad5-8eb9-4d49-b76d-9e642a5c3921/value'
17:55:06.199 [AsyncHttpClient-1-10] DEBUG org.asynchttpclient.netty.handler.HttpHandler - 

Request DefaultHttpRequest(decodeResult: success, version: HTTP/1.1)
POST /session/1a983134cb5c2d499f8abeb65bbe72db/element/f21b8ad5-8eb9-4d49-b76d-9e642a5c3921/value HTTP/1.1
User-Agent: selenium/4.1.2 (java windows)
Content-Length: 141
Content-Type: application/json; charset=utf-8
host: localhost:55151
accept: */*

Response DefaultHttpResponse(decodeResult: success, version: HTTP/1.1)
HTTP/1.1 200 OK
Content-Type: application/json; charset=utf-8
cache-control: no-cache
content-length: 14

17:55:06.200 [AsyncHttpClient-1-10] DEBUG org.asynchttpclient.netty.channel.ChannelManager - Adding key: http://localhost:55151 for channel [id: 0xc215b6b0, L:/127.0.0.1:58437 - R:localhost/127.0.0.1:55151]
17:55:06.207 [Forwarding screenshot on session 1a983134cb5c2d499f8abeb65bbe72db to remote] DEBUG org.asynchttpclient.netty.request.NettyRequestSender - Using pooled Channel '[id: 0xc215b6b0, L:/127.0.0.1:58437 - R:localhost/127.0.0.1:55151]' for 'GET' to 'http://localhost:55151/session/1a983134cb5c2d499f8abeb65bbe72db/screenshot'
17:55:06.208 [Forwarding screenshot on session 1a983134cb5c2d499f8abeb65bbe72db to remote] DEBUG org.asynchttpclient.netty.request.NettyRequestSender - Using open Channel [id: 0xc215b6b0, L:/127.0.0.1:58437 - R:localhost/127.0.0.1:55151] for GET '/session/1a983134cb5c2d499f8abeb65bbe72db/screenshot'
17:55:06.315 [AsyncHttpClient-1-1] DEBUG org.asynchttpclient.netty.channel.DefaultChannelPool - Entry count for : http://localhost:58438 : 1
17:55:06.398 [AsyncHttpClient-1-10] DEBUG org.asynchttpclient.netty.handler.HttpHandler - 

Request DefaultFullHttpRequest(decodeResult: success, version: HTTP/1.1, content: EmptyByteBufBE)
GET /session/1a983134cb5c2d499f8abeb65bbe72db/screenshot HTTP/1.1
User-Agent: selenium/4.1.2 (java windows)
Cache-Control: no-cache
Content-Type: application/json; charset=utf-8
host: localhost:55151
accept: */*

Response DefaultHttpResponse(decodeResult: success, version: HTTP/1.1)
HTTP/1.1 200 OK
Content-Type: application/json; charset=utf-8
cache-control: no-cache
content-length: 39180

17:55:06.398 [AsyncHttpClient-1-10] DEBUG org.asynchttpclient.netty.channel.ChannelManager - Adding key: http://localhost:55151 for channel [id: 0xc215b6b0, L:/127.0.0.1:58437 - R:localhost/127.0.0.1:55151]
17:55:06.402 [main] DEBUG net.serenitybdd.core.photography.Darkroom - Send negative for processing for target\site\serenity\72bdfafe29a45fb474775ac650bbd1b3fed0c1275bb3c615c219921a85454cb4.png
17:55:06.402 [main] DEBUG net.thucydides.core.steps.StepInterceptor - STEP DONE: inputPassword
  &amp#27;[32mAnd &amp#27;[0m&amp#27;[32mI input &amp#27;[0m&amp#27;[32m&amp#27;[1m"hahaha"&amp#27;[0m&amp#27;[32m password&amp#27;[0m                 &amp#27;[90m# starter.stepdefinitions.LoginSteps.iInputPassword(java.lang.String)&amp#27;[0m
17:55:06.403 [Darkroom Processing Line] DEBUG net.serenitybdd.core.photography.DarkroomProcessingLine - Processing screenshot image in /var/screenshots/screenshot-15989432558079070687
17:55:06.403 [Darkroom Processing Line] DEBUG net.serenitybdd.core.photography.DarkroomProcessingLine - Saving screenshot to target\site\serenity\72bdfafe29a45fb474775ac650bbd1b3fed0c1275bb3c615c219921a85454cb4.png
17:55:06.420 [main] DEBUG net.thucydides.core.steps.StepInterceptor - STARTING STEP: LoginSteps.iClickLoginButton - clickLoginButton
17:55:06.423 [Forwarding findElement on session 1a983134cb5c2d499f8abeb65bbe72db to remote] DEBUG org.asynchttpclient.netty.request.NettyRequestSender - Using pooled Channel '[id: 0xc215b6b0, L:/127.0.0.1:58437 - R:localhost/127.0.0.1:55151]' for 'POST' to 'http://localhost:55151/session/1a983134cb5c2d499f8abeb65bbe72db/element'
17:55:06.423 [Forwarding findElement on session 1a983134cb5c2d499f8abeb65bbe72db to remote] DEBUG org.asynchttpclient.netty.request.NettyRequestSender - Using open Channel [id: 0xc215b6b0, L:/127.0.0.1:58437 - R:localhost/127.0.0.1:55151] for POST '/session/1a983134cb5c2d499f8abeb65bbe72db/element'
17:55:06.433 [AsyncHttpClient-1-10] DEBUG org.asynchttpclient.netty.handler.HttpHandler - 

Request DefaultHttpRequest(decodeResult: success, version: HTTP/1.1)
POST /session/1a983134cb5c2d499f8abeb65bbe72db/element HTTP/1.1
User-Agent: selenium/4.1.2 (java windows)
Content-Length: 92
Content-Type: application/json; charset=utf-8
host: localhost:55151
accept: */*

Response DefaultHttpResponse(decodeResult: success, version: HTTP/1.1)
HTTP/1.1 200 OK
Content-Type: application/json; charset=utf-8
cache-control: no-cache
content-length: 88

17:55:06.433 [AsyncHttpClient-1-10] DEBUG org.asynchttpclient.netty.channel.ChannelManager - Adding key: http://localhost:55151 for channel [id: 0xc215b6b0, L:/127.0.0.1:58437 - R:localhost/127.0.0.1:55151]
17:55:06.436 [Forwarding getElementTagName on session 1a983134cb5c2d499f8abeb65bbe72db to remote] DEBUG org.asynchttpclient.netty.request.NettyRequestSender - Using pooled Channel '[id: 0xc215b6b0, L:/127.0.0.1:58437 - R:localhost/127.0.0.1:55151]' for 'GET' to 'http://localhost:55151/session/1a983134cb5c2d499f8abeb65bbe72db/element/3c545270-ea9d-4263-9df7-f8e2dd827148/name'
17:55:06.436 [Forwarding getElementTagName on session 1a983134cb5c2d499f8abeb65bbe72db to remote] DEBUG org.asynchttpclient.netty.request.NettyRequestSender - Using open Channel [id: 0xc215b6b0, L:/127.0.0.1:58437 - R:localhost/127.0.0.1:55151] for GET '/session/1a983134cb5c2d499f8abeb65bbe72db/element/3c545270-ea9d-4263-9df7-f8e2dd827148/name'
17:55:06.443 [AsyncHttpClient-1-10] DEBUG org.asynchttpclient.netty.handler.HttpHandler - 

Request DefaultFullHttpRequest(decodeResult: success, version: HTTP/1.1, content: EmptyByteBufBE)
GET /session/1a983134cb5c2d499f8abeb65bbe72db/element/3c545270-ea9d-4263-9df7-f8e2dd827148/name HTTP/1.1
User-Agent: selenium/4.1.2 (java windows)
Cache-Control: no-cache
Content-Type: application/json; charset=utf-8
host: localhost:55151
accept: */*

Response DefaultHttpResponse(decodeResult: success, version: HTTP/1.1)
HTTP/1.1 200 OK
Content-Type: application/json; charset=utf-8
cache-control: no-cache
content-length: 18

17:55:06.443 [AsyncHttpClient-1-10] DEBUG org.asynchttpclient.netty.channel.ChannelManager - Adding key: http://localhost:55151 for channel [id: 0xc215b6b0, L:/127.0.0.1:58437 - R:localhost/127.0.0.1:55151]
17:55:06.445 [Forwarding getElementTagName on session 1a983134cb5c2d499f8abeb65bbe72db to remote] DEBUG org.asynchttpclient.netty.request.NettyRequestSender - Using pooled Channel '[id: 0xc215b6b0, L:/127.0.0.1:58437 - R:localhost/127.0.0.1:55151]' for 'GET' to 'http://localhost:55151/session/1a983134cb5c2d499f8abeb65bbe72db/element/3c545270-ea9d-4263-9df7-f8e2dd827148/name'
17:55:06.445 [Forwarding getElementTagName on session 1a983134cb5c2d499f8abeb65bbe72db to remote] DEBUG org.asynchttpclient.netty.request.NettyRequestSender - Using open Channel [id: 0xc215b6b0, L:/127.0.0.1:58437 - R:localhost/127.0.0.1:55151] for GET '/session/1a983134cb5c2d499f8abeb65bbe72db/element/3c545270-ea9d-4263-9df7-f8e2dd827148/name'
17:55:06.450 [AsyncHttpClient-1-10] DEBUG org.asynchttpclient.netty.handler.HttpHandler - 

Request DefaultFullHttpRequest(decodeResult: success, version: HTTP/1.1, content: EmptyByteBufBE)
GET /session/1a983134cb5c2d499f8abeb65bbe72db/element/3c545270-ea9d-4263-9df7-f8e2dd827148/name HTTP/1.1
User-Agent: selenium/4.1.2 (java windows)
Cache-Control: no-cache
Content-Type: application/json; charset=utf-8
host: localhost:55151
accept: */*

Response DefaultHttpResponse(decodeResult: success, version: HTTP/1.1)
HTTP/1.1 200 OK
Content-Type: application/json; charset=utf-8
cache-control: no-cache
content-length: 18

17:55:06.450 [AsyncHttpClient-1-10] DEBUG org.asynchttpclient.netty.channel.ChannelManager - Adding key: http://localhost:55151 for channel [id: 0xc215b6b0, L:/127.0.0.1:58437 - R:localhost/127.0.0.1:55151]
17:55:06.454 [Forwarding isElementEnabled on session 1a983134cb5c2d499f8abeb65bbe72db to remote] DEBUG org.asynchttpclient.netty.request.NettyRequestSender - Using pooled Channel '[id: 0xc215b6b0, L:/127.0.0.1:58437 - R:localhost/127.0.0.1:55151]' for 'GET' to 'http://localhost:55151/session/1a983134cb5c2d499f8abeb65bbe72db/element/3c545270-ea9d-4263-9df7-f8e2dd827148/enabled'
17:55:06.454 [Forwarding isElementEnabled on session 1a983134cb5c2d499f8abeb65bbe72db to remote] DEBUG org.asynchttpclient.netty.request.NettyRequestSender - Using open Channel [id: 0xc215b6b0, L:/127.0.0.1:58437 - R:localhost/127.0.0.1:55151] for GET '/session/1a983134cb5c2d499f8abeb65bbe72db/element/3c545270-ea9d-4263-9df7-f8e2dd827148/enabled'
17:55:06.465 [AsyncHttpClient-1-10] DEBUG org.asynchttpclient.netty.handler.HttpHandler - 

Request DefaultFullHttpRequest(decodeResult: success, version: HTTP/1.1, content: EmptyByteBufBE)
GET /session/1a983134cb5c2d499f8abeb65bbe72db/element/3c545270-ea9d-4263-9df7-f8e2dd827148/enabled HTTP/1.1
User-Agent: selenium/4.1.2 (java windows)
Cache-Control: no-cache
Content-Type: application/json; charset=utf-8
host: localhost:55151
accept: */*

Response DefaultHttpResponse(decodeResult: success, version: HTTP/1.1)
HTTP/1.1 200 OK
Content-Type: application/json; charset=utf-8
cache-control: no-cache
content-length: 14

17:55:06.466 [AsyncHttpClient-1-10] DEBUG org.asynchttpclient.netty.channel.ChannelManager - Adding key: http://localhost:55151 for channel [id: 0xc215b6b0, L:/127.0.0.1:58437 - R:localhost/127.0.0.1:55151]
17:55:06.468 [Forwarding isElementEnabled on session 1a983134cb5c2d499f8abeb65bbe72db to remote] DEBUG org.asynchttpclient.netty.request.NettyRequestSender - Using pooled Channel '[id: 0xc215b6b0, L:/127.0.0.1:58437 - R:localhost/127.0.0.1:55151]' for 'GET' to 'http://localhost:55151/session/1a983134cb5c2d499f8abeb65bbe72db/element/3c545270-ea9d-4263-9df7-f8e2dd827148/enabled'
17:55:06.468 [Forwarding isElementEnabled on session 1a983134cb5c2d499f8abeb65bbe72db to remote] DEBUG org.asynchttpclient.netty.request.NettyRequestSender - Using open Channel [id: 0xc215b6b0, L:/127.0.0.1:58437 - R:localhost/127.0.0.1:55151] for GET '/session/1a983134cb5c2d499f8abeb65bbe72db/element/3c545270-ea9d-4263-9df7-f8e2dd827148/enabled'
17:55:06.478 [AsyncHttpClient-1-10] DEBUG org.asynchttpclient.netty.handler.HttpHandler - 

Request DefaultFullHttpRequest(decodeResult: success, version: HTTP/1.1, content: EmptyByteBufBE)
GET /session/1a983134cb5c2d499f8abeb65bbe72db/element/3c545270-ea9d-4263-9df7-f8e2dd827148/enabled HTTP/1.1
User-Agent: selenium/4.1.2 (java windows)
Cache-Control: no-cache
Content-Type: application/json; charset=utf-8
host: localhost:55151
accept: */*

Response DefaultHttpResponse(decodeResult: success, version: HTTP/1.1)
HTTP/1.1 200 OK
Content-Type: application/json; charset=utf-8
cache-control: no-cache
content-length: 14

17:55:06.478 [AsyncHttpClient-1-10] DEBUG org.asynchttpclient.netty.channel.ChannelManager - Adding key: http://localhost:55151 for channel [id: 0xc215b6b0, L:/127.0.0.1:58437 - R:localhost/127.0.0.1:55151]
17:55:06.480 [Forwarding findElement on session 1a983134cb5c2d499f8abeb65bbe72db to remote] DEBUG org.asynchttpclient.netty.request.NettyRequestSender - Using pooled Channel '[id: 0xc215b6b0, L:/127.0.0.1:58437 - R:localhost/127.0.0.1:55151]' for 'POST' to 'http://localhost:55151/session/1a983134cb5c2d499f8abeb65bbe72db/element'
17:55:06.480 [Forwarding findElement on session 1a983134cb5c2d499f8abeb65bbe72db to remote] DEBUG org.asynchttpclient.netty.request.NettyRequestSender - Using open Channel [id: 0xc215b6b0, L:/127.0.0.1:58437 - R:localhost/127.0.0.1:55151] for POST '/session/1a983134cb5c2d499f8abeb65bbe72db/element'
17:55:06.490 [AsyncHttpClient-1-10] DEBUG org.asynchttpclient.netty.handler.HttpHandler - 

Request DefaultHttpRequest(decodeResult: success, version: HTTP/1.1)
POST /session/1a983134cb5c2d499f8abeb65bbe72db/element HTTP/1.1
User-Agent: selenium/4.1.2 (java windows)
Content-Length: 92
Content-Type: application/json; charset=utf-8
host: localhost:55151
accept: */*

Response DefaultHttpResponse(decodeResult: success, version: HTTP/1.1)
HTTP/1.1 200 OK
Content-Type: application/json; charset=utf-8
cache-control: no-cache
content-length: 88

17:55:06.490 [AsyncHttpClient-1-10] DEBUG org.asynchttpclient.netty.channel.ChannelManager - Adding key: http://localhost:55151 for channel [id: 0xc215b6b0, L:/127.0.0.1:58437 - R:localhost/127.0.0.1:55151]
17:55:06.492 [Forwarding clickElement on session 1a983134cb5c2d499f8abeb65bbe72db to remote] DEBUG org.asynchttpclient.netty.request.NettyRequestSender - Using pooled Channel '[id: 0xc215b6b0, L:/127.0.0.1:58437 - R:localhost/127.0.0.1:55151]' for 'POST' to 'http://localhost:55151/session/1a983134cb5c2d499f8abeb65bbe72db/element/3c545270-ea9d-4263-9df7-f8e2dd827148/click'
17:55:06.492 [Forwarding clickElement on session 1a983134cb5c2d499f8abeb65bbe72db to remote] DEBUG org.asynchttpclient.netty.request.NettyRequestSender - Using open Channel [id: 0xc215b6b0, L:/127.0.0.1:58437 - R:localhost/127.0.0.1:55151] for POST '/session/1a983134cb5c2d499f8abeb65bbe72db/element/3c545270-ea9d-4263-9df7-f8e2dd827148/click'
17:55:06.554 [AsyncHttpClient-1-10] DEBUG org.asynchttpclient.netty.handler.HttpHandler - 

Request DefaultHttpRequest(decodeResult: success, version: HTTP/1.1)
POST /session/1a983134cb5c2d499f8abeb65bbe72db/element/3c545270-ea9d-4263-9df7-f8e2dd827148/click HTTP/1.1
User-Agent: selenium/4.1.2 (java windows)
Content-Length: 50
Content-Type: application/json; charset=utf-8
host: localhost:55151
accept: */*

Response DefaultHttpResponse(decodeResult: success, version: HTTP/1.1)
HTTP/1.1 200 OK
Content-Type: application/json; charset=utf-8
cache-control: no-cache
content-length: 14

17:55:06.554 [AsyncHttpClient-1-10] DEBUG org.asynchttpclient.netty.channel.ChannelManager - Adding key: http://localhost:55151 for channel [id: 0xc215b6b0, L:/127.0.0.1:58437 - R:localhost/127.0.0.1:55151]
17:55:06.561 [Forwarding screenshot on session 1a983134cb5c2d499f8abeb65bbe72db to remote] DEBUG org.asynchttpclient.netty.request.NettyRequestSender - Using pooled Channel '[id: 0xc215b6b0, L:/127.0.0.1:58437 - R:localhost/127.0.0.1:55151]' for 'GET' to 'http://localhost:55151/session/1a983134cb5c2d499f8abeb65bbe72db/screenshot'
17:55:06.561 [Forwarding screenshot on session 1a983134cb5c2d499f8abeb65bbe72db to remote] DEBUG org.asynchttpclient.netty.request.NettyRequestSender - Using open Channel [id: 0xc215b6b0, L:/127.0.0.1:58437 - R:localhost/127.0.0.1:55151] for GET '/session/1a983134cb5c2d499f8abeb65bbe72db/screenshot'
17:55:06.779 [AsyncHttpClient-1-10] DEBUG org.asynchttpclient.netty.handler.HttpHandler - 

Request DefaultFullHttpRequest(decodeResult: success, version: HTTP/1.1, content: EmptyByteBufBE)
GET /session/1a983134cb5c2d499f8abeb65bbe72db/screenshot HTTP/1.1
User-Agent: selenium/4.1.2 (java windows)
Cache-Control: no-cache
Content-Type: application/json; charset=utf-8
host: localhost:55151
accept: */*

Response DefaultHttpResponse(decodeResult: success, version: HTTP/1.1)
HTTP/1.1 200 OK
Content-Type: application/json; charset=utf-8
cache-control: no-cache
content-length: 38416

17:55:06.779 [AsyncHttpClient-1-10] DEBUG org.asynchttpclient.netty.channel.ChannelManager - Adding key: http://localhost:55151 for channel [id: 0xc215b6b0, L:/127.0.0.1:58437 - R:localhost/127.0.0.1:55151]
17:55:06.781 [main] DEBUG net.serenitybdd.core.photography.Darkroom - Send negative for processing for target\site\serenity\a602d77d34eb00a91156d28fabb38b8ed70d662e83202697197f35684ec4fa57.png
17:55:06.781 [main] DEBUG net.thucydides.core.steps.StepInterceptor - STEP DONE: clickLoginButton
  &amp#27;[32mAnd &amp#27;[0m&amp#27;[32mI click login button&amp#27;[0m                      &amp#27;[90m# starter.stepdefinitions.LoginSteps.iClickLoginButton()&amp#27;[0m
17:55:06.782 [Darkroom Processing Line] DEBUG net.serenitybdd.core.photography.DarkroomProcessingLine - Processing screenshot image in /var/screenshots/screenshot-8729586056443175545
17:55:06.782 [Darkroom Processing Line] DEBUG net.serenitybdd.core.photography.DarkroomProcessingLine - Saving screenshot to target\site\serenity\a602d77d34eb00a91156d28fabb38b8ed70d662e83202697197f35684ec4fa57.png
17:55:06.805 [main] DEBUG net.thucydides.core.steps.StepInterceptor - STARTING STEP: LoginSteps.iGetThe - errorMessageAppears
17:55:06.808 [Forwarding findElement on session 1a983134cb5c2d499f8abeb65bbe72db to remote] DEBUG org.asynchttpclient.netty.request.NettyRequestSender - Using pooled Channel '[id: 0xc215b6b0, L:/127.0.0.1:58437 - R:localhost/127.0.0.1:55151]' for 'POST' to 'http://localhost:55151/session/1a983134cb5c2d499f8abeb65bbe72db/element'
17:55:06.808 [Forwarding findElement on session 1a983134cb5c2d499f8abeb65bbe72db to remote] DEBUG org.asynchttpclient.netty.request.NettyRequestSender - Using open Channel [id: 0xc215b6b0, L:/127.0.0.1:58437 - R:localhost/127.0.0.1:55151] for POST '/session/1a983134cb5c2d499f8abeb65bbe72db/element'
17:55:06.812 [AsyncHttpClient-1-10] DEBUG org.asynchttpclient.netty.handler.HttpHandler - 

Request DefaultHttpRequest(decodeResult: success, version: HTTP/1.1)
POST /session/1a983134cb5c2d499f8abeb65bbe72db/element HTTP/1.1
User-Agent: selenium/4.1.2 (java windows)
Content-Length: 53
Content-Type: application/json; charset=utf-8
host: localhost:55151
accept: */*

Response DefaultHttpResponse(decodeResult: success, version: HTTP/1.1)
HTTP/1.1 400 Bad Request
Content-Type: application/json; charset=utf-8
cache-control: no-cache
content-length: 957

17:55:06.812 [AsyncHttpClient-1-10] DEBUG org.asynchttpclient.netty.channel.ChannelManager - Adding key: http://localhost:55151 for channel [id: 0xc215b6b0, L:/127.0.0.1:58437 - R:localhost/127.0.0.1:55151]
17:55:06.814 [Forwarding findElement on session 1a983134cb5c2d499f8abeb65bbe72db to remote] DEBUG org.asynchttpclient.netty.request.NettyRequestSender - Using pooled Channel '[id: 0xc215b6b0, L:/127.0.0.1:58437 - R:localhost/127.0.0.1:55151]' for 'POST' to 'http://localhost:55151/session/1a983134cb5c2d499f8abeb65bbe72db/element'
17:55:06.814 [Forwarding findElement on session 1a983134cb5c2d499f8abeb65bbe72db to remote] DEBUG org.asynchttpclient.netty.request.NettyRequestSender - Using open Channel [id: 0xc215b6b0, L:/127.0.0.1:58437 - R:localhost/127.0.0.1:55151] for POST '/session/1a983134cb5c2d499f8abeb65bbe72db/element'
17:55:06.828 [AsyncHttpClient-1-10] DEBUG org.asynchttpclient.netty.handler.HttpHandler - 

Request DefaultHttpRequest(decodeResult: success, version: HTTP/1.1)
POST /session/1a983134cb5c2d499f8abeb65bbe72db/element HTTP/1.1
User-Agent: selenium/4.1.2 (java windows)
Content-Length: 63
Content-Type: application/json; charset=utf-8
host: localhost:55151
accept: */*

Response DefaultHttpResponse(decodeResult: success, version: HTTP/1.1)
HTTP/1.1 200 OK
Content-Type: application/json; charset=utf-8
cache-control: no-cache
content-length: 88

17:55:06.828 [AsyncHttpClient-1-10] DEBUG org.asynchttpclient.netty.channel.ChannelManager - Adding key: http://localhost:55151 for channel [id: 0xc215b6b0, L:/127.0.0.1:58437 - R:localhost/127.0.0.1:55151]
17:55:06.832 [Forwarding isElementDisplayed on session 1a983134cb5c2d499f8abeb65bbe72db to remote] DEBUG org.asynchttpclient.netty.request.NettyRequestSender - Using pooled Channel '[id: 0xc215b6b0, L:/127.0.0.1:58437 - R:localhost/127.0.0.1:55151]' for 'POST' to 'http://localhost:55151/session/1a983134cb5c2d499f8abeb65bbe72db/execute/sync'
17:55:06.832 [Forwarding isElementDisplayed on session 1a983134cb5c2d499f8abeb65bbe72db to remote] DEBUG org.asynchttpclient.netty.request.NettyRequestSender - Using open Channel [id: 0xc215b6b0, L:/127.0.0.1:58437 - R:localhost/127.0.0.1:55151] for POST '/session/1a983134cb5c2d499f8abeb65bbe72db/execute/sync'
17:55:06.851 [AsyncHttpClient-1-10] DEBUG org.asynchttpclient.netty.handler.HttpHandler - 

Request DefaultHttpRequest(decodeResult: success, version: HTTP/1.1)
POST /session/1a983134cb5c2d499f8abeb65bbe72db/execute/sync HTTP/1.1
User-Agent: selenium/4.1.2 (java windows)
Content-Length: 48780
Content-Type: application/json; charset=utf-8
host: localhost:55151
accept: */*

Response DefaultHttpResponse(decodeResult: success, version: HTTP/1.1)
HTTP/1.1 200 OK
Content-Type: application/json; charset=utf-8
cache-control: no-cache
content-length: 14

17:55:06.852 [AsyncHttpClient-1-10] DEBUG org.asynchttpclient.netty.channel.ChannelManager - Adding key: http://localhost:55151 for channel [id: 0xc215b6b0, L:/127.0.0.1:58437 - R:localhost/127.0.0.1:55151]
17:55:06.857 [Forwarding screenshot on session 1a983134cb5c2d499f8abeb65bbe72db to remote] DEBUG org.asynchttpclient.netty.request.NettyRequestSender - Using pooled Channel '[id: 0xc215b6b0, L:/127.0.0.1:58437 - R:localhost/127.0.0.1:55151]' for 'GET' to 'http://localhost:55151/session/1a983134cb5c2d499f8abeb65bbe72db/screenshot'
17:55:06.857 [Forwarding screenshot on session 1a983134cb5c2d499f8abeb65bbe72db to remote] DEBUG org.asynchttpclient.netty.request.NettyRequestSender - Using open Channel [id: 0xc215b6b0, L:/127.0.0.1:58437 - R:localhost/127.0.0.1:55151] for GET '/session/1a983134cb5c2d499f8abeb65bbe72db/screenshot'
17:55:07.130 [AsyncHttpClient-1-10] DEBUG org.asynchttpclient.netty.handler.HttpHandler - 

Request DefaultFullHttpRequest(decodeResult: success, version: HTTP/1.1, content: EmptyByteBufBE)
GET /session/1a983134cb5c2d499f8abeb65bbe72db/screenshot HTTP/1.1
User-Agent: selenium/4.1.2 (java windows)
Cache-Control: no-cache
Content-Type: application/json; charset=utf-8
host: localhost:55151
accept: */*

Response DefaultHttpResponse(decodeResult: success, version: HTTP/1.1)
HTTP/1.1 200 OK
Content-Type: application/json; charset=utf-8
cache-control: no-cache
content-length: 46388

17:55:07.130 [AsyncHttpClient-1-10] DEBUG org.asynchttpclient.netty.channel.ChannelManager - Adding key: http://localhost:55151 for channel [id: 0xc215b6b0, L:/127.0.0.1:58437 - R:localhost/127.0.0.1:55151]
17:55:07.133 [main] DEBUG net.serenitybdd.core.photography.Darkroom - Send negative for processing for target\site\serenity\889f374c08aa93d3fd3b9df51adc0de6d88b408956bfeaba5747bae5ac51c304.png
17:55:07.133 [main] DEBUG net.thucydides.core.steps.StepInterceptor - STEP DONE: errorMessageAppears
17:55:07.134 [Darkroom Processing Line] DEBUG net.serenitybdd.core.photography.DarkroomProcessingLine - Processing screenshot image in /var/screenshots/screenshot-6675857910644308576
17:55:07.134 [Darkroom Processing Line] DEBUG net.serenitybdd.core.photography.DarkroomProcessingLine - Saving screenshot to target\site\serenity\889f374c08aa93d3fd3b9df51adc0de6d88b408956bfeaba5747bae5ac51c304.png
17:55:07.140 [main] DEBUG net.thucydides.core.steps.StepInterceptor - STARTING STEP: LoginSteps.iGetThe - errorMessageEqual
17:55:07.144 [Forwarding findElement on session 1a983134cb5c2d499f8abeb65bbe72db to remote] DEBUG org.asynchttpclient.netty.request.NettyRequestSender - Using pooled Channel '[id: 0xc215b6b0, L:/127.0.0.1:58437 - R:localhost/127.0.0.1:55151]' for 'POST' to 'http://localhost:55151/session/1a983134cb5c2d499f8abeb65bbe72db/element'
17:55:07.144 [Forwarding findElement on session 1a983134cb5c2d499f8abeb65bbe72db to remote] DEBUG org.asynchttpclient.netty.request.NettyRequestSender - Using open Channel [id: 0xc215b6b0, L:/127.0.0.1:58437 - R:localhost/127.0.0.1:55151] for POST '/session/1a983134cb5c2d499f8abeb65bbe72db/element'
17:55:07.152 [AsyncHttpClient-1-10] DEBUG org.asynchttpclient.netty.handler.HttpHandler - 

Request DefaultHttpRequest(decodeResult: success, version: HTTP/1.1)
POST /session/1a983134cb5c2d499f8abeb65bbe72db/element HTTP/1.1
User-Agent: selenium/4.1.2 (java windows)
Content-Length: 63
Content-Type: application/json; charset=utf-8
host: localhost:55151
accept: */*

Response DefaultHttpResponse(decodeResult: success, version: HTTP/1.1)
HTTP/1.1 200 OK
Content-Type: application/json; charset=utf-8
cache-control: no-cache
content-length: 88

17:55:07.152 [AsyncHttpClient-1-10] DEBUG org.asynchttpclient.netty.channel.ChannelManager - Adding key: http://localhost:55151 for channel [id: 0xc215b6b0, L:/127.0.0.1:58437 - R:localhost/127.0.0.1:55151]
17:55:07.154 [Forwarding getElementText on session 1a983134cb5c2d499f8abeb65bbe72db to remote] DEBUG org.asynchttpclient.netty.request.NettyRequestSender - Using pooled Channel '[id: 0xc215b6b0, L:/127.0.0.1:58437 - R:localhost/127.0.0.1:55151]' for 'GET' to 'http://localhost:55151/session/1a983134cb5c2d499f8abeb65bbe72db/element/5c44dc25-de1b-4a75-8401-99b067c23b4f/text'
17:55:07.154 [Forwarding getElementText on session 1a983134cb5c2d499f8abeb65bbe72db to remote] DEBUG org.asynchttpclient.netty.request.NettyRequestSender - Using open Channel [id: 0xc215b6b0, L:/127.0.0.1:58437 - R:localhost/127.0.0.1:55151] for GET '/session/1a983134cb5c2d499f8abeb65bbe72db/element/5c44dc25-de1b-4a75-8401-99b067c23b4f/text'
17:55:07.169 [AsyncHttpClient-1-10] DEBUG org.asynchttpclient.netty.handler.HttpHandler - 

Request DefaultFullHttpRequest(decodeResult: success, version: HTTP/1.1, content: EmptyByteBufBE)
GET /session/1a983134cb5c2d499f8abeb65bbe72db/element/5c44dc25-de1b-4a75-8401-99b067c23b4f/text HTTP/1.1
User-Agent: selenium/4.1.2 (java windows)
Cache-Control: no-cache
Content-Type: application/json; charset=utf-8
host: localhost:55151
accept: */*

Response DefaultHttpResponse(decodeResult: success, version: HTTP/1.1)
HTTP/1.1 200 OK
Content-Type: application/json; charset=utf-8
cache-control: no-cache
content-length: 40

17:55:07.169 [AsyncHttpClient-1-10] DEBUG org.asynchttpclient.netty.channel.ChannelManager - Adding key: http://localhost:55151 for channel [id: 0xc215b6b0, L:/127.0.0.1:58437 - R:localhost/127.0.0.1:55151]
17:55:07.173 [main] DEBUG net.thucydides.core.steps.StepInterceptor - STEP DONE: errorMessageEqual
  &amp#27;[32mThen &amp#27;[0m&amp#27;[32mI get the &amp#27;[0m&amp#27;[32m&amp#27;[1m"email or password is invalid"&amp#27;[0m &amp#27;[90m# starter.stepdefinitions.LoginSteps.iGetThe(java.lang.String)&amp#27;[0m
17:55:07.183 [AsyncHttpClient-1-12] DEBUG org.asynchttpclient.netty.handler.WebSocketHandler - Channel Closed: [id: 0xcfc14c6c, L:/127.0.0.1:58445 ! R:localhost/127.0.0.1:58438] with attribute NettyResponseFuture{currentRetry=5,
	isDone=1,
	isCancelled=0,
	asyncHandler=org.asynchttpclient.ws.WebSocketUpgradeHandler@2f5ad086,
	nettyRequest=org.asynchttpclient.netty.request.NettyRequest@2f32e346,
	future=java.util.concurrent.CompletableFuture@5764912f[Completed normally],
	uri=ws://localhost:58438/devtools/browser/bf48b101-e73a-40ef-9e8e-17bc53e47605,
	keepAlive=true,
	redirectCount=0,
	timeoutsHolder=null,
	inAuth=0,
	touch=1652784903794}
17:55:07.183 [AsyncHttpClient-1-12] DEBUG org.asynchttpclient.netty.channel.ChannelManager - Closing Channel [id: 0xcfc14c6c, L:/127.0.0.1:58445 ! R:localhost/127.0.0.1:58438] 
17:55:07.183 [Driver Command Executor] DEBUG org.asynchttpclient.netty.request.NettyRequestSender - Using pooled Channel '[id: 0xc215b6b0, L:/127.0.0.1:58437 - R:localhost/127.0.0.1:55151]' for 'DELETE' to 'http://localhost:55151/session/1a983134cb5c2d499f8abeb65bbe72db'
17:55:07.183 [Driver Command Executor] DEBUG org.asynchttpclient.netty.request.NettyRequestSender - Using open Channel [id: 0xc215b6b0, L:/127.0.0.1:58437 - R:localhost/127.0.0.1:55151] for DELETE '/session/1a983134cb5c2d499f8abeb65bbe72db'
17:55:07.213 [AsyncHttpClient-1-11] DEBUG org.asynchttpclient.netty.handler.HttpHandler - Unexpected I/O exception on channel [id: 0x799387dc, L:/127.0.0.1:58444 - R:localhost/127.0.0.1:58438]
java.net.SocketException: Connection reset
	at java.base/sun.nio.ch.SocketChannelImpl.throwConnectionReset(SocketChannelImpl.java:367)
	at java.base/sun.nio.ch.SocketChannelImpl.read(SocketChannelImpl.java:398)
	at io.netty.buffer.PooledByteBuf.setBytes(PooledByteBuf.java:258)
	at io.netty.buffer.AbstractByteBuf.writeBytes(AbstractByteBuf.java:1132)
	at io.netty.channel.socket.nio.NioSocketChannel.doReadBytes(NioSocketChannel.java:350)
	at io.netty.channel.nio.AbstractNioByteChannel$NioByteUnsafe.read(AbstractNioByteChannel.java:151)
	at io.netty.channel.nio.NioEventLoop.processSelectedKey(NioEventLoop.java:722)
	at io.netty.channel.nio.NioEventLoop.processSelectedKeysOptimized(NioEventLoop.java:658)
	at io.netty.channel.nio.NioEventLoop.processSelectedKeys(NioEventLoop.java:584)
	at io.netty.channel.nio.NioEventLoop.run(NioEventLoop.java:496)
	at io.netty.util.concurrent.SingleThreadEventExecutor$4.run(SingleThreadEventExecutor.java:986)
	at io.netty.util.internal.ThreadExecutorMap$2.run(ThreadExecutorMap.java:74)
	at io.netty.util.concurrent.FastThreadLocalRunnable.run(FastThreadLocalRunnable.java:30)
	at java.base/java.lang.Thread.run(Thread.java:832)
17:55:07.213 [AsyncHttpClient-1-11] DEBUG org.asynchttpclient.netty.channel.ChannelManager - Closing Channel [id: 0x799387dc, L:/127.0.0.1:58444 - R:localhost/127.0.0.1:58438] 
17:55:07.213 [AsyncHttpClient-1-11] DEBUG org.asynchttpclient.netty.handler.HttpHandler - Channel Closed: [id: 0x799387dc, L:/127.0.0.1:58444 ! R:localhost/127.0.0.1:58438] with attribute DISCARD
17:55:07.228 [AsyncHttpClient-1-10] DEBUG org.asynchttpclient.netty.handler.HttpHandler - 

Request DefaultFullHttpRequest(decodeResult: success, version: HTTP/1.1, content: EmptyByteBufBE)
DELETE /session/1a983134cb5c2d499f8abeb65bbe72db HTTP/1.1
User-Agent: selenium/4.1.2 (java windows)
Content-Type: application/json; charset=utf-8
host: localhost:55151
accept: */*

Response DefaultHttpResponse(decodeResult: success, version: HTTP/1.1)
HTTP/1.1 200 OK
Content-Type: application/json; charset=utf-8
cache-control: no-cache
content-length: 14

17:55:07.228 [AsyncHttpClient-1-10] DEBUG org.asynchttpclient.netty.channel.ChannelManager - Adding key: http://localhost:55151 for channel [id: 0xc215b6b0, L:/127.0.0.1:58437 - R:localhost/127.0.0.1:55151]
17:55:07.330 [AsyncHttpClient-1-10] DEBUG org.asynchttpclient.netty.handler.HttpHandler - Channel Closed: [id: 0xc215b6b0, L:/127.0.0.1:58437 ! R:localhost/127.0.0.1:55151] with attribute DISCARD
17:55:07.414 [AsyncHttpClient-1-1] DEBUG org.asynchttpclient.netty.channel.DefaultChannelPool - Entry count for : http://localhost:55151 : 1
17:55:07.414 [AsyncHttpClient-1-1] DEBUG org.asynchttpclient.netty.channel.DefaultChannelPool - Entry count for : http://localhost:58438 : 1
17:55:07.414 [AsyncHttpClient-1-1] DEBUG org.asynchttpclient.netty.channel.DefaultChannelPool - Adding Candidate expired Channel [id: 0xc215b6b0, L:/127.0.0.1:58437 ! R:localhost/127.0.0.1:55151] isIdleTimeoutExpired=false isRemotelyClosed=true isTtlExpired=false
17:55:07.414 [AsyncHttpClient-1-1] DEBUG org.asynchttpclient.netty.channel.DefaultChannelPool - Closing Idle Channel [id: 0xc215b6b0, L:/127.0.0.1:58437 ! R:localhost/127.0.0.1:55151]
17:55:07.414 [AsyncHttpClient-1-1] DEBUG org.asynchttpclient.netty.channel.DefaultChannelPool - Adding Candidate expired Channel [id: 0x799387dc, L:/127.0.0.1:58444 ! R:localhost/127.0.0.1:58438] isIdleTimeoutExpired=false isRemotelyClosed=true isTtlExpired=false
17:55:07.414 [AsyncHttpClient-1-1] DEBUG org.asynchttpclient.netty.channel.DefaultChannelPool - Closing Idle Channel [id: 0x799387dc, L:/127.0.0.1:58444 ! R:localhost/127.0.0.1:58438]
17:55:07.414 [AsyncHttpClient-1-1] DEBUG org.asynchttpclient.netty.channel.DefaultChannelPool - Closed 2 connections out of 2 in 0 ms
]]></system-out>
    <system-err><![CDATA[Starting ChromeDriver 101.0.4951.41 (93c720db8323b3ec10d056025ab95c23a31997c9-refs/branch-heads/4951@{#904}) on port 55151
Only local connections are allowed.
Please see https://chromedriver.chromium.org/security-considerations for suggestions on keeping ChromeDriver safe.
ChromeDriver was started successfully.
May 17, 2022 5:55:03 PM org.openqa.selenium.remote.ProtocolHandshake createSession
INFO: Detected dialect: W3C
May 17, 2022 5:55:03 PM org.openqa.selenium.devtools.CdpVersionFinder findNearestMatch
WARNING: Unable to find an exact match for CDP version 101, so returning the closest version found: 97
May 17, 2022 5:55:03 PM org.openqa.selenium.devtools.CdpVersionFinder findNearestMatch
INFO: Found CDP implementation for version 101 of 97
]]></system-err>
  </testcase>
  <testcase name="Login Scenario #4" classname="Login" time="6.232">
    <system-out><![CDATA[
@Login
Scenario Outline: Login Scenario       &amp#27;[90m# src/test/resources/features/Login.feature:21&amp#27;[0m
17:55:07.881 [main] INFO io.cucumber.core.plugin.SerenityReporter - Running feature from file:///E:/Learn/ProjectTestWeb/src/test/resources/features/Login.feature
17:55:07.900 [main] INFO net.serenitybdd.core.webdriver.driverproviders.ChromeDriverProvider - Using automatically driver download
17:55:08.132 [main] DEBUG io.github.bonigarcia.wdm.cache.ResolutionCache - Resolution chrome=101 in cache (valid until 18:23:13 17/05/2022 ICT)
17:55:08.137 [main] DEBUG io.github.bonigarcia.wdm.cache.ResolutionCache - Resolution chrome101=101.0.4951.41 in cache (valid until 17:23:13 18/05/2022 ICT)
17:55:08.139 [main] INFO io.github.bonigarcia.wdm.WebDriverManager - Using chromedriver 101.0.4951.41 (resolved driver for Chrome 101)
17:55:08.155 [main] DEBUG io.github.bonigarcia.wdm.WebDriverManager - Driver chromedriver 101.0.4951.41 found in cache
17:55:08.156 [main] INFO io.github.bonigarcia.wdm.WebDriverManager - Exporting webdriver.chrome.driver as C:\Users\HP\.cache\selenium\chromedriver\win32\101.0.4951.41\chromedriver.exe
17:55:08.379 [main] DEBUG net.serenitybdd.core.webdriver.driverproviders.ProvideNewDriver - Instantiating driver
17:55:08.379 [main] DEBUG net.serenitybdd.core.webdriver.driverproviders.ProvideNewDriver - Driver capabilities: Capabilities {acceptInsecureCerts: false, base.url: , browserName: chrome, goog:chromeOptions: {args: [], extensions: []}}
17:55:08.945 [AsyncHttpClient-1-13] DEBUG org.asynchttpclient.netty.channel.NettyConnectListener - Using new Channel '[id: 0x5a708618, L:/127.0.0.1:58466 - R:localhost/127.0.0.1:62330]' for 'POST' to '/session'
17:55:09.658 [AsyncHttpClient-1-13] DEBUG org.asynchttpclient.netty.handler.HttpHandler - 

Request DefaultHttpRequest(decodeResult: success, version: HTTP/1.1)
POST /session HTTP/1.1
User-Agent: selenium/4.1.2 (java windows)
Content-Length: 457
Content-Type: application/json; charset=utf-8
host: localhost:62330
accept: */*

Response DefaultHttpResponse(decodeResult: success, version: HTTP/1.1)
HTTP/1.1 200 OK
Content-Type: application/json; charset=utf-8
cache-control: no-cache
content-length: 785

17:55:09.658 [AsyncHttpClient-1-13] DEBUG org.asynchttpclient.netty.channel.ChannelManager - Adding key: http://localhost:62330 for channel [id: 0x5a708618, L:/127.0.0.1:58466 - R:localhost/127.0.0.1:62330]
17:55:09.667 [AsyncHttpClient-1-14] DEBUG org.asynchttpclient.netty.channel.NettyConnectListener - Using new Channel '[id: 0xcb740c4d, L:/127.0.0.1:58473 - R:localhost/127.0.0.1:58467]' for 'GET' to '/json/version'
17:55:09.668 [AsyncHttpClient-1-14] DEBUG org.asynchttpclient.netty.handler.HttpHandler - 

Request DefaultFullHttpRequest(decodeResult: success, version: HTTP/1.1, content: EmptyByteBufBE)
GET /json/version HTTP/1.1
User-Agent: selenium/4.1.2 (java windows)
host: localhost:58467
accept: */*

Response DefaultHttpResponse(decodeResult: success, version: HTTP/1.1)
HTTP/1.1 200 OK
Content-Type: application/json; charset=UTF-8
content-length: 427

17:55:09.669 [AsyncHttpClient-1-14] DEBUG org.asynchttpclient.netty.channel.ChannelManager - Adding key: http://localhost:58467 for channel [id: 0xcb740c4d, L:/127.0.0.1:58473 - R:localhost/127.0.0.1:58467]
17:55:09.671 [AsyncHttpClient-1-15] DEBUG org.asynchttpclient.netty.channel.NettyConnectListener - Using new Channel '[id: 0x2f4b5963, L:/127.0.0.1:58474 - R:localhost/127.0.0.1:58467]' for 'GET' to '/devtools/browser/9bc8d98c-12df-4c4f-ad82-df7f5f0d6445'
17:55:09.672 [AsyncHttpClient-1-15] DEBUG org.asynchttpclient.netty.handler.WebSocketHandler - 

Request DefaultFullHttpRequest(decodeResult: success, version: HTTP/1.1, content: EmptyByteBufBE)
GET /devtools/browser/9bc8d98c-12df-4c4f-ad82-df7f5f0d6445 HTTP/1.1
upgrade: websocket
connection: upgrade
sec-websocket-key: QwqSt6LiqEHPRrZV3QfO3A==
sec-websocket-version: 13
origin: http://localhost:58467
host: localhost:58467
accept: */*
user-agent: AHC/2.1

Response DefaultHttpResponse(decodeResult: success, version: HTTP/1.1)
HTTP/1.1 101 WebSocket Protocol Handshake
Upgrade: WebSocket
Connection: Upgrade
Sec-WebSocket-Accept: DBHLgIUWVUioQt4FX8VPnmwkPdo=

17:55:09.675 [Forwarding get on session 4c541dc7cc3e83e96304fa32d8c75129 to remote] DEBUG org.asynchttpclient.netty.request.NettyRequestSender - Using pooled Channel '[id: 0x5a708618, L:/127.0.0.1:58466 - R:localhost/127.0.0.1:62330]' for 'POST' to 'http://localhost:62330/session/4c541dc7cc3e83e96304fa32d8c75129/url'
17:55:09.676 [Forwarding get on session 4c541dc7cc3e83e96304fa32d8c75129 to remote] DEBUG org.asynchttpclient.netty.request.NettyRequestSender - Using open Channel [id: 0x5a708618, L:/127.0.0.1:58466 - R:localhost/127.0.0.1:62330] for POST '/session/4c541dc7cc3e83e96304fa32d8c75129/url'
17:55:10.714 [AsyncHttpClient-1-1] DEBUG org.asynchttpclient.netty.channel.DefaultChannelPool - Entry count for : http://localhost:58467 : 1
17:55:11.131 [AsyncHttpClient-1-13] DEBUG org.asynchttpclient.netty.handler.HttpHandler - 

Request DefaultHttpRequest(decodeResult: success, version: HTTP/1.1)
POST /session/4c541dc7cc3e83e96304fa32d8c75129/url HTTP/1.1
User-Agent: selenium/4.1.2 (java windows)
Content-Length: 64
Content-Type: application/json; charset=utf-8
host: localhost:62330
accept: */*

Response DefaultHttpResponse(decodeResult: success, version: HTTP/1.1)
HTTP/1.1 200 OK
Content-Type: application/json; charset=utf-8
cache-control: no-cache
content-length: 14

17:55:11.131 [AsyncHttpClient-1-13] DEBUG org.asynchttpclient.netty.channel.ChannelManager - Adding key: http://localhost:62330 for channel [id: 0x5a708618, L:/127.0.0.1:58466 - R:localhost/127.0.0.1:62330]
17:55:11.132 [Forwarding setTimeout on session 4c541dc7cc3e83e96304fa32d8c75129 to remote] DEBUG org.asynchttpclient.netty.request.NettyRequestSender - Using pooled Channel '[id: 0x5a708618, L:/127.0.0.1:58466 - R:localhost/127.0.0.1:62330]' for 'POST' to 'http://localhost:62330/session/4c541dc7cc3e83e96304fa32d8c75129/timeouts'
17:55:11.132 [Forwarding setTimeout on session 4c541dc7cc3e83e96304fa32d8c75129 to remote] DEBUG org.asynchttpclient.netty.request.NettyRequestSender - Using open Channel [id: 0x5a708618, L:/127.0.0.1:58466 - R:localhost/127.0.0.1:62330] for POST '/session/4c541dc7cc3e83e96304fa32d8c75129/timeouts'
17:55:11.133 [AsyncHttpClient-1-13] DEBUG org.asynchttpclient.netty.handler.HttpHandler - 

Request DefaultHttpRequest(decodeResult: success, version: HTTP/1.1)
POST /session/4c541dc7cc3e83e96304fa32d8c75129/timeouts HTTP/1.1
User-Agent: selenium/4.1.2 (java windows)
Content-Length: 22
Content-Type: application/json; charset=utf-8
host: localhost:62330
accept: */*

Response DefaultHttpResponse(decodeResult: success, version: HTTP/1.1)
HTTP/1.1 200 OK
Content-Type: application/json; charset=utf-8
cache-control: no-cache
content-length: 14

17:55:11.133 [AsyncHttpClient-1-13] DEBUG org.asynchttpclient.netty.channel.ChannelManager - Adding key: http://localhost:62330 for channel [id: 0x5a708618, L:/127.0.0.1:58466 - R:localhost/127.0.0.1:62330]
17:55:11.135 [Forwarding getCurrentUrl on session 4c541dc7cc3e83e96304fa32d8c75129 to remote] DEBUG org.asynchttpclient.netty.request.NettyRequestSender - Using pooled Channel '[id: 0x5a708618, L:/127.0.0.1:58466 - R:localhost/127.0.0.1:62330]' for 'GET' to 'http://localhost:62330/session/4c541dc7cc3e83e96304fa32d8c75129/url'
17:55:11.135 [Forwarding getCurrentUrl on session 4c541dc7cc3e83e96304fa32d8c75129 to remote] DEBUG org.asynchttpclient.netty.request.NettyRequestSender - Using open Channel [id: 0x5a708618, L:/127.0.0.1:58466 - R:localhost/127.0.0.1:62330] for GET '/session/4c541dc7cc3e83e96304fa32d8c75129/url'
17:55:11.140 [AsyncHttpClient-1-13] DEBUG org.asynchttpclient.netty.handler.HttpHandler - 

Request DefaultFullHttpRequest(decodeResult: success, version: HTTP/1.1, content: EmptyByteBufBE)
GET /session/4c541dc7cc3e83e96304fa32d8c75129/url HTTP/1.1
User-Agent: selenium/4.1.2 (java windows)
Cache-Control: no-cache
Content-Type: application/json; charset=utf-8
host: localhost:62330
accept: */*

Response DefaultHttpResponse(decodeResult: success, version: HTTP/1.1)
HTTP/1.1 200 OK
Content-Type: application/json; charset=utf-8
cache-control: no-cache
content-length: 41

17:55:11.141 [AsyncHttpClient-1-13] DEBUG org.asynchttpclient.netty.channel.ChannelManager - Adding key: http://localhost:62330 for channel [id: 0x5a708618, L:/127.0.0.1:58466 - R:localhost/127.0.0.1:62330]
17:55:11.150 [Forwarding screenshot on session 4c541dc7cc3e83e96304fa32d8c75129 to remote] DEBUG org.asynchttpclient.netty.request.NettyRequestSender - Using pooled Channel '[id: 0x5a708618, L:/127.0.0.1:58466 - R:localhost/127.0.0.1:62330]' for 'GET' to 'http://localhost:62330/session/4c541dc7cc3e83e96304fa32d8c75129/screenshot'
17:55:11.150 [Forwarding screenshot on session 4c541dc7cc3e83e96304fa32d8c75129 to remote] DEBUG org.asynchttpclient.netty.request.NettyRequestSender - Using open Channel [id: 0x5a708618, L:/127.0.0.1:58466 - R:localhost/127.0.0.1:62330] for GET '/session/4c541dc7cc3e83e96304fa32d8c75129/screenshot'
17:55:11.469 [AsyncHttpClient-1-13] DEBUG org.asynchttpclient.netty.handler.HttpHandler - 

Request DefaultFullHttpRequest(decodeResult: success, version: HTTP/1.1, content: EmptyByteBufBE)
GET /session/4c541dc7cc3e83e96304fa32d8c75129/screenshot HTTP/1.1
User-Agent: selenium/4.1.2 (java windows)
Cache-Control: no-cache
Content-Type: application/json; charset=utf-8
host: localhost:62330
accept: */*

Response DefaultHttpResponse(decodeResult: success, version: HTTP/1.1)
HTTP/1.1 200 OK
Content-Type: application/json; charset=utf-8
cache-control: no-cache
content-length: 32228

17:55:11.469 [AsyncHttpClient-1-13] DEBUG org.asynchttpclient.netty.channel.ChannelManager - Adding key: http://localhost:62330 for channel [id: 0x5a708618, L:/127.0.0.1:58466 - R:localhost/127.0.0.1:62330]
17:55:11.471 [main] DEBUG net.serenitybdd.core.photography.Darkroom - Send negative for processing for target\site\serenity\4510322e36bb11a6014d8509eafdfeb27c6a3a7394c1f9ef4b696c572e41b18d.png
17:55:11.471 [main] DEBUG net.thucydides.core.steps.StepInterceptor - STARTING STEP: LoginSteps.iAmOnTheLoginPage - validateOnLoginPage
17:55:11.473 [Forwarding findElement on session 4c541dc7cc3e83e96304fa32d8c75129 to remote] DEBUG org.asynchttpclient.netty.request.NettyRequestSender - Using pooled Channel '[id: 0x5a708618, L:/127.0.0.1:58466 - R:localhost/127.0.0.1:62330]' for 'POST' to 'http://localhost:62330/session/4c541dc7cc3e83e96304fa32d8c75129/element'
17:55:11.474 [Forwarding findElement on session 4c541dc7cc3e83e96304fa32d8c75129 to remote] DEBUG org.asynchttpclient.netty.request.NettyRequestSender - Using open Channel [id: 0x5a708618, L:/127.0.0.1:58466 - R:localhost/127.0.0.1:62330] for POST '/session/4c541dc7cc3e83e96304fa32d8c75129/element'
17:55:11.487 [AsyncHttpClient-1-13] DEBUG org.asynchttpclient.netty.handler.HttpHandler - 

Request DefaultHttpRequest(decodeResult: success, version: HTTP/1.1)
POST /session/4c541dc7cc3e83e96304fa32d8c75129/element HTTP/1.1
User-Agent: selenium/4.1.2 (java windows)
Content-Length: 92
Content-Type: application/json; charset=utf-8
host: localhost:62330
accept: */*

Response DefaultHttpResponse(decodeResult: success, version: HTTP/1.1)
HTTP/1.1 200 OK
Content-Type: application/json; charset=utf-8
cache-control: no-cache
content-length: 88

17:55:11.487 [AsyncHttpClient-1-13] DEBUG org.asynchttpclient.netty.channel.ChannelManager - Adding key: http://localhost:62330 for channel [id: 0x5a708618, L:/127.0.0.1:58466 - R:localhost/127.0.0.1:62330]
17:55:11.491 [Forwarding isElementDisplayed on session 4c541dc7cc3e83e96304fa32d8c75129 to remote] DEBUG org.asynchttpclient.netty.request.NettyRequestSender - Using pooled Channel '[id: 0x5a708618, L:/127.0.0.1:58466 - R:localhost/127.0.0.1:62330]' for 'POST' to 'http://localhost:62330/session/4c541dc7cc3e83e96304fa32d8c75129/execute/sync'
17:55:11.491 [Forwarding isElementDisplayed on session 4c541dc7cc3e83e96304fa32d8c75129 to remote] DEBUG org.asynchttpclient.netty.request.NettyRequestSender - Using open Channel [id: 0x5a708618, L:/127.0.0.1:58466 - R:localhost/127.0.0.1:62330] for POST '/session/4c541dc7cc3e83e96304fa32d8c75129/execute/sync'
17:55:11.506 [AsyncHttpClient-1-13] DEBUG org.asynchttpclient.netty.handler.HttpHandler - 

Request DefaultHttpRequest(decodeResult: success, version: HTTP/1.1)
POST /session/4c541dc7cc3e83e96304fa32d8c75129/execute/sync HTTP/1.1
User-Agent: selenium/4.1.2 (java windows)
Content-Length: 48780
Content-Type: application/json; charset=utf-8
host: localhost:62330
accept: */*

Response DefaultHttpResponse(decodeResult: success, version: HTTP/1.1)
HTTP/1.1 200 OK
Content-Type: application/json; charset=utf-8
cache-control: no-cache
content-length: 14

17:55:11.506 [AsyncHttpClient-1-13] DEBUG org.asynchttpclient.netty.channel.ChannelManager - Adding key: http://localhost:62330 for channel [id: 0x5a708618, L:/127.0.0.1:58466 - R:localhost/127.0.0.1:62330]
17:55:11.511 [main] DEBUG net.thucydides.core.steps.StepInterceptor - STEP DONE: validateOnLoginPage
  &amp#27;[32mGiven &amp#27;[0m&amp#27;[32mI am on the login page&amp#27;[0m         &amp#27;[90m# starter.stepdefinitions.LoginSteps.iAmOnTheLoginPage()&amp#27;[0m
17:55:11.525 [Forwarding screenshot on session 4c541dc7cc3e83e96304fa32d8c75129 to remote] DEBUG org.asynchttpclient.netty.request.NettyRequestSender - Using pooled Channel '[id: 0x5a708618, L:/127.0.0.1:58466 - R:localhost/127.0.0.1:62330]' for 'GET' to 'http://localhost:62330/session/4c541dc7cc3e83e96304fa32d8c75129/screenshot'
17:55:11.526 [Forwarding screenshot on session 4c541dc7cc3e83e96304fa32d8c75129 to remote] DEBUG org.asynchttpclient.netty.request.NettyRequestSender - Using open Channel [id: 0x5a708618, L:/127.0.0.1:58466 - R:localhost/127.0.0.1:62330] for GET '/session/4c541dc7cc3e83e96304fa32d8c75129/screenshot'
17:55:11.678 [AsyncHttpClient-1-13] DEBUG org.asynchttpclient.netty.handler.HttpHandler - 

Request DefaultFullHttpRequest(decodeResult: success, version: HTTP/1.1, content: EmptyByteBufBE)
GET /session/4c541dc7cc3e83e96304fa32d8c75129/screenshot HTTP/1.1
User-Agent: selenium/4.1.2 (java windows)
Cache-Control: no-cache
Content-Type: application/json; charset=utf-8
host: localhost:62330
accept: */*

Response DefaultHttpResponse(decodeResult: success, version: HTTP/1.1)
HTTP/1.1 200 OK
Content-Type: application/json; charset=utf-8
cache-control: no-cache
content-length: 32228

17:55:11.678 [AsyncHttpClient-1-13] DEBUG org.asynchttpclient.netty.channel.ChannelManager - Adding key: http://localhost:62330 for channel [id: 0x5a708618, L:/127.0.0.1:58466 - R:localhost/127.0.0.1:62330]
17:55:11.680 [main] DEBUG net.serenitybdd.core.photography.Darkroom - Send negative for processing for target\site\serenity\4510322e36bb11a6014d8509eafdfeb27c6a3a7394c1f9ef4b696c572e41b18d.png
17:55:11.680 [main] DEBUG net.thucydides.core.steps.StepInterceptor - STARTING STEP: LoginSteps.iInputEmail - inputEmail
17:55:11.682 [Forwarding findElement on session 4c541dc7cc3e83e96304fa32d8c75129 to remote] DEBUG org.asynchttpclient.netty.request.NettyRequestSender - Using pooled Channel '[id: 0x5a708618, L:/127.0.0.1:58466 - R:localhost/127.0.0.1:62330]' for 'POST' to 'http://localhost:62330/session/4c541dc7cc3e83e96304fa32d8c75129/element'
17:55:11.683 [Forwarding findElement on session 4c541dc7cc3e83e96304fa32d8c75129 to remote] DEBUG org.asynchttpclient.netty.request.NettyRequestSender - Using open Channel [id: 0x5a708618, L:/127.0.0.1:58466 - R:localhost/127.0.0.1:62330] for POST '/session/4c541dc7cc3e83e96304fa32d8c75129/element'
17:55:11.696 [AsyncHttpClient-1-13] DEBUG org.asynchttpclient.netty.handler.HttpHandler - 

Request DefaultHttpRequest(decodeResult: success, version: HTTP/1.1)
POST /session/4c541dc7cc3e83e96304fa32d8c75129/element HTTP/1.1
User-Agent: selenium/4.1.2 (java windows)
Content-Length: 84
Content-Type: application/json; charset=utf-8
host: localhost:62330
accept: */*

Response DefaultHttpResponse(decodeResult: success, version: HTTP/1.1)
HTTP/1.1 200 OK
Content-Type: application/json; charset=utf-8
cache-control: no-cache
content-length: 88

17:55:11.696 [AsyncHttpClient-1-13] DEBUG org.asynchttpclient.netty.channel.ChannelManager - Adding key: http://localhost:62330 for channel [id: 0x5a708618, L:/127.0.0.1:58466 - R:localhost/127.0.0.1:62330]
17:55:11.697 [Forwarding clearElement on session 4c541dc7cc3e83e96304fa32d8c75129 to remote] DEBUG org.asynchttpclient.netty.request.NettyRequestSender - Using pooled Channel '[id: 0x5a708618, L:/127.0.0.1:58466 - R:localhost/127.0.0.1:62330]' for 'POST' to 'http://localhost:62330/session/4c541dc7cc3e83e96304fa32d8c75129/element/e035269e-762f-4b82-9f11-45048dbf4c34/clear'
17:55:11.697 [Forwarding clearElement on session 4c541dc7cc3e83e96304fa32d8c75129 to remote] DEBUG org.asynchttpclient.netty.request.NettyRequestSender - Using open Channel [id: 0x5a708618, L:/127.0.0.1:58466 - R:localhost/127.0.0.1:62330] for POST '/session/4c541dc7cc3e83e96304fa32d8c75129/element/e035269e-762f-4b82-9f11-45048dbf4c34/clear'
17:55:11.735 [AsyncHttpClient-1-13] DEBUG org.asynchttpclient.netty.handler.HttpHandler - 

Request DefaultHttpRequest(decodeResult: success, version: HTTP/1.1)
POST /session/4c541dc7cc3e83e96304fa32d8c75129/element/e035269e-762f-4b82-9f11-45048dbf4c34/clear HTTP/1.1
User-Agent: selenium/4.1.2 (java windows)
Content-Length: 50
Content-Type: application/json; charset=utf-8
host: localhost:62330
accept: */*

Response DefaultHttpResponse(decodeResult: success, version: HTTP/1.1)
HTTP/1.1 200 OK
Content-Type: application/json; charset=utf-8
cache-control: no-cache
content-length: 14

17:55:11.736 [AsyncHttpClient-1-13] DEBUG org.asynchttpclient.netty.channel.ChannelManager - Adding key: http://localhost:62330 for channel [id: 0x5a708618, L:/127.0.0.1:58466 - R:localhost/127.0.0.1:62330]
17:55:11.738 [Forwarding sendKeysToElement on session 4c541dc7cc3e83e96304fa32d8c75129 to remote] DEBUG org.asynchttpclient.netty.request.NettyRequestSender - Using pooled Channel '[id: 0x5a708618, L:/127.0.0.1:58466 - R:localhost/127.0.0.1:62330]' for 'POST' to 'http://localhost:62330/session/4c541dc7cc3e83e96304fa32d8c75129/element/e035269e-762f-4b82-9f11-45048dbf4c34/value'
17:55:11.738 [Forwarding sendKeysToElement on session 4c541dc7cc3e83e96304fa32d8c75129 to remote] DEBUG org.asynchttpclient.netty.request.NettyRequestSender - Using open Channel [id: 0x5a708618, L:/127.0.0.1:58466 - R:localhost/127.0.0.1:62330] for POST '/session/4c541dc7cc3e83e96304fa32d8c75129/element/e035269e-762f-4b82-9f11-45048dbf4c34/value'
17:55:11.813 [AsyncHttpClient-1-1] DEBUG org.asynchttpclient.netty.channel.DefaultChannelPool - Entry count for : http://localhost:58467 : 1
17:55:11.876 [AsyncHttpClient-1-13] DEBUG org.asynchttpclient.netty.handler.HttpHandler - 

Request DefaultHttpRequest(decodeResult: success, version: HTTP/1.1)
POST /session/4c541dc7cc3e83e96304fa32d8c75129/element/e035269e-762f-4b82-9f11-45048dbf4c34/value HTTP/1.1
User-Agent: selenium/4.1.2 (java windows)
Content-Length: 231
Content-Type: application/json; charset=utf-8
host: localhost:62330
accept: */*

Response DefaultHttpResponse(decodeResult: success, version: HTTP/1.1)
HTTP/1.1 200 OK
Content-Type: application/json; charset=utf-8
cache-control: no-cache
content-length: 14

17:55:11.876 [AsyncHttpClient-1-13] DEBUG org.asynchttpclient.netty.channel.ChannelManager - Adding key: http://localhost:62330 for channel [id: 0x5a708618, L:/127.0.0.1:58466 - R:localhost/127.0.0.1:62330]
17:55:11.883 [Forwarding screenshot on session 4c541dc7cc3e83e96304fa32d8c75129 to remote] DEBUG org.asynchttpclient.netty.request.NettyRequestSender - Using pooled Channel '[id: 0x5a708618, L:/127.0.0.1:58466 - R:localhost/127.0.0.1:62330]' for 'GET' to 'http://localhost:62330/session/4c541dc7cc3e83e96304fa32d8c75129/screenshot'
17:55:11.883 [Forwarding screenshot on session 4c541dc7cc3e83e96304fa32d8c75129 to remote] DEBUG org.asynchttpclient.netty.request.NettyRequestSender - Using open Channel [id: 0x5a708618, L:/127.0.0.1:58466 - R:localhost/127.0.0.1:62330] for GET '/session/4c541dc7cc3e83e96304fa32d8c75129/screenshot'
17:55:12.041 [AsyncHttpClient-1-13] DEBUG org.asynchttpclient.netty.handler.HttpHandler - 

Request DefaultFullHttpRequest(decodeResult: success, version: HTTP/1.1, content: EmptyByteBufBE)
GET /session/4c541dc7cc3e83e96304fa32d8c75129/screenshot HTTP/1.1
User-Agent: selenium/4.1.2 (java windows)
Cache-Control: no-cache
Content-Type: application/json; charset=utf-8
host: localhost:62330
accept: */*

Response DefaultHttpResponse(decodeResult: success, version: HTTP/1.1)
HTTP/1.1 200 OK
Content-Type: application/json; charset=utf-8
cache-control: no-cache
content-length: 37584

17:55:12.041 [AsyncHttpClient-1-13] DEBUG org.asynchttpclient.netty.channel.ChannelManager - Adding key: http://localhost:62330 for channel [id: 0x5a708618, L:/127.0.0.1:58466 - R:localhost/127.0.0.1:62330]
17:55:12.043 [main] DEBUG net.serenitybdd.core.photography.Darkroom - Send negative for processing for target\site\serenity\d16e931e364d8729707c5d801e7dbbe9f2bdf0fc555b99b1b54d971519c6f049.png
17:55:12.043 [main] DEBUG net.thucydides.core.steps.StepInterceptor - STEP DONE: inputEmail
  &amp#27;[32mWhen &amp#27;[0m&amp#27;[32mI input &amp#27;[0m&amp#27;[32m&amp#27;[1m"jasri@gmail.com"&amp#27;[0m&amp#27;[32m email&amp#27;[0m &amp#27;[90m# starter.stepdefinitions.LoginSteps.iInputEmail(java.lang.String)&amp#27;[0m
17:55:12.043 [Darkroom Processing Line] DEBUG net.serenitybdd.core.photography.DarkroomProcessingLine - Processing screenshot image in /var/screenshots/screenshot-14645939542059430416
17:55:12.043 [Darkroom Processing Line] DEBUG net.serenitybdd.core.photography.DarkroomProcessingLine - Saving screenshot to target\site\serenity\d16e931e364d8729707c5d801e7dbbe9f2bdf0fc555b99b1b54d971519c6f049.png
17:55:12.061 [main] DEBUG net.thucydides.core.steps.StepInterceptor - STARTING STEP: LoginSteps.iInputPassword - inputPassword
17:55:12.065 [Forwarding findElement on session 4c541dc7cc3e83e96304fa32d8c75129 to remote] DEBUG org.asynchttpclient.netty.request.NettyRequestSender - Using pooled Channel '[id: 0x5a708618, L:/127.0.0.1:58466 - R:localhost/127.0.0.1:62330]' for 'POST' to 'http://localhost:62330/session/4c541dc7cc3e83e96304fa32d8c75129/element'
17:55:12.065 [Forwarding findElement on session 4c541dc7cc3e83e96304fa32d8c75129 to remote] DEBUG org.asynchttpclient.netty.request.NettyRequestSender - Using open Channel [id: 0x5a708618, L:/127.0.0.1:58466 - R:localhost/127.0.0.1:62330] for POST '/session/4c541dc7cc3e83e96304fa32d8c75129/element'
17:55:12.078 [AsyncHttpClient-1-13] DEBUG org.asynchttpclient.netty.handler.HttpHandler - 

Request DefaultHttpRequest(decodeResult: success, version: HTTP/1.1)
POST /session/4c541dc7cc3e83e96304fa32d8c75129/element HTTP/1.1
User-Agent: selenium/4.1.2 (java windows)
Content-Length: 87
Content-Type: application/json; charset=utf-8
host: localhost:62330
accept: */*

Response DefaultHttpResponse(decodeResult: success, version: HTTP/1.1)
HTTP/1.1 200 OK
Content-Type: application/json; charset=utf-8
cache-control: no-cache
content-length: 88

17:55:12.078 [AsyncHttpClient-1-13] DEBUG org.asynchttpclient.netty.channel.ChannelManager - Adding key: http://localhost:62330 for channel [id: 0x5a708618, L:/127.0.0.1:58466 - R:localhost/127.0.0.1:62330]
17:55:12.080 [Forwarding clearElement on session 4c541dc7cc3e83e96304fa32d8c75129 to remote] DEBUG org.asynchttpclient.netty.request.NettyRequestSender - Using pooled Channel '[id: 0x5a708618, L:/127.0.0.1:58466 - R:localhost/127.0.0.1:62330]' for 'POST' to 'http://localhost:62330/session/4c541dc7cc3e83e96304fa32d8c75129/element/e40cdcb6-fad5-4881-8010-cfc3b883330c/clear'
17:55:12.080 [Forwarding clearElement on session 4c541dc7cc3e83e96304fa32d8c75129 to remote] DEBUG org.asynchttpclient.netty.request.NettyRequestSender - Using open Channel [id: 0x5a708618, L:/127.0.0.1:58466 - R:localhost/127.0.0.1:62330] for POST '/session/4c541dc7cc3e83e96304fa32d8c75129/element/e40cdcb6-fad5-4881-8010-cfc3b883330c/clear'
17:55:12.120 [AsyncHttpClient-1-13] DEBUG org.asynchttpclient.netty.handler.HttpHandler - 

Request DefaultHttpRequest(decodeResult: success, version: HTTP/1.1)
POST /session/4c541dc7cc3e83e96304fa32d8c75129/element/e40cdcb6-fad5-4881-8010-cfc3b883330c/clear HTTP/1.1
User-Agent: selenium/4.1.2 (java windows)
Content-Length: 50
Content-Type: application/json; charset=utf-8
host: localhost:62330
accept: */*

Response DefaultHttpResponse(decodeResult: success, version: HTTP/1.1)
HTTP/1.1 200 OK
Content-Type: application/json; charset=utf-8
cache-control: no-cache
content-length: 14

17:55:12.120 [AsyncHttpClient-1-13] DEBUG org.asynchttpclient.netty.channel.ChannelManager - Adding key: http://localhost:62330 for channel [id: 0x5a708618, L:/127.0.0.1:58466 - R:localhost/127.0.0.1:62330]
17:55:12.122 [Forwarding sendKeysToElement on session 4c541dc7cc3e83e96304fa32d8c75129 to remote] DEBUG org.asynchttpclient.netty.request.NettyRequestSender - Using pooled Channel '[id: 0x5a708618, L:/127.0.0.1:58466 - R:localhost/127.0.0.1:62330]' for 'POST' to 'http://localhost:62330/session/4c541dc7cc3e83e96304fa32d8c75129/element/e40cdcb6-fad5-4881-8010-cfc3b883330c/value'
17:55:12.122 [Forwarding sendKeysToElement on session 4c541dc7cc3e83e96304fa32d8c75129 to remote] DEBUG org.asynchttpclient.netty.request.NettyRequestSender - Using open Channel [id: 0x5a708618, L:/127.0.0.1:58466 - R:localhost/127.0.0.1:62330] for POST '/session/4c541dc7cc3e83e96304fa32d8c75129/element/e40cdcb6-fad5-4881-8010-cfc3b883330c/value'
17:55:12.208 [AsyncHttpClient-1-13] DEBUG org.asynchttpclient.netty.handler.HttpHandler - 

Request DefaultHttpRequest(decodeResult: success, version: HTTP/1.1)
POST /session/4c541dc7cc3e83e96304fa32d8c75129/element/e40cdcb6-fad5-4881-8010-cfc3b883330c/value HTTP/1.1
User-Agent: selenium/4.1.2 (java windows)
Content-Length: 141
Content-Type: application/json; charset=utf-8
host: localhost:62330
accept: */*

Response DefaultHttpResponse(decodeResult: success, version: HTTP/1.1)
HTTP/1.1 200 OK
Content-Type: application/json; charset=utf-8
cache-control: no-cache
content-length: 14

17:55:12.208 [AsyncHttpClient-1-13] DEBUG org.asynchttpclient.netty.channel.ChannelManager - Adding key: http://localhost:62330 for channel [id: 0x5a708618, L:/127.0.0.1:58466 - R:localhost/127.0.0.1:62330]
17:55:12.218 [Forwarding screenshot on session 4c541dc7cc3e83e96304fa32d8c75129 to remote] DEBUG org.asynchttpclient.netty.request.NettyRequestSender - Using pooled Channel '[id: 0x5a708618, L:/127.0.0.1:58466 - R:localhost/127.0.0.1:62330]' for 'GET' to 'http://localhost:62330/session/4c541dc7cc3e83e96304fa32d8c75129/screenshot'
17:55:12.218 [Forwarding screenshot on session 4c541dc7cc3e83e96304fa32d8c75129 to remote] DEBUG org.asynchttpclient.netty.request.NettyRequestSender - Using open Channel [id: 0x5a708618, L:/127.0.0.1:58466 - R:localhost/127.0.0.1:62330] for GET '/session/4c541dc7cc3e83e96304fa32d8c75129/screenshot'
17:55:12.465 [AsyncHttpClient-1-13] DEBUG org.asynchttpclient.netty.handler.HttpHandler - 

Request DefaultFullHttpRequest(decodeResult: success, version: HTTP/1.1, content: EmptyByteBufBE)
GET /session/4c541dc7cc3e83e96304fa32d8c75129/screenshot HTTP/1.1
User-Agent: selenium/4.1.2 (java windows)
Cache-Control: no-cache
Content-Type: application/json; charset=utf-8
host: localhost:62330
accept: */*

Response DefaultHttpResponse(decodeResult: success, version: HTTP/1.1)
HTTP/1.1 200 OK
Content-Type: application/json; charset=utf-8
cache-control: no-cache
content-length: 38196

17:55:12.466 [AsyncHttpClient-1-13] DEBUG org.asynchttpclient.netty.channel.ChannelManager - Adding key: http://localhost:62330 for channel [id: 0x5a708618, L:/127.0.0.1:58466 - R:localhost/127.0.0.1:62330]
17:55:12.468 [main] DEBUG net.serenitybdd.core.photography.Darkroom - Send negative for processing for target\site\serenity\f94fb238f7174d19a21feff031229ac30974dc913e1eeb65244d04e71d51aff0.png
17:55:12.468 [main] DEBUG net.thucydides.core.steps.StepInterceptor - STEP DONE: inputPassword
  &amp#27;[32mAnd &amp#27;[0m&amp#27;[32mI input &amp#27;[0m&amp#27;[32m&amp#27;[1m"hahaha"&amp#27;[0m&amp#27;[32m password&amp#27;[0m        &amp#27;[90m# starter.stepdefinitions.LoginSteps.iInputPassword(java.lang.String)&amp#27;[0m
17:55:12.469 [Darkroom Processing Line] DEBUG net.serenitybdd.core.photography.DarkroomProcessingLine - Processing screenshot image in /var/screenshots/screenshot-5991769406117500069
17:55:12.469 [Darkroom Processing Line] DEBUG net.serenitybdd.core.photography.DarkroomProcessingLine - Saving screenshot to target\site\serenity\f94fb238f7174d19a21feff031229ac30974dc913e1eeb65244d04e71d51aff0.png
17:55:12.485 [main] DEBUG net.thucydides.core.steps.StepInterceptor - STARTING STEP: LoginSteps.iClickLoginButton - clickLoginButton
17:55:12.489 [Forwarding findElement on session 4c541dc7cc3e83e96304fa32d8c75129 to remote] DEBUG org.asynchttpclient.netty.request.NettyRequestSender - Using pooled Channel '[id: 0x5a708618, L:/127.0.0.1:58466 - R:localhost/127.0.0.1:62330]' for 'POST' to 'http://localhost:62330/session/4c541dc7cc3e83e96304fa32d8c75129/element'
17:55:12.489 [Forwarding findElement on session 4c541dc7cc3e83e96304fa32d8c75129 to remote] DEBUG org.asynchttpclient.netty.request.NettyRequestSender - Using open Channel [id: 0x5a708618, L:/127.0.0.1:58466 - R:localhost/127.0.0.1:62330] for POST '/session/4c541dc7cc3e83e96304fa32d8c75129/element'
17:55:12.498 [AsyncHttpClient-1-13] DEBUG org.asynchttpclient.netty.handler.HttpHandler - 

Request DefaultHttpRequest(decodeResult: success, version: HTTP/1.1)
POST /session/4c541dc7cc3e83e96304fa32d8c75129/element HTTP/1.1
User-Agent: selenium/4.1.2 (java windows)
Content-Length: 92
Content-Type: application/json; charset=utf-8
host: localhost:62330
accept: */*

Response DefaultHttpResponse(decodeResult: success, version: HTTP/1.1)
HTTP/1.1 200 OK
Content-Type: application/json; charset=utf-8
cache-control: no-cache
content-length: 88

17:55:12.498 [AsyncHttpClient-1-13] DEBUG org.asynchttpclient.netty.channel.ChannelManager - Adding key: http://localhost:62330 for channel [id: 0x5a708618, L:/127.0.0.1:58466 - R:localhost/127.0.0.1:62330]
17:55:12.500 [Forwarding getElementTagName on session 4c541dc7cc3e83e96304fa32d8c75129 to remote] DEBUG org.asynchttpclient.netty.request.NettyRequestSender - Using pooled Channel '[id: 0x5a708618, L:/127.0.0.1:58466 - R:localhost/127.0.0.1:62330]' for 'GET' to 'http://localhost:62330/session/4c541dc7cc3e83e96304fa32d8c75129/element/b2ef318e-08c5-4a54-88ed-be6c512704ea/name'
17:55:12.500 [Forwarding getElementTagName on session 4c541dc7cc3e83e96304fa32d8c75129 to remote] DEBUG org.asynchttpclient.netty.request.NettyRequestSender - Using open Channel [id: 0x5a708618, L:/127.0.0.1:58466 - R:localhost/127.0.0.1:62330] for GET '/session/4c541dc7cc3e83e96304fa32d8c75129/element/b2ef318e-08c5-4a54-88ed-be6c512704ea/name'
17:55:12.506 [AsyncHttpClient-1-13] DEBUG org.asynchttpclient.netty.handler.HttpHandler - 

Request DefaultFullHttpRequest(decodeResult: success, version: HTTP/1.1, content: EmptyByteBufBE)
GET /session/4c541dc7cc3e83e96304fa32d8c75129/element/b2ef318e-08c5-4a54-88ed-be6c512704ea/name HTTP/1.1
User-Agent: selenium/4.1.2 (java windows)
Cache-Control: no-cache
Content-Type: application/json; charset=utf-8
host: localhost:62330
accept: */*

Response DefaultHttpResponse(decodeResult: success, version: HTTP/1.1)
HTTP/1.1 200 OK
Content-Type: application/json; charset=utf-8
cache-control: no-cache
content-length: 18

17:55:12.506 [AsyncHttpClient-1-13] DEBUG org.asynchttpclient.netty.channel.ChannelManager - Adding key: http://localhost:62330 for channel [id: 0x5a708618, L:/127.0.0.1:58466 - R:localhost/127.0.0.1:62330]
17:55:12.508 [Forwarding getElementTagName on session 4c541dc7cc3e83e96304fa32d8c75129 to remote] DEBUG org.asynchttpclient.netty.request.NettyRequestSender - Using pooled Channel '[id: 0x5a708618, L:/127.0.0.1:58466 - R:localhost/127.0.0.1:62330]' for 'GET' to 'http://localhost:62330/session/4c541dc7cc3e83e96304fa32d8c75129/element/b2ef318e-08c5-4a54-88ed-be6c512704ea/name'
17:55:12.508 [Forwarding getElementTagName on session 4c541dc7cc3e83e96304fa32d8c75129 to remote] DEBUG org.asynchttpclient.netty.request.NettyRequestSender - Using open Channel [id: 0x5a708618, L:/127.0.0.1:58466 - R:localhost/127.0.0.1:62330] for GET '/session/4c541dc7cc3e83e96304fa32d8c75129/element/b2ef318e-08c5-4a54-88ed-be6c512704ea/name'
17:55:12.514 [AsyncHttpClient-1-13] DEBUG org.asynchttpclient.netty.handler.HttpHandler - 

Request DefaultFullHttpRequest(decodeResult: success, version: HTTP/1.1, content: EmptyByteBufBE)
GET /session/4c541dc7cc3e83e96304fa32d8c75129/element/b2ef318e-08c5-4a54-88ed-be6c512704ea/name HTTP/1.1
User-Agent: selenium/4.1.2 (java windows)
Cache-Control: no-cache
Content-Type: application/json; charset=utf-8
host: localhost:62330
accept: */*

Response DefaultHttpResponse(decodeResult: success, version: HTTP/1.1)
HTTP/1.1 200 OK
Content-Type: application/json; charset=utf-8
cache-control: no-cache
content-length: 18

17:55:12.514 [AsyncHttpClient-1-13] DEBUG org.asynchttpclient.netty.channel.ChannelManager - Adding key: http://localhost:62330 for channel [id: 0x5a708618, L:/127.0.0.1:58466 - R:localhost/127.0.0.1:62330]
17:55:12.517 [Forwarding isElementEnabled on session 4c541dc7cc3e83e96304fa32d8c75129 to remote] DEBUG org.asynchttpclient.netty.request.NettyRequestSender - Using pooled Channel '[id: 0x5a708618, L:/127.0.0.1:58466 - R:localhost/127.0.0.1:62330]' for 'GET' to 'http://localhost:62330/session/4c541dc7cc3e83e96304fa32d8c75129/element/b2ef318e-08c5-4a54-88ed-be6c512704ea/enabled'
17:55:12.517 [Forwarding isElementEnabled on session 4c541dc7cc3e83e96304fa32d8c75129 to remote] DEBUG org.asynchttpclient.netty.request.NettyRequestSender - Using open Channel [id: 0x5a708618, L:/127.0.0.1:58466 - R:localhost/127.0.0.1:62330] for GET '/session/4c541dc7cc3e83e96304fa32d8c75129/element/b2ef318e-08c5-4a54-88ed-be6c512704ea/enabled'
17:55:12.526 [AsyncHttpClient-1-13] DEBUG org.asynchttpclient.netty.handler.HttpHandler - 

Request DefaultFullHttpRequest(decodeResult: success, version: HTTP/1.1, content: EmptyByteBufBE)
GET /session/4c541dc7cc3e83e96304fa32d8c75129/element/b2ef318e-08c5-4a54-88ed-be6c512704ea/enabled HTTP/1.1
User-Agent: selenium/4.1.2 (java windows)
Cache-Control: no-cache
Content-Type: application/json; charset=utf-8
host: localhost:62330
accept: */*

Response DefaultHttpResponse(decodeResult: success, version: HTTP/1.1)
HTTP/1.1 200 OK
Content-Type: application/json; charset=utf-8
cache-control: no-cache
content-length: 14

17:55:12.526 [AsyncHttpClient-1-13] DEBUG org.asynchttpclient.netty.channel.ChannelManager - Adding key: http://localhost:62330 for channel [id: 0x5a708618, L:/127.0.0.1:58466 - R:localhost/127.0.0.1:62330]
17:55:12.529 [Forwarding isElementEnabled on session 4c541dc7cc3e83e96304fa32d8c75129 to remote] DEBUG org.asynchttpclient.netty.request.NettyRequestSender - Using pooled Channel '[id: 0x5a708618, L:/127.0.0.1:58466 - R:localhost/127.0.0.1:62330]' for 'GET' to 'http://localhost:62330/session/4c541dc7cc3e83e96304fa32d8c75129/element/b2ef318e-08c5-4a54-88ed-be6c512704ea/enabled'
17:55:12.529 [Forwarding isElementEnabled on session 4c541dc7cc3e83e96304fa32d8c75129 to remote] DEBUG org.asynchttpclient.netty.request.NettyRequestSender - Using open Channel [id: 0x5a708618, L:/127.0.0.1:58466 - R:localhost/127.0.0.1:62330] for GET '/session/4c541dc7cc3e83e96304fa32d8c75129/element/b2ef318e-08c5-4a54-88ed-be6c512704ea/enabled'
17:55:12.538 [AsyncHttpClient-1-13] DEBUG org.asynchttpclient.netty.handler.HttpHandler - 

Request DefaultFullHttpRequest(decodeResult: success, version: HTTP/1.1, content: EmptyByteBufBE)
GET /session/4c541dc7cc3e83e96304fa32d8c75129/element/b2ef318e-08c5-4a54-88ed-be6c512704ea/enabled HTTP/1.1
User-Agent: selenium/4.1.2 (java windows)
Cache-Control: no-cache
Content-Type: application/json; charset=utf-8
host: localhost:62330
accept: */*

Response DefaultHttpResponse(decodeResult: success, version: HTTP/1.1)
HTTP/1.1 200 OK
Content-Type: application/json; charset=utf-8
cache-control: no-cache
content-length: 14

17:55:12.538 [AsyncHttpClient-1-13] DEBUG org.asynchttpclient.netty.channel.ChannelManager - Adding key: http://localhost:62330 for channel [id: 0x5a708618, L:/127.0.0.1:58466 - R:localhost/127.0.0.1:62330]
17:55:12.541 [Forwarding findElement on session 4c541dc7cc3e83e96304fa32d8c75129 to remote] DEBUG org.asynchttpclient.netty.request.NettyRequestSender - Using pooled Channel '[id: 0x5a708618, L:/127.0.0.1:58466 - R:localhost/127.0.0.1:62330]' for 'POST' to 'http://localhost:62330/session/4c541dc7cc3e83e96304fa32d8c75129/element'
17:55:12.541 [Forwarding findElement on session 4c541dc7cc3e83e96304fa32d8c75129 to remote] DEBUG org.asynchttpclient.netty.request.NettyRequestSender - Using open Channel [id: 0x5a708618, L:/127.0.0.1:58466 - R:localhost/127.0.0.1:62330] for POST '/session/4c541dc7cc3e83e96304fa32d8c75129/element'
17:55:12.550 [AsyncHttpClient-1-13] DEBUG org.asynchttpclient.netty.handler.HttpHandler - 

Request DefaultHttpRequest(decodeResult: success, version: HTTP/1.1)
POST /session/4c541dc7cc3e83e96304fa32d8c75129/element HTTP/1.1
User-Agent: selenium/4.1.2 (java windows)
Content-Length: 92
Content-Type: application/json; charset=utf-8
host: localhost:62330
accept: */*

Response DefaultHttpResponse(decodeResult: success, version: HTTP/1.1)
HTTP/1.1 200 OK
Content-Type: application/json; charset=utf-8
cache-control: no-cache
content-length: 88

17:55:12.550 [AsyncHttpClient-1-13] DEBUG org.asynchttpclient.netty.channel.ChannelManager - Adding key: http://localhost:62330 for channel [id: 0x5a708618, L:/127.0.0.1:58466 - R:localhost/127.0.0.1:62330]
17:55:12.552 [Forwarding clickElement on session 4c541dc7cc3e83e96304fa32d8c75129 to remote] DEBUG org.asynchttpclient.netty.request.NettyRequestSender - Using pooled Channel '[id: 0x5a708618, L:/127.0.0.1:58466 - R:localhost/127.0.0.1:62330]' for 'POST' to 'http://localhost:62330/session/4c541dc7cc3e83e96304fa32d8c75129/element/b2ef318e-08c5-4a54-88ed-be6c512704ea/click'
17:55:12.552 [Forwarding clickElement on session 4c541dc7cc3e83e96304fa32d8c75129 to remote] DEBUG org.asynchttpclient.netty.request.NettyRequestSender - Using open Channel [id: 0x5a708618, L:/127.0.0.1:58466 - R:localhost/127.0.0.1:62330] for POST '/session/4c541dc7cc3e83e96304fa32d8c75129/element/b2ef318e-08c5-4a54-88ed-be6c512704ea/click'
17:55:12.614 [AsyncHttpClient-1-13] DEBUG org.asynchttpclient.netty.handler.HttpHandler - 

Request DefaultHttpRequest(decodeResult: success, version: HTTP/1.1)
POST /session/4c541dc7cc3e83e96304fa32d8c75129/element/b2ef318e-08c5-4a54-88ed-be6c512704ea/click HTTP/1.1
User-Agent: selenium/4.1.2 (java windows)
Content-Length: 50
Content-Type: application/json; charset=utf-8
host: localhost:62330
accept: */*

Response DefaultHttpResponse(decodeResult: success, version: HTTP/1.1)
HTTP/1.1 200 OK
Content-Type: application/json; charset=utf-8
cache-control: no-cache
content-length: 14

17:55:12.614 [AsyncHttpClient-1-13] DEBUG org.asynchttpclient.netty.channel.ChannelManager - Adding key: http://localhost:62330 for channel [id: 0x5a708618, L:/127.0.0.1:58466 - R:localhost/127.0.0.1:62330]
17:55:12.619 [Forwarding screenshot on session 4c541dc7cc3e83e96304fa32d8c75129 to remote] DEBUG org.asynchttpclient.netty.request.NettyRequestSender - Using pooled Channel '[id: 0x5a708618, L:/127.0.0.1:58466 - R:localhost/127.0.0.1:62330]' for 'GET' to 'http://localhost:62330/session/4c541dc7cc3e83e96304fa32d8c75129/screenshot'
17:55:12.619 [Forwarding screenshot on session 4c541dc7cc3e83e96304fa32d8c75129 to remote] DEBUG org.asynchttpclient.netty.request.NettyRequestSender - Using open Channel [id: 0x5a708618, L:/127.0.0.1:58466 - R:localhost/127.0.0.1:62330] for GET '/session/4c541dc7cc3e83e96304fa32d8c75129/screenshot'
17:55:12.829 [AsyncHttpClient-1-13] DEBUG org.asynchttpclient.netty.handler.HttpHandler - 

Request DefaultFullHttpRequest(decodeResult: success, version: HTTP/1.1, content: EmptyByteBufBE)
GET /session/4c541dc7cc3e83e96304fa32d8c75129/screenshot HTTP/1.1
User-Agent: selenium/4.1.2 (java windows)
Cache-Control: no-cache
Content-Type: application/json; charset=utf-8
host: localhost:62330
accept: */*

Response DefaultHttpResponse(decodeResult: success, version: HTTP/1.1)
HTTP/1.1 200 OK
Content-Type: application/json; charset=utf-8
cache-control: no-cache
content-length: 37644

17:55:12.829 [AsyncHttpClient-1-13] DEBUG org.asynchttpclient.netty.channel.ChannelManager - Adding key: http://localhost:62330 for channel [id: 0x5a708618, L:/127.0.0.1:58466 - R:localhost/127.0.0.1:62330]
17:55:12.831 [main] DEBUG net.serenitybdd.core.photography.Darkroom - Send negative for processing for target\site\serenity\e8b09c8ce89ff8740b244fb9e55ba9e6a0d4b115f5bee3dc80b00beda6a01e63.png
17:55:12.831 [main] DEBUG net.thucydides.core.steps.StepInterceptor - STEP DONE: clickLoginButton
  &amp#27;[32mAnd &amp#27;[0m&amp#27;[32mI click login button&amp#27;[0m             &amp#27;[90m# starter.stepdefinitions.LoginSteps.iClickLoginButton()&amp#27;[0m
17:55:12.832 [Darkroom Processing Line] DEBUG net.serenitybdd.core.photography.DarkroomProcessingLine - Processing screenshot image in /var/screenshots/screenshot-12927705105091728188
17:55:12.832 [Darkroom Processing Line] DEBUG net.serenitybdd.core.photography.DarkroomProcessingLine - Saving screenshot to target\site\serenity\e8b09c8ce89ff8740b244fb9e55ba9e6a0d4b115f5bee3dc80b00beda6a01e63.png
17:55:12.850 [main] DEBUG net.thucydides.core.steps.StepInterceptor - STARTING STEP: LoginSteps.iGetThe - errorMessageAppears
17:55:12.852 [Forwarding findElement on session 4c541dc7cc3e83e96304fa32d8c75129 to remote] DEBUG org.asynchttpclient.netty.request.NettyRequestSender - Using pooled Channel '[id: 0x5a708618, L:/127.0.0.1:58466 - R:localhost/127.0.0.1:62330]' for 'POST' to 'http://localhost:62330/session/4c541dc7cc3e83e96304fa32d8c75129/element'
17:55:12.853 [Forwarding findElement on session 4c541dc7cc3e83e96304fa32d8c75129 to remote] DEBUG org.asynchttpclient.netty.request.NettyRequestSender - Using open Channel [id: 0x5a708618, L:/127.0.0.1:58466 - R:localhost/127.0.0.1:62330] for POST '/session/4c541dc7cc3e83e96304fa32d8c75129/element'
17:55:12.856 [AsyncHttpClient-1-13] DEBUG org.asynchttpclient.netty.handler.HttpHandler - 

Request DefaultHttpRequest(decodeResult: success, version: HTTP/1.1)
POST /session/4c541dc7cc3e83e96304fa32d8c75129/element HTTP/1.1
User-Agent: selenium/4.1.2 (java windows)
Content-Length: 53
Content-Type: application/json; charset=utf-8
host: localhost:62330
accept: */*

Response DefaultHttpResponse(decodeResult: success, version: HTTP/1.1)
HTTP/1.1 400 Bad Request
Content-Type: application/json; charset=utf-8
cache-control: no-cache
content-length: 957

17:55:12.856 [AsyncHttpClient-1-13] DEBUG org.asynchttpclient.netty.channel.ChannelManager - Adding key: http://localhost:62330 for channel [id: 0x5a708618, L:/127.0.0.1:58466 - R:localhost/127.0.0.1:62330]
17:55:12.858 [Forwarding findElement on session 4c541dc7cc3e83e96304fa32d8c75129 to remote] DEBUG org.asynchttpclient.netty.request.NettyRequestSender - Using pooled Channel '[id: 0x5a708618, L:/127.0.0.1:58466 - R:localhost/127.0.0.1:62330]' for 'POST' to 'http://localhost:62330/session/4c541dc7cc3e83e96304fa32d8c75129/element'
17:55:12.858 [Forwarding findElement on session 4c541dc7cc3e83e96304fa32d8c75129 to remote] DEBUG org.asynchttpclient.netty.request.NettyRequestSender - Using open Channel [id: 0x5a708618, L:/127.0.0.1:58466 - R:localhost/127.0.0.1:62330] for POST '/session/4c541dc7cc3e83e96304fa32d8c75129/element'
17:55:12.873 [AsyncHttpClient-1-13] DEBUG org.asynchttpclient.netty.handler.HttpHandler - 

Request DefaultHttpRequest(decodeResult: success, version: HTTP/1.1)
POST /session/4c541dc7cc3e83e96304fa32d8c75129/element HTTP/1.1
User-Agent: selenium/4.1.2 (java windows)
Content-Length: 63
Content-Type: application/json; charset=utf-8
host: localhost:62330
accept: */*

Response DefaultHttpResponse(decodeResult: success, version: HTTP/1.1)
HTTP/1.1 200 OK
Content-Type: application/json; charset=utf-8
cache-control: no-cache
content-length: 88

17:55:12.873 [AsyncHttpClient-1-13] DEBUG org.asynchttpclient.netty.channel.ChannelManager - Adding key: http://localhost:62330 for channel [id: 0x5a708618, L:/127.0.0.1:58466 - R:localhost/127.0.0.1:62330]
17:55:12.877 [Forwarding isElementDisplayed on session 4c541dc7cc3e83e96304fa32d8c75129 to remote] DEBUG org.asynchttpclient.netty.request.NettyRequestSender - Using pooled Channel '[id: 0x5a708618, L:/127.0.0.1:58466 - R:localhost/127.0.0.1:62330]' for 'POST' to 'http://localhost:62330/session/4c541dc7cc3e83e96304fa32d8c75129/execute/sync'
17:55:12.877 [Forwarding isElementDisplayed on session 4c541dc7cc3e83e96304fa32d8c75129 to remote] DEBUG org.asynchttpclient.netty.request.NettyRequestSender - Using open Channel [id: 0x5a708618, L:/127.0.0.1:58466 - R:localhost/127.0.0.1:62330] for POST '/session/4c541dc7cc3e83e96304fa32d8c75129/execute/sync'
17:55:12.893 [AsyncHttpClient-1-13] DEBUG org.asynchttpclient.netty.handler.HttpHandler - 

Request DefaultHttpRequest(decodeResult: success, version: HTTP/1.1)
POST /session/4c541dc7cc3e83e96304fa32d8c75129/execute/sync HTTP/1.1
User-Agent: selenium/4.1.2 (java windows)
Content-Length: 48780
Content-Type: application/json; charset=utf-8
host: localhost:62330
accept: */*

Response DefaultHttpResponse(decodeResult: success, version: HTTP/1.1)
HTTP/1.1 200 OK
Content-Type: application/json; charset=utf-8
cache-control: no-cache
content-length: 14

17:55:12.894 [AsyncHttpClient-1-13] DEBUG org.asynchttpclient.netty.channel.ChannelManager - Adding key: http://localhost:62330 for channel [id: 0x5a708618, L:/127.0.0.1:58466 - R:localhost/127.0.0.1:62330]
17:55:12.900 [Forwarding screenshot on session 4c541dc7cc3e83e96304fa32d8c75129 to remote] DEBUG org.asynchttpclient.netty.request.NettyRequestSender - Using pooled Channel '[id: 0x5a708618, L:/127.0.0.1:58466 - R:localhost/127.0.0.1:62330]' for 'GET' to 'http://localhost:62330/session/4c541dc7cc3e83e96304fa32d8c75129/screenshot'
17:55:12.900 [Forwarding screenshot on session 4c541dc7cc3e83e96304fa32d8c75129 to remote] DEBUG org.asynchttpclient.netty.request.NettyRequestSender - Using open Channel [id: 0x5a708618, L:/127.0.0.1:58466 - R:localhost/127.0.0.1:62330] for GET '/session/4c541dc7cc3e83e96304fa32d8c75129/screenshot'
17:55:12.919 [AsyncHttpClient-1-1] DEBUG org.asynchttpclient.netty.channel.DefaultChannelPool - Entry count for : http://localhost:58467 : 1
17:55:13.169 [AsyncHttpClient-1-13] DEBUG org.asynchttpclient.netty.handler.HttpHandler - 

Request DefaultFullHttpRequest(decodeResult: success, version: HTTP/1.1, content: EmptyByteBufBE)
GET /session/4c541dc7cc3e83e96304fa32d8c75129/screenshot HTTP/1.1
User-Agent: selenium/4.1.2 (java windows)
Cache-Control: no-cache
Content-Type: application/json; charset=utf-8
host: localhost:62330
accept: */*

Response DefaultHttpResponse(decodeResult: success, version: HTTP/1.1)
HTTP/1.1 200 OK
Content-Type: application/json; charset=utf-8
cache-control: no-cache
content-length: 42512

17:55:13.170 [AsyncHttpClient-1-13] DEBUG org.asynchttpclient.netty.channel.ChannelManager - Adding key: http://localhost:62330 for channel [id: 0x5a708618, L:/127.0.0.1:58466 - R:localhost/127.0.0.1:62330]
17:55:13.174 [main] DEBUG net.serenitybdd.core.photography.Darkroom - Send negative for processing for target\site\serenity\7cf37b3c9c71d2d0d2e7ec30dded63afc845a36295f2bac9cac71c8e03390d95.png
17:55:13.174 [main] DEBUG net.thucydides.core.steps.StepInterceptor - STEP DONE: errorMessageAppears
17:55:13.175 [Darkroom Processing Line] DEBUG net.serenitybdd.core.photography.DarkroomProcessingLine - Processing screenshot image in /var/screenshots/screenshot-16156310815352832106
17:55:13.175 [Darkroom Processing Line] DEBUG net.serenitybdd.core.photography.DarkroomProcessingLine - Saving screenshot to target\site\serenity\7cf37b3c9c71d2d0d2e7ec30dded63afc845a36295f2bac9cac71c8e03390d95.png
17:55:13.184 [main] DEBUG net.thucydides.core.steps.StepInterceptor - STARTING STEP: LoginSteps.iGetThe - errorMessageEqual
17:55:13.186 [Forwarding findElement on session 4c541dc7cc3e83e96304fa32d8c75129 to remote] DEBUG org.asynchttpclient.netty.request.NettyRequestSender - Using pooled Channel '[id: 0x5a708618, L:/127.0.0.1:58466 - R:localhost/127.0.0.1:62330]' for 'POST' to 'http://localhost:62330/session/4c541dc7cc3e83e96304fa32d8c75129/element'
17:55:13.187 [Forwarding findElement on session 4c541dc7cc3e83e96304fa32d8c75129 to remote] DEBUG org.asynchttpclient.netty.request.NettyRequestSender - Using open Channel [id: 0x5a708618, L:/127.0.0.1:58466 - R:localhost/127.0.0.1:62330] for POST '/session/4c541dc7cc3e83e96304fa32d8c75129/element'
17:55:13.199 [AsyncHttpClient-1-13] DEBUG org.asynchttpclient.netty.handler.HttpHandler - 

Request DefaultHttpRequest(decodeResult: success, version: HTTP/1.1)
POST /session/4c541dc7cc3e83e96304fa32d8c75129/element HTTP/1.1
User-Agent: selenium/4.1.2 (java windows)
Content-Length: 63
Content-Type: application/json; charset=utf-8
host: localhost:62330
accept: */*

Response DefaultHttpResponse(decodeResult: success, version: HTTP/1.1)
HTTP/1.1 200 OK
Content-Type: application/json; charset=utf-8
cache-control: no-cache
content-length: 88

17:55:13.199 [AsyncHttpClient-1-13] DEBUG org.asynchttpclient.netty.channel.ChannelManager - Adding key: http://localhost:62330 for channel [id: 0x5a708618, L:/127.0.0.1:58466 - R:localhost/127.0.0.1:62330]
17:55:13.200 [Forwarding getElementText on session 4c541dc7cc3e83e96304fa32d8c75129 to remote] DEBUG org.asynchttpclient.netty.request.NettyRequestSender - Using pooled Channel '[id: 0x5a708618, L:/127.0.0.1:58466 - R:localhost/127.0.0.1:62330]' for 'GET' to 'http://localhost:62330/session/4c541dc7cc3e83e96304fa32d8c75129/element/a86e627a-4979-4110-93a0-9f2cdc244d7f/text'
17:55:13.200 [Forwarding getElementText on session 4c541dc7cc3e83e96304fa32d8c75129 to remote] DEBUG org.asynchttpclient.netty.request.NettyRequestSender - Using open Channel [id: 0x5a708618, L:/127.0.0.1:58466 - R:localhost/127.0.0.1:62330] for GET '/session/4c541dc7cc3e83e96304fa32d8c75129/element/a86e627a-4979-4110-93a0-9f2cdc244d7f/text'
17:55:13.219 [AsyncHttpClient-1-13] DEBUG org.asynchttpclient.netty.handler.HttpHandler - 

Request DefaultFullHttpRequest(decodeResult: success, version: HTTP/1.1, content: EmptyByteBufBE)
GET /session/4c541dc7cc3e83e96304fa32d8c75129/element/a86e627a-4979-4110-93a0-9f2cdc244d7f/text HTTP/1.1
User-Agent: selenium/4.1.2 (java windows)
Cache-Control: no-cache
Content-Type: application/json; charset=utf-8
host: localhost:62330
accept: */*

Response DefaultHttpResponse(decodeResult: success, version: HTTP/1.1)
HTTP/1.1 200 OK
Content-Type: application/json; charset=utf-8
cache-control: no-cache
content-length: 28

17:55:13.220 [AsyncHttpClient-1-13] DEBUG org.asynchttpclient.netty.channel.ChannelManager - Adding key: http://localhost:62330 for channel [id: 0x5a708618, L:/127.0.0.1:58466 - R:localhost/127.0.0.1:62330]
17:55:13.224 [Forwarding screenshot on session 4c541dc7cc3e83e96304fa32d8c75129 to remote] DEBUG org.asynchttpclient.netty.request.NettyRequestSender - Using pooled Channel '[id: 0x5a708618, L:/127.0.0.1:58466 - R:localhost/127.0.0.1:62330]' for 'GET' to 'http://localhost:62330/session/4c541dc7cc3e83e96304fa32d8c75129/screenshot'
17:55:13.224 [Forwarding screenshot on session 4c541dc7cc3e83e96304fa32d8c75129 to remote] DEBUG org.asynchttpclient.netty.request.NettyRequestSender - Using open Channel [id: 0x5a708618, L:/127.0.0.1:58466 - R:localhost/127.0.0.1:62330] for GET '/session/4c541dc7cc3e83e96304fa32d8c75129/screenshot'
17:55:13.406 [AsyncHttpClient-1-13] DEBUG org.asynchttpclient.netty.handler.HttpHandler - 

Request DefaultFullHttpRequest(decodeResult: success, version: HTTP/1.1, content: EmptyByteBufBE)
GET /session/4c541dc7cc3e83e96304fa32d8c75129/screenshot HTTP/1.1
User-Agent: selenium/4.1.2 (java windows)
Cache-Control: no-cache
Content-Type: application/json; charset=utf-8
host: localhost:62330
accept: */*

Response DefaultHttpResponse(decodeResult: success, version: HTTP/1.1)
HTTP/1.1 200 OK
Content-Type: application/json; charset=utf-8
cache-control: no-cache
content-length: 42496

17:55:13.406 [AsyncHttpClient-1-13] DEBUG org.asynchttpclient.netty.channel.ChannelManager - Adding key: http://localhost:62330 for channel [id: 0x5a708618, L:/127.0.0.1:58466 - R:localhost/127.0.0.1:62330]
17:55:13.408 [main] DEBUG net.serenitybdd.core.photography.Darkroom - Send negative for processing for target\site\serenity\3f7e3f08f4fe5a64ab3c0340b2a973f0a4ffd9955d694b382e7aa81f2d97224b.png
17:55:13.408 [main] DEBUG net.thucydides.core.steps.StepInterceptor - STEP DONE: errorMessageEqual
  &amp#27;[32mThen &amp#27;[0m&amp#27;[32mI get the &amp#27;[0m&amp#27;[32m&amp#27;[1m"record not found"&amp#27;[0m    &amp#27;[90m# starter.stepdefinitions.LoginSteps.iGetThe(java.lang.String)&amp#27;[0m
17:55:13.409 [Darkroom Processing Line] DEBUG net.serenitybdd.core.photography.DarkroomProcessingLine - Processing screenshot image in /var/screenshots/screenshot-354414378512342465
17:55:13.409 [Darkroom Processing Line] DEBUG net.serenitybdd.core.photography.DarkroomProcessingLine - Saving screenshot to target\site\serenity\3f7e3f08f4fe5a64ab3c0340b2a973f0a4ffd9955d694b382e7aa81f2d97224b.png
17:55:13.421 [AsyncHttpClient-1-15] DEBUG org.asynchttpclient.netty.handler.WebSocketHandler - Channel Closed: [id: 0x2f4b5963, L:/127.0.0.1:58474 ! R:localhost/127.0.0.1:58467] with attribute NettyResponseFuture{currentRetry=5,
	isDone=1,
	isCancelled=0,
	asyncHandler=org.asynchttpclient.ws.WebSocketUpgradeHandler@3fc464d1,
	nettyRequest=org.asynchttpclient.netty.request.NettyRequest@5fd01012,
	future=java.util.concurrent.CompletableFuture@478ad7fb[Completed normally],
	uri=ws://localhost:58467/devtools/browser/9bc8d98c-12df-4c4f-ad82-df7f5f0d6445,
	keepAlive=true,
	redirectCount=0,
	timeoutsHolder=null,
	inAuth=0,
	touch=1652784909672}
17:55:13.421 [AsyncHttpClient-1-15] DEBUG org.asynchttpclient.netty.channel.ChannelManager - Closing Channel [id: 0x2f4b5963, L:/127.0.0.1:58474 ! R:localhost/127.0.0.1:58467] 
17:55:13.421 [Driver Command Executor] DEBUG org.asynchttpclient.netty.request.NettyRequestSender - Using pooled Channel '[id: 0x5a708618, L:/127.0.0.1:58466 - R:localhost/127.0.0.1:62330]' for 'DELETE' to 'http://localhost:62330/session/4c541dc7cc3e83e96304fa32d8c75129'
17:55:13.421 [Driver Command Executor] DEBUG org.asynchttpclient.netty.request.NettyRequestSender - Using open Channel [id: 0x5a708618, L:/127.0.0.1:58466 - R:localhost/127.0.0.1:62330] for DELETE '/session/4c541dc7cc3e83e96304fa32d8c75129'
17:55:13.448 [AsyncHttpClient-1-14] DEBUG org.asynchttpclient.netty.handler.HttpHandler - Unexpected I/O exception on channel [id: 0xcb740c4d, L:/127.0.0.1:58473 - R:localhost/127.0.0.1:58467]
java.net.SocketException: Connection reset
	at java.base/sun.nio.ch.SocketChannelImpl.throwConnectionReset(SocketChannelImpl.java:367)
	at java.base/sun.nio.ch.SocketChannelImpl.read(SocketChannelImpl.java:398)
	at io.netty.buffer.PooledByteBuf.setBytes(PooledByteBuf.java:258)
	at io.netty.buffer.AbstractByteBuf.writeBytes(AbstractByteBuf.java:1132)
	at io.netty.channel.socket.nio.NioSocketChannel.doReadBytes(NioSocketChannel.java:350)
	at io.netty.channel.nio.AbstractNioByteChannel$NioByteUnsafe.read(AbstractNioByteChannel.java:151)
	at io.netty.channel.nio.NioEventLoop.processSelectedKey(NioEventLoop.java:722)
	at io.netty.channel.nio.NioEventLoop.processSelectedKeysOptimized(NioEventLoop.java:658)
	at io.netty.channel.nio.NioEventLoop.processSelectedKeys(NioEventLoop.java:584)
	at io.netty.channel.nio.NioEventLoop.run(NioEventLoop.java:496)
	at io.netty.util.concurrent.SingleThreadEventExecutor$4.run(SingleThreadEventExecutor.java:986)
	at io.netty.util.internal.ThreadExecutorMap$2.run(ThreadExecutorMap.java:74)
	at io.netty.util.concurrent.FastThreadLocalRunnable.run(FastThreadLocalRunnable.java:30)
	at java.base/java.lang.Thread.run(Thread.java:832)
17:55:13.448 [AsyncHttpClient-1-14] DEBUG org.asynchttpclient.netty.channel.ChannelManager - Closing Channel [id: 0xcb740c4d, L:/127.0.0.1:58473 - R:localhost/127.0.0.1:58467] 
17:55:13.448 [AsyncHttpClient-1-14] DEBUG org.asynchttpclient.netty.handler.HttpHandler - Channel Closed: [id: 0xcb740c4d, L:/127.0.0.1:58473 ! R:localhost/127.0.0.1:58467] with attribute DISCARD
17:55:13.465 [AsyncHttpClient-1-13] DEBUG org.asynchttpclient.netty.handler.HttpHandler - 

Request DefaultFullHttpRequest(decodeResult: success, version: HTTP/1.1, content: EmptyByteBufBE)
DELETE /session/4c541dc7cc3e83e96304fa32d8c75129 HTTP/1.1
User-Agent: selenium/4.1.2 (java windows)
Content-Type: application/json; charset=utf-8
host: localhost:62330
accept: */*

Response DefaultHttpResponse(decodeResult: success, version: HTTP/1.1)
HTTP/1.1 200 OK
Content-Type: application/json; charset=utf-8
cache-control: no-cache
content-length: 14

17:55:13.465 [AsyncHttpClient-1-13] DEBUG org.asynchttpclient.netty.channel.ChannelManager - Adding key: http://localhost:62330 for channel [id: 0x5a708618, L:/127.0.0.1:58466 - R:localhost/127.0.0.1:62330]
17:55:13.571 [AsyncHttpClient-1-13] DEBUG org.asynchttpclient.netty.handler.HttpHandler - Channel Closed: [id: 0x5a708618, L:/127.0.0.1:58466 ! R:localhost/127.0.0.1:62330] with attribute DISCARD
17:55:14.020 [AsyncHttpClient-1-1] DEBUG org.asynchttpclient.netty.channel.DefaultChannelPool - Entry count for : http://localhost:62330 : 1
17:55:14.020 [AsyncHttpClient-1-1] DEBUG org.asynchttpclient.netty.channel.DefaultChannelPool - Entry count for : http://localhost:58467 : 1
17:55:14.020 [AsyncHttpClient-1-1] DEBUG org.asynchttpclient.netty.channel.DefaultChannelPool - Adding Candidate expired Channel [id: 0x5a708618, L:/127.0.0.1:58466 ! R:localhost/127.0.0.1:62330] isIdleTimeoutExpired=false isRemotelyClosed=true isTtlExpired=false
17:55:14.020 [AsyncHttpClient-1-1] DEBUG org.asynchttpclient.netty.channel.DefaultChannelPool - Closing Idle Channel [id: 0x5a708618, L:/127.0.0.1:58466 ! R:localhost/127.0.0.1:62330]
17:55:14.020 [AsyncHttpClient-1-1] DEBUG org.asynchttpclient.netty.channel.DefaultChannelPool - Adding Candidate expired Channel [id: 0xcb740c4d, L:/127.0.0.1:58473 ! R:localhost/127.0.0.1:58467] isIdleTimeoutExpired=false isRemotelyClosed=true isTtlExpired=false
17:55:14.020 [AsyncHttpClient-1-1] DEBUG org.asynchttpclient.netty.channel.DefaultChannelPool - Closing Idle Channel [id: 0xcb740c4d, L:/127.0.0.1:58473 ! R:localhost/127.0.0.1:58467]
17:55:14.020 [AsyncHttpClient-1-1] DEBUG org.asynchttpclient.netty.channel.DefaultChannelPool - Closed 2 connections out of 2 in 0 ms
]]></system-out>
    <system-err><![CDATA[Starting ChromeDriver 101.0.4951.41 (93c720db8323b3ec10d056025ab95c23a31997c9-refs/branch-heads/4951@{#904}) on port 62330
Only local connections are allowed.
Please see https://chromedriver.chromium.org/security-considerations for suggestions on keeping ChromeDriver safe.
ChromeDriver was started successfully.
May 17, 2022 5:55:09 PM org.openqa.selenium.remote.ProtocolHandshake createSession
INFO: Detected dialect: W3C
May 17, 2022 5:55:09 PM org.openqa.selenium.devtools.CdpVersionFinder findNearestMatch
WARNING: Unable to find an exact match for CDP version 101, so returning the closest version found: 97
May 17, 2022 5:55:09 PM org.openqa.selenium.devtools.CdpVersionFinder findNearestMatch
INFO: Found CDP implementation for version 101 of 97
]]></system-err>
  </testcase>
  <testcase name="Login Scenario #5" classname="Login" time="6.254">
    <system-out><![CDATA[
@Login
Scenario Outline: Login Scenario     &amp#27;[90m# src/test/resources/features/Login.feature:22&amp#27;[0m
17:55:14.112 [main] INFO io.cucumber.core.plugin.SerenityReporter - Running feature from file:///E:/Learn/ProjectTestWeb/src/test/resources/features/Login.feature
17:55:14.137 [main] INFO net.serenitybdd.core.webdriver.driverproviders.ChromeDriverProvider - Using automatically driver download
17:55:14.349 [main] DEBUG io.github.bonigarcia.wdm.cache.ResolutionCache - Resolution chrome=101 in cache (valid until 18:23:13 17/05/2022 ICT)
17:55:14.354 [main] DEBUG io.github.bonigarcia.wdm.cache.ResolutionCache - Resolution chrome101=101.0.4951.41 in cache (valid until 17:23:13 18/05/2022 ICT)
17:55:14.356 [main] INFO io.github.bonigarcia.wdm.WebDriverManager - Using chromedriver 101.0.4951.41 (resolved driver for Chrome 101)
17:55:14.371 [main] DEBUG io.github.bonigarcia.wdm.WebDriverManager - Driver chromedriver 101.0.4951.41 found in cache
17:55:14.371 [main] INFO io.github.bonigarcia.wdm.WebDriverManager - Exporting webdriver.chrome.driver as C:\Users\HP\.cache\selenium\chromedriver\win32\101.0.4951.41\chromedriver.exe
17:55:14.585 [main] DEBUG net.serenitybdd.core.webdriver.driverproviders.ProvideNewDriver - Instantiating driver
17:55:14.585 [main] DEBUG net.serenitybdd.core.webdriver.driverproviders.ProvideNewDriver - Driver capabilities: Capabilities {acceptInsecureCerts: false, base.url: , browserName: chrome, goog:chromeOptions: {args: [], extensions: []}}
17:55:15.131 [AsyncHttpClient-1-16] DEBUG org.asynchttpclient.netty.channel.NettyConnectListener - Using new Channel '[id: 0xac6608a4, L:/127.0.0.1:58495 - R:localhost/127.0.0.1:51874]' for 'POST' to '/session'
17:55:15.850 [AsyncHttpClient-1-16] DEBUG org.asynchttpclient.netty.handler.HttpHandler - 

Request DefaultHttpRequest(decodeResult: success, version: HTTP/1.1)
POST /session HTTP/1.1
User-Agent: selenium/4.1.2 (java windows)
Content-Length: 457
Content-Type: application/json; charset=utf-8
host: localhost:51874
accept: */*

Response DefaultHttpResponse(decodeResult: success, version: HTTP/1.1)
HTTP/1.1 200 OK
Content-Type: application/json; charset=utf-8
cache-control: no-cache
content-length: 787

17:55:15.850 [AsyncHttpClient-1-16] DEBUG org.asynchttpclient.netty.channel.ChannelManager - Adding key: http://localhost:51874 for channel [id: 0xac6608a4, L:/127.0.0.1:58495 - R:localhost/127.0.0.1:51874]
17:55:15.855 [AsyncHttpClient-1-17] DEBUG org.asynchttpclient.netty.channel.NettyConnectListener - Using new Channel '[id: 0x036a1fd8, L:/127.0.0.1:58503 - R:localhost/127.0.0.1:58496]' for 'GET' to '/json/version'
17:55:15.856 [AsyncHttpClient-1-17] DEBUG org.asynchttpclient.netty.handler.HttpHandler - 

Request DefaultFullHttpRequest(decodeResult: success, version: HTTP/1.1, content: EmptyByteBufBE)
GET /json/version HTTP/1.1
User-Agent: selenium/4.1.2 (java windows)
host: localhost:58496
accept: */*

Response DefaultHttpResponse(decodeResult: success, version: HTTP/1.1)
HTTP/1.1 200 OK
Content-Type: application/json; charset=UTF-8
content-length: 427

17:55:15.856 [AsyncHttpClient-1-17] DEBUG org.asynchttpclient.netty.channel.ChannelManager - Adding key: http://localhost:58496 for channel [id: 0x036a1fd8, L:/127.0.0.1:58503 - R:localhost/127.0.0.1:58496]
17:55:15.860 [AsyncHttpClient-1-2] DEBUG org.asynchttpclient.netty.channel.NettyConnectListener - Using new Channel '[id: 0x1bcecad6, L:/127.0.0.1:58504 - R:localhost/127.0.0.1:58496]' for 'GET' to '/devtools/browser/daac2751-bdf9-43df-9395-f7ae6d2a4edd'
17:55:15.861 [AsyncHttpClient-1-2] DEBUG org.asynchttpclient.netty.handler.WebSocketHandler - 

Request DefaultFullHttpRequest(decodeResult: success, version: HTTP/1.1, content: EmptyByteBufBE)
GET /devtools/browser/daac2751-bdf9-43df-9395-f7ae6d2a4edd HTTP/1.1
upgrade: websocket
connection: upgrade
sec-websocket-key: 8oNJtowaT9euXGZmLtO1fA==
sec-websocket-version: 13
origin: http://localhost:58496
host: localhost:58496
accept: */*
user-agent: AHC/2.1

Response DefaultHttpResponse(decodeResult: success, version: HTTP/1.1)
HTTP/1.1 101 WebSocket Protocol Handshake
Upgrade: WebSocket
Connection: Upgrade
Sec-WebSocket-Accept: sffkYrtlI0/IZLwKs9yUuMYKoS4=

17:55:15.865 [Forwarding get on session b4221a3ac1efaf7f7865909cc9557594 to remote] DEBUG org.asynchttpclient.netty.request.NettyRequestSender - Using pooled Channel '[id: 0xac6608a4, L:/127.0.0.1:58495 - R:localhost/127.0.0.1:51874]' for 'POST' to 'http://localhost:51874/session/b4221a3ac1efaf7f7865909cc9557594/url'
17:55:15.865 [Forwarding get on session b4221a3ac1efaf7f7865909cc9557594 to remote] DEBUG org.asynchttpclient.netty.request.NettyRequestSender - Using open Channel [id: 0xac6608a4, L:/127.0.0.1:58495 - R:localhost/127.0.0.1:51874] for POST '/session/b4221a3ac1efaf7f7865909cc9557594/url'
17:55:16.218 [AsyncHttpClient-1-1] DEBUG org.asynchttpclient.netty.channel.DefaultChannelPool - Entry count for : http://localhost:58496 : 1
17:55:17.314 [AsyncHttpClient-1-1] DEBUG org.asynchttpclient.netty.channel.DefaultChannelPool - Entry count for : http://localhost:58496 : 1
17:55:17.460 [AsyncHttpClient-1-16] DEBUG org.asynchttpclient.netty.handler.HttpHandler - 

Request DefaultHttpRequest(decodeResult: success, version: HTTP/1.1)
POST /session/b4221a3ac1efaf7f7865909cc9557594/url HTTP/1.1
User-Agent: selenium/4.1.2 (java windows)
Content-Length: 64
Content-Type: application/json; charset=utf-8
host: localhost:51874
accept: */*

Response DefaultHttpResponse(decodeResult: success, version: HTTP/1.1)
HTTP/1.1 200 OK
Content-Type: application/json; charset=utf-8
cache-control: no-cache
content-length: 14

17:55:17.460 [AsyncHttpClient-1-16] DEBUG org.asynchttpclient.netty.channel.ChannelManager - Adding key: http://localhost:51874 for channel [id: 0xac6608a4, L:/127.0.0.1:58495 - R:localhost/127.0.0.1:51874]
17:55:17.461 [Forwarding setTimeout on session b4221a3ac1efaf7f7865909cc9557594 to remote] DEBUG org.asynchttpclient.netty.request.NettyRequestSender - Using pooled Channel '[id: 0xac6608a4, L:/127.0.0.1:58495 - R:localhost/127.0.0.1:51874]' for 'POST' to 'http://localhost:51874/session/b4221a3ac1efaf7f7865909cc9557594/timeouts'
17:55:17.461 [Forwarding setTimeout on session b4221a3ac1efaf7f7865909cc9557594 to remote] DEBUG org.asynchttpclient.netty.request.NettyRequestSender - Using open Channel [id: 0xac6608a4, L:/127.0.0.1:58495 - R:localhost/127.0.0.1:51874] for POST '/session/b4221a3ac1efaf7f7865909cc9557594/timeouts'
17:55:17.462 [AsyncHttpClient-1-16] DEBUG org.asynchttpclient.netty.handler.HttpHandler - 

Request DefaultHttpRequest(decodeResult: success, version: HTTP/1.1)
POST /session/b4221a3ac1efaf7f7865909cc9557594/timeouts HTTP/1.1
User-Agent: selenium/4.1.2 (java windows)
Content-Length: 22
Content-Type: application/json; charset=utf-8
host: localhost:51874
accept: */*

Response DefaultHttpResponse(decodeResult: success, version: HTTP/1.1)
HTTP/1.1 200 OK
Content-Type: application/json; charset=utf-8
cache-control: no-cache
content-length: 14

17:55:17.463 [AsyncHttpClient-1-16] DEBUG org.asynchttpclient.netty.channel.ChannelManager - Adding key: http://localhost:51874 for channel [id: 0xac6608a4, L:/127.0.0.1:58495 - R:localhost/127.0.0.1:51874]
17:55:17.465 [Forwarding getCurrentUrl on session b4221a3ac1efaf7f7865909cc9557594 to remote] DEBUG org.asynchttpclient.netty.request.NettyRequestSender - Using pooled Channel '[id: 0xac6608a4, L:/127.0.0.1:58495 - R:localhost/127.0.0.1:51874]' for 'GET' to 'http://localhost:51874/session/b4221a3ac1efaf7f7865909cc9557594/url'
17:55:17.465 [Forwarding getCurrentUrl on session b4221a3ac1efaf7f7865909cc9557594 to remote] DEBUG org.asynchttpclient.netty.request.NettyRequestSender - Using open Channel [id: 0xac6608a4, L:/127.0.0.1:58495 - R:localhost/127.0.0.1:51874] for GET '/session/b4221a3ac1efaf7f7865909cc9557594/url'
17:55:17.471 [AsyncHttpClient-1-16] DEBUG org.asynchttpclient.netty.handler.HttpHandler - 

Request DefaultFullHttpRequest(decodeResult: success, version: HTTP/1.1, content: EmptyByteBufBE)
GET /session/b4221a3ac1efaf7f7865909cc9557594/url HTTP/1.1
User-Agent: selenium/4.1.2 (java windows)
Cache-Control: no-cache
Content-Type: application/json; charset=utf-8
host: localhost:51874
accept: */*

Response DefaultHttpResponse(decodeResult: success, version: HTTP/1.1)
HTTP/1.1 200 OK
Content-Type: application/json; charset=utf-8
cache-control: no-cache
content-length: 41

17:55:17.471 [AsyncHttpClient-1-16] DEBUG org.asynchttpclient.netty.channel.ChannelManager - Adding key: http://localhost:51874 for channel [id: 0xac6608a4, L:/127.0.0.1:58495 - R:localhost/127.0.0.1:51874]
17:55:17.480 [Forwarding screenshot on session b4221a3ac1efaf7f7865909cc9557594 to remote] DEBUG org.asynchttpclient.netty.request.NettyRequestSender - Using pooled Channel '[id: 0xac6608a4, L:/127.0.0.1:58495 - R:localhost/127.0.0.1:51874]' for 'GET' to 'http://localhost:51874/session/b4221a3ac1efaf7f7865909cc9557594/screenshot'
17:55:17.480 [Forwarding screenshot on session b4221a3ac1efaf7f7865909cc9557594 to remote] DEBUG org.asynchttpclient.netty.request.NettyRequestSender - Using open Channel [id: 0xac6608a4, L:/127.0.0.1:58495 - R:localhost/127.0.0.1:51874] for GET '/session/b4221a3ac1efaf7f7865909cc9557594/screenshot'
17:55:17.830 [AsyncHttpClient-1-16] DEBUG org.asynchttpclient.netty.handler.HttpHandler - 

Request DefaultFullHttpRequest(decodeResult: success, version: HTTP/1.1, content: EmptyByteBufBE)
GET /session/b4221a3ac1efaf7f7865909cc9557594/screenshot HTTP/1.1
User-Agent: selenium/4.1.2 (java windows)
Cache-Control: no-cache
Content-Type: application/json; charset=utf-8
host: localhost:51874
accept: */*

Response DefaultHttpResponse(decodeResult: success, version: HTTP/1.1)
HTTP/1.1 200 OK
Content-Type: application/json; charset=utf-8
cache-control: no-cache
content-length: 32228

17:55:17.830 [AsyncHttpClient-1-16] DEBUG org.asynchttpclient.netty.channel.ChannelManager - Adding key: http://localhost:51874 for channel [id: 0xac6608a4, L:/127.0.0.1:58495 - R:localhost/127.0.0.1:51874]
17:55:17.831 [main] DEBUG net.serenitybdd.core.photography.Darkroom - Send negative for processing for target\site\serenity\4510322e36bb11a6014d8509eafdfeb27c6a3a7394c1f9ef4b696c572e41b18d.png
17:55:17.831 [main] DEBUG net.thucydides.core.steps.StepInterceptor - STARTING STEP: LoginSteps.iAmOnTheLoginPage - validateOnLoginPage
17:55:17.834 [Forwarding findElement on session b4221a3ac1efaf7f7865909cc9557594 to remote] DEBUG org.asynchttpclient.netty.request.NettyRequestSender - Using pooled Channel '[id: 0xac6608a4, L:/127.0.0.1:58495 - R:localhost/127.0.0.1:51874]' for 'POST' to 'http://localhost:51874/session/b4221a3ac1efaf7f7865909cc9557594/element'
17:55:17.834 [Forwarding findElement on session b4221a3ac1efaf7f7865909cc9557594 to remote] DEBUG org.asynchttpclient.netty.request.NettyRequestSender - Using open Channel [id: 0xac6608a4, L:/127.0.0.1:58495 - R:localhost/127.0.0.1:51874] for POST '/session/b4221a3ac1efaf7f7865909cc9557594/element'
17:55:17.846 [AsyncHttpClient-1-16] DEBUG org.asynchttpclient.netty.handler.HttpHandler - 

Request DefaultHttpRequest(decodeResult: success, version: HTTP/1.1)
POST /session/b4221a3ac1efaf7f7865909cc9557594/element HTTP/1.1
User-Agent: selenium/4.1.2 (java windows)
Content-Length: 92
Content-Type: application/json; charset=utf-8
host: localhost:51874
accept: */*

Response DefaultHttpResponse(decodeResult: success, version: HTTP/1.1)
HTTP/1.1 200 OK
Content-Type: application/json; charset=utf-8
cache-control: no-cache
content-length: 88

17:55:17.847 [AsyncHttpClient-1-16] DEBUG org.asynchttpclient.netty.channel.ChannelManager - Adding key: http://localhost:51874 for channel [id: 0xac6608a4, L:/127.0.0.1:58495 - R:localhost/127.0.0.1:51874]
17:55:17.851 [Forwarding isElementDisplayed on session b4221a3ac1efaf7f7865909cc9557594 to remote] DEBUG org.asynchttpclient.netty.request.NettyRequestSender - Using pooled Channel '[id: 0xac6608a4, L:/127.0.0.1:58495 - R:localhost/127.0.0.1:51874]' for 'POST' to 'http://localhost:51874/session/b4221a3ac1efaf7f7865909cc9557594/execute/sync'
17:55:17.851 [Forwarding isElementDisplayed on session b4221a3ac1efaf7f7865909cc9557594 to remote] DEBUG org.asynchttpclient.netty.request.NettyRequestSender - Using open Channel [id: 0xac6608a4, L:/127.0.0.1:58495 - R:localhost/127.0.0.1:51874] for POST '/session/b4221a3ac1efaf7f7865909cc9557594/execute/sync'
17:55:17.867 [AsyncHttpClient-1-16] DEBUG org.asynchttpclient.netty.handler.HttpHandler - 

Request DefaultHttpRequest(decodeResult: success, version: HTTP/1.1)
POST /session/b4221a3ac1efaf7f7865909cc9557594/execute/sync HTTP/1.1
User-Agent: selenium/4.1.2 (java windows)
Content-Length: 48780
Content-Type: application/json; charset=utf-8
host: localhost:51874
accept: */*

Response DefaultHttpResponse(decodeResult: success, version: HTTP/1.1)
HTTP/1.1 200 OK
Content-Type: application/json; charset=utf-8
cache-control: no-cache
content-length: 14

17:55:17.867 [AsyncHttpClient-1-16] DEBUG org.asynchttpclient.netty.channel.ChannelManager - Adding key: http://localhost:51874 for channel [id: 0xac6608a4, L:/127.0.0.1:58495 - R:localhost/127.0.0.1:51874]
17:55:17.870 [main] DEBUG net.thucydides.core.steps.StepInterceptor - STEP DONE: validateOnLoginPage
  &amp#27;[32mGiven &amp#27;[0m&amp#27;[32mI am on the login page&amp#27;[0m       &amp#27;[90m# starter.stepdefinitions.LoginSteps.iAmOnTheLoginPage()&amp#27;[0m
17:55:17.884 [Forwarding screenshot on session b4221a3ac1efaf7f7865909cc9557594 to remote] DEBUG org.asynchttpclient.netty.request.NettyRequestSender - Using pooled Channel '[id: 0xac6608a4, L:/127.0.0.1:58495 - R:localhost/127.0.0.1:51874]' for 'GET' to 'http://localhost:51874/session/b4221a3ac1efaf7f7865909cc9557594/screenshot'
17:55:17.884 [Forwarding screenshot on session b4221a3ac1efaf7f7865909cc9557594 to remote] DEBUG org.asynchttpclient.netty.request.NettyRequestSender - Using open Channel [id: 0xac6608a4, L:/127.0.0.1:58495 - R:localhost/127.0.0.1:51874] for GET '/session/b4221a3ac1efaf7f7865909cc9557594/screenshot'
17:55:18.053 [AsyncHttpClient-1-16] DEBUG org.asynchttpclient.netty.handler.HttpHandler - 

Request DefaultFullHttpRequest(decodeResult: success, version: HTTP/1.1, content: EmptyByteBufBE)
GET /session/b4221a3ac1efaf7f7865909cc9557594/screenshot HTTP/1.1
User-Agent: selenium/4.1.2 (java windows)
Cache-Control: no-cache
Content-Type: application/json; charset=utf-8
host: localhost:51874
accept: */*

Response DefaultHttpResponse(decodeResult: success, version: HTTP/1.1)
HTTP/1.1 200 OK
Content-Type: application/json; charset=utf-8
cache-control: no-cache
content-length: 32228

17:55:18.054 [AsyncHttpClient-1-16] DEBUG org.asynchttpclient.netty.channel.ChannelManager - Adding key: http://localhost:51874 for channel [id: 0xac6608a4, L:/127.0.0.1:58495 - R:localhost/127.0.0.1:51874]
17:55:18.055 [main] DEBUG net.serenitybdd.core.photography.Darkroom - Send negative for processing for target\site\serenity\4510322e36bb11a6014d8509eafdfeb27c6a3a7394c1f9ef4b696c572e41b18d.png
17:55:18.055 [main] DEBUG net.thucydides.core.steps.StepInterceptor - STARTING STEP: LoginSteps.iInputEmail - inputEmail
17:55:18.058 [Forwarding findElement on session b4221a3ac1efaf7f7865909cc9557594 to remote] DEBUG org.asynchttpclient.netty.request.NettyRequestSender - Using pooled Channel '[id: 0xac6608a4, L:/127.0.0.1:58495 - R:localhost/127.0.0.1:51874]' for 'POST' to 'http://localhost:51874/session/b4221a3ac1efaf7f7865909cc9557594/element'
17:55:18.058 [Forwarding findElement on session b4221a3ac1efaf7f7865909cc9557594 to remote] DEBUG org.asynchttpclient.netty.request.NettyRequestSender - Using open Channel [id: 0xac6608a4, L:/127.0.0.1:58495 - R:localhost/127.0.0.1:51874] for POST '/session/b4221a3ac1efaf7f7865909cc9557594/element'
17:55:18.070 [AsyncHttpClient-1-16] DEBUG org.asynchttpclient.netty.handler.HttpHandler - 

Request DefaultHttpRequest(decodeResult: success, version: HTTP/1.1)
POST /session/b4221a3ac1efaf7f7865909cc9557594/element HTTP/1.1
User-Agent: selenium/4.1.2 (java windows)
Content-Length: 84
Content-Type: application/json; charset=utf-8
host: localhost:51874
accept: */*

Response DefaultHttpResponse(decodeResult: success, version: HTTP/1.1)
HTTP/1.1 200 OK
Content-Type: application/json; charset=utf-8
cache-control: no-cache
content-length: 88

17:55:18.071 [AsyncHttpClient-1-16] DEBUG org.asynchttpclient.netty.channel.ChannelManager - Adding key: http://localhost:51874 for channel [id: 0xac6608a4, L:/127.0.0.1:58495 - R:localhost/127.0.0.1:51874]
17:55:18.072 [Forwarding clearElement on session b4221a3ac1efaf7f7865909cc9557594 to remote] DEBUG org.asynchttpclient.netty.request.NettyRequestSender - Using pooled Channel '[id: 0xac6608a4, L:/127.0.0.1:58495 - R:localhost/127.0.0.1:51874]' for 'POST' to 'http://localhost:51874/session/b4221a3ac1efaf7f7865909cc9557594/element/4f558975-2794-41dc-89f0-245443f567be/clear'
17:55:18.072 [Forwarding clearElement on session b4221a3ac1efaf7f7865909cc9557594 to remote] DEBUG org.asynchttpclient.netty.request.NettyRequestSender - Using open Channel [id: 0xac6608a4, L:/127.0.0.1:58495 - R:localhost/127.0.0.1:51874] for POST '/session/b4221a3ac1efaf7f7865909cc9557594/element/4f558975-2794-41dc-89f0-245443f567be/clear'
17:55:18.108 [AsyncHttpClient-1-16] DEBUG org.asynchttpclient.netty.handler.HttpHandler - 

Request DefaultHttpRequest(decodeResult: success, version: HTTP/1.1)
POST /session/b4221a3ac1efaf7f7865909cc9557594/element/4f558975-2794-41dc-89f0-245443f567be/clear HTTP/1.1
User-Agent: selenium/4.1.2 (java windows)
Content-Length: 50
Content-Type: application/json; charset=utf-8
host: localhost:51874
accept: */*

Response DefaultHttpResponse(decodeResult: success, version: HTTP/1.1)
HTTP/1.1 200 OK
Content-Type: application/json; charset=utf-8
cache-control: no-cache
content-length: 14

17:55:18.108 [AsyncHttpClient-1-16] DEBUG org.asynchttpclient.netty.channel.ChannelManager - Adding key: http://localhost:51874 for channel [id: 0xac6608a4, L:/127.0.0.1:58495 - R:localhost/127.0.0.1:51874]
17:55:18.109 [Forwarding sendKeysToElement on session b4221a3ac1efaf7f7865909cc9557594 to remote] DEBUG org.asynchttpclient.netty.request.NettyRequestSender - Using pooled Channel '[id: 0xac6608a4, L:/127.0.0.1:58495 - R:localhost/127.0.0.1:51874]' for 'POST' to 'http://localhost:51874/session/b4221a3ac1efaf7f7865909cc9557594/element/4f558975-2794-41dc-89f0-245443f567be/value'
17:55:18.109 [Forwarding sendKeysToElement on session b4221a3ac1efaf7f7865909cc9557594 to remote] DEBUG org.asynchttpclient.netty.request.NettyRequestSender - Using open Channel [id: 0xac6608a4, L:/127.0.0.1:58495 - R:localhost/127.0.0.1:51874] for POST '/session/b4221a3ac1efaf7f7865909cc9557594/element/4f558975-2794-41dc-89f0-245443f567be/value'
17:55:18.155 [AsyncHttpClient-1-16] DEBUG org.asynchttpclient.netty.handler.HttpHandler - 

Request DefaultHttpRequest(decodeResult: success, version: HTTP/1.1)
POST /session/b4221a3ac1efaf7f7865909cc9557594/element/4f558975-2794-41dc-89f0-245443f567be/value HTTP/1.1
User-Agent: selenium/4.1.2 (java windows)
Content-Length: 82
Content-Type: application/json; charset=utf-8
host: localhost:51874
accept: */*

Response DefaultHttpResponse(decodeResult: success, version: HTTP/1.1)
HTTP/1.1 200 OK
Content-Type: application/json; charset=utf-8
cache-control: no-cache
content-length: 14

17:55:18.155 [AsyncHttpClient-1-16] DEBUG org.asynchttpclient.netty.channel.ChannelManager - Adding key: http://localhost:51874 for channel [id: 0xac6608a4, L:/127.0.0.1:58495 - R:localhost/127.0.0.1:51874]
17:55:18.163 [Forwarding screenshot on session b4221a3ac1efaf7f7865909cc9557594 to remote] DEBUG org.asynchttpclient.netty.request.NettyRequestSender - Using pooled Channel '[id: 0xac6608a4, L:/127.0.0.1:58495 - R:localhost/127.0.0.1:51874]' for 'GET' to 'http://localhost:51874/session/b4221a3ac1efaf7f7865909cc9557594/screenshot'
17:55:18.163 [Forwarding screenshot on session b4221a3ac1efaf7f7865909cc9557594 to remote] DEBUG org.asynchttpclient.netty.request.NettyRequestSender - Using open Channel [id: 0xac6608a4, L:/127.0.0.1:58495 - R:localhost/127.0.0.1:51874] for GET '/session/b4221a3ac1efaf7f7865909cc9557594/screenshot'
17:55:18.345 [AsyncHttpClient-1-16] DEBUG org.asynchttpclient.netty.handler.HttpHandler - 

Request DefaultFullHttpRequest(decodeResult: success, version: HTTP/1.1, content: EmptyByteBufBE)
GET /session/b4221a3ac1efaf7f7865909cc9557594/screenshot HTTP/1.1
User-Agent: selenium/4.1.2 (java windows)
Cache-Control: no-cache
Content-Type: application/json; charset=utf-8
host: localhost:51874
accept: */*

Response DefaultHttpResponse(decodeResult: success, version: HTTP/1.1)
HTTP/1.1 200 OK
Content-Type: application/json; charset=utf-8
cache-control: no-cache
content-length: 32608

17:55:18.345 [AsyncHttpClient-1-16] DEBUG org.asynchttpclient.netty.channel.ChannelManager - Adding key: http://localhost:51874 for channel [id: 0xac6608a4, L:/127.0.0.1:58495 - R:localhost/127.0.0.1:51874]
17:55:18.347 [main] DEBUG net.serenitybdd.core.photography.Darkroom - Send negative for processing for target\site\serenity\0692a5fc937434e72b74c354c6cd041f8dd2f0f4c838af8df3e35404aa8ac017.png
17:55:18.347 [main] DEBUG net.thucydides.core.steps.StepInterceptor - STEP DONE: inputEmail
  &amp#27;[32mWhen &amp#27;[0m&amp#27;[32mI input &amp#27;[0m&amp#27;[32m&amp#27;[1m""&amp#27;[0m&amp#27;[32m email&amp#27;[0m              &amp#27;[90m# starter.stepdefinitions.LoginSteps.iInputEmail(java.lang.String)&amp#27;[0m
17:55:18.347 [Darkroom Processing Line] DEBUG net.serenitybdd.core.photography.DarkroomProcessingLine - Processing screenshot image in /var/screenshots/screenshot-16731471736712579983
17:55:18.347 [Darkroom Processing Line] DEBUG net.serenitybdd.core.photography.DarkroomProcessingLine - Saving screenshot to target\site\serenity\0692a5fc937434e72b74c354c6cd041f8dd2f0f4c838af8df3e35404aa8ac017.png
17:55:18.366 [main] DEBUG net.thucydides.core.steps.StepInterceptor - STARTING STEP: LoginSteps.iInputPassword - inputPassword
17:55:18.368 [Forwarding findElement on session b4221a3ac1efaf7f7865909cc9557594 to remote] DEBUG org.asynchttpclient.netty.request.NettyRequestSender - Using pooled Channel '[id: 0xac6608a4, L:/127.0.0.1:58495 - R:localhost/127.0.0.1:51874]' for 'POST' to 'http://localhost:51874/session/b4221a3ac1efaf7f7865909cc9557594/element'
17:55:18.368 [Forwarding findElement on session b4221a3ac1efaf7f7865909cc9557594 to remote] DEBUG org.asynchttpclient.netty.request.NettyRequestSender - Using open Channel [id: 0xac6608a4, L:/127.0.0.1:58495 - R:localhost/127.0.0.1:51874] for POST '/session/b4221a3ac1efaf7f7865909cc9557594/element'
17:55:18.381 [AsyncHttpClient-1-16] DEBUG org.asynchttpclient.netty.handler.HttpHandler - 

Request DefaultHttpRequest(decodeResult: success, version: HTTP/1.1)
POST /session/b4221a3ac1efaf7f7865909cc9557594/element HTTP/1.1
User-Agent: selenium/4.1.2 (java windows)
Content-Length: 87
Content-Type: application/json; charset=utf-8
host: localhost:51874
accept: */*

Response DefaultHttpResponse(decodeResult: success, version: HTTP/1.1)
HTTP/1.1 200 OK
Content-Type: application/json; charset=utf-8
cache-control: no-cache
content-length: 88

17:55:18.381 [AsyncHttpClient-1-16] DEBUG org.asynchttpclient.netty.channel.ChannelManager - Adding key: http://localhost:51874 for channel [id: 0xac6608a4, L:/127.0.0.1:58495 - R:localhost/127.0.0.1:51874]
17:55:18.383 [Forwarding clearElement on session b4221a3ac1efaf7f7865909cc9557594 to remote] DEBUG org.asynchttpclient.netty.request.NettyRequestSender - Using pooled Channel '[id: 0xac6608a4, L:/127.0.0.1:58495 - R:localhost/127.0.0.1:51874]' for 'POST' to 'http://localhost:51874/session/b4221a3ac1efaf7f7865909cc9557594/element/cf90c3e0-83fc-4015-be0f-08d0ef988d07/clear'
17:55:18.383 [Forwarding clearElement on session b4221a3ac1efaf7f7865909cc9557594 to remote] DEBUG org.asynchttpclient.netty.request.NettyRequestSender - Using open Channel [id: 0xac6608a4, L:/127.0.0.1:58495 - R:localhost/127.0.0.1:51874] for POST '/session/b4221a3ac1efaf7f7865909cc9557594/element/cf90c3e0-83fc-4015-be0f-08d0ef988d07/clear'
17:55:18.420 [AsyncHttpClient-1-16] DEBUG org.asynchttpclient.netty.handler.HttpHandler - 

Request DefaultHttpRequest(decodeResult: success, version: HTTP/1.1)
POST /session/b4221a3ac1efaf7f7865909cc9557594/element/cf90c3e0-83fc-4015-be0f-08d0ef988d07/clear HTTP/1.1
User-Agent: selenium/4.1.2 (java windows)
Content-Length: 50
Content-Type: application/json; charset=utf-8
host: localhost:51874
accept: */*

Response DefaultHttpResponse(decodeResult: success, version: HTTP/1.1)
HTTP/1.1 200 OK
Content-Type: application/json; charset=utf-8
cache-control: no-cache
content-length: 14

17:55:18.421 [AsyncHttpClient-1-16] DEBUG org.asynchttpclient.netty.channel.ChannelManager - Adding key: http://localhost:51874 for channel [id: 0xac6608a4, L:/127.0.0.1:58495 - R:localhost/127.0.0.1:51874]
17:55:18.421 [AsyncHttpClient-1-1] DEBUG org.asynchttpclient.netty.channel.DefaultChannelPool - Entry count for : http://localhost:58496 : 1
17:55:18.421 [AsyncHttpClient-1-1] DEBUG org.asynchttpclient.netty.channel.DefaultChannelPool - Entry count for : http://localhost:51874 : 1
17:55:18.423 [Forwarding sendKeysToElement on session b4221a3ac1efaf7f7865909cc9557594 to remote] DEBUG org.asynchttpclient.netty.request.NettyRequestSender - Using pooled Channel '[id: 0xac6608a4, L:/127.0.0.1:58495 - R:localhost/127.0.0.1:51874]' for 'POST' to 'http://localhost:51874/session/b4221a3ac1efaf7f7865909cc9557594/element/cf90c3e0-83fc-4015-be0f-08d0ef988d07/value'
17:55:18.423 [Forwarding sendKeysToElement on session b4221a3ac1efaf7f7865909cc9557594 to remote] DEBUG org.asynchttpclient.netty.request.NettyRequestSender - Using open Channel [id: 0xac6608a4, L:/127.0.0.1:58495 - R:localhost/127.0.0.1:51874] for POST '/session/b4221a3ac1efaf7f7865909cc9557594/element/cf90c3e0-83fc-4015-be0f-08d0ef988d07/value'
17:55:18.531 [AsyncHttpClient-1-16] DEBUG org.asynchttpclient.netty.handler.HttpHandler - 

Request DefaultHttpRequest(decodeResult: success, version: HTTP/1.1)
POST /session/b4221a3ac1efaf7f7865909cc9557594/element/cf90c3e0-83fc-4015-be0f-08d0ef988d07/value HTTP/1.1
User-Agent: selenium/4.1.2 (java windows)
Content-Length: 181
Content-Type: application/json; charset=utf-8
host: localhost:51874
accept: */*

Response DefaultHttpResponse(decodeResult: success, version: HTTP/1.1)
HTTP/1.1 200 OK
Content-Type: application/json; charset=utf-8
cache-control: no-cache
content-length: 14

17:55:18.531 [AsyncHttpClient-1-16] DEBUG org.asynchttpclient.netty.channel.ChannelManager - Adding key: http://localhost:51874 for channel [id: 0xac6608a4, L:/127.0.0.1:58495 - R:localhost/127.0.0.1:51874]
17:55:18.539 [Forwarding screenshot on session b4221a3ac1efaf7f7865909cc9557594 to remote] DEBUG org.asynchttpclient.netty.request.NettyRequestSender - Using pooled Channel '[id: 0xac6608a4, L:/127.0.0.1:58495 - R:localhost/127.0.0.1:51874]' for 'GET' to 'http://localhost:51874/session/b4221a3ac1efaf7f7865909cc9557594/screenshot'
17:55:18.539 [Forwarding screenshot on session b4221a3ac1efaf7f7865909cc9557594 to remote] DEBUG org.asynchttpclient.netty.request.NettyRequestSender - Using open Channel [id: 0xac6608a4, L:/127.0.0.1:58495 - R:localhost/127.0.0.1:51874] for GET '/session/b4221a3ac1efaf7f7865909cc9557594/screenshot'
17:55:18.717 [AsyncHttpClient-1-16] DEBUG org.asynchttpclient.netty.handler.HttpHandler - 

Request DefaultFullHttpRequest(decodeResult: success, version: HTTP/1.1, content: EmptyByteBufBE)
GET /session/b4221a3ac1efaf7f7865909cc9557594/screenshot HTTP/1.1
User-Agent: selenium/4.1.2 (java windows)
Cache-Control: no-cache
Content-Type: application/json; charset=utf-8
host: localhost:51874
accept: */*

Response DefaultHttpResponse(decodeResult: success, version: HTTP/1.1)
HTTP/1.1 200 OK
Content-Type: application/json; charset=utf-8
cache-control: no-cache
content-length: 36872

17:55:18.717 [AsyncHttpClient-1-16] DEBUG org.asynchttpclient.netty.channel.ChannelManager - Adding key: http://localhost:51874 for channel [id: 0xac6608a4, L:/127.0.0.1:58495 - R:localhost/127.0.0.1:51874]
17:55:18.719 [main] DEBUG net.serenitybdd.core.photography.Darkroom - Send negative for processing for target\site\serenity\c85b444f23b7728b9596d39c0cae5cd13827ece8079922046acb181d7a0333c7.png
17:55:18.719 [main] DEBUG net.thucydides.core.steps.StepInterceptor - STEP DONE: inputPassword
  &amp#27;[32mAnd &amp#27;[0m&amp#27;[32mI input &amp#27;[0m&amp#27;[32m&amp#27;[1m"Doremi@123"&amp#27;[0m&amp#27;[32m password&amp#27;[0m  &amp#27;[90m# starter.stepdefinitions.LoginSteps.iInputPassword(java.lang.String)&amp#27;[0m
17:55:18.720 [Darkroom Processing Line] DEBUG net.serenitybdd.core.photography.DarkroomProcessingLine - Processing screenshot image in /var/screenshots/screenshot-5557308532971832469
17:55:18.720 [Darkroom Processing Line] DEBUG net.serenitybdd.core.photography.DarkroomProcessingLine - Saving screenshot to target\site\serenity\c85b444f23b7728b9596d39c0cae5cd13827ece8079922046acb181d7a0333c7.png
17:55:18.736 [main] DEBUG net.thucydides.core.steps.StepInterceptor - STARTING STEP: LoginSteps.iClickLoginButton - clickLoginButton
17:55:18.739 [Forwarding findElement on session b4221a3ac1efaf7f7865909cc9557594 to remote] DEBUG org.asynchttpclient.netty.request.NettyRequestSender - Using pooled Channel '[id: 0xac6608a4, L:/127.0.0.1:58495 - R:localhost/127.0.0.1:51874]' for 'POST' to 'http://localhost:51874/session/b4221a3ac1efaf7f7865909cc9557594/element'
17:55:18.739 [Forwarding findElement on session b4221a3ac1efaf7f7865909cc9557594 to remote] DEBUG org.asynchttpclient.netty.request.NettyRequestSender - Using open Channel [id: 0xac6608a4, L:/127.0.0.1:58495 - R:localhost/127.0.0.1:51874] for POST '/session/b4221a3ac1efaf7f7865909cc9557594/element'
17:55:18.749 [AsyncHttpClient-1-16] DEBUG org.asynchttpclient.netty.handler.HttpHandler - 

Request DefaultHttpRequest(decodeResult: success, version: HTTP/1.1)
POST /session/b4221a3ac1efaf7f7865909cc9557594/element HTTP/1.1
User-Agent: selenium/4.1.2 (java windows)
Content-Length: 92
Content-Type: application/json; charset=utf-8
host: localhost:51874
accept: */*

Response DefaultHttpResponse(decodeResult: success, version: HTTP/1.1)
HTTP/1.1 200 OK
Content-Type: application/json; charset=utf-8
cache-control: no-cache
content-length: 88

17:55:18.749 [AsyncHttpClient-1-16] DEBUG org.asynchttpclient.netty.channel.ChannelManager - Adding key: http://localhost:51874 for channel [id: 0xac6608a4, L:/127.0.0.1:58495 - R:localhost/127.0.0.1:51874]
17:55:18.751 [Forwarding getElementTagName on session b4221a3ac1efaf7f7865909cc9557594 to remote] DEBUG org.asynchttpclient.netty.request.NettyRequestSender - Using pooled Channel '[id: 0xac6608a4, L:/127.0.0.1:58495 - R:localhost/127.0.0.1:51874]' for 'GET' to 'http://localhost:51874/session/b4221a3ac1efaf7f7865909cc9557594/element/08e9375d-542b-4f60-8533-51cc46dc36e4/name'
17:55:18.751 [Forwarding getElementTagName on session b4221a3ac1efaf7f7865909cc9557594 to remote] DEBUG org.asynchttpclient.netty.request.NettyRequestSender - Using open Channel [id: 0xac6608a4, L:/127.0.0.1:58495 - R:localhost/127.0.0.1:51874] for GET '/session/b4221a3ac1efaf7f7865909cc9557594/element/08e9375d-542b-4f60-8533-51cc46dc36e4/name'
17:55:18.761 [AsyncHttpClient-1-16] DEBUG org.asynchttpclient.netty.handler.HttpHandler - 

Request DefaultFullHttpRequest(decodeResult: success, version: HTTP/1.1, content: EmptyByteBufBE)
GET /session/b4221a3ac1efaf7f7865909cc9557594/element/08e9375d-542b-4f60-8533-51cc46dc36e4/name HTTP/1.1
User-Agent: selenium/4.1.2 (java windows)
Cache-Control: no-cache
Content-Type: application/json; charset=utf-8
host: localhost:51874
accept: */*

Response DefaultHttpResponse(decodeResult: success, version: HTTP/1.1)
HTTP/1.1 200 OK
Content-Type: application/json; charset=utf-8
cache-control: no-cache
content-length: 18

17:55:18.761 [AsyncHttpClient-1-16] DEBUG org.asynchttpclient.netty.channel.ChannelManager - Adding key: http://localhost:51874 for channel [id: 0xac6608a4, L:/127.0.0.1:58495 - R:localhost/127.0.0.1:51874]
17:55:18.763 [Forwarding getElementTagName on session b4221a3ac1efaf7f7865909cc9557594 to remote] DEBUG org.asynchttpclient.netty.request.NettyRequestSender - Using pooled Channel '[id: 0xac6608a4, L:/127.0.0.1:58495 - R:localhost/127.0.0.1:51874]' for 'GET' to 'http://localhost:51874/session/b4221a3ac1efaf7f7865909cc9557594/element/08e9375d-542b-4f60-8533-51cc46dc36e4/name'
17:55:18.763 [Forwarding getElementTagName on session b4221a3ac1efaf7f7865909cc9557594 to remote] DEBUG org.asynchttpclient.netty.request.NettyRequestSender - Using open Channel [id: 0xac6608a4, L:/127.0.0.1:58495 - R:localhost/127.0.0.1:51874] for GET '/session/b4221a3ac1efaf7f7865909cc9557594/element/08e9375d-542b-4f60-8533-51cc46dc36e4/name'
17:55:18.768 [AsyncHttpClient-1-16] DEBUG org.asynchttpclient.netty.handler.HttpHandler - 

Request DefaultFullHttpRequest(decodeResult: success, version: HTTP/1.1, content: EmptyByteBufBE)
GET /session/b4221a3ac1efaf7f7865909cc9557594/element/08e9375d-542b-4f60-8533-51cc46dc36e4/name HTTP/1.1
User-Agent: selenium/4.1.2 (java windows)
Cache-Control: no-cache
Content-Type: application/json; charset=utf-8
host: localhost:51874
accept: */*

Response DefaultHttpResponse(decodeResult: success, version: HTTP/1.1)
HTTP/1.1 200 OK
Content-Type: application/json; charset=utf-8
cache-control: no-cache
content-length: 18

17:55:18.768 [AsyncHttpClient-1-16] DEBUG org.asynchttpclient.netty.channel.ChannelManager - Adding key: http://localhost:51874 for channel [id: 0xac6608a4, L:/127.0.0.1:58495 - R:localhost/127.0.0.1:51874]
17:55:18.772 [Forwarding isElementEnabled on session b4221a3ac1efaf7f7865909cc9557594 to remote] DEBUG org.asynchttpclient.netty.request.NettyRequestSender - Using pooled Channel '[id: 0xac6608a4, L:/127.0.0.1:58495 - R:localhost/127.0.0.1:51874]' for 'GET' to 'http://localhost:51874/session/b4221a3ac1efaf7f7865909cc9557594/element/08e9375d-542b-4f60-8533-51cc46dc36e4/enabled'
17:55:18.772 [Forwarding isElementEnabled on session b4221a3ac1efaf7f7865909cc9557594 to remote] DEBUG org.asynchttpclient.netty.request.NettyRequestSender - Using open Channel [id: 0xac6608a4, L:/127.0.0.1:58495 - R:localhost/127.0.0.1:51874] for GET '/session/b4221a3ac1efaf7f7865909cc9557594/element/08e9375d-542b-4f60-8533-51cc46dc36e4/enabled'
17:55:18.785 [AsyncHttpClient-1-16] DEBUG org.asynchttpclient.netty.handler.HttpHandler - 

Request DefaultFullHttpRequest(decodeResult: success, version: HTTP/1.1, content: EmptyByteBufBE)
GET /session/b4221a3ac1efaf7f7865909cc9557594/element/08e9375d-542b-4f60-8533-51cc46dc36e4/enabled HTTP/1.1
User-Agent: selenium/4.1.2 (java windows)
Cache-Control: no-cache
Content-Type: application/json; charset=utf-8
host: localhost:51874
accept: */*

Response DefaultHttpResponse(decodeResult: success, version: HTTP/1.1)
HTTP/1.1 200 OK
Content-Type: application/json; charset=utf-8
cache-control: no-cache
content-length: 14

17:55:18.785 [AsyncHttpClient-1-16] DEBUG org.asynchttpclient.netty.channel.ChannelManager - Adding key: http://localhost:51874 for channel [id: 0xac6608a4, L:/127.0.0.1:58495 - R:localhost/127.0.0.1:51874]
17:55:18.787 [Forwarding isElementEnabled on session b4221a3ac1efaf7f7865909cc9557594 to remote] DEBUG org.asynchttpclient.netty.request.NettyRequestSender - Using pooled Channel '[id: 0xac6608a4, L:/127.0.0.1:58495 - R:localhost/127.0.0.1:51874]' for 'GET' to 'http://localhost:51874/session/b4221a3ac1efaf7f7865909cc9557594/element/08e9375d-542b-4f60-8533-51cc46dc36e4/enabled'
17:55:18.788 [Forwarding isElementEnabled on session b4221a3ac1efaf7f7865909cc9557594 to remote] DEBUG org.asynchttpclient.netty.request.NettyRequestSender - Using open Channel [id: 0xac6608a4, L:/127.0.0.1:58495 - R:localhost/127.0.0.1:51874] for GET '/session/b4221a3ac1efaf7f7865909cc9557594/element/08e9375d-542b-4f60-8533-51cc46dc36e4/enabled'
17:55:18.799 [AsyncHttpClient-1-16] DEBUG org.asynchttpclient.netty.handler.HttpHandler - 

Request DefaultFullHttpRequest(decodeResult: success, version: HTTP/1.1, content: EmptyByteBufBE)
GET /session/b4221a3ac1efaf7f7865909cc9557594/element/08e9375d-542b-4f60-8533-51cc46dc36e4/enabled HTTP/1.1
User-Agent: selenium/4.1.2 (java windows)
Cache-Control: no-cache
Content-Type: application/json; charset=utf-8
host: localhost:51874
accept: */*

Response DefaultHttpResponse(decodeResult: success, version: HTTP/1.1)
HTTP/1.1 200 OK
Content-Type: application/json; charset=utf-8
cache-control: no-cache
content-length: 14

17:55:18.799 [AsyncHttpClient-1-16] DEBUG org.asynchttpclient.netty.channel.ChannelManager - Adding key: http://localhost:51874 for channel [id: 0xac6608a4, L:/127.0.0.1:58495 - R:localhost/127.0.0.1:51874]
17:55:18.801 [Forwarding findElement on session b4221a3ac1efaf7f7865909cc9557594 to remote] DEBUG org.asynchttpclient.netty.request.NettyRequestSender - Using pooled Channel '[id: 0xac6608a4, L:/127.0.0.1:58495 - R:localhost/127.0.0.1:51874]' for 'POST' to 'http://localhost:51874/session/b4221a3ac1efaf7f7865909cc9557594/element'
17:55:18.801 [Forwarding findElement on session b4221a3ac1efaf7f7865909cc9557594 to remote] DEBUG org.asynchttpclient.netty.request.NettyRequestSender - Using open Channel [id: 0xac6608a4, L:/127.0.0.1:58495 - R:localhost/127.0.0.1:51874] for POST '/session/b4221a3ac1efaf7f7865909cc9557594/element'
17:55:18.812 [AsyncHttpClient-1-16] DEBUG org.asynchttpclient.netty.handler.HttpHandler - 

Request DefaultHttpRequest(decodeResult: success, version: HTTP/1.1)
POST /session/b4221a3ac1efaf7f7865909cc9557594/element HTTP/1.1
User-Agent: selenium/4.1.2 (java windows)
Content-Length: 92
Content-Type: application/json; charset=utf-8
host: localhost:51874
accept: */*

Response DefaultHttpResponse(decodeResult: success, version: HTTP/1.1)
HTTP/1.1 200 OK
Content-Type: application/json; charset=utf-8
cache-control: no-cache
content-length: 88

17:55:18.812 [AsyncHttpClient-1-16] DEBUG org.asynchttpclient.netty.channel.ChannelManager - Adding key: http://localhost:51874 for channel [id: 0xac6608a4, L:/127.0.0.1:58495 - R:localhost/127.0.0.1:51874]
17:55:18.813 [Forwarding clickElement on session b4221a3ac1efaf7f7865909cc9557594 to remote] DEBUG org.asynchttpclient.netty.request.NettyRequestSender - Using pooled Channel '[id: 0xac6608a4, L:/127.0.0.1:58495 - R:localhost/127.0.0.1:51874]' for 'POST' to 'http://localhost:51874/session/b4221a3ac1efaf7f7865909cc9557594/element/08e9375d-542b-4f60-8533-51cc46dc36e4/click'
17:55:18.813 [Forwarding clickElement on session b4221a3ac1efaf7f7865909cc9557594 to remote] DEBUG org.asynchttpclient.netty.request.NettyRequestSender - Using open Channel [id: 0xac6608a4, L:/127.0.0.1:58495 - R:localhost/127.0.0.1:51874] for POST '/session/b4221a3ac1efaf7f7865909cc9557594/element/08e9375d-542b-4f60-8533-51cc46dc36e4/click'
17:55:18.876 [AsyncHttpClient-1-16] DEBUG org.asynchttpclient.netty.handler.HttpHandler - 

Request DefaultHttpRequest(decodeResult: success, version: HTTP/1.1)
POST /session/b4221a3ac1efaf7f7865909cc9557594/element/08e9375d-542b-4f60-8533-51cc46dc36e4/click HTTP/1.1
User-Agent: selenium/4.1.2 (java windows)
Content-Length: 50
Content-Type: application/json; charset=utf-8
host: localhost:51874
accept: */*

Response DefaultHttpResponse(decodeResult: success, version: HTTP/1.1)
HTTP/1.1 200 OK
Content-Type: application/json; charset=utf-8
cache-control: no-cache
content-length: 14

17:55:18.876 [AsyncHttpClient-1-16] DEBUG org.asynchttpclient.netty.channel.ChannelManager - Adding key: http://localhost:51874 for channel [id: 0xac6608a4, L:/127.0.0.1:58495 - R:localhost/127.0.0.1:51874]
17:55:18.882 [Forwarding screenshot on session b4221a3ac1efaf7f7865909cc9557594 to remote] DEBUG org.asynchttpclient.netty.request.NettyRequestSender - Using pooled Channel '[id: 0xac6608a4, L:/127.0.0.1:58495 - R:localhost/127.0.0.1:51874]' for 'GET' to 'http://localhost:51874/session/b4221a3ac1efaf7f7865909cc9557594/screenshot'
17:55:18.882 [Forwarding screenshot on session b4221a3ac1efaf7f7865909cc9557594 to remote] DEBUG org.asynchttpclient.netty.request.NettyRequestSender - Using open Channel [id: 0xac6608a4, L:/127.0.0.1:58495 - R:localhost/127.0.0.1:51874] for GET '/session/b4221a3ac1efaf7f7865909cc9557594/screenshot'
17:55:19.036 [AsyncHttpClient-1-16] DEBUG org.asynchttpclient.netty.handler.HttpHandler - 

Request DefaultFullHttpRequest(decodeResult: success, version: HTTP/1.1, content: EmptyByteBufBE)
GET /session/b4221a3ac1efaf7f7865909cc9557594/screenshot HTTP/1.1
User-Agent: selenium/4.1.2 (java windows)
Cache-Control: no-cache
Content-Type: application/json; charset=utf-8
host: localhost:51874
accept: */*

Response DefaultHttpResponse(decodeResult: success, version: HTTP/1.1)
HTTP/1.1 200 OK
Content-Type: application/json; charset=utf-8
cache-control: no-cache
content-length: 35728

17:55:19.036 [AsyncHttpClient-1-16] DEBUG org.asynchttpclient.netty.channel.ChannelManager - Adding key: http://localhost:51874 for channel [id: 0xac6608a4, L:/127.0.0.1:58495 - R:localhost/127.0.0.1:51874]
17:55:19.039 [main] DEBUG net.serenitybdd.core.photography.Darkroom - Send negative for processing for target\site\serenity\aada4accc55d9042c1b8cb197fa59a178b11a0ead57d39a132fb30d0c17d399a.png
17:55:19.039 [main] DEBUG net.thucydides.core.steps.StepInterceptor - STEP DONE: clickLoginButton
  &amp#27;[32mAnd &amp#27;[0m&amp#27;[32mI click login button&amp#27;[0m           &amp#27;[90m# starter.stepdefinitions.LoginSteps.iClickLoginButton()&amp#27;[0m
17:55:19.040 [Darkroom Processing Line] DEBUG net.serenitybdd.core.photography.DarkroomProcessingLine - Processing screenshot image in /var/screenshots/screenshot-6144470131704421836
17:55:19.040 [Darkroom Processing Line] DEBUG net.serenitybdd.core.photography.DarkroomProcessingLine - Saving screenshot to target\site\serenity\aada4accc55d9042c1b8cb197fa59a178b11a0ead57d39a132fb30d0c17d399a.png
17:55:19.060 [main] DEBUG net.thucydides.core.steps.StepInterceptor - STARTING STEP: LoginSteps.iGetThe - errorMessageAppears
17:55:19.063 [Forwarding findElement on session b4221a3ac1efaf7f7865909cc9557594 to remote] DEBUG org.asynchttpclient.netty.request.NettyRequestSender - Using pooled Channel '[id: 0xac6608a4, L:/127.0.0.1:58495 - R:localhost/127.0.0.1:51874]' for 'POST' to 'http://localhost:51874/session/b4221a3ac1efaf7f7865909cc9557594/element'
17:55:19.063 [Forwarding findElement on session b4221a3ac1efaf7f7865909cc9557594 to remote] DEBUG org.asynchttpclient.netty.request.NettyRequestSender - Using open Channel [id: 0xac6608a4, L:/127.0.0.1:58495 - R:localhost/127.0.0.1:51874] for POST '/session/b4221a3ac1efaf7f7865909cc9557594/element'
17:55:19.066 [AsyncHttpClient-1-16] DEBUG org.asynchttpclient.netty.handler.HttpHandler - 

Request DefaultHttpRequest(decodeResult: success, version: HTTP/1.1)
POST /session/b4221a3ac1efaf7f7865909cc9557594/element HTTP/1.1
User-Agent: selenium/4.1.2 (java windows)
Content-Length: 53
Content-Type: application/json; charset=utf-8
host: localhost:51874
accept: */*

Response DefaultHttpResponse(decodeResult: success, version: HTTP/1.1)
HTTP/1.1 400 Bad Request
Content-Type: application/json; charset=utf-8
cache-control: no-cache
content-length: 957

17:55:19.067 [AsyncHttpClient-1-16] DEBUG org.asynchttpclient.netty.channel.ChannelManager - Adding key: http://localhost:51874 for channel [id: 0xac6608a4, L:/127.0.0.1:58495 - R:localhost/127.0.0.1:51874]
17:55:19.068 [Forwarding findElement on session b4221a3ac1efaf7f7865909cc9557594 to remote] DEBUG org.asynchttpclient.netty.request.NettyRequestSender - Using pooled Channel '[id: 0xac6608a4, L:/127.0.0.1:58495 - R:localhost/127.0.0.1:51874]' for 'POST' to 'http://localhost:51874/session/b4221a3ac1efaf7f7865909cc9557594/element'
17:55:19.068 [Forwarding findElement on session b4221a3ac1efaf7f7865909cc9557594 to remote] DEBUG org.asynchttpclient.netty.request.NettyRequestSender - Using open Channel [id: 0xac6608a4, L:/127.0.0.1:58495 - R:localhost/127.0.0.1:51874] for POST '/session/b4221a3ac1efaf7f7865909cc9557594/element'
17:55:19.152 [AsyncHttpClient-1-16] DEBUG org.asynchttpclient.netty.handler.HttpHandler - 

Request DefaultHttpRequest(decodeResult: success, version: HTTP/1.1)
POST /session/b4221a3ac1efaf7f7865909cc9557594/element HTTP/1.1
User-Agent: selenium/4.1.2 (java windows)
Content-Length: 63
Content-Type: application/json; charset=utf-8
host: localhost:51874
accept: */*

Response DefaultHttpResponse(decodeResult: success, version: HTTP/1.1)
HTTP/1.1 200 OK
Content-Type: application/json; charset=utf-8
cache-control: no-cache
content-length: 88

17:55:19.152 [AsyncHttpClient-1-16] DEBUG org.asynchttpclient.netty.channel.ChannelManager - Adding key: http://localhost:51874 for channel [id: 0xac6608a4, L:/127.0.0.1:58495 - R:localhost/127.0.0.1:51874]
17:55:19.156 [Forwarding isElementDisplayed on session b4221a3ac1efaf7f7865909cc9557594 to remote] DEBUG org.asynchttpclient.netty.request.NettyRequestSender - Using pooled Channel '[id: 0xac6608a4, L:/127.0.0.1:58495 - R:localhost/127.0.0.1:51874]' for 'POST' to 'http://localhost:51874/session/b4221a3ac1efaf7f7865909cc9557594/execute/sync'
17:55:19.156 [Forwarding isElementDisplayed on session b4221a3ac1efaf7f7865909cc9557594 to remote] DEBUG org.asynchttpclient.netty.request.NettyRequestSender - Using open Channel [id: 0xac6608a4, L:/127.0.0.1:58495 - R:localhost/127.0.0.1:51874] for POST '/session/b4221a3ac1efaf7f7865909cc9557594/execute/sync'
17:55:19.174 [AsyncHttpClient-1-16] DEBUG org.asynchttpclient.netty.handler.HttpHandler - 

Request DefaultHttpRequest(decodeResult: success, version: HTTP/1.1)
POST /session/b4221a3ac1efaf7f7865909cc9557594/execute/sync HTTP/1.1
User-Agent: selenium/4.1.2 (java windows)
Content-Length: 48780
Content-Type: application/json; charset=utf-8
host: localhost:51874
accept: */*

Response DefaultHttpResponse(decodeResult: success, version: HTTP/1.1)
HTTP/1.1 200 OK
Content-Type: application/json; charset=utf-8
cache-control: no-cache
content-length: 14

17:55:19.174 [AsyncHttpClient-1-16] DEBUG org.asynchttpclient.netty.channel.ChannelManager - Adding key: http://localhost:51874 for channel [id: 0xac6608a4, L:/127.0.0.1:58495 - R:localhost/127.0.0.1:51874]
17:55:19.180 [Forwarding screenshot on session b4221a3ac1efaf7f7865909cc9557594 to remote] DEBUG org.asynchttpclient.netty.request.NettyRequestSender - Using pooled Channel '[id: 0xac6608a4, L:/127.0.0.1:58495 - R:localhost/127.0.0.1:51874]' for 'GET' to 'http://localhost:51874/session/b4221a3ac1efaf7f7865909cc9557594/screenshot'
17:55:19.180 [Forwarding screenshot on session b4221a3ac1efaf7f7865909cc9557594 to remote] DEBUG org.asynchttpclient.netty.request.NettyRequestSender - Using open Channel [id: 0xac6608a4, L:/127.0.0.1:58495 - R:localhost/127.0.0.1:51874] for GET '/session/b4221a3ac1efaf7f7865909cc9557594/screenshot'
17:55:19.465 [AsyncHttpClient-1-16] DEBUG org.asynchttpclient.netty.handler.HttpHandler - 

Request DefaultFullHttpRequest(decodeResult: success, version: HTTP/1.1, content: EmptyByteBufBE)
GET /session/b4221a3ac1efaf7f7865909cc9557594/screenshot HTTP/1.1
User-Agent: selenium/4.1.2 (java windows)
Cache-Control: no-cache
Content-Type: application/json; charset=utf-8
host: localhost:51874
accept: */*

Response DefaultHttpResponse(decodeResult: success, version: HTTP/1.1)
HTTP/1.1 200 OK
Content-Type: application/json; charset=utf-8
cache-control: no-cache
content-length: 40876

17:55:19.465 [AsyncHttpClient-1-16] DEBUG org.asynchttpclient.netty.channel.ChannelManager - Adding key: http://localhost:51874 for channel [id: 0xac6608a4, L:/127.0.0.1:58495 - R:localhost/127.0.0.1:51874]
17:55:19.467 [main] DEBUG net.serenitybdd.core.photography.Darkroom - Send negative for processing for target\site\serenity\0ed494667d0b47ed23ae806958985eb54e93d7ac3b451d8c8a451437f28ce3c1.png
17:55:19.467 [main] DEBUG net.thucydides.core.steps.StepInterceptor - STEP DONE: errorMessageAppears
17:55:19.468 [Darkroom Processing Line] DEBUG net.serenitybdd.core.photography.DarkroomProcessingLine - Processing screenshot image in /var/screenshots/screenshot-1833055043889090135
17:55:19.468 [Darkroom Processing Line] DEBUG net.serenitybdd.core.photography.DarkroomProcessingLine - Saving screenshot to target\site\serenity\0ed494667d0b47ed23ae806958985eb54e93d7ac3b451d8c8a451437f28ce3c1.png
17:55:19.476 [main] DEBUG net.thucydides.core.steps.StepInterceptor - STARTING STEP: LoginSteps.iGetThe - errorMessageEqual
17:55:19.478 [Forwarding findElement on session b4221a3ac1efaf7f7865909cc9557594 to remote] DEBUG org.asynchttpclient.netty.request.NettyRequestSender - Using pooled Channel '[id: 0xac6608a4, L:/127.0.0.1:58495 - R:localhost/127.0.0.1:51874]' for 'POST' to 'http://localhost:51874/session/b4221a3ac1efaf7f7865909cc9557594/element'
17:55:19.478 [Forwarding findElement on session b4221a3ac1efaf7f7865909cc9557594 to remote] DEBUG org.asynchttpclient.netty.request.NettyRequestSender - Using open Channel [id: 0xac6608a4, L:/127.0.0.1:58495 - R:localhost/127.0.0.1:51874] for POST '/session/b4221a3ac1efaf7f7865909cc9557594/element'
17:55:19.486 [AsyncHttpClient-1-16] DEBUG org.asynchttpclient.netty.handler.HttpHandler - 

Request DefaultHttpRequest(decodeResult: success, version: HTTP/1.1)
POST /session/b4221a3ac1efaf7f7865909cc9557594/element HTTP/1.1
User-Agent: selenium/4.1.2 (java windows)
Content-Length: 63
Content-Type: application/json; charset=utf-8
host: localhost:51874
accept: */*

Response DefaultHttpResponse(decodeResult: success, version: HTTP/1.1)
HTTP/1.1 200 OK
Content-Type: application/json; charset=utf-8
cache-control: no-cache
content-length: 88

17:55:19.487 [AsyncHttpClient-1-16] DEBUG org.asynchttpclient.netty.channel.ChannelManager - Adding key: http://localhost:51874 for channel [id: 0xac6608a4, L:/127.0.0.1:58495 - R:localhost/127.0.0.1:51874]
17:55:19.488 [Forwarding getElementText on session b4221a3ac1efaf7f7865909cc9557594 to remote] DEBUG org.asynchttpclient.netty.request.NettyRequestSender - Using pooled Channel '[id: 0xac6608a4, L:/127.0.0.1:58495 - R:localhost/127.0.0.1:51874]' for 'GET' to 'http://localhost:51874/session/b4221a3ac1efaf7f7865909cc9557594/element/1ee2dea9-5d5f-48cd-bf96-af7f8cde3a0a/text'
17:55:19.488 [Forwarding getElementText on session b4221a3ac1efaf7f7865909cc9557594 to remote] DEBUG org.asynchttpclient.netty.request.NettyRequestSender - Using open Channel [id: 0xac6608a4, L:/127.0.0.1:58495 - R:localhost/127.0.0.1:51874] for GET '/session/b4221a3ac1efaf7f7865909cc9557594/element/1ee2dea9-5d5f-48cd-bf96-af7f8cde3a0a/text'
17:55:19.506 [AsyncHttpClient-1-16] DEBUG org.asynchttpclient.netty.handler.HttpHandler - 

Request DefaultFullHttpRequest(decodeResult: success, version: HTTP/1.1, content: EmptyByteBufBE)
GET /session/b4221a3ac1efaf7f7865909cc9557594/element/1ee2dea9-5d5f-48cd-bf96-af7f8cde3a0a/text HTTP/1.1
User-Agent: selenium/4.1.2 (java windows)
Cache-Control: no-cache
Content-Type: application/json; charset=utf-8
host: localhost:51874
accept: */*

Response DefaultHttpResponse(decodeResult: success, version: HTTP/1.1)
HTTP/1.1 200 OK
Content-Type: application/json; charset=utf-8
cache-control: no-cache
content-length: 29

17:55:19.506 [AsyncHttpClient-1-16] DEBUG org.asynchttpclient.netty.channel.ChannelManager - Adding key: http://localhost:51874 for channel [id: 0xac6608a4, L:/127.0.0.1:58495 - R:localhost/127.0.0.1:51874]
17:55:19.509 [main] DEBUG net.thucydides.core.steps.StepInterceptor - STEP DONE: errorMessageEqual
  &amp#27;[32mThen &amp#27;[0m&amp#27;[32mI get the &amp#27;[0m&amp#27;[32m&amp#27;[1m"email is required"&amp#27;[0m &amp#27;[90m# starter.stepdefinitions.LoginSteps.iGetThe(java.lang.String)&amp#27;[0m
17:55:19.518 [Forwarding screenshot on session b4221a3ac1efaf7f7865909cc9557594 to remote] DEBUG org.asynchttpclient.netty.request.NettyRequestSender - Using pooled Channel '[id: 0xac6608a4, L:/127.0.0.1:58495 - R:localhost/127.0.0.1:51874]' for 'GET' to 'http://localhost:51874/session/b4221a3ac1efaf7f7865909cc9557594/screenshot'
17:55:19.518 [AsyncHttpClient-1-1] DEBUG org.asynchttpclient.netty.channel.DefaultChannelPool - Entry count for : http://localhost:58496 : 1
17:55:19.518 [Forwarding screenshot on session b4221a3ac1efaf7f7865909cc9557594 to remote] DEBUG org.asynchttpclient.netty.request.NettyRequestSender - Using open Channel [id: 0xac6608a4, L:/127.0.0.1:58495 - R:localhost/127.0.0.1:51874] for GET '/session/b4221a3ac1efaf7f7865909cc9557594/screenshot'
17:55:19.676 [AsyncHttpClient-1-16] DEBUG org.asynchttpclient.netty.handler.HttpHandler - 

Request DefaultFullHttpRequest(decodeResult: success, version: HTTP/1.1, content: EmptyByteBufBE)
GET /session/b4221a3ac1efaf7f7865909cc9557594/screenshot HTTP/1.1
User-Agent: selenium/4.1.2 (java windows)
Cache-Control: no-cache
Content-Type: application/json; charset=utf-8
host: localhost:51874
accept: */*

Response DefaultHttpResponse(decodeResult: success, version: HTTP/1.1)
HTTP/1.1 200 OK
Content-Type: application/json; charset=utf-8
cache-control: no-cache
content-length: 40884

17:55:19.676 [AsyncHttpClient-1-16] DEBUG org.asynchttpclient.netty.channel.ChannelManager - Adding key: http://localhost:51874 for channel [id: 0xac6608a4, L:/127.0.0.1:58495 - R:localhost/127.0.0.1:51874]
17:55:19.677 [main] DEBUG net.serenitybdd.core.photography.Darkroom - Send negative for processing for target\site\serenity\046a1c9273e276663bee78b3ae8ac670207591e2544b05f66563d0f9e01ffafa.png
17:55:19.677 [Darkroom Processing Line] DEBUG net.serenitybdd.core.photography.DarkroomProcessingLine - Processing screenshot image in /var/screenshots/screenshot-6849915942212190555
17:55:19.678 [Darkroom Processing Line] DEBUG net.serenitybdd.core.photography.DarkroomProcessingLine - Saving screenshot to target\site\serenity\046a1c9273e276663bee78b3ae8ac670207591e2544b05f66563d0f9e01ffafa.png
17:55:19.679 [AsyncHttpClient-1-2] DEBUG org.asynchttpclient.netty.handler.WebSocketHandler - Channel Closed: [id: 0x1bcecad6, L:/127.0.0.1:58504 ! R:localhost/127.0.0.1:58496] with attribute NettyResponseFuture{currentRetry=5,
	isDone=1,
	isCancelled=0,
	asyncHandler=org.asynchttpclient.ws.WebSocketUpgradeHandler@6585a3c1,
	nettyRequest=org.asynchttpclient.netty.request.NettyRequest@531dd12e,
	future=java.util.concurrent.CompletableFuture@35f58a0c[Completed normally],
	uri=ws://localhost:58496/devtools/browser/daac2751-bdf9-43df-9395-f7ae6d2a4edd,
	keepAlive=true,
	redirectCount=0,
	timeoutsHolder=null,
	inAuth=0,
	touch=1652784915862}
17:55:19.679 [AsyncHttpClient-1-2] DEBUG org.asynchttpclient.netty.channel.ChannelManager - Closing Channel [id: 0x1bcecad6, L:/127.0.0.1:58504 ! R:localhost/127.0.0.1:58496] 
17:55:19.679 [Driver Command Executor] DEBUG org.asynchttpclient.netty.request.NettyRequestSender - Using pooled Channel '[id: 0xac6608a4, L:/127.0.0.1:58495 - R:localhost/127.0.0.1:51874]' for 'DELETE' to 'http://localhost:51874/session/b4221a3ac1efaf7f7865909cc9557594'
17:55:19.679 [Driver Command Executor] DEBUG org.asynchttpclient.netty.request.NettyRequestSender - Using open Channel [id: 0xac6608a4, L:/127.0.0.1:58495 - R:localhost/127.0.0.1:51874] for DELETE '/session/b4221a3ac1efaf7f7865909cc9557594'
17:55:19.706 [AsyncHttpClient-1-17] DEBUG org.asynchttpclient.netty.handler.HttpHandler - Unexpected I/O exception on channel [id: 0x036a1fd8, L:/127.0.0.1:58503 - R:localhost/127.0.0.1:58496]
java.net.SocketException: Connection reset
	at java.base/sun.nio.ch.SocketChannelImpl.throwConnectionReset(SocketChannelImpl.java:367)
	at java.base/sun.nio.ch.SocketChannelImpl.read(SocketChannelImpl.java:398)
	at io.netty.buffer.PooledByteBuf.setBytes(PooledByteBuf.java:258)
	at io.netty.buffer.AbstractByteBuf.writeBytes(AbstractByteBuf.java:1132)
	at io.netty.channel.socket.nio.NioSocketChannel.doReadBytes(NioSocketChannel.java:350)
	at io.netty.channel.nio.AbstractNioByteChannel$NioByteUnsafe.read(AbstractNioByteChannel.java:151)
	at io.netty.channel.nio.NioEventLoop.processSelectedKey(NioEventLoop.java:722)
	at io.netty.channel.nio.NioEventLoop.processSelectedKeysOptimized(NioEventLoop.java:658)
	at io.netty.channel.nio.NioEventLoop.processSelectedKeys(NioEventLoop.java:584)
	at io.netty.channel.nio.NioEventLoop.run(NioEventLoop.java:496)
	at io.netty.util.concurrent.SingleThreadEventExecutor$4.run(SingleThreadEventExecutor.java:986)
	at io.netty.util.internal.ThreadExecutorMap$2.run(ThreadExecutorMap.java:74)
	at io.netty.util.concurrent.FastThreadLocalRunnable.run(FastThreadLocalRunnable.java:30)
	at java.base/java.lang.Thread.run(Thread.java:832)
17:55:19.706 [AsyncHttpClient-1-17] DEBUG org.asynchttpclient.netty.channel.ChannelManager - Closing Channel [id: 0x036a1fd8, L:/127.0.0.1:58503 - R:localhost/127.0.0.1:58496] 
17:55:19.706 [AsyncHttpClient-1-17] DEBUG org.asynchttpclient.netty.handler.HttpHandler - Channel Closed: [id: 0x036a1fd8, L:/127.0.0.1:58503 ! R:localhost/127.0.0.1:58496] with attribute DISCARD
17:55:19.721 [AsyncHttpClient-1-16] DEBUG org.asynchttpclient.netty.handler.HttpHandler - 

Request DefaultFullHttpRequest(decodeResult: success, version: HTTP/1.1, content: EmptyByteBufBE)
DELETE /session/b4221a3ac1efaf7f7865909cc9557594 HTTP/1.1
User-Agent: selenium/4.1.2 (java windows)
Content-Type: application/json; charset=utf-8
host: localhost:51874
accept: */*

Response DefaultHttpResponse(decodeResult: success, version: HTTP/1.1)
HTTP/1.1 200 OK
Content-Type: application/json; charset=utf-8
cache-control: no-cache
content-length: 14

17:55:19.722 [AsyncHttpClient-1-16] DEBUG org.asynchttpclient.netty.channel.ChannelManager - Adding key: http://localhost:51874 for channel [id: 0xac6608a4, L:/127.0.0.1:58495 - R:localhost/127.0.0.1:51874]
17:55:19.828 [AsyncHttpClient-1-16] DEBUG org.asynchttpclient.netty.handler.HttpHandler - Channel Closed: [id: 0xac6608a4, L:/127.0.0.1:58495 ! R:localhost/127.0.0.1:51874] with attribute DISCARD
]]></system-out>
    <system-err><![CDATA[Starting ChromeDriver 101.0.4951.41 (93c720db8323b3ec10d056025ab95c23a31997c9-refs/branch-heads/4951@{#904}) on port 51874
Only local connections are allowed.
Please see https://chromedriver.chromium.org/security-considerations for suggestions on keeping ChromeDriver safe.
ChromeDriver was started successfully.
May 17, 2022 5:55:15 PM org.openqa.selenium.remote.ProtocolHandshake createSession
INFO: Detected dialect: W3C
May 17, 2022 5:55:15 PM org.openqa.selenium.devtools.CdpVersionFinder findNearestMatch
WARNING: Unable to find an exact match for CDP version 101, so returning the closest version found: 97
May 17, 2022 5:55:15 PM org.openqa.selenium.devtools.CdpVersionFinder findNearestMatch
INFO: Found CDP implementation for version 101 of 97
]]></system-err>
  </testcase>
  <testcase name="Login Scenario #6" classname="Login" time="6.206">
    <system-out><![CDATA[
@Login
Scenario Outline: Login Scenario           &amp#27;[90m# src/test/resources/features/Login.feature:23&amp#27;[0m
17:55:20.365 [main] INFO io.cucumber.core.plugin.SerenityReporter - Running feature from file:///E:/Learn/ProjectTestWeb/src/test/resources/features/Login.feature
17:55:20.380 [main] INFO net.serenitybdd.core.webdriver.driverproviders.ChromeDriverProvider - Using automatically driver download
17:55:20.565 [main] DEBUG io.github.bonigarcia.wdm.cache.ResolutionCache - Resolution chrome=101 in cache (valid until 18:23:13 17/05/2022 ICT)
17:55:20.571 [main] DEBUG io.github.bonigarcia.wdm.cache.ResolutionCache - Resolution chrome101=101.0.4951.41 in cache (valid until 17:23:13 18/05/2022 ICT)
17:55:20.572 [main] INFO io.github.bonigarcia.wdm.WebDriverManager - Using chromedriver 101.0.4951.41 (resolved driver for Chrome 101)
17:55:20.587 [main] DEBUG io.github.bonigarcia.wdm.WebDriverManager - Driver chromedriver 101.0.4951.41 found in cache
17:55:20.588 [main] INFO io.github.bonigarcia.wdm.WebDriverManager - Exporting webdriver.chrome.driver as C:\Users\HP\.cache\selenium\chromedriver\win32\101.0.4951.41\chromedriver.exe
17:55:20.616 [AsyncHttpClient-1-1] DEBUG org.asynchttpclient.netty.channel.DefaultChannelPool - Entry count for : http://localhost:58496 : 1
17:55:20.616 [AsyncHttpClient-1-1] DEBUG org.asynchttpclient.netty.channel.DefaultChannelPool - Entry count for : http://localhost:51874 : 1
17:55:20.616 [AsyncHttpClient-1-1] DEBUG org.asynchttpclient.netty.channel.DefaultChannelPool - Adding Candidate expired Channel [id: 0x036a1fd8, L:/127.0.0.1:58503 ! R:localhost/127.0.0.1:58496] isIdleTimeoutExpired=false isRemotelyClosed=true isTtlExpired=false
17:55:20.616 [AsyncHttpClient-1-1] DEBUG org.asynchttpclient.netty.channel.DefaultChannelPool - Closing Idle Channel [id: 0x036a1fd8, L:/127.0.0.1:58503 ! R:localhost/127.0.0.1:58496]
17:55:20.616 [AsyncHttpClient-1-1] DEBUG org.asynchttpclient.netty.channel.DefaultChannelPool - Adding Candidate expired Channel [id: 0xac6608a4, L:/127.0.0.1:58495 ! R:localhost/127.0.0.1:51874] isIdleTimeoutExpired=false isRemotelyClosed=true isTtlExpired=false
17:55:20.616 [AsyncHttpClient-1-1] DEBUG org.asynchttpclient.netty.channel.DefaultChannelPool - Closing Idle Channel [id: 0xac6608a4, L:/127.0.0.1:58495 ! R:localhost/127.0.0.1:51874]
17:55:20.616 [AsyncHttpClient-1-1] DEBUG org.asynchttpclient.netty.channel.DefaultChannelPool - Closed 2 connections out of 2 in 0 ms
17:55:20.770 [main] DEBUG net.serenitybdd.core.webdriver.driverproviders.ProvideNewDriver - Instantiating driver
17:55:20.771 [main] DEBUG net.serenitybdd.core.webdriver.driverproviders.ProvideNewDriver - Driver capabilities: Capabilities {acceptInsecureCerts: false, base.url: , browserName: chrome, goog:chromeOptions: {args: [], extensions: []}}
17:55:21.309 [AsyncHttpClient-1-3] DEBUG org.asynchttpclient.netty.channel.NettyConnectListener - Using new Channel '[id: 0x4fa224a2, L:/127.0.0.1:58523 - R:localhost/127.0.0.1:61343]' for 'POST' to '/session'
17:55:22.011 [AsyncHttpClient-1-3] DEBUG org.asynchttpclient.netty.handler.HttpHandler - 

Request DefaultHttpRequest(decodeResult: success, version: HTTP/1.1)
POST /session HTTP/1.1
User-Agent: selenium/4.1.2 (java windows)
Content-Length: 457
Content-Type: application/json; charset=utf-8
host: localhost:61343
accept: */*

Response DefaultHttpResponse(decodeResult: success, version: HTTP/1.1)
HTTP/1.1 200 OK
Content-Type: application/json; charset=utf-8
cache-control: no-cache
content-length: 786

17:55:22.011 [AsyncHttpClient-1-3] DEBUG org.asynchttpclient.netty.channel.ChannelManager - Adding key: http://localhost:61343 for channel [id: 0x4fa224a2, L:/127.0.0.1:58523 - R:localhost/127.0.0.1:61343]
17:55:22.017 [AsyncHttpClient-1-4] DEBUG org.asynchttpclient.netty.channel.NettyConnectListener - Using new Channel '[id: 0xf3e85976, L:/127.0.0.1:58530 - R:localhost/127.0.0.1:58524]' for 'GET' to '/json/version'
17:55:22.020 [AsyncHttpClient-1-4] DEBUG org.asynchttpclient.netty.handler.HttpHandler - 

Request DefaultFullHttpRequest(decodeResult: success, version: HTTP/1.1, content: EmptyByteBufBE)
GET /json/version HTTP/1.1
User-Agent: selenium/4.1.2 (java windows)
host: localhost:58524
accept: */*

Response DefaultHttpResponse(decodeResult: success, version: HTTP/1.1)
HTTP/1.1 200 OK
Content-Type: application/json; charset=UTF-8
content-length: 427

17:55:22.020 [AsyncHttpClient-1-4] DEBUG org.asynchttpclient.netty.channel.ChannelManager - Adding key: http://localhost:58524 for channel [id: 0xf3e85976, L:/127.0.0.1:58530 - R:localhost/127.0.0.1:58524]
17:55:22.023 [AsyncHttpClient-1-5] DEBUG org.asynchttpclient.netty.channel.NettyConnectListener - Using new Channel '[id: 0xea4ebc13, L:/127.0.0.1:58531 - R:localhost/127.0.0.1:58524]' for 'GET' to '/devtools/browser/e2825a23-27b2-4241-a050-381476f06fd8'
17:55:22.023 [AsyncHttpClient-1-5] DEBUG org.asynchttpclient.netty.handler.WebSocketHandler - 

Request DefaultFullHttpRequest(decodeResult: success, version: HTTP/1.1, content: EmptyByteBufBE)
GET /devtools/browser/e2825a23-27b2-4241-a050-381476f06fd8 HTTP/1.1
upgrade: websocket
connection: upgrade
sec-websocket-key: XSBaguvFaFIQ+6wz8DgCwg==
sec-websocket-version: 13
origin: http://localhost:58524
host: localhost:58524
accept: */*
user-agent: AHC/2.1

Response DefaultHttpResponse(decodeResult: success, version: HTTP/1.1)
HTTP/1.1 101 WebSocket Protocol Handshake
Upgrade: WebSocket
Connection: Upgrade
Sec-WebSocket-Accept: EpJJQz7SfRgpkB8l385E8bVFdzo=

17:55:22.027 [Forwarding get on session 31c25a5a76ba09c99d62ad12c00d5e9c to remote] DEBUG org.asynchttpclient.netty.request.NettyRequestSender - Using pooled Channel '[id: 0x4fa224a2, L:/127.0.0.1:58523 - R:localhost/127.0.0.1:61343]' for 'POST' to 'http://localhost:61343/session/31c25a5a76ba09c99d62ad12c00d5e9c/url'
17:55:22.027 [Forwarding get on session 31c25a5a76ba09c99d62ad12c00d5e9c to remote] DEBUG org.asynchttpclient.netty.request.NettyRequestSender - Using open Channel [id: 0x4fa224a2, L:/127.0.0.1:58523 - R:localhost/127.0.0.1:61343] for POST '/session/31c25a5a76ba09c99d62ad12c00d5e9c/url'
17:55:22.821 [AsyncHttpClient-1-1] DEBUG org.asynchttpclient.netty.channel.DefaultChannelPool - Entry count for : http://localhost:58524 : 1
17:55:23.594 [AsyncHttpClient-1-3] DEBUG org.asynchttpclient.netty.handler.HttpHandler - 

Request DefaultHttpRequest(decodeResult: success, version: HTTP/1.1)
POST /session/31c25a5a76ba09c99d62ad12c00d5e9c/url HTTP/1.1
User-Agent: selenium/4.1.2 (java windows)
Content-Length: 64
Content-Type: application/json; charset=utf-8
host: localhost:61343
accept: */*

Response DefaultHttpResponse(decodeResult: success, version: HTTP/1.1)
HTTP/1.1 200 OK
Content-Type: application/json; charset=utf-8
cache-control: no-cache
content-length: 14

17:55:23.594 [AsyncHttpClient-1-3] DEBUG org.asynchttpclient.netty.channel.ChannelManager - Adding key: http://localhost:61343 for channel [id: 0x4fa224a2, L:/127.0.0.1:58523 - R:localhost/127.0.0.1:61343]
17:55:23.595 [Forwarding setTimeout on session 31c25a5a76ba09c99d62ad12c00d5e9c to remote] DEBUG org.asynchttpclient.netty.request.NettyRequestSender - Using pooled Channel '[id: 0x4fa224a2, L:/127.0.0.1:58523 - R:localhost/127.0.0.1:61343]' for 'POST' to 'http://localhost:61343/session/31c25a5a76ba09c99d62ad12c00d5e9c/timeouts'
17:55:23.595 [Forwarding setTimeout on session 31c25a5a76ba09c99d62ad12c00d5e9c to remote] DEBUG org.asynchttpclient.netty.request.NettyRequestSender - Using open Channel [id: 0x4fa224a2, L:/127.0.0.1:58523 - R:localhost/127.0.0.1:61343] for POST '/session/31c25a5a76ba09c99d62ad12c00d5e9c/timeouts'
17:55:23.596 [AsyncHttpClient-1-3] DEBUG org.asynchttpclient.netty.handler.HttpHandler - 

Request DefaultHttpRequest(decodeResult: success, version: HTTP/1.1)
POST /session/31c25a5a76ba09c99d62ad12c00d5e9c/timeouts HTTP/1.1
User-Agent: selenium/4.1.2 (java windows)
Content-Length: 22
Content-Type: application/json; charset=utf-8
host: localhost:61343
accept: */*

Response DefaultHttpResponse(decodeResult: success, version: HTTP/1.1)
HTTP/1.1 200 OK
Content-Type: application/json; charset=utf-8
cache-control: no-cache
content-length: 14

17:55:23.596 [AsyncHttpClient-1-3] DEBUG org.asynchttpclient.netty.channel.ChannelManager - Adding key: http://localhost:61343 for channel [id: 0x4fa224a2, L:/127.0.0.1:58523 - R:localhost/127.0.0.1:61343]
17:55:23.601 [Forwarding getCurrentUrl on session 31c25a5a76ba09c99d62ad12c00d5e9c to remote] DEBUG org.asynchttpclient.netty.request.NettyRequestSender - Using pooled Channel '[id: 0x4fa224a2, L:/127.0.0.1:58523 - R:localhost/127.0.0.1:61343]' for 'GET' to 'http://localhost:61343/session/31c25a5a76ba09c99d62ad12c00d5e9c/url'
17:55:23.601 [Forwarding getCurrentUrl on session 31c25a5a76ba09c99d62ad12c00d5e9c to remote] DEBUG org.asynchttpclient.netty.request.NettyRequestSender - Using open Channel [id: 0x4fa224a2, L:/127.0.0.1:58523 - R:localhost/127.0.0.1:61343] for GET '/session/31c25a5a76ba09c99d62ad12c00d5e9c/url'
17:55:23.609 [AsyncHttpClient-1-3] DEBUG org.asynchttpclient.netty.handler.HttpHandler - 

Request DefaultFullHttpRequest(decodeResult: success, version: HTTP/1.1, content: EmptyByteBufBE)
GET /session/31c25a5a76ba09c99d62ad12c00d5e9c/url HTTP/1.1
User-Agent: selenium/4.1.2 (java windows)
Cache-Control: no-cache
Content-Type: application/json; charset=utf-8
host: localhost:61343
accept: */*

Response DefaultHttpResponse(decodeResult: success, version: HTTP/1.1)
HTTP/1.1 200 OK
Content-Type: application/json; charset=utf-8
cache-control: no-cache
content-length: 41

17:55:23.609 [AsyncHttpClient-1-3] DEBUG org.asynchttpclient.netty.channel.ChannelManager - Adding key: http://localhost:61343 for channel [id: 0x4fa224a2, L:/127.0.0.1:58523 - R:localhost/127.0.0.1:61343]
17:55:23.619 [Forwarding screenshot on session 31c25a5a76ba09c99d62ad12c00d5e9c to remote] DEBUG org.asynchttpclient.netty.request.NettyRequestSender - Using pooled Channel '[id: 0x4fa224a2, L:/127.0.0.1:58523 - R:localhost/127.0.0.1:61343]' for 'GET' to 'http://localhost:61343/session/31c25a5a76ba09c99d62ad12c00d5e9c/screenshot'
17:55:23.619 [Forwarding screenshot on session 31c25a5a76ba09c99d62ad12c00d5e9c to remote] DEBUG org.asynchttpclient.netty.request.NettyRequestSender - Using open Channel [id: 0x4fa224a2, L:/127.0.0.1:58523 - R:localhost/127.0.0.1:61343] for GET '/session/31c25a5a76ba09c99d62ad12c00d5e9c/screenshot'
17:55:23.919 [AsyncHttpClient-1-1] DEBUG org.asynchttpclient.netty.channel.DefaultChannelPool - Entry count for : http://localhost:58524 : 1
17:55:24.073 [AsyncHttpClient-1-3] DEBUG org.asynchttpclient.netty.handler.HttpHandler - 

Request DefaultFullHttpRequest(decodeResult: success, version: HTTP/1.1, content: EmptyByteBufBE)
GET /session/31c25a5a76ba09c99d62ad12c00d5e9c/screenshot HTTP/1.1
User-Agent: selenium/4.1.2 (java windows)
Cache-Control: no-cache
Content-Type: application/json; charset=utf-8
host: localhost:61343
accept: */*

Response DefaultHttpResponse(decodeResult: success, version: HTTP/1.1)
HTTP/1.1 200 OK
Content-Type: application/json; charset=utf-8
cache-control: no-cache
content-length: 32228

17:55:24.074 [AsyncHttpClient-1-3] DEBUG org.asynchttpclient.netty.channel.ChannelManager - Adding key: http://localhost:61343 for channel [id: 0x4fa224a2, L:/127.0.0.1:58523 - R:localhost/127.0.0.1:61343]
17:55:24.076 [main] DEBUG net.serenitybdd.core.photography.Darkroom - Send negative for processing for target\site\serenity\4510322e36bb11a6014d8509eafdfeb27c6a3a7394c1f9ef4b696c572e41b18d.png
17:55:24.077 [main] DEBUG net.thucydides.core.steps.StepInterceptor - STARTING STEP: LoginSteps.iAmOnTheLoginPage - validateOnLoginPage
17:55:24.080 [Forwarding findElement on session 31c25a5a76ba09c99d62ad12c00d5e9c to remote] DEBUG org.asynchttpclient.netty.request.NettyRequestSender - Using pooled Channel '[id: 0x4fa224a2, L:/127.0.0.1:58523 - R:localhost/127.0.0.1:61343]' for 'POST' to 'http://localhost:61343/session/31c25a5a76ba09c99d62ad12c00d5e9c/element'
17:55:24.080 [Forwarding findElement on session 31c25a5a76ba09c99d62ad12c00d5e9c to remote] DEBUG org.asynchttpclient.netty.request.NettyRequestSender - Using open Channel [id: 0x4fa224a2, L:/127.0.0.1:58523 - R:localhost/127.0.0.1:61343] for POST '/session/31c25a5a76ba09c99d62ad12c00d5e9c/element'
17:55:24.095 [AsyncHttpClient-1-3] DEBUG org.asynchttpclient.netty.handler.HttpHandler - 

Request DefaultHttpRequest(decodeResult: success, version: HTTP/1.1)
POST /session/31c25a5a76ba09c99d62ad12c00d5e9c/element HTTP/1.1
User-Agent: selenium/4.1.2 (java windows)
Content-Length: 92
Content-Type: application/json; charset=utf-8
host: localhost:61343
accept: */*

Response DefaultHttpResponse(decodeResult: success, version: HTTP/1.1)
HTTP/1.1 200 OK
Content-Type: application/json; charset=utf-8
cache-control: no-cache
content-length: 88

17:55:24.095 [AsyncHttpClient-1-3] DEBUG org.asynchttpclient.netty.channel.ChannelManager - Adding key: http://localhost:61343 for channel [id: 0x4fa224a2, L:/127.0.0.1:58523 - R:localhost/127.0.0.1:61343]
17:55:24.098 [Forwarding isElementDisplayed on session 31c25a5a76ba09c99d62ad12c00d5e9c to remote] DEBUG org.asynchttpclient.netty.request.NettyRequestSender - Using pooled Channel '[id: 0x4fa224a2, L:/127.0.0.1:58523 - R:localhost/127.0.0.1:61343]' for 'POST' to 'http://localhost:61343/session/31c25a5a76ba09c99d62ad12c00d5e9c/execute/sync'
17:55:24.098 [Forwarding isElementDisplayed on session 31c25a5a76ba09c99d62ad12c00d5e9c to remote] DEBUG org.asynchttpclient.netty.request.NettyRequestSender - Using open Channel [id: 0x4fa224a2, L:/127.0.0.1:58523 - R:localhost/127.0.0.1:61343] for POST '/session/31c25a5a76ba09c99d62ad12c00d5e9c/execute/sync'
17:55:24.114 [AsyncHttpClient-1-3] DEBUG org.asynchttpclient.netty.handler.HttpHandler - 

Request DefaultHttpRequest(decodeResult: success, version: HTTP/1.1)
POST /session/31c25a5a76ba09c99d62ad12c00d5e9c/execute/sync HTTP/1.1
User-Agent: selenium/4.1.2 (java windows)
Content-Length: 48780
Content-Type: application/json; charset=utf-8
host: localhost:61343
accept: */*

Response DefaultHttpResponse(decodeResult: success, version: HTTP/1.1)
HTTP/1.1 200 OK
Content-Type: application/json; charset=utf-8
cache-control: no-cache
content-length: 14

17:55:24.114 [AsyncHttpClient-1-3] DEBUG org.asynchttpclient.netty.channel.ChannelManager - Adding key: http://localhost:61343 for channel [id: 0x4fa224a2, L:/127.0.0.1:58523 - R:localhost/127.0.0.1:61343]
17:55:24.121 [main] DEBUG net.thucydides.core.steps.StepInterceptor - STEP DONE: validateOnLoginPage
  &amp#27;[32mGiven &amp#27;[0m&amp#27;[32mI am on the login page&amp#27;[0m             &amp#27;[90m# starter.stepdefinitions.LoginSteps.iAmOnTheLoginPage()&amp#27;[0m
17:55:24.130 [Forwarding screenshot on session 31c25a5a76ba09c99d62ad12c00d5e9c to remote] DEBUG org.asynchttpclient.netty.request.NettyRequestSender - Using pooled Channel '[id: 0x4fa224a2, L:/127.0.0.1:58523 - R:localhost/127.0.0.1:61343]' for 'GET' to 'http://localhost:61343/session/31c25a5a76ba09c99d62ad12c00d5e9c/screenshot'
17:55:24.130 [Forwarding screenshot on session 31c25a5a76ba09c99d62ad12c00d5e9c to remote] DEBUG org.asynchttpclient.netty.request.NettyRequestSender - Using open Channel [id: 0x4fa224a2, L:/127.0.0.1:58523 - R:localhost/127.0.0.1:61343] for GET '/session/31c25a5a76ba09c99d62ad12c00d5e9c/screenshot'
17:55:24.280 [AsyncHttpClient-1-3] DEBUG org.asynchttpclient.netty.handler.HttpHandler - 

Request DefaultFullHttpRequest(decodeResult: success, version: HTTP/1.1, content: EmptyByteBufBE)
GET /session/31c25a5a76ba09c99d62ad12c00d5e9c/screenshot HTTP/1.1
User-Agent: selenium/4.1.2 (java windows)
Cache-Control: no-cache
Content-Type: application/json; charset=utf-8
host: localhost:61343
accept: */*

Response DefaultHttpResponse(decodeResult: success, version: HTTP/1.1)
HTTP/1.1 200 OK
Content-Type: application/json; charset=utf-8
cache-control: no-cache
content-length: 32228

17:55:24.280 [AsyncHttpClient-1-3] DEBUG org.asynchttpclient.netty.channel.ChannelManager - Adding key: http://localhost:61343 for channel [id: 0x4fa224a2, L:/127.0.0.1:58523 - R:localhost/127.0.0.1:61343]
17:55:24.282 [main] DEBUG net.serenitybdd.core.photography.Darkroom - Send negative for processing for target\site\serenity\4510322e36bb11a6014d8509eafdfeb27c6a3a7394c1f9ef4b696c572e41b18d.png
17:55:24.289 [main] DEBUG net.thucydides.core.steps.StepInterceptor - STARTING STEP: LoginSteps.iInputEmail - inputEmail
17:55:24.292 [Forwarding findElement on session 31c25a5a76ba09c99d62ad12c00d5e9c to remote] DEBUG org.asynchttpclient.netty.request.NettyRequestSender - Using pooled Channel '[id: 0x4fa224a2, L:/127.0.0.1:58523 - R:localhost/127.0.0.1:61343]' for 'POST' to 'http://localhost:61343/session/31c25a5a76ba09c99d62ad12c00d5e9c/element'
17:55:24.292 [Forwarding findElement on session 31c25a5a76ba09c99d62ad12c00d5e9c to remote] DEBUG org.asynchttpclient.netty.request.NettyRequestSender - Using open Channel [id: 0x4fa224a2, L:/127.0.0.1:58523 - R:localhost/127.0.0.1:61343] for POST '/session/31c25a5a76ba09c99d62ad12c00d5e9c/element'
17:55:24.305 [AsyncHttpClient-1-3] DEBUG org.asynchttpclient.netty.handler.HttpHandler - 

Request DefaultHttpRequest(decodeResult: success, version: HTTP/1.1)
POST /session/31c25a5a76ba09c99d62ad12c00d5e9c/element HTTP/1.1
User-Agent: selenium/4.1.2 (java windows)
Content-Length: 84
Content-Type: application/json; charset=utf-8
host: localhost:61343
accept: */*

Response DefaultHttpResponse(decodeResult: success, version: HTTP/1.1)
HTTP/1.1 200 OK
Content-Type: application/json; charset=utf-8
cache-control: no-cache
content-length: 88

17:55:24.305 [AsyncHttpClient-1-3] DEBUG org.asynchttpclient.netty.channel.ChannelManager - Adding key: http://localhost:61343 for channel [id: 0x4fa224a2, L:/127.0.0.1:58523 - R:localhost/127.0.0.1:61343]
17:55:24.306 [Forwarding clearElement on session 31c25a5a76ba09c99d62ad12c00d5e9c to remote] DEBUG org.asynchttpclient.netty.request.NettyRequestSender - Using pooled Channel '[id: 0x4fa224a2, L:/127.0.0.1:58523 - R:localhost/127.0.0.1:61343]' for 'POST' to 'http://localhost:61343/session/31c25a5a76ba09c99d62ad12c00d5e9c/element/ca6d1e74-fc5f-4bb4-89e0-9f8b2f2887ba/clear'
17:55:24.306 [Forwarding clearElement on session 31c25a5a76ba09c99d62ad12c00d5e9c to remote] DEBUG org.asynchttpclient.netty.request.NettyRequestSender - Using open Channel [id: 0x4fa224a2, L:/127.0.0.1:58523 - R:localhost/127.0.0.1:61343] for POST '/session/31c25a5a76ba09c99d62ad12c00d5e9c/element/ca6d1e74-fc5f-4bb4-89e0-9f8b2f2887ba/clear'
17:55:24.344 [AsyncHttpClient-1-3] DEBUG org.asynchttpclient.netty.handler.HttpHandler - 

Request DefaultHttpRequest(decodeResult: success, version: HTTP/1.1)
POST /session/31c25a5a76ba09c99d62ad12c00d5e9c/element/ca6d1e74-fc5f-4bb4-89e0-9f8b2f2887ba/clear HTTP/1.1
User-Agent: selenium/4.1.2 (java windows)
Content-Length: 50
Content-Type: application/json; charset=utf-8
host: localhost:61343
accept: */*

Response DefaultHttpResponse(decodeResult: success, version: HTTP/1.1)
HTTP/1.1 200 OK
Content-Type: application/json; charset=utf-8
cache-control: no-cache
content-length: 14

17:55:24.344 [AsyncHttpClient-1-3] DEBUG org.asynchttpclient.netty.channel.ChannelManager - Adding key: http://localhost:61343 for channel [id: 0x4fa224a2, L:/127.0.0.1:58523 - R:localhost/127.0.0.1:61343]
17:55:24.345 [Forwarding sendKeysToElement on session 31c25a5a76ba09c99d62ad12c00d5e9c to remote] DEBUG org.asynchttpclient.netty.request.NettyRequestSender - Using pooled Channel '[id: 0x4fa224a2, L:/127.0.0.1:58523 - R:localhost/127.0.0.1:61343]' for 'POST' to 'http://localhost:61343/session/31c25a5a76ba09c99d62ad12c00d5e9c/element/ca6d1e74-fc5f-4bb4-89e0-9f8b2f2887ba/value'
17:55:24.345 [Forwarding sendKeysToElement on session 31c25a5a76ba09c99d62ad12c00d5e9c to remote] DEBUG org.asynchttpclient.netty.request.NettyRequestSender - Using open Channel [id: 0x4fa224a2, L:/127.0.0.1:58523 - R:localhost/127.0.0.1:61343] for POST '/session/31c25a5a76ba09c99d62ad12c00d5e9c/element/ca6d1e74-fc5f-4bb4-89e0-9f8b2f2887ba/value'
17:55:24.502 [AsyncHttpClient-1-3] DEBUG org.asynchttpclient.netty.handler.HttpHandler - 

Request DefaultHttpRequest(decodeResult: success, version: HTTP/1.1)
POST /session/31c25a5a76ba09c99d62ad12c00d5e9c/element/ca6d1e74-fc5f-4bb4-89e0-9f8b2f2887ba/value HTTP/1.1
User-Agent: selenium/4.1.2 (java windows)
Content-Length: 271
Content-Type: application/json; charset=utf-8
host: localhost:61343
accept: */*

Response DefaultHttpResponse(decodeResult: success, version: HTTP/1.1)
HTTP/1.1 200 OK
Content-Type: application/json; charset=utf-8
cache-control: no-cache
content-length: 14

17:55:24.503 [AsyncHttpClient-1-3] DEBUG org.asynchttpclient.netty.channel.ChannelManager - Adding key: http://localhost:61343 for channel [id: 0x4fa224a2, L:/127.0.0.1:58523 - R:localhost/127.0.0.1:61343]
17:55:24.508 [Forwarding screenshot on session 31c25a5a76ba09c99d62ad12c00d5e9c to remote] DEBUG org.asynchttpclient.netty.request.NettyRequestSender - Using pooled Channel '[id: 0x4fa224a2, L:/127.0.0.1:58523 - R:localhost/127.0.0.1:61343]' for 'GET' to 'http://localhost:61343/session/31c25a5a76ba09c99d62ad12c00d5e9c/screenshot'
17:55:24.508 [Forwarding screenshot on session 31c25a5a76ba09c99d62ad12c00d5e9c to remote] DEBUG org.asynchttpclient.netty.request.NettyRequestSender - Using open Channel [id: 0x4fa224a2, L:/127.0.0.1:58523 - R:localhost/127.0.0.1:61343] for GET '/session/31c25a5a76ba09c99d62ad12c00d5e9c/screenshot'
17:55:24.722 [AsyncHttpClient-1-3] DEBUG org.asynchttpclient.netty.handler.HttpHandler - 

Request DefaultFullHttpRequest(decodeResult: success, version: HTTP/1.1, content: EmptyByteBufBE)
GET /session/31c25a5a76ba09c99d62ad12c00d5e9c/screenshot HTTP/1.1
User-Agent: selenium/4.1.2 (java windows)
Cache-Control: no-cache
Content-Type: application/json; charset=utf-8
host: localhost:61343
accept: */*

Response DefaultHttpResponse(decodeResult: success, version: HTTP/1.1)
HTTP/1.1 200 OK
Content-Type: application/json; charset=utf-8
cache-control: no-cache
content-length: 38208

17:55:24.722 [AsyncHttpClient-1-3] DEBUG org.asynchttpclient.netty.channel.ChannelManager - Adding key: http://localhost:61343 for channel [id: 0x4fa224a2, L:/127.0.0.1:58523 - R:localhost/127.0.0.1:61343]
17:55:24.725 [main] DEBUG net.serenitybdd.core.photography.Darkroom - Send negative for processing for target\site\serenity\0fcca41b317366d890261519ee012bee46088a991bd016a97f87b85b25db4c2b.png
17:55:24.725 [main] DEBUG net.thucydides.core.steps.StepInterceptor - STEP DONE: inputEmail
  &amp#27;[32mWhen &amp#27;[0m&amp#27;[32mI input &amp#27;[0m&amp#27;[32m&amp#27;[1m"jasrivika@gmail.com"&amp#27;[0m&amp#27;[32m email&amp#27;[0m &amp#27;[90m# starter.stepdefinitions.LoginSteps.iInputEmail(java.lang.String)&amp#27;[0m
17:55:24.726 [Darkroom Processing Line] DEBUG net.serenitybdd.core.photography.DarkroomProcessingLine - Processing screenshot image in /var/screenshots/screenshot-13503567396665312853
17:55:24.726 [Darkroom Processing Line] DEBUG net.serenitybdd.core.photography.DarkroomProcessingLine - Saving screenshot to target\site\serenity\0fcca41b317366d890261519ee012bee46088a991bd016a97f87b85b25db4c2b.png
17:55:24.745 [main] DEBUG net.thucydides.core.steps.StepInterceptor - STARTING STEP: LoginSteps.iInputPassword - inputPassword
17:55:24.750 [Forwarding findElement on session 31c25a5a76ba09c99d62ad12c00d5e9c to remote] DEBUG org.asynchttpclient.netty.request.NettyRequestSender - Using pooled Channel '[id: 0x4fa224a2, L:/127.0.0.1:58523 - R:localhost/127.0.0.1:61343]' for 'POST' to 'http://localhost:61343/session/31c25a5a76ba09c99d62ad12c00d5e9c/element'
17:55:24.750 [Forwarding findElement on session 31c25a5a76ba09c99d62ad12c00d5e9c to remote] DEBUG org.asynchttpclient.netty.request.NettyRequestSender - Using open Channel [id: 0x4fa224a2, L:/127.0.0.1:58523 - R:localhost/127.0.0.1:61343] for POST '/session/31c25a5a76ba09c99d62ad12c00d5e9c/element'
17:55:24.763 [AsyncHttpClient-1-3] DEBUG org.asynchttpclient.netty.handler.HttpHandler - 

Request DefaultHttpRequest(decodeResult: success, version: HTTP/1.1)
POST /session/31c25a5a76ba09c99d62ad12c00d5e9c/element HTTP/1.1
User-Agent: selenium/4.1.2 (java windows)
Content-Length: 87
Content-Type: application/json; charset=utf-8
host: localhost:61343
accept: */*

Response DefaultHttpResponse(decodeResult: success, version: HTTP/1.1)
HTTP/1.1 200 OK
Content-Type: application/json; charset=utf-8
cache-control: no-cache
content-length: 88

17:55:24.763 [AsyncHttpClient-1-3] DEBUG org.asynchttpclient.netty.channel.ChannelManager - Adding key: http://localhost:61343 for channel [id: 0x4fa224a2, L:/127.0.0.1:58523 - R:localhost/127.0.0.1:61343]
17:55:24.765 [Forwarding clearElement on session 31c25a5a76ba09c99d62ad12c00d5e9c to remote] DEBUG org.asynchttpclient.netty.request.NettyRequestSender - Using pooled Channel '[id: 0x4fa224a2, L:/127.0.0.1:58523 - R:localhost/127.0.0.1:61343]' for 'POST' to 'http://localhost:61343/session/31c25a5a76ba09c99d62ad12c00d5e9c/element/f329a4f9-5e85-4714-9a16-ec377977132f/clear'
17:55:24.765 [Forwarding clearElement on session 31c25a5a76ba09c99d62ad12c00d5e9c to remote] DEBUG org.asynchttpclient.netty.request.NettyRequestSender - Using open Channel [id: 0x4fa224a2, L:/127.0.0.1:58523 - R:localhost/127.0.0.1:61343] for POST '/session/31c25a5a76ba09c99d62ad12c00d5e9c/element/f329a4f9-5e85-4714-9a16-ec377977132f/clear'
17:55:24.810 [AsyncHttpClient-1-3] DEBUG org.asynchttpclient.netty.handler.HttpHandler - 

Request DefaultHttpRequest(decodeResult: success, version: HTTP/1.1)
POST /session/31c25a5a76ba09c99d62ad12c00d5e9c/element/f329a4f9-5e85-4714-9a16-ec377977132f/clear HTTP/1.1
User-Agent: selenium/4.1.2 (java windows)
Content-Length: 50
Content-Type: application/json; charset=utf-8
host: localhost:61343
accept: */*

Response DefaultHttpResponse(decodeResult: success, version: HTTP/1.1)
HTTP/1.1 200 OK
Content-Type: application/json; charset=utf-8
cache-control: no-cache
content-length: 14

17:55:24.810 [AsyncHttpClient-1-3] DEBUG org.asynchttpclient.netty.channel.ChannelManager - Adding key: http://localhost:61343 for channel [id: 0x4fa224a2, L:/127.0.0.1:58523 - R:localhost/127.0.0.1:61343]
17:55:24.812 [Forwarding sendKeysToElement on session 31c25a5a76ba09c99d62ad12c00d5e9c to remote] DEBUG org.asynchttpclient.netty.request.NettyRequestSender - Using pooled Channel '[id: 0x4fa224a2, L:/127.0.0.1:58523 - R:localhost/127.0.0.1:61343]' for 'POST' to 'http://localhost:61343/session/31c25a5a76ba09c99d62ad12c00d5e9c/element/f329a4f9-5e85-4714-9a16-ec377977132f/value'
17:55:24.812 [Forwarding sendKeysToElement on session 31c25a5a76ba09c99d62ad12c00d5e9c to remote] DEBUG org.asynchttpclient.netty.request.NettyRequestSender - Using open Channel [id: 0x4fa224a2, L:/127.0.0.1:58523 - R:localhost/127.0.0.1:61343] for POST '/session/31c25a5a76ba09c99d62ad12c00d5e9c/element/f329a4f9-5e85-4714-9a16-ec377977132f/value'
17:55:24.860 [AsyncHttpClient-1-3] DEBUG org.asynchttpclient.netty.handler.HttpHandler - 

Request DefaultHttpRequest(decodeResult: success, version: HTTP/1.1)
POST /session/31c25a5a76ba09c99d62ad12c00d5e9c/element/f329a4f9-5e85-4714-9a16-ec377977132f/value HTTP/1.1
User-Agent: selenium/4.1.2 (java windows)
Content-Length: 82
Content-Type: application/json; charset=utf-8
host: localhost:61343
accept: */*

Response DefaultHttpResponse(decodeResult: success, version: HTTP/1.1)
HTTP/1.1 200 OK
Content-Type: application/json; charset=utf-8
cache-control: no-cache
content-length: 14

17:55:24.860 [AsyncHttpClient-1-3] DEBUG org.asynchttpclient.netty.channel.ChannelManager - Adding key: http://localhost:61343 for channel [id: 0x4fa224a2, L:/127.0.0.1:58523 - R:localhost/127.0.0.1:61343]
17:55:24.868 [Forwarding screenshot on session 31c25a5a76ba09c99d62ad12c00d5e9c to remote] DEBUG org.asynchttpclient.netty.request.NettyRequestSender - Using pooled Channel '[id: 0x4fa224a2, L:/127.0.0.1:58523 - R:localhost/127.0.0.1:61343]' for 'GET' to 'http://localhost:61343/session/31c25a5a76ba09c99d62ad12c00d5e9c/screenshot'
17:55:24.868 [Forwarding screenshot on session 31c25a5a76ba09c99d62ad12c00d5e9c to remote] DEBUG org.asynchttpclient.netty.request.NettyRequestSender - Using open Channel [id: 0x4fa224a2, L:/127.0.0.1:58523 - R:localhost/127.0.0.1:61343] for GET '/session/31c25a5a76ba09c99d62ad12c00d5e9c/screenshot'
17:55:25.016 [AsyncHttpClient-1-1] DEBUG org.asynchttpclient.netty.channel.DefaultChannelPool - Entry count for : http://localhost:58524 : 1
17:55:25.114 [AsyncHttpClient-1-3] DEBUG org.asynchttpclient.netty.handler.HttpHandler - 

Request DefaultFullHttpRequest(decodeResult: success, version: HTTP/1.1, content: EmptyByteBufBE)
GET /session/31c25a5a76ba09c99d62ad12c00d5e9c/screenshot HTTP/1.1
User-Agent: selenium/4.1.2 (java windows)
Cache-Control: no-cache
Content-Type: application/json; charset=utf-8
host: localhost:61343
accept: */*

Response DefaultHttpResponse(decodeResult: success, version: HTTP/1.1)
HTTP/1.1 200 OK
Content-Type: application/json; charset=utf-8
cache-control: no-cache
content-length: 37808

17:55:25.115 [AsyncHttpClient-1-3] DEBUG org.asynchttpclient.netty.channel.ChannelManager - Adding key: http://localhost:61343 for channel [id: 0x4fa224a2, L:/127.0.0.1:58523 - R:localhost/127.0.0.1:61343]
17:55:25.117 [main] DEBUG net.serenitybdd.core.photography.Darkroom - Send negative for processing for target\site\serenity\0987a03aa30acb3553640e1a377a7db8d2f6e3abdbb7233f4d4c6a4f6dcb250e.png
17:55:25.117 [main] DEBUG net.thucydides.core.steps.StepInterceptor - STEP DONE: inputPassword
  &amp#27;[32mAnd &amp#27;[0m&amp#27;[32mI input &amp#27;[0m&amp#27;[32m&amp#27;[1m""&amp#27;[0m&amp#27;[32m password&amp#27;[0m                  &amp#27;[90m# starter.stepdefinitions.LoginSteps.iInputPassword(java.lang.String)&amp#27;[0m
17:55:25.118 [Darkroom Processing Line] DEBUG net.serenitybdd.core.photography.DarkroomProcessingLine - Processing screenshot image in /var/screenshots/screenshot-9438199448647591202
17:55:25.118 [Darkroom Processing Line] DEBUG net.serenitybdd.core.photography.DarkroomProcessingLine - Saving screenshot to target\site\serenity\0987a03aa30acb3553640e1a377a7db8d2f6e3abdbb7233f4d4c6a4f6dcb250e.png
17:55:25.137 [main] DEBUG net.thucydides.core.steps.StepInterceptor - STARTING STEP: LoginSteps.iClickLoginButton - clickLoginButton
17:55:25.140 [Forwarding findElement on session 31c25a5a76ba09c99d62ad12c00d5e9c to remote] DEBUG org.asynchttpclient.netty.request.NettyRequestSender - Using pooled Channel '[id: 0x4fa224a2, L:/127.0.0.1:58523 - R:localhost/127.0.0.1:61343]' for 'POST' to 'http://localhost:61343/session/31c25a5a76ba09c99d62ad12c00d5e9c/element'
17:55:25.141 [Forwarding findElement on session 31c25a5a76ba09c99d62ad12c00d5e9c to remote] DEBUG org.asynchttpclient.netty.request.NettyRequestSender - Using open Channel [id: 0x4fa224a2, L:/127.0.0.1:58523 - R:localhost/127.0.0.1:61343] for POST '/session/31c25a5a76ba09c99d62ad12c00d5e9c/element'
17:55:25.154 [AsyncHttpClient-1-3] DEBUG org.asynchttpclient.netty.handler.HttpHandler - 

Request DefaultHttpRequest(decodeResult: success, version: HTTP/1.1)
POST /session/31c25a5a76ba09c99d62ad12c00d5e9c/element HTTP/1.1
User-Agent: selenium/4.1.2 (java windows)
Content-Length: 92
Content-Type: application/json; charset=utf-8
host: localhost:61343
accept: */*

Response DefaultHttpResponse(decodeResult: success, version: HTTP/1.1)
HTTP/1.1 200 OK
Content-Type: application/json; charset=utf-8
cache-control: no-cache
content-length: 88

17:55:25.154 [AsyncHttpClient-1-3] DEBUG org.asynchttpclient.netty.channel.ChannelManager - Adding key: http://localhost:61343 for channel [id: 0x4fa224a2, L:/127.0.0.1:58523 - R:localhost/127.0.0.1:61343]
17:55:25.155 [Forwarding getElementTagName on session 31c25a5a76ba09c99d62ad12c00d5e9c to remote] DEBUG org.asynchttpclient.netty.request.NettyRequestSender - Using pooled Channel '[id: 0x4fa224a2, L:/127.0.0.1:58523 - R:localhost/127.0.0.1:61343]' for 'GET' to 'http://localhost:61343/session/31c25a5a76ba09c99d62ad12c00d5e9c/element/acea98d0-6d46-4697-84dd-8c045a75e209/name'
17:55:25.156 [Forwarding getElementTagName on session 31c25a5a76ba09c99d62ad12c00d5e9c to remote] DEBUG org.asynchttpclient.netty.request.NettyRequestSender - Using open Channel [id: 0x4fa224a2, L:/127.0.0.1:58523 - R:localhost/127.0.0.1:61343] for GET '/session/31c25a5a76ba09c99d62ad12c00d5e9c/element/acea98d0-6d46-4697-84dd-8c045a75e209/name'
17:55:25.161 [AsyncHttpClient-1-3] DEBUG org.asynchttpclient.netty.handler.HttpHandler - 

Request DefaultFullHttpRequest(decodeResult: success, version: HTTP/1.1, content: EmptyByteBufBE)
GET /session/31c25a5a76ba09c99d62ad12c00d5e9c/element/acea98d0-6d46-4697-84dd-8c045a75e209/name HTTP/1.1
User-Agent: selenium/4.1.2 (java windows)
Cache-Control: no-cache
Content-Type: application/json; charset=utf-8
host: localhost:61343
accept: */*

Response DefaultHttpResponse(decodeResult: success, version: HTTP/1.1)
HTTP/1.1 200 OK
Content-Type: application/json; charset=utf-8
cache-control: no-cache
content-length: 18

17:55:25.161 [AsyncHttpClient-1-3] DEBUG org.asynchttpclient.netty.channel.ChannelManager - Adding key: http://localhost:61343 for channel [id: 0x4fa224a2, L:/127.0.0.1:58523 - R:localhost/127.0.0.1:61343]
17:55:25.163 [Forwarding getElementTagName on session 31c25a5a76ba09c99d62ad12c00d5e9c to remote] DEBUG org.asynchttpclient.netty.request.NettyRequestSender - Using pooled Channel '[id: 0x4fa224a2, L:/127.0.0.1:58523 - R:localhost/127.0.0.1:61343]' for 'GET' to 'http://localhost:61343/session/31c25a5a76ba09c99d62ad12c00d5e9c/element/acea98d0-6d46-4697-84dd-8c045a75e209/name'
17:55:25.164 [Forwarding getElementTagName on session 31c25a5a76ba09c99d62ad12c00d5e9c to remote] DEBUG org.asynchttpclient.netty.request.NettyRequestSender - Using open Channel [id: 0x4fa224a2, L:/127.0.0.1:58523 - R:localhost/127.0.0.1:61343] for GET '/session/31c25a5a76ba09c99d62ad12c00d5e9c/element/acea98d0-6d46-4697-84dd-8c045a75e209/name'
17:55:25.171 [AsyncHttpClient-1-3] DEBUG org.asynchttpclient.netty.handler.HttpHandler - 

Request DefaultFullHttpRequest(decodeResult: success, version: HTTP/1.1, content: EmptyByteBufBE)
GET /session/31c25a5a76ba09c99d62ad12c00d5e9c/element/acea98d0-6d46-4697-84dd-8c045a75e209/name HTTP/1.1
User-Agent: selenium/4.1.2 (java windows)
Cache-Control: no-cache
Content-Type: application/json; charset=utf-8
host: localhost:61343
accept: */*

Response DefaultHttpResponse(decodeResult: success, version: HTTP/1.1)
HTTP/1.1 200 OK
Content-Type: application/json; charset=utf-8
cache-control: no-cache
content-length: 18

17:55:25.171 [AsyncHttpClient-1-3] DEBUG org.asynchttpclient.netty.channel.ChannelManager - Adding key: http://localhost:61343 for channel [id: 0x4fa224a2, L:/127.0.0.1:58523 - R:localhost/127.0.0.1:61343]
17:55:25.176 [Forwarding isElementEnabled on session 31c25a5a76ba09c99d62ad12c00d5e9c to remote] DEBUG org.asynchttpclient.netty.request.NettyRequestSender - Using pooled Channel '[id: 0x4fa224a2, L:/127.0.0.1:58523 - R:localhost/127.0.0.1:61343]' for 'GET' to 'http://localhost:61343/session/31c25a5a76ba09c99d62ad12c00d5e9c/element/acea98d0-6d46-4697-84dd-8c045a75e209/enabled'
17:55:25.176 [Forwarding isElementEnabled on session 31c25a5a76ba09c99d62ad12c00d5e9c to remote] DEBUG org.asynchttpclient.netty.request.NettyRequestSender - Using open Channel [id: 0x4fa224a2, L:/127.0.0.1:58523 - R:localhost/127.0.0.1:61343] for GET '/session/31c25a5a76ba09c99d62ad12c00d5e9c/element/acea98d0-6d46-4697-84dd-8c045a75e209/enabled'
17:55:25.191 [AsyncHttpClient-1-3] DEBUG org.asynchttpclient.netty.handler.HttpHandler - 

Request DefaultFullHttpRequest(decodeResult: success, version: HTTP/1.1, content: EmptyByteBufBE)
GET /session/31c25a5a76ba09c99d62ad12c00d5e9c/element/acea98d0-6d46-4697-84dd-8c045a75e209/enabled HTTP/1.1
User-Agent: selenium/4.1.2 (java windows)
Cache-Control: no-cache
Content-Type: application/json; charset=utf-8
host: localhost:61343
accept: */*

Response DefaultHttpResponse(decodeResult: success, version: HTTP/1.1)
HTTP/1.1 200 OK
Content-Type: application/json; charset=utf-8
cache-control: no-cache
content-length: 14

17:55:25.191 [AsyncHttpClient-1-3] DEBUG org.asynchttpclient.netty.channel.ChannelManager - Adding key: http://localhost:61343 for channel [id: 0x4fa224a2, L:/127.0.0.1:58523 - R:localhost/127.0.0.1:61343]
17:55:25.193 [Forwarding isElementEnabled on session 31c25a5a76ba09c99d62ad12c00d5e9c to remote] DEBUG org.asynchttpclient.netty.request.NettyRequestSender - Using pooled Channel '[id: 0x4fa224a2, L:/127.0.0.1:58523 - R:localhost/127.0.0.1:61343]' for 'GET' to 'http://localhost:61343/session/31c25a5a76ba09c99d62ad12c00d5e9c/element/acea98d0-6d46-4697-84dd-8c045a75e209/enabled'
17:55:25.193 [Forwarding isElementEnabled on session 31c25a5a76ba09c99d62ad12c00d5e9c to remote] DEBUG org.asynchttpclient.netty.request.NettyRequestSender - Using open Channel [id: 0x4fa224a2, L:/127.0.0.1:58523 - R:localhost/127.0.0.1:61343] for GET '/session/31c25a5a76ba09c99d62ad12c00d5e9c/element/acea98d0-6d46-4697-84dd-8c045a75e209/enabled'
17:55:25.200 [AsyncHttpClient-1-3] DEBUG org.asynchttpclient.netty.handler.HttpHandler - 

Request DefaultFullHttpRequest(decodeResult: success, version: HTTP/1.1, content: EmptyByteBufBE)
GET /session/31c25a5a76ba09c99d62ad12c00d5e9c/element/acea98d0-6d46-4697-84dd-8c045a75e209/enabled HTTP/1.1
User-Agent: selenium/4.1.2 (java windows)
Cache-Control: no-cache
Content-Type: application/json; charset=utf-8
host: localhost:61343
accept: */*

Response DefaultHttpResponse(decodeResult: success, version: HTTP/1.1)
HTTP/1.1 200 OK
Content-Type: application/json; charset=utf-8
cache-control: no-cache
content-length: 14

17:55:25.201 [AsyncHttpClient-1-3] DEBUG org.asynchttpclient.netty.channel.ChannelManager - Adding key: http://localhost:61343 for channel [id: 0x4fa224a2, L:/127.0.0.1:58523 - R:localhost/127.0.0.1:61343]
17:55:25.203 [Forwarding findElement on session 31c25a5a76ba09c99d62ad12c00d5e9c to remote] DEBUG org.asynchttpclient.netty.request.NettyRequestSender - Using pooled Channel '[id: 0x4fa224a2, L:/127.0.0.1:58523 - R:localhost/127.0.0.1:61343]' for 'POST' to 'http://localhost:61343/session/31c25a5a76ba09c99d62ad12c00d5e9c/element'
17:55:25.203 [Forwarding findElement on session 31c25a5a76ba09c99d62ad12c00d5e9c to remote] DEBUG org.asynchttpclient.netty.request.NettyRequestSender - Using open Channel [id: 0x4fa224a2, L:/127.0.0.1:58523 - R:localhost/127.0.0.1:61343] for POST '/session/31c25a5a76ba09c99d62ad12c00d5e9c/element'
17:55:25.211 [AsyncHttpClient-1-3] DEBUG org.asynchttpclient.netty.handler.HttpHandler - 

Request DefaultHttpRequest(decodeResult: success, version: HTTP/1.1)
POST /session/31c25a5a76ba09c99d62ad12c00d5e9c/element HTTP/1.1
User-Agent: selenium/4.1.2 (java windows)
Content-Length: 92
Content-Type: application/json; charset=utf-8
host: localhost:61343
accept: */*

Response DefaultHttpResponse(decodeResult: success, version: HTTP/1.1)
HTTP/1.1 200 OK
Content-Type: application/json; charset=utf-8
cache-control: no-cache
content-length: 88

17:55:25.211 [AsyncHttpClient-1-3] DEBUG org.asynchttpclient.netty.channel.ChannelManager - Adding key: http://localhost:61343 for channel [id: 0x4fa224a2, L:/127.0.0.1:58523 - R:localhost/127.0.0.1:61343]
17:55:25.213 [Forwarding clickElement on session 31c25a5a76ba09c99d62ad12c00d5e9c to remote] DEBUG org.asynchttpclient.netty.request.NettyRequestSender - Using pooled Channel '[id: 0x4fa224a2, L:/127.0.0.1:58523 - R:localhost/127.0.0.1:61343]' for 'POST' to 'http://localhost:61343/session/31c25a5a76ba09c99d62ad12c00d5e9c/element/acea98d0-6d46-4697-84dd-8c045a75e209/click'
17:55:25.213 [Forwarding clickElement on session 31c25a5a76ba09c99d62ad12c00d5e9c to remote] DEBUG org.asynchttpclient.netty.request.NettyRequestSender - Using open Channel [id: 0x4fa224a2, L:/127.0.0.1:58523 - R:localhost/127.0.0.1:61343] for POST '/session/31c25a5a76ba09c99d62ad12c00d5e9c/element/acea98d0-6d46-4697-84dd-8c045a75e209/click'
17:55:25.264 [AsyncHttpClient-1-3] DEBUG org.asynchttpclient.netty.handler.HttpHandler - 

Request DefaultHttpRequest(decodeResult: success, version: HTTP/1.1)
POST /session/31c25a5a76ba09c99d62ad12c00d5e9c/element/acea98d0-6d46-4697-84dd-8c045a75e209/click HTTP/1.1
User-Agent: selenium/4.1.2 (java windows)
Content-Length: 50
Content-Type: application/json; charset=utf-8
host: localhost:61343
accept: */*

Response DefaultHttpResponse(decodeResult: success, version: HTTP/1.1)
HTTP/1.1 200 OK
Content-Type: application/json; charset=utf-8
cache-control: no-cache
content-length: 14

17:55:25.264 [AsyncHttpClient-1-3] DEBUG org.asynchttpclient.netty.channel.ChannelManager - Adding key: http://localhost:61343 for channel [id: 0x4fa224a2, L:/127.0.0.1:58523 - R:localhost/127.0.0.1:61343]
17:55:25.272 [Forwarding screenshot on session 31c25a5a76ba09c99d62ad12c00d5e9c to remote] DEBUG org.asynchttpclient.netty.request.NettyRequestSender - Using pooled Channel '[id: 0x4fa224a2, L:/127.0.0.1:58523 - R:localhost/127.0.0.1:61343]' for 'GET' to 'http://localhost:61343/session/31c25a5a76ba09c99d62ad12c00d5e9c/screenshot'
17:55:25.272 [Forwarding screenshot on session 31c25a5a76ba09c99d62ad12c00d5e9c to remote] DEBUG org.asynchttpclient.netty.request.NettyRequestSender - Using open Channel [id: 0x4fa224a2, L:/127.0.0.1:58523 - R:localhost/127.0.0.1:61343] for GET '/session/31c25a5a76ba09c99d62ad12c00d5e9c/screenshot'
17:55:25.494 [AsyncHttpClient-1-3] DEBUG org.asynchttpclient.netty.handler.HttpHandler - 

Request DefaultFullHttpRequest(decodeResult: success, version: HTTP/1.1, content: EmptyByteBufBE)
GET /session/31c25a5a76ba09c99d62ad12c00d5e9c/screenshot HTTP/1.1
User-Agent: selenium/4.1.2 (java windows)
Cache-Control: no-cache
Content-Type: application/json; charset=utf-8
host: localhost:61343
accept: */*

Response DefaultHttpResponse(decodeResult: success, version: HTTP/1.1)
HTTP/1.1 200 OK
Content-Type: application/json; charset=utf-8
cache-control: no-cache
content-length: 38376

17:55:25.494 [AsyncHttpClient-1-3] DEBUG org.asynchttpclient.netty.channel.ChannelManager - Adding key: http://localhost:61343 for channel [id: 0x4fa224a2, L:/127.0.0.1:58523 - R:localhost/127.0.0.1:61343]
17:55:25.497 [main] DEBUG net.serenitybdd.core.photography.Darkroom - Send negative for processing for target\site\serenity\00af4b1681e5ff4561dd72cb91a22817a4f754b6e42ad0b27926b93dd6cd9023.png
17:55:25.497 [main] DEBUG net.thucydides.core.steps.StepInterceptor - STEP DONE: clickLoginButton
  &amp#27;[32mAnd &amp#27;[0m&amp#27;[32mI click login button&amp#27;[0m                 &amp#27;[90m# starter.stepdefinitions.LoginSteps.iClickLoginButton()&amp#27;[0m
17:55:25.498 [Darkroom Processing Line] DEBUG net.serenitybdd.core.photography.DarkroomProcessingLine - Processing screenshot image in /var/screenshots/screenshot-13475638968435293450
17:55:25.498 [Darkroom Processing Line] DEBUG net.serenitybdd.core.photography.DarkroomProcessingLine - Saving screenshot to target\site\serenity\00af4b1681e5ff4561dd72cb91a22817a4f754b6e42ad0b27926b93dd6cd9023.png
17:55:25.521 [main] DEBUG net.thucydides.core.steps.StepInterceptor - STARTING STEP: LoginSteps.iGetThe - errorMessageAppears
17:55:25.523 [Forwarding findElement on session 31c25a5a76ba09c99d62ad12c00d5e9c to remote] DEBUG org.asynchttpclient.netty.request.NettyRequestSender - Using pooled Channel '[id: 0x4fa224a2, L:/127.0.0.1:58523 - R:localhost/127.0.0.1:61343]' for 'POST' to 'http://localhost:61343/session/31c25a5a76ba09c99d62ad12c00d5e9c/element'
17:55:25.523 [Forwarding findElement on session 31c25a5a76ba09c99d62ad12c00d5e9c to remote] DEBUG org.asynchttpclient.netty.request.NettyRequestSender - Using open Channel [id: 0x4fa224a2, L:/127.0.0.1:58523 - R:localhost/127.0.0.1:61343] for POST '/session/31c25a5a76ba09c99d62ad12c00d5e9c/element'
17:55:25.525 [AsyncHttpClient-1-3] DEBUG org.asynchttpclient.netty.handler.HttpHandler - 

Request DefaultHttpRequest(decodeResult: success, version: HTTP/1.1)
POST /session/31c25a5a76ba09c99d62ad12c00d5e9c/element HTTP/1.1
User-Agent: selenium/4.1.2 (java windows)
Content-Length: 53
Content-Type: application/json; charset=utf-8
host: localhost:61343
accept: */*

Response DefaultHttpResponse(decodeResult: success, version: HTTP/1.1)
HTTP/1.1 400 Bad Request
Content-Type: application/json; charset=utf-8
cache-control: no-cache
content-length: 957

17:55:25.526 [AsyncHttpClient-1-3] DEBUG org.asynchttpclient.netty.channel.ChannelManager - Adding key: http://localhost:61343 for channel [id: 0x4fa224a2, L:/127.0.0.1:58523 - R:localhost/127.0.0.1:61343]
17:55:25.527 [Forwarding findElement on session 31c25a5a76ba09c99d62ad12c00d5e9c to remote] DEBUG org.asynchttpclient.netty.request.NettyRequestSender - Using pooled Channel '[id: 0x4fa224a2, L:/127.0.0.1:58523 - R:localhost/127.0.0.1:61343]' for 'POST' to 'http://localhost:61343/session/31c25a5a76ba09c99d62ad12c00d5e9c/element'
17:55:25.527 [Forwarding findElement on session 31c25a5a76ba09c99d62ad12c00d5e9c to remote] DEBUG org.asynchttpclient.netty.request.NettyRequestSender - Using open Channel [id: 0x4fa224a2, L:/127.0.0.1:58523 - R:localhost/127.0.0.1:61343] for POST '/session/31c25a5a76ba09c99d62ad12c00d5e9c/element'
17:55:25.540 [AsyncHttpClient-1-3] DEBUG org.asynchttpclient.netty.handler.HttpHandler - 

Request DefaultHttpRequest(decodeResult: success, version: HTTP/1.1)
POST /session/31c25a5a76ba09c99d62ad12c00d5e9c/element HTTP/1.1
User-Agent: selenium/4.1.2 (java windows)
Content-Length: 63
Content-Type: application/json; charset=utf-8
host: localhost:61343
accept: */*

Response DefaultHttpResponse(decodeResult: success, version: HTTP/1.1)
HTTP/1.1 200 OK
Content-Type: application/json; charset=utf-8
cache-control: no-cache
content-length: 88

17:55:25.540 [AsyncHttpClient-1-3] DEBUG org.asynchttpclient.netty.channel.ChannelManager - Adding key: http://localhost:61343 for channel [id: 0x4fa224a2, L:/127.0.0.1:58523 - R:localhost/127.0.0.1:61343]
17:55:25.544 [Forwarding isElementDisplayed on session 31c25a5a76ba09c99d62ad12c00d5e9c to remote] DEBUG org.asynchttpclient.netty.request.NettyRequestSender - Using pooled Channel '[id: 0x4fa224a2, L:/127.0.0.1:58523 - R:localhost/127.0.0.1:61343]' for 'POST' to 'http://localhost:61343/session/31c25a5a76ba09c99d62ad12c00d5e9c/execute/sync'
17:55:25.544 [Forwarding isElementDisplayed on session 31c25a5a76ba09c99d62ad12c00d5e9c to remote] DEBUG org.asynchttpclient.netty.request.NettyRequestSender - Using open Channel [id: 0x4fa224a2, L:/127.0.0.1:58523 - R:localhost/127.0.0.1:61343] for POST '/session/31c25a5a76ba09c99d62ad12c00d5e9c/execute/sync'
17:55:25.564 [AsyncHttpClient-1-3] DEBUG org.asynchttpclient.netty.handler.HttpHandler - 

Request DefaultHttpRequest(decodeResult: success, version: HTTP/1.1)
POST /session/31c25a5a76ba09c99d62ad12c00d5e9c/execute/sync HTTP/1.1
User-Agent: selenium/4.1.2 (java windows)
Content-Length: 48780
Content-Type: application/json; charset=utf-8
host: localhost:61343
accept: */*

Response DefaultHttpResponse(decodeResult: success, version: HTTP/1.1)
HTTP/1.1 200 OK
Content-Type: application/json; charset=utf-8
cache-control: no-cache
content-length: 14

17:55:25.564 [AsyncHttpClient-1-3] DEBUG org.asynchttpclient.netty.channel.ChannelManager - Adding key: http://localhost:61343 for channel [id: 0x4fa224a2, L:/127.0.0.1:58523 - R:localhost/127.0.0.1:61343]
17:55:25.568 [Forwarding screenshot on session 31c25a5a76ba09c99d62ad12c00d5e9c to remote] DEBUG org.asynchttpclient.netty.request.NettyRequestSender - Using pooled Channel '[id: 0x4fa224a2, L:/127.0.0.1:58523 - R:localhost/127.0.0.1:61343]' for 'GET' to 'http://localhost:61343/session/31c25a5a76ba09c99d62ad12c00d5e9c/screenshot'
17:55:25.569 [Forwarding screenshot on session 31c25a5a76ba09c99d62ad12c00d5e9c to remote] DEBUG org.asynchttpclient.netty.request.NettyRequestSender - Using open Channel [id: 0x4fa224a2, L:/127.0.0.1:58523 - R:localhost/127.0.0.1:61343] for GET '/session/31c25a5a76ba09c99d62ad12c00d5e9c/screenshot'
17:55:25.855 [AsyncHttpClient-1-3] DEBUG org.asynchttpclient.netty.handler.HttpHandler - 

Request DefaultFullHttpRequest(decodeResult: success, version: HTTP/1.1, content: EmptyByteBufBE)
GET /session/31c25a5a76ba09c99d62ad12c00d5e9c/screenshot HTTP/1.1
User-Agent: selenium/4.1.2 (java windows)
Cache-Control: no-cache
Content-Type: application/json; charset=utf-8
host: localhost:61343
accept: */*

Response DefaultHttpResponse(decodeResult: success, version: HTTP/1.1)
HTTP/1.1 200 OK
Content-Type: application/json; charset=utf-8
cache-control: no-cache
content-length: 44816

17:55:25.855 [AsyncHttpClient-1-3] DEBUG org.asynchttpclient.netty.channel.ChannelManager - Adding key: http://localhost:61343 for channel [id: 0x4fa224a2, L:/127.0.0.1:58523 - R:localhost/127.0.0.1:61343]
17:55:25.858 [main] DEBUG net.serenitybdd.core.photography.Darkroom - Send negative for processing for target\site\serenity\1d7d2722495a92319f2d3d4e9c847a72559c8b98dd2a958b2a5c799c14dd39b3.png
17:55:25.858 [main] DEBUG net.thucydides.core.steps.StepInterceptor - STEP DONE: errorMessageAppears
17:55:25.859 [Darkroom Processing Line] DEBUG net.serenitybdd.core.photography.DarkroomProcessingLine - Processing screenshot image in /var/screenshots/screenshot-8065154881901111738
17:55:25.859 [Darkroom Processing Line] DEBUG net.serenitybdd.core.photography.DarkroomProcessingLine - Saving screenshot to target\site\serenity\1d7d2722495a92319f2d3d4e9c847a72559c8b98dd2a958b2a5c799c14dd39b3.png
17:55:25.863 [main] DEBUG net.thucydides.core.steps.StepInterceptor - STARTING STEP: LoginSteps.iGetThe - errorMessageEqual
17:55:25.864 [Forwarding findElement on session 31c25a5a76ba09c99d62ad12c00d5e9c to remote] DEBUG org.asynchttpclient.netty.request.NettyRequestSender - Using pooled Channel '[id: 0x4fa224a2, L:/127.0.0.1:58523 - R:localhost/127.0.0.1:61343]' for 'POST' to 'http://localhost:61343/session/31c25a5a76ba09c99d62ad12c00d5e9c/element'
17:55:25.865 [Forwarding findElement on session 31c25a5a76ba09c99d62ad12c00d5e9c to remote] DEBUG org.asynchttpclient.netty.request.NettyRequestSender - Using open Channel [id: 0x4fa224a2, L:/127.0.0.1:58523 - R:localhost/127.0.0.1:61343] for POST '/session/31c25a5a76ba09c99d62ad12c00d5e9c/element'
17:55:25.873 [AsyncHttpClient-1-3] DEBUG org.asynchttpclient.netty.handler.HttpHandler - 

Request DefaultHttpRequest(decodeResult: success, version: HTTP/1.1)
POST /session/31c25a5a76ba09c99d62ad12c00d5e9c/element HTTP/1.1
User-Agent: selenium/4.1.2 (java windows)
Content-Length: 63
Content-Type: application/json; charset=utf-8
host: localhost:61343
accept: */*

Response DefaultHttpResponse(decodeResult: success, version: HTTP/1.1)
HTTP/1.1 200 OK
Content-Type: application/json; charset=utf-8
cache-control: no-cache
content-length: 88

17:55:25.873 [AsyncHttpClient-1-3] DEBUG org.asynchttpclient.netty.channel.ChannelManager - Adding key: http://localhost:61343 for channel [id: 0x4fa224a2, L:/127.0.0.1:58523 - R:localhost/127.0.0.1:61343]
17:55:25.874 [Forwarding getElementText on session 31c25a5a76ba09c99d62ad12c00d5e9c to remote] DEBUG org.asynchttpclient.netty.request.NettyRequestSender - Using pooled Channel '[id: 0x4fa224a2, L:/127.0.0.1:58523 - R:localhost/127.0.0.1:61343]' for 'GET' to 'http://localhost:61343/session/31c25a5a76ba09c99d62ad12c00d5e9c/element/f762303f-172f-4a8f-b557-838685c4dbc3/text'
17:55:25.874 [Forwarding getElementText on session 31c25a5a76ba09c99d62ad12c00d5e9c to remote] DEBUG org.asynchttpclient.netty.request.NettyRequestSender - Using open Channel [id: 0x4fa224a2, L:/127.0.0.1:58523 - R:localhost/127.0.0.1:61343] for GET '/session/31c25a5a76ba09c99d62ad12c00d5e9c/element/f762303f-172f-4a8f-b557-838685c4dbc3/text'
17:55:25.889 [AsyncHttpClient-1-3] DEBUG org.asynchttpclient.netty.handler.HttpHandler - 

Request DefaultFullHttpRequest(decodeResult: success, version: HTTP/1.1, content: EmptyByteBufBE)
GET /session/31c25a5a76ba09c99d62ad12c00d5e9c/element/f762303f-172f-4a8f-b557-838685c4dbc3/text HTTP/1.1
User-Agent: selenium/4.1.2 (java windows)
Cache-Control: no-cache
Content-Type: application/json; charset=utf-8
host: localhost:61343
accept: */*

Response DefaultHttpResponse(decodeResult: success, version: HTTP/1.1)
HTTP/1.1 200 OK
Content-Type: application/json; charset=utf-8
cache-control: no-cache
content-length: 32

17:55:25.889 [AsyncHttpClient-1-3] DEBUG org.asynchttpclient.netty.channel.ChannelManager - Adding key: http://localhost:61343 for channel [id: 0x4fa224a2, L:/127.0.0.1:58523 - R:localhost/127.0.0.1:61343]
17:55:25.892 [main] DEBUG net.thucydides.core.steps.StepInterceptor - STEP DONE: errorMessageEqual
  &amp#27;[32mThen &amp#27;[0m&amp#27;[32mI get the &amp#27;[0m&amp#27;[32m&amp#27;[1m"password is required"&amp#27;[0m    &amp#27;[90m# starter.stepdefinitions.LoginSteps.iGetThe(java.lang.String)&amp#27;[0m
17:55:25.900 [AsyncHttpClient-1-5] DEBUG org.asynchttpclient.netty.handler.WebSocketHandler - Channel Closed: [id: 0xea4ebc13, L:/127.0.0.1:58531 ! R:localhost/127.0.0.1:58524] with attribute NettyResponseFuture{currentRetry=5,
	isDone=1,
	isCancelled=0,
	asyncHandler=org.asynchttpclient.ws.WebSocketUpgradeHandler@69393a6d,
	nettyRequest=org.asynchttpclient.netty.request.NettyRequest@70665787,
	future=java.util.concurrent.CompletableFuture@1cb99bb8[Completed normally],
	uri=ws://localhost:58524/devtools/browser/e2825a23-27b2-4241-a050-381476f06fd8,
	keepAlive=true,
	redirectCount=0,
	timeoutsHolder=null,
	inAuth=0,
	touch=1652784922024}
17:55:25.900 [AsyncHttpClient-1-5] DEBUG org.asynchttpclient.netty.channel.ChannelManager - Closing Channel [id: 0xea4ebc13, L:/127.0.0.1:58531 ! R:localhost/127.0.0.1:58524] 
17:55:25.901 [Driver Command Executor] DEBUG org.asynchttpclient.netty.request.NettyRequestSender - Using pooled Channel '[id: 0x4fa224a2, L:/127.0.0.1:58523 - R:localhost/127.0.0.1:61343]' for 'DELETE' to 'http://localhost:61343/session/31c25a5a76ba09c99d62ad12c00d5e9c'
17:55:25.901 [Driver Command Executor] DEBUG org.asynchttpclient.netty.request.NettyRequestSender - Using open Channel [id: 0x4fa224a2, L:/127.0.0.1:58523 - R:localhost/127.0.0.1:61343] for DELETE '/session/31c25a5a76ba09c99d62ad12c00d5e9c'
17:55:25.926 [AsyncHttpClient-1-4] DEBUG org.asynchttpclient.netty.handler.HttpHandler - Unexpected I/O exception on channel [id: 0xf3e85976, L:/127.0.0.1:58530 - R:localhost/127.0.0.1:58524]
java.net.SocketException: Connection reset
	at java.base/sun.nio.ch.SocketChannelImpl.throwConnectionReset(SocketChannelImpl.java:367)
	at java.base/sun.nio.ch.SocketChannelImpl.read(SocketChannelImpl.java:398)
	at io.netty.buffer.PooledByteBuf.setBytes(PooledByteBuf.java:258)
	at io.netty.buffer.AbstractByteBuf.writeBytes(AbstractByteBuf.java:1132)
	at io.netty.channel.socket.nio.NioSocketChannel.doReadBytes(NioSocketChannel.java:350)
	at io.netty.channel.nio.AbstractNioByteChannel$NioByteUnsafe.read(AbstractNioByteChannel.java:151)
	at io.netty.channel.nio.NioEventLoop.processSelectedKey(NioEventLoop.java:722)
	at io.netty.channel.nio.NioEventLoop.processSelectedKeysOptimized(NioEventLoop.java:658)
	at io.netty.channel.nio.NioEventLoop.processSelectedKeys(NioEventLoop.java:584)
	at io.netty.channel.nio.NioEventLoop.run(NioEventLoop.java:496)
	at io.netty.util.concurrent.SingleThreadEventExecutor$4.run(SingleThreadEventExecutor.java:986)
	at io.netty.util.internal.ThreadExecutorMap$2.run(ThreadExecutorMap.java:74)
	at io.netty.util.concurrent.FastThreadLocalRunnable.run(FastThreadLocalRunnable.java:30)
	at java.base/java.lang.Thread.run(Thread.java:832)
17:55:25.927 [AsyncHttpClient-1-4] DEBUG org.asynchttpclient.netty.channel.ChannelManager - Closing Channel [id: 0xf3e85976, L:/127.0.0.1:58530 - R:localhost/127.0.0.1:58524] 
17:55:25.927 [AsyncHttpClient-1-4] DEBUG org.asynchttpclient.netty.handler.HttpHandler - Channel Closed: [id: 0xf3e85976, L:/127.0.0.1:58530 ! R:localhost/127.0.0.1:58524] with attribute DISCARD
17:55:25.941 [AsyncHttpClient-1-3] DEBUG org.asynchttpclient.netty.handler.HttpHandler - 

Request DefaultFullHttpRequest(decodeResult: success, version: HTTP/1.1, content: EmptyByteBufBE)
DELETE /session/31c25a5a76ba09c99d62ad12c00d5e9c HTTP/1.1
User-Agent: selenium/4.1.2 (java windows)
Content-Type: application/json; charset=utf-8
host: localhost:61343
accept: */*

Response DefaultHttpResponse(decodeResult: success, version: HTTP/1.1)
HTTP/1.1 200 OK
Content-Type: application/json; charset=utf-8
cache-control: no-cache
content-length: 14

17:55:25.941 [AsyncHttpClient-1-3] DEBUG org.asynchttpclient.netty.channel.ChannelManager - Adding key: http://localhost:61343 for channel [id: 0x4fa224a2, L:/127.0.0.1:58523 - R:localhost/127.0.0.1:61343]
17:55:26.043 [AsyncHttpClient-1-3] DEBUG org.asynchttpclient.netty.handler.HttpHandler - Channel Closed: [id: 0x4fa224a2, L:/127.0.0.1:58523 ! R:localhost/127.0.0.1:61343] with attribute DISCARD
17:55:26.122 [AsyncHttpClient-1-1] DEBUG org.asynchttpclient.netty.channel.DefaultChannelPool - Entry count for : http://localhost:58524 : 1
17:55:26.122 [AsyncHttpClient-1-1] DEBUG org.asynchttpclient.netty.channel.DefaultChannelPool - Entry count for : http://localhost:61343 : 1
17:55:26.122 [AsyncHttpClient-1-1] DEBUG org.asynchttpclient.netty.channel.DefaultChannelPool - Adding Candidate expired Channel [id: 0xf3e85976, L:/127.0.0.1:58530 ! R:localhost/127.0.0.1:58524] isIdleTimeoutExpired=false isRemotelyClosed=true isTtlExpired=false
17:55:26.122 [AsyncHttpClient-1-1] DEBUG org.asynchttpclient.netty.channel.DefaultChannelPool - Closing Idle Channel [id: 0xf3e85976, L:/127.0.0.1:58530 ! R:localhost/127.0.0.1:58524]
17:55:26.122 [AsyncHttpClient-1-1] DEBUG org.asynchttpclient.netty.channel.DefaultChannelPool - Adding Candidate expired Channel [id: 0x4fa224a2, L:/127.0.0.1:58523 ! R:localhost/127.0.0.1:61343] isIdleTimeoutExpired=false isRemotelyClosed=true isTtlExpired=false
17:55:26.122 [AsyncHttpClient-1-1] DEBUG org.asynchttpclient.netty.channel.DefaultChannelPool - Closing Idle Channel [id: 0x4fa224a2, L:/127.0.0.1:58523 ! R:localhost/127.0.0.1:61343]
17:55:26.122 [AsyncHttpClient-1-1] DEBUG org.asynchttpclient.netty.channel.DefaultChannelPool - Closed 2 connections out of 2 in 0 ms
]]></system-out>
    <system-err><![CDATA[Starting ChromeDriver 101.0.4951.41 (93c720db8323b3ec10d056025ab95c23a31997c9-refs/branch-heads/4951@{#904}) on port 61343
Only local connections are allowed.
Please see https://chromedriver.chromium.org/security-considerations for suggestions on keeping ChromeDriver safe.
ChromeDriver was started successfully.
May 17, 2022 5:55:22 PM org.openqa.selenium.remote.ProtocolHandshake createSession
INFO: Detected dialect: W3C
May 17, 2022 5:55:22 PM org.openqa.selenium.devtools.CdpVersionFinder findNearestMatch
WARNING: Unable to find an exact match for CDP version 101, so returning the closest version found: 97
May 17, 2022 5:55:22 PM org.openqa.selenium.devtools.CdpVersionFinder findNearestMatch
INFO: Found CDP implementation for version 101 of 97
]]></system-err>
  </testcase>
  <testcase name="Login Scenario #7" classname="Login" time="5.69">
    <system-out><![CDATA[
@Login
Scenario Outline: Login Scenario     &amp#27;[90m# src/test/resources/features/Login.feature:24&amp#27;[0m
17:55:26.575 [main] INFO io.cucumber.core.plugin.SerenityReporter - Running feature from file:///E:/Learn/ProjectTestWeb/src/test/resources/features/Login.feature
17:55:26.594 [main] INFO net.serenitybdd.core.webdriver.driverproviders.ChromeDriverProvider - Using automatically driver download
17:55:26.815 [main] DEBUG io.github.bonigarcia.wdm.cache.ResolutionCache - Resolution chrome=101 in cache (valid until 18:23:13 17/05/2022 ICT)
17:55:26.820 [main] DEBUG io.github.bonigarcia.wdm.cache.ResolutionCache - Resolution chrome101=101.0.4951.41 in cache (valid until 17:23:13 18/05/2022 ICT)
17:55:26.821 [main] INFO io.github.bonigarcia.wdm.WebDriverManager - Using chromedriver 101.0.4951.41 (resolved driver for Chrome 101)
17:55:26.835 [main] DEBUG io.github.bonigarcia.wdm.WebDriverManager - Driver chromedriver 101.0.4951.41 found in cache
17:55:26.836 [main] INFO io.github.bonigarcia.wdm.WebDriverManager - Exporting webdriver.chrome.driver as C:\Users\HP\.cache\selenium\chromedriver\win32\101.0.4951.41\chromedriver.exe
17:55:27.057 [main] DEBUG net.serenitybdd.core.webdriver.driverproviders.ProvideNewDriver - Instantiating driver
17:55:27.057 [main] DEBUG net.serenitybdd.core.webdriver.driverproviders.ProvideNewDriver - Driver capabilities: Capabilities {acceptInsecureCerts: false, base.url: , browserName: chrome, goog:chromeOptions: {args: [], extensions: []}}
17:55:27.611 [AsyncHttpClient-1-6] DEBUG org.asynchttpclient.netty.channel.NettyConnectListener - Using new Channel '[id: 0x785c54f2, L:/127.0.0.1:58551 - R:localhost/127.0.0.1:63897]' for 'POST' to '/session'
17:55:28.322 [AsyncHttpClient-1-6] DEBUG org.asynchttpclient.netty.handler.HttpHandler - 

Request DefaultHttpRequest(decodeResult: success, version: HTTP/1.1)
POST /session HTTP/1.1
User-Agent: selenium/4.1.2 (java windows)
Content-Length: 457
Content-Type: application/json; charset=utf-8
host: localhost:63897
accept: */*

Response DefaultHttpResponse(decodeResult: success, version: HTTP/1.1)
HTTP/1.1 200 OK
Content-Type: application/json; charset=utf-8
cache-control: no-cache
content-length: 787

17:55:28.322 [AsyncHttpClient-1-6] DEBUG org.asynchttpclient.netty.channel.ChannelManager - Adding key: http://localhost:63897 for channel [id: 0x785c54f2, L:/127.0.0.1:58551 - R:localhost/127.0.0.1:63897]
17:55:28.330 [AsyncHttpClient-1-7] DEBUG org.asynchttpclient.netty.channel.NettyConnectListener - Using new Channel '[id: 0x159db94b, L:/127.0.0.1:58558 - R:localhost/127.0.0.1:58552]' for 'GET' to '/json/version'
17:55:28.331 [AsyncHttpClient-1-7] DEBUG org.asynchttpclient.netty.handler.HttpHandler - 

Request DefaultFullHttpRequest(decodeResult: success, version: HTTP/1.1, content: EmptyByteBufBE)
GET /json/version HTTP/1.1
User-Agent: selenium/4.1.2 (java windows)
host: localhost:58552
accept: */*

Response DefaultHttpResponse(decodeResult: success, version: HTTP/1.1)
HTTP/1.1 200 OK
Content-Type: application/json; charset=UTF-8
content-length: 427

17:55:28.331 [AsyncHttpClient-1-7] DEBUG org.asynchttpclient.netty.channel.ChannelManager - Adding key: http://localhost:58552 for channel [id: 0x159db94b, L:/127.0.0.1:58558 - R:localhost/127.0.0.1:58552]
17:55:28.334 [AsyncHttpClient-1-8] DEBUG org.asynchttpclient.netty.channel.NettyConnectListener - Using new Channel '[id: 0x129a04e5, L:/127.0.0.1:58559 - R:localhost/127.0.0.1:58552]' for 'GET' to '/devtools/browser/6d0940c4-b49a-4b2f-9ca9-50dfb499a628'
17:55:28.334 [AsyncHttpClient-1-8] DEBUG org.asynchttpclient.netty.handler.WebSocketHandler - 

Request DefaultFullHttpRequest(decodeResult: success, version: HTTP/1.1, content: EmptyByteBufBE)
GET /devtools/browser/6d0940c4-b49a-4b2f-9ca9-50dfb499a628 HTTP/1.1
upgrade: websocket
connection: upgrade
sec-websocket-key: wxpi57HvmKiWuSdINpdbAg==
sec-websocket-version: 13
origin: http://localhost:58552
host: localhost:58552
accept: */*
user-agent: AHC/2.1

Response DefaultHttpResponse(decodeResult: success, version: HTTP/1.1)
HTTP/1.1 101 WebSocket Protocol Handshake
Upgrade: WebSocket
Connection: Upgrade
Sec-WebSocket-Accept: C+5rbsXiMk+1GCrdH2UwLKhtPLE=

17:55:28.339 [Forwarding get on session e9c47d349d01e54771683fdda9c34cc8 to remote] DEBUG org.asynchttpclient.netty.request.NettyRequestSender - Using pooled Channel '[id: 0x785c54f2, L:/127.0.0.1:58551 - R:localhost/127.0.0.1:63897]' for 'POST' to 'http://localhost:63897/session/e9c47d349d01e54771683fdda9c34cc8/url'
17:55:28.339 [Forwarding get on session e9c47d349d01e54771683fdda9c34cc8 to remote] DEBUG org.asynchttpclient.netty.request.NettyRequestSender - Using open Channel [id: 0x785c54f2, L:/127.0.0.1:58551 - R:localhost/127.0.0.1:63897] for POST '/session/e9c47d349d01e54771683fdda9c34cc8/url'
17:55:29.268 [AsyncHttpClient-1-6] DEBUG org.asynchttpclient.netty.handler.HttpHandler - 

Request DefaultHttpRequest(decodeResult: success, version: HTTP/1.1)
POST /session/e9c47d349d01e54771683fdda9c34cc8/url HTTP/1.1
User-Agent: selenium/4.1.2 (java windows)
Content-Length: 64
Content-Type: application/json; charset=utf-8
host: localhost:63897
accept: */*

Response DefaultHttpResponse(decodeResult: success, version: HTTP/1.1)
HTTP/1.1 200 OK
Content-Type: application/json; charset=utf-8
cache-control: no-cache
content-length: 14

17:55:29.268 [AsyncHttpClient-1-6] DEBUG org.asynchttpclient.netty.channel.ChannelManager - Adding key: http://localhost:63897 for channel [id: 0x785c54f2, L:/127.0.0.1:58551 - R:localhost/127.0.0.1:63897]
17:55:29.269 [Forwarding setTimeout on session e9c47d349d01e54771683fdda9c34cc8 to remote] DEBUG org.asynchttpclient.netty.request.NettyRequestSender - Using pooled Channel '[id: 0x785c54f2, L:/127.0.0.1:58551 - R:localhost/127.0.0.1:63897]' for 'POST' to 'http://localhost:63897/session/e9c47d349d01e54771683fdda9c34cc8/timeouts'
17:55:29.269 [Forwarding setTimeout on session e9c47d349d01e54771683fdda9c34cc8 to remote] DEBUG org.asynchttpclient.netty.request.NettyRequestSender - Using open Channel [id: 0x785c54f2, L:/127.0.0.1:58551 - R:localhost/127.0.0.1:63897] for POST '/session/e9c47d349d01e54771683fdda9c34cc8/timeouts'
17:55:29.270 [AsyncHttpClient-1-6] DEBUG org.asynchttpclient.netty.handler.HttpHandler - 

Request DefaultHttpRequest(decodeResult: success, version: HTTP/1.1)
POST /session/e9c47d349d01e54771683fdda9c34cc8/timeouts HTTP/1.1
User-Agent: selenium/4.1.2 (java windows)
Content-Length: 22
Content-Type: application/json; charset=utf-8
host: localhost:63897
accept: */*

Response DefaultHttpResponse(decodeResult: success, version: HTTP/1.1)
HTTP/1.1 200 OK
Content-Type: application/json; charset=utf-8
cache-control: no-cache
content-length: 14

17:55:29.270 [AsyncHttpClient-1-6] DEBUG org.asynchttpclient.netty.channel.ChannelManager - Adding key: http://localhost:63897 for channel [id: 0x785c54f2, L:/127.0.0.1:58551 - R:localhost/127.0.0.1:63897]
17:55:29.273 [Forwarding getCurrentUrl on session e9c47d349d01e54771683fdda9c34cc8 to remote] DEBUG org.asynchttpclient.netty.request.NettyRequestSender - Using pooled Channel '[id: 0x785c54f2, L:/127.0.0.1:58551 - R:localhost/127.0.0.1:63897]' for 'GET' to 'http://localhost:63897/session/e9c47d349d01e54771683fdda9c34cc8/url'
17:55:29.273 [Forwarding getCurrentUrl on session e9c47d349d01e54771683fdda9c34cc8 to remote] DEBUG org.asynchttpclient.netty.request.NettyRequestSender - Using open Channel [id: 0x785c54f2, L:/127.0.0.1:58551 - R:localhost/127.0.0.1:63897] for GET '/session/e9c47d349d01e54771683fdda9c34cc8/url'
17:55:29.277 [AsyncHttpClient-1-6] DEBUG org.asynchttpclient.netty.handler.HttpHandler - 

Request DefaultFullHttpRequest(decodeResult: success, version: HTTP/1.1, content: EmptyByteBufBE)
GET /session/e9c47d349d01e54771683fdda9c34cc8/url HTTP/1.1
User-Agent: selenium/4.1.2 (java windows)
Cache-Control: no-cache
Content-Type: application/json; charset=utf-8
host: localhost:63897
accept: */*

Response DefaultHttpResponse(decodeResult: success, version: HTTP/1.1)
HTTP/1.1 200 OK
Content-Type: application/json; charset=utf-8
cache-control: no-cache
content-length: 41

17:55:29.277 [AsyncHttpClient-1-6] DEBUG org.asynchttpclient.netty.channel.ChannelManager - Adding key: http://localhost:63897 for channel [id: 0x785c54f2, L:/127.0.0.1:58551 - R:localhost/127.0.0.1:63897]
17:55:29.285 [Forwarding screenshot on session e9c47d349d01e54771683fdda9c34cc8 to remote] DEBUG org.asynchttpclient.netty.request.NettyRequestSender - Using pooled Channel '[id: 0x785c54f2, L:/127.0.0.1:58551 - R:localhost/127.0.0.1:63897]' for 'GET' to 'http://localhost:63897/session/e9c47d349d01e54771683fdda9c34cc8/screenshot'
17:55:29.285 [Forwarding screenshot on session e9c47d349d01e54771683fdda9c34cc8 to remote] DEBUG org.asynchttpclient.netty.request.NettyRequestSender - Using open Channel [id: 0x785c54f2, L:/127.0.0.1:58551 - R:localhost/127.0.0.1:63897] for GET '/session/e9c47d349d01e54771683fdda9c34cc8/screenshot'
17:55:29.415 [AsyncHttpClient-1-1] DEBUG org.asynchttpclient.netty.channel.DefaultChannelPool - Entry count for : http://localhost:58552 : 1
17:55:29.733 [AsyncHttpClient-1-6] DEBUG org.asynchttpclient.netty.handler.HttpHandler - 

Request DefaultFullHttpRequest(decodeResult: success, version: HTTP/1.1, content: EmptyByteBufBE)
GET /session/e9c47d349d01e54771683fdda9c34cc8/screenshot HTTP/1.1
User-Agent: selenium/4.1.2 (java windows)
Cache-Control: no-cache
Content-Type: application/json; charset=utf-8
host: localhost:63897
accept: */*

Response DefaultHttpResponse(decodeResult: success, version: HTTP/1.1)
HTTP/1.1 200 OK
Content-Type: application/json; charset=utf-8
cache-control: no-cache
content-length: 32228

17:55:29.734 [AsyncHttpClient-1-6] DEBUG org.asynchttpclient.netty.channel.ChannelManager - Adding key: http://localhost:63897 for channel [id: 0x785c54f2, L:/127.0.0.1:58551 - R:localhost/127.0.0.1:63897]
17:55:29.735 [main] DEBUG net.serenitybdd.core.photography.Darkroom - Send negative for processing for target\site\serenity\4510322e36bb11a6014d8509eafdfeb27c6a3a7394c1f9ef4b696c572e41b18d.png
17:55:29.736 [main] DEBUG net.thucydides.core.steps.StepInterceptor - STARTING STEP: LoginSteps.iAmOnTheLoginPage - validateOnLoginPage
17:55:29.738 [Forwarding findElement on session e9c47d349d01e54771683fdda9c34cc8 to remote] DEBUG org.asynchttpclient.netty.request.NettyRequestSender - Using pooled Channel '[id: 0x785c54f2, L:/127.0.0.1:58551 - R:localhost/127.0.0.1:63897]' for 'POST' to 'http://localhost:63897/session/e9c47d349d01e54771683fdda9c34cc8/element'
17:55:29.738 [Forwarding findElement on session e9c47d349d01e54771683fdda9c34cc8 to remote] DEBUG org.asynchttpclient.netty.request.NettyRequestSender - Using open Channel [id: 0x785c54f2, L:/127.0.0.1:58551 - R:localhost/127.0.0.1:63897] for POST '/session/e9c47d349d01e54771683fdda9c34cc8/element'
17:55:29.752 [AsyncHttpClient-1-6] DEBUG org.asynchttpclient.netty.handler.HttpHandler - 

Request DefaultHttpRequest(decodeResult: success, version: HTTP/1.1)
POST /session/e9c47d349d01e54771683fdda9c34cc8/element HTTP/1.1
User-Agent: selenium/4.1.2 (java windows)
Content-Length: 92
Content-Type: application/json; charset=utf-8
host: localhost:63897
accept: */*

Response DefaultHttpResponse(decodeResult: success, version: HTTP/1.1)
HTTP/1.1 200 OK
Content-Type: application/json; charset=utf-8
cache-control: no-cache
content-length: 88

17:55:29.752 [AsyncHttpClient-1-6] DEBUG org.asynchttpclient.netty.channel.ChannelManager - Adding key: http://localhost:63897 for channel [id: 0x785c54f2, L:/127.0.0.1:58551 - R:localhost/127.0.0.1:63897]
17:55:29.756 [Forwarding isElementDisplayed on session e9c47d349d01e54771683fdda9c34cc8 to remote] DEBUG org.asynchttpclient.netty.request.NettyRequestSender - Using pooled Channel '[id: 0x785c54f2, L:/127.0.0.1:58551 - R:localhost/127.0.0.1:63897]' for 'POST' to 'http://localhost:63897/session/e9c47d349d01e54771683fdda9c34cc8/execute/sync'
17:55:29.757 [Forwarding isElementDisplayed on session e9c47d349d01e54771683fdda9c34cc8 to remote] DEBUG org.asynchttpclient.netty.request.NettyRequestSender - Using open Channel [id: 0x785c54f2, L:/127.0.0.1:58551 - R:localhost/127.0.0.1:63897] for POST '/session/e9c47d349d01e54771683fdda9c34cc8/execute/sync'
17:55:29.773 [AsyncHttpClient-1-6] DEBUG org.asynchttpclient.netty.handler.HttpHandler - 

Request DefaultHttpRequest(decodeResult: success, version: HTTP/1.1)
POST /session/e9c47d349d01e54771683fdda9c34cc8/execute/sync HTTP/1.1
User-Agent: selenium/4.1.2 (java windows)
Content-Length: 48780
Content-Type: application/json; charset=utf-8
host: localhost:63897
accept: */*

Response DefaultHttpResponse(decodeResult: success, version: HTTP/1.1)
HTTP/1.1 200 OK
Content-Type: application/json; charset=utf-8
cache-control: no-cache
content-length: 14

17:55:29.774 [AsyncHttpClient-1-6] DEBUG org.asynchttpclient.netty.channel.ChannelManager - Adding key: http://localhost:63897 for channel [id: 0x785c54f2, L:/127.0.0.1:58551 - R:localhost/127.0.0.1:63897]
17:55:29.777 [main] DEBUG net.thucydides.core.steps.StepInterceptor - STEP DONE: validateOnLoginPage
  &amp#27;[32mGiven &amp#27;[0m&amp#27;[32mI am on the login page&amp#27;[0m       &amp#27;[90m# starter.stepdefinitions.LoginSteps.iAmOnTheLoginPage()&amp#27;[0m
17:55:29.791 [Forwarding screenshot on session e9c47d349d01e54771683fdda9c34cc8 to remote] DEBUG org.asynchttpclient.netty.request.NettyRequestSender - Using pooled Channel '[id: 0x785c54f2, L:/127.0.0.1:58551 - R:localhost/127.0.0.1:63897]' for 'GET' to 'http://localhost:63897/session/e9c47d349d01e54771683fdda9c34cc8/screenshot'
17:55:29.791 [Forwarding screenshot on session e9c47d349d01e54771683fdda9c34cc8 to remote] DEBUG org.asynchttpclient.netty.request.NettyRequestSender - Using open Channel [id: 0x785c54f2, L:/127.0.0.1:58551 - R:localhost/127.0.0.1:63897] for GET '/session/e9c47d349d01e54771683fdda9c34cc8/screenshot'
17:55:29.982 [AsyncHttpClient-1-6] DEBUG org.asynchttpclient.netty.handler.HttpHandler - 

Request DefaultFullHttpRequest(decodeResult: success, version: HTTP/1.1, content: EmptyByteBufBE)
GET /session/e9c47d349d01e54771683fdda9c34cc8/screenshot HTTP/1.1
User-Agent: selenium/4.1.2 (java windows)
Cache-Control: no-cache
Content-Type: application/json; charset=utf-8
host: localhost:63897
accept: */*

Response DefaultHttpResponse(decodeResult: success, version: HTTP/1.1)
HTTP/1.1 200 OK
Content-Type: application/json; charset=utf-8
cache-control: no-cache
content-length: 32228

17:55:29.982 [AsyncHttpClient-1-6] DEBUG org.asynchttpclient.netty.channel.ChannelManager - Adding key: http://localhost:63897 for channel [id: 0x785c54f2, L:/127.0.0.1:58551 - R:localhost/127.0.0.1:63897]
17:55:29.986 [main] DEBUG net.serenitybdd.core.photography.Darkroom - Send negative for processing for target\site\serenity\4510322e36bb11a6014d8509eafdfeb27c6a3a7394c1f9ef4b696c572e41b18d.png
17:55:29.986 [main] DEBUG net.thucydides.core.steps.StepInterceptor - STARTING STEP: LoginSteps.iInputEmail - inputEmail
17:55:29.990 [Forwarding findElement on session e9c47d349d01e54771683fdda9c34cc8 to remote] DEBUG org.asynchttpclient.netty.request.NettyRequestSender - Using pooled Channel '[id: 0x785c54f2, L:/127.0.0.1:58551 - R:localhost/127.0.0.1:63897]' for 'POST' to 'http://localhost:63897/session/e9c47d349d01e54771683fdda9c34cc8/element'
17:55:29.990 [Forwarding findElement on session e9c47d349d01e54771683fdda9c34cc8 to remote] DEBUG org.asynchttpclient.netty.request.NettyRequestSender - Using open Channel [id: 0x785c54f2, L:/127.0.0.1:58551 - R:localhost/127.0.0.1:63897] for POST '/session/e9c47d349d01e54771683fdda9c34cc8/element'
17:55:30.012 [AsyncHttpClient-1-6] DEBUG org.asynchttpclient.netty.handler.HttpHandler - 

Request DefaultHttpRequest(decodeResult: success, version: HTTP/1.1)
POST /session/e9c47d349d01e54771683fdda9c34cc8/element HTTP/1.1
User-Agent: selenium/4.1.2 (java windows)
Content-Length: 84
Content-Type: application/json; charset=utf-8
host: localhost:63897
accept: */*

Response DefaultHttpResponse(decodeResult: success, version: HTTP/1.1)
HTTP/1.1 200 OK
Content-Type: application/json; charset=utf-8
cache-control: no-cache
content-length: 88

17:55:30.012 [AsyncHttpClient-1-6] DEBUG org.asynchttpclient.netty.channel.ChannelManager - Adding key: http://localhost:63897 for channel [id: 0x785c54f2, L:/127.0.0.1:58551 - R:localhost/127.0.0.1:63897]
17:55:30.013 [Forwarding clearElement on session e9c47d349d01e54771683fdda9c34cc8 to remote] DEBUG org.asynchttpclient.netty.request.NettyRequestSender - Using pooled Channel '[id: 0x785c54f2, L:/127.0.0.1:58551 - R:localhost/127.0.0.1:63897]' for 'POST' to 'http://localhost:63897/session/e9c47d349d01e54771683fdda9c34cc8/element/423cdacf-cc8a-4de1-b549-7f4bc4e9b036/clear'
17:55:30.014 [Forwarding clearElement on session e9c47d349d01e54771683fdda9c34cc8 to remote] DEBUG org.asynchttpclient.netty.request.NettyRequestSender - Using open Channel [id: 0x785c54f2, L:/127.0.0.1:58551 - R:localhost/127.0.0.1:63897] for POST '/session/e9c47d349d01e54771683fdda9c34cc8/element/423cdacf-cc8a-4de1-b549-7f4bc4e9b036/clear'
17:55:30.070 [AsyncHttpClient-1-6] DEBUG org.asynchttpclient.netty.handler.HttpHandler - 

Request DefaultHttpRequest(decodeResult: success, version: HTTP/1.1)
POST /session/e9c47d349d01e54771683fdda9c34cc8/element/423cdacf-cc8a-4de1-b549-7f4bc4e9b036/clear HTTP/1.1
User-Agent: selenium/4.1.2 (java windows)
Content-Length: 50
Content-Type: application/json; charset=utf-8
host: localhost:63897
accept: */*

Response DefaultHttpResponse(decodeResult: success, version: HTTP/1.1)
HTTP/1.1 200 OK
Content-Type: application/json; charset=utf-8
cache-control: no-cache
content-length: 14

17:55:30.070 [AsyncHttpClient-1-6] DEBUG org.asynchttpclient.netty.channel.ChannelManager - Adding key: http://localhost:63897 for channel [id: 0x785c54f2, L:/127.0.0.1:58551 - R:localhost/127.0.0.1:63897]
17:55:30.072 [Forwarding sendKeysToElement on session e9c47d349d01e54771683fdda9c34cc8 to remote] DEBUG org.asynchttpclient.netty.request.NettyRequestSender - Using pooled Channel '[id: 0x785c54f2, L:/127.0.0.1:58551 - R:localhost/127.0.0.1:63897]' for 'POST' to 'http://localhost:63897/session/e9c47d349d01e54771683fdda9c34cc8/element/423cdacf-cc8a-4de1-b549-7f4bc4e9b036/value'
17:55:30.072 [Forwarding sendKeysToElement on session e9c47d349d01e54771683fdda9c34cc8 to remote] DEBUG org.asynchttpclient.netty.request.NettyRequestSender - Using open Channel [id: 0x785c54f2, L:/127.0.0.1:58551 - R:localhost/127.0.0.1:63897] for POST '/session/e9c47d349d01e54771683fdda9c34cc8/element/423cdacf-cc8a-4de1-b549-7f4bc4e9b036/value'
17:55:30.128 [AsyncHttpClient-1-6] DEBUG org.asynchttpclient.netty.handler.HttpHandler - 

Request DefaultHttpRequest(decodeResult: success, version: HTTP/1.1)
POST /session/e9c47d349d01e54771683fdda9c34cc8/element/423cdacf-cc8a-4de1-b549-7f4bc4e9b036/value HTTP/1.1
User-Agent: selenium/4.1.2 (java windows)
Content-Length: 82
Content-Type: application/json; charset=utf-8
host: localhost:63897
accept: */*

Response DefaultHttpResponse(decodeResult: success, version: HTTP/1.1)
HTTP/1.1 200 OK
Content-Type: application/json; charset=utf-8
cache-control: no-cache
content-length: 14

17:55:30.128 [AsyncHttpClient-1-6] DEBUG org.asynchttpclient.netty.channel.ChannelManager - Adding key: http://localhost:63897 for channel [id: 0x785c54f2, L:/127.0.0.1:58551 - R:localhost/127.0.0.1:63897]
17:55:30.140 [Forwarding screenshot on session e9c47d349d01e54771683fdda9c34cc8 to remote] DEBUG org.asynchttpclient.netty.request.NettyRequestSender - Using pooled Channel '[id: 0x785c54f2, L:/127.0.0.1:58551 - R:localhost/127.0.0.1:63897]' for 'GET' to 'http://localhost:63897/session/e9c47d349d01e54771683fdda9c34cc8/screenshot'
17:55:30.140 [Forwarding screenshot on session e9c47d349d01e54771683fdda9c34cc8 to remote] DEBUG org.asynchttpclient.netty.request.NettyRequestSender - Using open Channel [id: 0x785c54f2, L:/127.0.0.1:58551 - R:localhost/127.0.0.1:63897] for GET '/session/e9c47d349d01e54771683fdda9c34cc8/screenshot'
17:55:30.331 [AsyncHttpClient-1-6] DEBUG org.asynchttpclient.netty.handler.HttpHandler - 

Request DefaultFullHttpRequest(decodeResult: success, version: HTTP/1.1, content: EmptyByteBufBE)
GET /session/e9c47d349d01e54771683fdda9c34cc8/screenshot HTTP/1.1
User-Agent: selenium/4.1.2 (java windows)
Cache-Control: no-cache
Content-Type: application/json; charset=utf-8
host: localhost:63897
accept: */*

Response DefaultHttpResponse(decodeResult: success, version: HTTP/1.1)
HTTP/1.1 200 OK
Content-Type: application/json; charset=utf-8
cache-control: no-cache
content-length: 32600

17:55:30.331 [AsyncHttpClient-1-6] DEBUG org.asynchttpclient.netty.channel.ChannelManager - Adding key: http://localhost:63897 for channel [id: 0x785c54f2, L:/127.0.0.1:58551 - R:localhost/127.0.0.1:63897]
17:55:30.333 [main] DEBUG net.serenitybdd.core.photography.Darkroom - Send negative for processing for target\site\serenity\c502cf6e11432e8de25f86e6ed555663ecbc5b163ce5af093e69f39f1fd49814.png
17:55:30.333 [main] DEBUG net.thucydides.core.steps.StepInterceptor - STEP DONE: inputEmail
  &amp#27;[32mWhen &amp#27;[0m&amp#27;[32mI input &amp#27;[0m&amp#27;[32m&amp#27;[1m""&amp#27;[0m&amp#27;[32m email&amp#27;[0m              &amp#27;[90m# starter.stepdefinitions.LoginSteps.iInputEmail(java.lang.String)&amp#27;[0m
17:55:30.334 [Darkroom Processing Line] DEBUG net.serenitybdd.core.photography.DarkroomProcessingLine - Processing screenshot image in /var/screenshots/screenshot-11391616369446643417
17:55:30.334 [Darkroom Processing Line] DEBUG net.serenitybdd.core.photography.DarkroomProcessingLine - Saving screenshot to target\site\serenity\c502cf6e11432e8de25f86e6ed555663ecbc5b163ce5af093e69f39f1fd49814.png
17:55:30.352 [main] DEBUG net.thucydides.core.steps.StepInterceptor - STARTING STEP: LoginSteps.iInputPassword - inputPassword
17:55:30.356 [Forwarding findElement on session e9c47d349d01e54771683fdda9c34cc8 to remote] DEBUG org.asynchttpclient.netty.request.NettyRequestSender - Using pooled Channel '[id: 0x785c54f2, L:/127.0.0.1:58551 - R:localhost/127.0.0.1:63897]' for 'POST' to 'http://localhost:63897/session/e9c47d349d01e54771683fdda9c34cc8/element'
17:55:30.356 [Forwarding findElement on session e9c47d349d01e54771683fdda9c34cc8 to remote] DEBUG org.asynchttpclient.netty.request.NettyRequestSender - Using open Channel [id: 0x785c54f2, L:/127.0.0.1:58551 - R:localhost/127.0.0.1:63897] for POST '/session/e9c47d349d01e54771683fdda9c34cc8/element'
17:55:30.368 [AsyncHttpClient-1-6] DEBUG org.asynchttpclient.netty.handler.HttpHandler - 

Request DefaultHttpRequest(decodeResult: success, version: HTTP/1.1)
POST /session/e9c47d349d01e54771683fdda9c34cc8/element HTTP/1.1
User-Agent: selenium/4.1.2 (java windows)
Content-Length: 87
Content-Type: application/json; charset=utf-8
host: localhost:63897
accept: */*

Response DefaultHttpResponse(decodeResult: success, version: HTTP/1.1)
HTTP/1.1 200 OK
Content-Type: application/json; charset=utf-8
cache-control: no-cache
content-length: 88

17:55:30.368 [AsyncHttpClient-1-6] DEBUG org.asynchttpclient.netty.channel.ChannelManager - Adding key: http://localhost:63897 for channel [id: 0x785c54f2, L:/127.0.0.1:58551 - R:localhost/127.0.0.1:63897]
17:55:30.370 [Forwarding clearElement on session e9c47d349d01e54771683fdda9c34cc8 to remote] DEBUG org.asynchttpclient.netty.request.NettyRequestSender - Using pooled Channel '[id: 0x785c54f2, L:/127.0.0.1:58551 - R:localhost/127.0.0.1:63897]' for 'POST' to 'http://localhost:63897/session/e9c47d349d01e54771683fdda9c34cc8/element/a87421b7-4471-4186-ba74-d7a5c9330e22/clear'
17:55:30.370 [Forwarding clearElement on session e9c47d349d01e54771683fdda9c34cc8 to remote] DEBUG org.asynchttpclient.netty.request.NettyRequestSender - Using open Channel [id: 0x785c54f2, L:/127.0.0.1:58551 - R:localhost/127.0.0.1:63897] for POST '/session/e9c47d349d01e54771683fdda9c34cc8/element/a87421b7-4471-4186-ba74-d7a5c9330e22/clear'
17:55:30.410 [AsyncHttpClient-1-6] DEBUG org.asynchttpclient.netty.handler.HttpHandler - 

Request DefaultHttpRequest(decodeResult: success, version: HTTP/1.1)
POST /session/e9c47d349d01e54771683fdda9c34cc8/element/a87421b7-4471-4186-ba74-d7a5c9330e22/clear HTTP/1.1
User-Agent: selenium/4.1.2 (java windows)
Content-Length: 50
Content-Type: application/json; charset=utf-8
host: localhost:63897
accept: */*

Response DefaultHttpResponse(decodeResult: success, version: HTTP/1.1)
HTTP/1.1 200 OK
Content-Type: application/json; charset=utf-8
cache-control: no-cache
content-length: 14

17:55:30.410 [AsyncHttpClient-1-6] DEBUG org.asynchttpclient.netty.channel.ChannelManager - Adding key: http://localhost:63897 for channel [id: 0x785c54f2, L:/127.0.0.1:58551 - R:localhost/127.0.0.1:63897]
17:55:30.413 [Forwarding sendKeysToElement on session e9c47d349d01e54771683fdda9c34cc8 to remote] DEBUG org.asynchttpclient.netty.request.NettyRequestSender - Using pooled Channel '[id: 0x785c54f2, L:/127.0.0.1:58551 - R:localhost/127.0.0.1:63897]' for 'POST' to 'http://localhost:63897/session/e9c47d349d01e54771683fdda9c34cc8/element/a87421b7-4471-4186-ba74-d7a5c9330e22/value'
17:55:30.413 [Forwarding sendKeysToElement on session e9c47d349d01e54771683fdda9c34cc8 to remote] DEBUG org.asynchttpclient.netty.request.NettyRequestSender - Using open Channel [id: 0x785c54f2, L:/127.0.0.1:58551 - R:localhost/127.0.0.1:63897] for POST '/session/e9c47d349d01e54771683fdda9c34cc8/element/a87421b7-4471-4186-ba74-d7a5c9330e22/value'
17:55:30.463 [AsyncHttpClient-1-6] DEBUG org.asynchttpclient.netty.handler.HttpHandler - 

Request DefaultHttpRequest(decodeResult: success, version: HTTP/1.1)
POST /session/e9c47d349d01e54771683fdda9c34cc8/element/a87421b7-4471-4186-ba74-d7a5c9330e22/value HTTP/1.1
User-Agent: selenium/4.1.2 (java windows)
Content-Length: 82
Content-Type: application/json; charset=utf-8
host: localhost:63897
accept: */*

Response DefaultHttpResponse(decodeResult: success, version: HTTP/1.1)
HTTP/1.1 200 OK
Content-Type: application/json; charset=utf-8
cache-control: no-cache
content-length: 14

17:55:30.463 [AsyncHttpClient-1-6] DEBUG org.asynchttpclient.netty.channel.ChannelManager - Adding key: http://localhost:63897 for channel [id: 0x785c54f2, L:/127.0.0.1:58551 - R:localhost/127.0.0.1:63897]
17:55:30.469 [Forwarding screenshot on session e9c47d349d01e54771683fdda9c34cc8 to remote] DEBUG org.asynchttpclient.netty.request.NettyRequestSender - Using pooled Channel '[id: 0x785c54f2, L:/127.0.0.1:58551 - R:localhost/127.0.0.1:63897]' for 'GET' to 'http://localhost:63897/session/e9c47d349d01e54771683fdda9c34cc8/screenshot'
17:55:30.469 [Forwarding screenshot on session e9c47d349d01e54771683fdda9c34cc8 to remote] DEBUG org.asynchttpclient.netty.request.NettyRequestSender - Using open Channel [id: 0x785c54f2, L:/127.0.0.1:58551 - R:localhost/127.0.0.1:63897] for GET '/session/e9c47d349d01e54771683fdda9c34cc8/screenshot'
17:55:30.521 [AsyncHttpClient-1-1] DEBUG org.asynchttpclient.netty.channel.DefaultChannelPool - Entry count for : http://localhost:58552 : 1
17:55:30.654 [AsyncHttpClient-1-6] DEBUG org.asynchttpclient.netty.handler.HttpHandler - 

Request DefaultFullHttpRequest(decodeResult: success, version: HTTP/1.1, content: EmptyByteBufBE)
GET /session/e9c47d349d01e54771683fdda9c34cc8/screenshot HTTP/1.1
User-Agent: selenium/4.1.2 (java windows)
Cache-Control: no-cache
Content-Type: application/json; charset=utf-8
host: localhost:63897
accept: */*

Response DefaultHttpResponse(decodeResult: success, version: HTTP/1.1)
HTTP/1.1 200 OK
Content-Type: application/json; charset=utf-8
cache-control: no-cache
content-length: 32644

17:55:30.655 [AsyncHttpClient-1-6] DEBUG org.asynchttpclient.netty.channel.ChannelManager - Adding key: http://localhost:63897 for channel [id: 0x785c54f2, L:/127.0.0.1:58551 - R:localhost/127.0.0.1:63897]
17:55:30.657 [main] DEBUG net.serenitybdd.core.photography.Darkroom - Send negative for processing for target\site\serenity\651bb6f61374fadc99b22b1d9f1ae9a5b3ed287a1156b502e07a6cc2fdef61bc.png
17:55:30.657 [main] DEBUG net.thucydides.core.steps.StepInterceptor - STEP DONE: inputPassword
  &amp#27;[32mAnd &amp#27;[0m&amp#27;[32mI input &amp#27;[0m&amp#27;[32m&amp#27;[1m""&amp#27;[0m&amp#27;[32m password&amp#27;[0m            &amp#27;[90m# starter.stepdefinitions.LoginSteps.iInputPassword(java.lang.String)&amp#27;[0m
17:55:30.657 [Darkroom Processing Line] DEBUG net.serenitybdd.core.photography.DarkroomProcessingLine - Processing screenshot image in /var/screenshots/screenshot-7305273700201281103
17:55:30.658 [Darkroom Processing Line] DEBUG net.serenitybdd.core.photography.DarkroomProcessingLine - Saving screenshot to target\site\serenity\651bb6f61374fadc99b22b1d9f1ae9a5b3ed287a1156b502e07a6cc2fdef61bc.png
17:55:30.674 [main] DEBUG net.thucydides.core.steps.StepInterceptor - STARTING STEP: LoginSteps.iClickLoginButton - clickLoginButton
17:55:30.679 [Forwarding findElement on session e9c47d349d01e54771683fdda9c34cc8 to remote] DEBUG org.asynchttpclient.netty.request.NettyRequestSender - Using pooled Channel '[id: 0x785c54f2, L:/127.0.0.1:58551 - R:localhost/127.0.0.1:63897]' for 'POST' to 'http://localhost:63897/session/e9c47d349d01e54771683fdda9c34cc8/element'
17:55:30.679 [Forwarding findElement on session e9c47d349d01e54771683fdda9c34cc8 to remote] DEBUG org.asynchttpclient.netty.request.NettyRequestSender - Using open Channel [id: 0x785c54f2, L:/127.0.0.1:58551 - R:localhost/127.0.0.1:63897] for POST '/session/e9c47d349d01e54771683fdda9c34cc8/element'
17:55:30.687 [AsyncHttpClient-1-6] DEBUG org.asynchttpclient.netty.handler.HttpHandler - 

Request DefaultHttpRequest(decodeResult: success, version: HTTP/1.1)
POST /session/e9c47d349d01e54771683fdda9c34cc8/element HTTP/1.1
User-Agent: selenium/4.1.2 (java windows)
Content-Length: 92
Content-Type: application/json; charset=utf-8
host: localhost:63897
accept: */*

Response DefaultHttpResponse(decodeResult: success, version: HTTP/1.1)
HTTP/1.1 200 OK
Content-Type: application/json; charset=utf-8
cache-control: no-cache
content-length: 88

17:55:30.687 [AsyncHttpClient-1-6] DEBUG org.asynchttpclient.netty.channel.ChannelManager - Adding key: http://localhost:63897 for channel [id: 0x785c54f2, L:/127.0.0.1:58551 - R:localhost/127.0.0.1:63897]
17:55:30.688 [Forwarding getElementTagName on session e9c47d349d01e54771683fdda9c34cc8 to remote] DEBUG org.asynchttpclient.netty.request.NettyRequestSender - Using pooled Channel '[id: 0x785c54f2, L:/127.0.0.1:58551 - R:localhost/127.0.0.1:63897]' for 'GET' to 'http://localhost:63897/session/e9c47d349d01e54771683fdda9c34cc8/element/50a0dbc6-ed0a-413b-81da-f7d0446651c7/name'
17:55:30.688 [Forwarding getElementTagName on session e9c47d349d01e54771683fdda9c34cc8 to remote] DEBUG org.asynchttpclient.netty.request.NettyRequestSender - Using open Channel [id: 0x785c54f2, L:/127.0.0.1:58551 - R:localhost/127.0.0.1:63897] for GET '/session/e9c47d349d01e54771683fdda9c34cc8/element/50a0dbc6-ed0a-413b-81da-f7d0446651c7/name'
17:55:30.697 [AsyncHttpClient-1-6] DEBUG org.asynchttpclient.netty.handler.HttpHandler - 

Request DefaultFullHttpRequest(decodeResult: success, version: HTTP/1.1, content: EmptyByteBufBE)
GET /session/e9c47d349d01e54771683fdda9c34cc8/element/50a0dbc6-ed0a-413b-81da-f7d0446651c7/name HTTP/1.1
User-Agent: selenium/4.1.2 (java windows)
Cache-Control: no-cache
Content-Type: application/json; charset=utf-8
host: localhost:63897
accept: */*

Response DefaultHttpResponse(decodeResult: success, version: HTTP/1.1)
HTTP/1.1 200 OK
Content-Type: application/json; charset=utf-8
cache-control: no-cache
content-length: 18

17:55:30.697 [AsyncHttpClient-1-6] DEBUG org.asynchttpclient.netty.channel.ChannelManager - Adding key: http://localhost:63897 for channel [id: 0x785c54f2, L:/127.0.0.1:58551 - R:localhost/127.0.0.1:63897]
17:55:30.699 [Forwarding getElementTagName on session e9c47d349d01e54771683fdda9c34cc8 to remote] DEBUG org.asynchttpclient.netty.request.NettyRequestSender - Using pooled Channel '[id: 0x785c54f2, L:/127.0.0.1:58551 - R:localhost/127.0.0.1:63897]' for 'GET' to 'http://localhost:63897/session/e9c47d349d01e54771683fdda9c34cc8/element/50a0dbc6-ed0a-413b-81da-f7d0446651c7/name'
17:55:30.699 [Forwarding getElementTagName on session e9c47d349d01e54771683fdda9c34cc8 to remote] DEBUG org.asynchttpclient.netty.request.NettyRequestSender - Using open Channel [id: 0x785c54f2, L:/127.0.0.1:58551 - R:localhost/127.0.0.1:63897] for GET '/session/e9c47d349d01e54771683fdda9c34cc8/element/50a0dbc6-ed0a-413b-81da-f7d0446651c7/name'
17:55:30.703 [AsyncHttpClient-1-6] DEBUG org.asynchttpclient.netty.handler.HttpHandler - 

Request DefaultFullHttpRequest(decodeResult: success, version: HTTP/1.1, content: EmptyByteBufBE)
GET /session/e9c47d349d01e54771683fdda9c34cc8/element/50a0dbc6-ed0a-413b-81da-f7d0446651c7/name HTTP/1.1
User-Agent: selenium/4.1.2 (java windows)
Cache-Control: no-cache
Content-Type: application/json; charset=utf-8
host: localhost:63897
accept: */*

Response DefaultHttpResponse(decodeResult: success, version: HTTP/1.1)
HTTP/1.1 200 OK
Content-Type: application/json; charset=utf-8
cache-control: no-cache
content-length: 18

17:55:30.703 [AsyncHttpClient-1-6] DEBUG org.asynchttpclient.netty.channel.ChannelManager - Adding key: http://localhost:63897 for channel [id: 0x785c54f2, L:/127.0.0.1:58551 - R:localhost/127.0.0.1:63897]
17:55:30.707 [Forwarding isElementEnabled on session e9c47d349d01e54771683fdda9c34cc8 to remote] DEBUG org.asynchttpclient.netty.request.NettyRequestSender - Using pooled Channel '[id: 0x785c54f2, L:/127.0.0.1:58551 - R:localhost/127.0.0.1:63897]' for 'GET' to 'http://localhost:63897/session/e9c47d349d01e54771683fdda9c34cc8/element/50a0dbc6-ed0a-413b-81da-f7d0446651c7/enabled'
17:55:30.707 [Forwarding isElementEnabled on session e9c47d349d01e54771683fdda9c34cc8 to remote] DEBUG org.asynchttpclient.netty.request.NettyRequestSender - Using open Channel [id: 0x785c54f2, L:/127.0.0.1:58551 - R:localhost/127.0.0.1:63897] for GET '/session/e9c47d349d01e54771683fdda9c34cc8/element/50a0dbc6-ed0a-413b-81da-f7d0446651c7/enabled'
17:55:30.722 [AsyncHttpClient-1-6] DEBUG org.asynchttpclient.netty.handler.HttpHandler - 

Request DefaultFullHttpRequest(decodeResult: success, version: HTTP/1.1, content: EmptyByteBufBE)
GET /session/e9c47d349d01e54771683fdda9c34cc8/element/50a0dbc6-ed0a-413b-81da-f7d0446651c7/enabled HTTP/1.1
User-Agent: selenium/4.1.2 (java windows)
Cache-Control: no-cache
Content-Type: application/json; charset=utf-8
host: localhost:63897
accept: */*

Response DefaultHttpResponse(decodeResult: success, version: HTTP/1.1)
HTTP/1.1 200 OK
Content-Type: application/json; charset=utf-8
cache-control: no-cache
content-length: 14

17:55:30.722 [AsyncHttpClient-1-6] DEBUG org.asynchttpclient.netty.channel.ChannelManager - Adding key: http://localhost:63897 for channel [id: 0x785c54f2, L:/127.0.0.1:58551 - R:localhost/127.0.0.1:63897]
17:55:30.723 [Forwarding isElementEnabled on session e9c47d349d01e54771683fdda9c34cc8 to remote] DEBUG org.asynchttpclient.netty.request.NettyRequestSender - Using pooled Channel '[id: 0x785c54f2, L:/127.0.0.1:58551 - R:localhost/127.0.0.1:63897]' for 'GET' to 'http://localhost:63897/session/e9c47d349d01e54771683fdda9c34cc8/element/50a0dbc6-ed0a-413b-81da-f7d0446651c7/enabled'
17:55:30.724 [Forwarding isElementEnabled on session e9c47d349d01e54771683fdda9c34cc8 to remote] DEBUG org.asynchttpclient.netty.request.NettyRequestSender - Using open Channel [id: 0x785c54f2, L:/127.0.0.1:58551 - R:localhost/127.0.0.1:63897] for GET '/session/e9c47d349d01e54771683fdda9c34cc8/element/50a0dbc6-ed0a-413b-81da-f7d0446651c7/enabled'
17:55:30.733 [AsyncHttpClient-1-6] DEBUG org.asynchttpclient.netty.handler.HttpHandler - 

Request DefaultFullHttpRequest(decodeResult: success, version: HTTP/1.1, content: EmptyByteBufBE)
GET /session/e9c47d349d01e54771683fdda9c34cc8/element/50a0dbc6-ed0a-413b-81da-f7d0446651c7/enabled HTTP/1.1
User-Agent: selenium/4.1.2 (java windows)
Cache-Control: no-cache
Content-Type: application/json; charset=utf-8
host: localhost:63897
accept: */*

Response DefaultHttpResponse(decodeResult: success, version: HTTP/1.1)
HTTP/1.1 200 OK
Content-Type: application/json; charset=utf-8
cache-control: no-cache
content-length: 14

17:55:30.733 [AsyncHttpClient-1-6] DEBUG org.asynchttpclient.netty.channel.ChannelManager - Adding key: http://localhost:63897 for channel [id: 0x785c54f2, L:/127.0.0.1:58551 - R:localhost/127.0.0.1:63897]
17:55:30.735 [Forwarding findElement on session e9c47d349d01e54771683fdda9c34cc8 to remote] DEBUG org.asynchttpclient.netty.request.NettyRequestSender - Using pooled Channel '[id: 0x785c54f2, L:/127.0.0.1:58551 - R:localhost/127.0.0.1:63897]' for 'POST' to 'http://localhost:63897/session/e9c47d349d01e54771683fdda9c34cc8/element'
17:55:30.735 [Forwarding findElement on session e9c47d349d01e54771683fdda9c34cc8 to remote] DEBUG org.asynchttpclient.netty.request.NettyRequestSender - Using open Channel [id: 0x785c54f2, L:/127.0.0.1:58551 - R:localhost/127.0.0.1:63897] for POST '/session/e9c47d349d01e54771683fdda9c34cc8/element'
17:55:30.746 [AsyncHttpClient-1-6] DEBUG org.asynchttpclient.netty.handler.HttpHandler - 

Request DefaultHttpRequest(decodeResult: success, version: HTTP/1.1)
POST /session/e9c47d349d01e54771683fdda9c34cc8/element HTTP/1.1
User-Agent: selenium/4.1.2 (java windows)
Content-Length: 92
Content-Type: application/json; charset=utf-8
host: localhost:63897
accept: */*

Response DefaultHttpResponse(decodeResult: success, version: HTTP/1.1)
HTTP/1.1 200 OK
Content-Type: application/json; charset=utf-8
cache-control: no-cache
content-length: 88

17:55:30.746 [AsyncHttpClient-1-6] DEBUG org.asynchttpclient.netty.channel.ChannelManager - Adding key: http://localhost:63897 for channel [id: 0x785c54f2, L:/127.0.0.1:58551 - R:localhost/127.0.0.1:63897]
17:55:30.748 [Forwarding clickElement on session e9c47d349d01e54771683fdda9c34cc8 to remote] DEBUG org.asynchttpclient.netty.request.NettyRequestSender - Using pooled Channel '[id: 0x785c54f2, L:/127.0.0.1:58551 - R:localhost/127.0.0.1:63897]' for 'POST' to 'http://localhost:63897/session/e9c47d349d01e54771683fdda9c34cc8/element/50a0dbc6-ed0a-413b-81da-f7d0446651c7/click'
17:55:30.748 [Forwarding clickElement on session e9c47d349d01e54771683fdda9c34cc8 to remote] DEBUG org.asynchttpclient.netty.request.NettyRequestSender - Using open Channel [id: 0x785c54f2, L:/127.0.0.1:58551 - R:localhost/127.0.0.1:63897] for POST '/session/e9c47d349d01e54771683fdda9c34cc8/element/50a0dbc6-ed0a-413b-81da-f7d0446651c7/click'
17:55:30.808 [AsyncHttpClient-1-6] DEBUG org.asynchttpclient.netty.handler.HttpHandler - 

Request DefaultHttpRequest(decodeResult: success, version: HTTP/1.1)
POST /session/e9c47d349d01e54771683fdda9c34cc8/element/50a0dbc6-ed0a-413b-81da-f7d0446651c7/click HTTP/1.1
User-Agent: selenium/4.1.2 (java windows)
Content-Length: 50
Content-Type: application/json; charset=utf-8
host: localhost:63897
accept: */*

Response DefaultHttpResponse(decodeResult: success, version: HTTP/1.1)
HTTP/1.1 200 OK
Content-Type: application/json; charset=utf-8
cache-control: no-cache
content-length: 14

17:55:30.808 [AsyncHttpClient-1-6] DEBUG org.asynchttpclient.netty.channel.ChannelManager - Adding key: http://localhost:63897 for channel [id: 0x785c54f2, L:/127.0.0.1:58551 - R:localhost/127.0.0.1:63897]
17:55:30.816 [Forwarding screenshot on session e9c47d349d01e54771683fdda9c34cc8 to remote] DEBUG org.asynchttpclient.netty.request.NettyRequestSender - Using pooled Channel '[id: 0x785c54f2, L:/127.0.0.1:58551 - R:localhost/127.0.0.1:63897]' for 'GET' to 'http://localhost:63897/session/e9c47d349d01e54771683fdda9c34cc8/screenshot'
17:55:30.816 [Forwarding screenshot on session e9c47d349d01e54771683fdda9c34cc8 to remote] DEBUG org.asynchttpclient.netty.request.NettyRequestSender - Using open Channel [id: 0x785c54f2, L:/127.0.0.1:58551 - R:localhost/127.0.0.1:63897] for GET '/session/e9c47d349d01e54771683fdda9c34cc8/screenshot'
17:55:31.024 [AsyncHttpClient-1-6] DEBUG org.asynchttpclient.netty.handler.HttpHandler - 

Request DefaultFullHttpRequest(decodeResult: success, version: HTTP/1.1, content: EmptyByteBufBE)
GET /session/e9c47d349d01e54771683fdda9c34cc8/screenshot HTTP/1.1
User-Agent: selenium/4.1.2 (java windows)
Cache-Control: no-cache
Content-Type: application/json; charset=utf-8
host: localhost:63897
accept: */*

Response DefaultHttpResponse(decodeResult: success, version: HTTP/1.1)
HTTP/1.1 200 OK
Content-Type: application/json; charset=utf-8
cache-control: no-cache
content-length: 32628

17:55:31.024 [AsyncHttpClient-1-6] DEBUG org.asynchttpclient.netty.channel.ChannelManager - Adding key: http://localhost:63897 for channel [id: 0x785c54f2, L:/127.0.0.1:58551 - R:localhost/127.0.0.1:63897]
17:55:31.026 [main] DEBUG net.serenitybdd.core.photography.Darkroom - Send negative for processing for target\site\serenity\94ce9104919ceb6639e8112eec299790c6d27cbf42319eaa2d957db8d431b544.png
17:55:31.027 [main] DEBUG net.thucydides.core.steps.StepInterceptor - STEP DONE: clickLoginButton
  &amp#27;[32mAnd &amp#27;[0m&amp#27;[32mI click login button&amp#27;[0m           &amp#27;[90m# starter.stepdefinitions.LoginSteps.iClickLoginButton()&amp#27;[0m
17:55:31.027 [Darkroom Processing Line] DEBUG net.serenitybdd.core.photography.DarkroomProcessingLine - Processing screenshot image in /var/screenshots/screenshot-12223266782889215517
17:55:31.027 [Darkroom Processing Line] DEBUG net.serenitybdd.core.photography.DarkroomProcessingLine - Saving screenshot to target\site\serenity\94ce9104919ceb6639e8112eec299790c6d27cbf42319eaa2d957db8d431b544.png
17:55:31.049 [main] DEBUG net.thucydides.core.steps.StepInterceptor - STARTING STEP: LoginSteps.iGetThe - errorMessageAppears
17:55:31.051 [Forwarding findElement on session e9c47d349d01e54771683fdda9c34cc8 to remote] DEBUG org.asynchttpclient.netty.request.NettyRequestSender - Using pooled Channel '[id: 0x785c54f2, L:/127.0.0.1:58551 - R:localhost/127.0.0.1:63897]' for 'POST' to 'http://localhost:63897/session/e9c47d349d01e54771683fdda9c34cc8/element'
17:55:31.051 [Forwarding findElement on session e9c47d349d01e54771683fdda9c34cc8 to remote] DEBUG org.asynchttpclient.netty.request.NettyRequestSender - Using open Channel [id: 0x785c54f2, L:/127.0.0.1:58551 - R:localhost/127.0.0.1:63897] for POST '/session/e9c47d349d01e54771683fdda9c34cc8/element'
17:55:31.054 [AsyncHttpClient-1-6] DEBUG org.asynchttpclient.netty.handler.HttpHandler - 

Request DefaultHttpRequest(decodeResult: success, version: HTTP/1.1)
POST /session/e9c47d349d01e54771683fdda9c34cc8/element HTTP/1.1
User-Agent: selenium/4.1.2 (java windows)
Content-Length: 53
Content-Type: application/json; charset=utf-8
host: localhost:63897
accept: */*

Response DefaultHttpResponse(decodeResult: success, version: HTTP/1.1)
HTTP/1.1 400 Bad Request
Content-Type: application/json; charset=utf-8
cache-control: no-cache
content-length: 957

17:55:31.054 [AsyncHttpClient-1-6] DEBUG org.asynchttpclient.netty.channel.ChannelManager - Adding key: http://localhost:63897 for channel [id: 0x785c54f2, L:/127.0.0.1:58551 - R:localhost/127.0.0.1:63897]
17:55:31.056 [Forwarding findElement on session e9c47d349d01e54771683fdda9c34cc8 to remote] DEBUG org.asynchttpclient.netty.request.NettyRequestSender - Using pooled Channel '[id: 0x785c54f2, L:/127.0.0.1:58551 - R:localhost/127.0.0.1:63897]' for 'POST' to 'http://localhost:63897/session/e9c47d349d01e54771683fdda9c34cc8/element'
17:55:31.056 [Forwarding findElement on session e9c47d349d01e54771683fdda9c34cc8 to remote] DEBUG org.asynchttpclient.netty.request.NettyRequestSender - Using open Channel [id: 0x785c54f2, L:/127.0.0.1:58551 - R:localhost/127.0.0.1:63897] for POST '/session/e9c47d349d01e54771683fdda9c34cc8/element'
17:55:31.071 [AsyncHttpClient-1-6] DEBUG org.asynchttpclient.netty.handler.HttpHandler - 

Request DefaultHttpRequest(decodeResult: success, version: HTTP/1.1)
POST /session/e9c47d349d01e54771683fdda9c34cc8/element HTTP/1.1
User-Agent: selenium/4.1.2 (java windows)
Content-Length: 63
Content-Type: application/json; charset=utf-8
host: localhost:63897
accept: */*

Response DefaultHttpResponse(decodeResult: success, version: HTTP/1.1)
HTTP/1.1 200 OK
Content-Type: application/json; charset=utf-8
cache-control: no-cache
content-length: 88

17:55:31.072 [AsyncHttpClient-1-6] DEBUG org.asynchttpclient.netty.channel.ChannelManager - Adding key: http://localhost:63897 for channel [id: 0x785c54f2, L:/127.0.0.1:58551 - R:localhost/127.0.0.1:63897]
17:55:31.077 [Forwarding isElementDisplayed on session e9c47d349d01e54771683fdda9c34cc8 to remote] DEBUG org.asynchttpclient.netty.request.NettyRequestSender - Using pooled Channel '[id: 0x785c54f2, L:/127.0.0.1:58551 - R:localhost/127.0.0.1:63897]' for 'POST' to 'http://localhost:63897/session/e9c47d349d01e54771683fdda9c34cc8/execute/sync'
17:55:31.077 [Forwarding isElementDisplayed on session e9c47d349d01e54771683fdda9c34cc8 to remote] DEBUG org.asynchttpclient.netty.request.NettyRequestSender - Using open Channel [id: 0x785c54f2, L:/127.0.0.1:58551 - R:localhost/127.0.0.1:63897] for POST '/session/e9c47d349d01e54771683fdda9c34cc8/execute/sync'
17:55:31.096 [AsyncHttpClient-1-6] DEBUG org.asynchttpclient.netty.handler.HttpHandler - 

Request DefaultHttpRequest(decodeResult: success, version: HTTP/1.1)
POST /session/e9c47d349d01e54771683fdda9c34cc8/execute/sync HTTP/1.1
User-Agent: selenium/4.1.2 (java windows)
Content-Length: 48780
Content-Type: application/json; charset=utf-8
host: localhost:63897
accept: */*

Response DefaultHttpResponse(decodeResult: success, version: HTTP/1.1)
HTTP/1.1 200 OK
Content-Type: application/json; charset=utf-8
cache-control: no-cache
content-length: 14

17:55:31.096 [AsyncHttpClient-1-6] DEBUG org.asynchttpclient.netty.channel.ChannelManager - Adding key: http://localhost:63897 for channel [id: 0x785c54f2, L:/127.0.0.1:58551 - R:localhost/127.0.0.1:63897]
17:55:31.101 [Forwarding screenshot on session e9c47d349d01e54771683fdda9c34cc8 to remote] DEBUG org.asynchttpclient.netty.request.NettyRequestSender - Using pooled Channel '[id: 0x785c54f2, L:/127.0.0.1:58551 - R:localhost/127.0.0.1:63897]' for 'GET' to 'http://localhost:63897/session/e9c47d349d01e54771683fdda9c34cc8/screenshot'
17:55:31.101 [Forwarding screenshot on session e9c47d349d01e54771683fdda9c34cc8 to remote] DEBUG org.asynchttpclient.netty.request.NettyRequestSender - Using open Channel [id: 0x785c54f2, L:/127.0.0.1:58551 - R:localhost/127.0.0.1:63897] for GET '/session/e9c47d349d01e54771683fdda9c34cc8/screenshot'
17:55:31.317 [AsyncHttpClient-1-6] DEBUG org.asynchttpclient.netty.handler.HttpHandler - 

Request DefaultFullHttpRequest(decodeResult: success, version: HTTP/1.1, content: EmptyByteBufBE)
GET /session/e9c47d349d01e54771683fdda9c34cc8/screenshot HTTP/1.1
User-Agent: selenium/4.1.2 (java windows)
Cache-Control: no-cache
Content-Type: application/json; charset=utf-8
host: localhost:63897
accept: */*

Response DefaultHttpResponse(decodeResult: success, version: HTTP/1.1)
HTTP/1.1 200 OK
Content-Type: application/json; charset=utf-8
cache-control: no-cache
content-length: 38012

17:55:31.317 [AsyncHttpClient-1-6] DEBUG org.asynchttpclient.netty.channel.ChannelManager - Adding key: http://localhost:63897 for channel [id: 0x785c54f2, L:/127.0.0.1:58551 - R:localhost/127.0.0.1:63897]
17:55:31.319 [main] DEBUG net.serenitybdd.core.photography.Darkroom - Send negative for processing for target\site\serenity\ad9d2d3305595c2215a63e764c2609fd1ffef3fea6e67d83db5468e0b068723e.png
17:55:31.320 [main] DEBUG net.thucydides.core.steps.StepInterceptor - STEP DONE: errorMessageAppears
17:55:31.320 [Darkroom Processing Line] DEBUG net.serenitybdd.core.photography.DarkroomProcessingLine - Processing screenshot image in /var/screenshots/screenshot-11125782456376274861
17:55:31.320 [Darkroom Processing Line] DEBUG net.serenitybdd.core.photography.DarkroomProcessingLine - Saving screenshot to target\site\serenity\ad9d2d3305595c2215a63e764c2609fd1ffef3fea6e67d83db5468e0b068723e.png
17:55:31.326 [main] DEBUG net.thucydides.core.steps.StepInterceptor - STARTING STEP: LoginSteps.iGetThe - errorMessageEqual
17:55:31.328 [Forwarding findElement on session e9c47d349d01e54771683fdda9c34cc8 to remote] DEBUG org.asynchttpclient.netty.request.NettyRequestSender - Using pooled Channel '[id: 0x785c54f2, L:/127.0.0.1:58551 - R:localhost/127.0.0.1:63897]' for 'POST' to 'http://localhost:63897/session/e9c47d349d01e54771683fdda9c34cc8/element'
17:55:31.328 [Forwarding findElement on session e9c47d349d01e54771683fdda9c34cc8 to remote] DEBUG org.asynchttpclient.netty.request.NettyRequestSender - Using open Channel [id: 0x785c54f2, L:/127.0.0.1:58551 - R:localhost/127.0.0.1:63897] for POST '/session/e9c47d349d01e54771683fdda9c34cc8/element'
17:55:31.337 [AsyncHttpClient-1-6] DEBUG org.asynchttpclient.netty.handler.HttpHandler - 

Request DefaultHttpRequest(decodeResult: success, version: HTTP/1.1)
POST /session/e9c47d349d01e54771683fdda9c34cc8/element HTTP/1.1
User-Agent: selenium/4.1.2 (java windows)
Content-Length: 63
Content-Type: application/json; charset=utf-8
host: localhost:63897
accept: */*

Response DefaultHttpResponse(decodeResult: success, version: HTTP/1.1)
HTTP/1.1 200 OK
Content-Type: application/json; charset=utf-8
cache-control: no-cache
content-length: 88

17:55:31.337 [AsyncHttpClient-1-6] DEBUG org.asynchttpclient.netty.channel.ChannelManager - Adding key: http://localhost:63897 for channel [id: 0x785c54f2, L:/127.0.0.1:58551 - R:localhost/127.0.0.1:63897]
17:55:31.338 [Forwarding getElementText on session e9c47d349d01e54771683fdda9c34cc8 to remote] DEBUG org.asynchttpclient.netty.request.NettyRequestSender - Using pooled Channel '[id: 0x785c54f2, L:/127.0.0.1:58551 - R:localhost/127.0.0.1:63897]' for 'GET' to 'http://localhost:63897/session/e9c47d349d01e54771683fdda9c34cc8/element/caa828cc-94c1-4932-ba6c-ad9a20af457c/text'
17:55:31.338 [Forwarding getElementText on session e9c47d349d01e54771683fdda9c34cc8 to remote] DEBUG org.asynchttpclient.netty.request.NettyRequestSender - Using open Channel [id: 0x785c54f2, L:/127.0.0.1:58551 - R:localhost/127.0.0.1:63897] for GET '/session/e9c47d349d01e54771683fdda9c34cc8/element/caa828cc-94c1-4932-ba6c-ad9a20af457c/text'
17:55:31.356 [AsyncHttpClient-1-6] DEBUG org.asynchttpclient.netty.handler.HttpHandler - 

Request DefaultFullHttpRequest(decodeResult: success, version: HTTP/1.1, content: EmptyByteBufBE)
GET /session/e9c47d349d01e54771683fdda9c34cc8/element/caa828cc-94c1-4932-ba6c-ad9a20af457c/text HTTP/1.1
User-Agent: selenium/4.1.2 (java windows)
Cache-Control: no-cache
Content-Type: application/json; charset=utf-8
host: localhost:63897
accept: */*

Response DefaultHttpResponse(decodeResult: success, version: HTTP/1.1)
HTTP/1.1 200 OK
Content-Type: application/json; charset=utf-8
cache-control: no-cache
content-length: 29

17:55:31.356 [AsyncHttpClient-1-6] DEBUG org.asynchttpclient.netty.channel.ChannelManager - Adding key: http://localhost:63897 for channel [id: 0x785c54f2, L:/127.0.0.1:58551 - R:localhost/127.0.0.1:63897]
17:55:31.361 [main] DEBUG net.thucydides.core.steps.StepInterceptor - STEP DONE: errorMessageEqual
  &amp#27;[32mThen &amp#27;[0m&amp#27;[32mI get the &amp#27;[0m&amp#27;[32m&amp#27;[1m"email is required"&amp#27;[0m &amp#27;[90m# starter.stepdefinitions.LoginSteps.iGetThe(java.lang.String)&amp#27;[0m
17:55:31.370 [Forwarding screenshot on session e9c47d349d01e54771683fdda9c34cc8 to remote] DEBUG org.asynchttpclient.netty.request.NettyRequestSender - Using pooled Channel '[id: 0x785c54f2, L:/127.0.0.1:58551 - R:localhost/127.0.0.1:63897]' for 'GET' to 'http://localhost:63897/session/e9c47d349d01e54771683fdda9c34cc8/screenshot'
17:55:31.370 [Forwarding screenshot on session e9c47d349d01e54771683fdda9c34cc8 to remote] DEBUG org.asynchttpclient.netty.request.NettyRequestSender - Using open Channel [id: 0x785c54f2, L:/127.0.0.1:58551 - R:localhost/127.0.0.1:63897] for GET '/session/e9c47d349d01e54771683fdda9c34cc8/screenshot'
17:55:31.575 [AsyncHttpClient-1-6] DEBUG org.asynchttpclient.netty.handler.HttpHandler - 

Request DefaultFullHttpRequest(decodeResult: success, version: HTTP/1.1, content: EmptyByteBufBE)
GET /session/e9c47d349d01e54771683fdda9c34cc8/screenshot HTTP/1.1
User-Agent: selenium/4.1.2 (java windows)
Cache-Control: no-cache
Content-Type: application/json; charset=utf-8
host: localhost:63897
accept: */*

Response DefaultHttpResponse(decodeResult: success, version: HTTP/1.1)
HTTP/1.1 200 OK
Content-Type: application/json; charset=utf-8
cache-control: no-cache
content-length: 38000

17:55:31.576 [AsyncHttpClient-1-6] DEBUG org.asynchttpclient.netty.channel.ChannelManager - Adding key: http://localhost:63897 for channel [id: 0x785c54f2, L:/127.0.0.1:58551 - R:localhost/127.0.0.1:63897]
17:55:31.577 [main] DEBUG net.serenitybdd.core.photography.Darkroom - Send negative for processing for target\site\serenity\4b2888b4f9772141012fce9336ee967e1797d08b09071bf61b55abd2c2c44afd.png
17:55:31.578 [Darkroom Processing Line] DEBUG net.serenitybdd.core.photography.DarkroomProcessingLine - Processing screenshot image in /var/screenshots/screenshot-60994501067465288
17:55:31.578 [Darkroom Processing Line] DEBUG net.serenitybdd.core.photography.DarkroomProcessingLine - Saving screenshot to target\site\serenity\4b2888b4f9772141012fce9336ee967e1797d08b09071bf61b55abd2c2c44afd.png
17:55:31.579 [AsyncHttpClient-1-8] DEBUG org.asynchttpclient.netty.handler.WebSocketHandler - Channel Closed: [id: 0x129a04e5, L:/127.0.0.1:58559 ! R:localhost/127.0.0.1:58552] with attribute NettyResponseFuture{currentRetry=5,
	isDone=1,
	isCancelled=0,
	asyncHandler=org.asynchttpclient.ws.WebSocketUpgradeHandler@4c509325,
	nettyRequest=org.asynchttpclient.netty.request.NettyRequest@631b3895,
	future=java.util.concurrent.CompletableFuture@297bd404[Completed normally],
	uri=ws://localhost:58552/devtools/browser/6d0940c4-b49a-4b2f-9ca9-50dfb499a628,
	keepAlive=true,
	redirectCount=0,
	timeoutsHolder=null,
	inAuth=0,
	touch=1652784928335}
17:55:31.579 [AsyncHttpClient-1-8] DEBUG org.asynchttpclient.netty.channel.ChannelManager - Closing Channel [id: 0x129a04e5, L:/127.0.0.1:58559 ! R:localhost/127.0.0.1:58552] 
17:55:31.580 [Driver Command Executor] DEBUG org.asynchttpclient.netty.request.NettyRequestSender - Using pooled Channel '[id: 0x785c54f2, L:/127.0.0.1:58551 - R:localhost/127.0.0.1:63897]' for 'DELETE' to 'http://localhost:63897/session/e9c47d349d01e54771683fdda9c34cc8'
17:55:31.580 [Driver Command Executor] DEBUG org.asynchttpclient.netty.request.NettyRequestSender - Using open Channel [id: 0x785c54f2, L:/127.0.0.1:58551 - R:localhost/127.0.0.1:63897] for DELETE '/session/e9c47d349d01e54771683fdda9c34cc8'
17:55:31.604 [AsyncHttpClient-1-7] DEBUG org.asynchttpclient.netty.handler.HttpHandler - Unexpected I/O exception on channel [id: 0x159db94b, L:/127.0.0.1:58558 - R:localhost/127.0.0.1:58552]
java.net.SocketException: Connection reset
	at java.base/sun.nio.ch.SocketChannelImpl.throwConnectionReset(SocketChannelImpl.java:367)
	at java.base/sun.nio.ch.SocketChannelImpl.read(SocketChannelImpl.java:398)
	at io.netty.buffer.PooledByteBuf.setBytes(PooledByteBuf.java:258)
	at io.netty.buffer.AbstractByteBuf.writeBytes(AbstractByteBuf.java:1132)
	at io.netty.channel.socket.nio.NioSocketChannel.doReadBytes(NioSocketChannel.java:350)
	at io.netty.channel.nio.AbstractNioByteChannel$NioByteUnsafe.read(AbstractNioByteChannel.java:151)
	at io.netty.channel.nio.NioEventLoop.processSelectedKey(NioEventLoop.java:722)
	at io.netty.channel.nio.NioEventLoop.processSelectedKeysOptimized(NioEventLoop.java:658)
	at io.netty.channel.nio.NioEventLoop.processSelectedKeys(NioEventLoop.java:584)
	at io.netty.channel.nio.NioEventLoop.run(NioEventLoop.java:496)
	at io.netty.util.concurrent.SingleThreadEventExecutor$4.run(SingleThreadEventExecutor.java:986)
	at io.netty.util.internal.ThreadExecutorMap$2.run(ThreadExecutorMap.java:74)
	at io.netty.util.concurrent.FastThreadLocalRunnable.run(FastThreadLocalRunnable.java:30)
	at java.base/java.lang.Thread.run(Thread.java:832)
17:55:31.604 [AsyncHttpClient-1-7] DEBUG org.asynchttpclient.netty.channel.ChannelManager - Closing Channel [id: 0x159db94b, L:/127.0.0.1:58558 - R:localhost/127.0.0.1:58552] 
17:55:31.604 [AsyncHttpClient-1-7] DEBUG org.asynchttpclient.netty.handler.HttpHandler - Channel Closed: [id: 0x159db94b, L:/127.0.0.1:58558 ! R:localhost/127.0.0.1:58552] with attribute DISCARD
17:55:31.618 [AsyncHttpClient-1-6] DEBUG org.asynchttpclient.netty.handler.HttpHandler - 

Request DefaultFullHttpRequest(decodeResult: success, version: HTTP/1.1, content: EmptyByteBufBE)
DELETE /session/e9c47d349d01e54771683fdda9c34cc8 HTTP/1.1
User-Agent: selenium/4.1.2 (java windows)
Content-Type: application/json; charset=utf-8
host: localhost:63897
accept: */*

Response DefaultHttpResponse(decodeResult: success, version: HTTP/1.1)
HTTP/1.1 200 OK
Content-Type: application/json; charset=utf-8
cache-control: no-cache
content-length: 14

17:55:31.618 [AsyncHttpClient-1-6] DEBUG org.asynchttpclient.netty.channel.ChannelManager - Adding key: http://localhost:63897 for channel [id: 0x785c54f2, L:/127.0.0.1:58551 - R:localhost/127.0.0.1:63897]
17:55:31.629 [AsyncHttpClient-1-1] DEBUG org.asynchttpclient.netty.channel.DefaultChannelPool - Entry count for : http://localhost:58552 : 1
17:55:31.629 [AsyncHttpClient-1-1] DEBUG org.asynchttpclient.netty.channel.DefaultChannelPool - Entry count for : http://localhost:63897 : 1
17:55:31.630 [AsyncHttpClient-1-1] DEBUG org.asynchttpclient.netty.channel.DefaultChannelPool - Adding Candidate expired Channel [id: 0x159db94b, L:/127.0.0.1:58558 ! R:localhost/127.0.0.1:58552] isIdleTimeoutExpired=false isRemotelyClosed=true isTtlExpired=false
17:55:31.630 [AsyncHttpClient-1-1] DEBUG org.asynchttpclient.netty.channel.DefaultChannelPool - Closing Idle Channel [id: 0x159db94b, L:/127.0.0.1:58558 ! R:localhost/127.0.0.1:58552]
17:55:31.630 [AsyncHttpClient-1-1] DEBUG org.asynchttpclient.netty.channel.DefaultChannelPool - Closed 1 connections out of 2 in 0 ms
17:55:31.719 [AsyncHttpClient-1-6] DEBUG org.asynchttpclient.netty.handler.HttpHandler - Channel Closed: [id: 0x785c54f2, L:/127.0.0.1:58551 ! R:localhost/127.0.0.1:63897] with attribute DISCARD
]]></system-out>
    <system-err><![CDATA[Starting ChromeDriver 101.0.4951.41 (93c720db8323b3ec10d056025ab95c23a31997c9-refs/branch-heads/4951@{#904}) on port 63897
Only local connections are allowed.
Please see https://chromedriver.chromium.org/security-considerations for suggestions on keeping ChromeDriver safe.
ChromeDriver was started successfully.
May 17, 2022 5:55:28 PM org.openqa.selenium.remote.ProtocolHandshake createSession
INFO: Detected dialect: W3C
May 17, 2022 5:55:28 PM org.openqa.selenium.devtools.CdpVersionFinder findNearestMatch
WARNING: Unable to find an exact match for CDP version 101, so returning the closest version found: 97
May 17, 2022 5:55:28 PM org.openqa.selenium.devtools.CdpVersionFinder findNearestMatch
INFO: Found CDP implementation for version 101 of 97
]]></system-err>
  </testcase>
  <testcase name="Logout" classname="Logout" time="8.419">
    <system-out><![CDATA[17:55:32.256 [main] INFO io.cucumber.core.plugin.SerenityReporter - Running feature from file:///E:/Learn/ProjectTestWeb/src/test/resources/features/Logout.feature
17:55:32.260 [main] DEBUG net.thucydides.core.steps.StepEventBus - Test suite started for story net.thucydides.core.model.Story@7960de68
17:55:32.260 [main] INFO  - Test Suite Started: Logout

Scenario Outline: Logout                  &amp#27;[90m# src/test/resources/features/Logout.feature:14&amp#27;[0m
17:55:32.273 [main] INFO io.cucumber.core.plugin.SerenityReporter - Running feature from file:///E:/Learn/ProjectTestWeb/src/test/resources/features/Logout.feature
17:55:32.277 [main] INFO  - 
  _____   ___   ___   _____     ___   _____     _     ___   _____   ___   ___  
 |_   _| | __| / __| |_   _|   / __| |_   _|   /_\   | _ \ |_   _| | __| |   \ 
   | |   | _|  \__ \   | |     \__ \   | |    / _ \  |   /   | |   | _|  | |) |
   |_|   |___| |___/   |_|     |___/   |_|   /_/ \_\ |_|_\   |_|   |___| |___/ 

Logout(logout;logout)
--------------------------------------------------------------------------------
17:55:32.300 [main] INFO net.serenitybdd.core.webdriver.driverproviders.ChromeDriverProvider - Using automatically driver download
17:55:32.521 [main] DEBUG io.github.bonigarcia.wdm.cache.ResolutionCache - Resolution chrome=101 in cache (valid until 18:23:13 17/05/2022 ICT)
17:55:32.527 [main] DEBUG io.github.bonigarcia.wdm.cache.ResolutionCache - Resolution chrome101=101.0.4951.41 in cache (valid until 17:23:13 18/05/2022 ICT)
17:55:32.530 [main] INFO io.github.bonigarcia.wdm.WebDriverManager - Using chromedriver 101.0.4951.41 (resolved driver for Chrome 101)
17:55:32.549 [main] DEBUG io.github.bonigarcia.wdm.WebDriverManager - Driver chromedriver 101.0.4951.41 found in cache
17:55:32.549 [main] INFO io.github.bonigarcia.wdm.WebDriverManager - Exporting webdriver.chrome.driver as C:\Users\HP\.cache\selenium\chromedriver\win32\101.0.4951.41\chromedriver.exe
17:55:32.720 [AsyncHttpClient-1-1] DEBUG org.asynchttpclient.netty.channel.DefaultChannelPool - Entry count for : http://localhost:63897 : 1
17:55:32.720 [AsyncHttpClient-1-1] DEBUG org.asynchttpclient.netty.channel.DefaultChannelPool - Adding Candidate expired Channel [id: 0x785c54f2, L:/127.0.0.1:58551 ! R:localhost/127.0.0.1:63897] isIdleTimeoutExpired=false isRemotelyClosed=true isTtlExpired=false
17:55:32.720 [AsyncHttpClient-1-1] DEBUG org.asynchttpclient.netty.channel.DefaultChannelPool - Closing Idle Channel [id: 0x785c54f2, L:/127.0.0.1:58551 ! R:localhost/127.0.0.1:63897]
17:55:32.720 [AsyncHttpClient-1-1] DEBUG org.asynchttpclient.netty.channel.DefaultChannelPool - Closed 1 connections out of 1 in 0 ms
17:55:32.730 [main] DEBUG net.serenitybdd.core.webdriver.driverproviders.ProvideNewDriver - Instantiating driver
17:55:32.730 [main] DEBUG net.serenitybdd.core.webdriver.driverproviders.ProvideNewDriver - Driver capabilities: Capabilities {acceptInsecureCerts: false, base.url: , browserName: chrome, goog:chromeOptions: {args: [], extensions: []}}
17:55:33.277 [AsyncHttpClient-1-9] DEBUG org.asynchttpclient.netty.channel.NettyConnectListener - Using new Channel '[id: 0xd718ea43, L:/127.0.0.1:58578 - R:localhost/127.0.0.1:64598]' for 'POST' to '/session'
17:55:33.986 [AsyncHttpClient-1-9] DEBUG org.asynchttpclient.netty.handler.HttpHandler - 

Request DefaultHttpRequest(decodeResult: success, version: HTTP/1.1)
POST /session HTTP/1.1
User-Agent: selenium/4.1.2 (java windows)
Content-Length: 457
Content-Type: application/json; charset=utf-8
host: localhost:64598
accept: */*

Response DefaultHttpResponse(decodeResult: success, version: HTTP/1.1)
HTTP/1.1 200 OK
Content-Type: application/json; charset=utf-8
cache-control: no-cache
content-length: 786

17:55:33.986 [AsyncHttpClient-1-9] DEBUG org.asynchttpclient.netty.channel.ChannelManager - Adding key: http://localhost:64598 for channel [id: 0xd718ea43, L:/127.0.0.1:58578 - R:localhost/127.0.0.1:64598]
17:55:33.996 [AsyncHttpClient-1-10] DEBUG org.asynchttpclient.netty.channel.NettyConnectListener - Using new Channel '[id: 0x8776409c, L:/127.0.0.1:58585 - R:localhost/127.0.0.1:58579]' for 'GET' to '/json/version'
17:55:33.996 [AsyncHttpClient-1-10] DEBUG org.asynchttpclient.netty.handler.HttpHandler - 

Request DefaultFullHttpRequest(decodeResult: success, version: HTTP/1.1, content: EmptyByteBufBE)
GET /json/version HTTP/1.1
User-Agent: selenium/4.1.2 (java windows)
host: localhost:58579
accept: */*

Response DefaultHttpResponse(decodeResult: success, version: HTTP/1.1)
HTTP/1.1 200 OK
Content-Type: application/json; charset=UTF-8
content-length: 427

17:55:33.996 [AsyncHttpClient-1-10] DEBUG org.asynchttpclient.netty.channel.ChannelManager - Adding key: http://localhost:58579 for channel [id: 0x8776409c, L:/127.0.0.1:58585 - R:localhost/127.0.0.1:58579]
17:55:33.999 [AsyncHttpClient-1-11] DEBUG org.asynchttpclient.netty.channel.NettyConnectListener - Using new Channel '[id: 0x83ada119, L:/127.0.0.1:58586 - R:localhost/127.0.0.1:58579]' for 'GET' to '/devtools/browser/471969b6-0368-4aec-90a5-d80aea55e7dc'
17:55:34.000 [AsyncHttpClient-1-11] DEBUG org.asynchttpclient.netty.handler.WebSocketHandler - 

Request DefaultFullHttpRequest(decodeResult: success, version: HTTP/1.1, content: EmptyByteBufBE)
GET /devtools/browser/471969b6-0368-4aec-90a5-d80aea55e7dc HTTP/1.1
upgrade: websocket
connection: upgrade
sec-websocket-key: 1eW2vsrOIG/l6W7LEvq8qg==
sec-websocket-version: 13
origin: http://localhost:58579
host: localhost:58579
accept: */*
user-agent: AHC/2.1

Response DefaultHttpResponse(decodeResult: success, version: HTTP/1.1)
HTTP/1.1 101 WebSocket Protocol Handshake
Upgrade: WebSocket
Connection: Upgrade
Sec-WebSocket-Accept: DUj6b2VD/nCNRg3jLyh7DaCRZMU=

17:55:34.004 [Forwarding get on session 49fc60b576d569da9f59b00ad3c078b5 to remote] DEBUG org.asynchttpclient.netty.request.NettyRequestSender - Using pooled Channel '[id: 0xd718ea43, L:/127.0.0.1:58578 - R:localhost/127.0.0.1:64598]' for 'POST' to 'http://localhost:64598/session/49fc60b576d569da9f59b00ad3c078b5/url'
17:55:34.004 [Forwarding get on session 49fc60b576d569da9f59b00ad3c078b5 to remote] DEBUG org.asynchttpclient.netty.request.NettyRequestSender - Using open Channel [id: 0xd718ea43, L:/127.0.0.1:58578 - R:localhost/127.0.0.1:64598] for POST '/session/49fc60b576d569da9f59b00ad3c078b5/url'
17:55:34.920 [AsyncHttpClient-1-1] DEBUG org.asynchttpclient.netty.channel.DefaultChannelPool - Entry count for : http://localhost:58579 : 1
17:55:35.292 [AsyncHttpClient-1-9] DEBUG org.asynchttpclient.netty.handler.HttpHandler - 

Request DefaultHttpRequest(decodeResult: success, version: HTTP/1.1)
POST /session/49fc60b576d569da9f59b00ad3c078b5/url HTTP/1.1
User-Agent: selenium/4.1.2 (java windows)
Content-Length: 64
Content-Type: application/json; charset=utf-8
host: localhost:64598
accept: */*

Response DefaultHttpResponse(decodeResult: success, version: HTTP/1.1)
HTTP/1.1 200 OK
Content-Type: application/json; charset=utf-8
cache-control: no-cache
content-length: 14

17:55:35.292 [AsyncHttpClient-1-9] DEBUG org.asynchttpclient.netty.channel.ChannelManager - Adding key: http://localhost:64598 for channel [id: 0xd718ea43, L:/127.0.0.1:58578 - R:localhost/127.0.0.1:64598]
17:55:35.294 [Forwarding setTimeout on session 49fc60b576d569da9f59b00ad3c078b5 to remote] DEBUG org.asynchttpclient.netty.request.NettyRequestSender - Using pooled Channel '[id: 0xd718ea43, L:/127.0.0.1:58578 - R:localhost/127.0.0.1:64598]' for 'POST' to 'http://localhost:64598/session/49fc60b576d569da9f59b00ad3c078b5/timeouts'
17:55:35.294 [Forwarding setTimeout on session 49fc60b576d569da9f59b00ad3c078b5 to remote] DEBUG org.asynchttpclient.netty.request.NettyRequestSender - Using open Channel [id: 0xd718ea43, L:/127.0.0.1:58578 - R:localhost/127.0.0.1:64598] for POST '/session/49fc60b576d569da9f59b00ad3c078b5/timeouts'
17:55:35.295 [AsyncHttpClient-1-9] DEBUG org.asynchttpclient.netty.handler.HttpHandler - 

Request DefaultHttpRequest(decodeResult: success, version: HTTP/1.1)
POST /session/49fc60b576d569da9f59b00ad3c078b5/timeouts HTTP/1.1
User-Agent: selenium/4.1.2 (java windows)
Content-Length: 22
Content-Type: application/json; charset=utf-8
host: localhost:64598
accept: */*

Response DefaultHttpResponse(decodeResult: success, version: HTTP/1.1)
HTTP/1.1 200 OK
Content-Type: application/json; charset=utf-8
cache-control: no-cache
content-length: 14

17:55:35.295 [AsyncHttpClient-1-9] DEBUG org.asynchttpclient.netty.channel.ChannelManager - Adding key: http://localhost:64598 for channel [id: 0xd718ea43, L:/127.0.0.1:58578 - R:localhost/127.0.0.1:64598]
17:55:35.297 [Forwarding getCurrentUrl on session 49fc60b576d569da9f59b00ad3c078b5 to remote] DEBUG org.asynchttpclient.netty.request.NettyRequestSender - Using pooled Channel '[id: 0xd718ea43, L:/127.0.0.1:58578 - R:localhost/127.0.0.1:64598]' for 'GET' to 'http://localhost:64598/session/49fc60b576d569da9f59b00ad3c078b5/url'
17:55:35.297 [Forwarding getCurrentUrl on session 49fc60b576d569da9f59b00ad3c078b5 to remote] DEBUG org.asynchttpclient.netty.request.NettyRequestSender - Using open Channel [id: 0xd718ea43, L:/127.0.0.1:58578 - R:localhost/127.0.0.1:64598] for GET '/session/49fc60b576d569da9f59b00ad3c078b5/url'
17:55:35.302 [AsyncHttpClient-1-9] DEBUG org.asynchttpclient.netty.handler.HttpHandler - 

Request DefaultFullHttpRequest(decodeResult: success, version: HTTP/1.1, content: EmptyByteBufBE)
GET /session/49fc60b576d569da9f59b00ad3c078b5/url HTTP/1.1
User-Agent: selenium/4.1.2 (java windows)
Cache-Control: no-cache
Content-Type: application/json; charset=utf-8
host: localhost:64598
accept: */*

Response DefaultHttpResponse(decodeResult: success, version: HTTP/1.1)
HTTP/1.1 200 OK
Content-Type: application/json; charset=utf-8
cache-control: no-cache
content-length: 41

17:55:35.302 [AsyncHttpClient-1-9] DEBUG org.asynchttpclient.netty.channel.ChannelManager - Adding key: http://localhost:64598 for channel [id: 0xd718ea43, L:/127.0.0.1:58578 - R:localhost/127.0.0.1:64598]
17:55:35.310 [main] DEBUG net.serenitybdd.core.photography.Darkroom - Opening darkroom
17:55:35.311 [Darkroom Processing Line] DEBUG net.serenitybdd.core.photography.DarkroomProcessingLine - Darkroom processing line starting up
17:55:35.311 [Forwarding screenshot on session 49fc60b576d569da9f59b00ad3c078b5 to remote] DEBUG org.asynchttpclient.netty.request.NettyRequestSender - Using pooled Channel '[id: 0xd718ea43, L:/127.0.0.1:58578 - R:localhost/127.0.0.1:64598]' for 'GET' to 'http://localhost:64598/session/49fc60b576d569da9f59b00ad3c078b5/screenshot'
17:55:35.311 [Forwarding screenshot on session 49fc60b576d569da9f59b00ad3c078b5 to remote] DEBUG org.asynchttpclient.netty.request.NettyRequestSender - Using open Channel [id: 0xd718ea43, L:/127.0.0.1:58578 - R:localhost/127.0.0.1:64598] for GET '/session/49fc60b576d569da9f59b00ad3c078b5/screenshot'
17:55:35.750 [AsyncHttpClient-1-9] DEBUG org.asynchttpclient.netty.handler.HttpHandler - 

Request DefaultFullHttpRequest(decodeResult: success, version: HTTP/1.1, content: EmptyByteBufBE)
GET /session/49fc60b576d569da9f59b00ad3c078b5/screenshot HTTP/1.1
User-Agent: selenium/4.1.2 (java windows)
Cache-Control: no-cache
Content-Type: application/json; charset=utf-8
host: localhost:64598
accept: */*

Response DefaultHttpResponse(decodeResult: success, version: HTTP/1.1)
HTTP/1.1 200 OK
Content-Type: application/json; charset=utf-8
cache-control: no-cache
content-length: 32228

17:55:35.751 [AsyncHttpClient-1-9] DEBUG org.asynchttpclient.netty.channel.ChannelManager - Adding key: http://localhost:64598 for channel [id: 0xd718ea43, L:/127.0.0.1:58578 - R:localhost/127.0.0.1:64598]
17:55:35.753 [main] DEBUG net.serenitybdd.core.photography.Darkroom - Send negative for processing for target\site\serenity\4510322e36bb11a6014d8509eafdfeb27c6a3a7394c1f9ef4b696c572e41b18d.png
17:55:35.753 [main] DEBUG net.thucydides.core.steps.StepInterceptor - STARTING STEP: LoginSteps.iAmOnTheLoginPage - validateOnLoginPage
17:55:35.755 [Forwarding findElement on session 49fc60b576d569da9f59b00ad3c078b5 to remote] DEBUG org.asynchttpclient.netty.request.NettyRequestSender - Using pooled Channel '[id: 0xd718ea43, L:/127.0.0.1:58578 - R:localhost/127.0.0.1:64598]' for 'POST' to 'http://localhost:64598/session/49fc60b576d569da9f59b00ad3c078b5/element'
17:55:35.755 [Forwarding findElement on session 49fc60b576d569da9f59b00ad3c078b5 to remote] DEBUG org.asynchttpclient.netty.request.NettyRequestSender - Using open Channel [id: 0xd718ea43, L:/127.0.0.1:58578 - R:localhost/127.0.0.1:64598] for POST '/session/49fc60b576d569da9f59b00ad3c078b5/element'
17:55:35.767 [AsyncHttpClient-1-9] DEBUG org.asynchttpclient.netty.handler.HttpHandler - 

Request DefaultHttpRequest(decodeResult: success, version: HTTP/1.1)
POST /session/49fc60b576d569da9f59b00ad3c078b5/element HTTP/1.1
User-Agent: selenium/4.1.2 (java windows)
Content-Length: 92
Content-Type: application/json; charset=utf-8
host: localhost:64598
accept: */*

Response DefaultHttpResponse(decodeResult: success, version: HTTP/1.1)
HTTP/1.1 200 OK
Content-Type: application/json; charset=utf-8
cache-control: no-cache
content-length: 88

17:55:35.767 [AsyncHttpClient-1-9] DEBUG org.asynchttpclient.netty.channel.ChannelManager - Adding key: http://localhost:64598 for channel [id: 0xd718ea43, L:/127.0.0.1:58578 - R:localhost/127.0.0.1:64598]
17:55:35.771 [Forwarding isElementDisplayed on session 49fc60b576d569da9f59b00ad3c078b5 to remote] DEBUG org.asynchttpclient.netty.request.NettyRequestSender - Using pooled Channel '[id: 0xd718ea43, L:/127.0.0.1:58578 - R:localhost/127.0.0.1:64598]' for 'POST' to 'http://localhost:64598/session/49fc60b576d569da9f59b00ad3c078b5/execute/sync'
17:55:35.771 [Forwarding isElementDisplayed on session 49fc60b576d569da9f59b00ad3c078b5 to remote] DEBUG org.asynchttpclient.netty.request.NettyRequestSender - Using open Channel [id: 0xd718ea43, L:/127.0.0.1:58578 - R:localhost/127.0.0.1:64598] for POST '/session/49fc60b576d569da9f59b00ad3c078b5/execute/sync'
17:55:35.787 [AsyncHttpClient-1-9] DEBUG org.asynchttpclient.netty.handler.HttpHandler - 

Request DefaultHttpRequest(decodeResult: success, version: HTTP/1.1)
POST /session/49fc60b576d569da9f59b00ad3c078b5/execute/sync HTTP/1.1
User-Agent: selenium/4.1.2 (java windows)
Content-Length: 48780
Content-Type: application/json; charset=utf-8
host: localhost:64598
accept: */*

Response DefaultHttpResponse(decodeResult: success, version: HTTP/1.1)
HTTP/1.1 200 OK
Content-Type: application/json; charset=utf-8
cache-control: no-cache
content-length: 14

17:55:35.787 [AsyncHttpClient-1-9] DEBUG org.asynchttpclient.netty.channel.ChannelManager - Adding key: http://localhost:64598 for channel [id: 0xd718ea43, L:/127.0.0.1:58578 - R:localhost/127.0.0.1:64598]
17:55:35.791 [main] DEBUG net.thucydides.core.steps.StepInterceptor - STEP DONE: validateOnLoginPage
  &amp#27;[32mGiven &amp#27;[0m&amp#27;[32mI am on the login page&amp#27;[0m            &amp#27;[90m# starter.stepdefinitions.LoginSteps.iAmOnTheLoginPage()&amp#27;[0m
17:55:35.806 [Forwarding screenshot on session 49fc60b576d569da9f59b00ad3c078b5 to remote] DEBUG org.asynchttpclient.netty.request.NettyRequestSender - Using pooled Channel '[id: 0xd718ea43, L:/127.0.0.1:58578 - R:localhost/127.0.0.1:64598]' for 'GET' to 'http://localhost:64598/session/49fc60b576d569da9f59b00ad3c078b5/screenshot'
17:55:35.807 [Forwarding screenshot on session 49fc60b576d569da9f59b00ad3c078b5 to remote] DEBUG org.asynchttpclient.netty.request.NettyRequestSender - Using open Channel [id: 0xd718ea43, L:/127.0.0.1:58578 - R:localhost/127.0.0.1:64598] for GET '/session/49fc60b576d569da9f59b00ad3c078b5/screenshot'
17:55:35.930 [AsyncHttpClient-1-9] DEBUG org.asynchttpclient.netty.handler.HttpHandler - 

Request DefaultFullHttpRequest(decodeResult: success, version: HTTP/1.1, content: EmptyByteBufBE)
GET /session/49fc60b576d569da9f59b00ad3c078b5/screenshot HTTP/1.1
User-Agent: selenium/4.1.2 (java windows)
Cache-Control: no-cache
Content-Type: application/json; charset=utf-8
host: localhost:64598
accept: */*

Response DefaultHttpResponse(decodeResult: success, version: HTTP/1.1)
HTTP/1.1 200 OK
Content-Type: application/json; charset=utf-8
cache-control: no-cache
content-length: 32228

17:55:35.931 [AsyncHttpClient-1-9] DEBUG org.asynchttpclient.netty.channel.ChannelManager - Adding key: http://localhost:64598 for channel [id: 0xd718ea43, L:/127.0.0.1:58578 - R:localhost/127.0.0.1:64598]
17:55:35.932 [main] DEBUG net.serenitybdd.core.photography.Darkroom - Send negative for processing for target\site\serenity\4510322e36bb11a6014d8509eafdfeb27c6a3a7394c1f9ef4b696c572e41b18d.png
17:55:35.932 [main] DEBUG net.thucydides.core.steps.StepInterceptor - STARTING STEP: LoginSteps.iInputEmail - inputEmail
17:55:35.934 [Forwarding findElement on session 49fc60b576d569da9f59b00ad3c078b5 to remote] DEBUG org.asynchttpclient.netty.request.NettyRequestSender - Using pooled Channel '[id: 0xd718ea43, L:/127.0.0.1:58578 - R:localhost/127.0.0.1:64598]' for 'POST' to 'http://localhost:64598/session/49fc60b576d569da9f59b00ad3c078b5/element'
17:55:35.934 [Forwarding findElement on session 49fc60b576d569da9f59b00ad3c078b5 to remote] DEBUG org.asynchttpclient.netty.request.NettyRequestSender - Using open Channel [id: 0xd718ea43, L:/127.0.0.1:58578 - R:localhost/127.0.0.1:64598] for POST '/session/49fc60b576d569da9f59b00ad3c078b5/element'
17:55:35.948 [AsyncHttpClient-1-9] DEBUG org.asynchttpclient.netty.handler.HttpHandler - 

Request DefaultHttpRequest(decodeResult: success, version: HTTP/1.1)
POST /session/49fc60b576d569da9f59b00ad3c078b5/element HTTP/1.1
User-Agent: selenium/4.1.2 (java windows)
Content-Length: 84
Content-Type: application/json; charset=utf-8
host: localhost:64598
accept: */*

Response DefaultHttpResponse(decodeResult: success, version: HTTP/1.1)
HTTP/1.1 200 OK
Content-Type: application/json; charset=utf-8
cache-control: no-cache
content-length: 88

17:55:35.948 [AsyncHttpClient-1-9] DEBUG org.asynchttpclient.netty.channel.ChannelManager - Adding key: http://localhost:64598 for channel [id: 0xd718ea43, L:/127.0.0.1:58578 - R:localhost/127.0.0.1:64598]
17:55:35.950 [Forwarding clearElement on session 49fc60b576d569da9f59b00ad3c078b5 to remote] DEBUG org.asynchttpclient.netty.request.NettyRequestSender - Using pooled Channel '[id: 0xd718ea43, L:/127.0.0.1:58578 - R:localhost/127.0.0.1:64598]' for 'POST' to 'http://localhost:64598/session/49fc60b576d569da9f59b00ad3c078b5/element/a8c1b2e3-32be-4bec-9e03-1938e964beae/clear'
17:55:35.950 [Forwarding clearElement on session 49fc60b576d569da9f59b00ad3c078b5 to remote] DEBUG org.asynchttpclient.netty.request.NettyRequestSender - Using open Channel [id: 0xd718ea43, L:/127.0.0.1:58578 - R:localhost/127.0.0.1:64598] for POST '/session/49fc60b576d569da9f59b00ad3c078b5/element/a8c1b2e3-32be-4bec-9e03-1938e964beae/clear'
17:55:35.988 [AsyncHttpClient-1-9] DEBUG org.asynchttpclient.netty.handler.HttpHandler - 

Request DefaultHttpRequest(decodeResult: success, version: HTTP/1.1)
POST /session/49fc60b576d569da9f59b00ad3c078b5/element/a8c1b2e3-32be-4bec-9e03-1938e964beae/clear HTTP/1.1
User-Agent: selenium/4.1.2 (java windows)
Content-Length: 50
Content-Type: application/json; charset=utf-8
host: localhost:64598
accept: */*

Response DefaultHttpResponse(decodeResult: success, version: HTTP/1.1)
HTTP/1.1 200 OK
Content-Type: application/json; charset=utf-8
cache-control: no-cache
content-length: 14

17:55:35.988 [AsyncHttpClient-1-9] DEBUG org.asynchttpclient.netty.channel.ChannelManager - Adding key: http://localhost:64598 for channel [id: 0xd718ea43, L:/127.0.0.1:58578 - R:localhost/127.0.0.1:64598]
17:55:35.989 [Forwarding sendKeysToElement on session 49fc60b576d569da9f59b00ad3c078b5 to remote] DEBUG org.asynchttpclient.netty.request.NettyRequestSender - Using pooled Channel '[id: 0xd718ea43, L:/127.0.0.1:58578 - R:localhost/127.0.0.1:64598]' for 'POST' to 'http://localhost:64598/session/49fc60b576d569da9f59b00ad3c078b5/element/a8c1b2e3-32be-4bec-9e03-1938e964beae/value'
17:55:35.989 [Forwarding sendKeysToElement on session 49fc60b576d569da9f59b00ad3c078b5 to remote] DEBUG org.asynchttpclient.netty.request.NettyRequestSender - Using open Channel [id: 0xd718ea43, L:/127.0.0.1:58578 - R:localhost/127.0.0.1:64598] for POST '/session/49fc60b576d569da9f59b00ad3c078b5/element/a8c1b2e3-32be-4bec-9e03-1938e964beae/value'
17:55:36.021 [AsyncHttpClient-1-1] DEBUG org.asynchttpclient.netty.channel.DefaultChannelPool - Entry count for : http://localhost:58579 : 1
17:55:36.159 [AsyncHttpClient-1-9] DEBUG org.asynchttpclient.netty.handler.HttpHandler - 

Request DefaultHttpRequest(decodeResult: success, version: HTTP/1.1)
POST /session/49fc60b576d569da9f59b00ad3c078b5/element/a8c1b2e3-32be-4bec-9e03-1938e964beae/value HTTP/1.1
User-Agent: selenium/4.1.2 (java windows)
Content-Length: 271
Content-Type: application/json; charset=utf-8
host: localhost:64598
accept: */*

Response DefaultHttpResponse(decodeResult: success, version: HTTP/1.1)
HTTP/1.1 200 OK
Content-Type: application/json; charset=utf-8
cache-control: no-cache
content-length: 14

17:55:36.159 [AsyncHttpClient-1-9] DEBUG org.asynchttpclient.netty.channel.ChannelManager - Adding key: http://localhost:64598 for channel [id: 0xd718ea43, L:/127.0.0.1:58578 - R:localhost/127.0.0.1:64598]
17:55:36.165 [Forwarding screenshot on session 49fc60b576d569da9f59b00ad3c078b5 to remote] DEBUG org.asynchttpclient.netty.request.NettyRequestSender - Using pooled Channel '[id: 0xd718ea43, L:/127.0.0.1:58578 - R:localhost/127.0.0.1:64598]' for 'GET' to 'http://localhost:64598/session/49fc60b576d569da9f59b00ad3c078b5/screenshot'
17:55:36.165 [Forwarding screenshot on session 49fc60b576d569da9f59b00ad3c078b5 to remote] DEBUG org.asynchttpclient.netty.request.NettyRequestSender - Using open Channel [id: 0xd718ea43, L:/127.0.0.1:58578 - R:localhost/127.0.0.1:64598] for GET '/session/49fc60b576d569da9f59b00ad3c078b5/screenshot'
17:55:36.368 [AsyncHttpClient-1-9] DEBUG org.asynchttpclient.netty.handler.HttpHandler - 

Request DefaultFullHttpRequest(decodeResult: success, version: HTTP/1.1, content: EmptyByteBufBE)
GET /session/49fc60b576d569da9f59b00ad3c078b5/screenshot HTTP/1.1
User-Agent: selenium/4.1.2 (java windows)
Cache-Control: no-cache
Content-Type: application/json; charset=utf-8
host: localhost:64598
accept: */*

Response DefaultHttpResponse(decodeResult: success, version: HTTP/1.1)
HTTP/1.1 200 OK
Content-Type: application/json; charset=utf-8
cache-control: no-cache
content-length: 38052

17:55:36.368 [AsyncHttpClient-1-9] DEBUG org.asynchttpclient.netty.channel.ChannelManager - Adding key: http://localhost:64598 for channel [id: 0xd718ea43, L:/127.0.0.1:58578 - R:localhost/127.0.0.1:64598]
17:55:36.371 [main] DEBUG net.serenitybdd.core.photography.Darkroom - Send negative for processing for target\site\serenity\b5ff667d1286847405a1c27d0f8afda16770320ea2929e1fe563b01fd35d6693.png
17:55:36.371 [main] DEBUG net.thucydides.core.steps.StepInterceptor - STEP DONE: inputEmail
  &amp#27;[32mAnd &amp#27;[0m&amp#27;[32mI input &amp#27;[0m&amp#27;[32m&amp#27;[1m"jasrivika@gmail.com"&amp#27;[0m&amp#27;[32m email&amp#27;[0m &amp#27;[90m# starter.stepdefinitions.LoginSteps.iInputEmail(java.lang.String)&amp#27;[0m
17:55:36.372 [Darkroom Processing Line] DEBUG net.serenitybdd.core.photography.DarkroomProcessingLine - Processing screenshot image in /var/screenshots/screenshot-8195880177853128697
17:55:36.372 [Darkroom Processing Line] DEBUG net.serenitybdd.core.photography.DarkroomProcessingLine - Saving screenshot to target\site\serenity\b5ff667d1286847405a1c27d0f8afda16770320ea2929e1fe563b01fd35d6693.png
17:55:36.389 [main] DEBUG net.thucydides.core.steps.StepInterceptor - STARTING STEP: LoginSteps.iInputPassword - inputPassword
17:55:36.391 [Forwarding findElement on session 49fc60b576d569da9f59b00ad3c078b5 to remote] DEBUG org.asynchttpclient.netty.request.NettyRequestSender - Using pooled Channel '[id: 0xd718ea43, L:/127.0.0.1:58578 - R:localhost/127.0.0.1:64598]' for 'POST' to 'http://localhost:64598/session/49fc60b576d569da9f59b00ad3c078b5/element'
17:55:36.391 [Forwarding findElement on session 49fc60b576d569da9f59b00ad3c078b5 to remote] DEBUG org.asynchttpclient.netty.request.NettyRequestSender - Using open Channel [id: 0xd718ea43, L:/127.0.0.1:58578 - R:localhost/127.0.0.1:64598] for POST '/session/49fc60b576d569da9f59b00ad3c078b5/element'
17:55:36.405 [AsyncHttpClient-1-9] DEBUG org.asynchttpclient.netty.handler.HttpHandler - 

Request DefaultHttpRequest(decodeResult: success, version: HTTP/1.1)
POST /session/49fc60b576d569da9f59b00ad3c078b5/element HTTP/1.1
User-Agent: selenium/4.1.2 (java windows)
Content-Length: 87
Content-Type: application/json; charset=utf-8
host: localhost:64598
accept: */*

Response DefaultHttpResponse(decodeResult: success, version: HTTP/1.1)
HTTP/1.1 200 OK
Content-Type: application/json; charset=utf-8
cache-control: no-cache
content-length: 88

17:55:36.405 [AsyncHttpClient-1-9] DEBUG org.asynchttpclient.netty.channel.ChannelManager - Adding key: http://localhost:64598 for channel [id: 0xd718ea43, L:/127.0.0.1:58578 - R:localhost/127.0.0.1:64598]
17:55:36.406 [Forwarding clearElement on session 49fc60b576d569da9f59b00ad3c078b5 to remote] DEBUG org.asynchttpclient.netty.request.NettyRequestSender - Using pooled Channel '[id: 0xd718ea43, L:/127.0.0.1:58578 - R:localhost/127.0.0.1:64598]' for 'POST' to 'http://localhost:64598/session/49fc60b576d569da9f59b00ad3c078b5/element/f00ccf14-6a37-470c-838c-a6a8f23444ee/clear'
17:55:36.406 [Forwarding clearElement on session 49fc60b576d569da9f59b00ad3c078b5 to remote] DEBUG org.asynchttpclient.netty.request.NettyRequestSender - Using open Channel [id: 0xd718ea43, L:/127.0.0.1:58578 - R:localhost/127.0.0.1:64598] for POST '/session/49fc60b576d569da9f59b00ad3c078b5/element/f00ccf14-6a37-470c-838c-a6a8f23444ee/clear'
17:55:36.445 [AsyncHttpClient-1-9] DEBUG org.asynchttpclient.netty.handler.HttpHandler - 

Request DefaultHttpRequest(decodeResult: success, version: HTTP/1.1)
POST /session/49fc60b576d569da9f59b00ad3c078b5/element/f00ccf14-6a37-470c-838c-a6a8f23444ee/clear HTTP/1.1
User-Agent: selenium/4.1.2 (java windows)
Content-Length: 50
Content-Type: application/json; charset=utf-8
host: localhost:64598
accept: */*

Response DefaultHttpResponse(decodeResult: success, version: HTTP/1.1)
HTTP/1.1 200 OK
Content-Type: application/json; charset=utf-8
cache-control: no-cache
content-length: 14

17:55:36.445 [AsyncHttpClient-1-9] DEBUG org.asynchttpclient.netty.channel.ChannelManager - Adding key: http://localhost:64598 for channel [id: 0xd718ea43, L:/127.0.0.1:58578 - R:localhost/127.0.0.1:64598]
17:55:36.446 [Forwarding sendKeysToElement on session 49fc60b576d569da9f59b00ad3c078b5 to remote] DEBUG org.asynchttpclient.netty.request.NettyRequestSender - Using pooled Channel '[id: 0xd718ea43, L:/127.0.0.1:58578 - R:localhost/127.0.0.1:64598]' for 'POST' to 'http://localhost:64598/session/49fc60b576d569da9f59b00ad3c078b5/element/f00ccf14-6a37-470c-838c-a6a8f23444ee/value'
17:55:36.447 [Forwarding sendKeysToElement on session 49fc60b576d569da9f59b00ad3c078b5 to remote] DEBUG org.asynchttpclient.netty.request.NettyRequestSender - Using open Channel [id: 0xd718ea43, L:/127.0.0.1:58578 - R:localhost/127.0.0.1:64598] for POST '/session/49fc60b576d569da9f59b00ad3c078b5/element/f00ccf14-6a37-470c-838c-a6a8f23444ee/value'
17:55:36.542 [AsyncHttpClient-1-9] DEBUG org.asynchttpclient.netty.handler.HttpHandler - 

Request DefaultHttpRequest(decodeResult: success, version: HTTP/1.1)
POST /session/49fc60b576d569da9f59b00ad3c078b5/element/f00ccf14-6a37-470c-838c-a6a8f23444ee/value HTTP/1.1
User-Agent: selenium/4.1.2 (java windows)
Content-Length: 181
Content-Type: application/json; charset=utf-8
host: localhost:64598
accept: */*

Response DefaultHttpResponse(decodeResult: success, version: HTTP/1.1)
HTTP/1.1 200 OK
Content-Type: application/json; charset=utf-8
cache-control: no-cache
content-length: 14

17:55:36.542 [AsyncHttpClient-1-9] DEBUG org.asynchttpclient.netty.channel.ChannelManager - Adding key: http://localhost:64598 for channel [id: 0xd718ea43, L:/127.0.0.1:58578 - R:localhost/127.0.0.1:64598]
17:55:36.548 [Forwarding screenshot on session 49fc60b576d569da9f59b00ad3c078b5 to remote] DEBUG org.asynchttpclient.netty.request.NettyRequestSender - Using pooled Channel '[id: 0xd718ea43, L:/127.0.0.1:58578 - R:localhost/127.0.0.1:64598]' for 'GET' to 'http://localhost:64598/session/49fc60b576d569da9f59b00ad3c078b5/screenshot'
17:55:36.548 [Forwarding screenshot on session 49fc60b576d569da9f59b00ad3c078b5 to remote] DEBUG org.asynchttpclient.netty.request.NettyRequestSender - Using open Channel [id: 0xd718ea43, L:/127.0.0.1:58578 - R:localhost/127.0.0.1:64598] for GET '/session/49fc60b576d569da9f59b00ad3c078b5/screenshot'
17:55:36.759 [AsyncHttpClient-1-9] DEBUG org.asynchttpclient.netty.handler.HttpHandler - 

Request DefaultFullHttpRequest(decodeResult: success, version: HTTP/1.1, content: EmptyByteBufBE)
GET /session/49fc60b576d569da9f59b00ad3c078b5/screenshot HTTP/1.1
User-Agent: selenium/4.1.2 (java windows)
Cache-Control: no-cache
Content-Type: application/json; charset=utf-8
host: localhost:64598
accept: */*

Response DefaultHttpResponse(decodeResult: success, version: HTTP/1.1)
HTTP/1.1 200 OK
Content-Type: application/json; charset=utf-8
cache-control: no-cache
content-length: 41512

17:55:36.759 [AsyncHttpClient-1-9] DEBUG org.asynchttpclient.netty.channel.ChannelManager - Adding key: http://localhost:64598 for channel [id: 0xd718ea43, L:/127.0.0.1:58578 - R:localhost/127.0.0.1:64598]
17:55:36.762 [main] DEBUG net.serenitybdd.core.photography.Darkroom - Send negative for processing for target\site\serenity\8504198de160ab62f97bfc1ea40b711e1f0031788d5dc01f743d4fb7a659ad9c.png
17:55:36.762 [main] DEBUG net.thucydides.core.steps.StepInterceptor - STEP DONE: inputPassword
  &amp#27;[32mAnd &amp#27;[0m&amp#27;[32mI input &amp#27;[0m&amp#27;[32m&amp#27;[1m"Doremi@123"&amp#27;[0m&amp#27;[32m password&amp#27;[0m       &amp#27;[90m# starter.stepdefinitions.LoginSteps.iInputPassword(java.lang.String)&amp#27;[0m
17:55:36.764 [Darkroom Processing Line] DEBUG net.serenitybdd.core.photography.DarkroomProcessingLine - Processing screenshot image in /var/screenshots/screenshot-13054447571629677730
17:55:36.764 [Darkroom Processing Line] DEBUG net.serenitybdd.core.photography.DarkroomProcessingLine - Saving screenshot to target\site\serenity\8504198de160ab62f97bfc1ea40b711e1f0031788d5dc01f743d4fb7a659ad9c.png
17:55:36.791 [main] DEBUG net.thucydides.core.steps.StepInterceptor - STARTING STEP: LoginSteps.iClickLoginButton - clickLoginButton
17:55:36.796 [Forwarding findElement on session 49fc60b576d569da9f59b00ad3c078b5 to remote] DEBUG org.asynchttpclient.netty.request.NettyRequestSender - Using pooled Channel '[id: 0xd718ea43, L:/127.0.0.1:58578 - R:localhost/127.0.0.1:64598]' for 'POST' to 'http://localhost:64598/session/49fc60b576d569da9f59b00ad3c078b5/element'
17:55:36.796 [Forwarding findElement on session 49fc60b576d569da9f59b00ad3c078b5 to remote] DEBUG org.asynchttpclient.netty.request.NettyRequestSender - Using open Channel [id: 0xd718ea43, L:/127.0.0.1:58578 - R:localhost/127.0.0.1:64598] for POST '/session/49fc60b576d569da9f59b00ad3c078b5/element'
17:55:36.809 [AsyncHttpClient-1-9] DEBUG org.asynchttpclient.netty.handler.HttpHandler - 

Request DefaultHttpRequest(decodeResult: success, version: HTTP/1.1)
POST /session/49fc60b576d569da9f59b00ad3c078b5/element HTTP/1.1
User-Agent: selenium/4.1.2 (java windows)
Content-Length: 92
Content-Type: application/json; charset=utf-8
host: localhost:64598
accept: */*

Response DefaultHttpResponse(decodeResult: success, version: HTTP/1.1)
HTTP/1.1 200 OK
Content-Type: application/json; charset=utf-8
cache-control: no-cache
content-length: 88

17:55:36.809 [AsyncHttpClient-1-9] DEBUG org.asynchttpclient.netty.channel.ChannelManager - Adding key: http://localhost:64598 for channel [id: 0xd718ea43, L:/127.0.0.1:58578 - R:localhost/127.0.0.1:64598]
17:55:36.811 [Forwarding getElementTagName on session 49fc60b576d569da9f59b00ad3c078b5 to remote] DEBUG org.asynchttpclient.netty.request.NettyRequestSender - Using pooled Channel '[id: 0xd718ea43, L:/127.0.0.1:58578 - R:localhost/127.0.0.1:64598]' for 'GET' to 'http://localhost:64598/session/49fc60b576d569da9f59b00ad3c078b5/element/91f4f8a9-934c-4783-9e0c-519b8d02710c/name'
17:55:36.811 [Forwarding getElementTagName on session 49fc60b576d569da9f59b00ad3c078b5 to remote] DEBUG org.asynchttpclient.netty.request.NettyRequestSender - Using open Channel [id: 0xd718ea43, L:/127.0.0.1:58578 - R:localhost/127.0.0.1:64598] for GET '/session/49fc60b576d569da9f59b00ad3c078b5/element/91f4f8a9-934c-4783-9e0c-519b8d02710c/name'
17:55:36.823 [AsyncHttpClient-1-9] DEBUG org.asynchttpclient.netty.handler.HttpHandler - 

Request DefaultFullHttpRequest(decodeResult: success, version: HTTP/1.1, content: EmptyByteBufBE)
GET /session/49fc60b576d569da9f59b00ad3c078b5/element/91f4f8a9-934c-4783-9e0c-519b8d02710c/name HTTP/1.1
User-Agent: selenium/4.1.2 (java windows)
Cache-Control: no-cache
Content-Type: application/json; charset=utf-8
host: localhost:64598
accept: */*

Response DefaultHttpResponse(decodeResult: success, version: HTTP/1.1)
HTTP/1.1 200 OK
Content-Type: application/json; charset=utf-8
cache-control: no-cache
content-length: 18

17:55:36.823 [AsyncHttpClient-1-9] DEBUG org.asynchttpclient.netty.channel.ChannelManager - Adding key: http://localhost:64598 for channel [id: 0xd718ea43, L:/127.0.0.1:58578 - R:localhost/127.0.0.1:64598]
17:55:36.824 [Forwarding getElementTagName on session 49fc60b576d569da9f59b00ad3c078b5 to remote] DEBUG org.asynchttpclient.netty.request.NettyRequestSender - Using pooled Channel '[id: 0xd718ea43, L:/127.0.0.1:58578 - R:localhost/127.0.0.1:64598]' for 'GET' to 'http://localhost:64598/session/49fc60b576d569da9f59b00ad3c078b5/element/91f4f8a9-934c-4783-9e0c-519b8d02710c/name'
17:55:36.824 [Forwarding getElementTagName on session 49fc60b576d569da9f59b00ad3c078b5 to remote] DEBUG org.asynchttpclient.netty.request.NettyRequestSender - Using open Channel [id: 0xd718ea43, L:/127.0.0.1:58578 - R:localhost/127.0.0.1:64598] for GET '/session/49fc60b576d569da9f59b00ad3c078b5/element/91f4f8a9-934c-4783-9e0c-519b8d02710c/name'
17:55:36.839 [AsyncHttpClient-1-9] DEBUG org.asynchttpclient.netty.handler.HttpHandler - 

Request DefaultFullHttpRequest(decodeResult: success, version: HTTP/1.1, content: EmptyByteBufBE)
GET /session/49fc60b576d569da9f59b00ad3c078b5/element/91f4f8a9-934c-4783-9e0c-519b8d02710c/name HTTP/1.1
User-Agent: selenium/4.1.2 (java windows)
Cache-Control: no-cache
Content-Type: application/json; charset=utf-8
host: localhost:64598
accept: */*

Response DefaultHttpResponse(decodeResult: success, version: HTTP/1.1)
HTTP/1.1 200 OK
Content-Type: application/json; charset=utf-8
cache-control: no-cache
content-length: 18

17:55:36.839 [AsyncHttpClient-1-9] DEBUG org.asynchttpclient.netty.channel.ChannelManager - Adding key: http://localhost:64598 for channel [id: 0xd718ea43, L:/127.0.0.1:58578 - R:localhost/127.0.0.1:64598]
17:55:36.843 [Forwarding isElementEnabled on session 49fc60b576d569da9f59b00ad3c078b5 to remote] DEBUG org.asynchttpclient.netty.request.NettyRequestSender - Using pooled Channel '[id: 0xd718ea43, L:/127.0.0.1:58578 - R:localhost/127.0.0.1:64598]' for 'GET' to 'http://localhost:64598/session/49fc60b576d569da9f59b00ad3c078b5/element/91f4f8a9-934c-4783-9e0c-519b8d02710c/enabled'
17:55:36.843 [Forwarding isElementEnabled on session 49fc60b576d569da9f59b00ad3c078b5 to remote] DEBUG org.asynchttpclient.netty.request.NettyRequestSender - Using open Channel [id: 0xd718ea43, L:/127.0.0.1:58578 - R:localhost/127.0.0.1:64598] for GET '/session/49fc60b576d569da9f59b00ad3c078b5/element/91f4f8a9-934c-4783-9e0c-519b8d02710c/enabled'
17:55:36.863 [AsyncHttpClient-1-9] DEBUG org.asynchttpclient.netty.handler.HttpHandler - 

Request DefaultFullHttpRequest(decodeResult: success, version: HTTP/1.1, content: EmptyByteBufBE)
GET /session/49fc60b576d569da9f59b00ad3c078b5/element/91f4f8a9-934c-4783-9e0c-519b8d02710c/enabled HTTP/1.1
User-Agent: selenium/4.1.2 (java windows)
Cache-Control: no-cache
Content-Type: application/json; charset=utf-8
host: localhost:64598
accept: */*

Response DefaultHttpResponse(decodeResult: success, version: HTTP/1.1)
HTTP/1.1 200 OK
Content-Type: application/json; charset=utf-8
cache-control: no-cache
content-length: 14

17:55:36.864 [AsyncHttpClient-1-9] DEBUG org.asynchttpclient.netty.channel.ChannelManager - Adding key: http://localhost:64598 for channel [id: 0xd718ea43, L:/127.0.0.1:58578 - R:localhost/127.0.0.1:64598]
17:55:36.865 [Forwarding isElementEnabled on session 49fc60b576d569da9f59b00ad3c078b5 to remote] DEBUG org.asynchttpclient.netty.request.NettyRequestSender - Using pooled Channel '[id: 0xd718ea43, L:/127.0.0.1:58578 - R:localhost/127.0.0.1:64598]' for 'GET' to 'http://localhost:64598/session/49fc60b576d569da9f59b00ad3c078b5/element/91f4f8a9-934c-4783-9e0c-519b8d02710c/enabled'
17:55:36.865 [Forwarding isElementEnabled on session 49fc60b576d569da9f59b00ad3c078b5 to remote] DEBUG org.asynchttpclient.netty.request.NettyRequestSender - Using open Channel [id: 0xd718ea43, L:/127.0.0.1:58578 - R:localhost/127.0.0.1:64598] for GET '/session/49fc60b576d569da9f59b00ad3c078b5/element/91f4f8a9-934c-4783-9e0c-519b8d02710c/enabled'
17:55:36.874 [AsyncHttpClient-1-9] DEBUG org.asynchttpclient.netty.handler.HttpHandler - 

Request DefaultFullHttpRequest(decodeResult: success, version: HTTP/1.1, content: EmptyByteBufBE)
GET /session/49fc60b576d569da9f59b00ad3c078b5/element/91f4f8a9-934c-4783-9e0c-519b8d02710c/enabled HTTP/1.1
User-Agent: selenium/4.1.2 (java windows)
Cache-Control: no-cache
Content-Type: application/json; charset=utf-8
host: localhost:64598
accept: */*

Response DefaultHttpResponse(decodeResult: success, version: HTTP/1.1)
HTTP/1.1 200 OK
Content-Type: application/json; charset=utf-8
cache-control: no-cache
content-length: 14

17:55:36.875 [AsyncHttpClient-1-9] DEBUG org.asynchttpclient.netty.channel.ChannelManager - Adding key: http://localhost:64598 for channel [id: 0xd718ea43, L:/127.0.0.1:58578 - R:localhost/127.0.0.1:64598]
17:55:36.878 [Forwarding findElement on session 49fc60b576d569da9f59b00ad3c078b5 to remote] DEBUG org.asynchttpclient.netty.request.NettyRequestSender - Using pooled Channel '[id: 0xd718ea43, L:/127.0.0.1:58578 - R:localhost/127.0.0.1:64598]' for 'POST' to 'http://localhost:64598/session/49fc60b576d569da9f59b00ad3c078b5/element'
17:55:36.878 [Forwarding findElement on session 49fc60b576d569da9f59b00ad3c078b5 to remote] DEBUG org.asynchttpclient.netty.request.NettyRequestSender - Using open Channel [id: 0xd718ea43, L:/127.0.0.1:58578 - R:localhost/127.0.0.1:64598] for POST '/session/49fc60b576d569da9f59b00ad3c078b5/element'
17:55:36.892 [AsyncHttpClient-1-9] DEBUG org.asynchttpclient.netty.handler.HttpHandler - 

Request DefaultHttpRequest(decodeResult: success, version: HTTP/1.1)
POST /session/49fc60b576d569da9f59b00ad3c078b5/element HTTP/1.1
User-Agent: selenium/4.1.2 (java windows)
Content-Length: 92
Content-Type: application/json; charset=utf-8
host: localhost:64598
accept: */*

Response DefaultHttpResponse(decodeResult: success, version: HTTP/1.1)
HTTP/1.1 200 OK
Content-Type: application/json; charset=utf-8
cache-control: no-cache
content-length: 88

17:55:36.892 [AsyncHttpClient-1-9] DEBUG org.asynchttpclient.netty.channel.ChannelManager - Adding key: http://localhost:64598 for channel [id: 0xd718ea43, L:/127.0.0.1:58578 - R:localhost/127.0.0.1:64598]
17:55:36.895 [Forwarding clickElement on session 49fc60b576d569da9f59b00ad3c078b5 to remote] DEBUG org.asynchttpclient.netty.request.NettyRequestSender - Using pooled Channel '[id: 0xd718ea43, L:/127.0.0.1:58578 - R:localhost/127.0.0.1:64598]' for 'POST' to 'http://localhost:64598/session/49fc60b576d569da9f59b00ad3c078b5/element/91f4f8a9-934c-4783-9e0c-519b8d02710c/click'
17:55:36.895 [Forwarding clickElement on session 49fc60b576d569da9f59b00ad3c078b5 to remote] DEBUG org.asynchttpclient.netty.request.NettyRequestSender - Using open Channel [id: 0xd718ea43, L:/127.0.0.1:58578 - R:localhost/127.0.0.1:64598] for POST '/session/49fc60b576d569da9f59b00ad3c078b5/element/91f4f8a9-934c-4783-9e0c-519b8d02710c/click'
17:55:36.959 [AsyncHttpClient-1-9] DEBUG org.asynchttpclient.netty.handler.HttpHandler - 

Request DefaultHttpRequest(decodeResult: success, version: HTTP/1.1)
POST /session/49fc60b576d569da9f59b00ad3c078b5/element/91f4f8a9-934c-4783-9e0c-519b8d02710c/click HTTP/1.1
User-Agent: selenium/4.1.2 (java windows)
Content-Length: 50
Content-Type: application/json; charset=utf-8
host: localhost:64598
accept: */*

Response DefaultHttpResponse(decodeResult: success, version: HTTP/1.1)
HTTP/1.1 200 OK
Content-Type: application/json; charset=utf-8
cache-control: no-cache
content-length: 14

17:55:36.960 [AsyncHttpClient-1-9] DEBUG org.asynchttpclient.netty.channel.ChannelManager - Adding key: http://localhost:64598 for channel [id: 0xd718ea43, L:/127.0.0.1:58578 - R:localhost/127.0.0.1:64598]
17:55:36.965 [Forwarding screenshot on session 49fc60b576d569da9f59b00ad3c078b5 to remote] DEBUG org.asynchttpclient.netty.request.NettyRequestSender - Using pooled Channel '[id: 0xd718ea43, L:/127.0.0.1:58578 - R:localhost/127.0.0.1:64598]' for 'GET' to 'http://localhost:64598/session/49fc60b576d569da9f59b00ad3c078b5/screenshot'
17:55:36.965 [Forwarding screenshot on session 49fc60b576d569da9f59b00ad3c078b5 to remote] DEBUG org.asynchttpclient.netty.request.NettyRequestSender - Using open Channel [id: 0xd718ea43, L:/127.0.0.1:58578 - R:localhost/127.0.0.1:64598] for GET '/session/49fc60b576d569da9f59b00ad3c078b5/screenshot'
17:55:37.119 [AsyncHttpClient-1-1] DEBUG org.asynchttpclient.netty.channel.DefaultChannelPool - Entry count for : http://localhost:58579 : 1
17:55:37.184 [AsyncHttpClient-1-9] DEBUG org.asynchttpclient.netty.handler.HttpHandler - 

Request DefaultFullHttpRequest(decodeResult: success, version: HTTP/1.1, content: EmptyByteBufBE)
GET /session/49fc60b576d569da9f59b00ad3c078b5/screenshot HTTP/1.1
User-Agent: selenium/4.1.2 (java windows)
Cache-Control: no-cache
Content-Type: application/json; charset=utf-8
host: localhost:64598
accept: */*

Response DefaultHttpResponse(decodeResult: success, version: HTTP/1.1)
HTTP/1.1 200 OK
Content-Type: application/json; charset=utf-8
cache-control: no-cache
content-length: 40680

17:55:37.185 [AsyncHttpClient-1-9] DEBUG org.asynchttpclient.netty.channel.ChannelManager - Adding key: http://localhost:64598 for channel [id: 0xd718ea43, L:/127.0.0.1:58578 - R:localhost/127.0.0.1:64598]
17:55:37.187 [main] DEBUG net.serenitybdd.core.photography.Darkroom - Send negative for processing for target\site\serenity\b37d5f11f457f9ad100e4fbd32e308dd83bd3d7aba878547d2fa89e7b0823305.png
17:55:37.187 [main] DEBUG net.thucydides.core.steps.StepInterceptor - STEP DONE: clickLoginButton
  &amp#27;[32mAnd &amp#27;[0m&amp#27;[32mI click login button&amp#27;[0m                &amp#27;[90m# starter.stepdefinitions.LoginSteps.iClickLoginButton()&amp#27;[0m
17:55:37.188 [Darkroom Processing Line] DEBUG net.serenitybdd.core.photography.DarkroomProcessingLine - Processing screenshot image in /var/screenshots/screenshot-17659417732630973159
17:55:37.188 [Darkroom Processing Line] DEBUG net.serenitybdd.core.photography.DarkroomProcessingLine - Saving screenshot to target\site\serenity\b37d5f11f457f9ad100e4fbd32e308dd83bd3d7aba878547d2fa89e7b0823305.png
17:55:37.199 [Forwarding findElement on session 49fc60b576d569da9f59b00ad3c078b5 to remote] DEBUG org.asynchttpclient.netty.request.NettyRequestSender - Using pooled Channel '[id: 0xd718ea43, L:/127.0.0.1:58578 - R:localhost/127.0.0.1:64598]' for 'POST' to 'http://localhost:64598/session/49fc60b576d569da9f59b00ad3c078b5/element'
17:55:37.199 [Forwarding findElement on session 49fc60b576d569da9f59b00ad3c078b5 to remote] DEBUG org.asynchttpclient.netty.request.NettyRequestSender - Using open Channel [id: 0xd718ea43, L:/127.0.0.1:58578 - R:localhost/127.0.0.1:64598] for POST '/session/49fc60b576d569da9f59b00ad3c078b5/element'
17:55:37.214 [AsyncHttpClient-1-9] DEBUG org.asynchttpclient.netty.handler.HttpHandler - 

Request DefaultHttpRequest(decodeResult: success, version: HTTP/1.1)
POST /session/49fc60b576d569da9f59b00ad3c078b5/element HTTP/1.1
User-Agent: selenium/4.1.2 (java windows)
Content-Length: 94
Content-Type: application/json; charset=utf-8
host: localhost:64598
accept: */*

Response DefaultHttpResponse(decodeResult: success, version: HTTP/1.1)
HTTP/1.1 200 OK
Content-Type: application/json; charset=utf-8
cache-control: no-cache
content-length: 88

17:55:37.214 [AsyncHttpClient-1-9] DEBUG org.asynchttpclient.netty.channel.ChannelManager - Adding key: http://localhost:64598 for channel [id: 0xd718ea43, L:/127.0.0.1:58578 - R:localhost/127.0.0.1:64598]
17:55:37.220 [Forwarding isElementDisplayed on session 49fc60b576d569da9f59b00ad3c078b5 to remote] DEBUG org.asynchttpclient.netty.request.NettyRequestSender - Using pooled Channel '[id: 0xd718ea43, L:/127.0.0.1:58578 - R:localhost/127.0.0.1:64598]' for 'POST' to 'http://localhost:64598/session/49fc60b576d569da9f59b00ad3c078b5/execute/sync'
17:55:37.220 [Forwarding isElementDisplayed on session 49fc60b576d569da9f59b00ad3c078b5 to remote] DEBUG org.asynchttpclient.netty.request.NettyRequestSender - Using open Channel [id: 0xd718ea43, L:/127.0.0.1:58578 - R:localhost/127.0.0.1:64598] for POST '/session/49fc60b576d569da9f59b00ad3c078b5/execute/sync'
17:55:37.284 [AsyncHttpClient-1-9] DEBUG org.asynchttpclient.netty.handler.HttpHandler - 

Request DefaultHttpRequest(decodeResult: success, version: HTTP/1.1)
POST /session/49fc60b576d569da9f59b00ad3c078b5/execute/sync HTTP/1.1
User-Agent: selenium/4.1.2 (java windows)
Content-Length: 48780
Content-Type: application/json; charset=utf-8
host: localhost:64598
accept: */*

Response DefaultHttpResponse(decodeResult: success, version: HTTP/1.1)
HTTP/1.1 200 OK
Content-Type: application/json; charset=utf-8
cache-control: no-cache
content-length: 14

17:55:37.285 [AsyncHttpClient-1-9] DEBUG org.asynchttpclient.netty.channel.ChannelManager - Adding key: http://localhost:64598 for channel [id: 0xd718ea43, L:/127.0.0.1:58578 - R:localhost/127.0.0.1:64598]
17:55:37.288 [Forwarding findElement on session 49fc60b576d569da9f59b00ad3c078b5 to remote] DEBUG org.asynchttpclient.netty.request.NettyRequestSender - Using pooled Channel '[id: 0xd718ea43, L:/127.0.0.1:58578 - R:localhost/127.0.0.1:64598]' for 'POST' to 'http://localhost:64598/session/49fc60b576d569da9f59b00ad3c078b5/element'
17:55:37.288 [Forwarding findElement on session 49fc60b576d569da9f59b00ad3c078b5 to remote] DEBUG org.asynchttpclient.netty.request.NettyRequestSender - Using open Channel [id: 0xd718ea43, L:/127.0.0.1:58578 - R:localhost/127.0.0.1:64598] for POST '/session/49fc60b576d569da9f59b00ad3c078b5/element'
17:55:37.305 [AsyncHttpClient-1-9] DEBUG org.asynchttpclient.netty.handler.HttpHandler - 

Request DefaultHttpRequest(decodeResult: success, version: HTTP/1.1)
POST /session/49fc60b576d569da9f59b00ad3c078b5/element HTTP/1.1
User-Agent: selenium/4.1.2 (java windows)
Content-Length: 111
Content-Type: application/json; charset=utf-8
host: localhost:64598
accept: */*

Response DefaultHttpResponse(decodeResult: success, version: HTTP/1.1)
HTTP/1.1 200 OK
Content-Type: application/json; charset=utf-8
cache-control: no-cache
content-length: 88

17:55:37.306 [AsyncHttpClient-1-9] DEBUG org.asynchttpclient.netty.channel.ChannelManager - Adding key: http://localhost:64598 for channel [id: 0xd718ea43, L:/127.0.0.1:58578 - R:localhost/127.0.0.1:64598]
17:55:37.306 [Forwarding getElementText on session 49fc60b576d569da9f59b00ad3c078b5 to remote] DEBUG org.asynchttpclient.netty.request.NettyRequestSender - Using pooled Channel '[id: 0xd718ea43, L:/127.0.0.1:58578 - R:localhost/127.0.0.1:64598]' for 'GET' to 'http://localhost:64598/session/49fc60b576d569da9f59b00ad3c078b5/element/f46aef87-b635-4111-a3d8-fe4c4e6fe49e/text'
17:55:37.306 [Forwarding getElementText on session 49fc60b576d569da9f59b00ad3c078b5 to remote] DEBUG org.asynchttpclient.netty.request.NettyRequestSender - Using open Channel [id: 0xd718ea43, L:/127.0.0.1:58578 - R:localhost/127.0.0.1:64598] for GET '/session/49fc60b576d569da9f59b00ad3c078b5/element/f46aef87-b635-4111-a3d8-fe4c4e6fe49e/text'
17:55:37.326 [AsyncHttpClient-1-9] DEBUG org.asynchttpclient.netty.handler.HttpHandler - 

Request DefaultFullHttpRequest(decodeResult: success, version: HTTP/1.1, content: EmptyByteBufBE)
GET /session/49fc60b576d569da9f59b00ad3c078b5/element/f46aef87-b635-4111-a3d8-fe4c4e6fe49e/text HTTP/1.1
User-Agent: selenium/4.1.2 (java windows)
Cache-Control: no-cache
Content-Type: application/json; charset=utf-8
host: localhost:64598
accept: */*

Response DefaultHttpResponse(decodeResult: success, version: HTTP/1.1)
HTTP/1.1 200 OK
Content-Type: application/json; charset=utf-8
cache-control: no-cache
content-length: 20

17:55:37.327 [AsyncHttpClient-1-9] DEBUG org.asynchttpclient.netty.channel.ChannelManager - Adding key: http://localhost:64598 for channel [id: 0xd718ea43, L:/127.0.0.1:58578 - R:localhost/127.0.0.1:64598]
  &amp#27;[32mAnd &amp#27;[0m&amp#27;[32mI get the &amp#27;[0m&amp#27;[32m&amp#27;[1m"homepage"&amp#27;[0m                &amp#27;[90m# starter.stepdefinitions.LoginSteps.iGetThe(java.lang.String)&amp#27;[0m
17:55:37.332 [Forwarding screenshot on session 49fc60b576d569da9f59b00ad3c078b5 to remote] DEBUG org.asynchttpclient.netty.request.NettyRequestSender - Using pooled Channel '[id: 0xd718ea43, L:/127.0.0.1:58578 - R:localhost/127.0.0.1:64598]' for 'GET' to 'http://localhost:64598/session/49fc60b576d569da9f59b00ad3c078b5/screenshot'
17:55:37.332 [Forwarding screenshot on session 49fc60b576d569da9f59b00ad3c078b5 to remote] DEBUG org.asynchttpclient.netty.request.NettyRequestSender - Using open Channel [id: 0xd718ea43, L:/127.0.0.1:58578 - R:localhost/127.0.0.1:64598] for GET '/session/49fc60b576d569da9f59b00ad3c078b5/screenshot'
17:55:37.587 [AsyncHttpClient-1-9] DEBUG org.asynchttpclient.netty.handler.HttpHandler - 

Request DefaultFullHttpRequest(decodeResult: success, version: HTTP/1.1, content: EmptyByteBufBE)
GET /session/49fc60b576d569da9f59b00ad3c078b5/screenshot HTTP/1.1
User-Agent: selenium/4.1.2 (java windows)
Cache-Control: no-cache
Content-Type: application/json; charset=utf-8
host: localhost:64598
accept: */*

Response DefaultHttpResponse(decodeResult: success, version: HTTP/1.1)
HTTP/1.1 200 OK
Content-Type: application/json; charset=utf-8
cache-control: no-cache
content-length: 33004

17:55:37.587 [AsyncHttpClient-1-9] DEBUG org.asynchttpclient.netty.channel.ChannelManager - Adding key: http://localhost:64598 for channel [id: 0xd718ea43, L:/127.0.0.1:58578 - R:localhost/127.0.0.1:64598]
17:55:37.589 [main] DEBUG net.serenitybdd.core.photography.Darkroom - Send negative for processing for target\site\serenity\498c612155da57717f6749389f3e822a4b9822bae06c089da8fa03936f8fd83b.png
17:55:37.610 [main] DEBUG net.thucydides.core.steps.StepInterceptor - STARTING STEP: LogoutSteps.iClickProfileIcon - clickProfileIcon
17:55:37.614 [Forwarding findElement on session 49fc60b576d569da9f59b00ad3c078b5 to remote] DEBUG org.asynchttpclient.netty.request.NettyRequestSender - Using pooled Channel '[id: 0xd718ea43, L:/127.0.0.1:58578 - R:localhost/127.0.0.1:64598]' for 'POST' to 'http://localhost:64598/session/49fc60b576d569da9f59b00ad3c078b5/element'
17:55:37.614 [Forwarding findElement on session 49fc60b576d569da9f59b00ad3c078b5 to remote] DEBUG org.asynchttpclient.netty.request.NettyRequestSender - Using open Channel [id: 0xd718ea43, L:/127.0.0.1:58578 - R:localhost/127.0.0.1:64598] for POST '/session/49fc60b576d569da9f59b00ad3c078b5/element'
17:55:37.629 [AsyncHttpClient-1-9] DEBUG org.asynchttpclient.netty.handler.HttpHandler - 

Request DefaultHttpRequest(decodeResult: success, version: HTTP/1.1)
POST /session/49fc60b576d569da9f59b00ad3c078b5/element HTTP/1.1
User-Agent: selenium/4.1.2 (java windows)
Content-Length: 102
Content-Type: application/json; charset=utf-8
host: localhost:64598
accept: */*

Response DefaultHttpResponse(decodeResult: success, version: HTTP/1.1)
HTTP/1.1 200 OK
Content-Type: application/json; charset=utf-8
cache-control: no-cache
content-length: 88

17:55:37.629 [AsyncHttpClient-1-9] DEBUG org.asynchttpclient.netty.channel.ChannelManager - Adding key: http://localhost:64598 for channel [id: 0xd718ea43, L:/127.0.0.1:58578 - R:localhost/127.0.0.1:64598]
17:55:37.630 [Forwarding getElementTagName on session 49fc60b576d569da9f59b00ad3c078b5 to remote] DEBUG org.asynchttpclient.netty.request.NettyRequestSender - Using pooled Channel '[id: 0xd718ea43, L:/127.0.0.1:58578 - R:localhost/127.0.0.1:64598]' for 'GET' to 'http://localhost:64598/session/49fc60b576d569da9f59b00ad3c078b5/element/156ed90b-752a-4575-94ea-115481160bdb/name'
17:55:37.630 [Forwarding getElementTagName on session 49fc60b576d569da9f59b00ad3c078b5 to remote] DEBUG org.asynchttpclient.netty.request.NettyRequestSender - Using open Channel [id: 0xd718ea43, L:/127.0.0.1:58578 - R:localhost/127.0.0.1:64598] for GET '/session/49fc60b576d569da9f59b00ad3c078b5/element/156ed90b-752a-4575-94ea-115481160bdb/name'
17:55:37.636 [AsyncHttpClient-1-9] DEBUG org.asynchttpclient.netty.handler.HttpHandler - 

Request DefaultFullHttpRequest(decodeResult: success, version: HTTP/1.1, content: EmptyByteBufBE)
GET /session/49fc60b576d569da9f59b00ad3c078b5/element/156ed90b-752a-4575-94ea-115481160bdb/name HTTP/1.1
User-Agent: selenium/4.1.2 (java windows)
Cache-Control: no-cache
Content-Type: application/json; charset=utf-8
host: localhost:64598
accept: */*

Response DefaultHttpResponse(decodeResult: success, version: HTTP/1.1)
HTTP/1.1 200 OK
Content-Type: application/json; charset=utf-8
cache-control: no-cache
content-length: 18

17:55:37.636 [AsyncHttpClient-1-9] DEBUG org.asynchttpclient.netty.channel.ChannelManager - Adding key: http://localhost:64598 for channel [id: 0xd718ea43, L:/127.0.0.1:58578 - R:localhost/127.0.0.1:64598]
17:55:37.637 [Forwarding getElementTagName on session 49fc60b576d569da9f59b00ad3c078b5 to remote] DEBUG org.asynchttpclient.netty.request.NettyRequestSender - Using pooled Channel '[id: 0xd718ea43, L:/127.0.0.1:58578 - R:localhost/127.0.0.1:64598]' for 'GET' to 'http://localhost:64598/session/49fc60b576d569da9f59b00ad3c078b5/element/156ed90b-752a-4575-94ea-115481160bdb/name'
17:55:37.637 [Forwarding getElementTagName on session 49fc60b576d569da9f59b00ad3c078b5 to remote] DEBUG org.asynchttpclient.netty.request.NettyRequestSender - Using open Channel [id: 0xd718ea43, L:/127.0.0.1:58578 - R:localhost/127.0.0.1:64598] for GET '/session/49fc60b576d569da9f59b00ad3c078b5/element/156ed90b-752a-4575-94ea-115481160bdb/name'
17:55:37.642 [AsyncHttpClient-1-9] DEBUG org.asynchttpclient.netty.handler.HttpHandler - 

Request DefaultFullHttpRequest(decodeResult: success, version: HTTP/1.1, content: EmptyByteBufBE)
GET /session/49fc60b576d569da9f59b00ad3c078b5/element/156ed90b-752a-4575-94ea-115481160bdb/name HTTP/1.1
User-Agent: selenium/4.1.2 (java windows)
Cache-Control: no-cache
Content-Type: application/json; charset=utf-8
host: localhost:64598
accept: */*

Response DefaultHttpResponse(decodeResult: success, version: HTTP/1.1)
HTTP/1.1 200 OK
Content-Type: application/json; charset=utf-8
cache-control: no-cache
content-length: 18

17:55:37.642 [AsyncHttpClient-1-9] DEBUG org.asynchttpclient.netty.channel.ChannelManager - Adding key: http://localhost:64598 for channel [id: 0xd718ea43, L:/127.0.0.1:58578 - R:localhost/127.0.0.1:64598]
17:55:37.645 [Forwarding isElementEnabled on session 49fc60b576d569da9f59b00ad3c078b5 to remote] DEBUG org.asynchttpclient.netty.request.NettyRequestSender - Using pooled Channel '[id: 0xd718ea43, L:/127.0.0.1:58578 - R:localhost/127.0.0.1:64598]' for 'GET' to 'http://localhost:64598/session/49fc60b576d569da9f59b00ad3c078b5/element/156ed90b-752a-4575-94ea-115481160bdb/enabled'
17:55:37.645 [Forwarding isElementEnabled on session 49fc60b576d569da9f59b00ad3c078b5 to remote] DEBUG org.asynchttpclient.netty.request.NettyRequestSender - Using open Channel [id: 0xd718ea43, L:/127.0.0.1:58578 - R:localhost/127.0.0.1:64598] for GET '/session/49fc60b576d569da9f59b00ad3c078b5/element/156ed90b-752a-4575-94ea-115481160bdb/enabled'
17:55:37.656 [AsyncHttpClient-1-9] DEBUG org.asynchttpclient.netty.handler.HttpHandler - 

Request DefaultFullHttpRequest(decodeResult: success, version: HTTP/1.1, content: EmptyByteBufBE)
GET /session/49fc60b576d569da9f59b00ad3c078b5/element/156ed90b-752a-4575-94ea-115481160bdb/enabled HTTP/1.1
User-Agent: selenium/4.1.2 (java windows)
Cache-Control: no-cache
Content-Type: application/json; charset=utf-8
host: localhost:64598
accept: */*

Response DefaultHttpResponse(decodeResult: success, version: HTTP/1.1)
HTTP/1.1 200 OK
Content-Type: application/json; charset=utf-8
cache-control: no-cache
content-length: 14

17:55:37.656 [AsyncHttpClient-1-9] DEBUG org.asynchttpclient.netty.channel.ChannelManager - Adding key: http://localhost:64598 for channel [id: 0xd718ea43, L:/127.0.0.1:58578 - R:localhost/127.0.0.1:64598]
17:55:37.658 [Forwarding isElementEnabled on session 49fc60b576d569da9f59b00ad3c078b5 to remote] DEBUG org.asynchttpclient.netty.request.NettyRequestSender - Using pooled Channel '[id: 0xd718ea43, L:/127.0.0.1:58578 - R:localhost/127.0.0.1:64598]' for 'GET' to 'http://localhost:64598/session/49fc60b576d569da9f59b00ad3c078b5/element/156ed90b-752a-4575-94ea-115481160bdb/enabled'
17:55:37.658 [Forwarding isElementEnabled on session 49fc60b576d569da9f59b00ad3c078b5 to remote] DEBUG org.asynchttpclient.netty.request.NettyRequestSender - Using open Channel [id: 0xd718ea43, L:/127.0.0.1:58578 - R:localhost/127.0.0.1:64598] for GET '/session/49fc60b576d569da9f59b00ad3c078b5/element/156ed90b-752a-4575-94ea-115481160bdb/enabled'
17:55:37.665 [AsyncHttpClient-1-9] DEBUG org.asynchttpclient.netty.handler.HttpHandler - 

Request DefaultFullHttpRequest(decodeResult: success, version: HTTP/1.1, content: EmptyByteBufBE)
GET /session/49fc60b576d569da9f59b00ad3c078b5/element/156ed90b-752a-4575-94ea-115481160bdb/enabled HTTP/1.1
User-Agent: selenium/4.1.2 (java windows)
Cache-Control: no-cache
Content-Type: application/json; charset=utf-8
host: localhost:64598
accept: */*

Response DefaultHttpResponse(decodeResult: success, version: HTTP/1.1)
HTTP/1.1 200 OK
Content-Type: application/json; charset=utf-8
cache-control: no-cache
content-length: 14

17:55:37.665 [AsyncHttpClient-1-9] DEBUG org.asynchttpclient.netty.channel.ChannelManager - Adding key: http://localhost:64598 for channel [id: 0xd718ea43, L:/127.0.0.1:58578 - R:localhost/127.0.0.1:64598]
17:55:37.667 [Forwarding findElement on session 49fc60b576d569da9f59b00ad3c078b5 to remote] DEBUG org.asynchttpclient.netty.request.NettyRequestSender - Using pooled Channel '[id: 0xd718ea43, L:/127.0.0.1:58578 - R:localhost/127.0.0.1:64598]' for 'POST' to 'http://localhost:64598/session/49fc60b576d569da9f59b00ad3c078b5/element'
17:55:37.667 [Forwarding findElement on session 49fc60b576d569da9f59b00ad3c078b5 to remote] DEBUG org.asynchttpclient.netty.request.NettyRequestSender - Using open Channel [id: 0xd718ea43, L:/127.0.0.1:58578 - R:localhost/127.0.0.1:64598] for POST '/session/49fc60b576d569da9f59b00ad3c078b5/element'
17:55:37.676 [AsyncHttpClient-1-9] DEBUG org.asynchttpclient.netty.handler.HttpHandler - 

Request DefaultHttpRequest(decodeResult: success, version: HTTP/1.1)
POST /session/49fc60b576d569da9f59b00ad3c078b5/element HTTP/1.1
User-Agent: selenium/4.1.2 (java windows)
Content-Length: 102
Content-Type: application/json; charset=utf-8
host: localhost:64598
accept: */*

Response DefaultHttpResponse(decodeResult: success, version: HTTP/1.1)
HTTP/1.1 200 OK
Content-Type: application/json; charset=utf-8
cache-control: no-cache
content-length: 88

17:55:37.676 [AsyncHttpClient-1-9] DEBUG org.asynchttpclient.netty.channel.ChannelManager - Adding key: http://localhost:64598 for channel [id: 0xd718ea43, L:/127.0.0.1:58578 - R:localhost/127.0.0.1:64598]
17:55:37.677 [Forwarding clickElement on session 49fc60b576d569da9f59b00ad3c078b5 to remote] DEBUG org.asynchttpclient.netty.request.NettyRequestSender - Using pooled Channel '[id: 0xd718ea43, L:/127.0.0.1:58578 - R:localhost/127.0.0.1:64598]' for 'POST' to 'http://localhost:64598/session/49fc60b576d569da9f59b00ad3c078b5/element/156ed90b-752a-4575-94ea-115481160bdb/click'
17:55:37.677 [Forwarding clickElement on session 49fc60b576d569da9f59b00ad3c078b5 to remote] DEBUG org.asynchttpclient.netty.request.NettyRequestSender - Using open Channel [id: 0xd718ea43, L:/127.0.0.1:58578 - R:localhost/127.0.0.1:64598] for POST '/session/49fc60b576d569da9f59b00ad3c078b5/element/156ed90b-752a-4575-94ea-115481160bdb/click'
17:55:37.744 [AsyncHttpClient-1-9] DEBUG org.asynchttpclient.netty.handler.HttpHandler - 

Request DefaultHttpRequest(decodeResult: success, version: HTTP/1.1)
POST /session/49fc60b576d569da9f59b00ad3c078b5/element/156ed90b-752a-4575-94ea-115481160bdb/click HTTP/1.1
User-Agent: selenium/4.1.2 (java windows)
Content-Length: 50
Content-Type: application/json; charset=utf-8
host: localhost:64598
accept: */*

Response DefaultHttpResponse(decodeResult: success, version: HTTP/1.1)
HTTP/1.1 200 OK
Content-Type: application/json; charset=utf-8
cache-control: no-cache
content-length: 14

17:55:37.744 [AsyncHttpClient-1-9] DEBUG org.asynchttpclient.netty.channel.ChannelManager - Adding key: http://localhost:64598 for channel [id: 0xd718ea43, L:/127.0.0.1:58578 - R:localhost/127.0.0.1:64598]
17:55:37.752 [Forwarding screenshot on session 49fc60b576d569da9f59b00ad3c078b5 to remote] DEBUG org.asynchttpclient.netty.request.NettyRequestSender - Using pooled Channel '[id: 0xd718ea43, L:/127.0.0.1:58578 - R:localhost/127.0.0.1:64598]' for 'GET' to 'http://localhost:64598/session/49fc60b576d569da9f59b00ad3c078b5/screenshot'
17:55:37.752 [Forwarding screenshot on session 49fc60b576d569da9f59b00ad3c078b5 to remote] DEBUG org.asynchttpclient.netty.request.NettyRequestSender - Using open Channel [id: 0xd718ea43, L:/127.0.0.1:58578 - R:localhost/127.0.0.1:64598] for GET '/session/49fc60b576d569da9f59b00ad3c078b5/screenshot'
17:55:38.216 [AsyncHttpClient-1-1] DEBUG org.asynchttpclient.netty.channel.DefaultChannelPool - Entry count for : http://localhost:58579 : 1
17:55:39.313 [AsyncHttpClient-1-1] DEBUG org.asynchttpclient.netty.channel.DefaultChannelPool - Entry count for : http://localhost:58579 : 1
17:55:39.383 [AsyncHttpClient-1-9] DEBUG org.asynchttpclient.netty.handler.HttpHandler - 

Request DefaultFullHttpRequest(decodeResult: success, version: HTTP/1.1, content: EmptyByteBufBE)
GET /session/49fc60b576d569da9f59b00ad3c078b5/screenshot HTTP/1.1
User-Agent: selenium/4.1.2 (java windows)
Cache-Control: no-cache
Content-Type: application/json; charset=utf-8
host: localhost:64598
accept: */*

Response DefaultHttpResponse(decodeResult: success, version: HTTP/1.1)
HTTP/1.1 200 OK
Content-Type: application/json; charset=utf-8
cache-control: no-cache
content-length: 47236

17:55:39.384 [AsyncHttpClient-1-9] DEBUG org.asynchttpclient.netty.channel.ChannelManager - Adding key: http://localhost:64598 for channel [id: 0xd718ea43, L:/127.0.0.1:58578 - R:localhost/127.0.0.1:64598]
17:55:39.387 [main] DEBUG net.serenitybdd.core.photography.Darkroom - Send negative for processing for target\site\serenity\277b24606bfb5bb4d973eeaa48d140aa26bd96409be4808586abd5c0382ca212.png
17:55:39.387 [main] DEBUG net.thucydides.core.steps.StepInterceptor - STEP DONE: clickProfileIcon
  &amp#27;[32mWhen &amp#27;[0m&amp#27;[32mI click profile icon&amp#27;[0m               &amp#27;[90m# starter.stepdefinitions.LogoutSteps.iClickProfileIcon()&amp#27;[0m
17:55:39.388 [Darkroom Processing Line] DEBUG net.serenitybdd.core.photography.DarkroomProcessingLine - Processing screenshot image in /var/screenshots/screenshot-12592431626697863311
17:55:39.388 [Darkroom Processing Line] DEBUG net.serenitybdd.core.photography.DarkroomProcessingLine - Saving screenshot to target\site\serenity\277b24606bfb5bb4d973eeaa48d140aa26bd96409be4808586abd5c0382ca212.png
17:55:39.409 [main] DEBUG net.thucydides.core.steps.StepInterceptor - STARTING STEP: LogoutSteps.iClickLogoutButton - clickLogoutButton
17:55:39.411 [Forwarding findElement on session 49fc60b576d569da9f59b00ad3c078b5 to remote] DEBUG org.asynchttpclient.netty.request.NettyRequestSender - Using pooled Channel '[id: 0xd718ea43, L:/127.0.0.1:58578 - R:localhost/127.0.0.1:64598]' for 'POST' to 'http://localhost:64598/session/49fc60b576d569da9f59b00ad3c078b5/element'
17:55:39.411 [Forwarding findElement on session 49fc60b576d569da9f59b00ad3c078b5 to remote] DEBUG org.asynchttpclient.netty.request.NettyRequestSender - Using open Channel [id: 0xd718ea43, L:/127.0.0.1:58578 - R:localhost/127.0.0.1:64598] for POST '/session/49fc60b576d569da9f59b00ad3c078b5/element'
17:55:39.435 [AsyncHttpClient-1-9] DEBUG org.asynchttpclient.netty.handler.HttpHandler - 

Request DefaultHttpRequest(decodeResult: success, version: HTTP/1.1)
POST /session/49fc60b576d569da9f59b00ad3c078b5/element HTTP/1.1
User-Agent: selenium/4.1.2 (java windows)
Content-Length: 102
Content-Type: application/json; charset=utf-8
host: localhost:64598
accept: */*

Response DefaultHttpResponse(decodeResult: success, version: HTTP/1.1)
HTTP/1.1 200 OK
Content-Type: application/json; charset=utf-8
cache-control: no-cache
content-length: 88

17:55:39.435 [AsyncHttpClient-1-9] DEBUG org.asynchttpclient.netty.channel.ChannelManager - Adding key: http://localhost:64598 for channel [id: 0xd718ea43, L:/127.0.0.1:58578 - R:localhost/127.0.0.1:64598]
17:55:39.436 [Forwarding getElementTagName on session 49fc60b576d569da9f59b00ad3c078b5 to remote] DEBUG org.asynchttpclient.netty.request.NettyRequestSender - Using pooled Channel '[id: 0xd718ea43, L:/127.0.0.1:58578 - R:localhost/127.0.0.1:64598]' for 'GET' to 'http://localhost:64598/session/49fc60b576d569da9f59b00ad3c078b5/element/e3119e98-db5e-4915-814d-6a4586e75287/name'
17:55:39.436 [Forwarding getElementTagName on session 49fc60b576d569da9f59b00ad3c078b5 to remote] DEBUG org.asynchttpclient.netty.request.NettyRequestSender - Using open Channel [id: 0xd718ea43, L:/127.0.0.1:58578 - R:localhost/127.0.0.1:64598] for GET '/session/49fc60b576d569da9f59b00ad3c078b5/element/e3119e98-db5e-4915-814d-6a4586e75287/name'
17:55:39.441 [AsyncHttpClient-1-9] DEBUG org.asynchttpclient.netty.handler.HttpHandler - 

Request DefaultFullHttpRequest(decodeResult: success, version: HTTP/1.1, content: EmptyByteBufBE)
GET /session/49fc60b576d569da9f59b00ad3c078b5/element/e3119e98-db5e-4915-814d-6a4586e75287/name HTTP/1.1
User-Agent: selenium/4.1.2 (java windows)
Cache-Control: no-cache
Content-Type: application/json; charset=utf-8
host: localhost:64598
accept: */*

Response DefaultHttpResponse(decodeResult: success, version: HTTP/1.1)
HTTP/1.1 200 OK
Content-Type: application/json; charset=utf-8
cache-control: no-cache
content-length: 15

17:55:39.442 [AsyncHttpClient-1-9] DEBUG org.asynchttpclient.netty.channel.ChannelManager - Adding key: http://localhost:64598 for channel [id: 0xd718ea43, L:/127.0.0.1:58578 - R:localhost/127.0.0.1:64598]
17:55:39.443 [Forwarding getElementTagName on session 49fc60b576d569da9f59b00ad3c078b5 to remote] DEBUG org.asynchttpclient.netty.request.NettyRequestSender - Using pooled Channel '[id: 0xd718ea43, L:/127.0.0.1:58578 - R:localhost/127.0.0.1:64598]' for 'GET' to 'http://localhost:64598/session/49fc60b576d569da9f59b00ad3c078b5/element/e3119e98-db5e-4915-814d-6a4586e75287/name'
17:55:39.443 [Forwarding getElementTagName on session 49fc60b576d569da9f59b00ad3c078b5 to remote] DEBUG org.asynchttpclient.netty.request.NettyRequestSender - Using open Channel [id: 0xd718ea43, L:/127.0.0.1:58578 - R:localhost/127.0.0.1:64598] for GET '/session/49fc60b576d569da9f59b00ad3c078b5/element/e3119e98-db5e-4915-814d-6a4586e75287/name'
17:55:39.447 [AsyncHttpClient-1-9] DEBUG org.asynchttpclient.netty.handler.HttpHandler - 

Request DefaultFullHttpRequest(decodeResult: success, version: HTTP/1.1, content: EmptyByteBufBE)
GET /session/49fc60b576d569da9f59b00ad3c078b5/element/e3119e98-db5e-4915-814d-6a4586e75287/name HTTP/1.1
User-Agent: selenium/4.1.2 (java windows)
Cache-Control: no-cache
Content-Type: application/json; charset=utf-8
host: localhost:64598
accept: */*

Response DefaultHttpResponse(decodeResult: success, version: HTTP/1.1)
HTTP/1.1 200 OK
Content-Type: application/json; charset=utf-8
cache-control: no-cache
content-length: 15

17:55:39.447 [AsyncHttpClient-1-9] DEBUG org.asynchttpclient.netty.channel.ChannelManager - Adding key: http://localhost:64598 for channel [id: 0xd718ea43, L:/127.0.0.1:58578 - R:localhost/127.0.0.1:64598]
17:55:39.450 [Forwarding findElement on session 49fc60b576d569da9f59b00ad3c078b5 to remote] DEBUG org.asynchttpclient.netty.request.NettyRequestSender - Using pooled Channel '[id: 0xd718ea43, L:/127.0.0.1:58578 - R:localhost/127.0.0.1:64598]' for 'POST' to 'http://localhost:64598/session/49fc60b576d569da9f59b00ad3c078b5/element'
17:55:39.450 [Forwarding findElement on session 49fc60b576d569da9f59b00ad3c078b5 to remote] DEBUG org.asynchttpclient.netty.request.NettyRequestSender - Using open Channel [id: 0xd718ea43, L:/127.0.0.1:58578 - R:localhost/127.0.0.1:64598] for POST '/session/49fc60b576d569da9f59b00ad3c078b5/element'
17:55:39.464 [AsyncHttpClient-1-9] DEBUG org.asynchttpclient.netty.handler.HttpHandler - 

Request DefaultHttpRequest(decodeResult: success, version: HTTP/1.1)
POST /session/49fc60b576d569da9f59b00ad3c078b5/element HTTP/1.1
User-Agent: selenium/4.1.2 (java windows)
Content-Length: 102
Content-Type: application/json; charset=utf-8
host: localhost:64598
accept: */*

Response DefaultHttpResponse(decodeResult: success, version: HTTP/1.1)
HTTP/1.1 200 OK
Content-Type: application/json; charset=utf-8
cache-control: no-cache
content-length: 88

17:55:39.464 [AsyncHttpClient-1-9] DEBUG org.asynchttpclient.netty.channel.ChannelManager - Adding key: http://localhost:64598 for channel [id: 0xd718ea43, L:/127.0.0.1:58578 - R:localhost/127.0.0.1:64598]
17:55:39.465 [Forwarding clickElement on session 49fc60b576d569da9f59b00ad3c078b5 to remote] DEBUG org.asynchttpclient.netty.request.NettyRequestSender - Using pooled Channel '[id: 0xd718ea43, L:/127.0.0.1:58578 - R:localhost/127.0.0.1:64598]' for 'POST' to 'http://localhost:64598/session/49fc60b576d569da9f59b00ad3c078b5/element/e3119e98-db5e-4915-814d-6a4586e75287/click'
17:55:39.465 [Forwarding clickElement on session 49fc60b576d569da9f59b00ad3c078b5 to remote] DEBUG org.asynchttpclient.netty.request.NettyRequestSender - Using open Channel [id: 0xd718ea43, L:/127.0.0.1:58578 - R:localhost/127.0.0.1:64598] for POST '/session/49fc60b576d569da9f59b00ad3c078b5/element/e3119e98-db5e-4915-814d-6a4586e75287/click'
17:55:39.641 [AsyncHttpClient-1-9] DEBUG org.asynchttpclient.netty.handler.HttpHandler - 

Request DefaultHttpRequest(decodeResult: success, version: HTTP/1.1)
POST /session/49fc60b576d569da9f59b00ad3c078b5/element/e3119e98-db5e-4915-814d-6a4586e75287/click HTTP/1.1
User-Agent: selenium/4.1.2 (java windows)
Content-Length: 50
Content-Type: application/json; charset=utf-8
host: localhost:64598
accept: */*

Response DefaultHttpResponse(decodeResult: success, version: HTTP/1.1)
HTTP/1.1 200 OK
Content-Type: application/json; charset=utf-8
cache-control: no-cache
content-length: 14

17:55:39.641 [AsyncHttpClient-1-9] DEBUG org.asynchttpclient.netty.channel.ChannelManager - Adding key: http://localhost:64598 for channel [id: 0xd718ea43, L:/127.0.0.1:58578 - R:localhost/127.0.0.1:64598]
17:55:39.647 [Forwarding screenshot on session 49fc60b576d569da9f59b00ad3c078b5 to remote] DEBUG org.asynchttpclient.netty.request.NettyRequestSender - Using pooled Channel '[id: 0xd718ea43, L:/127.0.0.1:58578 - R:localhost/127.0.0.1:64598]' for 'GET' to 'http://localhost:64598/session/49fc60b576d569da9f59b00ad3c078b5/screenshot'
17:55:39.647 [Forwarding screenshot on session 49fc60b576d569da9f59b00ad3c078b5 to remote] DEBUG org.asynchttpclient.netty.request.NettyRequestSender - Using open Channel [id: 0xd718ea43, L:/127.0.0.1:58578 - R:localhost/127.0.0.1:64598] for GET '/session/49fc60b576d569da9f59b00ad3c078b5/screenshot'
17:55:39.816 [AsyncHttpClient-1-9] DEBUG org.asynchttpclient.netty.handler.HttpHandler - 

Request DefaultFullHttpRequest(decodeResult: success, version: HTTP/1.1, content: EmptyByteBufBE)
GET /session/49fc60b576d569da9f59b00ad3c078b5/screenshot HTTP/1.1
User-Agent: selenium/4.1.2 (java windows)
Cache-Control: no-cache
Content-Type: application/json; charset=utf-8
host: localhost:64598
accept: */*

Response DefaultHttpResponse(decodeResult: success, version: HTTP/1.1)
HTTP/1.1 200 OK
Content-Type: application/json; charset=utf-8
cache-control: no-cache
content-length: 32228

17:55:39.816 [AsyncHttpClient-1-9] DEBUG org.asynchttpclient.netty.channel.ChannelManager - Adding key: http://localhost:64598 for channel [id: 0xd718ea43, L:/127.0.0.1:58578 - R:localhost/127.0.0.1:64598]
17:55:39.818 [main] DEBUG net.serenitybdd.core.photography.Darkroom - Send negative for processing for target\site\serenity\4510322e36bb11a6014d8509eafdfeb27c6a3a7394c1f9ef4b696c572e41b18d.png
17:55:39.818 [main] DEBUG net.thucydides.core.steps.StepInterceptor - STEP DONE: clickLogoutButton
  &amp#27;[32mAnd &amp#27;[0m&amp#27;[32mI click logout button&amp#27;[0m               &amp#27;[90m# starter.stepdefinitions.LogoutSteps.iClickLogoutButton()&amp#27;[0m
17:55:39.840 [main] DEBUG net.thucydides.core.steps.StepInterceptor - STARTING STEP: OrderSteps.iGoToLoginPage - validateOnLoginPage
17:55:39.842 [Forwarding findElement on session 49fc60b576d569da9f59b00ad3c078b5 to remote] DEBUG org.asynchttpclient.netty.request.NettyRequestSender - Using pooled Channel '[id: 0xd718ea43, L:/127.0.0.1:58578 - R:localhost/127.0.0.1:64598]' for 'POST' to 'http://localhost:64598/session/49fc60b576d569da9f59b00ad3c078b5/element'
17:55:39.842 [Forwarding findElement on session 49fc60b576d569da9f59b00ad3c078b5 to remote] DEBUG org.asynchttpclient.netty.request.NettyRequestSender - Using open Channel [id: 0xd718ea43, L:/127.0.0.1:58578 - R:localhost/127.0.0.1:64598] for POST '/session/49fc60b576d569da9f59b00ad3c078b5/element'
17:55:39.850 [AsyncHttpClient-1-9] DEBUG org.asynchttpclient.netty.handler.HttpHandler - 

Request DefaultHttpRequest(decodeResult: success, version: HTTP/1.1)
POST /session/49fc60b576d569da9f59b00ad3c078b5/element HTTP/1.1
User-Agent: selenium/4.1.2 (java windows)
Content-Length: 92
Content-Type: application/json; charset=utf-8
host: localhost:64598
accept: */*

Response DefaultHttpResponse(decodeResult: success, version: HTTP/1.1)
HTTP/1.1 200 OK
Content-Type: application/json; charset=utf-8
cache-control: no-cache
content-length: 88

17:55:39.850 [AsyncHttpClient-1-9] DEBUG org.asynchttpclient.netty.channel.ChannelManager - Adding key: http://localhost:64598 for channel [id: 0xd718ea43, L:/127.0.0.1:58578 - R:localhost/127.0.0.1:64598]
17:55:39.853 [Forwarding isElementDisplayed on session 49fc60b576d569da9f59b00ad3c078b5 to remote] DEBUG org.asynchttpclient.netty.request.NettyRequestSender - Using pooled Channel '[id: 0xd718ea43, L:/127.0.0.1:58578 - R:localhost/127.0.0.1:64598]' for 'POST' to 'http://localhost:64598/session/49fc60b576d569da9f59b00ad3c078b5/execute/sync'
17:55:39.853 [Forwarding isElementDisplayed on session 49fc60b576d569da9f59b00ad3c078b5 to remote] DEBUG org.asynchttpclient.netty.request.NettyRequestSender - Using open Channel [id: 0xd718ea43, L:/127.0.0.1:58578 - R:localhost/127.0.0.1:64598] for POST '/session/49fc60b576d569da9f59b00ad3c078b5/execute/sync'
17:55:39.865 [AsyncHttpClient-1-9] DEBUG org.asynchttpclient.netty.handler.HttpHandler - 

Request DefaultHttpRequest(decodeResult: success, version: HTTP/1.1)
POST /session/49fc60b576d569da9f59b00ad3c078b5/execute/sync HTTP/1.1
User-Agent: selenium/4.1.2 (java windows)
Content-Length: 48780
Content-Type: application/json; charset=utf-8
host: localhost:64598
accept: */*

Response DefaultHttpResponse(decodeResult: success, version: HTTP/1.1)
HTTP/1.1 200 OK
Content-Type: application/json; charset=utf-8
cache-control: no-cache
content-length: 14

17:55:39.865 [AsyncHttpClient-1-9] DEBUG org.asynchttpclient.netty.channel.ChannelManager - Adding key: http://localhost:64598 for channel [id: 0xd718ea43, L:/127.0.0.1:58578 - R:localhost/127.0.0.1:64598]
17:55:39.871 [Forwarding screenshot on session 49fc60b576d569da9f59b00ad3c078b5 to remote] DEBUG org.asynchttpclient.netty.request.NettyRequestSender - Using pooled Channel '[id: 0xd718ea43, L:/127.0.0.1:58578 - R:localhost/127.0.0.1:64598]' for 'GET' to 'http://localhost:64598/session/49fc60b576d569da9f59b00ad3c078b5/screenshot'
17:55:39.871 [Forwarding screenshot on session 49fc60b576d569da9f59b00ad3c078b5 to remote] DEBUG org.asynchttpclient.netty.request.NettyRequestSender - Using open Channel [id: 0xd718ea43, L:/127.0.0.1:58578 - R:localhost/127.0.0.1:64598] for GET '/session/49fc60b576d569da9f59b00ad3c078b5/screenshot'
17:55:39.985 [AsyncHttpClient-1-9] DEBUG org.asynchttpclient.netty.handler.HttpHandler - 

Request DefaultFullHttpRequest(decodeResult: success, version: HTTP/1.1, content: EmptyByteBufBE)
GET /session/49fc60b576d569da9f59b00ad3c078b5/screenshot HTTP/1.1
User-Agent: selenium/4.1.2 (java windows)
Cache-Control: no-cache
Content-Type: application/json; charset=utf-8
host: localhost:64598
accept: */*

Response DefaultHttpResponse(decodeResult: success, version: HTTP/1.1)
HTTP/1.1 200 OK
Content-Type: application/json; charset=utf-8
cache-control: no-cache
content-length: 32228

17:55:39.986 [AsyncHttpClient-1-9] DEBUG org.asynchttpclient.netty.channel.ChannelManager - Adding key: http://localhost:64598 for channel [id: 0xd718ea43, L:/127.0.0.1:58578 - R:localhost/127.0.0.1:64598]
17:55:39.987 [main] DEBUG net.serenitybdd.core.photography.Darkroom - Send negative for processing for target\site\serenity\4510322e36bb11a6014d8509eafdfeb27c6a3a7394c1f9ef4b696c572e41b18d.png
17:55:39.987 [main] DEBUG net.thucydides.core.steps.StepInterceptor - STEP DONE: validateOnLoginPage
  &amp#27;[32mThen &amp#27;[0m&amp#27;[32mI go to login page&amp#27;[0m                 &amp#27;[90m# starter.stepdefinitions.OrderSteps.iGoToLoginPage()&amp#27;[0m
17:55:39.996 [AsyncHttpClient-1-11] DEBUG org.asynchttpclient.netty.handler.WebSocketHandler - Channel Closed: [id: 0x83ada119, L:/127.0.0.1:58586 ! R:localhost/127.0.0.1:58579] with attribute NettyResponseFuture{currentRetry=5,
	isDone=1,
	isCancelled=0,
	asyncHandler=org.asynchttpclient.ws.WebSocketUpgradeHandler@1d0410ce,
	nettyRequest=org.asynchttpclient.netty.request.NettyRequest@4b624918,
	future=java.util.concurrent.CompletableFuture@155e2d68[Completed normally],
	uri=ws://localhost:58579/devtools/browser/471969b6-0368-4aec-90a5-d80aea55e7dc,
	keepAlive=true,
	redirectCount=0,
	timeoutsHolder=null,
	inAuth=0,
	touch=1652784934001}
17:55:39.996 [AsyncHttpClient-1-11] DEBUG org.asynchttpclient.netty.channel.ChannelManager - Closing Channel [id: 0x83ada119, L:/127.0.0.1:58586 ! R:localhost/127.0.0.1:58579] 
17:55:39.996 [Driver Command Executor] DEBUG org.asynchttpclient.netty.request.NettyRequestSender - Using pooled Channel '[id: 0xd718ea43, L:/127.0.0.1:58578 - R:localhost/127.0.0.1:64598]' for 'DELETE' to 'http://localhost:64598/session/49fc60b576d569da9f59b00ad3c078b5'
17:55:39.996 [Driver Command Executor] DEBUG org.asynchttpclient.netty.request.NettyRequestSender - Using open Channel [id: 0xd718ea43, L:/127.0.0.1:58578 - R:localhost/127.0.0.1:64598] for DELETE '/session/49fc60b576d569da9f59b00ad3c078b5'
17:55:40.020 [AsyncHttpClient-1-10] DEBUG org.asynchttpclient.netty.handler.HttpHandler - Unexpected I/O exception on channel [id: 0x8776409c, L:/127.0.0.1:58585 - R:localhost/127.0.0.1:58579]
java.net.SocketException: Connection reset
	at java.base/sun.nio.ch.SocketChannelImpl.throwConnectionReset(SocketChannelImpl.java:367)
	at java.base/sun.nio.ch.SocketChannelImpl.read(SocketChannelImpl.java:398)
	at io.netty.buffer.PooledByteBuf.setBytes(PooledByteBuf.java:258)
	at io.netty.buffer.AbstractByteBuf.writeBytes(AbstractByteBuf.java:1132)
	at io.netty.channel.socket.nio.NioSocketChannel.doReadBytes(NioSocketChannel.java:350)
	at io.netty.channel.nio.AbstractNioByteChannel$NioByteUnsafe.read(AbstractNioByteChannel.java:151)
	at io.netty.channel.nio.NioEventLoop.processSelectedKey(NioEventLoop.java:722)
	at io.netty.channel.nio.NioEventLoop.processSelectedKeysOptimized(NioEventLoop.java:658)
	at io.netty.channel.nio.NioEventLoop.processSelectedKeys(NioEventLoop.java:584)
	at io.netty.channel.nio.NioEventLoop.run(NioEventLoop.java:496)
	at io.netty.util.concurrent.SingleThreadEventExecutor$4.run(SingleThreadEventExecutor.java:986)
	at io.netty.util.internal.ThreadExecutorMap$2.run(ThreadExecutorMap.java:74)
	at io.netty.util.concurrent.FastThreadLocalRunnable.run(FastThreadLocalRunnable.java:30)
	at java.base/java.lang.Thread.run(Thread.java:832)
17:55:40.020 [AsyncHttpClient-1-10] DEBUG org.asynchttpclient.netty.channel.ChannelManager - Closing Channel [id: 0x8776409c, L:/127.0.0.1:58585 - R:localhost/127.0.0.1:58579] 
17:55:40.021 [AsyncHttpClient-1-10] DEBUG org.asynchttpclient.netty.handler.HttpHandler - Channel Closed: [id: 0x8776409c, L:/127.0.0.1:58585 ! R:localhost/127.0.0.1:58579] with attribute DISCARD
17:55:40.035 [AsyncHttpClient-1-9] DEBUG org.asynchttpclient.netty.handler.HttpHandler - 

Request DefaultFullHttpRequest(decodeResult: success, version: HTTP/1.1, content: EmptyByteBufBE)
DELETE /session/49fc60b576d569da9f59b00ad3c078b5 HTTP/1.1
User-Agent: selenium/4.1.2 (java windows)
Content-Type: application/json; charset=utf-8
host: localhost:64598
accept: */*

Response DefaultHttpResponse(decodeResult: success, version: HTTP/1.1)
HTTP/1.1 200 OK
Content-Type: application/json; charset=utf-8
cache-control: no-cache
content-length: 14

17:55:40.036 [AsyncHttpClient-1-9] DEBUG org.asynchttpclient.netty.channel.ChannelManager - Adding key: http://localhost:64598 for channel [id: 0xd718ea43, L:/127.0.0.1:58578 - R:localhost/127.0.0.1:64598]
17:55:40.146 [AsyncHttpClient-1-9] DEBUG org.asynchttpclient.netty.handler.HttpHandler - Channel Closed: [id: 0xd718ea43, L:/127.0.0.1:58578 ! R:localhost/127.0.0.1:64598] with attribute DISCARD
17:55:40.414 [AsyncHttpClient-1-1] DEBUG org.asynchttpclient.netty.channel.DefaultChannelPool - Entry count for : http://localhost:64598 : 1
17:55:40.414 [AsyncHttpClient-1-1] DEBUG org.asynchttpclient.netty.channel.DefaultChannelPool - Entry count for : http://localhost:58579 : 1
17:55:40.414 [AsyncHttpClient-1-1] DEBUG org.asynchttpclient.netty.channel.DefaultChannelPool - Adding Candidate expired Channel [id: 0xd718ea43, L:/127.0.0.1:58578 ! R:localhost/127.0.0.1:64598] isIdleTimeoutExpired=false isRemotelyClosed=true isTtlExpired=false
17:55:40.414 [AsyncHttpClient-1-1] DEBUG org.asynchttpclient.netty.channel.DefaultChannelPool - Closing Idle Channel [id: 0xd718ea43, L:/127.0.0.1:58578 ! R:localhost/127.0.0.1:64598]
17:55:40.414 [AsyncHttpClient-1-1] DEBUG org.asynchttpclient.netty.channel.DefaultChannelPool - Adding Candidate expired Channel [id: 0x8776409c, L:/127.0.0.1:58585 ! R:localhost/127.0.0.1:58579] isIdleTimeoutExpired=false isRemotelyClosed=true isTtlExpired=false
17:55:40.414 [AsyncHttpClient-1-1] DEBUG org.asynchttpclient.netty.channel.DefaultChannelPool - Closing Idle Channel [id: 0x8776409c, L:/127.0.0.1:58585 ! R:localhost/127.0.0.1:58579]
17:55:40.414 [AsyncHttpClient-1-1] DEBUG org.asynchttpclient.netty.channel.DefaultChannelPool - Closed 2 connections out of 2 in 0 ms
17:55:40.678 [main] INFO  - 
  _____   ___   ___   _____     ___     _     ___   ___   ___   ___  
 |_   _| | __| / __| |_   _|   | _ \   /_\   / __| / __| | __| |   \ 
   | |   | _|  \__ \   | |     |  _/  / _ \  \__ \ \__ \ | _|  | |) |
   |_|   |___| |___/   |_|     |_|   /_/ \_\ |___/ |___/ |___| |___/ 

Logout
----------------------------------------------------------------------
]]></system-out>
    <system-err><![CDATA[Starting ChromeDriver 101.0.4951.41 (93c720db8323b3ec10d056025ab95c23a31997c9-refs/branch-heads/4951@{#904}) on port 64598
Only local connections are allowed.
Please see https://chromedriver.chromium.org/security-considerations for suggestions on keeping ChromeDriver safe.
ChromeDriver was started successfully.
May 17, 2022 5:55:33 PM org.openqa.selenium.remote.ProtocolHandshake createSession
INFO: Detected dialect: W3C
May 17, 2022 5:55:34 PM org.openqa.selenium.devtools.CdpVersionFinder findNearestMatch
WARNING: Unable to find an exact match for CDP version 101, so returning the closest version found: 97
May 17, 2022 5:55:34 PM org.openqa.selenium.devtools.CdpVersionFinder findNearestMatch
INFO: Found CDP implementation for version 101 of 97
]]></system-err>
  </testcase>
  <testcase name="Order product without login" classname="Order" time="7.677">
    <system-out><![CDATA[17:55:40.680 [main] INFO io.cucumber.core.plugin.SerenityReporter - Running feature from file:///E:/Learn/ProjectTestWeb/src/test/resources/features/Order.feature
17:55:40.686 [main] DEBUG net.thucydides.core.steps.StepEventBus - Test suite started for story net.thucydides.core.model.Story@cc4b76a8
17:55:40.686 [main] INFO  - Test Suite Started: Order

Scenario: Order product without login &amp#27;[90m# src/test/resources/features/Order.feature:2&amp#27;[0m
17:55:40.697 [main] INFO io.cucumber.core.plugin.SerenityReporter - Running feature from file:///E:/Learn/ProjectTestWeb/src/test/resources/features/Order.feature
17:55:40.701 [main] INFO  - 
  _____   ___   ___   _____     ___   _____     _     ___   _____   ___   ___  
 |_   _| | __| / __| |_   _|   / __| |_   _|   /_\   | _ \ |_   _| | __| |   \ 
   | |   | _|  \__ \   | |     \__ \   | |    / _ \  |   /   | |   | _|  | |) |
   |_|   |___| |___/   |_|     |___/   |_|   /_/ \_\ |_|_\   |_|   |___| |___/ 

Order product without login(order;order-product-without-login)
--------------------------------------------------------------------------------
17:55:40.718 [main] INFO net.serenitybdd.core.webdriver.driverproviders.ChromeDriverProvider - Using automatically driver download
17:55:40.927 [main] DEBUG io.github.bonigarcia.wdm.cache.ResolutionCache - Resolution chrome=101 in cache (valid until 18:23:13 17/05/2022 ICT)
17:55:40.932 [main] DEBUG io.github.bonigarcia.wdm.cache.ResolutionCache - Resolution chrome101=101.0.4951.41 in cache (valid until 17:23:13 18/05/2022 ICT)
17:55:40.934 [main] INFO io.github.bonigarcia.wdm.WebDriverManager - Using chromedriver 101.0.4951.41 (resolved driver for Chrome 101)
17:55:40.945 [main] DEBUG io.github.bonigarcia.wdm.WebDriverManager - Driver chromedriver 101.0.4951.41 found in cache
17:55:40.945 [main] INFO io.github.bonigarcia.wdm.WebDriverManager - Exporting webdriver.chrome.driver as C:\Users\HP\.cache\selenium\chromedriver\win32\101.0.4951.41\chromedriver.exe
17:55:41.153 [main] DEBUG net.serenitybdd.core.webdriver.driverproviders.ProvideNewDriver - Instantiating driver
17:55:41.153 [main] DEBUG net.serenitybdd.core.webdriver.driverproviders.ProvideNewDriver - Driver capabilities: Capabilities {acceptInsecureCerts: false, base.url: , browserName: chrome, goog:chromeOptions: {args: [], extensions: []}}
17:55:41.696 [AsyncHttpClient-1-12] DEBUG org.asynchttpclient.netty.channel.NettyConnectListener - Using new Channel '[id: 0x0dec8dfc, L:/127.0.0.1:58609 - R:localhost/127.0.0.1:52409]' for 'POST' to '/session'
17:55:42.389 [AsyncHttpClient-1-12] DEBUG org.asynchttpclient.netty.handler.HttpHandler - 

Request DefaultHttpRequest(decodeResult: success, version: HTTP/1.1)
POST /session HTTP/1.1
User-Agent: selenium/4.1.2 (java windows)
Content-Length: 457
Content-Type: application/json; charset=utf-8
host: localhost:52409
accept: */*

Response DefaultHttpResponse(decodeResult: success, version: HTTP/1.1)
HTTP/1.1 200 OK
Content-Type: application/json; charset=utf-8
cache-control: no-cache
content-length: 786

17:55:42.389 [AsyncHttpClient-1-12] DEBUG org.asynchttpclient.netty.channel.ChannelManager - Adding key: http://localhost:52409 for channel [id: 0x0dec8dfc, L:/127.0.0.1:58609 - R:localhost/127.0.0.1:52409]
17:55:42.396 [AsyncHttpClient-1-13] DEBUG org.asynchttpclient.netty.channel.NettyConnectListener - Using new Channel '[id: 0xe5510fc0, L:/127.0.0.1:58616 - R:localhost/127.0.0.1:58610]' for 'GET' to '/json/version'
17:55:42.398 [AsyncHttpClient-1-13] DEBUG org.asynchttpclient.netty.handler.HttpHandler - 

Request DefaultFullHttpRequest(decodeResult: success, version: HTTP/1.1, content: EmptyByteBufBE)
GET /json/version HTTP/1.1
User-Agent: selenium/4.1.2 (java windows)
host: localhost:58610
accept: */*

Response DefaultHttpResponse(decodeResult: success, version: HTTP/1.1)
HTTP/1.1 200 OK
Content-Type: application/json; charset=UTF-8
content-length: 427

17:55:42.398 [AsyncHttpClient-1-13] DEBUG org.asynchttpclient.netty.channel.ChannelManager - Adding key: http://localhost:58610 for channel [id: 0xe5510fc0, L:/127.0.0.1:58616 - R:localhost/127.0.0.1:58610]
17:55:42.401 [AsyncHttpClient-1-14] DEBUG org.asynchttpclient.netty.channel.NettyConnectListener - Using new Channel '[id: 0x2c65a4f1, L:/127.0.0.1:58617 - R:localhost/127.0.0.1:58610]' for 'GET' to '/devtools/browser/58874b3d-6326-4a64-a2ae-50c7a73d01a1'
17:55:42.402 [AsyncHttpClient-1-14] DEBUG org.asynchttpclient.netty.handler.WebSocketHandler - 

Request DefaultFullHttpRequest(decodeResult: success, version: HTTP/1.1, content: EmptyByteBufBE)
GET /devtools/browser/58874b3d-6326-4a64-a2ae-50c7a73d01a1 HTTP/1.1
upgrade: websocket
connection: upgrade
sec-websocket-key: ToPsVnWLgZ4WZA0m7tuf3w==
sec-websocket-version: 13
origin: http://localhost:58610
host: localhost:58610
accept: */*
user-agent: AHC/2.1

Response DefaultHttpResponse(decodeResult: success, version: HTTP/1.1)
HTTP/1.1 101 WebSocket Protocol Handshake
Upgrade: WebSocket
Connection: Upgrade
Sec-WebSocket-Accept: iWu6fob+RZIvThCCKKDReLksHhw=

17:55:42.407 [Forwarding get on session 1c59b53d886c221416f49245be432d0f to remote] DEBUG org.asynchttpclient.netty.request.NettyRequestSender - Using pooled Channel '[id: 0x0dec8dfc, L:/127.0.0.1:58609 - R:localhost/127.0.0.1:52409]' for 'POST' to 'http://localhost:52409/session/1c59b53d886c221416f49245be432d0f/url'
17:55:42.407 [Forwarding get on session 1c59b53d886c221416f49245be432d0f to remote] DEBUG org.asynchttpclient.netty.request.NettyRequestSender - Using open Channel [id: 0x0dec8dfc, L:/127.0.0.1:58609 - R:localhost/127.0.0.1:52409] for POST '/session/1c59b53d886c221416f49245be432d0f/url'
17:55:42.622 [AsyncHttpClient-1-1] DEBUG org.asynchttpclient.netty.channel.DefaultChannelPool - Entry count for : http://localhost:58610 : 1
17:55:43.632 [AsyncHttpClient-1-12] DEBUG org.asynchttpclient.netty.handler.HttpHandler - 

Request DefaultHttpRequest(decodeResult: success, version: HTTP/1.1)
POST /session/1c59b53d886c221416f49245be432d0f/url HTTP/1.1
User-Agent: selenium/4.1.2 (java windows)
Content-Length: 49
Content-Type: application/json; charset=utf-8
host: localhost:52409
accept: */*

Response DefaultHttpResponse(decodeResult: success, version: HTTP/1.1)
HTTP/1.1 200 OK
Content-Type: application/json; charset=utf-8
cache-control: no-cache
content-length: 14

17:55:43.632 [AsyncHttpClient-1-12] DEBUG org.asynchttpclient.netty.channel.ChannelManager - Adding key: http://localhost:52409 for channel [id: 0x0dec8dfc, L:/127.0.0.1:58609 - R:localhost/127.0.0.1:52409]
17:55:43.632 [Forwarding setTimeout on session 1c59b53d886c221416f49245be432d0f to remote] DEBUG org.asynchttpclient.netty.request.NettyRequestSender - Using pooled Channel '[id: 0x0dec8dfc, L:/127.0.0.1:58609 - R:localhost/127.0.0.1:52409]' for 'POST' to 'http://localhost:52409/session/1c59b53d886c221416f49245be432d0f/timeouts'
17:55:43.632 [Forwarding setTimeout on session 1c59b53d886c221416f49245be432d0f to remote] DEBUG org.asynchttpclient.netty.request.NettyRequestSender - Using open Channel [id: 0x0dec8dfc, L:/127.0.0.1:58609 - R:localhost/127.0.0.1:52409] for POST '/session/1c59b53d886c221416f49245be432d0f/timeouts'
17:55:43.633 [AsyncHttpClient-1-12] DEBUG org.asynchttpclient.netty.handler.HttpHandler - 

Request DefaultHttpRequest(decodeResult: success, version: HTTP/1.1)
POST /session/1c59b53d886c221416f49245be432d0f/timeouts HTTP/1.1
User-Agent: selenium/4.1.2 (java windows)
Content-Length: 22
Content-Type: application/json; charset=utf-8
host: localhost:52409
accept: */*

Response DefaultHttpResponse(decodeResult: success, version: HTTP/1.1)
HTTP/1.1 200 OK
Content-Type: application/json; charset=utf-8
cache-control: no-cache
content-length: 14

17:55:43.633 [AsyncHttpClient-1-12] DEBUG org.asynchttpclient.netty.channel.ChannelManager - Adding key: http://localhost:52409 for channel [id: 0x0dec8dfc, L:/127.0.0.1:58609 - R:localhost/127.0.0.1:52409]
17:55:43.635 [Forwarding getCurrentUrl on session 1c59b53d886c221416f49245be432d0f to remote] DEBUG org.asynchttpclient.netty.request.NettyRequestSender - Using pooled Channel '[id: 0x0dec8dfc, L:/127.0.0.1:58609 - R:localhost/127.0.0.1:52409]' for 'GET' to 'http://localhost:52409/session/1c59b53d886c221416f49245be432d0f/url'
17:55:43.635 [Forwarding getCurrentUrl on session 1c59b53d886c221416f49245be432d0f to remote] DEBUG org.asynchttpclient.netty.request.NettyRequestSender - Using open Channel [id: 0x0dec8dfc, L:/127.0.0.1:58609 - R:localhost/127.0.0.1:52409] for GET '/session/1c59b53d886c221416f49245be432d0f/url'
17:55:43.641 [AsyncHttpClient-1-12] DEBUG org.asynchttpclient.netty.handler.HttpHandler - 

Request DefaultFullHttpRequest(decodeResult: success, version: HTTP/1.1, content: EmptyByteBufBE)
GET /session/1c59b53d886c221416f49245be432d0f/url HTTP/1.1
User-Agent: selenium/4.1.2 (java windows)
Cache-Control: no-cache
Content-Type: application/json; charset=utf-8
host: localhost:52409
accept: */*

Response DefaultHttpResponse(decodeResult: success, version: HTTP/1.1)
HTTP/1.1 200 OK
Content-Type: application/json; charset=utf-8
cache-control: no-cache
content-length: 31

17:55:43.641 [AsyncHttpClient-1-12] DEBUG org.asynchttpclient.netty.channel.ChannelManager - Adding key: http://localhost:52409 for channel [id: 0x0dec8dfc, L:/127.0.0.1:58609 - R:localhost/127.0.0.1:52409]
17:55:43.648 [main] DEBUG net.serenitybdd.core.photography.Darkroom - Opening darkroom
17:55:43.648 [Darkroom Processing Line] DEBUG net.serenitybdd.core.photography.DarkroomProcessingLine - Darkroom processing line starting up
17:55:43.648 [Forwarding screenshot on session 1c59b53d886c221416f49245be432d0f to remote] DEBUG org.asynchttpclient.netty.request.NettyRequestSender - Using pooled Channel '[id: 0x0dec8dfc, L:/127.0.0.1:58609 - R:localhost/127.0.0.1:52409]' for 'GET' to 'http://localhost:52409/session/1c59b53d886c221416f49245be432d0f/screenshot'
17:55:43.648 [Forwarding screenshot on session 1c59b53d886c221416f49245be432d0f to remote] DEBUG org.asynchttpclient.netty.request.NettyRequestSender - Using open Channel [id: 0x0dec8dfc, L:/127.0.0.1:58609 - R:localhost/127.0.0.1:52409] for GET '/session/1c59b53d886c221416f49245be432d0f/screenshot'
17:55:43.719 [AsyncHttpClient-1-1] DEBUG org.asynchttpclient.netty.channel.DefaultChannelPool - Entry count for : http://localhost:58610 : 1
17:55:44.814 [AsyncHttpClient-1-1] DEBUG org.asynchttpclient.netty.channel.DefaultChannelPool - Entry count for : http://localhost:58610 : 1
17:55:45.549 [AsyncHttpClient-1-12] DEBUG org.asynchttpclient.netty.handler.HttpHandler - 

Request DefaultFullHttpRequest(decodeResult: success, version: HTTP/1.1, content: EmptyByteBufBE)
GET /session/1c59b53d886c221416f49245be432d0f/screenshot HTTP/1.1
User-Agent: selenium/4.1.2 (java windows)
Cache-Control: no-cache
Content-Type: application/json; charset=utf-8
host: localhost:52409
accept: */*

Response DefaultHttpResponse(decodeResult: success, version: HTTP/1.1)
HTTP/1.1 200 OK
Content-Type: application/json; charset=utf-8
cache-control: no-cache
content-length: 33980

17:55:45.550 [AsyncHttpClient-1-12] DEBUG org.asynchttpclient.netty.channel.ChannelManager - Adding key: http://localhost:52409 for channel [id: 0x0dec8dfc, L:/127.0.0.1:58609 - R:localhost/127.0.0.1:52409]
17:55:45.553 [main] DEBUG net.serenitybdd.core.photography.Darkroom - Send negative for processing for target\site\serenity\3b94e1a16d32bcd41d80d9327d07dc30e14e3ae99e4db4f31a9420c9f48514e9.png
17:55:45.553 [main] DEBUG net.thucydides.core.steps.StepInterceptor - STARTING STEP: CartSteps.iAmOnHomepage - validateSearchBarAppears
17:55:45.556 [Forwarding findElement on session 1c59b53d886c221416f49245be432d0f to remote] DEBUG org.asynchttpclient.netty.request.NettyRequestSender - Using pooled Channel '[id: 0x0dec8dfc, L:/127.0.0.1:58609 - R:localhost/127.0.0.1:52409]' for 'POST' to 'http://localhost:52409/session/1c59b53d886c221416f49245be432d0f/element'
17:55:45.557 [Forwarding findElement on session 1c59b53d886c221416f49245be432d0f to remote] DEBUG org.asynchttpclient.netty.request.NettyRequestSender - Using open Channel [id: 0x0dec8dfc, L:/127.0.0.1:58609 - R:localhost/127.0.0.1:52409] for POST '/session/1c59b53d886c221416f49245be432d0f/element'
17:55:45.580 [AsyncHttpClient-1-12] DEBUG org.asynchttpclient.netty.handler.HttpHandler - 

Request DefaultHttpRequest(decodeResult: success, version: HTTP/1.1)
POST /session/1c59b53d886c221416f49245be432d0f/element HTTP/1.1
User-Agent: selenium/4.1.2 (java windows)
Content-Length: 94
Content-Type: application/json; charset=utf-8
host: localhost:52409
accept: */*

Response DefaultHttpResponse(decodeResult: success, version: HTTP/1.1)
HTTP/1.1 200 OK
Content-Type: application/json; charset=utf-8
cache-control: no-cache
content-length: 88

17:55:45.580 [AsyncHttpClient-1-12] DEBUG org.asynchttpclient.netty.channel.ChannelManager - Adding key: http://localhost:52409 for channel [id: 0x0dec8dfc, L:/127.0.0.1:58609 - R:localhost/127.0.0.1:52409]
17:55:45.584 [Forwarding isElementDisplayed on session 1c59b53d886c221416f49245be432d0f to remote] DEBUG org.asynchttpclient.netty.request.NettyRequestSender - Using pooled Channel '[id: 0x0dec8dfc, L:/127.0.0.1:58609 - R:localhost/127.0.0.1:52409]' for 'POST' to 'http://localhost:52409/session/1c59b53d886c221416f49245be432d0f/execute/sync'
17:55:45.584 [Forwarding isElementDisplayed on session 1c59b53d886c221416f49245be432d0f to remote] DEBUG org.asynchttpclient.netty.request.NettyRequestSender - Using open Channel [id: 0x0dec8dfc, L:/127.0.0.1:58609 - R:localhost/127.0.0.1:52409] for POST '/session/1c59b53d886c221416f49245be432d0f/execute/sync'
17:55:45.600 [AsyncHttpClient-1-12] DEBUG org.asynchttpclient.netty.handler.HttpHandler - 

Request DefaultHttpRequest(decodeResult: success, version: HTTP/1.1)
POST /session/1c59b53d886c221416f49245be432d0f/execute/sync HTTP/1.1
User-Agent: selenium/4.1.2 (java windows)
Content-Length: 48780
Content-Type: application/json; charset=utf-8
host: localhost:52409
accept: */*

Response DefaultHttpResponse(decodeResult: success, version: HTTP/1.1)
HTTP/1.1 200 OK
Content-Type: application/json; charset=utf-8
cache-control: no-cache
content-length: 14

17:55:45.600 [AsyncHttpClient-1-12] DEBUG org.asynchttpclient.netty.channel.ChannelManager - Adding key: http://localhost:52409 for channel [id: 0x0dec8dfc, L:/127.0.0.1:58609 - R:localhost/127.0.0.1:52409]
17:55:45.605 [Forwarding screenshot on session 1c59b53d886c221416f49245be432d0f to remote] DEBUG org.asynchttpclient.netty.request.NettyRequestSender - Using pooled Channel '[id: 0x0dec8dfc, L:/127.0.0.1:58609 - R:localhost/127.0.0.1:52409]' for 'GET' to 'http://localhost:52409/session/1c59b53d886c221416f49245be432d0f/screenshot'
17:55:45.605 [Forwarding screenshot on session 1c59b53d886c221416f49245be432d0f to remote] DEBUG org.asynchttpclient.netty.request.NettyRequestSender - Using open Channel [id: 0x0dec8dfc, L:/127.0.0.1:58609 - R:localhost/127.0.0.1:52409] for GET '/session/1c59b53d886c221416f49245be432d0f/screenshot'
17:55:45.755 [AsyncHttpClient-1-12] DEBUG org.asynchttpclient.netty.handler.HttpHandler - 

Request DefaultFullHttpRequest(decodeResult: success, version: HTTP/1.1, content: EmptyByteBufBE)
GET /session/1c59b53d886c221416f49245be432d0f/screenshot HTTP/1.1
User-Agent: selenium/4.1.2 (java windows)
Cache-Control: no-cache
Content-Type: application/json; charset=utf-8
host: localhost:52409
accept: */*

Response DefaultHttpResponse(decodeResult: success, version: HTTP/1.1)
HTTP/1.1 200 OK
Content-Type: application/json; charset=utf-8
cache-control: no-cache
content-length: 72748

17:55:45.755 [AsyncHttpClient-1-12] DEBUG org.asynchttpclient.netty.channel.ChannelManager - Adding key: http://localhost:52409 for channel [id: 0x0dec8dfc, L:/127.0.0.1:58609 - R:localhost/127.0.0.1:52409]
17:55:45.758 [main] DEBUG net.serenitybdd.core.photography.Darkroom - Send negative for processing for target\site\serenity\5a2ea1089878690bed55cf8882c0da436af8e6ee560e77877b5a34785ff9358e.png
17:55:45.759 [main] DEBUG net.thucydides.core.steps.StepInterceptor - STEP DONE: validateSearchBarAppears
17:55:45.764 [main] DEBUG net.thucydides.core.steps.StepInterceptor - STARTING STEP: CartSteps.iAmOnHomepage - validateHeaderHomepageEqual
17:55:45.768 [Forwarding findElement on session 1c59b53d886c221416f49245be432d0f to remote] DEBUG org.asynchttpclient.netty.request.NettyRequestSender - Using pooled Channel '[id: 0x0dec8dfc, L:/127.0.0.1:58609 - R:localhost/127.0.0.1:52409]' for 'POST' to 'http://localhost:52409/session/1c59b53d886c221416f49245be432d0f/element'
17:55:45.768 [Forwarding findElement on session 1c59b53d886c221416f49245be432d0f to remote] DEBUG org.asynchttpclient.netty.request.NettyRequestSender - Using open Channel [id: 0x0dec8dfc, L:/127.0.0.1:58609 - R:localhost/127.0.0.1:52409] for POST '/session/1c59b53d886c221416f49245be432d0f/element'
17:55:45.786 [AsyncHttpClient-1-12] DEBUG org.asynchttpclient.netty.handler.HttpHandler - 

Request DefaultHttpRequest(decodeResult: success, version: HTTP/1.1)
POST /session/1c59b53d886c221416f49245be432d0f/element HTTP/1.1
User-Agent: selenium/4.1.2 (java windows)
Content-Length: 111
Content-Type: application/json; charset=utf-8
host: localhost:52409
accept: */*

Response DefaultHttpResponse(decodeResult: success, version: HTTP/1.1)
HTTP/1.1 200 OK
Content-Type: application/json; charset=utf-8
cache-control: no-cache
content-length: 88

17:55:45.786 [AsyncHttpClient-1-12] DEBUG org.asynchttpclient.netty.channel.ChannelManager - Adding key: http://localhost:52409 for channel [id: 0x0dec8dfc, L:/127.0.0.1:58609 - R:localhost/127.0.0.1:52409]
17:55:45.787 [Forwarding getElementText on session 1c59b53d886c221416f49245be432d0f to remote] DEBUG org.asynchttpclient.netty.request.NettyRequestSender - Using pooled Channel '[id: 0x0dec8dfc, L:/127.0.0.1:58609 - R:localhost/127.0.0.1:52409]' for 'GET' to 'http://localhost:52409/session/1c59b53d886c221416f49245be432d0f/element/9b396bd5-17ad-417c-9bbf-3ef062fcfdc7/text'
17:55:45.787 [Forwarding getElementText on session 1c59b53d886c221416f49245be432d0f to remote] DEBUG org.asynchttpclient.netty.request.NettyRequestSender - Using open Channel [id: 0x0dec8dfc, L:/127.0.0.1:58609 - R:localhost/127.0.0.1:52409] for GET '/session/1c59b53d886c221416f49245be432d0f/element/9b396bd5-17ad-417c-9bbf-3ef062fcfdc7/text'
17:55:45.805 [AsyncHttpClient-1-12] DEBUG org.asynchttpclient.netty.handler.HttpHandler - 

Request DefaultFullHttpRequest(decodeResult: success, version: HTTP/1.1, content: EmptyByteBufBE)
GET /session/1c59b53d886c221416f49245be432d0f/element/9b396bd5-17ad-417c-9bbf-3ef062fcfdc7/text HTTP/1.1
User-Agent: selenium/4.1.2 (java windows)
Cache-Control: no-cache
Content-Type: application/json; charset=utf-8
host: localhost:52409
accept: */*

Response DefaultHttpResponse(decodeResult: success, version: HTTP/1.1)
HTTP/1.1 200 OK
Content-Type: application/json; charset=utf-8
cache-control: no-cache
content-length: 20

17:55:45.805 [AsyncHttpClient-1-12] DEBUG org.asynchttpclient.netty.channel.ChannelManager - Adding key: http://localhost:52409 for channel [id: 0x0dec8dfc, L:/127.0.0.1:58609 - R:localhost/127.0.0.1:52409]
17:55:45.811 [Forwarding screenshot on session 1c59b53d886c221416f49245be432d0f to remote] DEBUG org.asynchttpclient.netty.request.NettyRequestSender - Using pooled Channel '[id: 0x0dec8dfc, L:/127.0.0.1:58609 - R:localhost/127.0.0.1:52409]' for 'GET' to 'http://localhost:52409/session/1c59b53d886c221416f49245be432d0f/screenshot'
17:55:45.811 [Forwarding screenshot on session 1c59b53d886c221416f49245be432d0f to remote] DEBUG org.asynchttpclient.netty.request.NettyRequestSender - Using open Channel [id: 0x0dec8dfc, L:/127.0.0.1:58609 - R:localhost/127.0.0.1:52409] for GET '/session/1c59b53d886c221416f49245be432d0f/screenshot'
17:55:45.913 [AsyncHttpClient-1-1] DEBUG org.asynchttpclient.netty.channel.DefaultChannelPool - Entry count for : http://localhost:58610 : 1
17:55:45.966 [AsyncHttpClient-1-12] DEBUG org.asynchttpclient.netty.handler.HttpHandler - 

Request DefaultFullHttpRequest(decodeResult: success, version: HTTP/1.1, content: EmptyByteBufBE)
GET /session/1c59b53d886c221416f49245be432d0f/screenshot HTTP/1.1
User-Agent: selenium/4.1.2 (java windows)
Cache-Control: no-cache
Content-Type: application/json; charset=utf-8
host: localhost:52409
accept: */*

Response DefaultHttpResponse(decodeResult: success, version: HTTP/1.1)
HTTP/1.1 200 OK
Content-Type: application/json; charset=utf-8
cache-control: no-cache
content-length: 72748

17:55:45.967 [AsyncHttpClient-1-12] DEBUG org.asynchttpclient.netty.channel.ChannelManager - Adding key: http://localhost:52409 for channel [id: 0x0dec8dfc, L:/127.0.0.1:58609 - R:localhost/127.0.0.1:52409]
17:55:45.970 [main] DEBUG net.serenitybdd.core.photography.Darkroom - Send negative for processing for target\site\serenity\5a2ea1089878690bed55cf8882c0da436af8e6ee560e77877b5a34785ff9358e.png
17:55:45.971 [main] DEBUG net.thucydides.core.steps.StepInterceptor - STEP DONE: validateHeaderHomepageEqual
  &amp#27;[32mGiven &amp#27;[0m&amp#27;[32mI am on homepage&amp#27;[0m              &amp#27;[90m# starter.stepdefinitions.CartSteps.iAmOnHomepage()&amp#27;[0m
17:55:45.981 [Forwarding findElement on session 1c59b53d886c221416f49245be432d0f to remote] DEBUG org.asynchttpclient.netty.request.NettyRequestSender - Using pooled Channel '[id: 0x0dec8dfc, L:/127.0.0.1:58609 - R:localhost/127.0.0.1:52409]' for 'POST' to 'http://localhost:52409/session/1c59b53d886c221416f49245be432d0f/element'
17:55:45.981 [Forwarding findElement on session 1c59b53d886c221416f49245be432d0f to remote] DEBUG org.asynchttpclient.netty.request.NettyRequestSender - Using open Channel [id: 0x0dec8dfc, L:/127.0.0.1:58609 - R:localhost/127.0.0.1:52409] for POST '/session/1c59b53d886c221416f49245be432d0f/element'
17:55:46.004 [AsyncHttpClient-1-12] DEBUG org.asynchttpclient.netty.handler.HttpHandler - 

Request DefaultHttpRequest(decodeResult: success, version: HTTP/1.1)
POST /session/1c59b53d886c221416f49245be432d0f/element HTTP/1.1
User-Agent: selenium/4.1.2 (java windows)
Content-Length: 122
Content-Type: application/json; charset=utf-8
host: localhost:52409
accept: */*

Response DefaultHttpResponse(decodeResult: success, version: HTTP/1.1)
HTTP/1.1 200 OK
Content-Type: application/json; charset=utf-8
cache-control: no-cache
content-length: 88

17:55:46.004 [AsyncHttpClient-1-12] DEBUG org.asynchttpclient.netty.channel.ChannelManager - Adding key: http://localhost:52409 for channel [id: 0x0dec8dfc, L:/127.0.0.1:58609 - R:localhost/127.0.0.1:52409]
17:55:46.005 [Forwarding getElementTagName on session 1c59b53d886c221416f49245be432d0f to remote] DEBUG org.asynchttpclient.netty.request.NettyRequestSender - Using pooled Channel '[id: 0x0dec8dfc, L:/127.0.0.1:58609 - R:localhost/127.0.0.1:52409]' for 'GET' to 'http://localhost:52409/session/1c59b53d886c221416f49245be432d0f/element/75016533-b536-47af-9f18-e00bde8e2e91/name'
17:55:46.005 [Forwarding getElementTagName on session 1c59b53d886c221416f49245be432d0f to remote] DEBUG org.asynchttpclient.netty.request.NettyRequestSender - Using open Channel [id: 0x0dec8dfc, L:/127.0.0.1:58609 - R:localhost/127.0.0.1:52409] for GET '/session/1c59b53d886c221416f49245be432d0f/element/75016533-b536-47af-9f18-e00bde8e2e91/name'
17:55:46.010 [AsyncHttpClient-1-12] DEBUG org.asynchttpclient.netty.handler.HttpHandler - 

Request DefaultFullHttpRequest(decodeResult: success, version: HTTP/1.1, content: EmptyByteBufBE)
GET /session/1c59b53d886c221416f49245be432d0f/element/75016533-b536-47af-9f18-e00bde8e2e91/name HTTP/1.1
User-Agent: selenium/4.1.2 (java windows)
Cache-Control: no-cache
Content-Type: application/json; charset=utf-8
host: localhost:52409
accept: */*

Response DefaultHttpResponse(decodeResult: success, version: HTTP/1.1)
HTTP/1.1 200 OK
Content-Type: application/json; charset=utf-8
cache-control: no-cache
content-length: 16

17:55:46.010 [AsyncHttpClient-1-12] DEBUG org.asynchttpclient.netty.channel.ChannelManager - Adding key: http://localhost:52409 for channel [id: 0x0dec8dfc, L:/127.0.0.1:58609 - R:localhost/127.0.0.1:52409]
17:55:46.011 [Forwarding getElementTagName on session 1c59b53d886c221416f49245be432d0f to remote] DEBUG org.asynchttpclient.netty.request.NettyRequestSender - Using pooled Channel '[id: 0x0dec8dfc, L:/127.0.0.1:58609 - R:localhost/127.0.0.1:52409]' for 'GET' to 'http://localhost:52409/session/1c59b53d886c221416f49245be432d0f/element/75016533-b536-47af-9f18-e00bde8e2e91/name'
17:55:46.011 [Forwarding getElementTagName on session 1c59b53d886c221416f49245be432d0f to remote] DEBUG org.asynchttpclient.netty.request.NettyRequestSender - Using open Channel [id: 0x0dec8dfc, L:/127.0.0.1:58609 - R:localhost/127.0.0.1:52409] for GET '/session/1c59b53d886c221416f49245be432d0f/element/75016533-b536-47af-9f18-e00bde8e2e91/name'
17:55:46.015 [AsyncHttpClient-1-12] DEBUG org.asynchttpclient.netty.handler.HttpHandler - 

Request DefaultFullHttpRequest(decodeResult: success, version: HTTP/1.1, content: EmptyByteBufBE)
GET /session/1c59b53d886c221416f49245be432d0f/element/75016533-b536-47af-9f18-e00bde8e2e91/name HTTP/1.1
User-Agent: selenium/4.1.2 (java windows)
Cache-Control: no-cache
Content-Type: application/json; charset=utf-8
host: localhost:52409
accept: */*

Response DefaultHttpResponse(decodeResult: success, version: HTTP/1.1)
HTTP/1.1 200 OK
Content-Type: application/json; charset=utf-8
cache-control: no-cache
content-length: 16

17:55:46.015 [AsyncHttpClient-1-12] DEBUG org.asynchttpclient.netty.channel.ChannelManager - Adding key: http://localhost:52409 for channel [id: 0x0dec8dfc, L:/127.0.0.1:58609 - R:localhost/127.0.0.1:52409]
17:55:46.017 [Forwarding findElement on session 1c59b53d886c221416f49245be432d0f to remote] DEBUG org.asynchttpclient.netty.request.NettyRequestSender - Using pooled Channel '[id: 0x0dec8dfc, L:/127.0.0.1:58609 - R:localhost/127.0.0.1:52409]' for 'POST' to 'http://localhost:52409/session/1c59b53d886c221416f49245be432d0f/element'
17:55:46.017 [Forwarding findElement on session 1c59b53d886c221416f49245be432d0f to remote] DEBUG org.asynchttpclient.netty.request.NettyRequestSender - Using open Channel [id: 0x0dec8dfc, L:/127.0.0.1:58609 - R:localhost/127.0.0.1:52409] for POST '/session/1c59b53d886c221416f49245be432d0f/element'
17:55:46.032 [AsyncHttpClient-1-12] DEBUG org.asynchttpclient.netty.handler.HttpHandler - 

Request DefaultHttpRequest(decodeResult: success, version: HTTP/1.1)
POST /session/1c59b53d886c221416f49245be432d0f/element HTTP/1.1
User-Agent: selenium/4.1.2 (java windows)
Content-Length: 122
Content-Type: application/json; charset=utf-8
host: localhost:52409
accept: */*

Response DefaultHttpResponse(decodeResult: success, version: HTTP/1.1)
HTTP/1.1 200 OK
Content-Type: application/json; charset=utf-8
cache-control: no-cache
content-length: 88

17:55:46.032 [AsyncHttpClient-1-12] DEBUG org.asynchttpclient.netty.channel.ChannelManager - Adding key: http://localhost:52409 for channel [id: 0x0dec8dfc, L:/127.0.0.1:58609 - R:localhost/127.0.0.1:52409]
17:55:46.034 [Forwarding clickElement on session 1c59b53d886c221416f49245be432d0f to remote] DEBUG org.asynchttpclient.netty.request.NettyRequestSender - Using pooled Channel '[id: 0x0dec8dfc, L:/127.0.0.1:58609 - R:localhost/127.0.0.1:52409]' for 'POST' to 'http://localhost:52409/session/1c59b53d886c221416f49245be432d0f/element/75016533-b536-47af-9f18-e00bde8e2e91/click'
17:55:46.034 [Forwarding clickElement on session 1c59b53d886c221416f49245be432d0f to remote] DEBUG org.asynchttpclient.netty.request.NettyRequestSender - Using open Channel [id: 0x0dec8dfc, L:/127.0.0.1:58609 - R:localhost/127.0.0.1:52409] for POST '/session/1c59b53d886c221416f49245be432d0f/element/75016533-b536-47af-9f18-e00bde8e2e91/click'
17:55:46.115 [AsyncHttpClient-1-12] DEBUG org.asynchttpclient.netty.handler.HttpHandler - 

Request DefaultHttpRequest(decodeResult: success, version: HTTP/1.1)
POST /session/1c59b53d886c221416f49245be432d0f/element/75016533-b536-47af-9f18-e00bde8e2e91/click HTTP/1.1
User-Agent: selenium/4.1.2 (java windows)
Content-Length: 50
Content-Type: application/json; charset=utf-8
host: localhost:52409
accept: */*

Response DefaultHttpResponse(decodeResult: success, version: HTTP/1.1)
HTTP/1.1 200 OK
Content-Type: application/json; charset=utf-8
cache-control: no-cache
content-length: 14

17:55:46.116 [AsyncHttpClient-1-12] DEBUG org.asynchttpclient.netty.channel.ChannelManager - Adding key: http://localhost:52409 for channel [id: 0x0dec8dfc, L:/127.0.0.1:58609 - R:localhost/127.0.0.1:52409]
  &amp#27;[32mAnd &amp#27;[0m&amp#27;[32mI click buy button&amp#27;[0m              &amp#27;[90m# starter.stepdefinitions.CartSteps.iClickBuyButton()&amp#27;[0m
17:55:46.123 [Forwarding screenshot on session 1c59b53d886c221416f49245be432d0f to remote] DEBUG org.asynchttpclient.netty.request.NettyRequestSender - Using pooled Channel '[id: 0x0dec8dfc, L:/127.0.0.1:58609 - R:localhost/127.0.0.1:52409]' for 'GET' to 'http://localhost:52409/session/1c59b53d886c221416f49245be432d0f/screenshot'
17:55:46.123 [Forwarding screenshot on session 1c59b53d886c221416f49245be432d0f to remote] DEBUG org.asynchttpclient.netty.request.NettyRequestSender - Using open Channel [id: 0x0dec8dfc, L:/127.0.0.1:58609 - R:localhost/127.0.0.1:52409] for GET '/session/1c59b53d886c221416f49245be432d0f/screenshot'
17:55:46.322 [AsyncHttpClient-1-12] DEBUG org.asynchttpclient.netty.handler.HttpHandler - 

Request DefaultFullHttpRequest(decodeResult: success, version: HTTP/1.1, content: EmptyByteBufBE)
GET /session/1c59b53d886c221416f49245be432d0f/screenshot HTTP/1.1
User-Agent: selenium/4.1.2 (java windows)
Cache-Control: no-cache
Content-Type: application/json; charset=utf-8
host: localhost:52409
accept: */*

Response DefaultHttpResponse(decodeResult: success, version: HTTP/1.1)
HTTP/1.1 200 OK
Content-Type: application/json; charset=utf-8
cache-control: no-cache
content-length: 74164

17:55:46.322 [AsyncHttpClient-1-12] DEBUG org.asynchttpclient.netty.channel.ChannelManager - Adding key: http://localhost:52409 for channel [id: 0x0dec8dfc, L:/127.0.0.1:58609 - R:localhost/127.0.0.1:52409]
17:55:46.326 [main] DEBUG net.serenitybdd.core.photography.Darkroom - Send negative for processing for target\site\serenity\f216dfceb371ef2470651ecda3b1a6dbc687248661e8241c9c58bc4e8b7de669.png
17:55:46.328 [Darkroom Processing Line] DEBUG net.serenitybdd.core.photography.DarkroomProcessingLine - Processing screenshot image in /var/screenshots/screenshot-3920521447898879382
17:55:46.328 [Darkroom Processing Line] DEBUG net.serenitybdd.core.photography.DarkroomProcessingLine - Saving screenshot to target\site\serenity\f216dfceb371ef2470651ecda3b1a6dbc687248661e8241c9c58bc4e8b7de669.png
17:55:46.338 [Forwarding findElement on session 1c59b53d886c221416f49245be432d0f to remote] DEBUG org.asynchttpclient.netty.request.NettyRequestSender - Using pooled Channel '[id: 0x0dec8dfc, L:/127.0.0.1:58609 - R:localhost/127.0.0.1:52409]' for 'POST' to 'http://localhost:52409/session/1c59b53d886c221416f49245be432d0f/element'
17:55:46.338 [Forwarding findElement on session 1c59b53d886c221416f49245be432d0f to remote] DEBUG org.asynchttpclient.netty.request.NettyRequestSender - Using open Channel [id: 0x0dec8dfc, L:/127.0.0.1:58609 - R:localhost/127.0.0.1:52409] for POST '/session/1c59b53d886c221416f49245be432d0f/element'
17:55:46.365 [AsyncHttpClient-1-12] DEBUG org.asynchttpclient.netty.handler.HttpHandler - 

Request DefaultHttpRequest(decodeResult: success, version: HTTP/1.1)
POST /session/1c59b53d886c221416f49245be432d0f/element HTTP/1.1
User-Agent: selenium/4.1.2 (java windows)
Content-Length: 102
Content-Type: application/json; charset=utf-8
host: localhost:52409
accept: */*

Response DefaultHttpResponse(decodeResult: success, version: HTTP/1.1)
HTTP/1.1 200 OK
Content-Type: application/json; charset=utf-8
cache-control: no-cache
content-length: 88

17:55:46.365 [AsyncHttpClient-1-12] DEBUG org.asynchttpclient.netty.channel.ChannelManager - Adding key: http://localhost:52409 for channel [id: 0x0dec8dfc, L:/127.0.0.1:58609 - R:localhost/127.0.0.1:52409]
17:55:46.367 [Forwarding getElementTagName on session 1c59b53d886c221416f49245be432d0f to remote] DEBUG org.asynchttpclient.netty.request.NettyRequestSender - Using pooled Channel '[id: 0x0dec8dfc, L:/127.0.0.1:58609 - R:localhost/127.0.0.1:52409]' for 'GET' to 'http://localhost:52409/session/1c59b53d886c221416f49245be432d0f/element/1fff462b-5b5f-43d6-8efd-98512eeb294c/name'
17:55:46.367 [Forwarding getElementTagName on session 1c59b53d886c221416f49245be432d0f to remote] DEBUG org.asynchttpclient.netty.request.NettyRequestSender - Using open Channel [id: 0x0dec8dfc, L:/127.0.0.1:58609 - R:localhost/127.0.0.1:52409] for GET '/session/1c59b53d886c221416f49245be432d0f/element/1fff462b-5b5f-43d6-8efd-98512eeb294c/name'
17:55:46.372 [AsyncHttpClient-1-12] DEBUG org.asynchttpclient.netty.handler.HttpHandler - 

Request DefaultFullHttpRequest(decodeResult: success, version: HTTP/1.1, content: EmptyByteBufBE)
GET /session/1c59b53d886c221416f49245be432d0f/element/1fff462b-5b5f-43d6-8efd-98512eeb294c/name HTTP/1.1
User-Agent: selenium/4.1.2 (java windows)
Cache-Control: no-cache
Content-Type: application/json; charset=utf-8
host: localhost:52409
accept: */*

Response DefaultHttpResponse(decodeResult: success, version: HTTP/1.1)
HTTP/1.1 200 OK
Content-Type: application/json; charset=utf-8
cache-control: no-cache
content-length: 18

17:55:46.372 [AsyncHttpClient-1-12] DEBUG org.asynchttpclient.netty.channel.ChannelManager - Adding key: http://localhost:52409 for channel [id: 0x0dec8dfc, L:/127.0.0.1:58609 - R:localhost/127.0.0.1:52409]
17:55:46.375 [Forwarding getElementTagName on session 1c59b53d886c221416f49245be432d0f to remote] DEBUG org.asynchttpclient.netty.request.NettyRequestSender - Using pooled Channel '[id: 0x0dec8dfc, L:/127.0.0.1:58609 - R:localhost/127.0.0.1:52409]' for 'GET' to 'http://localhost:52409/session/1c59b53d886c221416f49245be432d0f/element/1fff462b-5b5f-43d6-8efd-98512eeb294c/name'
17:55:46.376 [Forwarding getElementTagName on session 1c59b53d886c221416f49245be432d0f to remote] DEBUG org.asynchttpclient.netty.request.NettyRequestSender - Using open Channel [id: 0x0dec8dfc, L:/127.0.0.1:58609 - R:localhost/127.0.0.1:52409] for GET '/session/1c59b53d886c221416f49245be432d0f/element/1fff462b-5b5f-43d6-8efd-98512eeb294c/name'
17:55:46.384 [AsyncHttpClient-1-12] DEBUG org.asynchttpclient.netty.handler.HttpHandler - 

Request DefaultFullHttpRequest(decodeResult: success, version: HTTP/1.1, content: EmptyByteBufBE)
GET /session/1c59b53d886c221416f49245be432d0f/element/1fff462b-5b5f-43d6-8efd-98512eeb294c/name HTTP/1.1
User-Agent: selenium/4.1.2 (java windows)
Cache-Control: no-cache
Content-Type: application/json; charset=utf-8
host: localhost:52409
accept: */*

Response DefaultHttpResponse(decodeResult: success, version: HTTP/1.1)
HTTP/1.1 200 OK
Content-Type: application/json; charset=utf-8
cache-control: no-cache
content-length: 18

17:55:46.384 [AsyncHttpClient-1-12] DEBUG org.asynchttpclient.netty.channel.ChannelManager - Adding key: http://localhost:52409 for channel [id: 0x0dec8dfc, L:/127.0.0.1:58609 - R:localhost/127.0.0.1:52409]
17:55:46.386 [Forwarding isElementEnabled on session 1c59b53d886c221416f49245be432d0f to remote] DEBUG org.asynchttpclient.netty.request.NettyRequestSender - Using pooled Channel '[id: 0x0dec8dfc, L:/127.0.0.1:58609 - R:localhost/127.0.0.1:52409]' for 'GET' to 'http://localhost:52409/session/1c59b53d886c221416f49245be432d0f/element/1fff462b-5b5f-43d6-8efd-98512eeb294c/enabled'
17:55:46.386 [Forwarding isElementEnabled on session 1c59b53d886c221416f49245be432d0f to remote] DEBUG org.asynchttpclient.netty.request.NettyRequestSender - Using open Channel [id: 0x0dec8dfc, L:/127.0.0.1:58609 - R:localhost/127.0.0.1:52409] for GET '/session/1c59b53d886c221416f49245be432d0f/element/1fff462b-5b5f-43d6-8efd-98512eeb294c/enabled'
17:55:46.403 [AsyncHttpClient-1-12] DEBUG org.asynchttpclient.netty.handler.HttpHandler - 

Request DefaultFullHttpRequest(decodeResult: success, version: HTTP/1.1, content: EmptyByteBufBE)
GET /session/1c59b53d886c221416f49245be432d0f/element/1fff462b-5b5f-43d6-8efd-98512eeb294c/enabled HTTP/1.1
User-Agent: selenium/4.1.2 (java windows)
Cache-Control: no-cache
Content-Type: application/json; charset=utf-8
host: localhost:52409
accept: */*

Response DefaultHttpResponse(decodeResult: success, version: HTTP/1.1)
HTTP/1.1 200 OK
Content-Type: application/json; charset=utf-8
cache-control: no-cache
content-length: 14

17:55:46.403 [AsyncHttpClient-1-12] DEBUG org.asynchttpclient.netty.channel.ChannelManager - Adding key: http://localhost:52409 for channel [id: 0x0dec8dfc, L:/127.0.0.1:58609 - R:localhost/127.0.0.1:52409]
17:55:46.405 [Forwarding isElementEnabled on session 1c59b53d886c221416f49245be432d0f to remote] DEBUG org.asynchttpclient.netty.request.NettyRequestSender - Using pooled Channel '[id: 0x0dec8dfc, L:/127.0.0.1:58609 - R:localhost/127.0.0.1:52409]' for 'GET' to 'http://localhost:52409/session/1c59b53d886c221416f49245be432d0f/element/1fff462b-5b5f-43d6-8efd-98512eeb294c/enabled'
17:55:46.405 [Forwarding isElementEnabled on session 1c59b53d886c221416f49245be432d0f to remote] DEBUG org.asynchttpclient.netty.request.NettyRequestSender - Using open Channel [id: 0x0dec8dfc, L:/127.0.0.1:58609 - R:localhost/127.0.0.1:52409] for GET '/session/1c59b53d886c221416f49245be432d0f/element/1fff462b-5b5f-43d6-8efd-98512eeb294c/enabled'
17:55:46.419 [AsyncHttpClient-1-12] DEBUG org.asynchttpclient.netty.handler.HttpHandler - 

Request DefaultFullHttpRequest(decodeResult: success, version: HTTP/1.1, content: EmptyByteBufBE)
GET /session/1c59b53d886c221416f49245be432d0f/element/1fff462b-5b5f-43d6-8efd-98512eeb294c/enabled HTTP/1.1
User-Agent: selenium/4.1.2 (java windows)
Cache-Control: no-cache
Content-Type: application/json; charset=utf-8
host: localhost:52409
accept: */*

Response DefaultHttpResponse(decodeResult: success, version: HTTP/1.1)
HTTP/1.1 200 OK
Content-Type: application/json; charset=utf-8
cache-control: no-cache
content-length: 14

17:55:46.419 [AsyncHttpClient-1-12] DEBUG org.asynchttpclient.netty.channel.ChannelManager - Adding key: http://localhost:52409 for channel [id: 0x0dec8dfc, L:/127.0.0.1:58609 - R:localhost/127.0.0.1:52409]
17:55:46.421 [Forwarding findElement on session 1c59b53d886c221416f49245be432d0f to remote] DEBUG org.asynchttpclient.netty.request.NettyRequestSender - Using pooled Channel '[id: 0x0dec8dfc, L:/127.0.0.1:58609 - R:localhost/127.0.0.1:52409]' for 'POST' to 'http://localhost:52409/session/1c59b53d886c221416f49245be432d0f/element'
17:55:46.421 [Forwarding findElement on session 1c59b53d886c221416f49245be432d0f to remote] DEBUG org.asynchttpclient.netty.request.NettyRequestSender - Using open Channel [id: 0x0dec8dfc, L:/127.0.0.1:58609 - R:localhost/127.0.0.1:52409] for POST '/session/1c59b53d886c221416f49245be432d0f/element'
17:55:46.441 [AsyncHttpClient-1-12] DEBUG org.asynchttpclient.netty.handler.HttpHandler - 

Request DefaultHttpRequest(decodeResult: success, version: HTTP/1.1)
POST /session/1c59b53d886c221416f49245be432d0f/element HTTP/1.1
User-Agent: selenium/4.1.2 (java windows)
Content-Length: 102
Content-Type: application/json; charset=utf-8
host: localhost:52409
accept: */*

Response DefaultHttpResponse(decodeResult: success, version: HTTP/1.1)
HTTP/1.1 200 OK
Content-Type: application/json; charset=utf-8
cache-control: no-cache
content-length: 88

17:55:46.441 [AsyncHttpClient-1-12] DEBUG org.asynchttpclient.netty.channel.ChannelManager - Adding key: http://localhost:52409 for channel [id: 0x0dec8dfc, L:/127.0.0.1:58609 - R:localhost/127.0.0.1:52409]
17:55:46.444 [Forwarding clickElement on session 1c59b53d886c221416f49245be432d0f to remote] DEBUG org.asynchttpclient.netty.request.NettyRequestSender - Using pooled Channel '[id: 0x0dec8dfc, L:/127.0.0.1:58609 - R:localhost/127.0.0.1:52409]' for 'POST' to 'http://localhost:52409/session/1c59b53d886c221416f49245be432d0f/element/1fff462b-5b5f-43d6-8efd-98512eeb294c/click'
17:55:46.444 [Forwarding clickElement on session 1c59b53d886c221416f49245be432d0f to remote] DEBUG org.asynchttpclient.netty.request.NettyRequestSender - Using open Channel [id: 0x0dec8dfc, L:/127.0.0.1:58609 - R:localhost/127.0.0.1:52409] for POST '/session/1c59b53d886c221416f49245be432d0f/element/1fff462b-5b5f-43d6-8efd-98512eeb294c/click'
17:55:46.502 [AsyncHttpClient-1-12] DEBUG org.asynchttpclient.netty.handler.HttpHandler - 

Request DefaultHttpRequest(decodeResult: success, version: HTTP/1.1)
POST /session/1c59b53d886c221416f49245be432d0f/element/1fff462b-5b5f-43d6-8efd-98512eeb294c/click HTTP/1.1
User-Agent: selenium/4.1.2 (java windows)
Content-Length: 50
Content-Type: application/json; charset=utf-8
host: localhost:52409
accept: */*

Response DefaultHttpResponse(decodeResult: success, version: HTTP/1.1)
HTTP/1.1 200 OK
Content-Type: application/json; charset=utf-8
cache-control: no-cache
content-length: 14

17:55:46.502 [AsyncHttpClient-1-12] DEBUG org.asynchttpclient.netty.channel.ChannelManager - Adding key: http://localhost:52409 for channel [id: 0x0dec8dfc, L:/127.0.0.1:58609 - R:localhost/127.0.0.1:52409]
  &amp#27;[32mAnd &amp#27;[0m&amp#27;[32mI go to order page&amp#27;[0m              &amp#27;[90m# starter.stepdefinitions.CartSteps.iGoToOrderPage()&amp#27;[0m
17:55:46.512 [Forwarding screenshot on session 1c59b53d886c221416f49245be432d0f to remote] DEBUG org.asynchttpclient.netty.request.NettyRequestSender - Using pooled Channel '[id: 0x0dec8dfc, L:/127.0.0.1:58609 - R:localhost/127.0.0.1:52409]' for 'GET' to 'http://localhost:52409/session/1c59b53d886c221416f49245be432d0f/screenshot'
17:55:46.512 [Forwarding screenshot on session 1c59b53d886c221416f49245be432d0f to remote] DEBUG org.asynchttpclient.netty.request.NettyRequestSender - Using open Channel [id: 0x0dec8dfc, L:/127.0.0.1:58609 - R:localhost/127.0.0.1:52409] for GET '/session/1c59b53d886c221416f49245be432d0f/screenshot'
17:55:46.960 [AsyncHttpClient-1-12] DEBUG org.asynchttpclient.netty.handler.HttpHandler - 

Request DefaultFullHttpRequest(decodeResult: success, version: HTTP/1.1, content: EmptyByteBufBE)
GET /session/1c59b53d886c221416f49245be432d0f/screenshot HTTP/1.1
User-Agent: selenium/4.1.2 (java windows)
Cache-Control: no-cache
Content-Type: application/json; charset=utf-8
host: localhost:52409
accept: */*

Response DefaultHttpResponse(decodeResult: success, version: HTTP/1.1)
HTTP/1.1 200 OK
Content-Type: application/json; charset=utf-8
cache-control: no-cache
content-length: 40868

17:55:46.960 [AsyncHttpClient-1-12] DEBUG org.asynchttpclient.netty.channel.ChannelManager - Adding key: http://localhost:52409 for channel [id: 0x0dec8dfc, L:/127.0.0.1:58609 - R:localhost/127.0.0.1:52409]
17:55:46.962 [main] DEBUG net.serenitybdd.core.photography.Darkroom - Send negative for processing for target\site\serenity\e7a6dfe67abef28726d0adde1e93a86a5744f7af0c1a7faa051480bec8d7c077.png
17:55:46.963 [Darkroom Processing Line] DEBUG net.serenitybdd.core.photography.DarkroomProcessingLine - Processing screenshot image in /var/screenshots/screenshot-16259579373076206273
17:55:46.963 [Darkroom Processing Line] DEBUG net.serenitybdd.core.photography.DarkroomProcessingLine - Saving screenshot to target\site\serenity\e7a6dfe67abef28726d0adde1e93a86a5744f7af0c1a7faa051480bec8d7c077.png
17:55:46.968 [Forwarding findElement on session 1c59b53d886c221416f49245be432d0f to remote] DEBUG org.asynchttpclient.netty.request.NettyRequestSender - Using pooled Channel '[id: 0x0dec8dfc, L:/127.0.0.1:58609 - R:localhost/127.0.0.1:52409]' for 'POST' to 'http://localhost:52409/session/1c59b53d886c221416f49245be432d0f/element'
17:55:46.968 [Forwarding findElement on session 1c59b53d886c221416f49245be432d0f to remote] DEBUG org.asynchttpclient.netty.request.NettyRequestSender - Using open Channel [id: 0x0dec8dfc, L:/127.0.0.1:58609 - R:localhost/127.0.0.1:52409] for POST '/session/1c59b53d886c221416f49245be432d0f/element'
17:55:46.983 [AsyncHttpClient-1-12] DEBUG org.asynchttpclient.netty.handler.HttpHandler - 

Request DefaultHttpRequest(decodeResult: success, version: HTTP/1.1)
POST /session/1c59b53d886c221416f49245be432d0f/element HTTP/1.1
User-Agent: selenium/4.1.2 (java windows)
Content-Length: 126
Content-Type: application/json; charset=utf-8
host: localhost:52409
accept: */*

Response DefaultHttpResponse(decodeResult: success, version: HTTP/1.1)
HTTP/1.1 200 OK
Content-Type: application/json; charset=utf-8
cache-control: no-cache
content-length: 88

17:55:46.983 [AsyncHttpClient-1-12] DEBUG org.asynchttpclient.netty.channel.ChannelManager - Adding key: http://localhost:52409 for channel [id: 0x0dec8dfc, L:/127.0.0.1:58609 - R:localhost/127.0.0.1:52409]
17:55:46.989 [Forwarding isElementDisplayed on session 1c59b53d886c221416f49245be432d0f to remote] DEBUG org.asynchttpclient.netty.request.NettyRequestSender - Using pooled Channel '[id: 0x0dec8dfc, L:/127.0.0.1:58609 - R:localhost/127.0.0.1:52409]' for 'POST' to 'http://localhost:52409/session/1c59b53d886c221416f49245be432d0f/execute/sync'
17:55:46.989 [Forwarding isElementDisplayed on session 1c59b53d886c221416f49245be432d0f to remote] DEBUG org.asynchttpclient.netty.request.NettyRequestSender - Using open Channel [id: 0x0dec8dfc, L:/127.0.0.1:58609 - R:localhost/127.0.0.1:52409] for POST '/session/1c59b53d886c221416f49245be432d0f/execute/sync'
17:55:47.007 [AsyncHttpClient-1-12] DEBUG org.asynchttpclient.netty.handler.HttpHandler - 

Request DefaultHttpRequest(decodeResult: success, version: HTTP/1.1)
POST /session/1c59b53d886c221416f49245be432d0f/execute/sync HTTP/1.1
User-Agent: selenium/4.1.2 (java windows)
Content-Length: 48780
Content-Type: application/json; charset=utf-8
host: localhost:52409
accept: */*

Response DefaultHttpResponse(decodeResult: success, version: HTTP/1.1)
HTTP/1.1 200 OK
Content-Type: application/json; charset=utf-8
cache-control: no-cache
content-length: 14

17:55:47.007 [AsyncHttpClient-1-12] DEBUG org.asynchttpclient.netty.channel.ChannelManager - Adding key: http://localhost:52409 for channel [id: 0x0dec8dfc, L:/127.0.0.1:58609 - R:localhost/127.0.0.1:52409]
  &amp#27;[32mAnd &amp#27;[0m&amp#27;[32mI validate on order page&amp#27;[0m        &amp#27;[90m# starter.stepdefinitions.CartSteps.iValidateOnOrderPage()&amp#27;[0m
17:55:47.013 [Forwarding screenshot on session 1c59b53d886c221416f49245be432d0f to remote] DEBUG org.asynchttpclient.netty.request.NettyRequestSender - Using pooled Channel '[id: 0x0dec8dfc, L:/127.0.0.1:58609 - R:localhost/127.0.0.1:52409]' for 'GET' to 'http://localhost:52409/session/1c59b53d886c221416f49245be432d0f/screenshot'
17:55:47.013 [Forwarding screenshot on session 1c59b53d886c221416f49245be432d0f to remote] DEBUG org.asynchttpclient.netty.request.NettyRequestSender - Using open Channel [id: 0x0dec8dfc, L:/127.0.0.1:58609 - R:localhost/127.0.0.1:52409] for GET '/session/1c59b53d886c221416f49245be432d0f/screenshot'
17:55:47.015 [AsyncHttpClient-1-1] DEBUG org.asynchttpclient.netty.channel.DefaultChannelPool - Entry count for : http://localhost:58610 : 1
17:55:47.207 [AsyncHttpClient-1-12] DEBUG org.asynchttpclient.netty.handler.HttpHandler - 

Request DefaultFullHttpRequest(decodeResult: success, version: HTTP/1.1, content: EmptyByteBufBE)
GET /session/1c59b53d886c221416f49245be432d0f/screenshot HTTP/1.1
User-Agent: selenium/4.1.2 (java windows)
Cache-Control: no-cache
Content-Type: application/json; charset=utf-8
host: localhost:52409
accept: */*

Response DefaultHttpResponse(decodeResult: success, version: HTTP/1.1)
HTTP/1.1 200 OK
Content-Type: application/json; charset=utf-8
cache-control: no-cache
content-length: 40560

17:55:47.207 [AsyncHttpClient-1-12] DEBUG org.asynchttpclient.netty.channel.ChannelManager - Adding key: http://localhost:52409 for channel [id: 0x0dec8dfc, L:/127.0.0.1:58609 - R:localhost/127.0.0.1:52409]
17:55:47.209 [main] DEBUG net.serenitybdd.core.photography.Darkroom - Send negative for processing for target\site\serenity\a549f68892bc5c67f29d600c4a118d60c73225773c658afc675d10fd25a5051f.png
17:55:47.223 [Forwarding findElement on session 1c59b53d886c221416f49245be432d0f to remote] DEBUG org.asynchttpclient.netty.request.NettyRequestSender - Using pooled Channel '[id: 0x0dec8dfc, L:/127.0.0.1:58609 - R:localhost/127.0.0.1:52409]' for 'POST' to 'http://localhost:52409/session/1c59b53d886c221416f49245be432d0f/element'
17:55:47.223 [Forwarding findElement on session 1c59b53d886c221416f49245be432d0f to remote] DEBUG org.asynchttpclient.netty.request.NettyRequestSender - Using open Channel [id: 0x0dec8dfc, L:/127.0.0.1:58609 - R:localhost/127.0.0.1:52409] for POST '/session/1c59b53d886c221416f49245be432d0f/element'
17:55:47.236 [AsyncHttpClient-1-12] DEBUG org.asynchttpclient.netty.handler.HttpHandler - 

Request DefaultHttpRequest(decodeResult: success, version: HTTP/1.1)
POST /session/1c59b53d886c221416f49245be432d0f/element HTTP/1.1
User-Agent: selenium/4.1.2 (java windows)
Content-Length: 94
Content-Type: application/json; charset=utf-8
host: localhost:52409
accept: */*

Response DefaultHttpResponse(decodeResult: success, version: HTTP/1.1)
HTTP/1.1 200 OK
Content-Type: application/json; charset=utf-8
cache-control: no-cache
content-length: 88

17:55:47.236 [AsyncHttpClient-1-12] DEBUG org.asynchttpclient.netty.channel.ChannelManager - Adding key: http://localhost:52409 for channel [id: 0x0dec8dfc, L:/127.0.0.1:58609 - R:localhost/127.0.0.1:52409]
17:55:47.237 [Forwarding getElementTagName on session 1c59b53d886c221416f49245be432d0f to remote] DEBUG org.asynchttpclient.netty.request.NettyRequestSender - Using pooled Channel '[id: 0x0dec8dfc, L:/127.0.0.1:58609 - R:localhost/127.0.0.1:52409]' for 'GET' to 'http://localhost:52409/session/1c59b53d886c221416f49245be432d0f/element/5ff71322-401e-41a0-b6da-b61b3167d26e/name'
17:55:47.237 [Forwarding getElementTagName on session 1c59b53d886c221416f49245be432d0f to remote] DEBUG org.asynchttpclient.netty.request.NettyRequestSender - Using open Channel [id: 0x0dec8dfc, L:/127.0.0.1:58609 - R:localhost/127.0.0.1:52409] for GET '/session/1c59b53d886c221416f49245be432d0f/element/5ff71322-401e-41a0-b6da-b61b3167d26e/name'
17:55:47.242 [AsyncHttpClient-1-12] DEBUG org.asynchttpclient.netty.handler.HttpHandler - 

Request DefaultFullHttpRequest(decodeResult: success, version: HTTP/1.1, content: EmptyByteBufBE)
GET /session/1c59b53d886c221416f49245be432d0f/element/5ff71322-401e-41a0-b6da-b61b3167d26e/name HTTP/1.1
User-Agent: selenium/4.1.2 (java windows)
Cache-Control: no-cache
Content-Type: application/json; charset=utf-8
host: localhost:52409
accept: */*

Response DefaultHttpResponse(decodeResult: success, version: HTTP/1.1)
HTTP/1.1 200 OK
Content-Type: application/json; charset=utf-8
cache-control: no-cache
content-length: 16

17:55:47.242 [AsyncHttpClient-1-12] DEBUG org.asynchttpclient.netty.channel.ChannelManager - Adding key: http://localhost:52409 for channel [id: 0x0dec8dfc, L:/127.0.0.1:58609 - R:localhost/127.0.0.1:52409]
17:55:47.243 [Forwarding getElementTagName on session 1c59b53d886c221416f49245be432d0f to remote] DEBUG org.asynchttpclient.netty.request.NettyRequestSender - Using pooled Channel '[id: 0x0dec8dfc, L:/127.0.0.1:58609 - R:localhost/127.0.0.1:52409]' for 'GET' to 'http://localhost:52409/session/1c59b53d886c221416f49245be432d0f/element/5ff71322-401e-41a0-b6da-b61b3167d26e/name'
17:55:47.243 [Forwarding getElementTagName on session 1c59b53d886c221416f49245be432d0f to remote] DEBUG org.asynchttpclient.netty.request.NettyRequestSender - Using open Channel [id: 0x0dec8dfc, L:/127.0.0.1:58609 - R:localhost/127.0.0.1:52409] for GET '/session/1c59b53d886c221416f49245be432d0f/element/5ff71322-401e-41a0-b6da-b61b3167d26e/name'
17:55:47.247 [AsyncHttpClient-1-12] DEBUG org.asynchttpclient.netty.handler.HttpHandler - 

Request DefaultFullHttpRequest(decodeResult: success, version: HTTP/1.1, content: EmptyByteBufBE)
GET /session/1c59b53d886c221416f49245be432d0f/element/5ff71322-401e-41a0-b6da-b61b3167d26e/name HTTP/1.1
User-Agent: selenium/4.1.2 (java windows)
Cache-Control: no-cache
Content-Type: application/json; charset=utf-8
host: localhost:52409
accept: */*

Response DefaultHttpResponse(decodeResult: success, version: HTTP/1.1)
HTTP/1.1 200 OK
Content-Type: application/json; charset=utf-8
cache-control: no-cache
content-length: 16

17:55:47.247 [AsyncHttpClient-1-12] DEBUG org.asynchttpclient.netty.channel.ChannelManager - Adding key: http://localhost:52409 for channel [id: 0x0dec8dfc, L:/127.0.0.1:58609 - R:localhost/127.0.0.1:52409]
17:55:47.249 [Forwarding findElement on session 1c59b53d886c221416f49245be432d0f to remote] DEBUG org.asynchttpclient.netty.request.NettyRequestSender - Using pooled Channel '[id: 0x0dec8dfc, L:/127.0.0.1:58609 - R:localhost/127.0.0.1:52409]' for 'POST' to 'http://localhost:52409/session/1c59b53d886c221416f49245be432d0f/element'
17:55:47.249 [Forwarding findElement on session 1c59b53d886c221416f49245be432d0f to remote] DEBUG org.asynchttpclient.netty.request.NettyRequestSender - Using open Channel [id: 0x0dec8dfc, L:/127.0.0.1:58609 - R:localhost/127.0.0.1:52409] for POST '/session/1c59b53d886c221416f49245be432d0f/element'
17:55:47.256 [AsyncHttpClient-1-12] DEBUG org.asynchttpclient.netty.handler.HttpHandler - 

Request DefaultHttpRequest(decodeResult: success, version: HTTP/1.1)
POST /session/1c59b53d886c221416f49245be432d0f/element HTTP/1.1
User-Agent: selenium/4.1.2 (java windows)
Content-Length: 94
Content-Type: application/json; charset=utf-8
host: localhost:52409
accept: */*

Response DefaultHttpResponse(decodeResult: success, version: HTTP/1.1)
HTTP/1.1 200 OK
Content-Type: application/json; charset=utf-8
cache-control: no-cache
content-length: 88

17:55:47.257 [AsyncHttpClient-1-12] DEBUG org.asynchttpclient.netty.channel.ChannelManager - Adding key: http://localhost:52409 for channel [id: 0x0dec8dfc, L:/127.0.0.1:58609 - R:localhost/127.0.0.1:52409]
17:55:47.258 [Forwarding clickElement on session 1c59b53d886c221416f49245be432d0f to remote] DEBUG org.asynchttpclient.netty.request.NettyRequestSender - Using pooled Channel '[id: 0x0dec8dfc, L:/127.0.0.1:58609 - R:localhost/127.0.0.1:52409]' for 'POST' to 'http://localhost:52409/session/1c59b53d886c221416f49245be432d0f/element/5ff71322-401e-41a0-b6da-b61b3167d26e/click'
17:55:47.258 [Forwarding clickElement on session 1c59b53d886c221416f49245be432d0f to remote] DEBUG org.asynchttpclient.netty.request.NettyRequestSender - Using open Channel [id: 0x0dec8dfc, L:/127.0.0.1:58609 - R:localhost/127.0.0.1:52409] for POST '/session/1c59b53d886c221416f49245be432d0f/element/5ff71322-401e-41a0-b6da-b61b3167d26e/click'
17:55:47.298 [AsyncHttpClient-1-12] DEBUG org.asynchttpclient.netty.handler.HttpHandler - 

Request DefaultHttpRequest(decodeResult: success, version: HTTP/1.1)
POST /session/1c59b53d886c221416f49245be432d0f/element/5ff71322-401e-41a0-b6da-b61b3167d26e/click HTTP/1.1
User-Agent: selenium/4.1.2 (java windows)
Content-Length: 50
Content-Type: application/json; charset=utf-8
host: localhost:52409
accept: */*

Response DefaultHttpResponse(decodeResult: success, version: HTTP/1.1)
HTTP/1.1 200 OK
Content-Type: application/json; charset=utf-8
cache-control: no-cache
content-length: 14

17:55:47.299 [AsyncHttpClient-1-12] DEBUG org.asynchttpclient.netty.channel.ChannelManager - Adding key: http://localhost:52409 for channel [id: 0x0dec8dfc, L:/127.0.0.1:58609 - R:localhost/127.0.0.1:52409]
  &amp#27;[32mWhen &amp#27;[0m&amp#27;[32mI click pay button&amp#27;[0m             &amp#27;[90m# starter.stepdefinitions.OrderSteps.iClickPayButton()&amp#27;[0m
17:55:47.309 [Forwarding screenshot on session 1c59b53d886c221416f49245be432d0f to remote] DEBUG org.asynchttpclient.netty.request.NettyRequestSender - Using pooled Channel '[id: 0x0dec8dfc, L:/127.0.0.1:58609 - R:localhost/127.0.0.1:52409]' for 'GET' to 'http://localhost:52409/session/1c59b53d886c221416f49245be432d0f/screenshot'
17:55:47.309 [Forwarding screenshot on session 1c59b53d886c221416f49245be432d0f to remote] DEBUG org.asynchttpclient.netty.request.NettyRequestSender - Using open Channel [id: 0x0dec8dfc, L:/127.0.0.1:58609 - R:localhost/127.0.0.1:52409] for GET '/session/1c59b53d886c221416f49245be432d0f/screenshot'
17:55:47.493 [AsyncHttpClient-1-12] DEBUG org.asynchttpclient.netty.handler.HttpHandler - 

Request DefaultFullHttpRequest(decodeResult: success, version: HTTP/1.1, content: EmptyByteBufBE)
GET /session/1c59b53d886c221416f49245be432d0f/screenshot HTTP/1.1
User-Agent: selenium/4.1.2 (java windows)
Cache-Control: no-cache
Content-Type: application/json; charset=utf-8
host: localhost:52409
accept: */*

Response DefaultHttpResponse(decodeResult: success, version: HTTP/1.1)
HTTP/1.1 200 OK
Content-Type: application/json; charset=utf-8
cache-control: no-cache
content-length: 33920

17:55:47.493 [AsyncHttpClient-1-12] DEBUG org.asynchttpclient.netty.channel.ChannelManager - Adding key: http://localhost:52409 for channel [id: 0x0dec8dfc, L:/127.0.0.1:58609 - R:localhost/127.0.0.1:52409]
17:55:47.495 [main] DEBUG net.serenitybdd.core.photography.Darkroom - Send negative for processing for target\site\serenity\81644f49e409442ddb4f193315cbd020829e06b3b5f4ed2e5d4213ac0e8eb316.png
17:55:47.496 [Darkroom Processing Line] DEBUG net.serenitybdd.core.photography.DarkroomProcessingLine - Processing screenshot image in /var/screenshots/screenshot-10210074578091848143
17:55:47.496 [Darkroom Processing Line] DEBUG net.serenitybdd.core.photography.DarkroomProcessingLine - Saving screenshot to target\site\serenity\81644f49e409442ddb4f193315cbd020829e06b3b5f4ed2e5d4213ac0e8eb316.png
17:55:47.506 [main] DEBUG net.thucydides.core.steps.StepInterceptor - STARTING STEP: OrderSteps.iGoToLoginPage - validateOnLoginPage
17:55:47.508 [Forwarding findElement on session 1c59b53d886c221416f49245be432d0f to remote] DEBUG org.asynchttpclient.netty.request.NettyRequestSender - Using pooled Channel '[id: 0x0dec8dfc, L:/127.0.0.1:58609 - R:localhost/127.0.0.1:52409]' for 'POST' to 'http://localhost:52409/session/1c59b53d886c221416f49245be432d0f/element'
17:55:47.508 [Forwarding findElement on session 1c59b53d886c221416f49245be432d0f to remote] DEBUG org.asynchttpclient.netty.request.NettyRequestSender - Using open Channel [id: 0x0dec8dfc, L:/127.0.0.1:58609 - R:localhost/127.0.0.1:52409] for POST '/session/1c59b53d886c221416f49245be432d0f/element'
17:55:47.521 [AsyncHttpClient-1-12] DEBUG org.asynchttpclient.netty.handler.HttpHandler - 

Request DefaultHttpRequest(decodeResult: success, version: HTTP/1.1)
POST /session/1c59b53d886c221416f49245be432d0f/element HTTP/1.1
User-Agent: selenium/4.1.2 (java windows)
Content-Length: 92
Content-Type: application/json; charset=utf-8
host: localhost:52409
accept: */*

Response DefaultHttpResponse(decodeResult: success, version: HTTP/1.1)
HTTP/1.1 200 OK
Content-Type: application/json; charset=utf-8
cache-control: no-cache
content-length: 88

17:55:47.521 [AsyncHttpClient-1-12] DEBUG org.asynchttpclient.netty.channel.ChannelManager - Adding key: http://localhost:52409 for channel [id: 0x0dec8dfc, L:/127.0.0.1:58609 - R:localhost/127.0.0.1:52409]
17:55:47.526 [Forwarding isElementDisplayed on session 1c59b53d886c221416f49245be432d0f to remote] DEBUG org.asynchttpclient.netty.request.NettyRequestSender - Using pooled Channel '[id: 0x0dec8dfc, L:/127.0.0.1:58609 - R:localhost/127.0.0.1:52409]' for 'POST' to 'http://localhost:52409/session/1c59b53d886c221416f49245be432d0f/execute/sync'
17:55:47.526 [Forwarding isElementDisplayed on session 1c59b53d886c221416f49245be432d0f to remote] DEBUG org.asynchttpclient.netty.request.NettyRequestSender - Using open Channel [id: 0x0dec8dfc, L:/127.0.0.1:58609 - R:localhost/127.0.0.1:52409] for POST '/session/1c59b53d886c221416f49245be432d0f/execute/sync'
17:55:47.537 [AsyncHttpClient-1-12] DEBUG org.asynchttpclient.netty.handler.HttpHandler - 

Request DefaultHttpRequest(decodeResult: success, version: HTTP/1.1)
POST /session/1c59b53d886c221416f49245be432d0f/execute/sync HTTP/1.1
User-Agent: selenium/4.1.2 (java windows)
Content-Length: 48780
Content-Type: application/json; charset=utf-8
host: localhost:52409
accept: */*

Response DefaultHttpResponse(decodeResult: success, version: HTTP/1.1)
HTTP/1.1 200 OK
Content-Type: application/json; charset=utf-8
cache-control: no-cache
content-length: 14

17:55:47.537 [AsyncHttpClient-1-12] DEBUG org.asynchttpclient.netty.channel.ChannelManager - Adding key: http://localhost:52409 for channel [id: 0x0dec8dfc, L:/127.0.0.1:58609 - R:localhost/127.0.0.1:52409]
17:55:47.541 [main] DEBUG net.thucydides.core.steps.StepInterceptor - STEP DONE: validateOnLoginPage
  &amp#27;[32mThen &amp#27;[0m&amp#27;[32mI go to login page&amp#27;[0m             &amp#27;[90m# starter.stepdefinitions.OrderSteps.iGoToLoginPage()&amp#27;[0m
17:55:47.546 [Forwarding screenshot on session 1c59b53d886c221416f49245be432d0f to remote] DEBUG org.asynchttpclient.netty.request.NettyRequestSender - Using pooled Channel '[id: 0x0dec8dfc, L:/127.0.0.1:58609 - R:localhost/127.0.0.1:52409]' for 'GET' to 'http://localhost:52409/session/1c59b53d886c221416f49245be432d0f/screenshot'
17:55:47.546 [Forwarding screenshot on session 1c59b53d886c221416f49245be432d0f to remote] DEBUG org.asynchttpclient.netty.request.NettyRequestSender - Using open Channel [id: 0x0dec8dfc, L:/127.0.0.1:58609 - R:localhost/127.0.0.1:52409] for GET '/session/1c59b53d886c221416f49245be432d0f/screenshot'
17:55:47.661 [AsyncHttpClient-1-12] DEBUG org.asynchttpclient.netty.handler.HttpHandler - 

Request DefaultFullHttpRequest(decodeResult: success, version: HTTP/1.1, content: EmptyByteBufBE)
GET /session/1c59b53d886c221416f49245be432d0f/screenshot HTTP/1.1
User-Agent: selenium/4.1.2 (java windows)
Cache-Control: no-cache
Content-Type: application/json; charset=utf-8
host: localhost:52409
accept: */*

Response DefaultHttpResponse(decodeResult: success, version: HTTP/1.1)
HTTP/1.1 200 OK
Content-Type: application/json; charset=utf-8
cache-control: no-cache
content-length: 32788

17:55:47.661 [AsyncHttpClient-1-12] DEBUG org.asynchttpclient.netty.channel.ChannelManager - Adding key: http://localhost:52409 for channel [id: 0x0dec8dfc, L:/127.0.0.1:58609 - R:localhost/127.0.0.1:52409]
17:55:47.663 [main] DEBUG net.serenitybdd.core.photography.Darkroom - Send negative for processing for target\site\serenity\0e480b496500e45390f82eb54be93dc8c0f9695e3238d532523c6f31790fba43.png
17:55:47.663 [Darkroom Processing Line] DEBUG net.serenitybdd.core.photography.DarkroomProcessingLine - Processing screenshot image in /var/screenshots/screenshot-14461531138230406430
17:55:47.663 [Darkroom Processing Line] DEBUG net.serenitybdd.core.photography.DarkroomProcessingLine - Saving screenshot to target\site\serenity\0e480b496500e45390f82eb54be93dc8c0f9695e3238d532523c6f31790fba43.png
17:55:47.664 [main] INFO  - 
  _____   ___   ___   _____     ___     _     ___   ___   ___   ___  
 |_   _| | __| / __| |_   _|   | _ \   /_\   / __| / __| | __| |   \ 
   | |   | _|  \__ \   | |     |  _/  / _ \  \__ \ \__ \ | _|  | |) |
   |_|   |___| |___/   |_|     |_|   /_/ \_\ |___/ |___/ |___| |___/ 

Order product without login
----------------------------------------------------------------------
17:55:47.666 [AsyncHttpClient-1-14] DEBUG org.asynchttpclient.netty.handler.WebSocketHandler - Channel Closed: [id: 0x2c65a4f1, L:/127.0.0.1:58617 ! R:localhost/127.0.0.1:58610] with attribute NettyResponseFuture{currentRetry=5,
	isDone=1,
	isCancelled=0,
	asyncHandler=org.asynchttpclient.ws.WebSocketUpgradeHandler@593ba6ba,
	nettyRequest=org.asynchttpclient.netty.request.NettyRequest@7162b5a7,
	future=java.util.concurrent.CompletableFuture@624965d8[Completed normally],
	uri=ws://localhost:58610/devtools/browser/58874b3d-6326-4a64-a2ae-50c7a73d01a1,
	keepAlive=true,
	redirectCount=0,
	timeoutsHolder=null,
	inAuth=0,
	touch=1652784942402}
17:55:47.666 [AsyncHttpClient-1-14] DEBUG org.asynchttpclient.netty.channel.ChannelManager - Closing Channel [id: 0x2c65a4f1, L:/127.0.0.1:58617 ! R:localhost/127.0.0.1:58610] 
17:55:47.666 [Driver Command Executor] DEBUG org.asynchttpclient.netty.request.NettyRequestSender - Using pooled Channel '[id: 0x0dec8dfc, L:/127.0.0.1:58609 - R:localhost/127.0.0.1:52409]' for 'DELETE' to 'http://localhost:52409/session/1c59b53d886c221416f49245be432d0f'
17:55:47.666 [Driver Command Executor] DEBUG org.asynchttpclient.netty.request.NettyRequestSender - Using open Channel [id: 0x0dec8dfc, L:/127.0.0.1:58609 - R:localhost/127.0.0.1:52409] for DELETE '/session/1c59b53d886c221416f49245be432d0f'
17:55:47.693 [AsyncHttpClient-1-13] DEBUG org.asynchttpclient.netty.handler.HttpHandler - Unexpected I/O exception on channel [id: 0xe5510fc0, L:/127.0.0.1:58616 - R:localhost/127.0.0.1:58610]
java.net.SocketException: Connection reset
	at java.base/sun.nio.ch.SocketChannelImpl.throwConnectionReset(SocketChannelImpl.java:367)
	at java.base/sun.nio.ch.SocketChannelImpl.read(SocketChannelImpl.java:398)
	at io.netty.buffer.PooledByteBuf.setBytes(PooledByteBuf.java:258)
	at io.netty.buffer.AbstractByteBuf.writeBytes(AbstractByteBuf.java:1132)
	at io.netty.channel.socket.nio.NioSocketChannel.doReadBytes(NioSocketChannel.java:350)
	at io.netty.channel.nio.AbstractNioByteChannel$NioByteUnsafe.read(AbstractNioByteChannel.java:151)
	at io.netty.channel.nio.NioEventLoop.processSelectedKey(NioEventLoop.java:722)
	at io.netty.channel.nio.NioEventLoop.processSelectedKeysOptimized(NioEventLoop.java:658)
	at io.netty.channel.nio.NioEventLoop.processSelectedKeys(NioEventLoop.java:584)
	at io.netty.channel.nio.NioEventLoop.run(NioEventLoop.java:496)
	at io.netty.util.concurrent.SingleThreadEventExecutor$4.run(SingleThreadEventExecutor.java:986)
	at io.netty.util.internal.ThreadExecutorMap$2.run(ThreadExecutorMap.java:74)
	at io.netty.util.concurrent.FastThreadLocalRunnable.run(FastThreadLocalRunnable.java:30)
	at java.base/java.lang.Thread.run(Thread.java:832)
17:55:47.693 [AsyncHttpClient-1-13] DEBUG org.asynchttpclient.netty.channel.ChannelManager - Closing Channel [id: 0xe5510fc0, L:/127.0.0.1:58616 - R:localhost/127.0.0.1:58610] 
17:55:47.694 [AsyncHttpClient-1-13] DEBUG org.asynchttpclient.netty.handler.HttpHandler - Channel Closed: [id: 0xe5510fc0, L:/127.0.0.1:58616 ! R:localhost/127.0.0.1:58610] with attribute DISCARD
17:55:47.706 [AsyncHttpClient-1-12] DEBUG org.asynchttpclient.netty.handler.HttpHandler - 

Request DefaultFullHttpRequest(decodeResult: success, version: HTTP/1.1, content: EmptyByteBufBE)
DELETE /session/1c59b53d886c221416f49245be432d0f HTTP/1.1
User-Agent: selenium/4.1.2 (java windows)
Content-Type: application/json; charset=utf-8
host: localhost:52409
accept: */*

Response DefaultHttpResponse(decodeResult: success, version: HTTP/1.1)
HTTP/1.1 200 OK
Content-Type: application/json; charset=utf-8
cache-control: no-cache
content-length: 14

17:55:47.706 [AsyncHttpClient-1-12] DEBUG org.asynchttpclient.netty.channel.ChannelManager - Adding key: http://localhost:52409 for channel [id: 0x0dec8dfc, L:/127.0.0.1:58609 - R:localhost/127.0.0.1:52409]
17:55:47.825 [AsyncHttpClient-1-12] DEBUG org.asynchttpclient.netty.handler.HttpHandler - Channel Closed: [id: 0x0dec8dfc, L:/127.0.0.1:58609 ! R:localhost/127.0.0.1:52409] with attribute DISCARD
17:55:48.115 [AsyncHttpClient-1-1] DEBUG org.asynchttpclient.netty.channel.DefaultChannelPool - Entry count for : http://localhost:58610 : 1
17:55:48.115 [AsyncHttpClient-1-1] DEBUG org.asynchttpclient.netty.channel.DefaultChannelPool - Entry count for : http://localhost:52409 : 1
17:55:48.115 [AsyncHttpClient-1-1] DEBUG org.asynchttpclient.netty.channel.DefaultChannelPool - Adding Candidate expired Channel [id: 0xe5510fc0, L:/127.0.0.1:58616 ! R:localhost/127.0.0.1:58610] isIdleTimeoutExpired=false isRemotelyClosed=true isTtlExpired=false
17:55:48.115 [AsyncHttpClient-1-1] DEBUG org.asynchttpclient.netty.channel.DefaultChannelPool - Closing Idle Channel [id: 0xe5510fc0, L:/127.0.0.1:58616 ! R:localhost/127.0.0.1:58610]
17:55:48.115 [AsyncHttpClient-1-1] DEBUG org.asynchttpclient.netty.channel.DefaultChannelPool - Adding Candidate expired Channel [id: 0x0dec8dfc, L:/127.0.0.1:58609 ! R:localhost/127.0.0.1:52409] isIdleTimeoutExpired=false isRemotelyClosed=true isTtlExpired=false
17:55:48.115 [AsyncHttpClient-1-1] DEBUG org.asynchttpclient.netty.channel.DefaultChannelPool - Closing Idle Channel [id: 0x0dec8dfc, L:/127.0.0.1:58609 ! R:localhost/127.0.0.1:52409]
17:55:48.115 [AsyncHttpClient-1-1] DEBUG org.asynchttpclient.netty.channel.DefaultChannelPool - Closed 2 connections out of 2 in 0 ms
]]></system-out>
    <system-err><![CDATA[Starting ChromeDriver 101.0.4951.41 (93c720db8323b3ec10d056025ab95c23a31997c9-refs/branch-heads/4951@{#904}) on port 52409
Only local connections are allowed.
Please see https://chromedriver.chromium.org/security-considerations for suggestions on keeping ChromeDriver safe.
ChromeDriver was started successfully.
May 17, 2022 5:55:42 PM org.openqa.selenium.remote.ProtocolHandshake createSession
INFO: Detected dialect: W3C
May 17, 2022 5:55:42 PM org.openqa.selenium.devtools.CdpVersionFinder findNearestMatch
WARNING: Unable to find an exact match for CDP version 101, so returning the closest version found: 97
May 17, 2022 5:55:42 PM org.openqa.selenium.devtools.CdpVersionFinder findNearestMatch
INFO: Found CDP implementation for version 101 of 97
]]></system-err>
  </testcase>
  <testcase name="Order product with login" classname="Order" time="9.589">
    <system-out><![CDATA[
Scenario Outline: Order product with login &amp#27;[90m# src/test/resources/features/Order.feature:23&amp#27;[0m
17:55:48.375 [main] INFO io.cucumber.core.plugin.SerenityReporter - Running feature from file:///E:/Learn/ProjectTestWeb/src/test/resources/features/Order.feature
17:55:48.379 [main] INFO  - 
  _____   ___   ___   _____     ___   _____     _     ___   _____   ___   ___  
 |_   _| | __| / __| |_   _|   / __| |_   _|   /_\   | _ \ |_   _| | __| |   \ 
   | |   | _|  \__ \   | |     \__ \   | |    / _ \  |   /   | |   | _|  | |) |
   |_|   |___| |___/   |_|     |___/   |_|   /_/ \_\ |_|_\   |_|   |___| |___/ 

Order product with login(order;order-product-with-login)
--------------------------------------------------------------------------------
17:55:48.402 [main] INFO net.serenitybdd.core.webdriver.driverproviders.ChromeDriverProvider - Using automatically driver download
17:55:48.588 [main] DEBUG io.github.bonigarcia.wdm.cache.ResolutionCache - Resolution chrome=101 in cache (valid until 18:23:13 17/05/2022 ICT)
17:55:48.594 [main] DEBUG io.github.bonigarcia.wdm.cache.ResolutionCache - Resolution chrome101=101.0.4951.41 in cache (valid until 17:23:13 18/05/2022 ICT)
17:55:48.596 [main] INFO io.github.bonigarcia.wdm.WebDriverManager - Using chromedriver 101.0.4951.41 (resolved driver for Chrome 101)
17:55:48.610 [main] DEBUG io.github.bonigarcia.wdm.WebDriverManager - Driver chromedriver 101.0.4951.41 found in cache
17:55:48.611 [main] INFO io.github.bonigarcia.wdm.WebDriverManager - Exporting webdriver.chrome.driver as C:\Users\HP\.cache\selenium\chromedriver\win32\101.0.4951.41\chromedriver.exe
17:55:48.836 [main] DEBUG net.serenitybdd.core.webdriver.driverproviders.ProvideNewDriver - Instantiating driver
17:55:48.836 [main] DEBUG net.serenitybdd.core.webdriver.driverproviders.ProvideNewDriver - Driver capabilities: Capabilities {acceptInsecureCerts: false, base.url: , browserName: chrome, goog:chromeOptions: {args: [], extensions: []}}
17:55:49.376 [AsyncHttpClient-1-15] DEBUG org.asynchttpclient.netty.channel.NettyConnectListener - Using new Channel '[id: 0x4f0aa025, L:/127.0.0.1:58637 - R:localhost/127.0.0.1:58716]' for 'POST' to '/session'
17:55:50.167 [AsyncHttpClient-1-15] DEBUG org.asynchttpclient.netty.handler.HttpHandler - 

Request DefaultHttpRequest(decodeResult: success, version: HTTP/1.1)
POST /session HTTP/1.1
User-Agent: selenium/4.1.2 (java windows)
Content-Length: 457
Content-Type: application/json; charset=utf-8
host: localhost:58716
accept: */*

Response DefaultHttpResponse(decodeResult: success, version: HTTP/1.1)
HTTP/1.1 200 OK
Content-Type: application/json; charset=utf-8
cache-control: no-cache
content-length: 787

17:55:50.167 [AsyncHttpClient-1-15] DEBUG org.asynchttpclient.netty.channel.ChannelManager - Adding key: http://localhost:58716 for channel [id: 0x4f0aa025, L:/127.0.0.1:58637 - R:localhost/127.0.0.1:58716]
17:55:50.179 [AsyncHttpClient-1-16] DEBUG org.asynchttpclient.netty.channel.NettyConnectListener - Using new Channel '[id: 0x6b358bd3, L:/127.0.0.1:58644 - R:localhost/127.0.0.1:58638]' for 'GET' to '/json/version'
17:55:50.180 [AsyncHttpClient-1-16] DEBUG org.asynchttpclient.netty.handler.HttpHandler - 

Request DefaultFullHttpRequest(decodeResult: success, version: HTTP/1.1, content: EmptyByteBufBE)
GET /json/version HTTP/1.1
User-Agent: selenium/4.1.2 (java windows)
host: localhost:58638
accept: */*

Response DefaultHttpResponse(decodeResult: success, version: HTTP/1.1)
HTTP/1.1 200 OK
Content-Type: application/json; charset=UTF-8
content-length: 427

17:55:50.180 [AsyncHttpClient-1-16] DEBUG org.asynchttpclient.netty.channel.ChannelManager - Adding key: http://localhost:58638 for channel [id: 0x6b358bd3, L:/127.0.0.1:58644 - R:localhost/127.0.0.1:58638]
17:55:50.182 [AsyncHttpClient-1-17] DEBUG org.asynchttpclient.netty.channel.NettyConnectListener - Using new Channel '[id: 0xbdecb06c, L:/127.0.0.1:58645 - R:localhost/127.0.0.1:58638]' for 'GET' to '/devtools/browser/d6115140-2ae7-4b0c-8831-7aa829144419'
17:55:50.183 [AsyncHttpClient-1-17] DEBUG org.asynchttpclient.netty.handler.WebSocketHandler - 

Request DefaultFullHttpRequest(decodeResult: success, version: HTTP/1.1, content: EmptyByteBufBE)
GET /devtools/browser/d6115140-2ae7-4b0c-8831-7aa829144419 HTTP/1.1
upgrade: websocket
connection: upgrade
sec-websocket-key: KR+/e8KzapsxM5+sZUNGKw==
sec-websocket-version: 13
origin: http://localhost:58638
host: localhost:58638
accept: */*
user-agent: AHC/2.1

Response DefaultHttpResponse(decodeResult: success, version: HTTP/1.1)
HTTP/1.1 101 WebSocket Protocol Handshake
Upgrade: WebSocket
Connection: Upgrade
Sec-WebSocket-Accept: J8ECcx0cUsz9fW8BEaOdgURq7co=

17:55:50.193 [Forwarding get on session c638ac278bcdcd198e663018d1096f5c to remote] DEBUG org.asynchttpclient.netty.request.NettyRequestSender - Using pooled Channel '[id: 0x4f0aa025, L:/127.0.0.1:58637 - R:localhost/127.0.0.1:58716]' for 'POST' to 'http://localhost:58716/session/c638ac278bcdcd198e663018d1096f5c/url'
17:55:50.193 [Forwarding get on session c638ac278bcdcd198e663018d1096f5c to remote] DEBUG org.asynchttpclient.netty.request.NettyRequestSender - Using open Channel [id: 0x4f0aa025, L:/127.0.0.1:58637 - R:localhost/127.0.0.1:58716] for POST '/session/c638ac278bcdcd198e663018d1096f5c/url'
17:55:50.315 [AsyncHttpClient-1-1] DEBUG org.asynchttpclient.netty.channel.DefaultChannelPool - Entry count for : http://localhost:58638 : 1
17:55:51.352 [AsyncHttpClient-1-15] DEBUG org.asynchttpclient.netty.handler.HttpHandler - 

Request DefaultHttpRequest(decodeResult: success, version: HTTP/1.1)
POST /session/c638ac278bcdcd198e663018d1096f5c/url HTTP/1.1
User-Agent: selenium/4.1.2 (java windows)
Content-Length: 64
Content-Type: application/json; charset=utf-8
host: localhost:58716
accept: */*

Response DefaultHttpResponse(decodeResult: success, version: HTTP/1.1)
HTTP/1.1 200 OK
Content-Type: application/json; charset=utf-8
cache-control: no-cache
content-length: 14

17:55:51.352 [AsyncHttpClient-1-15] DEBUG org.asynchttpclient.netty.channel.ChannelManager - Adding key: http://localhost:58716 for channel [id: 0x4f0aa025, L:/127.0.0.1:58637 - R:localhost/127.0.0.1:58716]
17:55:51.354 [Forwarding setTimeout on session c638ac278bcdcd198e663018d1096f5c to remote] DEBUG org.asynchttpclient.netty.request.NettyRequestSender - Using pooled Channel '[id: 0x4f0aa025, L:/127.0.0.1:58637 - R:localhost/127.0.0.1:58716]' for 'POST' to 'http://localhost:58716/session/c638ac278bcdcd198e663018d1096f5c/timeouts'
17:55:51.354 [Forwarding setTimeout on session c638ac278bcdcd198e663018d1096f5c to remote] DEBUG org.asynchttpclient.netty.request.NettyRequestSender - Using open Channel [id: 0x4f0aa025, L:/127.0.0.1:58637 - R:localhost/127.0.0.1:58716] for POST '/session/c638ac278bcdcd198e663018d1096f5c/timeouts'
17:55:51.354 [AsyncHttpClient-1-15] DEBUG org.asynchttpclient.netty.handler.HttpHandler - 

Request DefaultHttpRequest(decodeResult: success, version: HTTP/1.1)
POST /session/c638ac278bcdcd198e663018d1096f5c/timeouts HTTP/1.1
User-Agent: selenium/4.1.2 (java windows)
Content-Length: 22
Content-Type: application/json; charset=utf-8
host: localhost:58716
accept: */*

Response DefaultHttpResponse(decodeResult: success, version: HTTP/1.1)
HTTP/1.1 200 OK
Content-Type: application/json; charset=utf-8
cache-control: no-cache
content-length: 14

17:55:51.355 [AsyncHttpClient-1-15] DEBUG org.asynchttpclient.netty.channel.ChannelManager - Adding key: http://localhost:58716 for channel [id: 0x4f0aa025, L:/127.0.0.1:58637 - R:localhost/127.0.0.1:58716]
17:55:51.357 [Forwarding getCurrentUrl on session c638ac278bcdcd198e663018d1096f5c to remote] DEBUG org.asynchttpclient.netty.request.NettyRequestSender - Using pooled Channel '[id: 0x4f0aa025, L:/127.0.0.1:58637 - R:localhost/127.0.0.1:58716]' for 'GET' to 'http://localhost:58716/session/c638ac278bcdcd198e663018d1096f5c/url'
17:55:51.357 [Forwarding getCurrentUrl on session c638ac278bcdcd198e663018d1096f5c to remote] DEBUG org.asynchttpclient.netty.request.NettyRequestSender - Using open Channel [id: 0x4f0aa025, L:/127.0.0.1:58637 - R:localhost/127.0.0.1:58716] for GET '/session/c638ac278bcdcd198e663018d1096f5c/url'
17:55:51.362 [AsyncHttpClient-1-15] DEBUG org.asynchttpclient.netty.handler.HttpHandler - 

Request DefaultFullHttpRequest(decodeResult: success, version: HTTP/1.1, content: EmptyByteBufBE)
GET /session/c638ac278bcdcd198e663018d1096f5c/url HTTP/1.1
User-Agent: selenium/4.1.2 (java windows)
Cache-Control: no-cache
Content-Type: application/json; charset=utf-8
host: localhost:58716
accept: */*

Response DefaultHttpResponse(decodeResult: success, version: HTTP/1.1)
HTTP/1.1 200 OK
Content-Type: application/json; charset=utf-8
cache-control: no-cache
content-length: 41

17:55:51.362 [AsyncHttpClient-1-15] DEBUG org.asynchttpclient.netty.channel.ChannelManager - Adding key: http://localhost:58716 for channel [id: 0x4f0aa025, L:/127.0.0.1:58637 - R:localhost/127.0.0.1:58716]
17:55:51.372 [Forwarding screenshot on session c638ac278bcdcd198e663018d1096f5c to remote] DEBUG org.asynchttpclient.netty.request.NettyRequestSender - Using pooled Channel '[id: 0x4f0aa025, L:/127.0.0.1:58637 - R:localhost/127.0.0.1:58716]' for 'GET' to 'http://localhost:58716/session/c638ac278bcdcd198e663018d1096f5c/screenshot'
17:55:51.372 [Forwarding screenshot on session c638ac278bcdcd198e663018d1096f5c to remote] DEBUG org.asynchttpclient.netty.request.NettyRequestSender - Using open Channel [id: 0x4f0aa025, L:/127.0.0.1:58637 - R:localhost/127.0.0.1:58716] for GET '/session/c638ac278bcdcd198e663018d1096f5c/screenshot'
17:55:51.414 [AsyncHttpClient-1-1] DEBUG org.asynchttpclient.netty.channel.DefaultChannelPool - Entry count for : http://localhost:58638 : 1
17:55:51.826 [AsyncHttpClient-1-15] DEBUG org.asynchttpclient.netty.handler.HttpHandler - 

Request DefaultFullHttpRequest(decodeResult: success, version: HTTP/1.1, content: EmptyByteBufBE)
GET /session/c638ac278bcdcd198e663018d1096f5c/screenshot HTTP/1.1
User-Agent: selenium/4.1.2 (java windows)
Cache-Control: no-cache
Content-Type: application/json; charset=utf-8
host: localhost:58716
accept: */*

Response DefaultHttpResponse(decodeResult: success, version: HTTP/1.1)
HTTP/1.1 200 OK
Content-Type: application/json; charset=utf-8
cache-control: no-cache
content-length: 32228

17:55:51.826 [AsyncHttpClient-1-15] DEBUG org.asynchttpclient.netty.channel.ChannelManager - Adding key: http://localhost:58716 for channel [id: 0x4f0aa025, L:/127.0.0.1:58637 - R:localhost/127.0.0.1:58716]
17:55:51.828 [main] DEBUG net.serenitybdd.core.photography.Darkroom - Send negative for processing for target\site\serenity\4510322e36bb11a6014d8509eafdfeb27c6a3a7394c1f9ef4b696c572e41b18d.png
17:55:51.828 [main] DEBUG net.thucydides.core.steps.StepInterceptor - STARTING STEP: LoginSteps.iAmOnTheLoginPage - validateOnLoginPage
17:55:51.830 [Forwarding findElement on session c638ac278bcdcd198e663018d1096f5c to remote] DEBUG org.asynchttpclient.netty.request.NettyRequestSender - Using pooled Channel '[id: 0x4f0aa025, L:/127.0.0.1:58637 - R:localhost/127.0.0.1:58716]' for 'POST' to 'http://localhost:58716/session/c638ac278bcdcd198e663018d1096f5c/element'
17:55:51.830 [Forwarding findElement on session c638ac278bcdcd198e663018d1096f5c to remote] DEBUG org.asynchttpclient.netty.request.NettyRequestSender - Using open Channel [id: 0x4f0aa025, L:/127.0.0.1:58637 - R:localhost/127.0.0.1:58716] for POST '/session/c638ac278bcdcd198e663018d1096f5c/element'
17:55:51.844 [AsyncHttpClient-1-15] DEBUG org.asynchttpclient.netty.handler.HttpHandler - 

Request DefaultHttpRequest(decodeResult: success, version: HTTP/1.1)
POST /session/c638ac278bcdcd198e663018d1096f5c/element HTTP/1.1
User-Agent: selenium/4.1.2 (java windows)
Content-Length: 92
Content-Type: application/json; charset=utf-8
host: localhost:58716
accept: */*

Response DefaultHttpResponse(decodeResult: success, version: HTTP/1.1)
HTTP/1.1 200 OK
Content-Type: application/json; charset=utf-8
cache-control: no-cache
content-length: 88

17:55:51.844 [AsyncHttpClient-1-15] DEBUG org.asynchttpclient.netty.channel.ChannelManager - Adding key: http://localhost:58716 for channel [id: 0x4f0aa025, L:/127.0.0.1:58637 - R:localhost/127.0.0.1:58716]
17:55:51.848 [Forwarding isElementDisplayed on session c638ac278bcdcd198e663018d1096f5c to remote] DEBUG org.asynchttpclient.netty.request.NettyRequestSender - Using pooled Channel '[id: 0x4f0aa025, L:/127.0.0.1:58637 - R:localhost/127.0.0.1:58716]' for 'POST' to 'http://localhost:58716/session/c638ac278bcdcd198e663018d1096f5c/execute/sync'
17:55:51.848 [Forwarding isElementDisplayed on session c638ac278bcdcd198e663018d1096f5c to remote] DEBUG org.asynchttpclient.netty.request.NettyRequestSender - Using open Channel [id: 0x4f0aa025, L:/127.0.0.1:58637 - R:localhost/127.0.0.1:58716] for POST '/session/c638ac278bcdcd198e663018d1096f5c/execute/sync'
17:55:51.864 [AsyncHttpClient-1-15] DEBUG org.asynchttpclient.netty.handler.HttpHandler - 

Request DefaultHttpRequest(decodeResult: success, version: HTTP/1.1)
POST /session/c638ac278bcdcd198e663018d1096f5c/execute/sync HTTP/1.1
User-Agent: selenium/4.1.2 (java windows)
Content-Length: 48780
Content-Type: application/json; charset=utf-8
host: localhost:58716
accept: */*

Response DefaultHttpResponse(decodeResult: success, version: HTTP/1.1)
HTTP/1.1 200 OK
Content-Type: application/json; charset=utf-8
cache-control: no-cache
content-length: 14

17:55:51.864 [AsyncHttpClient-1-15] DEBUG org.asynchttpclient.netty.channel.ChannelManager - Adding key: http://localhost:58716 for channel [id: 0x4f0aa025, L:/127.0.0.1:58637 - R:localhost/127.0.0.1:58716]
17:55:51.867 [main] DEBUG net.thucydides.core.steps.StepInterceptor - STEP DONE: validateOnLoginPage
  &amp#27;[32mGiven &amp#27;[0m&amp#27;[32mI am on the login page&amp#27;[0m             &amp#27;[90m# starter.stepdefinitions.LoginSteps.iAmOnTheLoginPage()&amp#27;[0m
17:55:51.882 [Forwarding screenshot on session c638ac278bcdcd198e663018d1096f5c to remote] DEBUG org.asynchttpclient.netty.request.NettyRequestSender - Using pooled Channel '[id: 0x4f0aa025, L:/127.0.0.1:58637 - R:localhost/127.0.0.1:58716]' for 'GET' to 'http://localhost:58716/session/c638ac278bcdcd198e663018d1096f5c/screenshot'
17:55:51.882 [Forwarding screenshot on session c638ac278bcdcd198e663018d1096f5c to remote] DEBUG org.asynchttpclient.netty.request.NettyRequestSender - Using open Channel [id: 0x4f0aa025, L:/127.0.0.1:58637 - R:localhost/127.0.0.1:58716] for GET '/session/c638ac278bcdcd198e663018d1096f5c/screenshot'
17:55:52.014 [AsyncHttpClient-1-15] DEBUG org.asynchttpclient.netty.handler.HttpHandler - 

Request DefaultFullHttpRequest(decodeResult: success, version: HTTP/1.1, content: EmptyByteBufBE)
GET /session/c638ac278bcdcd198e663018d1096f5c/screenshot HTTP/1.1
User-Agent: selenium/4.1.2 (java windows)
Cache-Control: no-cache
Content-Type: application/json; charset=utf-8
host: localhost:58716
accept: */*

Response DefaultHttpResponse(decodeResult: success, version: HTTP/1.1)
HTTP/1.1 200 OK
Content-Type: application/json; charset=utf-8
cache-control: no-cache
content-length: 32228

17:55:52.014 [AsyncHttpClient-1-15] DEBUG org.asynchttpclient.netty.channel.ChannelManager - Adding key: http://localhost:58716 for channel [id: 0x4f0aa025, L:/127.0.0.1:58637 - R:localhost/127.0.0.1:58716]
17:55:52.015 [main] DEBUG net.serenitybdd.core.photography.Darkroom - Send negative for processing for target\site\serenity\4510322e36bb11a6014d8509eafdfeb27c6a3a7394c1f9ef4b696c572e41b18d.png
17:55:52.016 [main] DEBUG net.thucydides.core.steps.StepInterceptor - STARTING STEP: LoginSteps.iInputEmail - inputEmail
17:55:52.018 [Forwarding findElement on session c638ac278bcdcd198e663018d1096f5c to remote] DEBUG org.asynchttpclient.netty.request.NettyRequestSender - Using pooled Channel '[id: 0x4f0aa025, L:/127.0.0.1:58637 - R:localhost/127.0.0.1:58716]' for 'POST' to 'http://localhost:58716/session/c638ac278bcdcd198e663018d1096f5c/element'
17:55:52.018 [Forwarding findElement on session c638ac278bcdcd198e663018d1096f5c to remote] DEBUG org.asynchttpclient.netty.request.NettyRequestSender - Using open Channel [id: 0x4f0aa025, L:/127.0.0.1:58637 - R:localhost/127.0.0.1:58716] for POST '/session/c638ac278bcdcd198e663018d1096f5c/element'
17:55:52.029 [AsyncHttpClient-1-15] DEBUG org.asynchttpclient.netty.handler.HttpHandler - 

Request DefaultHttpRequest(decodeResult: success, version: HTTP/1.1)
POST /session/c638ac278bcdcd198e663018d1096f5c/element HTTP/1.1
User-Agent: selenium/4.1.2 (java windows)
Content-Length: 84
Content-Type: application/json; charset=utf-8
host: localhost:58716
accept: */*

Response DefaultHttpResponse(decodeResult: success, version: HTTP/1.1)
HTTP/1.1 200 OK
Content-Type: application/json; charset=utf-8
cache-control: no-cache
content-length: 88

17:55:52.029 [AsyncHttpClient-1-15] DEBUG org.asynchttpclient.netty.channel.ChannelManager - Adding key: http://localhost:58716 for channel [id: 0x4f0aa025, L:/127.0.0.1:58637 - R:localhost/127.0.0.1:58716]
17:55:52.031 [Forwarding clearElement on session c638ac278bcdcd198e663018d1096f5c to remote] DEBUG org.asynchttpclient.netty.request.NettyRequestSender - Using pooled Channel '[id: 0x4f0aa025, L:/127.0.0.1:58637 - R:localhost/127.0.0.1:58716]' for 'POST' to 'http://localhost:58716/session/c638ac278bcdcd198e663018d1096f5c/element/3ad998c6-211d-4cf0-8080-40d2c4b0505d/clear'
17:55:52.031 [Forwarding clearElement on session c638ac278bcdcd198e663018d1096f5c to remote] DEBUG org.asynchttpclient.netty.request.NettyRequestSender - Using open Channel [id: 0x4f0aa025, L:/127.0.0.1:58637 - R:localhost/127.0.0.1:58716] for POST '/session/c638ac278bcdcd198e663018d1096f5c/element/3ad998c6-211d-4cf0-8080-40d2c4b0505d/clear'
17:55:52.067 [AsyncHttpClient-1-15] DEBUG org.asynchttpclient.netty.handler.HttpHandler - 

Request DefaultHttpRequest(decodeResult: success, version: HTTP/1.1)
POST /session/c638ac278bcdcd198e663018d1096f5c/element/3ad998c6-211d-4cf0-8080-40d2c4b0505d/clear HTTP/1.1
User-Agent: selenium/4.1.2 (java windows)
Content-Length: 50
Content-Type: application/json; charset=utf-8
host: localhost:58716
accept: */*

Response DefaultHttpResponse(decodeResult: success, version: HTTP/1.1)
HTTP/1.1 200 OK
Content-Type: application/json; charset=utf-8
cache-control: no-cache
content-length: 14

17:55:52.067 [AsyncHttpClient-1-15] DEBUG org.asynchttpclient.netty.channel.ChannelManager - Adding key: http://localhost:58716 for channel [id: 0x4f0aa025, L:/127.0.0.1:58637 - R:localhost/127.0.0.1:58716]
17:55:52.068 [Forwarding sendKeysToElement on session c638ac278bcdcd198e663018d1096f5c to remote] DEBUG org.asynchttpclient.netty.request.NettyRequestSender - Using pooled Channel '[id: 0x4f0aa025, L:/127.0.0.1:58637 - R:localhost/127.0.0.1:58716]' for 'POST' to 'http://localhost:58716/session/c638ac278bcdcd198e663018d1096f5c/element/3ad998c6-211d-4cf0-8080-40d2c4b0505d/value'
17:55:52.069 [Forwarding sendKeysToElement on session c638ac278bcdcd198e663018d1096f5c to remote] DEBUG org.asynchttpclient.netty.request.NettyRequestSender - Using open Channel [id: 0x4f0aa025, L:/127.0.0.1:58637 - R:localhost/127.0.0.1:58716] for POST '/session/c638ac278bcdcd198e663018d1096f5c/element/3ad998c6-211d-4cf0-8080-40d2c4b0505d/value'
17:55:52.228 [AsyncHttpClient-1-15] DEBUG org.asynchttpclient.netty.handler.HttpHandler - 

Request DefaultHttpRequest(decodeResult: success, version: HTTP/1.1)
POST /session/c638ac278bcdcd198e663018d1096f5c/element/3ad998c6-211d-4cf0-8080-40d2c4b0505d/value HTTP/1.1
User-Agent: selenium/4.1.2 (java windows)
Content-Length: 271
Content-Type: application/json; charset=utf-8
host: localhost:58716
accept: */*

Response DefaultHttpResponse(decodeResult: success, version: HTTP/1.1)
HTTP/1.1 200 OK
Content-Type: application/json; charset=utf-8
cache-control: no-cache
content-length: 14

17:55:52.229 [AsyncHttpClient-1-15] DEBUG org.asynchttpclient.netty.channel.ChannelManager - Adding key: http://localhost:58716 for channel [id: 0x4f0aa025, L:/127.0.0.1:58637 - R:localhost/127.0.0.1:58716]
17:55:52.235 [Forwarding screenshot on session c638ac278bcdcd198e663018d1096f5c to remote] DEBUG org.asynchttpclient.netty.request.NettyRequestSender - Using pooled Channel '[id: 0x4f0aa025, L:/127.0.0.1:58637 - R:localhost/127.0.0.1:58716]' for 'GET' to 'http://localhost:58716/session/c638ac278bcdcd198e663018d1096f5c/screenshot'
17:55:52.235 [Forwarding screenshot on session c638ac278bcdcd198e663018d1096f5c to remote] DEBUG org.asynchttpclient.netty.request.NettyRequestSender - Using open Channel [id: 0x4f0aa025, L:/127.0.0.1:58637 - R:localhost/127.0.0.1:58716] for GET '/session/c638ac278bcdcd198e663018d1096f5c/screenshot'
17:55:52.403 [AsyncHttpClient-1-15] DEBUG org.asynchttpclient.netty.handler.HttpHandler - 

Request DefaultFullHttpRequest(decodeResult: success, version: HTTP/1.1, content: EmptyByteBufBE)
GET /session/c638ac278bcdcd198e663018d1096f5c/screenshot HTTP/1.1
User-Agent: selenium/4.1.2 (java windows)
Cache-Control: no-cache
Content-Type: application/json; charset=utf-8
host: localhost:58716
accept: */*

Response DefaultHttpResponse(decodeResult: success, version: HTTP/1.1)
HTTP/1.1 200 OK
Content-Type: application/json; charset=utf-8
cache-control: no-cache
content-length: 38052

17:55:52.403 [AsyncHttpClient-1-15] DEBUG org.asynchttpclient.netty.channel.ChannelManager - Adding key: http://localhost:58716 for channel [id: 0x4f0aa025, L:/127.0.0.1:58637 - R:localhost/127.0.0.1:58716]
17:55:52.405 [main] DEBUG net.serenitybdd.core.photography.Darkroom - Send negative for processing for target\site\serenity\bf19833535ec876652d3957de48dfa890320e3e51c1b22355c51e35dee27f9eb.png
17:55:52.406 [main] DEBUG net.thucydides.core.steps.StepInterceptor - STEP DONE: inputEmail
  &amp#27;[32mAnd &amp#27;[0m&amp#27;[32mI input &amp#27;[0m&amp#27;[32m&amp#27;[1m"jasrivika@gmail.com"&amp#27;[0m&amp#27;[32m email&amp#27;[0m  &amp#27;[90m# starter.stepdefinitions.LoginSteps.iInputEmail(java.lang.String)&amp#27;[0m
17:55:52.406 [Darkroom Processing Line] DEBUG net.serenitybdd.core.photography.DarkroomProcessingLine - Processing screenshot image in /var/screenshots/screenshot-4210957422948090958
17:55:52.406 [Darkroom Processing Line] DEBUG net.serenitybdd.core.photography.DarkroomProcessingLine - Saving screenshot to target\site\serenity\bf19833535ec876652d3957de48dfa890320e3e51c1b22355c51e35dee27f9eb.png
17:55:52.424 [main] DEBUG net.thucydides.core.steps.StepInterceptor - STARTING STEP: LoginSteps.iInputPassword - inputPassword
17:55:52.427 [Forwarding findElement on session c638ac278bcdcd198e663018d1096f5c to remote] DEBUG org.asynchttpclient.netty.request.NettyRequestSender - Using pooled Channel '[id: 0x4f0aa025, L:/127.0.0.1:58637 - R:localhost/127.0.0.1:58716]' for 'POST' to 'http://localhost:58716/session/c638ac278bcdcd198e663018d1096f5c/element'
17:55:52.427 [Forwarding findElement on session c638ac278bcdcd198e663018d1096f5c to remote] DEBUG org.asynchttpclient.netty.request.NettyRequestSender - Using open Channel [id: 0x4f0aa025, L:/127.0.0.1:58637 - R:localhost/127.0.0.1:58716] for POST '/session/c638ac278bcdcd198e663018d1096f5c/element'
17:55:52.441 [AsyncHttpClient-1-15] DEBUG org.asynchttpclient.netty.handler.HttpHandler - 

Request DefaultHttpRequest(decodeResult: success, version: HTTP/1.1)
POST /session/c638ac278bcdcd198e663018d1096f5c/element HTTP/1.1
User-Agent: selenium/4.1.2 (java windows)
Content-Length: 87
Content-Type: application/json; charset=utf-8
host: localhost:58716
accept: */*

Response DefaultHttpResponse(decodeResult: success, version: HTTP/1.1)
HTTP/1.1 200 OK
Content-Type: application/json; charset=utf-8
cache-control: no-cache
content-length: 88

17:55:52.442 [AsyncHttpClient-1-15] DEBUG org.asynchttpclient.netty.channel.ChannelManager - Adding key: http://localhost:58716 for channel [id: 0x4f0aa025, L:/127.0.0.1:58637 - R:localhost/127.0.0.1:58716]
17:55:52.443 [Forwarding clearElement on session c638ac278bcdcd198e663018d1096f5c to remote] DEBUG org.asynchttpclient.netty.request.NettyRequestSender - Using pooled Channel '[id: 0x4f0aa025, L:/127.0.0.1:58637 - R:localhost/127.0.0.1:58716]' for 'POST' to 'http://localhost:58716/session/c638ac278bcdcd198e663018d1096f5c/element/f3a78062-0e5e-4032-bb12-ee3fcc18bb0e/clear'
17:55:52.443 [Forwarding clearElement on session c638ac278bcdcd198e663018d1096f5c to remote] DEBUG org.asynchttpclient.netty.request.NettyRequestSender - Using open Channel [id: 0x4f0aa025, L:/127.0.0.1:58637 - R:localhost/127.0.0.1:58716] for POST '/session/c638ac278bcdcd198e663018d1096f5c/element/f3a78062-0e5e-4032-bb12-ee3fcc18bb0e/clear'
17:55:52.484 [AsyncHttpClient-1-15] DEBUG org.asynchttpclient.netty.handler.HttpHandler - 

Request DefaultHttpRequest(decodeResult: success, version: HTTP/1.1)
POST /session/c638ac278bcdcd198e663018d1096f5c/element/f3a78062-0e5e-4032-bb12-ee3fcc18bb0e/clear HTTP/1.1
User-Agent: selenium/4.1.2 (java windows)
Content-Length: 50
Content-Type: application/json; charset=utf-8
host: localhost:58716
accept: */*

Response DefaultHttpResponse(decodeResult: success, version: HTTP/1.1)
HTTP/1.1 200 OK
Content-Type: application/json; charset=utf-8
cache-control: no-cache
content-length: 14

17:55:52.484 [AsyncHttpClient-1-15] DEBUG org.asynchttpclient.netty.channel.ChannelManager - Adding key: http://localhost:58716 for channel [id: 0x4f0aa025, L:/127.0.0.1:58637 - R:localhost/127.0.0.1:58716]
17:55:52.486 [Forwarding sendKeysToElement on session c638ac278bcdcd198e663018d1096f5c to remote] DEBUG org.asynchttpclient.netty.request.NettyRequestSender - Using pooled Channel '[id: 0x4f0aa025, L:/127.0.0.1:58637 - R:localhost/127.0.0.1:58716]' for 'POST' to 'http://localhost:58716/session/c638ac278bcdcd198e663018d1096f5c/element/f3a78062-0e5e-4032-bb12-ee3fcc18bb0e/value'
17:55:52.486 [Forwarding sendKeysToElement on session c638ac278bcdcd198e663018d1096f5c to remote] DEBUG org.asynchttpclient.netty.request.NettyRequestSender - Using open Channel [id: 0x4f0aa025, L:/127.0.0.1:58637 - R:localhost/127.0.0.1:58716] for POST '/session/c638ac278bcdcd198e663018d1096f5c/element/f3a78062-0e5e-4032-bb12-ee3fcc18bb0e/value'
17:55:52.514 [AsyncHttpClient-1-1] DEBUG org.asynchttpclient.netty.channel.DefaultChannelPool - Entry count for : http://localhost:58638 : 1
17:55:52.582 [AsyncHttpClient-1-15] DEBUG org.asynchttpclient.netty.handler.HttpHandler - 

Request DefaultHttpRequest(decodeResult: success, version: HTTP/1.1)
POST /session/c638ac278bcdcd198e663018d1096f5c/element/f3a78062-0e5e-4032-bb12-ee3fcc18bb0e/value HTTP/1.1
User-Agent: selenium/4.1.2 (java windows)
Content-Length: 181
Content-Type: application/json; charset=utf-8
host: localhost:58716
accept: */*

Response DefaultHttpResponse(decodeResult: success, version: HTTP/1.1)
HTTP/1.1 200 OK
Content-Type: application/json; charset=utf-8
cache-control: no-cache
content-length: 14

17:55:52.583 [AsyncHttpClient-1-15] DEBUG org.asynchttpclient.netty.channel.ChannelManager - Adding key: http://localhost:58716 for channel [id: 0x4f0aa025, L:/127.0.0.1:58637 - R:localhost/127.0.0.1:58716]
17:55:52.590 [Forwarding screenshot on session c638ac278bcdcd198e663018d1096f5c to remote] DEBUG org.asynchttpclient.netty.request.NettyRequestSender - Using pooled Channel '[id: 0x4f0aa025, L:/127.0.0.1:58637 - R:localhost/127.0.0.1:58716]' for 'GET' to 'http://localhost:58716/session/c638ac278bcdcd198e663018d1096f5c/screenshot'
17:55:52.590 [Forwarding screenshot on session c638ac278bcdcd198e663018d1096f5c to remote] DEBUG org.asynchttpclient.netty.request.NettyRequestSender - Using open Channel [id: 0x4f0aa025, L:/127.0.0.1:58637 - R:localhost/127.0.0.1:58716] for GET '/session/c638ac278bcdcd198e663018d1096f5c/screenshot'
17:55:52.783 [AsyncHttpClient-1-15] DEBUG org.asynchttpclient.netty.handler.HttpHandler - 

Request DefaultFullHttpRequest(decodeResult: success, version: HTTP/1.1, content: EmptyByteBufBE)
GET /session/c638ac278bcdcd198e663018d1096f5c/screenshot HTTP/1.1
User-Agent: selenium/4.1.2 (java windows)
Cache-Control: no-cache
Content-Type: application/json; charset=utf-8
host: localhost:58716
accept: */*

Response DefaultHttpResponse(decodeResult: success, version: HTTP/1.1)
HTTP/1.1 200 OK
Content-Type: application/json; charset=utf-8
cache-control: no-cache
content-length: 41688

17:55:52.783 [AsyncHttpClient-1-15] DEBUG org.asynchttpclient.netty.channel.ChannelManager - Adding key: http://localhost:58716 for channel [id: 0x4f0aa025, L:/127.0.0.1:58637 - R:localhost/127.0.0.1:58716]
17:55:52.787 [main] DEBUG net.serenitybdd.core.photography.Darkroom - Send negative for processing for target\site\serenity\d3eafd3a4d32b71e72310c061c0414c070ea849e6e9db4b971fabfd6e7d550e8.png
17:55:52.787 [main] DEBUG net.thucydides.core.steps.StepInterceptor - STEP DONE: inputPassword
  &amp#27;[32mAnd &amp#27;[0m&amp#27;[32mI input &amp#27;[0m&amp#27;[32m&amp#27;[1m"Doremi@123"&amp#27;[0m&amp#27;[32m password&amp#27;[0m        &amp#27;[90m# starter.stepdefinitions.LoginSteps.iInputPassword(java.lang.String)&amp#27;[0m
17:55:52.787 [Darkroom Processing Line] DEBUG net.serenitybdd.core.photography.DarkroomProcessingLine - Processing screenshot image in /var/screenshots/screenshot-18351548420334457676
17:55:52.787 [Darkroom Processing Line] DEBUG net.serenitybdd.core.photography.DarkroomProcessingLine - Saving screenshot to target\site\serenity\d3eafd3a4d32b71e72310c061c0414c070ea849e6e9db4b971fabfd6e7d550e8.png
17:55:52.805 [main] DEBUG net.thucydides.core.steps.StepInterceptor - STARTING STEP: LoginSteps.iClickLoginButton - clickLoginButton
17:55:52.808 [Forwarding findElement on session c638ac278bcdcd198e663018d1096f5c to remote] DEBUG org.asynchttpclient.netty.request.NettyRequestSender - Using pooled Channel '[id: 0x4f0aa025, L:/127.0.0.1:58637 - R:localhost/127.0.0.1:58716]' for 'POST' to 'http://localhost:58716/session/c638ac278bcdcd198e663018d1096f5c/element'
17:55:52.808 [Forwarding findElement on session c638ac278bcdcd198e663018d1096f5c to remote] DEBUG org.asynchttpclient.netty.request.NettyRequestSender - Using open Channel [id: 0x4f0aa025, L:/127.0.0.1:58637 - R:localhost/127.0.0.1:58716] for POST '/session/c638ac278bcdcd198e663018d1096f5c/element'
17:55:52.817 [AsyncHttpClient-1-15] DEBUG org.asynchttpclient.netty.handler.HttpHandler - 

Request DefaultHttpRequest(decodeResult: success, version: HTTP/1.1)
POST /session/c638ac278bcdcd198e663018d1096f5c/element HTTP/1.1
User-Agent: selenium/4.1.2 (java windows)
Content-Length: 92
Content-Type: application/json; charset=utf-8
host: localhost:58716
accept: */*

Response DefaultHttpResponse(decodeResult: success, version: HTTP/1.1)
HTTP/1.1 200 OK
Content-Type: application/json; charset=utf-8
cache-control: no-cache
content-length: 88

17:55:52.817 [AsyncHttpClient-1-15] DEBUG org.asynchttpclient.netty.channel.ChannelManager - Adding key: http://localhost:58716 for channel [id: 0x4f0aa025, L:/127.0.0.1:58637 - R:localhost/127.0.0.1:58716]
17:55:52.819 [Forwarding getElementTagName on session c638ac278bcdcd198e663018d1096f5c to remote] DEBUG org.asynchttpclient.netty.request.NettyRequestSender - Using pooled Channel '[id: 0x4f0aa025, L:/127.0.0.1:58637 - R:localhost/127.0.0.1:58716]' for 'GET' to 'http://localhost:58716/session/c638ac278bcdcd198e663018d1096f5c/element/dbac9795-889b-41bb-ad82-b98263942aa1/name'
17:55:52.819 [Forwarding getElementTagName on session c638ac278bcdcd198e663018d1096f5c to remote] DEBUG org.asynchttpclient.netty.request.NettyRequestSender - Using open Channel [id: 0x4f0aa025, L:/127.0.0.1:58637 - R:localhost/127.0.0.1:58716] for GET '/session/c638ac278bcdcd198e663018d1096f5c/element/dbac9795-889b-41bb-ad82-b98263942aa1/name'
17:55:52.825 [AsyncHttpClient-1-15] DEBUG org.asynchttpclient.netty.handler.HttpHandler - 

Request DefaultFullHttpRequest(decodeResult: success, version: HTTP/1.1, content: EmptyByteBufBE)
GET /session/c638ac278bcdcd198e663018d1096f5c/element/dbac9795-889b-41bb-ad82-b98263942aa1/name HTTP/1.1
User-Agent: selenium/4.1.2 (java windows)
Cache-Control: no-cache
Content-Type: application/json; charset=utf-8
host: localhost:58716
accept: */*

Response DefaultHttpResponse(decodeResult: success, version: HTTP/1.1)
HTTP/1.1 200 OK
Content-Type: application/json; charset=utf-8
cache-control: no-cache
content-length: 18

17:55:52.825 [AsyncHttpClient-1-15] DEBUG org.asynchttpclient.netty.channel.ChannelManager - Adding key: http://localhost:58716 for channel [id: 0x4f0aa025, L:/127.0.0.1:58637 - R:localhost/127.0.0.1:58716]
17:55:52.826 [Forwarding getElementTagName on session c638ac278bcdcd198e663018d1096f5c to remote] DEBUG org.asynchttpclient.netty.request.NettyRequestSender - Using pooled Channel '[id: 0x4f0aa025, L:/127.0.0.1:58637 - R:localhost/127.0.0.1:58716]' for 'GET' to 'http://localhost:58716/session/c638ac278bcdcd198e663018d1096f5c/element/dbac9795-889b-41bb-ad82-b98263942aa1/name'
17:55:52.826 [Forwarding getElementTagName on session c638ac278bcdcd198e663018d1096f5c to remote] DEBUG org.asynchttpclient.netty.request.NettyRequestSender - Using open Channel [id: 0x4f0aa025, L:/127.0.0.1:58637 - R:localhost/127.0.0.1:58716] for GET '/session/c638ac278bcdcd198e663018d1096f5c/element/dbac9795-889b-41bb-ad82-b98263942aa1/name'
17:55:52.830 [AsyncHttpClient-1-15] DEBUG org.asynchttpclient.netty.handler.HttpHandler - 

Request DefaultFullHttpRequest(decodeResult: success, version: HTTP/1.1, content: EmptyByteBufBE)
GET /session/c638ac278bcdcd198e663018d1096f5c/element/dbac9795-889b-41bb-ad82-b98263942aa1/name HTTP/1.1
User-Agent: selenium/4.1.2 (java windows)
Cache-Control: no-cache
Content-Type: application/json; charset=utf-8
host: localhost:58716
accept: */*

Response DefaultHttpResponse(decodeResult: success, version: HTTP/1.1)
HTTP/1.1 200 OK
Content-Type: application/json; charset=utf-8
cache-control: no-cache
content-length: 18

17:55:52.831 [AsyncHttpClient-1-15] DEBUG org.asynchttpclient.netty.channel.ChannelManager - Adding key: http://localhost:58716 for channel [id: 0x4f0aa025, L:/127.0.0.1:58637 - R:localhost/127.0.0.1:58716]
17:55:52.834 [Forwarding isElementEnabled on session c638ac278bcdcd198e663018d1096f5c to remote] DEBUG org.asynchttpclient.netty.request.NettyRequestSender - Using pooled Channel '[id: 0x4f0aa025, L:/127.0.0.1:58637 - R:localhost/127.0.0.1:58716]' for 'GET' to 'http://localhost:58716/session/c638ac278bcdcd198e663018d1096f5c/element/dbac9795-889b-41bb-ad82-b98263942aa1/enabled'
17:55:52.834 [Forwarding isElementEnabled on session c638ac278bcdcd198e663018d1096f5c to remote] DEBUG org.asynchttpclient.netty.request.NettyRequestSender - Using open Channel [id: 0x4f0aa025, L:/127.0.0.1:58637 - R:localhost/127.0.0.1:58716] for GET '/session/c638ac278bcdcd198e663018d1096f5c/element/dbac9795-889b-41bb-ad82-b98263942aa1/enabled'
17:55:52.847 [AsyncHttpClient-1-15] DEBUG org.asynchttpclient.netty.handler.HttpHandler - 

Request DefaultFullHttpRequest(decodeResult: success, version: HTTP/1.1, content: EmptyByteBufBE)
GET /session/c638ac278bcdcd198e663018d1096f5c/element/dbac9795-889b-41bb-ad82-b98263942aa1/enabled HTTP/1.1
User-Agent: selenium/4.1.2 (java windows)
Cache-Control: no-cache
Content-Type: application/json; charset=utf-8
host: localhost:58716
accept: */*

Response DefaultHttpResponse(decodeResult: success, version: HTTP/1.1)
HTTP/1.1 200 OK
Content-Type: application/json; charset=utf-8
cache-control: no-cache
content-length: 14

17:55:52.847 [AsyncHttpClient-1-15] DEBUG org.asynchttpclient.netty.channel.ChannelManager - Adding key: http://localhost:58716 for channel [id: 0x4f0aa025, L:/127.0.0.1:58637 - R:localhost/127.0.0.1:58716]
17:55:52.849 [Forwarding isElementEnabled on session c638ac278bcdcd198e663018d1096f5c to remote] DEBUG org.asynchttpclient.netty.request.NettyRequestSender - Using pooled Channel '[id: 0x4f0aa025, L:/127.0.0.1:58637 - R:localhost/127.0.0.1:58716]' for 'GET' to 'http://localhost:58716/session/c638ac278bcdcd198e663018d1096f5c/element/dbac9795-889b-41bb-ad82-b98263942aa1/enabled'
17:55:52.849 [Forwarding isElementEnabled on session c638ac278bcdcd198e663018d1096f5c to remote] DEBUG org.asynchttpclient.netty.request.NettyRequestSender - Using open Channel [id: 0x4f0aa025, L:/127.0.0.1:58637 - R:localhost/127.0.0.1:58716] for GET '/session/c638ac278bcdcd198e663018d1096f5c/element/dbac9795-889b-41bb-ad82-b98263942aa1/enabled'
17:55:52.857 [AsyncHttpClient-1-15] DEBUG org.asynchttpclient.netty.handler.HttpHandler - 

Request DefaultFullHttpRequest(decodeResult: success, version: HTTP/1.1, content: EmptyByteBufBE)
GET /session/c638ac278bcdcd198e663018d1096f5c/element/dbac9795-889b-41bb-ad82-b98263942aa1/enabled HTTP/1.1
User-Agent: selenium/4.1.2 (java windows)
Cache-Control: no-cache
Content-Type: application/json; charset=utf-8
host: localhost:58716
accept: */*

Response DefaultHttpResponse(decodeResult: success, version: HTTP/1.1)
HTTP/1.1 200 OK
Content-Type: application/json; charset=utf-8
cache-control: no-cache
content-length: 14

17:55:52.857 [AsyncHttpClient-1-15] DEBUG org.asynchttpclient.netty.channel.ChannelManager - Adding key: http://localhost:58716 for channel [id: 0x4f0aa025, L:/127.0.0.1:58637 - R:localhost/127.0.0.1:58716]
17:55:52.859 [Forwarding findElement on session c638ac278bcdcd198e663018d1096f5c to remote] DEBUG org.asynchttpclient.netty.request.NettyRequestSender - Using pooled Channel '[id: 0x4f0aa025, L:/127.0.0.1:58637 - R:localhost/127.0.0.1:58716]' for 'POST' to 'http://localhost:58716/session/c638ac278bcdcd198e663018d1096f5c/element'
17:55:52.859 [Forwarding findElement on session c638ac278bcdcd198e663018d1096f5c to remote] DEBUG org.asynchttpclient.netty.request.NettyRequestSender - Using open Channel [id: 0x4f0aa025, L:/127.0.0.1:58637 - R:localhost/127.0.0.1:58716] for POST '/session/c638ac278bcdcd198e663018d1096f5c/element'
17:55:52.867 [AsyncHttpClient-1-15] DEBUG org.asynchttpclient.netty.handler.HttpHandler - 

Request DefaultHttpRequest(decodeResult: success, version: HTTP/1.1)
POST /session/c638ac278bcdcd198e663018d1096f5c/element HTTP/1.1
User-Agent: selenium/4.1.2 (java windows)
Content-Length: 92
Content-Type: application/json; charset=utf-8
host: localhost:58716
accept: */*

Response DefaultHttpResponse(decodeResult: success, version: HTTP/1.1)
HTTP/1.1 200 OK
Content-Type: application/json; charset=utf-8
cache-control: no-cache
content-length: 88

17:55:52.868 [AsyncHttpClient-1-15] DEBUG org.asynchttpclient.netty.channel.ChannelManager - Adding key: http://localhost:58716 for channel [id: 0x4f0aa025, L:/127.0.0.1:58637 - R:localhost/127.0.0.1:58716]
17:55:52.870 [Forwarding clickElement on session c638ac278bcdcd198e663018d1096f5c to remote] DEBUG org.asynchttpclient.netty.request.NettyRequestSender - Using pooled Channel '[id: 0x4f0aa025, L:/127.0.0.1:58637 - R:localhost/127.0.0.1:58716]' for 'POST' to 'http://localhost:58716/session/c638ac278bcdcd198e663018d1096f5c/element/dbac9795-889b-41bb-ad82-b98263942aa1/click'
17:55:52.870 [Forwarding clickElement on session c638ac278bcdcd198e663018d1096f5c to remote] DEBUG org.asynchttpclient.netty.request.NettyRequestSender - Using open Channel [id: 0x4f0aa025, L:/127.0.0.1:58637 - R:localhost/127.0.0.1:58716] for POST '/session/c638ac278bcdcd198e663018d1096f5c/element/dbac9795-889b-41bb-ad82-b98263942aa1/click'
17:55:52.935 [AsyncHttpClient-1-15] DEBUG org.asynchttpclient.netty.handler.HttpHandler - 

Request DefaultHttpRequest(decodeResult: success, version: HTTP/1.1)
POST /session/c638ac278bcdcd198e663018d1096f5c/element/dbac9795-889b-41bb-ad82-b98263942aa1/click HTTP/1.1
User-Agent: selenium/4.1.2 (java windows)
Content-Length: 50
Content-Type: application/json; charset=utf-8
host: localhost:58716
accept: */*

Response DefaultHttpResponse(decodeResult: success, version: HTTP/1.1)
HTTP/1.1 200 OK
Content-Type: application/json; charset=utf-8
cache-control: no-cache
content-length: 14

17:55:52.935 [AsyncHttpClient-1-15] DEBUG org.asynchttpclient.netty.channel.ChannelManager - Adding key: http://localhost:58716 for channel [id: 0x4f0aa025, L:/127.0.0.1:58637 - R:localhost/127.0.0.1:58716]
17:55:52.943 [Forwarding screenshot on session c638ac278bcdcd198e663018d1096f5c to remote] DEBUG org.asynchttpclient.netty.request.NettyRequestSender - Using pooled Channel '[id: 0x4f0aa025, L:/127.0.0.1:58637 - R:localhost/127.0.0.1:58716]' for 'GET' to 'http://localhost:58716/session/c638ac278bcdcd198e663018d1096f5c/screenshot'
17:55:52.943 [Forwarding screenshot on session c638ac278bcdcd198e663018d1096f5c to remote] DEBUG org.asynchttpclient.netty.request.NettyRequestSender - Using open Channel [id: 0x4f0aa025, L:/127.0.0.1:58637 - R:localhost/127.0.0.1:58716] for GET '/session/c638ac278bcdcd198e663018d1096f5c/screenshot'
17:55:53.159 [AsyncHttpClient-1-15] DEBUG org.asynchttpclient.netty.handler.HttpHandler - 

Request DefaultFullHttpRequest(decodeResult: success, version: HTTP/1.1, content: EmptyByteBufBE)
GET /session/c638ac278bcdcd198e663018d1096f5c/screenshot HTTP/1.1
User-Agent: selenium/4.1.2 (java windows)
Cache-Control: no-cache
Content-Type: application/json; charset=utf-8
host: localhost:58716
accept: */*

Response DefaultHttpResponse(decodeResult: success, version: HTTP/1.1)
HTTP/1.1 200 OK
Content-Type: application/json; charset=utf-8
cache-control: no-cache
content-length: 41120

17:55:53.159 [AsyncHttpClient-1-15] DEBUG org.asynchttpclient.netty.channel.ChannelManager - Adding key: http://localhost:58716 for channel [id: 0x4f0aa025, L:/127.0.0.1:58637 - R:localhost/127.0.0.1:58716]
17:55:53.162 [main] DEBUG net.serenitybdd.core.photography.Darkroom - Send negative for processing for target\site\serenity\8887eeb0c6bd0d96155355966fb84394e9245a3cd3ea3961b65ae594d0c8fdf0.png
17:55:53.162 [main] DEBUG net.thucydides.core.steps.StepInterceptor - STEP DONE: clickLoginButton
  &amp#27;[32mAnd &amp#27;[0m&amp#27;[32mI click login button&amp#27;[0m                 &amp#27;[90m# starter.stepdefinitions.LoginSteps.iClickLoginButton()&amp#27;[0m
17:55:53.162 [Darkroom Processing Line] DEBUG net.serenitybdd.core.photography.DarkroomProcessingLine - Processing screenshot image in /var/screenshots/screenshot-7922474825794752133
17:55:53.163 [Darkroom Processing Line] DEBUG net.serenitybdd.core.photography.DarkroomProcessingLine - Saving screenshot to target\site\serenity\8887eeb0c6bd0d96155355966fb84394e9245a3cd3ea3961b65ae594d0c8fdf0.png
17:55:53.186 [Forwarding findElement on session c638ac278bcdcd198e663018d1096f5c to remote] DEBUG org.asynchttpclient.netty.request.NettyRequestSender - Using pooled Channel '[id: 0x4f0aa025, L:/127.0.0.1:58637 - R:localhost/127.0.0.1:58716]' for 'POST' to 'http://localhost:58716/session/c638ac278bcdcd198e663018d1096f5c/element'
17:55:53.186 [Forwarding findElement on session c638ac278bcdcd198e663018d1096f5c to remote] DEBUG org.asynchttpclient.netty.request.NettyRequestSender - Using open Channel [id: 0x4f0aa025, L:/127.0.0.1:58637 - R:localhost/127.0.0.1:58716] for POST '/session/c638ac278bcdcd198e663018d1096f5c/element'
17:55:53.204 [AsyncHttpClient-1-15] DEBUG org.asynchttpclient.netty.handler.HttpHandler - 

Request DefaultHttpRequest(decodeResult: success, version: HTTP/1.1)
POST /session/c638ac278bcdcd198e663018d1096f5c/element HTTP/1.1
User-Agent: selenium/4.1.2 (java windows)
Content-Length: 94
Content-Type: application/json; charset=utf-8
host: localhost:58716
accept: */*

Response DefaultHttpResponse(decodeResult: success, version: HTTP/1.1)
HTTP/1.1 200 OK
Content-Type: application/json; charset=utf-8
cache-control: no-cache
content-length: 88

17:55:53.204 [AsyncHttpClient-1-15] DEBUG org.asynchttpclient.netty.channel.ChannelManager - Adding key: http://localhost:58716 for channel [id: 0x4f0aa025, L:/127.0.0.1:58637 - R:localhost/127.0.0.1:58716]
17:55:53.208 [Forwarding isElementDisplayed on session c638ac278bcdcd198e663018d1096f5c to remote] DEBUG org.asynchttpclient.netty.request.NettyRequestSender - Using pooled Channel '[id: 0x4f0aa025, L:/127.0.0.1:58637 - R:localhost/127.0.0.1:58716]' for 'POST' to 'http://localhost:58716/session/c638ac278bcdcd198e663018d1096f5c/execute/sync'
17:55:53.208 [Forwarding isElementDisplayed on session c638ac278bcdcd198e663018d1096f5c to remote] DEBUG org.asynchttpclient.netty.request.NettyRequestSender - Using open Channel [id: 0x4f0aa025, L:/127.0.0.1:58637 - R:localhost/127.0.0.1:58716] for POST '/session/c638ac278bcdcd198e663018d1096f5c/execute/sync'
17:55:53.288 [AsyncHttpClient-1-15] DEBUG org.asynchttpclient.netty.handler.HttpHandler - 

Request DefaultHttpRequest(decodeResult: success, version: HTTP/1.1)
POST /session/c638ac278bcdcd198e663018d1096f5c/execute/sync HTTP/1.1
User-Agent: selenium/4.1.2 (java windows)
Content-Length: 48780
Content-Type: application/json; charset=utf-8
host: localhost:58716
accept: */*

Response DefaultHttpResponse(decodeResult: success, version: HTTP/1.1)
HTTP/1.1 200 OK
Content-Type: application/json; charset=utf-8
cache-control: no-cache
content-length: 14

17:55:53.288 [AsyncHttpClient-1-15] DEBUG org.asynchttpclient.netty.channel.ChannelManager - Adding key: http://localhost:58716 for channel [id: 0x4f0aa025, L:/127.0.0.1:58637 - R:localhost/127.0.0.1:58716]
17:55:53.291 [Forwarding findElement on session c638ac278bcdcd198e663018d1096f5c to remote] DEBUG org.asynchttpclient.netty.request.NettyRequestSender - Using pooled Channel '[id: 0x4f0aa025, L:/127.0.0.1:58637 - R:localhost/127.0.0.1:58716]' for 'POST' to 'http://localhost:58716/session/c638ac278bcdcd198e663018d1096f5c/element'
17:55:53.291 [Forwarding findElement on session c638ac278bcdcd198e663018d1096f5c to remote] DEBUG org.asynchttpclient.netty.request.NettyRequestSender - Using open Channel [id: 0x4f0aa025, L:/127.0.0.1:58637 - R:localhost/127.0.0.1:58716] for POST '/session/c638ac278bcdcd198e663018d1096f5c/element'
17:55:53.311 [AsyncHttpClient-1-15] DEBUG org.asynchttpclient.netty.handler.HttpHandler - 

Request DefaultHttpRequest(decodeResult: success, version: HTTP/1.1)
POST /session/c638ac278bcdcd198e663018d1096f5c/element HTTP/1.1
User-Agent: selenium/4.1.2 (java windows)
Content-Length: 111
Content-Type: application/json; charset=utf-8
host: localhost:58716
accept: */*

Response DefaultHttpResponse(decodeResult: success, version: HTTP/1.1)
HTTP/1.1 200 OK
Content-Type: application/json; charset=utf-8
cache-control: no-cache
content-length: 88

17:55:53.311 [AsyncHttpClient-1-15] DEBUG org.asynchttpclient.netty.channel.ChannelManager - Adding key: http://localhost:58716 for channel [id: 0x4f0aa025, L:/127.0.0.1:58637 - R:localhost/127.0.0.1:58716]
17:55:53.312 [Forwarding getElementText on session c638ac278bcdcd198e663018d1096f5c to remote] DEBUG org.asynchttpclient.netty.request.NettyRequestSender - Using pooled Channel '[id: 0x4f0aa025, L:/127.0.0.1:58637 - R:localhost/127.0.0.1:58716]' for 'GET' to 'http://localhost:58716/session/c638ac278bcdcd198e663018d1096f5c/element/c92f022b-5f3c-43ec-a5d3-823390631799/text'
17:55:53.312 [Forwarding getElementText on session c638ac278bcdcd198e663018d1096f5c to remote] DEBUG org.asynchttpclient.netty.request.NettyRequestSender - Using open Channel [id: 0x4f0aa025, L:/127.0.0.1:58637 - R:localhost/127.0.0.1:58716] for GET '/session/c638ac278bcdcd198e663018d1096f5c/element/c92f022b-5f3c-43ec-a5d3-823390631799/text'
17:55:53.332 [AsyncHttpClient-1-15] DEBUG org.asynchttpclient.netty.handler.HttpHandler - 

Request DefaultFullHttpRequest(decodeResult: success, version: HTTP/1.1, content: EmptyByteBufBE)
GET /session/c638ac278bcdcd198e663018d1096f5c/element/c92f022b-5f3c-43ec-a5d3-823390631799/text HTTP/1.1
User-Agent: selenium/4.1.2 (java windows)
Cache-Control: no-cache
Content-Type: application/json; charset=utf-8
host: localhost:58716
accept: */*

Response DefaultHttpResponse(decodeResult: success, version: HTTP/1.1)
HTTP/1.1 200 OK
Content-Type: application/json; charset=utf-8
cache-control: no-cache
content-length: 20

17:55:53.332 [AsyncHttpClient-1-15] DEBUG org.asynchttpclient.netty.channel.ChannelManager - Adding key: http://localhost:58716 for channel [id: 0x4f0aa025, L:/127.0.0.1:58637 - R:localhost/127.0.0.1:58716]
  &amp#27;[32mAnd &amp#27;[0m&amp#27;[32mI get the &amp#27;[0m&amp#27;[32m&amp#27;[1m"homepage"&amp#27;[0m                 &amp#27;[90m# starter.stepdefinitions.LoginSteps.iGetThe(java.lang.String)&amp#27;[0m
17:55:53.340 [Forwarding screenshot on session c638ac278bcdcd198e663018d1096f5c to remote] DEBUG org.asynchttpclient.netty.request.NettyRequestSender - Using pooled Channel '[id: 0x4f0aa025, L:/127.0.0.1:58637 - R:localhost/127.0.0.1:58716]' for 'GET' to 'http://localhost:58716/session/c638ac278bcdcd198e663018d1096f5c/screenshot'
17:55:53.340 [Forwarding screenshot on session c638ac278bcdcd198e663018d1096f5c to remote] DEBUG org.asynchttpclient.netty.request.NettyRequestSender - Using open Channel [id: 0x4f0aa025, L:/127.0.0.1:58637 - R:localhost/127.0.0.1:58716] for GET '/session/c638ac278bcdcd198e663018d1096f5c/screenshot'
17:55:53.592 [AsyncHttpClient-1-15] DEBUG org.asynchttpclient.netty.handler.HttpHandler - 

Request DefaultFullHttpRequest(decodeResult: success, version: HTTP/1.1, content: EmptyByteBufBE)
GET /session/c638ac278bcdcd198e663018d1096f5c/screenshot HTTP/1.1
User-Agent: selenium/4.1.2 (java windows)
Cache-Control: no-cache
Content-Type: application/json; charset=utf-8
host: localhost:58716
accept: */*

Response DefaultHttpResponse(decodeResult: success, version: HTTP/1.1)
HTTP/1.1 200 OK
Content-Type: application/json; charset=utf-8
cache-control: no-cache
content-length: 33004

17:55:53.592 [AsyncHttpClient-1-15] DEBUG org.asynchttpclient.netty.channel.ChannelManager - Adding key: http://localhost:58716 for channel [id: 0x4f0aa025, L:/127.0.0.1:58637 - R:localhost/127.0.0.1:58716]
17:55:53.594 [main] DEBUG net.serenitybdd.core.photography.Darkroom - Send negative for processing for target\site\serenity\498c612155da57717f6749389f3e822a4b9822bae06c089da8fa03936f8fd83b.png
17:55:53.615 [Forwarding findElement on session c638ac278bcdcd198e663018d1096f5c to remote] DEBUG org.asynchttpclient.netty.request.NettyRequestSender - Using pooled Channel '[id: 0x4f0aa025, L:/127.0.0.1:58637 - R:localhost/127.0.0.1:58716]' for 'POST' to 'http://localhost:58716/session/c638ac278bcdcd198e663018d1096f5c/element'
17:55:53.615 [Forwarding findElement on session c638ac278bcdcd198e663018d1096f5c to remote] DEBUG org.asynchttpclient.netty.request.NettyRequestSender - Using open Channel [id: 0x4f0aa025, L:/127.0.0.1:58637 - R:localhost/127.0.0.1:58716] for POST '/session/c638ac278bcdcd198e663018d1096f5c/element'
17:55:53.615 [AsyncHttpClient-1-1] DEBUG org.asynchttpclient.netty.channel.DefaultChannelPool - Entry count for : http://localhost:58638 : 1
17:55:54.715 [AsyncHttpClient-1-1] DEBUG org.asynchttpclient.netty.channel.DefaultChannelPool - Entry count for : http://localhost:58638 : 1
17:55:55.561 [AsyncHttpClient-1-15] DEBUG org.asynchttpclient.netty.handler.HttpHandler - 

Request DefaultHttpRequest(decodeResult: success, version: HTTP/1.1)
POST /session/c638ac278bcdcd198e663018d1096f5c/element HTTP/1.1
User-Agent: selenium/4.1.2 (java windows)
Content-Length: 122
Content-Type: application/json; charset=utf-8
host: localhost:58716
accept: */*

Response DefaultHttpResponse(decodeResult: success, version: HTTP/1.1)
HTTP/1.1 200 OK
Content-Type: application/json; charset=utf-8
cache-control: no-cache
content-length: 88

17:55:55.562 [AsyncHttpClient-1-15] DEBUG org.asynchttpclient.netty.channel.ChannelManager - Adding key: http://localhost:58716 for channel [id: 0x4f0aa025, L:/127.0.0.1:58637 - R:localhost/127.0.0.1:58716]
17:55:55.563 [Forwarding getElementTagName on session c638ac278bcdcd198e663018d1096f5c to remote] DEBUG org.asynchttpclient.netty.request.NettyRequestSender - Using pooled Channel '[id: 0x4f0aa025, L:/127.0.0.1:58637 - R:localhost/127.0.0.1:58716]' for 'GET' to 'http://localhost:58716/session/c638ac278bcdcd198e663018d1096f5c/element/f16414e9-0652-4b0b-a8f2-922b88e0789b/name'
17:55:55.563 [Forwarding getElementTagName on session c638ac278bcdcd198e663018d1096f5c to remote] DEBUG org.asynchttpclient.netty.request.NettyRequestSender - Using open Channel [id: 0x4f0aa025, L:/127.0.0.1:58637 - R:localhost/127.0.0.1:58716] for GET '/session/c638ac278bcdcd198e663018d1096f5c/element/f16414e9-0652-4b0b-a8f2-922b88e0789b/name'
17:55:55.571 [AsyncHttpClient-1-15] DEBUG org.asynchttpclient.netty.handler.HttpHandler - 

Request DefaultFullHttpRequest(decodeResult: success, version: HTTP/1.1, content: EmptyByteBufBE)
GET /session/c638ac278bcdcd198e663018d1096f5c/element/f16414e9-0652-4b0b-a8f2-922b88e0789b/name HTTP/1.1
User-Agent: selenium/4.1.2 (java windows)
Cache-Control: no-cache
Content-Type: application/json; charset=utf-8
host: localhost:58716
accept: */*

Response DefaultHttpResponse(decodeResult: success, version: HTTP/1.1)
HTTP/1.1 200 OK
Content-Type: application/json; charset=utf-8
cache-control: no-cache
content-length: 16

17:55:55.571 [AsyncHttpClient-1-15] DEBUG org.asynchttpclient.netty.channel.ChannelManager - Adding key: http://localhost:58716 for channel [id: 0x4f0aa025, L:/127.0.0.1:58637 - R:localhost/127.0.0.1:58716]
17:55:55.573 [Forwarding getElementTagName on session c638ac278bcdcd198e663018d1096f5c to remote] DEBUG org.asynchttpclient.netty.request.NettyRequestSender - Using pooled Channel '[id: 0x4f0aa025, L:/127.0.0.1:58637 - R:localhost/127.0.0.1:58716]' for 'GET' to 'http://localhost:58716/session/c638ac278bcdcd198e663018d1096f5c/element/f16414e9-0652-4b0b-a8f2-922b88e0789b/name'
17:55:55.573 [Forwarding getElementTagName on session c638ac278bcdcd198e663018d1096f5c to remote] DEBUG org.asynchttpclient.netty.request.NettyRequestSender - Using open Channel [id: 0x4f0aa025, L:/127.0.0.1:58637 - R:localhost/127.0.0.1:58716] for GET '/session/c638ac278bcdcd198e663018d1096f5c/element/f16414e9-0652-4b0b-a8f2-922b88e0789b/name'
17:55:55.577 [AsyncHttpClient-1-15] DEBUG org.asynchttpclient.netty.handler.HttpHandler - 

Request DefaultFullHttpRequest(decodeResult: success, version: HTTP/1.1, content: EmptyByteBufBE)
GET /session/c638ac278bcdcd198e663018d1096f5c/element/f16414e9-0652-4b0b-a8f2-922b88e0789b/name HTTP/1.1
User-Agent: selenium/4.1.2 (java windows)
Cache-Control: no-cache
Content-Type: application/json; charset=utf-8
host: localhost:58716
accept: */*

Response DefaultHttpResponse(decodeResult: success, version: HTTP/1.1)
HTTP/1.1 200 OK
Content-Type: application/json; charset=utf-8
cache-control: no-cache
content-length: 16

17:55:55.577 [AsyncHttpClient-1-15] DEBUG org.asynchttpclient.netty.channel.ChannelManager - Adding key: http://localhost:58716 for channel [id: 0x4f0aa025, L:/127.0.0.1:58637 - R:localhost/127.0.0.1:58716]
17:55:55.579 [Forwarding findElement on session c638ac278bcdcd198e663018d1096f5c to remote] DEBUG org.asynchttpclient.netty.request.NettyRequestSender - Using pooled Channel '[id: 0x4f0aa025, L:/127.0.0.1:58637 - R:localhost/127.0.0.1:58716]' for 'POST' to 'http://localhost:58716/session/c638ac278bcdcd198e663018d1096f5c/element'
17:55:55.579 [Forwarding findElement on session c638ac278bcdcd198e663018d1096f5c to remote] DEBUG org.asynchttpclient.netty.request.NettyRequestSender - Using open Channel [id: 0x4f0aa025, L:/127.0.0.1:58637 - R:localhost/127.0.0.1:58716] for POST '/session/c638ac278bcdcd198e663018d1096f5c/element'
17:55:55.596 [AsyncHttpClient-1-15] DEBUG org.asynchttpclient.netty.handler.HttpHandler - 

Request DefaultHttpRequest(decodeResult: success, version: HTTP/1.1)
POST /session/c638ac278bcdcd198e663018d1096f5c/element HTTP/1.1
User-Agent: selenium/4.1.2 (java windows)
Content-Length: 122
Content-Type: application/json; charset=utf-8
host: localhost:58716
accept: */*

Response DefaultHttpResponse(decodeResult: success, version: HTTP/1.1)
HTTP/1.1 200 OK
Content-Type: application/json; charset=utf-8
cache-control: no-cache
content-length: 88

17:55:55.596 [AsyncHttpClient-1-15] DEBUG org.asynchttpclient.netty.channel.ChannelManager - Adding key: http://localhost:58716 for channel [id: 0x4f0aa025, L:/127.0.0.1:58637 - R:localhost/127.0.0.1:58716]
17:55:55.597 [Forwarding clickElement on session c638ac278bcdcd198e663018d1096f5c to remote] DEBUG org.asynchttpclient.netty.request.NettyRequestSender - Using pooled Channel '[id: 0x4f0aa025, L:/127.0.0.1:58637 - R:localhost/127.0.0.1:58716]' for 'POST' to 'http://localhost:58716/session/c638ac278bcdcd198e663018d1096f5c/element/f16414e9-0652-4b0b-a8f2-922b88e0789b/click'
17:55:55.597 [Forwarding clickElement on session c638ac278bcdcd198e663018d1096f5c to remote] DEBUG org.asynchttpclient.netty.request.NettyRequestSender - Using open Channel [id: 0x4f0aa025, L:/127.0.0.1:58637 - R:localhost/127.0.0.1:58716] for POST '/session/c638ac278bcdcd198e663018d1096f5c/element/f16414e9-0652-4b0b-a8f2-922b88e0789b/click'
17:55:55.679 [AsyncHttpClient-1-15] DEBUG org.asynchttpclient.netty.handler.HttpHandler - 

Request DefaultHttpRequest(decodeResult: success, version: HTTP/1.1)
POST /session/c638ac278bcdcd198e663018d1096f5c/element/f16414e9-0652-4b0b-a8f2-922b88e0789b/click HTTP/1.1
User-Agent: selenium/4.1.2 (java windows)
Content-Length: 50
Content-Type: application/json; charset=utf-8
host: localhost:58716
accept: */*

Response DefaultHttpResponse(decodeResult: success, version: HTTP/1.1)
HTTP/1.1 200 OK
Content-Type: application/json; charset=utf-8
cache-control: no-cache
content-length: 14

17:55:55.679 [AsyncHttpClient-1-15] DEBUG org.asynchttpclient.netty.channel.ChannelManager - Adding key: http://localhost:58716 for channel [id: 0x4f0aa025, L:/127.0.0.1:58637 - R:localhost/127.0.0.1:58716]
  &amp#27;[32mAnd &amp#27;[0m&amp#27;[32mI click buy button&amp#27;[0m                   &amp#27;[90m# starter.stepdefinitions.CartSteps.iClickBuyButton()&amp#27;[0m
17:55:55.686 [Forwarding screenshot on session c638ac278bcdcd198e663018d1096f5c to remote] DEBUG org.asynchttpclient.netty.request.NettyRequestSender - Using pooled Channel '[id: 0x4f0aa025, L:/127.0.0.1:58637 - R:localhost/127.0.0.1:58716]' for 'GET' to 'http://localhost:58716/session/c638ac278bcdcd198e663018d1096f5c/screenshot'
17:55:55.686 [Forwarding screenshot on session c638ac278bcdcd198e663018d1096f5c to remote] DEBUG org.asynchttpclient.netty.request.NettyRequestSender - Using open Channel [id: 0x4f0aa025, L:/127.0.0.1:58637 - R:localhost/127.0.0.1:58716] for GET '/session/c638ac278bcdcd198e663018d1096f5c/screenshot'
17:55:55.819 [AsyncHttpClient-1-1] DEBUG org.asynchttpclient.netty.channel.DefaultChannelPool - Entry count for : http://localhost:58638 : 1
17:55:55.902 [AsyncHttpClient-1-15] DEBUG org.asynchttpclient.netty.handler.HttpHandler - 

Request DefaultFullHttpRequest(decodeResult: success, version: HTTP/1.1, content: EmptyByteBufBE)
GET /session/c638ac278bcdcd198e663018d1096f5c/screenshot HTTP/1.1
User-Agent: selenium/4.1.2 (java windows)
Cache-Control: no-cache
Content-Type: application/json; charset=utf-8
host: localhost:58716
accept: */*

Response DefaultHttpResponse(decodeResult: success, version: HTTP/1.1)
HTTP/1.1 200 OK
Content-Type: application/json; charset=utf-8
cache-control: no-cache
content-length: 74472

17:55:55.902 [AsyncHttpClient-1-15] DEBUG org.asynchttpclient.netty.channel.ChannelManager - Adding key: http://localhost:58716 for channel [id: 0x4f0aa025, L:/127.0.0.1:58637 - R:localhost/127.0.0.1:58716]
17:55:55.905 [main] DEBUG net.serenitybdd.core.photography.Darkroom - Send negative for processing for target\site\serenity\077345b022921748a89e218a39cababfedb017187283a63fc82183a4ec3fb94b.png
17:55:55.906 [Darkroom Processing Line] DEBUG net.serenitybdd.core.photography.DarkroomProcessingLine - Processing screenshot image in /var/screenshots/screenshot-10470394218500403615
17:55:55.906 [Darkroom Processing Line] DEBUG net.serenitybdd.core.photography.DarkroomProcessingLine - Saving screenshot to target\site\serenity\077345b022921748a89e218a39cababfedb017187283a63fc82183a4ec3fb94b.png
17:55:55.914 [Forwarding findElement on session c638ac278bcdcd198e663018d1096f5c to remote] DEBUG org.asynchttpclient.netty.request.NettyRequestSender - Using pooled Channel '[id: 0x4f0aa025, L:/127.0.0.1:58637 - R:localhost/127.0.0.1:58716]' for 'POST' to 'http://localhost:58716/session/c638ac278bcdcd198e663018d1096f5c/element'
17:55:55.914 [Forwarding findElement on session c638ac278bcdcd198e663018d1096f5c to remote] DEBUG org.asynchttpclient.netty.request.NettyRequestSender - Using open Channel [id: 0x4f0aa025, L:/127.0.0.1:58637 - R:localhost/127.0.0.1:58716] for POST '/session/c638ac278bcdcd198e663018d1096f5c/element'
17:55:55.936 [AsyncHttpClient-1-15] DEBUG org.asynchttpclient.netty.handler.HttpHandler - 

Request DefaultHttpRequest(decodeResult: success, version: HTTP/1.1)
POST /session/c638ac278bcdcd198e663018d1096f5c/element HTTP/1.1
User-Agent: selenium/4.1.2 (java windows)
Content-Length: 102
Content-Type: application/json; charset=utf-8
host: localhost:58716
accept: */*

Response DefaultHttpResponse(decodeResult: success, version: HTTP/1.1)
HTTP/1.1 200 OK
Content-Type: application/json; charset=utf-8
cache-control: no-cache
content-length: 88

17:55:55.936 [AsyncHttpClient-1-15] DEBUG org.asynchttpclient.netty.channel.ChannelManager - Adding key: http://localhost:58716 for channel [id: 0x4f0aa025, L:/127.0.0.1:58637 - R:localhost/127.0.0.1:58716]
17:55:55.937 [Forwarding getElementTagName on session c638ac278bcdcd198e663018d1096f5c to remote] DEBUG org.asynchttpclient.netty.request.NettyRequestSender - Using pooled Channel '[id: 0x4f0aa025, L:/127.0.0.1:58637 - R:localhost/127.0.0.1:58716]' for 'GET' to 'http://localhost:58716/session/c638ac278bcdcd198e663018d1096f5c/element/8fcf59b1-c2e0-4dd9-a32d-73740856aaa5/name'
17:55:55.937 [Forwarding getElementTagName on session c638ac278bcdcd198e663018d1096f5c to remote] DEBUG org.asynchttpclient.netty.request.NettyRequestSender - Using open Channel [id: 0x4f0aa025, L:/127.0.0.1:58637 - R:localhost/127.0.0.1:58716] for GET '/session/c638ac278bcdcd198e663018d1096f5c/element/8fcf59b1-c2e0-4dd9-a32d-73740856aaa5/name'
17:55:55.942 [AsyncHttpClient-1-15] DEBUG org.asynchttpclient.netty.handler.HttpHandler - 

Request DefaultFullHttpRequest(decodeResult: success, version: HTTP/1.1, content: EmptyByteBufBE)
GET /session/c638ac278bcdcd198e663018d1096f5c/element/8fcf59b1-c2e0-4dd9-a32d-73740856aaa5/name HTTP/1.1
User-Agent: selenium/4.1.2 (java windows)
Cache-Control: no-cache
Content-Type: application/json; charset=utf-8
host: localhost:58716
accept: */*

Response DefaultHttpResponse(decodeResult: success, version: HTTP/1.1)
HTTP/1.1 200 OK
Content-Type: application/json; charset=utf-8
cache-control: no-cache
content-length: 18

17:55:55.942 [AsyncHttpClient-1-15] DEBUG org.asynchttpclient.netty.channel.ChannelManager - Adding key: http://localhost:58716 for channel [id: 0x4f0aa025, L:/127.0.0.1:58637 - R:localhost/127.0.0.1:58716]
17:55:55.943 [Forwarding getElementTagName on session c638ac278bcdcd198e663018d1096f5c to remote] DEBUG org.asynchttpclient.netty.request.NettyRequestSender - Using pooled Channel '[id: 0x4f0aa025, L:/127.0.0.1:58637 - R:localhost/127.0.0.1:58716]' for 'GET' to 'http://localhost:58716/session/c638ac278bcdcd198e663018d1096f5c/element/8fcf59b1-c2e0-4dd9-a32d-73740856aaa5/name'
17:55:55.943 [Forwarding getElementTagName on session c638ac278bcdcd198e663018d1096f5c to remote] DEBUG org.asynchttpclient.netty.request.NettyRequestSender - Using open Channel [id: 0x4f0aa025, L:/127.0.0.1:58637 - R:localhost/127.0.0.1:58716] for GET '/session/c638ac278bcdcd198e663018d1096f5c/element/8fcf59b1-c2e0-4dd9-a32d-73740856aaa5/name'
17:55:55.947 [AsyncHttpClient-1-15] DEBUG org.asynchttpclient.netty.handler.HttpHandler - 

Request DefaultFullHttpRequest(decodeResult: success, version: HTTP/1.1, content: EmptyByteBufBE)
GET /session/c638ac278bcdcd198e663018d1096f5c/element/8fcf59b1-c2e0-4dd9-a32d-73740856aaa5/name HTTP/1.1
User-Agent: selenium/4.1.2 (java windows)
Cache-Control: no-cache
Content-Type: application/json; charset=utf-8
host: localhost:58716
accept: */*

Response DefaultHttpResponse(decodeResult: success, version: HTTP/1.1)
HTTP/1.1 200 OK
Content-Type: application/json; charset=utf-8
cache-control: no-cache
content-length: 18

17:55:55.947 [AsyncHttpClient-1-15] DEBUG org.asynchttpclient.netty.channel.ChannelManager - Adding key: http://localhost:58716 for channel [id: 0x4f0aa025, L:/127.0.0.1:58637 - R:localhost/127.0.0.1:58716]
17:55:55.949 [Forwarding isElementEnabled on session c638ac278bcdcd198e663018d1096f5c to remote] DEBUG org.asynchttpclient.netty.request.NettyRequestSender - Using pooled Channel '[id: 0x4f0aa025, L:/127.0.0.1:58637 - R:localhost/127.0.0.1:58716]' for 'GET' to 'http://localhost:58716/session/c638ac278bcdcd198e663018d1096f5c/element/8fcf59b1-c2e0-4dd9-a32d-73740856aaa5/enabled'
17:55:55.949 [Forwarding isElementEnabled on session c638ac278bcdcd198e663018d1096f5c to remote] DEBUG org.asynchttpclient.netty.request.NettyRequestSender - Using open Channel [id: 0x4f0aa025, L:/127.0.0.1:58637 - R:localhost/127.0.0.1:58716] for GET '/session/c638ac278bcdcd198e663018d1096f5c/element/8fcf59b1-c2e0-4dd9-a32d-73740856aaa5/enabled'
17:55:55.960 [AsyncHttpClient-1-15] DEBUG org.asynchttpclient.netty.handler.HttpHandler - 

Request DefaultFullHttpRequest(decodeResult: success, version: HTTP/1.1, content: EmptyByteBufBE)
GET /session/c638ac278bcdcd198e663018d1096f5c/element/8fcf59b1-c2e0-4dd9-a32d-73740856aaa5/enabled HTTP/1.1
User-Agent: selenium/4.1.2 (java windows)
Cache-Control: no-cache
Content-Type: application/json; charset=utf-8
host: localhost:58716
accept: */*

Response DefaultHttpResponse(decodeResult: success, version: HTTP/1.1)
HTTP/1.1 200 OK
Content-Type: application/json; charset=utf-8
cache-control: no-cache
content-length: 14

17:55:55.960 [AsyncHttpClient-1-15] DEBUG org.asynchttpclient.netty.channel.ChannelManager - Adding key: http://localhost:58716 for channel [id: 0x4f0aa025, L:/127.0.0.1:58637 - R:localhost/127.0.0.1:58716]
17:55:55.961 [Forwarding isElementEnabled on session c638ac278bcdcd198e663018d1096f5c to remote] DEBUG org.asynchttpclient.netty.request.NettyRequestSender - Using pooled Channel '[id: 0x4f0aa025, L:/127.0.0.1:58637 - R:localhost/127.0.0.1:58716]' for 'GET' to 'http://localhost:58716/session/c638ac278bcdcd198e663018d1096f5c/element/8fcf59b1-c2e0-4dd9-a32d-73740856aaa5/enabled'
17:55:55.961 [Forwarding isElementEnabled on session c638ac278bcdcd198e663018d1096f5c to remote] DEBUG org.asynchttpclient.netty.request.NettyRequestSender - Using open Channel [id: 0x4f0aa025, L:/127.0.0.1:58637 - R:localhost/127.0.0.1:58716] for GET '/session/c638ac278bcdcd198e663018d1096f5c/element/8fcf59b1-c2e0-4dd9-a32d-73740856aaa5/enabled'
17:55:55.972 [AsyncHttpClient-1-15] DEBUG org.asynchttpclient.netty.handler.HttpHandler - 

Request DefaultFullHttpRequest(decodeResult: success, version: HTTP/1.1, content: EmptyByteBufBE)
GET /session/c638ac278bcdcd198e663018d1096f5c/element/8fcf59b1-c2e0-4dd9-a32d-73740856aaa5/enabled HTTP/1.1
User-Agent: selenium/4.1.2 (java windows)
Cache-Control: no-cache
Content-Type: application/json; charset=utf-8
host: localhost:58716
accept: */*

Response DefaultHttpResponse(decodeResult: success, version: HTTP/1.1)
HTTP/1.1 200 OK
Content-Type: application/json; charset=utf-8
cache-control: no-cache
content-length: 14

17:55:55.972 [AsyncHttpClient-1-15] DEBUG org.asynchttpclient.netty.channel.ChannelManager - Adding key: http://localhost:58716 for channel [id: 0x4f0aa025, L:/127.0.0.1:58637 - R:localhost/127.0.0.1:58716]
17:55:55.973 [Forwarding findElement on session c638ac278bcdcd198e663018d1096f5c to remote] DEBUG org.asynchttpclient.netty.request.NettyRequestSender - Using pooled Channel '[id: 0x4f0aa025, L:/127.0.0.1:58637 - R:localhost/127.0.0.1:58716]' for 'POST' to 'http://localhost:58716/session/c638ac278bcdcd198e663018d1096f5c/element'
17:55:55.973 [Forwarding findElement on session c638ac278bcdcd198e663018d1096f5c to remote] DEBUG org.asynchttpclient.netty.request.NettyRequestSender - Using open Channel [id: 0x4f0aa025, L:/127.0.0.1:58637 - R:localhost/127.0.0.1:58716] for POST '/session/c638ac278bcdcd198e663018d1096f5c/element'
17:55:55.987 [AsyncHttpClient-1-15] DEBUG org.asynchttpclient.netty.handler.HttpHandler - 

Request DefaultHttpRequest(decodeResult: success, version: HTTP/1.1)
POST /session/c638ac278bcdcd198e663018d1096f5c/element HTTP/1.1
User-Agent: selenium/4.1.2 (java windows)
Content-Length: 102
Content-Type: application/json; charset=utf-8
host: localhost:58716
accept: */*

Response DefaultHttpResponse(decodeResult: success, version: HTTP/1.1)
HTTP/1.1 200 OK
Content-Type: application/json; charset=utf-8
cache-control: no-cache
content-length: 88

17:55:55.987 [AsyncHttpClient-1-15] DEBUG org.asynchttpclient.netty.channel.ChannelManager - Adding key: http://localhost:58716 for channel [id: 0x4f0aa025, L:/127.0.0.1:58637 - R:localhost/127.0.0.1:58716]
17:55:55.989 [Forwarding clickElement on session c638ac278bcdcd198e663018d1096f5c to remote] DEBUG org.asynchttpclient.netty.request.NettyRequestSender - Using pooled Channel '[id: 0x4f0aa025, L:/127.0.0.1:58637 - R:localhost/127.0.0.1:58716]' for 'POST' to 'http://localhost:58716/session/c638ac278bcdcd198e663018d1096f5c/element/8fcf59b1-c2e0-4dd9-a32d-73740856aaa5/click'
17:55:55.989 [Forwarding clickElement on session c638ac278bcdcd198e663018d1096f5c to remote] DEBUG org.asynchttpclient.netty.request.NettyRequestSender - Using open Channel [id: 0x4f0aa025, L:/127.0.0.1:58637 - R:localhost/127.0.0.1:58716] for POST '/session/c638ac278bcdcd198e663018d1096f5c/element/8fcf59b1-c2e0-4dd9-a32d-73740856aaa5/click'
17:55:56.039 [AsyncHttpClient-1-15] DEBUG org.asynchttpclient.netty.handler.HttpHandler - 

Request DefaultHttpRequest(decodeResult: success, version: HTTP/1.1)
POST /session/c638ac278bcdcd198e663018d1096f5c/element/8fcf59b1-c2e0-4dd9-a32d-73740856aaa5/click HTTP/1.1
User-Agent: selenium/4.1.2 (java windows)
Content-Length: 50
Content-Type: application/json; charset=utf-8
host: localhost:58716
accept: */*

Response DefaultHttpResponse(decodeResult: success, version: HTTP/1.1)
HTTP/1.1 200 OK
Content-Type: application/json; charset=utf-8
cache-control: no-cache
content-length: 14

17:55:56.040 [AsyncHttpClient-1-15] DEBUG org.asynchttpclient.netty.channel.ChannelManager - Adding key: http://localhost:58716 for channel [id: 0x4f0aa025, L:/127.0.0.1:58637 - R:localhost/127.0.0.1:58716]
  &amp#27;[32mAnd &amp#27;[0m&amp#27;[32mI go to order page&amp#27;[0m                   &amp#27;[90m# starter.stepdefinitions.CartSteps.iGoToOrderPage()&amp#27;[0m
17:55:56.047 [Forwarding screenshot on session c638ac278bcdcd198e663018d1096f5c to remote] DEBUG org.asynchttpclient.netty.request.NettyRequestSender - Using pooled Channel '[id: 0x4f0aa025, L:/127.0.0.1:58637 - R:localhost/127.0.0.1:58716]' for 'GET' to 'http://localhost:58716/session/c638ac278bcdcd198e663018d1096f5c/screenshot'
17:55:56.048 [Forwarding screenshot on session c638ac278bcdcd198e663018d1096f5c to remote] DEBUG org.asynchttpclient.netty.request.NettyRequestSender - Using open Channel [id: 0x4f0aa025, L:/127.0.0.1:58637 - R:localhost/127.0.0.1:58716] for GET '/session/c638ac278bcdcd198e663018d1096f5c/screenshot'
17:55:56.380 [AsyncHttpClient-1-15] DEBUG org.asynchttpclient.netty.handler.HttpHandler - 

Request DefaultFullHttpRequest(decodeResult: success, version: HTTP/1.1, content: EmptyByteBufBE)
GET /session/c638ac278bcdcd198e663018d1096f5c/screenshot HTTP/1.1
User-Agent: selenium/4.1.2 (java windows)
Cache-Control: no-cache
Content-Type: application/json; charset=utf-8
host: localhost:58716
accept: */*

Response DefaultHttpResponse(decodeResult: success, version: HTTP/1.1)
HTTP/1.1 200 OK
Content-Type: application/json; charset=utf-8
cache-control: no-cache
content-length: 41312

17:55:56.380 [AsyncHttpClient-1-15] DEBUG org.asynchttpclient.netty.channel.ChannelManager - Adding key: http://localhost:58716 for channel [id: 0x4f0aa025, L:/127.0.0.1:58637 - R:localhost/127.0.0.1:58716]
17:55:56.382 [main] DEBUG net.serenitybdd.core.photography.Darkroom - Send negative for processing for target\site\serenity\0b7654150192e147b379e07a5e6ccc0f8cc223850e746be11e18cfb35d4fdaef.png
17:55:56.383 [Darkroom Processing Line] DEBUG net.serenitybdd.core.photography.DarkroomProcessingLine - Processing screenshot image in /var/screenshots/screenshot-3184014606009054098
17:55:56.383 [Darkroom Processing Line] DEBUG net.serenitybdd.core.photography.DarkroomProcessingLine - Saving screenshot to target\site\serenity\0b7654150192e147b379e07a5e6ccc0f8cc223850e746be11e18cfb35d4fdaef.png
17:55:56.388 [Forwarding findElement on session c638ac278bcdcd198e663018d1096f5c to remote] DEBUG org.asynchttpclient.netty.request.NettyRequestSender - Using pooled Channel '[id: 0x4f0aa025, L:/127.0.0.1:58637 - R:localhost/127.0.0.1:58716]' for 'POST' to 'http://localhost:58716/session/c638ac278bcdcd198e663018d1096f5c/element'
17:55:56.388 [Forwarding findElement on session c638ac278bcdcd198e663018d1096f5c to remote] DEBUG org.asynchttpclient.netty.request.NettyRequestSender - Using open Channel [id: 0x4f0aa025, L:/127.0.0.1:58637 - R:localhost/127.0.0.1:58716] for POST '/session/c638ac278bcdcd198e663018d1096f5c/element'
17:55:56.403 [AsyncHttpClient-1-15] DEBUG org.asynchttpclient.netty.handler.HttpHandler - 

Request DefaultHttpRequest(decodeResult: success, version: HTTP/1.1)
POST /session/c638ac278bcdcd198e663018d1096f5c/element HTTP/1.1
User-Agent: selenium/4.1.2 (java windows)
Content-Length: 126
Content-Type: application/json; charset=utf-8
host: localhost:58716
accept: */*

Response DefaultHttpResponse(decodeResult: success, version: HTTP/1.1)
HTTP/1.1 200 OK
Content-Type: application/json; charset=utf-8
cache-control: no-cache
content-length: 88

17:55:56.403 [AsyncHttpClient-1-15] DEBUG org.asynchttpclient.netty.channel.ChannelManager - Adding key: http://localhost:58716 for channel [id: 0x4f0aa025, L:/127.0.0.1:58637 - R:localhost/127.0.0.1:58716]
17:55:56.407 [Forwarding isElementDisplayed on session c638ac278bcdcd198e663018d1096f5c to remote] DEBUG org.asynchttpclient.netty.request.NettyRequestSender - Using pooled Channel '[id: 0x4f0aa025, L:/127.0.0.1:58637 - R:localhost/127.0.0.1:58716]' for 'POST' to 'http://localhost:58716/session/c638ac278bcdcd198e663018d1096f5c/execute/sync'
17:55:56.407 [Forwarding isElementDisplayed on session c638ac278bcdcd198e663018d1096f5c to remote] DEBUG org.asynchttpclient.netty.request.NettyRequestSender - Using open Channel [id: 0x4f0aa025, L:/127.0.0.1:58637 - R:localhost/127.0.0.1:58716] for POST '/session/c638ac278bcdcd198e663018d1096f5c/execute/sync'
17:55:56.420 [AsyncHttpClient-1-15] DEBUG org.asynchttpclient.netty.handler.HttpHandler - 

Request DefaultHttpRequest(decodeResult: success, version: HTTP/1.1)
POST /session/c638ac278bcdcd198e663018d1096f5c/execute/sync HTTP/1.1
User-Agent: selenium/4.1.2 (java windows)
Content-Length: 48780
Content-Type: application/json; charset=utf-8
host: localhost:58716
accept: */*

Response DefaultHttpResponse(decodeResult: success, version: HTTP/1.1)
HTTP/1.1 200 OK
Content-Type: application/json; charset=utf-8
cache-control: no-cache
content-length: 14

17:55:56.420 [AsyncHttpClient-1-15] DEBUG org.asynchttpclient.netty.channel.ChannelManager - Adding key: http://localhost:58716 for channel [id: 0x4f0aa025, L:/127.0.0.1:58637 - R:localhost/127.0.0.1:58716]
  &amp#27;[32mAnd &amp#27;[0m&amp#27;[32mI validate on order page&amp#27;[0m             &amp#27;[90m# starter.stepdefinitions.CartSteps.iValidateOnOrderPage()&amp#27;[0m
17:55:56.434 [Forwarding screenshot on session c638ac278bcdcd198e663018d1096f5c to remote] DEBUG org.asynchttpclient.netty.request.NettyRequestSender - Using pooled Channel '[id: 0x4f0aa025, L:/127.0.0.1:58637 - R:localhost/127.0.0.1:58716]' for 'GET' to 'http://localhost:58716/session/c638ac278bcdcd198e663018d1096f5c/screenshot'
17:55:56.434 [Forwarding screenshot on session c638ac278bcdcd198e663018d1096f5c to remote] DEBUG org.asynchttpclient.netty.request.NettyRequestSender - Using open Channel [id: 0x4f0aa025, L:/127.0.0.1:58637 - R:localhost/127.0.0.1:58716] for GET '/session/c638ac278bcdcd198e663018d1096f5c/screenshot'
17:55:56.634 [AsyncHttpClient-1-15] DEBUG org.asynchttpclient.netty.handler.HttpHandler - 

Request DefaultFullHttpRequest(decodeResult: success, version: HTTP/1.1, content: EmptyByteBufBE)
GET /session/c638ac278bcdcd198e663018d1096f5c/screenshot HTTP/1.1
User-Agent: selenium/4.1.2 (java windows)
Cache-Control: no-cache
Content-Type: application/json; charset=utf-8
host: localhost:58716
accept: */*

Response DefaultHttpResponse(decodeResult: success, version: HTTP/1.1)
HTTP/1.1 200 OK
Content-Type: application/json; charset=utf-8
cache-control: no-cache
content-length: 40572

17:55:56.634 [AsyncHttpClient-1-15] DEBUG org.asynchttpclient.netty.channel.ChannelManager - Adding key: http://localhost:58716 for channel [id: 0x4f0aa025, L:/127.0.0.1:58637 - R:localhost/127.0.0.1:58716]
17:55:56.636 [main] DEBUG net.serenitybdd.core.photography.Darkroom - Send negative for processing for target\site\serenity\6117a926a0fc85fb8173149c4de51727a88d3ae2c23ea29fb23c946ece4808a2.png
17:55:56.637 [Darkroom Processing Line] DEBUG net.serenitybdd.core.photography.DarkroomProcessingLine - Processing screenshot image in /var/screenshots/screenshot-17728012611124293109
17:55:56.637 [Darkroom Processing Line] DEBUG net.serenitybdd.core.photography.DarkroomProcessingLine - Saving screenshot to target\site\serenity\6117a926a0fc85fb8173149c4de51727a88d3ae2c23ea29fb23c946ece4808a2.png
17:55:56.644 [Forwarding findElement on session c638ac278bcdcd198e663018d1096f5c to remote] DEBUG org.asynchttpclient.netty.request.NettyRequestSender - Using pooled Channel '[id: 0x4f0aa025, L:/127.0.0.1:58637 - R:localhost/127.0.0.1:58716]' for 'POST' to 'http://localhost:58716/session/c638ac278bcdcd198e663018d1096f5c/element'
17:55:56.644 [Forwarding findElement on session c638ac278bcdcd198e663018d1096f5c to remote] DEBUG org.asynchttpclient.netty.request.NettyRequestSender - Using open Channel [id: 0x4f0aa025, L:/127.0.0.1:58637 - R:localhost/127.0.0.1:58716] for POST '/session/c638ac278bcdcd198e663018d1096f5c/element'
17:55:56.659 [AsyncHttpClient-1-15] DEBUG org.asynchttpclient.netty.handler.HttpHandler - 

Request DefaultHttpRequest(decodeResult: success, version: HTTP/1.1)
POST /session/c638ac278bcdcd198e663018d1096f5c/element HTTP/1.1
User-Agent: selenium/4.1.2 (java windows)
Content-Length: 94
Content-Type: application/json; charset=utf-8
host: localhost:58716
accept: */*

Response DefaultHttpResponse(decodeResult: success, version: HTTP/1.1)
HTTP/1.1 200 OK
Content-Type: application/json; charset=utf-8
cache-control: no-cache
content-length: 88

17:55:56.659 [AsyncHttpClient-1-15] DEBUG org.asynchttpclient.netty.channel.ChannelManager - Adding key: http://localhost:58716 for channel [id: 0x4f0aa025, L:/127.0.0.1:58637 - R:localhost/127.0.0.1:58716]
17:55:56.660 [Forwarding getElementTagName on session c638ac278bcdcd198e663018d1096f5c to remote] DEBUG org.asynchttpclient.netty.request.NettyRequestSender - Using pooled Channel '[id: 0x4f0aa025, L:/127.0.0.1:58637 - R:localhost/127.0.0.1:58716]' for 'GET' to 'http://localhost:58716/session/c638ac278bcdcd198e663018d1096f5c/element/4b7c90fd-65d0-44bd-a488-1318bf984900/name'
17:55:56.660 [Forwarding getElementTagName on session c638ac278bcdcd198e663018d1096f5c to remote] DEBUG org.asynchttpclient.netty.request.NettyRequestSender - Using open Channel [id: 0x4f0aa025, L:/127.0.0.1:58637 - R:localhost/127.0.0.1:58716] for GET '/session/c638ac278bcdcd198e663018d1096f5c/element/4b7c90fd-65d0-44bd-a488-1318bf984900/name'
17:55:56.665 [AsyncHttpClient-1-15] DEBUG org.asynchttpclient.netty.handler.HttpHandler - 

Request DefaultFullHttpRequest(decodeResult: success, version: HTTP/1.1, content: EmptyByteBufBE)
GET /session/c638ac278bcdcd198e663018d1096f5c/element/4b7c90fd-65d0-44bd-a488-1318bf984900/name HTTP/1.1
User-Agent: selenium/4.1.2 (java windows)
Cache-Control: no-cache
Content-Type: application/json; charset=utf-8
host: localhost:58716
accept: */*

Response DefaultHttpResponse(decodeResult: success, version: HTTP/1.1)
HTTP/1.1 200 OK
Content-Type: application/json; charset=utf-8
cache-control: no-cache
content-length: 16

17:55:56.666 [AsyncHttpClient-1-15] DEBUG org.asynchttpclient.netty.channel.ChannelManager - Adding key: http://localhost:58716 for channel [id: 0x4f0aa025, L:/127.0.0.1:58637 - R:localhost/127.0.0.1:58716]
17:55:56.667 [Forwarding getElementTagName on session c638ac278bcdcd198e663018d1096f5c to remote] DEBUG org.asynchttpclient.netty.request.NettyRequestSender - Using pooled Channel '[id: 0x4f0aa025, L:/127.0.0.1:58637 - R:localhost/127.0.0.1:58716]' for 'GET' to 'http://localhost:58716/session/c638ac278bcdcd198e663018d1096f5c/element/4b7c90fd-65d0-44bd-a488-1318bf984900/name'
17:55:56.667 [Forwarding getElementTagName on session c638ac278bcdcd198e663018d1096f5c to remote] DEBUG org.asynchttpclient.netty.request.NettyRequestSender - Using open Channel [id: 0x4f0aa025, L:/127.0.0.1:58637 - R:localhost/127.0.0.1:58716] for GET '/session/c638ac278bcdcd198e663018d1096f5c/element/4b7c90fd-65d0-44bd-a488-1318bf984900/name'
17:55:56.671 [AsyncHttpClient-1-15] DEBUG org.asynchttpclient.netty.handler.HttpHandler - 

Request DefaultFullHttpRequest(decodeResult: success, version: HTTP/1.1, content: EmptyByteBufBE)
GET /session/c638ac278bcdcd198e663018d1096f5c/element/4b7c90fd-65d0-44bd-a488-1318bf984900/name HTTP/1.1
User-Agent: selenium/4.1.2 (java windows)
Cache-Control: no-cache
Content-Type: application/json; charset=utf-8
host: localhost:58716
accept: */*

Response DefaultHttpResponse(decodeResult: success, version: HTTP/1.1)
HTTP/1.1 200 OK
Content-Type: application/json; charset=utf-8
cache-control: no-cache
content-length: 16

17:55:56.671 [AsyncHttpClient-1-15] DEBUG org.asynchttpclient.netty.channel.ChannelManager - Adding key: http://localhost:58716 for channel [id: 0x4f0aa025, L:/127.0.0.1:58637 - R:localhost/127.0.0.1:58716]
17:55:56.672 [Forwarding findElement on session c638ac278bcdcd198e663018d1096f5c to remote] DEBUG org.asynchttpclient.netty.request.NettyRequestSender - Using pooled Channel '[id: 0x4f0aa025, L:/127.0.0.1:58637 - R:localhost/127.0.0.1:58716]' for 'POST' to 'http://localhost:58716/session/c638ac278bcdcd198e663018d1096f5c/element'
17:55:56.672 [Forwarding findElement on session c638ac278bcdcd198e663018d1096f5c to remote] DEBUG org.asynchttpclient.netty.request.NettyRequestSender - Using open Channel [id: 0x4f0aa025, L:/127.0.0.1:58637 - R:localhost/127.0.0.1:58716] for POST '/session/c638ac278bcdcd198e663018d1096f5c/element'
17:55:56.682 [AsyncHttpClient-1-15] DEBUG org.asynchttpclient.netty.handler.HttpHandler - 

Request DefaultHttpRequest(decodeResult: success, version: HTTP/1.1)
POST /session/c638ac278bcdcd198e663018d1096f5c/element HTTP/1.1
User-Agent: selenium/4.1.2 (java windows)
Content-Length: 94
Content-Type: application/json; charset=utf-8
host: localhost:58716
accept: */*

Response DefaultHttpResponse(decodeResult: success, version: HTTP/1.1)
HTTP/1.1 200 OK
Content-Type: application/json; charset=utf-8
cache-control: no-cache
content-length: 88

17:55:56.682 [AsyncHttpClient-1-15] DEBUG org.asynchttpclient.netty.channel.ChannelManager - Adding key: http://localhost:58716 for channel [id: 0x4f0aa025, L:/127.0.0.1:58637 - R:localhost/127.0.0.1:58716]
17:55:56.683 [Forwarding clickElement on session c638ac278bcdcd198e663018d1096f5c to remote] DEBUG org.asynchttpclient.netty.request.NettyRequestSender - Using pooled Channel '[id: 0x4f0aa025, L:/127.0.0.1:58637 - R:localhost/127.0.0.1:58716]' for 'POST' to 'http://localhost:58716/session/c638ac278bcdcd198e663018d1096f5c/element/4b7c90fd-65d0-44bd-a488-1318bf984900/click'
17:55:56.683 [Forwarding clickElement on session c638ac278bcdcd198e663018d1096f5c to remote] DEBUG org.asynchttpclient.netty.request.NettyRequestSender - Using open Channel [id: 0x4f0aa025, L:/127.0.0.1:58637 - R:localhost/127.0.0.1:58716] for POST '/session/c638ac278bcdcd198e663018d1096f5c/element/4b7c90fd-65d0-44bd-a488-1318bf984900/click'
17:55:56.723 [AsyncHttpClient-1-15] DEBUG org.asynchttpclient.netty.handler.HttpHandler - 

Request DefaultHttpRequest(decodeResult: success, version: HTTP/1.1)
POST /session/c638ac278bcdcd198e663018d1096f5c/element/4b7c90fd-65d0-44bd-a488-1318bf984900/click HTTP/1.1
User-Agent: selenium/4.1.2 (java windows)
Content-Length: 50
Content-Type: application/json; charset=utf-8
host: localhost:58716
accept: */*

Response DefaultHttpResponse(decodeResult: success, version: HTTP/1.1)
HTTP/1.1 200 OK
Content-Type: application/json; charset=utf-8
cache-control: no-cache
content-length: 14

17:55:56.723 [AsyncHttpClient-1-15] DEBUG org.asynchttpclient.netty.channel.ChannelManager - Adding key: http://localhost:58716 for channel [id: 0x4f0aa025, L:/127.0.0.1:58637 - R:localhost/127.0.0.1:58716]
  &amp#27;[32mWhen &amp#27;[0m&amp#27;[32mI click pay button&amp#27;[0m                  &amp#27;[90m# starter.stepdefinitions.OrderSteps.iClickPayButton()&amp#27;[0m
17:55:56.732 [Forwarding screenshot on session c638ac278bcdcd198e663018d1096f5c to remote] DEBUG org.asynchttpclient.netty.request.NettyRequestSender - Using pooled Channel '[id: 0x4f0aa025, L:/127.0.0.1:58637 - R:localhost/127.0.0.1:58716]' for 'GET' to 'http://localhost:58716/session/c638ac278bcdcd198e663018d1096f5c/screenshot'
17:55:56.732 [Forwarding screenshot on session c638ac278bcdcd198e663018d1096f5c to remote] DEBUG org.asynchttpclient.netty.request.NettyRequestSender - Using open Channel [id: 0x4f0aa025, L:/127.0.0.1:58637 - R:localhost/127.0.0.1:58716] for GET '/session/c638ac278bcdcd198e663018d1096f5c/screenshot'
17:55:56.914 [AsyncHttpClient-1-1] DEBUG org.asynchttpclient.netty.channel.DefaultChannelPool - Entry count for : http://localhost:58638 : 1
17:55:57.028 [AsyncHttpClient-1-15] DEBUG org.asynchttpclient.netty.handler.HttpHandler - 

Request DefaultFullHttpRequest(decodeResult: success, version: HTTP/1.1, content: EmptyByteBufBE)
GET /session/c638ac278bcdcd198e663018d1096f5c/screenshot HTTP/1.1
User-Agent: selenium/4.1.2 (java windows)
Cache-Control: no-cache
Content-Type: application/json; charset=utf-8
host: localhost:58716
accept: */*

Response DefaultHttpResponse(decodeResult: success, version: HTTP/1.1)
HTTP/1.1 200 OK
Content-Type: application/json; charset=utf-8
cache-control: no-cache
content-length: 38392

17:55:57.028 [AsyncHttpClient-1-15] DEBUG org.asynchttpclient.netty.channel.ChannelManager - Adding key: http://localhost:58716 for channel [id: 0x4f0aa025, L:/127.0.0.1:58637 - R:localhost/127.0.0.1:58716]
17:55:57.030 [main] DEBUG net.serenitybdd.core.photography.Darkroom - Send negative for processing for target\site\serenity\f660c37b98dcdd2df0169f190538c4c73279b4ad8558882d7312afd42ed42d90.png
17:55:57.031 [Darkroom Processing Line] DEBUG net.serenitybdd.core.photography.DarkroomProcessingLine - Processing screenshot image in /var/screenshots/screenshot-1858822554645194500
17:55:57.032 [Darkroom Processing Line] DEBUG net.serenitybdd.core.photography.DarkroomProcessingLine - Saving screenshot to target\site\serenity\f660c37b98dcdd2df0169f190538c4c73279b4ad8558882d7312afd42ed42d90.png
17:55:57.042 [Forwarding findElement on session c638ac278bcdcd198e663018d1096f5c to remote] DEBUG org.asynchttpclient.netty.request.NettyRequestSender - Using pooled Channel '[id: 0x4f0aa025, L:/127.0.0.1:58637 - R:localhost/127.0.0.1:58716]' for 'POST' to 'http://localhost:58716/session/c638ac278bcdcd198e663018d1096f5c/element'
17:55:57.043 [Forwarding findElement on session c638ac278bcdcd198e663018d1096f5c to remote] DEBUG org.asynchttpclient.netty.request.NettyRequestSender - Using open Channel [id: 0x4f0aa025, L:/127.0.0.1:58637 - R:localhost/127.0.0.1:58716] for POST '/session/c638ac278bcdcd198e663018d1096f5c/element'
17:55:57.058 [AsyncHttpClient-1-15] DEBUG org.asynchttpclient.netty.handler.HttpHandler - 

Request DefaultHttpRequest(decodeResult: success, version: HTTP/1.1)
POST /session/c638ac278bcdcd198e663018d1096f5c/element HTTP/1.1
User-Agent: selenium/4.1.2 (java windows)
Content-Length: 86
Content-Type: application/json; charset=utf-8
host: localhost:58716
accept: */*

Response DefaultHttpResponse(decodeResult: success, version: HTTP/1.1)
HTTP/1.1 200 OK
Content-Type: application/json; charset=utf-8
cache-control: no-cache
content-length: 88

17:55:57.058 [AsyncHttpClient-1-15] DEBUG org.asynchttpclient.netty.channel.ChannelManager - Adding key: http://localhost:58716 for channel [id: 0x4f0aa025, L:/127.0.0.1:58637 - R:localhost/127.0.0.1:58716]
17:55:57.058 [Forwarding getElementText on session c638ac278bcdcd198e663018d1096f5c to remote] DEBUG org.asynchttpclient.netty.request.NettyRequestSender - Using pooled Channel '[id: 0x4f0aa025, L:/127.0.0.1:58637 - R:localhost/127.0.0.1:58716]' for 'GET' to 'http://localhost:58716/session/c638ac278bcdcd198e663018d1096f5c/element/c0af75cf-fa58-4c10-84ab-54997a80d543/text'
17:55:57.058 [Forwarding getElementText on session c638ac278bcdcd198e663018d1096f5c to remote] DEBUG org.asynchttpclient.netty.request.NettyRequestSender - Using open Channel [id: 0x4f0aa025, L:/127.0.0.1:58637 - R:localhost/127.0.0.1:58716] for GET '/session/c638ac278bcdcd198e663018d1096f5c/element/c0af75cf-fa58-4c10-84ab-54997a80d543/text'
17:55:57.073 [AsyncHttpClient-1-15] DEBUG org.asynchttpclient.netty.handler.HttpHandler - 

Request DefaultFullHttpRequest(decodeResult: success, version: HTTP/1.1, content: EmptyByteBufBE)
GET /session/c638ac278bcdcd198e663018d1096f5c/element/c0af75cf-fa58-4c10-84ab-54997a80d543/text HTTP/1.1
User-Agent: selenium/4.1.2 (java windows)
Cache-Control: no-cache
Content-Type: application/json; charset=utf-8
host: localhost:58716
accept: */*

Response DefaultHttpResponse(decodeResult: success, version: HTTP/1.1)
HTTP/1.1 200 OK
Content-Type: application/json; charset=utf-8
cache-control: no-cache
content-length: 24

17:55:57.073 [AsyncHttpClient-1-15] DEBUG org.asynchttpclient.netty.channel.ChannelManager - Adding key: http://localhost:58716 for channel [id: 0x4f0aa025, L:/127.0.0.1:58637 - R:localhost/127.0.0.1:58716]
  &amp#27;[32mThen &amp#27;[0m&amp#27;[32mI go to transaction page&amp#27;[0m            &amp#27;[90m# starter.stepdefinitions.OrderSteps.iGoToTransactionPage()&amp#27;[0m
17:55:57.084 [Forwarding screenshot on session c638ac278bcdcd198e663018d1096f5c to remote] DEBUG org.asynchttpclient.netty.request.NettyRequestSender - Using pooled Channel '[id: 0x4f0aa025, L:/127.0.0.1:58637 - R:localhost/127.0.0.1:58716]' for 'GET' to 'http://localhost:58716/session/c638ac278bcdcd198e663018d1096f5c/screenshot'
17:55:57.084 [Forwarding screenshot on session c638ac278bcdcd198e663018d1096f5c to remote] DEBUG org.asynchttpclient.netty.request.NettyRequestSender - Using open Channel [id: 0x4f0aa025, L:/127.0.0.1:58637 - R:localhost/127.0.0.1:58716] for GET '/session/c638ac278bcdcd198e663018d1096f5c/screenshot'
17:55:57.226 [AsyncHttpClient-1-15] DEBUG org.asynchttpclient.netty.handler.HttpHandler - 

Request DefaultFullHttpRequest(decodeResult: success, version: HTTP/1.1, content: EmptyByteBufBE)
GET /session/c638ac278bcdcd198e663018d1096f5c/screenshot HTTP/1.1
User-Agent: selenium/4.1.2 (java windows)
Cache-Control: no-cache
Content-Type: application/json; charset=utf-8
host: localhost:58716
accept: */*

Response DefaultHttpResponse(decodeResult: success, version: HTTP/1.1)
HTTP/1.1 200 OK
Content-Type: application/json; charset=utf-8
cache-control: no-cache
content-length: 53660

17:55:57.226 [AsyncHttpClient-1-15] DEBUG org.asynchttpclient.netty.channel.ChannelManager - Adding key: http://localhost:58716 for channel [id: 0x4f0aa025, L:/127.0.0.1:58637 - R:localhost/127.0.0.1:58716]
17:55:57.228 [main] DEBUG net.serenitybdd.core.photography.Darkroom - Send negative for processing for target\site\serenity\47da97414ee71003967c6235293053006c082ce74e89cd182a6478b8826a24e0.png
17:55:57.229 [Darkroom Processing Line] DEBUG net.serenitybdd.core.photography.DarkroomProcessingLine - Processing screenshot image in /var/screenshots/screenshot-5850491528430116666
17:55:57.229 [Darkroom Processing Line] DEBUG net.serenitybdd.core.photography.DarkroomProcessingLine - Saving screenshot to target\site\serenity\47da97414ee71003967c6235293053006c082ce74e89cd182a6478b8826a24e0.png
17:55:57.230 [AsyncHttpClient-1-17] DEBUG org.asynchttpclient.netty.handler.WebSocketHandler - Channel Closed: [id: 0xbdecb06c, L:/127.0.0.1:58645 ! R:localhost/127.0.0.1:58638] with attribute NettyResponseFuture{currentRetry=5,
	isDone=1,
	isCancelled=0,
	asyncHandler=org.asynchttpclient.ws.WebSocketUpgradeHandler@530af078,
	nettyRequest=org.asynchttpclient.netty.request.NettyRequest@45b9892b,
	future=java.util.concurrent.CompletableFuture@15b7fd15[Completed normally],
	uri=ws://localhost:58638/devtools/browser/d6115140-2ae7-4b0c-8831-7aa829144419,
	keepAlive=true,
	redirectCount=0,
	timeoutsHolder=null,
	inAuth=0,
	touch=1652784950184}
17:55:57.230 [AsyncHttpClient-1-17] DEBUG org.asynchttpclient.netty.channel.ChannelManager - Closing Channel [id: 0xbdecb06c, L:/127.0.0.1:58645 ! R:localhost/127.0.0.1:58638] 
17:55:57.231 [Driver Command Executor] DEBUG org.asynchttpclient.netty.request.NettyRequestSender - Using pooled Channel '[id: 0x4f0aa025, L:/127.0.0.1:58637 - R:localhost/127.0.0.1:58716]' for 'DELETE' to 'http://localhost:58716/session/c638ac278bcdcd198e663018d1096f5c'
17:55:57.231 [Driver Command Executor] DEBUG org.asynchttpclient.netty.request.NettyRequestSender - Using open Channel [id: 0x4f0aa025, L:/127.0.0.1:58637 - R:localhost/127.0.0.1:58716] for DELETE '/session/c638ac278bcdcd198e663018d1096f5c'
17:55:57.288 [AsyncHttpClient-1-16] DEBUG org.asynchttpclient.netty.handler.HttpHandler - Unexpected I/O exception on channel [id: 0x6b358bd3, L:/127.0.0.1:58644 - R:localhost/127.0.0.1:58638]
java.net.SocketException: Connection reset
	at java.base/sun.nio.ch.SocketChannelImpl.throwConnectionReset(SocketChannelImpl.java:367)
	at java.base/sun.nio.ch.SocketChannelImpl.read(SocketChannelImpl.java:398)
	at io.netty.buffer.PooledByteBuf.setBytes(PooledByteBuf.java:258)
	at io.netty.buffer.AbstractByteBuf.writeBytes(AbstractByteBuf.java:1132)
	at io.netty.channel.socket.nio.NioSocketChannel.doReadBytes(NioSocketChannel.java:350)
	at io.netty.channel.nio.AbstractNioByteChannel$NioByteUnsafe.read(AbstractNioByteChannel.java:151)
	at io.netty.channel.nio.NioEventLoop.processSelectedKey(NioEventLoop.java:722)
	at io.netty.channel.nio.NioEventLoop.processSelectedKeysOptimized(NioEventLoop.java:658)
	at io.netty.channel.nio.NioEventLoop.processSelectedKeys(NioEventLoop.java:584)
	at io.netty.channel.nio.NioEventLoop.run(NioEventLoop.java:496)
	at io.netty.util.concurrent.SingleThreadEventExecutor$4.run(SingleThreadEventExecutor.java:986)
	at io.netty.util.internal.ThreadExecutorMap$2.run(ThreadExecutorMap.java:74)
	at io.netty.util.concurrent.FastThreadLocalRunnable.run(FastThreadLocalRunnable.java:30)
	at java.base/java.lang.Thread.run(Thread.java:832)
17:55:57.288 [AsyncHttpClient-1-16] DEBUG org.asynchttpclient.netty.channel.ChannelManager - Closing Channel [id: 0x6b358bd3, L:/127.0.0.1:58644 - R:localhost/127.0.0.1:58638] 
17:55:57.289 [AsyncHttpClient-1-16] DEBUG org.asynchttpclient.netty.handler.HttpHandler - Channel Closed: [id: 0x6b358bd3, L:/127.0.0.1:58644 ! R:localhost/127.0.0.1:58638] with attribute DISCARD
17:55:57.309 [AsyncHttpClient-1-15] DEBUG org.asynchttpclient.netty.handler.HttpHandler - 

Request DefaultFullHttpRequest(decodeResult: success, version: HTTP/1.1, content: EmptyByteBufBE)
DELETE /session/c638ac278bcdcd198e663018d1096f5c HTTP/1.1
User-Agent: selenium/4.1.2 (java windows)
Content-Type: application/json; charset=utf-8
host: localhost:58716
accept: */*

Response DefaultHttpResponse(decodeResult: success, version: HTTP/1.1)
HTTP/1.1 200 OK
Content-Type: application/json; charset=utf-8
cache-control: no-cache
content-length: 14

17:55:57.309 [AsyncHttpClient-1-15] DEBUG org.asynchttpclient.netty.channel.ChannelManager - Adding key: http://localhost:58716 for channel [id: 0x4f0aa025, L:/127.0.0.1:58637 - R:localhost/127.0.0.1:58716]
17:55:57.425 [AsyncHttpClient-1-15] DEBUG org.asynchttpclient.netty.handler.HttpHandler - Channel Closed: [id: 0x4f0aa025, L:/127.0.0.1:58637 ! R:localhost/127.0.0.1:58716] with attribute DISCARD
17:55:57.952 [main] INFO  - 
  _____   ___   ___   _____     ___     _     ___   ___   ___   ___  
 |_   _| | __| / __| |_   _|   | _ \   /_\   / __| / __| | __| |   \ 
   | |   | _|  \__ \   | |     |  _/  / _ \  \__ \ \__ \ | _|  | |) |
   |_|   |___| |___/   |_|     |_|   /_/ \_\ |___/ |___/ |___| |___/ 

Order product with login
----------------------------------------------------------------------
]]></system-out>
    <system-err><![CDATA[Starting ChromeDriver 101.0.4951.41 (93c720db8323b3ec10d056025ab95c23a31997c9-refs/branch-heads/4951@{#904}) on port 58716
Only local connections are allowed.
Please see https://chromedriver.chromium.org/security-considerations for suggestions on keeping ChromeDriver safe.
ChromeDriver was started successfully.
May 17, 2022 5:55:50 PM org.openqa.selenium.remote.ProtocolHandshake createSession
INFO: Detected dialect: W3C
May 17, 2022 5:55:50 PM org.openqa.selenium.devtools.CdpVersionFinder findNearestMatch
WARNING: Unable to find an exact match for CDP version 101, so returning the closest version found: 97
May 17, 2022 5:55:50 PM org.openqa.selenium.devtools.CdpVersionFinder findNearestMatch
INFO: Found CDP implementation for version 101 of 97
]]></system-err>
  </testcase>
  <testcase name="Register Scenario #1" classname="Register" time="5.545">
    <system-out><![CDATA[17:55:57.954 [main] INFO io.cucumber.core.plugin.SerenityReporter - Running feature from file:///E:/Learn/ProjectTestWeb/src/test/resources/features/Register.feature
17:55:57.957 [main] DEBUG net.thucydides.core.steps.StepEventBus - Test suite started for story net.thucydides.core.model.Story@30e75088
17:55:57.957 [main] INFO  - Test Suite Started: Register

@Register
Scenario Outline: Register Scenario  &amp#27;[90m# src/test/resources/features/Register.feature:18&amp#27;[0m
17:55:57.964 [main] INFO io.cucumber.core.plugin.SerenityReporter - Running feature from file:///E:/Learn/ProjectTestWeb/src/test/resources/features/Register.feature
17:55:57.967 [main] INFO  - 
  _____   ___   ___   _____     ___   _____     _     ___   _____   ___   ___  
 |_   _| | __| / __| |_   _|   / __| |_   _|   /_\   | _ \ |_   _| | __| |   \ 
   | |   | _|  \__ \   | |     \__ \   | |    / _ \  |   /   | |   | _|  | |) |
   |_|   |___| |___/   |_|     |___/   |_|   /_/ \_\ |_|_\   |_|   |___| |___/ 

Register Scenario(register;register-scenario)
--------------------------------------------------------------------------------
17:55:58.013 [AsyncHttpClient-1-1] DEBUG org.asynchttpclient.netty.channel.DefaultChannelPool - Entry count for : http://localhost:58716 : 1
17:55:58.013 [AsyncHttpClient-1-1] DEBUG org.asynchttpclient.netty.channel.DefaultChannelPool - Entry count for : http://localhost:58638 : 1
17:55:58.013 [AsyncHttpClient-1-1] DEBUG org.asynchttpclient.netty.channel.DefaultChannelPool - Adding Candidate expired Channel [id: 0x4f0aa025, L:/127.0.0.1:58637 ! R:localhost/127.0.0.1:58716] isIdleTimeoutExpired=false isRemotelyClosed=true isTtlExpired=false
17:55:58.013 [AsyncHttpClient-1-1] DEBUG org.asynchttpclient.netty.channel.DefaultChannelPool - Closing Idle Channel [id: 0x4f0aa025, L:/127.0.0.1:58637 ! R:localhost/127.0.0.1:58716]
17:55:58.014 [AsyncHttpClient-1-1] DEBUG org.asynchttpclient.netty.channel.DefaultChannelPool - Adding Candidate expired Channel [id: 0x6b358bd3, L:/127.0.0.1:58644 ! R:localhost/127.0.0.1:58638] isIdleTimeoutExpired=false isRemotelyClosed=true isTtlExpired=false
17:55:58.014 [AsyncHttpClient-1-1] DEBUG org.asynchttpclient.netty.channel.DefaultChannelPool - Closing Idle Channel [id: 0x6b358bd3, L:/127.0.0.1:58644 ! R:localhost/127.0.0.1:58638]
17:55:58.014 [AsyncHttpClient-1-1] DEBUG org.asynchttpclient.netty.channel.DefaultChannelPool - Closed 2 connections out of 2 in 1 ms
17:55:58.080 [main] INFO net.serenitybdd.core.webdriver.driverproviders.ChromeDriverProvider - Using automatically driver download
17:55:58.256 [main] DEBUG io.github.bonigarcia.wdm.cache.ResolutionCache - Resolution chrome=101 in cache (valid until 18:23:13 17/05/2022 ICT)
17:55:58.260 [main] DEBUG io.github.bonigarcia.wdm.cache.ResolutionCache - Resolution chrome101=101.0.4951.41 in cache (valid until 17:23:13 18/05/2022 ICT)
17:55:58.263 [main] INFO io.github.bonigarcia.wdm.WebDriverManager - Using chromedriver 101.0.4951.41 (resolved driver for Chrome 101)
17:55:58.274 [main] DEBUG io.github.bonigarcia.wdm.WebDriverManager - Driver chromedriver 101.0.4951.41 found in cache
17:55:58.274 [main] INFO io.github.bonigarcia.wdm.WebDriverManager - Exporting webdriver.chrome.driver as C:\Users\HP\.cache\selenium\chromedriver\win32\101.0.4951.41\chromedriver.exe
17:55:58.498 [main] DEBUG net.serenitybdd.core.webdriver.driverproviders.ProvideNewDriver - Instantiating driver
17:55:58.498 [main] DEBUG net.serenitybdd.core.webdriver.driverproviders.ProvideNewDriver - Driver capabilities: Capabilities {acceptInsecureCerts: false, base.url: , browserName: chrome, goog:chromeOptions: {args: [], extensions: []}}
17:55:59.049 [AsyncHttpClient-1-2] DEBUG org.asynchttpclient.netty.channel.NettyConnectListener - Using new Channel '[id: 0xb22bc2b1, L:/127.0.0.1:58669 - R:localhost/127.0.0.1:59020]' for 'POST' to '/session'
17:55:59.748 [AsyncHttpClient-1-2] DEBUG org.asynchttpclient.netty.handler.HttpHandler - 

Request DefaultHttpRequest(decodeResult: success, version: HTTP/1.1)
POST /session HTTP/1.1
User-Agent: selenium/4.1.2 (java windows)
Content-Length: 457
Content-Type: application/json; charset=utf-8
host: localhost:59020
accept: */*

Response DefaultHttpResponse(decodeResult: success, version: HTTP/1.1)
HTTP/1.1 200 OK
Content-Type: application/json; charset=utf-8
cache-control: no-cache
content-length: 786

17:55:59.748 [AsyncHttpClient-1-2] DEBUG org.asynchttpclient.netty.channel.ChannelManager - Adding key: http://localhost:59020 for channel [id: 0xb22bc2b1, L:/127.0.0.1:58669 - R:localhost/127.0.0.1:59020]
17:55:59.756 [AsyncHttpClient-1-3] DEBUG org.asynchttpclient.netty.channel.NettyConnectListener - Using new Channel '[id: 0x9ccee489, L:/127.0.0.1:58677 - R:localhost/127.0.0.1:58670]' for 'GET' to '/json/version'
17:55:59.756 [AsyncHttpClient-1-3] DEBUG org.asynchttpclient.netty.handler.HttpHandler - 

Request DefaultFullHttpRequest(decodeResult: success, version: HTTP/1.1, content: EmptyByteBufBE)
GET /json/version HTTP/1.1
User-Agent: selenium/4.1.2 (java windows)
host: localhost:58670
accept: */*

Response DefaultHttpResponse(decodeResult: success, version: HTTP/1.1)
HTTP/1.1 200 OK
Content-Type: application/json; charset=UTF-8
content-length: 427

17:55:59.756 [AsyncHttpClient-1-3] DEBUG org.asynchttpclient.netty.channel.ChannelManager - Adding key: http://localhost:58670 for channel [id: 0x9ccee489, L:/127.0.0.1:58677 - R:localhost/127.0.0.1:58670]
17:55:59.758 [AsyncHttpClient-1-4] DEBUG org.asynchttpclient.netty.channel.NettyConnectListener - Using new Channel '[id: 0xa7ede6a5, L:/127.0.0.1:58678 - R:localhost/127.0.0.1:58670]' for 'GET' to '/devtools/browser/7f5c5d09-ae21-480f-97de-4fb18873060d'
17:55:59.759 [AsyncHttpClient-1-4] DEBUG org.asynchttpclient.netty.handler.WebSocketHandler - 

Request DefaultFullHttpRequest(decodeResult: success, version: HTTP/1.1, content: EmptyByteBufBE)
GET /devtools/browser/7f5c5d09-ae21-480f-97de-4fb18873060d HTTP/1.1
upgrade: websocket
connection: upgrade
sec-websocket-key: ZfB2JN2IK17TvlPmJzx1og==
sec-websocket-version: 13
origin: http://localhost:58670
host: localhost:58670
accept: */*
user-agent: AHC/2.1

Response DefaultHttpResponse(decodeResult: success, version: HTTP/1.1)
HTTP/1.1 101 WebSocket Protocol Handshake
Upgrade: WebSocket
Connection: Upgrade
Sec-WebSocket-Accept: 3N3uB2TvAvDPaqUtJhhd7MyAevM=

17:55:59.765 [Forwarding get on session 9bd3ed731d9d151927e77d55f0bc240c to remote] DEBUG org.asynchttpclient.netty.request.NettyRequestSender - Using pooled Channel '[id: 0xb22bc2b1, L:/127.0.0.1:58669 - R:localhost/127.0.0.1:59020]' for 'POST' to 'http://localhost:59020/session/9bd3ed731d9d151927e77d55f0bc240c/url'
17:55:59.765 [Forwarding get on session 9bd3ed731d9d151927e77d55f0bc240c to remote] DEBUG org.asynchttpclient.netty.request.NettyRequestSender - Using open Channel [id: 0xb22bc2b1, L:/127.0.0.1:58669 - R:localhost/127.0.0.1:59020] for POST '/session/9bd3ed731d9d151927e77d55f0bc240c/url'
17:56:00.213 [AsyncHttpClient-1-1] DEBUG org.asynchttpclient.netty.channel.DefaultChannelPool - Entry count for : http://localhost:58670 : 1
17:56:00.697 [AsyncHttpClient-1-2] DEBUG org.asynchttpclient.netty.handler.HttpHandler - 

Request DefaultHttpRequest(decodeResult: success, version: HTTP/1.1)
POST /session/9bd3ed731d9d151927e77d55f0bc240c/url HTTP/1.1
User-Agent: selenium/4.1.2 (java windows)
Content-Length: 67
Content-Type: application/json; charset=utf-8
host: localhost:59020
accept: */*

Response DefaultHttpResponse(decodeResult: success, version: HTTP/1.1)
HTTP/1.1 200 OK
Content-Type: application/json; charset=utf-8
cache-control: no-cache
content-length: 14

17:56:00.697 [AsyncHttpClient-1-2] DEBUG org.asynchttpclient.netty.channel.ChannelManager - Adding key: http://localhost:59020 for channel [id: 0xb22bc2b1, L:/127.0.0.1:58669 - R:localhost/127.0.0.1:59020]
17:56:00.698 [Forwarding setTimeout on session 9bd3ed731d9d151927e77d55f0bc240c to remote] DEBUG org.asynchttpclient.netty.request.NettyRequestSender - Using pooled Channel '[id: 0xb22bc2b1, L:/127.0.0.1:58669 - R:localhost/127.0.0.1:59020]' for 'POST' to 'http://localhost:59020/session/9bd3ed731d9d151927e77d55f0bc240c/timeouts'
17:56:00.698 [Forwarding setTimeout on session 9bd3ed731d9d151927e77d55f0bc240c to remote] DEBUG org.asynchttpclient.netty.request.NettyRequestSender - Using open Channel [id: 0xb22bc2b1, L:/127.0.0.1:58669 - R:localhost/127.0.0.1:59020] for POST '/session/9bd3ed731d9d151927e77d55f0bc240c/timeouts'
17:56:00.699 [AsyncHttpClient-1-2] DEBUG org.asynchttpclient.netty.handler.HttpHandler - 

Request DefaultHttpRequest(decodeResult: success, version: HTTP/1.1)
POST /session/9bd3ed731d9d151927e77d55f0bc240c/timeouts HTTP/1.1
User-Agent: selenium/4.1.2 (java windows)
Content-Length: 22
Content-Type: application/json; charset=utf-8
host: localhost:59020
accept: */*

Response DefaultHttpResponse(decodeResult: success, version: HTTP/1.1)
HTTP/1.1 200 OK
Content-Type: application/json; charset=utf-8
cache-control: no-cache
content-length: 14

17:56:00.699 [AsyncHttpClient-1-2] DEBUG org.asynchttpclient.netty.channel.ChannelManager - Adding key: http://localhost:59020 for channel [id: 0xb22bc2b1, L:/127.0.0.1:58669 - R:localhost/127.0.0.1:59020]
17:56:00.701 [Forwarding getCurrentUrl on session 9bd3ed731d9d151927e77d55f0bc240c to remote] DEBUG org.asynchttpclient.netty.request.NettyRequestSender - Using pooled Channel '[id: 0xb22bc2b1, L:/127.0.0.1:58669 - R:localhost/127.0.0.1:59020]' for 'GET' to 'http://localhost:59020/session/9bd3ed731d9d151927e77d55f0bc240c/url'
17:56:00.701 [Forwarding getCurrentUrl on session 9bd3ed731d9d151927e77d55f0bc240c to remote] DEBUG org.asynchttpclient.netty.request.NettyRequestSender - Using open Channel [id: 0xb22bc2b1, L:/127.0.0.1:58669 - R:localhost/127.0.0.1:59020] for GET '/session/9bd3ed731d9d151927e77d55f0bc240c/url'
17:56:00.707 [AsyncHttpClient-1-2] DEBUG org.asynchttpclient.netty.handler.HttpHandler - 

Request DefaultFullHttpRequest(decodeResult: success, version: HTTP/1.1, content: EmptyByteBufBE)
GET /session/9bd3ed731d9d151927e77d55f0bc240c/url HTTP/1.1
User-Agent: selenium/4.1.2 (java windows)
Cache-Control: no-cache
Content-Type: application/json; charset=utf-8
host: localhost:59020
accept: */*

Response DefaultHttpResponse(decodeResult: success, version: HTTP/1.1)
HTTP/1.1 200 OK
Content-Type: application/json; charset=utf-8
cache-control: no-cache
content-length: 44

17:56:00.707 [AsyncHttpClient-1-2] DEBUG org.asynchttpclient.netty.channel.ChannelManager - Adding key: http://localhost:59020 for channel [id: 0xb22bc2b1, L:/127.0.0.1:58669 - R:localhost/127.0.0.1:59020]
17:56:00.712 [main] DEBUG net.serenitybdd.core.photography.Darkroom - Opening darkroom
17:56:00.713 [Forwarding screenshot on session 9bd3ed731d9d151927e77d55f0bc240c to remote] DEBUG org.asynchttpclient.netty.request.NettyRequestSender - Using pooled Channel '[id: 0xb22bc2b1, L:/127.0.0.1:58669 - R:localhost/127.0.0.1:59020]' for 'GET' to 'http://localhost:59020/session/9bd3ed731d9d151927e77d55f0bc240c/screenshot'
17:56:00.713 [Darkroom Processing Line] DEBUG net.serenitybdd.core.photography.DarkroomProcessingLine - Darkroom processing line starting up
17:56:00.713 [Forwarding screenshot on session 9bd3ed731d9d151927e77d55f0bc240c to remote] DEBUG org.asynchttpclient.netty.request.NettyRequestSender - Using open Channel [id: 0xb22bc2b1, L:/127.0.0.1:58669 - R:localhost/127.0.0.1:59020] for GET '/session/9bd3ed731d9d151927e77d55f0bc240c/screenshot'
17:56:01.116 [AsyncHttpClient-1-2] DEBUG org.asynchttpclient.netty.handler.HttpHandler - 

Request DefaultFullHttpRequest(decodeResult: success, version: HTTP/1.1, content: EmptyByteBufBE)
GET /session/9bd3ed731d9d151927e77d55f0bc240c/screenshot HTTP/1.1
User-Agent: selenium/4.1.2 (java windows)
Cache-Control: no-cache
Content-Type: application/json; charset=utf-8
host: localhost:59020
accept: */*

Response DefaultHttpResponse(decodeResult: success, version: HTTP/1.1)
HTTP/1.1 200 OK
Content-Type: application/json; charset=utf-8
cache-control: no-cache
content-length: 37608

17:56:01.116 [AsyncHttpClient-1-2] DEBUG org.asynchttpclient.netty.channel.ChannelManager - Adding key: http://localhost:59020 for channel [id: 0xb22bc2b1, L:/127.0.0.1:58669 - R:localhost/127.0.0.1:59020]
17:56:01.117 [main] DEBUG net.serenitybdd.core.photography.Darkroom - Send negative for processing for target\site\serenity\49d6eedabd9377bdcbf390b98d2a22aaf52d6bc2093bb332cef2ee61950daedd.png
17:56:01.118 [main] DEBUG net.thucydides.core.steps.StepInterceptor - STARTING STEP: RegisterSteps.iAmOnTheRegisterPage - validateOnRegisterPage
17:56:01.118 [Darkroom Processing Line] DEBUG net.serenitybdd.core.photography.DarkroomProcessingLine - Processing screenshot image in /var/screenshots/screenshot-17355966890548492790
17:56:01.118 [Darkroom Processing Line] DEBUG net.serenitybdd.core.photography.DarkroomProcessingLine - Saving screenshot to target\site\serenity\49d6eedabd9377bdcbf390b98d2a22aaf52d6bc2093bb332cef2ee61950daedd.png
17:56:01.119 [Forwarding findElement on session 9bd3ed731d9d151927e77d55f0bc240c to remote] DEBUG org.asynchttpclient.netty.request.NettyRequestSender - Using pooled Channel '[id: 0xb22bc2b1, L:/127.0.0.1:58669 - R:localhost/127.0.0.1:59020]' for 'POST' to 'http://localhost:59020/session/9bd3ed731d9d151927e77d55f0bc240c/element'
17:56:01.119 [Forwarding findElement on session 9bd3ed731d9d151927e77d55f0bc240c to remote] DEBUG org.asynchttpclient.netty.request.NettyRequestSender - Using open Channel [id: 0xb22bc2b1, L:/127.0.0.1:58669 - R:localhost/127.0.0.1:59020] for POST '/session/9bd3ed731d9d151927e77d55f0bc240c/element'
17:56:01.132 [AsyncHttpClient-1-2] DEBUG org.asynchttpclient.netty.handler.HttpHandler - 

Request DefaultHttpRequest(decodeResult: success, version: HTTP/1.1)
POST /session/9bd3ed731d9d151927e77d55f0bc240c/element HTTP/1.1
User-Agent: selenium/4.1.2 (java windows)
Content-Length: 92
Content-Type: application/json; charset=utf-8
host: localhost:59020
accept: */*

Response DefaultHttpResponse(decodeResult: success, version: HTTP/1.1)
HTTP/1.1 200 OK
Content-Type: application/json; charset=utf-8
cache-control: no-cache
content-length: 88

17:56:01.132 [AsyncHttpClient-1-2] DEBUG org.asynchttpclient.netty.channel.ChannelManager - Adding key: http://localhost:59020 for channel [id: 0xb22bc2b1, L:/127.0.0.1:58669 - R:localhost/127.0.0.1:59020]
17:56:01.136 [Forwarding isElementDisplayed on session 9bd3ed731d9d151927e77d55f0bc240c to remote] DEBUG org.asynchttpclient.netty.request.NettyRequestSender - Using pooled Channel '[id: 0xb22bc2b1, L:/127.0.0.1:58669 - R:localhost/127.0.0.1:59020]' for 'POST' to 'http://localhost:59020/session/9bd3ed731d9d151927e77d55f0bc240c/execute/sync'
17:56:01.136 [Forwarding isElementDisplayed on session 9bd3ed731d9d151927e77d55f0bc240c to remote] DEBUG org.asynchttpclient.netty.request.NettyRequestSender - Using open Channel [id: 0xb22bc2b1, L:/127.0.0.1:58669 - R:localhost/127.0.0.1:59020] for POST '/session/9bd3ed731d9d151927e77d55f0bc240c/execute/sync'
17:56:01.151 [AsyncHttpClient-1-2] DEBUG org.asynchttpclient.netty.handler.HttpHandler - 

Request DefaultHttpRequest(decodeResult: success, version: HTTP/1.1)
POST /session/9bd3ed731d9d151927e77d55f0bc240c/execute/sync HTTP/1.1
User-Agent: selenium/4.1.2 (java windows)
Content-Length: 48780
Content-Type: application/json; charset=utf-8
host: localhost:59020
accept: */*

Response DefaultHttpResponse(decodeResult: success, version: HTTP/1.1)
HTTP/1.1 200 OK
Content-Type: application/json; charset=utf-8
cache-control: no-cache
content-length: 14

17:56:01.152 [AsyncHttpClient-1-2] DEBUG org.asynchttpclient.netty.channel.ChannelManager - Adding key: http://localhost:59020 for channel [id: 0xb22bc2b1, L:/127.0.0.1:58669 - R:localhost/127.0.0.1:59020]
17:56:01.155 [main] DEBUG net.thucydides.core.steps.StepInterceptor - STEP DONE: validateOnRegisterPage
  &amp#27;[32mGiven &amp#27;[0m&amp#27;[32mI am on the register page&amp#27;[0m    &amp#27;[90m# starter.stepdefinitions.RegisterSteps.iAmOnTheRegisterPage()&amp#27;[0m
17:56:01.167 [Forwarding screenshot on session 9bd3ed731d9d151927e77d55f0bc240c to remote] DEBUG org.asynchttpclient.netty.request.NettyRequestSender - Using pooled Channel '[id: 0xb22bc2b1, L:/127.0.0.1:58669 - R:localhost/127.0.0.1:59020]' for 'GET' to 'http://localhost:59020/session/9bd3ed731d9d151927e77d55f0bc240c/screenshot'
17:56:01.167 [Forwarding screenshot on session 9bd3ed731d9d151927e77d55f0bc240c to remote] DEBUG org.asynchttpclient.netty.request.NettyRequestSender - Using open Channel [id: 0xb22bc2b1, L:/127.0.0.1:58669 - R:localhost/127.0.0.1:59020] for GET '/session/9bd3ed731d9d151927e77d55f0bc240c/screenshot'
17:56:01.316 [AsyncHttpClient-1-2] DEBUG org.asynchttpclient.netty.handler.HttpHandler - 

Request DefaultFullHttpRequest(decodeResult: success, version: HTTP/1.1, content: EmptyByteBufBE)
GET /session/9bd3ed731d9d151927e77d55f0bc240c/screenshot HTTP/1.1
User-Agent: selenium/4.1.2 (java windows)
Cache-Control: no-cache
Content-Type: application/json; charset=utf-8
host: localhost:59020
accept: */*

Response DefaultHttpResponse(decodeResult: success, version: HTTP/1.1)
HTTP/1.1 200 OK
Content-Type: application/json; charset=utf-8
cache-control: no-cache
content-length: 37608

17:56:01.317 [AsyncHttpClient-1-2] DEBUG org.asynchttpclient.netty.channel.ChannelManager - Adding key: http://localhost:59020 for channel [id: 0xb22bc2b1, L:/127.0.0.1:58669 - R:localhost/127.0.0.1:59020]
17:56:01.317 [AsyncHttpClient-1-1] DEBUG org.asynchttpclient.netty.channel.DefaultChannelPool - Entry count for : http://localhost:58670 : 1
17:56:01.317 [AsyncHttpClient-1-1] DEBUG org.asynchttpclient.netty.channel.DefaultChannelPool - Entry count for : http://localhost:59020 : 1
17:56:01.318 [main] DEBUG net.serenitybdd.core.photography.Darkroom - Send negative for processing for target\site\serenity\49d6eedabd9377bdcbf390b98d2a22aaf52d6bc2093bb332cef2ee61950daedd.png
17:56:01.318 [main] DEBUG net.thucydides.core.steps.StepInterceptor - STARTING STEP: RegisterSteps.iInputFullname - inputFullname
17:56:01.320 [Forwarding findElement on session 9bd3ed731d9d151927e77d55f0bc240c to remote] DEBUG org.asynchttpclient.netty.request.NettyRequestSender - Using pooled Channel '[id: 0xb22bc2b1, L:/127.0.0.1:58669 - R:localhost/127.0.0.1:59020]' for 'POST' to 'http://localhost:59020/session/9bd3ed731d9d151927e77d55f0bc240c/element'
17:56:01.320 [Forwarding findElement on session 9bd3ed731d9d151927e77d55f0bc240c to remote] DEBUG org.asynchttpclient.netty.request.NettyRequestSender - Using open Channel [id: 0xb22bc2b1, L:/127.0.0.1:58669 - R:localhost/127.0.0.1:59020] for POST '/session/9bd3ed731d9d151927e77d55f0bc240c/element'
17:56:01.333 [AsyncHttpClient-1-2] DEBUG org.asynchttpclient.netty.handler.HttpHandler - 

Request DefaultHttpRequest(decodeResult: success, version: HTTP/1.1)
POST /session/9bd3ed731d9d151927e77d55f0bc240c/element HTTP/1.1
User-Agent: selenium/4.1.2 (java windows)
Content-Length: 91
Content-Type: application/json; charset=utf-8
host: localhost:59020
accept: */*

Response DefaultHttpResponse(decodeResult: success, version: HTTP/1.1)
HTTP/1.1 200 OK
Content-Type: application/json; charset=utf-8
cache-control: no-cache
content-length: 88

17:56:01.334 [AsyncHttpClient-1-2] DEBUG org.asynchttpclient.netty.channel.ChannelManager - Adding key: http://localhost:59020 for channel [id: 0xb22bc2b1, L:/127.0.0.1:58669 - R:localhost/127.0.0.1:59020]
17:56:01.335 [Forwarding clearElement on session 9bd3ed731d9d151927e77d55f0bc240c to remote] DEBUG org.asynchttpclient.netty.request.NettyRequestSender - Using pooled Channel '[id: 0xb22bc2b1, L:/127.0.0.1:58669 - R:localhost/127.0.0.1:59020]' for 'POST' to 'http://localhost:59020/session/9bd3ed731d9d151927e77d55f0bc240c/element/fb26f9e0-2bdb-47e7-85f6-3d9c4fde62f0/clear'
17:56:01.335 [Forwarding clearElement on session 9bd3ed731d9d151927e77d55f0bc240c to remote] DEBUG org.asynchttpclient.netty.request.NettyRequestSender - Using open Channel [id: 0xb22bc2b1, L:/127.0.0.1:58669 - R:localhost/127.0.0.1:59020] for POST '/session/9bd3ed731d9d151927e77d55f0bc240c/element/fb26f9e0-2bdb-47e7-85f6-3d9c4fde62f0/clear'
17:56:01.368 [AsyncHttpClient-1-2] DEBUG org.asynchttpclient.netty.handler.HttpHandler - 

Request DefaultHttpRequest(decodeResult: success, version: HTTP/1.1)
POST /session/9bd3ed731d9d151927e77d55f0bc240c/element/fb26f9e0-2bdb-47e7-85f6-3d9c4fde62f0/clear HTTP/1.1
User-Agent: selenium/4.1.2 (java windows)
Content-Length: 50
Content-Type: application/json; charset=utf-8
host: localhost:59020
accept: */*

Response DefaultHttpResponse(decodeResult: success, version: HTTP/1.1)
HTTP/1.1 200 OK
Content-Type: application/json; charset=utf-8
cache-control: no-cache
content-length: 14

17:56:01.369 [AsyncHttpClient-1-2] DEBUG org.asynchttpclient.netty.channel.ChannelManager - Adding key: http://localhost:59020 for channel [id: 0xb22bc2b1, L:/127.0.0.1:58669 - R:localhost/127.0.0.1:59020]
17:56:01.370 [Forwarding sendKeysToElement on session 9bd3ed731d9d151927e77d55f0bc240c to remote] DEBUG org.asynchttpclient.netty.request.NettyRequestSender - Using pooled Channel '[id: 0xb22bc2b1, L:/127.0.0.1:58669 - R:localhost/127.0.0.1:59020]' for 'POST' to 'http://localhost:59020/session/9bd3ed731d9d151927e77d55f0bc240c/element/fb26f9e0-2bdb-47e7-85f6-3d9c4fde62f0/value'
17:56:01.370 [Forwarding sendKeysToElement on session 9bd3ed731d9d151927e77d55f0bc240c to remote] DEBUG org.asynchttpclient.netty.request.NettyRequestSender - Using open Channel [id: 0xb22bc2b1, L:/127.0.0.1:58669 - R:localhost/127.0.0.1:59020] for POST '/session/9bd3ed731d9d151927e77d55f0bc240c/element/fb26f9e0-2bdb-47e7-85f6-3d9c4fde62f0/value'
17:56:01.493 [AsyncHttpClient-1-2] DEBUG org.asynchttpclient.netty.handler.HttpHandler - 

Request DefaultHttpRequest(decodeResult: success, version: HTTP/1.1)
POST /session/9bd3ed731d9d151927e77d55f0bc240c/element/fb26f9e0-2bdb-47e7-85f6-3d9c4fde62f0/value HTTP/1.1
User-Agent: selenium/4.1.2 (java windows)
Content-Length: 181
Content-Type: application/json; charset=utf-8
host: localhost:59020
accept: */*

Response DefaultHttpResponse(decodeResult: success, version: HTTP/1.1)
HTTP/1.1 200 OK
Content-Type: application/json; charset=utf-8
cache-control: no-cache
content-length: 14

17:56:01.493 [AsyncHttpClient-1-2] DEBUG org.asynchttpclient.netty.channel.ChannelManager - Adding key: http://localhost:59020 for channel [id: 0xb22bc2b1, L:/127.0.0.1:58669 - R:localhost/127.0.0.1:59020]
17:56:01.499 [Forwarding screenshot on session 9bd3ed731d9d151927e77d55f0bc240c to remote] DEBUG org.asynchttpclient.netty.request.NettyRequestSender - Using pooled Channel '[id: 0xb22bc2b1, L:/127.0.0.1:58669 - R:localhost/127.0.0.1:59020]' for 'GET' to 'http://localhost:59020/session/9bd3ed731d9d151927e77d55f0bc240c/screenshot'
17:56:01.499 [Forwarding screenshot on session 9bd3ed731d9d151927e77d55f0bc240c to remote] DEBUG org.asynchttpclient.netty.request.NettyRequestSender - Using open Channel [id: 0xb22bc2b1, L:/127.0.0.1:58669 - R:localhost/127.0.0.1:59020] for GET '/session/9bd3ed731d9d151927e77d55f0bc240c/screenshot'
17:56:01.646 [AsyncHttpClient-1-2] DEBUG org.asynchttpclient.netty.handler.HttpHandler - 

Request DefaultFullHttpRequest(decodeResult: success, version: HTTP/1.1, content: EmptyByteBufBE)
GET /session/9bd3ed731d9d151927e77d55f0bc240c/screenshot HTTP/1.1
User-Agent: selenium/4.1.2 (java windows)
Cache-Control: no-cache
Content-Type: application/json; charset=utf-8
host: localhost:59020
accept: */*

Response DefaultHttpResponse(decodeResult: success, version: HTTP/1.1)
HTTP/1.1 200 OK
Content-Type: application/json; charset=utf-8
cache-control: no-cache
content-length: 40612

17:56:01.646 [AsyncHttpClient-1-2] DEBUG org.asynchttpclient.netty.channel.ChannelManager - Adding key: http://localhost:59020 for channel [id: 0xb22bc2b1, L:/127.0.0.1:58669 - R:localhost/127.0.0.1:59020]
17:56:01.648 [main] DEBUG net.serenitybdd.core.photography.Darkroom - Send negative for processing for target\site\serenity\f68879b046ab22c3cb29372f562d7d4322acad829e0dc49c0f19d30bc5650471.png
17:56:01.648 [main] DEBUG net.thucydides.core.steps.StepInterceptor - STEP DONE: inputFullname
  &amp#27;[32mWhen &amp#27;[0m&amp#27;[32mI input &amp#27;[0m&amp#27;[32m&amp#27;[1m"Jasri Vika"&amp#27;[0m&amp#27;[32m fullname&amp#27;[0m &amp#27;[90m# starter.stepdefinitions.RegisterSteps.iInputFullname(java.lang.String)&amp#27;[0m
17:56:01.648 [Darkroom Processing Line] DEBUG net.serenitybdd.core.photography.DarkroomProcessingLine - Processing screenshot image in /var/screenshots/screenshot-7148332057537320360
17:56:01.648 [Darkroom Processing Line] DEBUG net.serenitybdd.core.photography.DarkroomProcessingLine - Saving screenshot to target\site\serenity\f68879b046ab22c3cb29372f562d7d4322acad829e0dc49c0f19d30bc5650471.png
17:56:01.662 [main] DEBUG net.thucydides.core.steps.StepInterceptor - STARTING STEP: RegisterSteps.inputEmail - inputEmail
17:56:01.664 [Forwarding findElement on session 9bd3ed731d9d151927e77d55f0bc240c to remote] DEBUG org.asynchttpclient.netty.request.NettyRequestSender - Using pooled Channel '[id: 0xb22bc2b1, L:/127.0.0.1:58669 - R:localhost/127.0.0.1:59020]' for 'POST' to 'http://localhost:59020/session/9bd3ed731d9d151927e77d55f0bc240c/element'
17:56:01.664 [Forwarding findElement on session 9bd3ed731d9d151927e77d55f0bc240c to remote] DEBUG org.asynchttpclient.netty.request.NettyRequestSender - Using open Channel [id: 0xb22bc2b1, L:/127.0.0.1:58669 - R:localhost/127.0.0.1:59020] for POST '/session/9bd3ed731d9d151927e77d55f0bc240c/element'
17:56:01.679 [AsyncHttpClient-1-2] DEBUG org.asynchttpclient.netty.handler.HttpHandler - 

Request DefaultHttpRequest(decodeResult: success, version: HTTP/1.1)
POST /session/9bd3ed731d9d151927e77d55f0bc240c/element HTTP/1.1
User-Agent: selenium/4.1.2 (java windows)
Content-Length: 84
Content-Type: application/json; charset=utf-8
host: localhost:59020
accept: */*

Response DefaultHttpResponse(decodeResult: success, version: HTTP/1.1)
HTTP/1.1 200 OK
Content-Type: application/json; charset=utf-8
cache-control: no-cache
content-length: 88

17:56:01.680 [AsyncHttpClient-1-2] DEBUG org.asynchttpclient.netty.channel.ChannelManager - Adding key: http://localhost:59020 for channel [id: 0xb22bc2b1, L:/127.0.0.1:58669 - R:localhost/127.0.0.1:59020]
17:56:01.681 [Forwarding clearElement on session 9bd3ed731d9d151927e77d55f0bc240c to remote] DEBUG org.asynchttpclient.netty.request.NettyRequestSender - Using pooled Channel '[id: 0xb22bc2b1, L:/127.0.0.1:58669 - R:localhost/127.0.0.1:59020]' for 'POST' to 'http://localhost:59020/session/9bd3ed731d9d151927e77d55f0bc240c/element/51283a42-0820-49f0-9657-535a4d0a3558/clear'
17:56:01.681 [Forwarding clearElement on session 9bd3ed731d9d151927e77d55f0bc240c to remote] DEBUG org.asynchttpclient.netty.request.NettyRequestSender - Using open Channel [id: 0xb22bc2b1, L:/127.0.0.1:58669 - R:localhost/127.0.0.1:59020] for POST '/session/9bd3ed731d9d151927e77d55f0bc240c/element/51283a42-0820-49f0-9657-535a4d0a3558/clear'
17:56:01.722 [AsyncHttpClient-1-2] DEBUG org.asynchttpclient.netty.handler.HttpHandler - 

Request DefaultHttpRequest(decodeResult: success, version: HTTP/1.1)
POST /session/9bd3ed731d9d151927e77d55f0bc240c/element/51283a42-0820-49f0-9657-535a4d0a3558/clear HTTP/1.1
User-Agent: selenium/4.1.2 (java windows)
Content-Length: 50
Content-Type: application/json; charset=utf-8
host: localhost:59020
accept: */*

Response DefaultHttpResponse(decodeResult: success, version: HTTP/1.1)
HTTP/1.1 200 OK
Content-Type: application/json; charset=utf-8
cache-control: no-cache
content-length: 14

17:56:01.722 [AsyncHttpClient-1-2] DEBUG org.asynchttpclient.netty.channel.ChannelManager - Adding key: http://localhost:59020 for channel [id: 0xb22bc2b1, L:/127.0.0.1:58669 - R:localhost/127.0.0.1:59020]
17:56:01.724 [Forwarding sendKeysToElement on session 9bd3ed731d9d151927e77d55f0bc240c to remote] DEBUG org.asynchttpclient.netty.request.NettyRequestSender - Using pooled Channel '[id: 0xb22bc2b1, L:/127.0.0.1:58669 - R:localhost/127.0.0.1:59020]' for 'POST' to 'http://localhost:59020/session/9bd3ed731d9d151927e77d55f0bc240c/element/51283a42-0820-49f0-9657-535a4d0a3558/value'
17:56:01.724 [Forwarding sendKeysToElement on session 9bd3ed731d9d151927e77d55f0bc240c to remote] DEBUG org.asynchttpclient.netty.request.NettyRequestSender - Using open Channel [id: 0xb22bc2b1, L:/127.0.0.1:58669 - R:localhost/127.0.0.1:59020] for POST '/session/9bd3ed731d9d151927e77d55f0bc240c/element/51283a42-0820-49f0-9657-535a4d0a3558/value'
17:56:01.864 [AsyncHttpClient-1-2] DEBUG org.asynchttpclient.netty.handler.HttpHandler - 

Request DefaultHttpRequest(decodeResult: success, version: HTTP/1.1)
POST /session/9bd3ed731d9d151927e77d55f0bc240c/element/51283a42-0820-49f0-9657-535a4d0a3558/value HTTP/1.1
User-Agent: selenium/4.1.2 (java windows)
Content-Length: 271
Content-Type: application/json; charset=utf-8
host: localhost:59020
accept: */*

Response DefaultHttpResponse(decodeResult: success, version: HTTP/1.1)
HTTP/1.1 200 OK
Content-Type: application/json; charset=utf-8
cache-control: no-cache
content-length: 14

17:56:01.864 [AsyncHttpClient-1-2] DEBUG org.asynchttpclient.netty.channel.ChannelManager - Adding key: http://localhost:59020 for channel [id: 0xb22bc2b1, L:/127.0.0.1:58669 - R:localhost/127.0.0.1:59020]
17:56:01.870 [Forwarding screenshot on session 9bd3ed731d9d151927e77d55f0bc240c to remote] DEBUG org.asynchttpclient.netty.request.NettyRequestSender - Using pooled Channel '[id: 0xb22bc2b1, L:/127.0.0.1:58669 - R:localhost/127.0.0.1:59020]' for 'GET' to 'http://localhost:59020/session/9bd3ed731d9d151927e77d55f0bc240c/screenshot'
17:56:01.870 [Forwarding screenshot on session 9bd3ed731d9d151927e77d55f0bc240c to remote] DEBUG org.asynchttpclient.netty.request.NettyRequestSender - Using open Channel [id: 0xb22bc2b1, L:/127.0.0.1:58669 - R:localhost/127.0.0.1:59020] for GET '/session/9bd3ed731d9d151927e77d55f0bc240c/screenshot'
17:56:02.024 [AsyncHttpClient-1-2] DEBUG org.asynchttpclient.netty.handler.HttpHandler - 

Request DefaultFullHttpRequest(decodeResult: success, version: HTTP/1.1, content: EmptyByteBufBE)
GET /session/9bd3ed731d9d151927e77d55f0bc240c/screenshot HTTP/1.1
User-Agent: selenium/4.1.2 (java windows)
Cache-Control: no-cache
Content-Type: application/json; charset=utf-8
host: localhost:59020
accept: */*

Response DefaultHttpResponse(decodeResult: success, version: HTTP/1.1)
HTTP/1.1 200 OK
Content-Type: application/json; charset=utf-8
cache-control: no-cache
content-length: 47824

17:56:02.024 [AsyncHttpClient-1-2] DEBUG org.asynchttpclient.netty.channel.ChannelManager - Adding key: http://localhost:59020 for channel [id: 0xb22bc2b1, L:/127.0.0.1:58669 - R:localhost/127.0.0.1:59020]
17:56:02.026 [main] DEBUG net.serenitybdd.core.photography.Darkroom - Send negative for processing for target\site\serenity\8bc0664130e55173f0c346b32dd6adf47c8fe861d4d81eaeac33af0093444118.png
17:56:02.026 [main] DEBUG net.thucydides.core.steps.StepInterceptor - STEP DONE: inputEmail
  &amp#27;[32mAnd &amp#27;[0m&amp#27;[32minput &amp#27;[0m&amp#27;[32m&amp#27;[1m"new"&amp#27;[0m&amp#27;[32m email&amp#27;[0m              &amp#27;[90m# starter.stepdefinitions.RegisterSteps.inputEmail(java.lang.String)&amp#27;[0m
17:56:02.027 [Darkroom Processing Line] DEBUG net.serenitybdd.core.photography.DarkroomProcessingLine - Processing screenshot image in /var/screenshots/screenshot-8107716311317635570
17:56:02.027 [Darkroom Processing Line] DEBUG net.serenitybdd.core.photography.DarkroomProcessingLine - Saving screenshot to target\site\serenity\8bc0664130e55173f0c346b32dd6adf47c8fe861d4d81eaeac33af0093444118.png
17:56:02.042 [main] DEBUG net.thucydides.core.steps.StepInterceptor - STARTING STEP: RegisterSteps.inputPassword - inputPassword
17:56:02.046 [Forwarding findElement on session 9bd3ed731d9d151927e77d55f0bc240c to remote] DEBUG org.asynchttpclient.netty.request.NettyRequestSender - Using pooled Channel '[id: 0xb22bc2b1, L:/127.0.0.1:58669 - R:localhost/127.0.0.1:59020]' for 'POST' to 'http://localhost:59020/session/9bd3ed731d9d151927e77d55f0bc240c/element'
17:56:02.046 [Forwarding findElement on session 9bd3ed731d9d151927e77d55f0bc240c to remote] DEBUG org.asynchttpclient.netty.request.NettyRequestSender - Using open Channel [id: 0xb22bc2b1, L:/127.0.0.1:58669 - R:localhost/127.0.0.1:59020] for POST '/session/9bd3ed731d9d151927e77d55f0bc240c/element'
17:56:02.057 [AsyncHttpClient-1-2] DEBUG org.asynchttpclient.netty.handler.HttpHandler - 

Request DefaultHttpRequest(decodeResult: success, version: HTTP/1.1)
POST /session/9bd3ed731d9d151927e77d55f0bc240c/element HTTP/1.1
User-Agent: selenium/4.1.2 (java windows)
Content-Length: 87
Content-Type: application/json; charset=utf-8
host: localhost:59020
accept: */*

Response DefaultHttpResponse(decodeResult: success, version: HTTP/1.1)
HTTP/1.1 200 OK
Content-Type: application/json; charset=utf-8
cache-control: no-cache
content-length: 88

17:56:02.057 [AsyncHttpClient-1-2] DEBUG org.asynchttpclient.netty.channel.ChannelManager - Adding key: http://localhost:59020 for channel [id: 0xb22bc2b1, L:/127.0.0.1:58669 - R:localhost/127.0.0.1:59020]
17:56:02.059 [Forwarding clearElement on session 9bd3ed731d9d151927e77d55f0bc240c to remote] DEBUG org.asynchttpclient.netty.request.NettyRequestSender - Using pooled Channel '[id: 0xb22bc2b1, L:/127.0.0.1:58669 - R:localhost/127.0.0.1:59020]' for 'POST' to 'http://localhost:59020/session/9bd3ed731d9d151927e77d55f0bc240c/element/0bd74106-f9b5-49d3-8287-1fcb92dee5cb/clear'
17:56:02.059 [Forwarding clearElement on session 9bd3ed731d9d151927e77d55f0bc240c to remote] DEBUG org.asynchttpclient.netty.request.NettyRequestSender - Using open Channel [id: 0xb22bc2b1, L:/127.0.0.1:58669 - R:localhost/127.0.0.1:59020] for POST '/session/9bd3ed731d9d151927e77d55f0bc240c/element/0bd74106-f9b5-49d3-8287-1fcb92dee5cb/clear'
17:56:02.098 [AsyncHttpClient-1-2] DEBUG org.asynchttpclient.netty.handler.HttpHandler - 

Request DefaultHttpRequest(decodeResult: success, version: HTTP/1.1)
POST /session/9bd3ed731d9d151927e77d55f0bc240c/element/0bd74106-f9b5-49d3-8287-1fcb92dee5cb/clear HTTP/1.1
User-Agent: selenium/4.1.2 (java windows)
Content-Length: 50
Content-Type: application/json; charset=utf-8
host: localhost:59020
accept: */*

Response DefaultHttpResponse(decodeResult: success, version: HTTP/1.1)
HTTP/1.1 200 OK
Content-Type: application/json; charset=utf-8
cache-control: no-cache
content-length: 14

17:56:02.098 [AsyncHttpClient-1-2] DEBUG org.asynchttpclient.netty.channel.ChannelManager - Adding key: http://localhost:59020 for channel [id: 0xb22bc2b1, L:/127.0.0.1:58669 - R:localhost/127.0.0.1:59020]
17:56:02.099 [Forwarding sendKeysToElement on session 9bd3ed731d9d151927e77d55f0bc240c to remote] DEBUG org.asynchttpclient.netty.request.NettyRequestSender - Using pooled Channel '[id: 0xb22bc2b1, L:/127.0.0.1:58669 - R:localhost/127.0.0.1:59020]' for 'POST' to 'http://localhost:59020/session/9bd3ed731d9d151927e77d55f0bc240c/element/0bd74106-f9b5-49d3-8287-1fcb92dee5cb/value'
17:56:02.099 [Forwarding sendKeysToElement on session 9bd3ed731d9d151927e77d55f0bc240c to remote] DEBUG org.asynchttpclient.netty.request.NettyRequestSender - Using open Channel [id: 0xb22bc2b1, L:/127.0.0.1:58669 - R:localhost/127.0.0.1:59020] for POST '/session/9bd3ed731d9d151927e77d55f0bc240c/element/0bd74106-f9b5-49d3-8287-1fcb92dee5cb/value'
17:56:02.200 [AsyncHttpClient-1-2] DEBUG org.asynchttpclient.netty.handler.HttpHandler - 

Request DefaultHttpRequest(decodeResult: success, version: HTTP/1.1)
POST /session/9bd3ed731d9d151927e77d55f0bc240c/element/0bd74106-f9b5-49d3-8287-1fcb92dee5cb/value HTTP/1.1
User-Agent: selenium/4.1.2 (java windows)
Content-Length: 181
Content-Type: application/json; charset=utf-8
host: localhost:59020
accept: */*

Response DefaultHttpResponse(decodeResult: success, version: HTTP/1.1)
HTTP/1.1 200 OK
Content-Type: application/json; charset=utf-8
cache-control: no-cache
content-length: 14

17:56:02.200 [AsyncHttpClient-1-2] DEBUG org.asynchttpclient.netty.channel.ChannelManager - Adding key: http://localhost:59020 for channel [id: 0xb22bc2b1, L:/127.0.0.1:58669 - R:localhost/127.0.0.1:59020]
17:56:02.208 [Forwarding screenshot on session 9bd3ed731d9d151927e77d55f0bc240c to remote] DEBUG org.asynchttpclient.netty.request.NettyRequestSender - Using pooled Channel '[id: 0xb22bc2b1, L:/127.0.0.1:58669 - R:localhost/127.0.0.1:59020]' for 'GET' to 'http://localhost:59020/session/9bd3ed731d9d151927e77d55f0bc240c/screenshot'
17:56:02.208 [Forwarding screenshot on session 9bd3ed731d9d151927e77d55f0bc240c to remote] DEBUG org.asynchttpclient.netty.request.NettyRequestSender - Using open Channel [id: 0xb22bc2b1, L:/127.0.0.1:58669 - R:localhost/127.0.0.1:59020] for GET '/session/9bd3ed731d9d151927e77d55f0bc240c/screenshot'
17:56:02.414 [AsyncHttpClient-1-1] DEBUG org.asynchttpclient.netty.channel.DefaultChannelPool - Entry count for : http://localhost:58670 : 1
17:56:02.437 [AsyncHttpClient-1-2] DEBUG org.asynchttpclient.netty.handler.HttpHandler - 

Request DefaultFullHttpRequest(decodeResult: success, version: HTTP/1.1, content: EmptyByteBufBE)
GET /session/9bd3ed731d9d151927e77d55f0bc240c/screenshot HTTP/1.1
User-Agent: selenium/4.1.2 (java windows)
Cache-Control: no-cache
Content-Type: application/json; charset=utf-8
host: localhost:59020
accept: */*

Response DefaultHttpResponse(decodeResult: success, version: HTTP/1.1)
HTTP/1.1 200 OK
Content-Type: application/json; charset=utf-8
cache-control: no-cache
content-length: 51252

17:56:02.437 [AsyncHttpClient-1-2] DEBUG org.asynchttpclient.netty.channel.ChannelManager - Adding key: http://localhost:59020 for channel [id: 0xb22bc2b1, L:/127.0.0.1:58669 - R:localhost/127.0.0.1:59020]
17:56:02.439 [main] DEBUG net.serenitybdd.core.photography.Darkroom - Send negative for processing for target\site\serenity\e009b54d22e7283a207434bfca741d5431791c4437ad29b1a704c9868ffc7fcb.png
17:56:02.439 [main] DEBUG net.thucydides.core.steps.StepInterceptor - STEP DONE: inputPassword
  &amp#27;[32mAnd &amp#27;[0m&amp#27;[32minput &amp#27;[0m&amp#27;[32m&amp#27;[1m"Doremi@123"&amp#27;[0m&amp#27;[32m password&amp#27;[0m    &amp#27;[90m# starter.stepdefinitions.RegisterSteps.inputPassword(java.lang.String)&amp#27;[0m
17:56:02.439 [Darkroom Processing Line] DEBUG net.serenitybdd.core.photography.DarkroomProcessingLine - Processing screenshot image in /var/screenshots/screenshot-9497666903417062207
17:56:02.439 [Darkroom Processing Line] DEBUG net.serenitybdd.core.photography.DarkroomProcessingLine - Saving screenshot to target\site\serenity\e009b54d22e7283a207434bfca741d5431791c4437ad29b1a704c9868ffc7fcb.png
17:56:02.453 [main] DEBUG net.thucydides.core.steps.StepInterceptor - STARTING STEP: RegisterSteps.iClickRegisterButton - clickRegisterButton
17:56:02.455 [Forwarding findElement on session 9bd3ed731d9d151927e77d55f0bc240c to remote] DEBUG org.asynchttpclient.netty.request.NettyRequestSender - Using pooled Channel '[id: 0xb22bc2b1, L:/127.0.0.1:58669 - R:localhost/127.0.0.1:59020]' for 'POST' to 'http://localhost:59020/session/9bd3ed731d9d151927e77d55f0bc240c/element'
17:56:02.455 [Forwarding findElement on session 9bd3ed731d9d151927e77d55f0bc240c to remote] DEBUG org.asynchttpclient.netty.request.NettyRequestSender - Using open Channel [id: 0xb22bc2b1, L:/127.0.0.1:58669 - R:localhost/127.0.0.1:59020] for POST '/session/9bd3ed731d9d151927e77d55f0bc240c/element'
17:56:02.464 [AsyncHttpClient-1-2] DEBUG org.asynchttpclient.netty.handler.HttpHandler - 

Request DefaultHttpRequest(decodeResult: success, version: HTTP/1.1)
POST /session/9bd3ed731d9d151927e77d55f0bc240c/element HTTP/1.1
User-Agent: selenium/4.1.2 (java windows)
Content-Length: 92
Content-Type: application/json; charset=utf-8
host: localhost:59020
accept: */*

Response DefaultHttpResponse(decodeResult: success, version: HTTP/1.1)
HTTP/1.1 200 OK
Content-Type: application/json; charset=utf-8
cache-control: no-cache
content-length: 88

17:56:02.464 [AsyncHttpClient-1-2] DEBUG org.asynchttpclient.netty.channel.ChannelManager - Adding key: http://localhost:59020 for channel [id: 0xb22bc2b1, L:/127.0.0.1:58669 - R:localhost/127.0.0.1:59020]
17:56:02.465 [Forwarding getElementTagName on session 9bd3ed731d9d151927e77d55f0bc240c to remote] DEBUG org.asynchttpclient.netty.request.NettyRequestSender - Using pooled Channel '[id: 0xb22bc2b1, L:/127.0.0.1:58669 - R:localhost/127.0.0.1:59020]' for 'GET' to 'http://localhost:59020/session/9bd3ed731d9d151927e77d55f0bc240c/element/d55a4605-503b-4625-bf02-884fb1db7588/name'
17:56:02.465 [Forwarding getElementTagName on session 9bd3ed731d9d151927e77d55f0bc240c to remote] DEBUG org.asynchttpclient.netty.request.NettyRequestSender - Using open Channel [id: 0xb22bc2b1, L:/127.0.0.1:58669 - R:localhost/127.0.0.1:59020] for GET '/session/9bd3ed731d9d151927e77d55f0bc240c/element/d55a4605-503b-4625-bf02-884fb1db7588/name'
17:56:02.469 [AsyncHttpClient-1-2] DEBUG org.asynchttpclient.netty.handler.HttpHandler - 

Request DefaultFullHttpRequest(decodeResult: success, version: HTTP/1.1, content: EmptyByteBufBE)
GET /session/9bd3ed731d9d151927e77d55f0bc240c/element/d55a4605-503b-4625-bf02-884fb1db7588/name HTTP/1.1
User-Agent: selenium/4.1.2 (java windows)
Cache-Control: no-cache
Content-Type: application/json; charset=utf-8
host: localhost:59020
accept: */*

Response DefaultHttpResponse(decodeResult: success, version: HTTP/1.1)
HTTP/1.1 200 OK
Content-Type: application/json; charset=utf-8
cache-control: no-cache
content-length: 18

17:56:02.469 [AsyncHttpClient-1-2] DEBUG org.asynchttpclient.netty.channel.ChannelManager - Adding key: http://localhost:59020 for channel [id: 0xb22bc2b1, L:/127.0.0.1:58669 - R:localhost/127.0.0.1:59020]
17:56:02.470 [Forwarding getElementTagName on session 9bd3ed731d9d151927e77d55f0bc240c to remote] DEBUG org.asynchttpclient.netty.request.NettyRequestSender - Using pooled Channel '[id: 0xb22bc2b1, L:/127.0.0.1:58669 - R:localhost/127.0.0.1:59020]' for 'GET' to 'http://localhost:59020/session/9bd3ed731d9d151927e77d55f0bc240c/element/d55a4605-503b-4625-bf02-884fb1db7588/name'
17:56:02.470 [Forwarding getElementTagName on session 9bd3ed731d9d151927e77d55f0bc240c to remote] DEBUG org.asynchttpclient.netty.request.NettyRequestSender - Using open Channel [id: 0xb22bc2b1, L:/127.0.0.1:58669 - R:localhost/127.0.0.1:59020] for GET '/session/9bd3ed731d9d151927e77d55f0bc240c/element/d55a4605-503b-4625-bf02-884fb1db7588/name'
17:56:02.474 [AsyncHttpClient-1-2] DEBUG org.asynchttpclient.netty.handler.HttpHandler - 

Request DefaultFullHttpRequest(decodeResult: success, version: HTTP/1.1, content: EmptyByteBufBE)
GET /session/9bd3ed731d9d151927e77d55f0bc240c/element/d55a4605-503b-4625-bf02-884fb1db7588/name HTTP/1.1
User-Agent: selenium/4.1.2 (java windows)
Cache-Control: no-cache
Content-Type: application/json; charset=utf-8
host: localhost:59020
accept: */*

Response DefaultHttpResponse(decodeResult: success, version: HTTP/1.1)
HTTP/1.1 200 OK
Content-Type: application/json; charset=utf-8
cache-control: no-cache
content-length: 18

17:56:02.474 [AsyncHttpClient-1-2] DEBUG org.asynchttpclient.netty.channel.ChannelManager - Adding key: http://localhost:59020 for channel [id: 0xb22bc2b1, L:/127.0.0.1:58669 - R:localhost/127.0.0.1:59020]
17:56:02.478 [Forwarding isElementEnabled on session 9bd3ed731d9d151927e77d55f0bc240c to remote] DEBUG org.asynchttpclient.netty.request.NettyRequestSender - Using pooled Channel '[id: 0xb22bc2b1, L:/127.0.0.1:58669 - R:localhost/127.0.0.1:59020]' for 'GET' to 'http://localhost:59020/session/9bd3ed731d9d151927e77d55f0bc240c/element/d55a4605-503b-4625-bf02-884fb1db7588/enabled'
17:56:02.478 [Forwarding isElementEnabled on session 9bd3ed731d9d151927e77d55f0bc240c to remote] DEBUG org.asynchttpclient.netty.request.NettyRequestSender - Using open Channel [id: 0xb22bc2b1, L:/127.0.0.1:58669 - R:localhost/127.0.0.1:59020] for GET '/session/9bd3ed731d9d151927e77d55f0bc240c/element/d55a4605-503b-4625-bf02-884fb1db7588/enabled'
17:56:02.488 [AsyncHttpClient-1-2] DEBUG org.asynchttpclient.netty.handler.HttpHandler - 

Request DefaultFullHttpRequest(decodeResult: success, version: HTTP/1.1, content: EmptyByteBufBE)
GET /session/9bd3ed731d9d151927e77d55f0bc240c/element/d55a4605-503b-4625-bf02-884fb1db7588/enabled HTTP/1.1
User-Agent: selenium/4.1.2 (java windows)
Cache-Control: no-cache
Content-Type: application/json; charset=utf-8
host: localhost:59020
accept: */*

Response DefaultHttpResponse(decodeResult: success, version: HTTP/1.1)
HTTP/1.1 200 OK
Content-Type: application/json; charset=utf-8
cache-control: no-cache
content-length: 14

17:56:02.488 [AsyncHttpClient-1-2] DEBUG org.asynchttpclient.netty.channel.ChannelManager - Adding key: http://localhost:59020 for channel [id: 0xb22bc2b1, L:/127.0.0.1:58669 - R:localhost/127.0.0.1:59020]
17:56:02.489 [Forwarding isElementEnabled on session 9bd3ed731d9d151927e77d55f0bc240c to remote] DEBUG org.asynchttpclient.netty.request.NettyRequestSender - Using pooled Channel '[id: 0xb22bc2b1, L:/127.0.0.1:58669 - R:localhost/127.0.0.1:59020]' for 'GET' to 'http://localhost:59020/session/9bd3ed731d9d151927e77d55f0bc240c/element/d55a4605-503b-4625-bf02-884fb1db7588/enabled'
17:56:02.489 [Forwarding isElementEnabled on session 9bd3ed731d9d151927e77d55f0bc240c to remote] DEBUG org.asynchttpclient.netty.request.NettyRequestSender - Using open Channel [id: 0xb22bc2b1, L:/127.0.0.1:58669 - R:localhost/127.0.0.1:59020] for GET '/session/9bd3ed731d9d151927e77d55f0bc240c/element/d55a4605-503b-4625-bf02-884fb1db7588/enabled'
17:56:02.497 [AsyncHttpClient-1-2] DEBUG org.asynchttpclient.netty.handler.HttpHandler - 

Request DefaultFullHttpRequest(decodeResult: success, version: HTTP/1.1, content: EmptyByteBufBE)
GET /session/9bd3ed731d9d151927e77d55f0bc240c/element/d55a4605-503b-4625-bf02-884fb1db7588/enabled HTTP/1.1
User-Agent: selenium/4.1.2 (java windows)
Cache-Control: no-cache
Content-Type: application/json; charset=utf-8
host: localhost:59020
accept: */*

Response DefaultHttpResponse(decodeResult: success, version: HTTP/1.1)
HTTP/1.1 200 OK
Content-Type: application/json; charset=utf-8
cache-control: no-cache
content-length: 14

17:56:02.497 [AsyncHttpClient-1-2] DEBUG org.asynchttpclient.netty.channel.ChannelManager - Adding key: http://localhost:59020 for channel [id: 0xb22bc2b1, L:/127.0.0.1:58669 - R:localhost/127.0.0.1:59020]
17:56:02.499 [Forwarding findElement on session 9bd3ed731d9d151927e77d55f0bc240c to remote] DEBUG org.asynchttpclient.netty.request.NettyRequestSender - Using pooled Channel '[id: 0xb22bc2b1, L:/127.0.0.1:58669 - R:localhost/127.0.0.1:59020]' for 'POST' to 'http://localhost:59020/session/9bd3ed731d9d151927e77d55f0bc240c/element'
17:56:02.499 [Forwarding findElement on session 9bd3ed731d9d151927e77d55f0bc240c to remote] DEBUG org.asynchttpclient.netty.request.NettyRequestSender - Using open Channel [id: 0xb22bc2b1, L:/127.0.0.1:58669 - R:localhost/127.0.0.1:59020] for POST '/session/9bd3ed731d9d151927e77d55f0bc240c/element'
17:56:02.506 [AsyncHttpClient-1-2] DEBUG org.asynchttpclient.netty.handler.HttpHandler - 

Request DefaultHttpRequest(decodeResult: success, version: HTTP/1.1)
POST /session/9bd3ed731d9d151927e77d55f0bc240c/element HTTP/1.1
User-Agent: selenium/4.1.2 (java windows)
Content-Length: 92
Content-Type: application/json; charset=utf-8
host: localhost:59020
accept: */*

Response DefaultHttpResponse(decodeResult: success, version: HTTP/1.1)
HTTP/1.1 200 OK
Content-Type: application/json; charset=utf-8
cache-control: no-cache
content-length: 88

17:56:02.506 [AsyncHttpClient-1-2] DEBUG org.asynchttpclient.netty.channel.ChannelManager - Adding key: http://localhost:59020 for channel [id: 0xb22bc2b1, L:/127.0.0.1:58669 - R:localhost/127.0.0.1:59020]
17:56:02.508 [Forwarding clickElement on session 9bd3ed731d9d151927e77d55f0bc240c to remote] DEBUG org.asynchttpclient.netty.request.NettyRequestSender - Using pooled Channel '[id: 0xb22bc2b1, L:/127.0.0.1:58669 - R:localhost/127.0.0.1:59020]' for 'POST' to 'http://localhost:59020/session/9bd3ed731d9d151927e77d55f0bc240c/element/d55a4605-503b-4625-bf02-884fb1db7588/click'
17:56:02.508 [Forwarding clickElement on session 9bd3ed731d9d151927e77d55f0bc240c to remote] DEBUG org.asynchttpclient.netty.request.NettyRequestSender - Using open Channel [id: 0xb22bc2b1, L:/127.0.0.1:58669 - R:localhost/127.0.0.1:59020] for POST '/session/9bd3ed731d9d151927e77d55f0bc240c/element/d55a4605-503b-4625-bf02-884fb1db7588/click'
17:56:02.560 [AsyncHttpClient-1-2] DEBUG org.asynchttpclient.netty.handler.HttpHandler - 

Request DefaultHttpRequest(decodeResult: success, version: HTTP/1.1)
POST /session/9bd3ed731d9d151927e77d55f0bc240c/element/d55a4605-503b-4625-bf02-884fb1db7588/click HTTP/1.1
User-Agent: selenium/4.1.2 (java windows)
Content-Length: 50
Content-Type: application/json; charset=utf-8
host: localhost:59020
accept: */*

Response DefaultHttpResponse(decodeResult: success, version: HTTP/1.1)
HTTP/1.1 200 OK
Content-Type: application/json; charset=utf-8
cache-control: no-cache
content-length: 14

17:56:02.560 [AsyncHttpClient-1-2] DEBUG org.asynchttpclient.netty.channel.ChannelManager - Adding key: http://localhost:59020 for channel [id: 0xb22bc2b1, L:/127.0.0.1:58669 - R:localhost/127.0.0.1:59020]
17:56:02.566 [Forwarding screenshot on session 9bd3ed731d9d151927e77d55f0bc240c to remote] DEBUG org.asynchttpclient.netty.request.NettyRequestSender - Using pooled Channel '[id: 0xb22bc2b1, L:/127.0.0.1:58669 - R:localhost/127.0.0.1:59020]' for 'GET' to 'http://localhost:59020/session/9bd3ed731d9d151927e77d55f0bc240c/screenshot'
17:56:02.566 [Forwarding screenshot on session 9bd3ed731d9d151927e77d55f0bc240c to remote] DEBUG org.asynchttpclient.netty.request.NettyRequestSender - Using open Channel [id: 0xb22bc2b1, L:/127.0.0.1:58669 - R:localhost/127.0.0.1:59020] for GET '/session/9bd3ed731d9d151927e77d55f0bc240c/screenshot'
17:56:02.770 [AsyncHttpClient-1-2] DEBUG org.asynchttpclient.netty.handler.HttpHandler - 

Request DefaultFullHttpRequest(decodeResult: success, version: HTTP/1.1, content: EmptyByteBufBE)
GET /session/9bd3ed731d9d151927e77d55f0bc240c/screenshot HTTP/1.1
User-Agent: selenium/4.1.2 (java windows)
Cache-Control: no-cache
Content-Type: application/json; charset=utf-8
host: localhost:59020
accept: */*

Response DefaultHttpResponse(decodeResult: success, version: HTTP/1.1)
HTTP/1.1 200 OK
Content-Type: application/json; charset=utf-8
cache-control: no-cache
content-length: 50452

17:56:02.770 [AsyncHttpClient-1-2] DEBUG org.asynchttpclient.netty.channel.ChannelManager - Adding key: http://localhost:59020 for channel [id: 0xb22bc2b1, L:/127.0.0.1:58669 - R:localhost/127.0.0.1:59020]
17:56:02.773 [main] DEBUG net.serenitybdd.core.photography.Darkroom - Send negative for processing for target\site\serenity\b0da4538143009f9afec333c0bd3c2413a241aafe2dc5f8a94f640b5133a7786.png
17:56:02.773 [main] DEBUG net.thucydides.core.steps.StepInterceptor - STEP DONE: clickRegisterButton
  &amp#27;[32mAnd &amp#27;[0m&amp#27;[32mI click register button&amp#27;[0m        &amp#27;[90m# starter.stepdefinitions.RegisterSteps.iClickRegisterButton()&amp#27;[0m
17:56:02.773 [Darkroom Processing Line] DEBUG net.serenitybdd.core.photography.DarkroomProcessingLine - Processing screenshot image in /var/screenshots/screenshot-8233448915752032361
17:56:02.774 [Darkroom Processing Line] DEBUG net.serenitybdd.core.photography.DarkroomProcessingLine - Saving screenshot to target\site\serenity\b0da4538143009f9afec333c0bd3c2413a241aafe2dc5f8a94f640b5133a7786.png
17:56:02.783 [Forwarding findElement on session 9bd3ed731d9d151927e77d55f0bc240c to remote] DEBUG org.asynchttpclient.netty.request.NettyRequestSender - Using pooled Channel '[id: 0xb22bc2b1, L:/127.0.0.1:58669 - R:localhost/127.0.0.1:59020]' for 'POST' to 'http://localhost:59020/session/9bd3ed731d9d151927e77d55f0bc240c/element'
17:56:02.783 [Forwarding findElement on session 9bd3ed731d9d151927e77d55f0bc240c to remote] DEBUG org.asynchttpclient.netty.request.NettyRequestSender - Using open Channel [id: 0xb22bc2b1, L:/127.0.0.1:58669 - R:localhost/127.0.0.1:59020] for POST '/session/9bd3ed731d9d151927e77d55f0bc240c/element'
17:56:02.791 [AsyncHttpClient-1-2] DEBUG org.asynchttpclient.netty.handler.HttpHandler - 

Request DefaultHttpRequest(decodeResult: success, version: HTTP/1.1)
POST /session/9bd3ed731d9d151927e77d55f0bc240c/element HTTP/1.1
User-Agent: selenium/4.1.2 (java windows)
Content-Length: 92
Content-Type: application/json; charset=utf-8
host: localhost:59020
accept: */*

Response DefaultHttpResponse(decodeResult: success, version: HTTP/1.1)
HTTP/1.1 200 OK
Content-Type: application/json; charset=utf-8
cache-control: no-cache
content-length: 88

17:56:02.791 [AsyncHttpClient-1-2] DEBUG org.asynchttpclient.netty.channel.ChannelManager - Adding key: http://localhost:59020 for channel [id: 0xb22bc2b1, L:/127.0.0.1:58669 - R:localhost/127.0.0.1:59020]
17:56:02.794 [Forwarding isElementDisplayed on session 9bd3ed731d9d151927e77d55f0bc240c to remote] DEBUG org.asynchttpclient.netty.request.NettyRequestSender - Using pooled Channel '[id: 0xb22bc2b1, L:/127.0.0.1:58669 - R:localhost/127.0.0.1:59020]' for 'POST' to 'http://localhost:59020/session/9bd3ed731d9d151927e77d55f0bc240c/execute/sync'
17:56:02.794 [Forwarding isElementDisplayed on session 9bd3ed731d9d151927e77d55f0bc240c to remote] DEBUG org.asynchttpclient.netty.request.NettyRequestSender - Using open Channel [id: 0xb22bc2b1, L:/127.0.0.1:58669 - R:localhost/127.0.0.1:59020] for POST '/session/9bd3ed731d9d151927e77d55f0bc240c/execute/sync'
17:56:02.810 [AsyncHttpClient-1-2] DEBUG org.asynchttpclient.netty.handler.HttpHandler - 

Request DefaultHttpRequest(decodeResult: success, version: HTTP/1.1)
POST /session/9bd3ed731d9d151927e77d55f0bc240c/execute/sync HTTP/1.1
User-Agent: selenium/4.1.2 (java windows)
Content-Length: 48780
Content-Type: application/json; charset=utf-8
host: localhost:59020
accept: */*

Response DefaultHttpResponse(decodeResult: success, version: HTTP/1.1)
HTTP/1.1 200 OK
Content-Type: application/json; charset=utf-8
cache-control: no-cache
content-length: 14

17:56:02.810 [AsyncHttpClient-1-2] DEBUG org.asynchttpclient.netty.channel.ChannelManager - Adding key: http://localhost:59020 for channel [id: 0xb22bc2b1, L:/127.0.0.1:58669 - R:localhost/127.0.0.1:59020]
  &amp#27;[32mThen &amp#27;[0m&amp#27;[32mI get &amp#27;[0m&amp#27;[32m&amp#27;[1m"login"&amp#27;[0m                 &amp#27;[90m# starter.stepdefinitions.RegisterSteps.iGet(java.lang.String)&amp#27;[0m
17:56:02.820 [AsyncHttpClient-1-4] DEBUG org.asynchttpclient.netty.handler.WebSocketHandler - Channel Closed: [id: 0xa7ede6a5, L:/127.0.0.1:58678 ! R:localhost/127.0.0.1:58670] with attribute NettyResponseFuture{currentRetry=5,
	isDone=1,
	isCancelled=0,
	asyncHandler=org.asynchttpclient.ws.WebSocketUpgradeHandler@6359de94,
	nettyRequest=org.asynchttpclient.netty.request.NettyRequest@34fab5bc,
	future=java.util.concurrent.CompletableFuture@12434adb[Completed normally],
	uri=ws://localhost:58670/devtools/browser/7f5c5d09-ae21-480f-97de-4fb18873060d,
	keepAlive=true,
	redirectCount=0,
	timeoutsHolder=null,
	inAuth=0,
	touch=1652784959759}
17:56:02.820 [AsyncHttpClient-1-4] DEBUG org.asynchttpclient.netty.channel.ChannelManager - Closing Channel [id: 0xa7ede6a5, L:/127.0.0.1:58678 ! R:localhost/127.0.0.1:58670] 
17:56:02.820 [Driver Command Executor] DEBUG org.asynchttpclient.netty.request.NettyRequestSender - Using pooled Channel '[id: 0xb22bc2b1, L:/127.0.0.1:58669 - R:localhost/127.0.0.1:59020]' for 'DELETE' to 'http://localhost:59020/session/9bd3ed731d9d151927e77d55f0bc240c'
17:56:02.820 [Driver Command Executor] DEBUG org.asynchttpclient.netty.request.NettyRequestSender - Using open Channel [id: 0xb22bc2b1, L:/127.0.0.1:58669 - R:localhost/127.0.0.1:59020] for DELETE '/session/9bd3ed731d9d151927e77d55f0bc240c'
17:56:02.848 [AsyncHttpClient-1-3] DEBUG org.asynchttpclient.netty.handler.HttpHandler - Unexpected I/O exception on channel [id: 0x9ccee489, L:/127.0.0.1:58677 - R:localhost/127.0.0.1:58670]
java.net.SocketException: Connection reset
	at java.base/sun.nio.ch.SocketChannelImpl.throwConnectionReset(SocketChannelImpl.java:367)
	at java.base/sun.nio.ch.SocketChannelImpl.read(SocketChannelImpl.java:398)
	at io.netty.buffer.PooledByteBuf.setBytes(PooledByteBuf.java:258)
	at io.netty.buffer.AbstractByteBuf.writeBytes(AbstractByteBuf.java:1132)
	at io.netty.channel.socket.nio.NioSocketChannel.doReadBytes(NioSocketChannel.java:350)
	at io.netty.channel.nio.AbstractNioByteChannel$NioByteUnsafe.read(AbstractNioByteChannel.java:151)
	at io.netty.channel.nio.NioEventLoop.processSelectedKey(NioEventLoop.java:722)
	at io.netty.channel.nio.NioEventLoop.processSelectedKeysOptimized(NioEventLoop.java:658)
	at io.netty.channel.nio.NioEventLoop.processSelectedKeys(NioEventLoop.java:584)
	at io.netty.channel.nio.NioEventLoop.run(NioEventLoop.java:496)
	at io.netty.util.concurrent.SingleThreadEventExecutor$4.run(SingleThreadEventExecutor.java:986)
	at io.netty.util.internal.ThreadExecutorMap$2.run(ThreadExecutorMap.java:74)
	at io.netty.util.concurrent.FastThreadLocalRunnable.run(FastThreadLocalRunnable.java:30)
	at java.base/java.lang.Thread.run(Thread.java:832)
17:56:02.848 [AsyncHttpClient-1-3] DEBUG org.asynchttpclient.netty.channel.ChannelManager - Closing Channel [id: 0x9ccee489, L:/127.0.0.1:58677 - R:localhost/127.0.0.1:58670] 
17:56:02.849 [AsyncHttpClient-1-3] DEBUG org.asynchttpclient.netty.handler.HttpHandler - Channel Closed: [id: 0x9ccee489, L:/127.0.0.1:58677 ! R:localhost/127.0.0.1:58670] with attribute DISCARD
17:56:02.868 [AsyncHttpClient-1-2] DEBUG org.asynchttpclient.netty.handler.HttpHandler - 

Request DefaultFullHttpRequest(decodeResult: success, version: HTTP/1.1, content: EmptyByteBufBE)
DELETE /session/9bd3ed731d9d151927e77d55f0bc240c HTTP/1.1
User-Agent: selenium/4.1.2 (java windows)
Content-Type: application/json; charset=utf-8
host: localhost:59020
accept: */*

Response DefaultHttpResponse(decodeResult: success, version: HTTP/1.1)
HTTP/1.1 200 OK
Content-Type: application/json; charset=utf-8
cache-control: no-cache
content-length: 14

17:56:02.868 [AsyncHttpClient-1-2] DEBUG org.asynchttpclient.netty.channel.ChannelManager - Adding key: http://localhost:59020 for channel [id: 0xb22bc2b1, L:/127.0.0.1:58669 - R:localhost/127.0.0.1:59020]
17:56:02.969 [AsyncHttpClient-1-2] DEBUG org.asynchttpclient.netty.handler.HttpHandler - Channel Closed: [id: 0xb22bc2b1, L:/127.0.0.1:58669 ! R:localhost/127.0.0.1:59020] with attribute DISCARD
17:56:03.501 [main] INFO  - 
  _____   ___   ___   _____     ___     _     ___   ___   ___   ___  
 |_   _| | __| / __| |_   _|   | _ \   /_\   / __| / __| | __| |   \ 
   | |   | _|  \__ \   | |     |  _/  / _ \  \__ \ \__ \ | _|  | |) |
   |_|   |___| |___/   |_|     |_|   /_/ \_\ |___/ |___/ |___| |___/ 

Register Scenario
----------------------------------------------------------------------
]]></system-out>
    <system-err><![CDATA[Starting ChromeDriver 101.0.4951.41 (93c720db8323b3ec10d056025ab95c23a31997c9-refs/branch-heads/4951@{#904}) on port 59020
Only local connections are allowed.
Please see https://chromedriver.chromium.org/security-considerations for suggestions on keeping ChromeDriver safe.
ChromeDriver was started successfully.
May 17, 2022 5:55:59 PM org.openqa.selenium.remote.ProtocolHandshake createSession
INFO: Detected dialect: W3C
May 17, 2022 5:55:59 PM org.openqa.selenium.devtools.CdpVersionFinder findNearestMatch
WARNING: Unable to find an exact match for CDP version 101, so returning the closest version found: 97
May 17, 2022 5:55:59 PM org.openqa.selenium.devtools.CdpVersionFinder findNearestMatch
INFO: Found CDP implementation for version 101 of 97
]]></system-err>
  </testcase>
  <testcase name="Register Scenario #2" classname="Register" time="6.181">
    <system-out><![CDATA[
@Register
Scenario Outline: Register Scenario     &amp#27;[90m# src/test/resources/features/Register.feature:19&amp#27;[0m
17:56:03.513 [main] INFO io.cucumber.core.plugin.SerenityReporter - Running feature from file:///E:/Learn/ProjectTestWeb/src/test/resources/features/Register.feature
17:56:03.515 [AsyncHttpClient-1-1] DEBUG org.asynchttpclient.netty.channel.DefaultChannelPool - Entry count for : http://localhost:58670 : 1
17:56:03.515 [AsyncHttpClient-1-1] DEBUG org.asynchttpclient.netty.channel.DefaultChannelPool - Entry count for : http://localhost:59020 : 1
17:56:03.515 [AsyncHttpClient-1-1] DEBUG org.asynchttpclient.netty.channel.DefaultChannelPool - Adding Candidate expired Channel [id: 0x9ccee489, L:/127.0.0.1:58677 ! R:localhost/127.0.0.1:58670] isIdleTimeoutExpired=false isRemotelyClosed=true isTtlExpired=false
17:56:03.515 [AsyncHttpClient-1-1] DEBUG org.asynchttpclient.netty.channel.DefaultChannelPool - Closing Idle Channel [id: 0x9ccee489, L:/127.0.0.1:58677 ! R:localhost/127.0.0.1:58670]
17:56:03.515 [AsyncHttpClient-1-1] DEBUG org.asynchttpclient.netty.channel.DefaultChannelPool - Adding Candidate expired Channel [id: 0xb22bc2b1, L:/127.0.0.1:58669 ! R:localhost/127.0.0.1:59020] isIdleTimeoutExpired=false isRemotelyClosed=true isTtlExpired=false
17:56:03.515 [AsyncHttpClient-1-1] DEBUG org.asynchttpclient.netty.channel.DefaultChannelPool - Closing Idle Channel [id: 0xb22bc2b1, L:/127.0.0.1:58669 ! R:localhost/127.0.0.1:59020]
17:56:03.515 [AsyncHttpClient-1-1] DEBUG org.asynchttpclient.netty.channel.DefaultChannelPool - Closed 2 connections out of 2 in 0 ms
17:56:03.530 [main] INFO net.serenitybdd.core.webdriver.driverproviders.ChromeDriverProvider - Using automatically driver download
17:56:03.709 [main] DEBUG io.github.bonigarcia.wdm.cache.ResolutionCache - Resolution chrome=101 in cache (valid until 18:23:13 17/05/2022 ICT)
17:56:03.714 [main] DEBUG io.github.bonigarcia.wdm.cache.ResolutionCache - Resolution chrome101=101.0.4951.41 in cache (valid until 17:23:13 18/05/2022 ICT)
17:56:03.715 [main] INFO io.github.bonigarcia.wdm.WebDriverManager - Using chromedriver 101.0.4951.41 (resolved driver for Chrome 101)
17:56:03.726 [main] DEBUG io.github.bonigarcia.wdm.WebDriverManager - Driver chromedriver 101.0.4951.41 found in cache
17:56:03.727 [main] INFO io.github.bonigarcia.wdm.WebDriverManager - Exporting webdriver.chrome.driver as C:\Users\HP\.cache\selenium\chromedriver\win32\101.0.4951.41\chromedriver.exe
17:56:03.964 [main] DEBUG net.serenitybdd.core.webdriver.driverproviders.ProvideNewDriver - Instantiating driver
17:56:03.964 [main] DEBUG net.serenitybdd.core.webdriver.driverproviders.ProvideNewDriver - Driver capabilities: Capabilities {acceptInsecureCerts: false, base.url: , browserName: chrome, goog:chromeOptions: {args: [], extensions: []}}
17:56:04.528 [AsyncHttpClient-1-5] DEBUG org.asynchttpclient.netty.channel.NettyConnectListener - Using new Channel '[id: 0x93529e0b, L:/127.0.0.1:58696 - R:localhost/127.0.0.1:50738]' for 'POST' to '/session'
17:56:05.213 [AsyncHttpClient-1-5] DEBUG org.asynchttpclient.netty.handler.HttpHandler - 

Request DefaultHttpRequest(decodeResult: success, version: HTTP/1.1)
POST /session HTTP/1.1
User-Agent: selenium/4.1.2 (java windows)
Content-Length: 457
Content-Type: application/json; charset=utf-8
host: localhost:50738
accept: */*

Response DefaultHttpResponse(decodeResult: success, version: HTTP/1.1)
HTTP/1.1 200 OK
Content-Type: application/json; charset=utf-8
cache-control: no-cache
content-length: 785

17:56:05.213 [AsyncHttpClient-1-5] DEBUG org.asynchttpclient.netty.channel.ChannelManager - Adding key: http://localhost:50738 for channel [id: 0x93529e0b, L:/127.0.0.1:58696 - R:localhost/127.0.0.1:50738]
17:56:05.221 [AsyncHttpClient-1-6] DEBUG org.asynchttpclient.netty.channel.NettyConnectListener - Using new Channel '[id: 0xaf5cf903, L:/127.0.0.1:58703 - R:localhost/127.0.0.1:58697]' for 'GET' to '/json/version'
17:56:05.222 [AsyncHttpClient-1-6] DEBUG org.asynchttpclient.netty.handler.HttpHandler - 

Request DefaultFullHttpRequest(decodeResult: success, version: HTTP/1.1, content: EmptyByteBufBE)
GET /json/version HTTP/1.1
User-Agent: selenium/4.1.2 (java windows)
host: localhost:58697
accept: */*

Response DefaultHttpResponse(decodeResult: success, version: HTTP/1.1)
HTTP/1.1 200 OK
Content-Type: application/json; charset=UTF-8
content-length: 427

17:56:05.223 [AsyncHttpClient-1-6] DEBUG org.asynchttpclient.netty.channel.ChannelManager - Adding key: http://localhost:58697 for channel [id: 0xaf5cf903, L:/127.0.0.1:58703 - R:localhost/127.0.0.1:58697]
17:56:05.227 [AsyncHttpClient-1-7] DEBUG org.asynchttpclient.netty.channel.NettyConnectListener - Using new Channel '[id: 0xd6541db8, L:/127.0.0.1:58704 - R:localhost/127.0.0.1:58697]' for 'GET' to '/devtools/browser/b8f9e459-5342-4581-a389-d4fb4d1562dc'
17:56:05.228 [AsyncHttpClient-1-7] DEBUG org.asynchttpclient.netty.handler.WebSocketHandler - 

Request DefaultFullHttpRequest(decodeResult: success, version: HTTP/1.1, content: EmptyByteBufBE)
GET /devtools/browser/b8f9e459-5342-4581-a389-d4fb4d1562dc HTTP/1.1
upgrade: websocket
connection: upgrade
sec-websocket-key: p60hFNfcHNJYYlRu7cYoVQ==
sec-websocket-version: 13
origin: http://localhost:58697
host: localhost:58697
accept: */*
user-agent: AHC/2.1

Response DefaultHttpResponse(decodeResult: success, version: HTTP/1.1)
HTTP/1.1 101 WebSocket Protocol Handshake
Upgrade: WebSocket
Connection: Upgrade
Sec-WebSocket-Accept: X0aB4vKqGcjpYSk2+qc3/n5d5Kg=

17:56:05.233 [Forwarding get on session 84dee0aacd87b38f59e962312cff83e4 to remote] DEBUG org.asynchttpclient.netty.request.NettyRequestSender - Using pooled Channel '[id: 0x93529e0b, L:/127.0.0.1:58696 - R:localhost/127.0.0.1:50738]' for 'POST' to 'http://localhost:50738/session/84dee0aacd87b38f59e962312cff83e4/url'
17:56:05.233 [Forwarding get on session 84dee0aacd87b38f59e962312cff83e4 to remote] DEBUG org.asynchttpclient.netty.request.NettyRequestSender - Using open Channel [id: 0x93529e0b, L:/127.0.0.1:58696 - R:localhost/127.0.0.1:50738] for POST '/session/84dee0aacd87b38f59e962312cff83e4/url'
17:56:05.714 [AsyncHttpClient-1-1] DEBUG org.asynchttpclient.netty.channel.DefaultChannelPool - Entry count for : http://localhost:58697 : 1
17:56:06.277 [AsyncHttpClient-1-5] DEBUG org.asynchttpclient.netty.handler.HttpHandler - 

Request DefaultHttpRequest(decodeResult: success, version: HTTP/1.1)
POST /session/84dee0aacd87b38f59e962312cff83e4/url HTTP/1.1
User-Agent: selenium/4.1.2 (java windows)
Content-Length: 67
Content-Type: application/json; charset=utf-8
host: localhost:50738
accept: */*

Response DefaultHttpResponse(decodeResult: success, version: HTTP/1.1)
HTTP/1.1 200 OK
Content-Type: application/json; charset=utf-8
cache-control: no-cache
content-length: 14

17:56:06.277 [AsyncHttpClient-1-5] DEBUG org.asynchttpclient.netty.channel.ChannelManager - Adding key: http://localhost:50738 for channel [id: 0x93529e0b, L:/127.0.0.1:58696 - R:localhost/127.0.0.1:50738]
17:56:06.279 [Forwarding setTimeout on session 84dee0aacd87b38f59e962312cff83e4 to remote] DEBUG org.asynchttpclient.netty.request.NettyRequestSender - Using pooled Channel '[id: 0x93529e0b, L:/127.0.0.1:58696 - R:localhost/127.0.0.1:50738]' for 'POST' to 'http://localhost:50738/session/84dee0aacd87b38f59e962312cff83e4/timeouts'
17:56:06.279 [Forwarding setTimeout on session 84dee0aacd87b38f59e962312cff83e4 to remote] DEBUG org.asynchttpclient.netty.request.NettyRequestSender - Using open Channel [id: 0x93529e0b, L:/127.0.0.1:58696 - R:localhost/127.0.0.1:50738] for POST '/session/84dee0aacd87b38f59e962312cff83e4/timeouts'
17:56:06.280 [AsyncHttpClient-1-5] DEBUG org.asynchttpclient.netty.handler.HttpHandler - 

Request DefaultHttpRequest(decodeResult: success, version: HTTP/1.1)
POST /session/84dee0aacd87b38f59e962312cff83e4/timeouts HTTP/1.1
User-Agent: selenium/4.1.2 (java windows)
Content-Length: 22
Content-Type: application/json; charset=utf-8
host: localhost:50738
accept: */*

Response DefaultHttpResponse(decodeResult: success, version: HTTP/1.1)
HTTP/1.1 200 OK
Content-Type: application/json; charset=utf-8
cache-control: no-cache
content-length: 14

17:56:06.280 [AsyncHttpClient-1-5] DEBUG org.asynchttpclient.netty.channel.ChannelManager - Adding key: http://localhost:50738 for channel [id: 0x93529e0b, L:/127.0.0.1:58696 - R:localhost/127.0.0.1:50738]
17:56:06.282 [Forwarding getCurrentUrl on session 84dee0aacd87b38f59e962312cff83e4 to remote] DEBUG org.asynchttpclient.netty.request.NettyRequestSender - Using pooled Channel '[id: 0x93529e0b, L:/127.0.0.1:58696 - R:localhost/127.0.0.1:50738]' for 'GET' to 'http://localhost:50738/session/84dee0aacd87b38f59e962312cff83e4/url'
17:56:06.282 [Forwarding getCurrentUrl on session 84dee0aacd87b38f59e962312cff83e4 to remote] DEBUG org.asynchttpclient.netty.request.NettyRequestSender - Using open Channel [id: 0x93529e0b, L:/127.0.0.1:58696 - R:localhost/127.0.0.1:50738] for GET '/session/84dee0aacd87b38f59e962312cff83e4/url'
17:56:06.291 [AsyncHttpClient-1-5] DEBUG org.asynchttpclient.netty.handler.HttpHandler - 

Request DefaultFullHttpRequest(decodeResult: success, version: HTTP/1.1, content: EmptyByteBufBE)
GET /session/84dee0aacd87b38f59e962312cff83e4/url HTTP/1.1
User-Agent: selenium/4.1.2 (java windows)
Cache-Control: no-cache
Content-Type: application/json; charset=utf-8
host: localhost:50738
accept: */*

Response DefaultHttpResponse(decodeResult: success, version: HTTP/1.1)
HTTP/1.1 200 OK
Content-Type: application/json; charset=utf-8
cache-control: no-cache
content-length: 44

17:56:06.291 [AsyncHttpClient-1-5] DEBUG org.asynchttpclient.netty.channel.ChannelManager - Adding key: http://localhost:50738 for channel [id: 0x93529e0b, L:/127.0.0.1:58696 - R:localhost/127.0.0.1:50738]
17:56:06.300 [Forwarding screenshot on session 84dee0aacd87b38f59e962312cff83e4 to remote] DEBUG org.asynchttpclient.netty.request.NettyRequestSender - Using pooled Channel '[id: 0x93529e0b, L:/127.0.0.1:58696 - R:localhost/127.0.0.1:50738]' for 'GET' to 'http://localhost:50738/session/84dee0aacd87b38f59e962312cff83e4/screenshot'
17:56:06.300 [Forwarding screenshot on session 84dee0aacd87b38f59e962312cff83e4 to remote] DEBUG org.asynchttpclient.netty.request.NettyRequestSender - Using open Channel [id: 0x93529e0b, L:/127.0.0.1:58696 - R:localhost/127.0.0.1:50738] for GET '/session/84dee0aacd87b38f59e962312cff83e4/screenshot'
17:56:06.745 [AsyncHttpClient-1-5] DEBUG org.asynchttpclient.netty.handler.HttpHandler - 

Request DefaultFullHttpRequest(decodeResult: success, version: HTTP/1.1, content: EmptyByteBufBE)
GET /session/84dee0aacd87b38f59e962312cff83e4/screenshot HTTP/1.1
User-Agent: selenium/4.1.2 (java windows)
Cache-Control: no-cache
Content-Type: application/json; charset=utf-8
host: localhost:50738
accept: */*

Response DefaultHttpResponse(decodeResult: success, version: HTTP/1.1)
HTTP/1.1 200 OK
Content-Type: application/json; charset=utf-8
cache-control: no-cache
content-length: 37608

17:56:06.745 [AsyncHttpClient-1-5] DEBUG org.asynchttpclient.netty.channel.ChannelManager - Adding key: http://localhost:50738 for channel [id: 0x93529e0b, L:/127.0.0.1:58696 - R:localhost/127.0.0.1:50738]
17:56:06.747 [main] DEBUG net.serenitybdd.core.photography.Darkroom - Send negative for processing for target\site\serenity\49d6eedabd9377bdcbf390b98d2a22aaf52d6bc2093bb332cef2ee61950daedd.png
17:56:06.747 [main] DEBUG net.thucydides.core.steps.StepInterceptor - STARTING STEP: RegisterSteps.iAmOnTheRegisterPage - validateOnRegisterPage
17:56:06.749 [Forwarding findElement on session 84dee0aacd87b38f59e962312cff83e4 to remote] DEBUG org.asynchttpclient.netty.request.NettyRequestSender - Using pooled Channel '[id: 0x93529e0b, L:/127.0.0.1:58696 - R:localhost/127.0.0.1:50738]' for 'POST' to 'http://localhost:50738/session/84dee0aacd87b38f59e962312cff83e4/element'
17:56:06.749 [Forwarding findElement on session 84dee0aacd87b38f59e962312cff83e4 to remote] DEBUG org.asynchttpclient.netty.request.NettyRequestSender - Using open Channel [id: 0x93529e0b, L:/127.0.0.1:58696 - R:localhost/127.0.0.1:50738] for POST '/session/84dee0aacd87b38f59e962312cff83e4/element'
17:56:06.763 [AsyncHttpClient-1-5] DEBUG org.asynchttpclient.netty.handler.HttpHandler - 

Request DefaultHttpRequest(decodeResult: success, version: HTTP/1.1)
POST /session/84dee0aacd87b38f59e962312cff83e4/element HTTP/1.1
User-Agent: selenium/4.1.2 (java windows)
Content-Length: 92
Content-Type: application/json; charset=utf-8
host: localhost:50738
accept: */*

Response DefaultHttpResponse(decodeResult: success, version: HTTP/1.1)
HTTP/1.1 200 OK
Content-Type: application/json; charset=utf-8
cache-control: no-cache
content-length: 88

17:56:06.763 [AsyncHttpClient-1-5] DEBUG org.asynchttpclient.netty.channel.ChannelManager - Adding key: http://localhost:50738 for channel [id: 0x93529e0b, L:/127.0.0.1:58696 - R:localhost/127.0.0.1:50738]
17:56:06.766 [Forwarding isElementDisplayed on session 84dee0aacd87b38f59e962312cff83e4 to remote] DEBUG org.asynchttpclient.netty.request.NettyRequestSender - Using pooled Channel '[id: 0x93529e0b, L:/127.0.0.1:58696 - R:localhost/127.0.0.1:50738]' for 'POST' to 'http://localhost:50738/session/84dee0aacd87b38f59e962312cff83e4/execute/sync'
17:56:06.766 [Forwarding isElementDisplayed on session 84dee0aacd87b38f59e962312cff83e4 to remote] DEBUG org.asynchttpclient.netty.request.NettyRequestSender - Using open Channel [id: 0x93529e0b, L:/127.0.0.1:58696 - R:localhost/127.0.0.1:50738] for POST '/session/84dee0aacd87b38f59e962312cff83e4/execute/sync'
17:56:06.781 [AsyncHttpClient-1-5] DEBUG org.asynchttpclient.netty.handler.HttpHandler - 

Request DefaultHttpRequest(decodeResult: success, version: HTTP/1.1)
POST /session/84dee0aacd87b38f59e962312cff83e4/execute/sync HTTP/1.1
User-Agent: selenium/4.1.2 (java windows)
Content-Length: 48780
Content-Type: application/json; charset=utf-8
host: localhost:50738
accept: */*

Response DefaultHttpResponse(decodeResult: success, version: HTTP/1.1)
HTTP/1.1 200 OK
Content-Type: application/json; charset=utf-8
cache-control: no-cache
content-length: 14

17:56:06.781 [AsyncHttpClient-1-5] DEBUG org.asynchttpclient.netty.channel.ChannelManager - Adding key: http://localhost:50738 for channel [id: 0x93529e0b, L:/127.0.0.1:58696 - R:localhost/127.0.0.1:50738]
17:56:06.785 [main] DEBUG net.thucydides.core.steps.StepInterceptor - STEP DONE: validateOnRegisterPage
  &amp#27;[32mGiven &amp#27;[0m&amp#27;[32mI am on the register page&amp#27;[0m       &amp#27;[90m# starter.stepdefinitions.RegisterSteps.iAmOnTheRegisterPage()&amp#27;[0m
17:56:06.799 [Forwarding screenshot on session 84dee0aacd87b38f59e962312cff83e4 to remote] DEBUG org.asynchttpclient.netty.request.NettyRequestSender - Using pooled Channel '[id: 0x93529e0b, L:/127.0.0.1:58696 - R:localhost/127.0.0.1:50738]' for 'GET' to 'http://localhost:50738/session/84dee0aacd87b38f59e962312cff83e4/screenshot'
17:56:06.799 [Forwarding screenshot on session 84dee0aacd87b38f59e962312cff83e4 to remote] DEBUG org.asynchttpclient.netty.request.NettyRequestSender - Using open Channel [id: 0x93529e0b, L:/127.0.0.1:58696 - R:localhost/127.0.0.1:50738] for GET '/session/84dee0aacd87b38f59e962312cff83e4/screenshot'
17:56:06.818 [AsyncHttpClient-1-1] DEBUG org.asynchttpclient.netty.channel.DefaultChannelPool - Entry count for : http://localhost:58697 : 1
17:56:06.979 [AsyncHttpClient-1-5] DEBUG org.asynchttpclient.netty.handler.HttpHandler - 

Request DefaultFullHttpRequest(decodeResult: success, version: HTTP/1.1, content: EmptyByteBufBE)
GET /session/84dee0aacd87b38f59e962312cff83e4/screenshot HTTP/1.1
User-Agent: selenium/4.1.2 (java windows)
Cache-Control: no-cache
Content-Type: application/json; charset=utf-8
host: localhost:50738
accept: */*

Response DefaultHttpResponse(decodeResult: success, version: HTTP/1.1)
HTTP/1.1 200 OK
Content-Type: application/json; charset=utf-8
cache-control: no-cache
content-length: 37608

17:56:06.979 [AsyncHttpClient-1-5] DEBUG org.asynchttpclient.netty.channel.ChannelManager - Adding key: http://localhost:50738 for channel [id: 0x93529e0b, L:/127.0.0.1:58696 - R:localhost/127.0.0.1:50738]
17:56:06.981 [main] DEBUG net.serenitybdd.core.photography.Darkroom - Send negative for processing for target\site\serenity\49d6eedabd9377bdcbf390b98d2a22aaf52d6bc2093bb332cef2ee61950daedd.png
17:56:06.981 [main] DEBUG net.thucydides.core.steps.StepInterceptor - STARTING STEP: RegisterSteps.iInputFullname - inputFullname
17:56:06.983 [Forwarding findElement on session 84dee0aacd87b38f59e962312cff83e4 to remote] DEBUG org.asynchttpclient.netty.request.NettyRequestSender - Using pooled Channel '[id: 0x93529e0b, L:/127.0.0.1:58696 - R:localhost/127.0.0.1:50738]' for 'POST' to 'http://localhost:50738/session/84dee0aacd87b38f59e962312cff83e4/element'
17:56:06.983 [Forwarding findElement on session 84dee0aacd87b38f59e962312cff83e4 to remote] DEBUG org.asynchttpclient.netty.request.NettyRequestSender - Using open Channel [id: 0x93529e0b, L:/127.0.0.1:58696 - R:localhost/127.0.0.1:50738] for POST '/session/84dee0aacd87b38f59e962312cff83e4/element'
17:56:06.995 [AsyncHttpClient-1-5] DEBUG org.asynchttpclient.netty.handler.HttpHandler - 

Request DefaultHttpRequest(decodeResult: success, version: HTTP/1.1)
POST /session/84dee0aacd87b38f59e962312cff83e4/element HTTP/1.1
User-Agent: selenium/4.1.2 (java windows)
Content-Length: 91
Content-Type: application/json; charset=utf-8
host: localhost:50738
accept: */*

Response DefaultHttpResponse(decodeResult: success, version: HTTP/1.1)
HTTP/1.1 200 OK
Content-Type: application/json; charset=utf-8
cache-control: no-cache
content-length: 88

17:56:06.995 [AsyncHttpClient-1-5] DEBUG org.asynchttpclient.netty.channel.ChannelManager - Adding key: http://localhost:50738 for channel [id: 0x93529e0b, L:/127.0.0.1:58696 - R:localhost/127.0.0.1:50738]
17:56:06.996 [Forwarding clearElement on session 84dee0aacd87b38f59e962312cff83e4 to remote] DEBUG org.asynchttpclient.netty.request.NettyRequestSender - Using pooled Channel '[id: 0x93529e0b, L:/127.0.0.1:58696 - R:localhost/127.0.0.1:50738]' for 'POST' to 'http://localhost:50738/session/84dee0aacd87b38f59e962312cff83e4/element/462fed93-4881-447f-b327-68a7bbb423f0/clear'
17:56:06.996 [Forwarding clearElement on session 84dee0aacd87b38f59e962312cff83e4 to remote] DEBUG org.asynchttpclient.netty.request.NettyRequestSender - Using open Channel [id: 0x93529e0b, L:/127.0.0.1:58696 - R:localhost/127.0.0.1:50738] for POST '/session/84dee0aacd87b38f59e962312cff83e4/element/462fed93-4881-447f-b327-68a7bbb423f0/clear'
17:56:07.035 [AsyncHttpClient-1-5] DEBUG org.asynchttpclient.netty.handler.HttpHandler - 

Request DefaultHttpRequest(decodeResult: success, version: HTTP/1.1)
POST /session/84dee0aacd87b38f59e962312cff83e4/element/462fed93-4881-447f-b327-68a7bbb423f0/clear HTTP/1.1
User-Agent: selenium/4.1.2 (java windows)
Content-Length: 50
Content-Type: application/json; charset=utf-8
host: localhost:50738
accept: */*

Response DefaultHttpResponse(decodeResult: success, version: HTTP/1.1)
HTTP/1.1 200 OK
Content-Type: application/json; charset=utf-8
cache-control: no-cache
content-length: 14

17:56:07.035 [AsyncHttpClient-1-5] DEBUG org.asynchttpclient.netty.channel.ChannelManager - Adding key: http://localhost:50738 for channel [id: 0x93529e0b, L:/127.0.0.1:58696 - R:localhost/127.0.0.1:50738]
17:56:07.036 [Forwarding sendKeysToElement on session 84dee0aacd87b38f59e962312cff83e4 to remote] DEBUG org.asynchttpclient.netty.request.NettyRequestSender - Using pooled Channel '[id: 0x93529e0b, L:/127.0.0.1:58696 - R:localhost/127.0.0.1:50738]' for 'POST' to 'http://localhost:50738/session/84dee0aacd87b38f59e962312cff83e4/element/462fed93-4881-447f-b327-68a7bbb423f0/value'
17:56:07.036 [Forwarding sendKeysToElement on session 84dee0aacd87b38f59e962312cff83e4 to remote] DEBUG org.asynchttpclient.netty.request.NettyRequestSender - Using open Channel [id: 0x93529e0b, L:/127.0.0.1:58696 - R:localhost/127.0.0.1:50738] for POST '/session/84dee0aacd87b38f59e962312cff83e4/element/462fed93-4881-447f-b327-68a7bbb423f0/value'
17:56:07.154 [AsyncHttpClient-1-5] DEBUG org.asynchttpclient.netty.handler.HttpHandler - 

Request DefaultHttpRequest(decodeResult: success, version: HTTP/1.1)
POST /session/84dee0aacd87b38f59e962312cff83e4/element/462fed93-4881-447f-b327-68a7bbb423f0/value HTTP/1.1
User-Agent: selenium/4.1.2 (java windows)
Content-Length: 181
Content-Type: application/json; charset=utf-8
host: localhost:50738
accept: */*

Response DefaultHttpResponse(decodeResult: success, version: HTTP/1.1)
HTTP/1.1 200 OK
Content-Type: application/json; charset=utf-8
cache-control: no-cache
content-length: 14

17:56:07.154 [AsyncHttpClient-1-5] DEBUG org.asynchttpclient.netty.channel.ChannelManager - Adding key: http://localhost:50738 for channel [id: 0x93529e0b, L:/127.0.0.1:58696 - R:localhost/127.0.0.1:50738]
17:56:07.159 [Forwarding screenshot on session 84dee0aacd87b38f59e962312cff83e4 to remote] DEBUG org.asynchttpclient.netty.request.NettyRequestSender - Using pooled Channel '[id: 0x93529e0b, L:/127.0.0.1:58696 - R:localhost/127.0.0.1:50738]' for 'GET' to 'http://localhost:50738/session/84dee0aacd87b38f59e962312cff83e4/screenshot'
17:56:07.159 [Forwarding screenshot on session 84dee0aacd87b38f59e962312cff83e4 to remote] DEBUG org.asynchttpclient.netty.request.NettyRequestSender - Using open Channel [id: 0x93529e0b, L:/127.0.0.1:58696 - R:localhost/127.0.0.1:50738] for GET '/session/84dee0aacd87b38f59e962312cff83e4/screenshot'
17:56:07.310 [AsyncHttpClient-1-5] DEBUG org.asynchttpclient.netty.handler.HttpHandler - 

Request DefaultFullHttpRequest(decodeResult: success, version: HTTP/1.1, content: EmptyByteBufBE)
GET /session/84dee0aacd87b38f59e962312cff83e4/screenshot HTTP/1.1
User-Agent: selenium/4.1.2 (java windows)
Cache-Control: no-cache
Content-Type: application/json; charset=utf-8
host: localhost:50738
accept: */*

Response DefaultHttpResponse(decodeResult: success, version: HTTP/1.1)
HTTP/1.1 200 OK
Content-Type: application/json; charset=utf-8
cache-control: no-cache
content-length: 40704

17:56:07.310 [AsyncHttpClient-1-5] DEBUG org.asynchttpclient.netty.channel.ChannelManager - Adding key: http://localhost:50738 for channel [id: 0x93529e0b, L:/127.0.0.1:58696 - R:localhost/127.0.0.1:50738]
17:56:07.311 [main] DEBUG net.serenitybdd.core.photography.Darkroom - Send negative for processing for target\site\serenity\c7b51191ac80825e308c1ac06e992430108538cf013b3aeb050eb9a9d1d6288b.png
17:56:07.312 [main] DEBUG net.thucydides.core.steps.StepInterceptor - STEP DONE: inputFullname
  &amp#27;[32mWhen &amp#27;[0m&amp#27;[32mI input &amp#27;[0m&amp#27;[32m&amp#27;[1m"Jasri Vika"&amp#27;[0m&amp#27;[32m fullname&amp#27;[0m    &amp#27;[90m# starter.stepdefinitions.RegisterSteps.iInputFullname(java.lang.String)&amp#27;[0m
17:56:07.312 [Darkroom Processing Line] DEBUG net.serenitybdd.core.photography.DarkroomProcessingLine - Processing screenshot image in /var/screenshots/screenshot-15569854028898008107
17:56:07.312 [Darkroom Processing Line] DEBUG net.serenitybdd.core.photography.DarkroomProcessingLine - Saving screenshot to target\site\serenity\c7b51191ac80825e308c1ac06e992430108538cf013b3aeb050eb9a9d1d6288b.png
17:56:07.327 [main] DEBUG net.thucydides.core.steps.StepInterceptor - STARTING STEP: RegisterSteps.inputEmail - inputEmail
17:56:07.329 [Forwarding findElement on session 84dee0aacd87b38f59e962312cff83e4 to remote] DEBUG org.asynchttpclient.netty.request.NettyRequestSender - Using pooled Channel '[id: 0x93529e0b, L:/127.0.0.1:58696 - R:localhost/127.0.0.1:50738]' for 'POST' to 'http://localhost:50738/session/84dee0aacd87b38f59e962312cff83e4/element'
17:56:07.329 [Forwarding findElement on session 84dee0aacd87b38f59e962312cff83e4 to remote] DEBUG org.asynchttpclient.netty.request.NettyRequestSender - Using open Channel [id: 0x93529e0b, L:/127.0.0.1:58696 - R:localhost/127.0.0.1:50738] for POST '/session/84dee0aacd87b38f59e962312cff83e4/element'
17:56:07.342 [AsyncHttpClient-1-5] DEBUG org.asynchttpclient.netty.handler.HttpHandler - 

Request DefaultHttpRequest(decodeResult: success, version: HTTP/1.1)
POST /session/84dee0aacd87b38f59e962312cff83e4/element HTTP/1.1
User-Agent: selenium/4.1.2 (java windows)
Content-Length: 84
Content-Type: application/json; charset=utf-8
host: localhost:50738
accept: */*

Response DefaultHttpResponse(decodeResult: success, version: HTTP/1.1)
HTTP/1.1 200 OK
Content-Type: application/json; charset=utf-8
cache-control: no-cache
content-length: 88

17:56:07.342 [AsyncHttpClient-1-5] DEBUG org.asynchttpclient.netty.channel.ChannelManager - Adding key: http://localhost:50738 for channel [id: 0x93529e0b, L:/127.0.0.1:58696 - R:localhost/127.0.0.1:50738]
17:56:07.344 [Forwarding clearElement on session 84dee0aacd87b38f59e962312cff83e4 to remote] DEBUG org.asynchttpclient.netty.request.NettyRequestSender - Using pooled Channel '[id: 0x93529e0b, L:/127.0.0.1:58696 - R:localhost/127.0.0.1:50738]' for 'POST' to 'http://localhost:50738/session/84dee0aacd87b38f59e962312cff83e4/element/f36d3ca5-cd68-4c3e-93b7-d42b8db1a162/clear'
17:56:07.344 [Forwarding clearElement on session 84dee0aacd87b38f59e962312cff83e4 to remote] DEBUG org.asynchttpclient.netty.request.NettyRequestSender - Using open Channel [id: 0x93529e0b, L:/127.0.0.1:58696 - R:localhost/127.0.0.1:50738] for POST '/session/84dee0aacd87b38f59e962312cff83e4/element/f36d3ca5-cd68-4c3e-93b7-d42b8db1a162/clear'
17:56:07.382 [AsyncHttpClient-1-5] DEBUG org.asynchttpclient.netty.handler.HttpHandler - 

Request DefaultHttpRequest(decodeResult: success, version: HTTP/1.1)
POST /session/84dee0aacd87b38f59e962312cff83e4/element/f36d3ca5-cd68-4c3e-93b7-d42b8db1a162/clear HTTP/1.1
User-Agent: selenium/4.1.2 (java windows)
Content-Length: 50
Content-Type: application/json; charset=utf-8
host: localhost:50738
accept: */*

Response DefaultHttpResponse(decodeResult: success, version: HTTP/1.1)
HTTP/1.1 200 OK
Content-Type: application/json; charset=utf-8
cache-control: no-cache
content-length: 14

17:56:07.382 [AsyncHttpClient-1-5] DEBUG org.asynchttpclient.netty.channel.ChannelManager - Adding key: http://localhost:50738 for channel [id: 0x93529e0b, L:/127.0.0.1:58696 - R:localhost/127.0.0.1:50738]
17:56:07.383 [Forwarding sendKeysToElement on session 84dee0aacd87b38f59e962312cff83e4 to remote] DEBUG org.asynchttpclient.netty.request.NettyRequestSender - Using pooled Channel '[id: 0x93529e0b, L:/127.0.0.1:58696 - R:localhost/127.0.0.1:50738]' for 'POST' to 'http://localhost:50738/session/84dee0aacd87b38f59e962312cff83e4/element/f36d3ca5-cd68-4c3e-93b7-d42b8db1a162/value'
17:56:07.383 [Forwarding sendKeysToElement on session 84dee0aacd87b38f59e962312cff83e4 to remote] DEBUG org.asynchttpclient.netty.request.NettyRequestSender - Using open Channel [id: 0x93529e0b, L:/127.0.0.1:58696 - R:localhost/127.0.0.1:50738] for POST '/session/84dee0aacd87b38f59e962312cff83e4/element/f36d3ca5-cd68-4c3e-93b7-d42b8db1a162/value'
17:56:07.535 [AsyncHttpClient-1-5] DEBUG org.asynchttpclient.netty.handler.HttpHandler - 

Request DefaultHttpRequest(decodeResult: success, version: HTTP/1.1)
POST /session/84dee0aacd87b38f59e962312cff83e4/element/f36d3ca5-cd68-4c3e-93b7-d42b8db1a162/value HTTP/1.1
User-Agent: selenium/4.1.2 (java windows)
Content-Length: 271
Content-Type: application/json; charset=utf-8
host: localhost:50738
accept: */*

Response DefaultHttpResponse(decodeResult: success, version: HTTP/1.1)
HTTP/1.1 200 OK
Content-Type: application/json; charset=utf-8
cache-control: no-cache
content-length: 14

17:56:07.535 [AsyncHttpClient-1-5] DEBUG org.asynchttpclient.netty.channel.ChannelManager - Adding key: http://localhost:50738 for channel [id: 0x93529e0b, L:/127.0.0.1:58696 - R:localhost/127.0.0.1:50738]
17:56:07.543 [Forwarding screenshot on session 84dee0aacd87b38f59e962312cff83e4 to remote] DEBUG org.asynchttpclient.netty.request.NettyRequestSender - Using pooled Channel '[id: 0x93529e0b, L:/127.0.0.1:58696 - R:localhost/127.0.0.1:50738]' for 'GET' to 'http://localhost:50738/session/84dee0aacd87b38f59e962312cff83e4/screenshot'
17:56:07.543 [Forwarding screenshot on session 84dee0aacd87b38f59e962312cff83e4 to remote] DEBUG org.asynchttpclient.netty.request.NettyRequestSender - Using open Channel [id: 0x93529e0b, L:/127.0.0.1:58696 - R:localhost/127.0.0.1:50738] for GET '/session/84dee0aacd87b38f59e962312cff83e4/screenshot'
17:56:07.728 [AsyncHttpClient-1-5] DEBUG org.asynchttpclient.netty.handler.HttpHandler - 

Request DefaultFullHttpRequest(decodeResult: success, version: HTTP/1.1, content: EmptyByteBufBE)
GET /session/84dee0aacd87b38f59e962312cff83e4/screenshot HTTP/1.1
User-Agent: selenium/4.1.2 (java windows)
Cache-Control: no-cache
Content-Type: application/json; charset=utf-8
host: localhost:50738
accept: */*

Response DefaultHttpResponse(decodeResult: success, version: HTTP/1.1)
HTTP/1.1 200 OK
Content-Type: application/json; charset=utf-8
cache-control: no-cache
content-length: 45736

17:56:07.728 [AsyncHttpClient-1-5] DEBUG org.asynchttpclient.netty.channel.ChannelManager - Adding key: http://localhost:50738 for channel [id: 0x93529e0b, L:/127.0.0.1:58696 - R:localhost/127.0.0.1:50738]
17:56:07.730 [main] DEBUG net.serenitybdd.core.photography.Darkroom - Send negative for processing for target\site\serenity\9f87f4347bf33de27bb51109030529fe6bc8ad1bc53fbb87ec3f0a05bdef8040.png
17:56:07.730 [main] DEBUG net.thucydides.core.steps.StepInterceptor - STEP DONE: inputEmail
  &amp#27;[32mAnd &amp#27;[0m&amp#27;[32minput &amp#27;[0m&amp#27;[32m&amp#27;[1m"jasrivika@gmail.com"&amp#27;[0m&amp#27;[32m email&amp#27;[0m &amp#27;[90m# starter.stepdefinitions.RegisterSteps.inputEmail(java.lang.String)&amp#27;[0m
17:56:07.730 [Darkroom Processing Line] DEBUG net.serenitybdd.core.photography.DarkroomProcessingLine - Processing screenshot image in /var/screenshots/screenshot-16884444137059296467
17:56:07.731 [Darkroom Processing Line] DEBUG net.serenitybdd.core.photography.DarkroomProcessingLine - Saving screenshot to target\site\serenity\9f87f4347bf33de27bb51109030529fe6bc8ad1bc53fbb87ec3f0a05bdef8040.png
17:56:07.747 [main] DEBUG net.thucydides.core.steps.StepInterceptor - STARTING STEP: RegisterSteps.inputPassword - inputPassword
17:56:07.749 [Forwarding findElement on session 84dee0aacd87b38f59e962312cff83e4 to remote] DEBUG org.asynchttpclient.netty.request.NettyRequestSender - Using pooled Channel '[id: 0x93529e0b, L:/127.0.0.1:58696 - R:localhost/127.0.0.1:50738]' for 'POST' to 'http://localhost:50738/session/84dee0aacd87b38f59e962312cff83e4/element'
17:56:07.749 [Forwarding findElement on session 84dee0aacd87b38f59e962312cff83e4 to remote] DEBUG org.asynchttpclient.netty.request.NettyRequestSender - Using open Channel [id: 0x93529e0b, L:/127.0.0.1:58696 - R:localhost/127.0.0.1:50738] for POST '/session/84dee0aacd87b38f59e962312cff83e4/element'
17:56:07.767 [AsyncHttpClient-1-5] DEBUG org.asynchttpclient.netty.handler.HttpHandler - 

Request DefaultHttpRequest(decodeResult: success, version: HTTP/1.1)
POST /session/84dee0aacd87b38f59e962312cff83e4/element HTTP/1.1
User-Agent: selenium/4.1.2 (java windows)
Content-Length: 87
Content-Type: application/json; charset=utf-8
host: localhost:50738
accept: */*

Response DefaultHttpResponse(decodeResult: success, version: HTTP/1.1)
HTTP/1.1 200 OK
Content-Type: application/json; charset=utf-8
cache-control: no-cache
content-length: 88

17:56:07.767 [AsyncHttpClient-1-5] DEBUG org.asynchttpclient.netty.channel.ChannelManager - Adding key: http://localhost:50738 for channel [id: 0x93529e0b, L:/127.0.0.1:58696 - R:localhost/127.0.0.1:50738]
17:56:07.768 [Forwarding clearElement on session 84dee0aacd87b38f59e962312cff83e4 to remote] DEBUG org.asynchttpclient.netty.request.NettyRequestSender - Using pooled Channel '[id: 0x93529e0b, L:/127.0.0.1:58696 - R:localhost/127.0.0.1:50738]' for 'POST' to 'http://localhost:50738/session/84dee0aacd87b38f59e962312cff83e4/element/a7271563-49bc-435e-81e8-e56a272e87cd/clear'
17:56:07.768 [Forwarding clearElement on session 84dee0aacd87b38f59e962312cff83e4 to remote] DEBUG org.asynchttpclient.netty.request.NettyRequestSender - Using open Channel [id: 0x93529e0b, L:/127.0.0.1:58696 - R:localhost/127.0.0.1:50738] for POST '/session/84dee0aacd87b38f59e962312cff83e4/element/a7271563-49bc-435e-81e8-e56a272e87cd/clear'
17:56:07.815 [AsyncHttpClient-1-5] DEBUG org.asynchttpclient.netty.handler.HttpHandler - 

Request DefaultHttpRequest(decodeResult: success, version: HTTP/1.1)
POST /session/84dee0aacd87b38f59e962312cff83e4/element/a7271563-49bc-435e-81e8-e56a272e87cd/clear HTTP/1.1
User-Agent: selenium/4.1.2 (java windows)
Content-Length: 50
Content-Type: application/json; charset=utf-8
host: localhost:50738
accept: */*

Response DefaultHttpResponse(decodeResult: success, version: HTTP/1.1)
HTTP/1.1 200 OK
Content-Type: application/json; charset=utf-8
cache-control: no-cache
content-length: 14

17:56:07.815 [AsyncHttpClient-1-5] DEBUG org.asynchttpclient.netty.channel.ChannelManager - Adding key: http://localhost:50738 for channel [id: 0x93529e0b, L:/127.0.0.1:58696 - R:localhost/127.0.0.1:50738]
17:56:07.816 [Forwarding sendKeysToElement on session 84dee0aacd87b38f59e962312cff83e4 to remote] DEBUG org.asynchttpclient.netty.request.NettyRequestSender - Using pooled Channel '[id: 0x93529e0b, L:/127.0.0.1:58696 - R:localhost/127.0.0.1:50738]' for 'POST' to 'http://localhost:50738/session/84dee0aacd87b38f59e962312cff83e4/element/a7271563-49bc-435e-81e8-e56a272e87cd/value'
17:56:07.816 [Forwarding sendKeysToElement on session 84dee0aacd87b38f59e962312cff83e4 to remote] DEBUG org.asynchttpclient.netty.request.NettyRequestSender - Using open Channel [id: 0x93529e0b, L:/127.0.0.1:58696 - R:localhost/127.0.0.1:50738] for POST '/session/84dee0aacd87b38f59e962312cff83e4/element/a7271563-49bc-435e-81e8-e56a272e87cd/value'
17:56:07.906 [AsyncHttpClient-1-5] DEBUG org.asynchttpclient.netty.handler.HttpHandler - 

Request DefaultHttpRequest(decodeResult: success, version: HTTP/1.1)
POST /session/84dee0aacd87b38f59e962312cff83e4/element/a7271563-49bc-435e-81e8-e56a272e87cd/value HTTP/1.1
User-Agent: selenium/4.1.2 (java windows)
Content-Length: 181
Content-Type: application/json; charset=utf-8
host: localhost:50738
accept: */*

Response DefaultHttpResponse(decodeResult: success, version: HTTP/1.1)
HTTP/1.1 200 OK
Content-Type: application/json; charset=utf-8
cache-control: no-cache
content-length: 14

17:56:07.906 [AsyncHttpClient-1-5] DEBUG org.asynchttpclient.netty.channel.ChannelManager - Adding key: http://localhost:50738 for channel [id: 0x93529e0b, L:/127.0.0.1:58696 - R:localhost/127.0.0.1:50738]
17:56:07.912 [Forwarding screenshot on session 84dee0aacd87b38f59e962312cff83e4 to remote] DEBUG org.asynchttpclient.netty.request.NettyRequestSender - Using pooled Channel '[id: 0x93529e0b, L:/127.0.0.1:58696 - R:localhost/127.0.0.1:50738]' for 'GET' to 'http://localhost:50738/session/84dee0aacd87b38f59e962312cff83e4/screenshot'
17:56:07.912 [Forwarding screenshot on session 84dee0aacd87b38f59e962312cff83e4 to remote] DEBUG org.asynchttpclient.netty.request.NettyRequestSender - Using open Channel [id: 0x93529e0b, L:/127.0.0.1:58696 - R:localhost/127.0.0.1:50738] for GET '/session/84dee0aacd87b38f59e962312cff83e4/screenshot'
17:56:07.915 [AsyncHttpClient-1-1] DEBUG org.asynchttpclient.netty.channel.DefaultChannelPool - Entry count for : http://localhost:58697 : 1
17:56:08.107 [AsyncHttpClient-1-5] DEBUG org.asynchttpclient.netty.handler.HttpHandler - 

Request DefaultFullHttpRequest(decodeResult: success, version: HTTP/1.1, content: EmptyByteBufBE)
GET /session/84dee0aacd87b38f59e962312cff83e4/screenshot HTTP/1.1
User-Agent: selenium/4.1.2 (java windows)
Cache-Control: no-cache
Content-Type: application/json; charset=utf-8
host: localhost:50738
accept: */*

Response DefaultHttpResponse(decodeResult: success, version: HTTP/1.1)
HTTP/1.1 200 OK
Content-Type: application/json; charset=utf-8
cache-control: no-cache
content-length: 49036

17:56:08.107 [AsyncHttpClient-1-5] DEBUG org.asynchttpclient.netty.channel.ChannelManager - Adding key: http://localhost:50738 for channel [id: 0x93529e0b, L:/127.0.0.1:58696 - R:localhost/127.0.0.1:50738]
17:56:08.109 [main] DEBUG net.serenitybdd.core.photography.Darkroom - Send negative for processing for target\site\serenity\a0d4583cb33a07f6dd8c5a613ae24c742f92e12b6d44bb22e74661d12cc30a2b.png
17:56:08.109 [main] DEBUG net.thucydides.core.steps.StepInterceptor - STEP DONE: inputPassword
  &amp#27;[32mAnd &amp#27;[0m&amp#27;[32minput &amp#27;[0m&amp#27;[32m&amp#27;[1m"Doremi@123"&amp#27;[0m&amp#27;[32m password&amp#27;[0m       &amp#27;[90m# starter.stepdefinitions.RegisterSteps.inputPassword(java.lang.String)&amp#27;[0m
17:56:08.110 [Darkroom Processing Line] DEBUG net.serenitybdd.core.photography.DarkroomProcessingLine - Processing screenshot image in /var/screenshots/screenshot-15902775862615397940
17:56:08.110 [Darkroom Processing Line] DEBUG net.serenitybdd.core.photography.DarkroomProcessingLine - Saving screenshot to target\site\serenity\a0d4583cb33a07f6dd8c5a613ae24c742f92e12b6d44bb22e74661d12cc30a2b.png
17:56:08.126 [main] DEBUG net.thucydides.core.steps.StepInterceptor - STARTING STEP: RegisterSteps.iClickRegisterButton - clickRegisterButton
17:56:08.128 [Forwarding findElement on session 84dee0aacd87b38f59e962312cff83e4 to remote] DEBUG org.asynchttpclient.netty.request.NettyRequestSender - Using pooled Channel '[id: 0x93529e0b, L:/127.0.0.1:58696 - R:localhost/127.0.0.1:50738]' for 'POST' to 'http://localhost:50738/session/84dee0aacd87b38f59e962312cff83e4/element'
17:56:08.129 [Forwarding findElement on session 84dee0aacd87b38f59e962312cff83e4 to remote] DEBUG org.asynchttpclient.netty.request.NettyRequestSender - Using open Channel [id: 0x93529e0b, L:/127.0.0.1:58696 - R:localhost/127.0.0.1:50738] for POST '/session/84dee0aacd87b38f59e962312cff83e4/element'
17:56:08.139 [AsyncHttpClient-1-5] DEBUG org.asynchttpclient.netty.handler.HttpHandler - 

Request DefaultHttpRequest(decodeResult: success, version: HTTP/1.1)
POST /session/84dee0aacd87b38f59e962312cff83e4/element HTTP/1.1
User-Agent: selenium/4.1.2 (java windows)
Content-Length: 92
Content-Type: application/json; charset=utf-8
host: localhost:50738
accept: */*

Response DefaultHttpResponse(decodeResult: success, version: HTTP/1.1)
HTTP/1.1 200 OK
Content-Type: application/json; charset=utf-8
cache-control: no-cache
content-length: 88

17:56:08.139 [AsyncHttpClient-1-5] DEBUG org.asynchttpclient.netty.channel.ChannelManager - Adding key: http://localhost:50738 for channel [id: 0x93529e0b, L:/127.0.0.1:58696 - R:localhost/127.0.0.1:50738]
17:56:08.140 [Forwarding getElementTagName on session 84dee0aacd87b38f59e962312cff83e4 to remote] DEBUG org.asynchttpclient.netty.request.NettyRequestSender - Using pooled Channel '[id: 0x93529e0b, L:/127.0.0.1:58696 - R:localhost/127.0.0.1:50738]' for 'GET' to 'http://localhost:50738/session/84dee0aacd87b38f59e962312cff83e4/element/80276aca-7d65-45c4-bf8a-53ab06820019/name'
17:56:08.140 [Forwarding getElementTagName on session 84dee0aacd87b38f59e962312cff83e4 to remote] DEBUG org.asynchttpclient.netty.request.NettyRequestSender - Using open Channel [id: 0x93529e0b, L:/127.0.0.1:58696 - R:localhost/127.0.0.1:50738] for GET '/session/84dee0aacd87b38f59e962312cff83e4/element/80276aca-7d65-45c4-bf8a-53ab06820019/name'
17:56:08.146 [AsyncHttpClient-1-5] DEBUG org.asynchttpclient.netty.handler.HttpHandler - 

Request DefaultFullHttpRequest(decodeResult: success, version: HTTP/1.1, content: EmptyByteBufBE)
GET /session/84dee0aacd87b38f59e962312cff83e4/element/80276aca-7d65-45c4-bf8a-53ab06820019/name HTTP/1.1
User-Agent: selenium/4.1.2 (java windows)
Cache-Control: no-cache
Content-Type: application/json; charset=utf-8
host: localhost:50738
accept: */*

Response DefaultHttpResponse(decodeResult: success, version: HTTP/1.1)
HTTP/1.1 200 OK
Content-Type: application/json; charset=utf-8
cache-control: no-cache
content-length: 18

17:56:08.146 [AsyncHttpClient-1-5] DEBUG org.asynchttpclient.netty.channel.ChannelManager - Adding key: http://localhost:50738 for channel [id: 0x93529e0b, L:/127.0.0.1:58696 - R:localhost/127.0.0.1:50738]
17:56:08.147 [Forwarding getElementTagName on session 84dee0aacd87b38f59e962312cff83e4 to remote] DEBUG org.asynchttpclient.netty.request.NettyRequestSender - Using pooled Channel '[id: 0x93529e0b, L:/127.0.0.1:58696 - R:localhost/127.0.0.1:50738]' for 'GET' to 'http://localhost:50738/session/84dee0aacd87b38f59e962312cff83e4/element/80276aca-7d65-45c4-bf8a-53ab06820019/name'
17:56:08.147 [Forwarding getElementTagName on session 84dee0aacd87b38f59e962312cff83e4 to remote] DEBUG org.asynchttpclient.netty.request.NettyRequestSender - Using open Channel [id: 0x93529e0b, L:/127.0.0.1:58696 - R:localhost/127.0.0.1:50738] for GET '/session/84dee0aacd87b38f59e962312cff83e4/element/80276aca-7d65-45c4-bf8a-53ab06820019/name'
17:56:08.151 [AsyncHttpClient-1-5] DEBUG org.asynchttpclient.netty.handler.HttpHandler - 

Request DefaultFullHttpRequest(decodeResult: success, version: HTTP/1.1, content: EmptyByteBufBE)
GET /session/84dee0aacd87b38f59e962312cff83e4/element/80276aca-7d65-45c4-bf8a-53ab06820019/name HTTP/1.1
User-Agent: selenium/4.1.2 (java windows)
Cache-Control: no-cache
Content-Type: application/json; charset=utf-8
host: localhost:50738
accept: */*

Response DefaultHttpResponse(decodeResult: success, version: HTTP/1.1)
HTTP/1.1 200 OK
Content-Type: application/json; charset=utf-8
cache-control: no-cache
content-length: 18

17:56:08.152 [AsyncHttpClient-1-5] DEBUG org.asynchttpclient.netty.channel.ChannelManager - Adding key: http://localhost:50738 for channel [id: 0x93529e0b, L:/127.0.0.1:58696 - R:localhost/127.0.0.1:50738]
17:56:08.155 [Forwarding isElementEnabled on session 84dee0aacd87b38f59e962312cff83e4 to remote] DEBUG org.asynchttpclient.netty.request.NettyRequestSender - Using pooled Channel '[id: 0x93529e0b, L:/127.0.0.1:58696 - R:localhost/127.0.0.1:50738]' for 'GET' to 'http://localhost:50738/session/84dee0aacd87b38f59e962312cff83e4/element/80276aca-7d65-45c4-bf8a-53ab06820019/enabled'
17:56:08.155 [Forwarding isElementEnabled on session 84dee0aacd87b38f59e962312cff83e4 to remote] DEBUG org.asynchttpclient.netty.request.NettyRequestSender - Using open Channel [id: 0x93529e0b, L:/127.0.0.1:58696 - R:localhost/127.0.0.1:50738] for GET '/session/84dee0aacd87b38f59e962312cff83e4/element/80276aca-7d65-45c4-bf8a-53ab06820019/enabled'
17:56:08.166 [AsyncHttpClient-1-5] DEBUG org.asynchttpclient.netty.handler.HttpHandler - 

Request DefaultFullHttpRequest(decodeResult: success, version: HTTP/1.1, content: EmptyByteBufBE)
GET /session/84dee0aacd87b38f59e962312cff83e4/element/80276aca-7d65-45c4-bf8a-53ab06820019/enabled HTTP/1.1
User-Agent: selenium/4.1.2 (java windows)
Cache-Control: no-cache
Content-Type: application/json; charset=utf-8
host: localhost:50738
accept: */*

Response DefaultHttpResponse(decodeResult: success, version: HTTP/1.1)
HTTP/1.1 200 OK
Content-Type: application/json; charset=utf-8
cache-control: no-cache
content-length: 14

17:56:08.166 [AsyncHttpClient-1-5] DEBUG org.asynchttpclient.netty.channel.ChannelManager - Adding key: http://localhost:50738 for channel [id: 0x93529e0b, L:/127.0.0.1:58696 - R:localhost/127.0.0.1:50738]
17:56:08.166 [Forwarding isElementEnabled on session 84dee0aacd87b38f59e962312cff83e4 to remote] DEBUG org.asynchttpclient.netty.request.NettyRequestSender - Using pooled Channel '[id: 0x93529e0b, L:/127.0.0.1:58696 - R:localhost/127.0.0.1:50738]' for 'GET' to 'http://localhost:50738/session/84dee0aacd87b38f59e962312cff83e4/element/80276aca-7d65-45c4-bf8a-53ab06820019/enabled'
17:56:08.166 [Forwarding isElementEnabled on session 84dee0aacd87b38f59e962312cff83e4 to remote] DEBUG org.asynchttpclient.netty.request.NettyRequestSender - Using open Channel [id: 0x93529e0b, L:/127.0.0.1:58696 - R:localhost/127.0.0.1:50738] for GET '/session/84dee0aacd87b38f59e962312cff83e4/element/80276aca-7d65-45c4-bf8a-53ab06820019/enabled'
17:56:08.174 [AsyncHttpClient-1-5] DEBUG org.asynchttpclient.netty.handler.HttpHandler - 

Request DefaultFullHttpRequest(decodeResult: success, version: HTTP/1.1, content: EmptyByteBufBE)
GET /session/84dee0aacd87b38f59e962312cff83e4/element/80276aca-7d65-45c4-bf8a-53ab06820019/enabled HTTP/1.1
User-Agent: selenium/4.1.2 (java windows)
Cache-Control: no-cache
Content-Type: application/json; charset=utf-8
host: localhost:50738
accept: */*

Response DefaultHttpResponse(decodeResult: success, version: HTTP/1.1)
HTTP/1.1 200 OK
Content-Type: application/json; charset=utf-8
cache-control: no-cache
content-length: 14

17:56:08.174 [AsyncHttpClient-1-5] DEBUG org.asynchttpclient.netty.channel.ChannelManager - Adding key: http://localhost:50738 for channel [id: 0x93529e0b, L:/127.0.0.1:58696 - R:localhost/127.0.0.1:50738]
17:56:08.175 [Forwarding findElement on session 84dee0aacd87b38f59e962312cff83e4 to remote] DEBUG org.asynchttpclient.netty.request.NettyRequestSender - Using pooled Channel '[id: 0x93529e0b, L:/127.0.0.1:58696 - R:localhost/127.0.0.1:50738]' for 'POST' to 'http://localhost:50738/session/84dee0aacd87b38f59e962312cff83e4/element'
17:56:08.175 [Forwarding findElement on session 84dee0aacd87b38f59e962312cff83e4 to remote] DEBUG org.asynchttpclient.netty.request.NettyRequestSender - Using open Channel [id: 0x93529e0b, L:/127.0.0.1:58696 - R:localhost/127.0.0.1:50738] for POST '/session/84dee0aacd87b38f59e962312cff83e4/element'
17:56:08.184 [AsyncHttpClient-1-5] DEBUG org.asynchttpclient.netty.handler.HttpHandler - 

Request DefaultHttpRequest(decodeResult: success, version: HTTP/1.1)
POST /session/84dee0aacd87b38f59e962312cff83e4/element HTTP/1.1
User-Agent: selenium/4.1.2 (java windows)
Content-Length: 92
Content-Type: application/json; charset=utf-8
host: localhost:50738
accept: */*

Response DefaultHttpResponse(decodeResult: success, version: HTTP/1.1)
HTTP/1.1 200 OK
Content-Type: application/json; charset=utf-8
cache-control: no-cache
content-length: 88

17:56:08.184 [AsyncHttpClient-1-5] DEBUG org.asynchttpclient.netty.channel.ChannelManager - Adding key: http://localhost:50738 for channel [id: 0x93529e0b, L:/127.0.0.1:58696 - R:localhost/127.0.0.1:50738]
17:56:08.184 [Forwarding clickElement on session 84dee0aacd87b38f59e962312cff83e4 to remote] DEBUG org.asynchttpclient.netty.request.NettyRequestSender - Using pooled Channel '[id: 0x93529e0b, L:/127.0.0.1:58696 - R:localhost/127.0.0.1:50738]' for 'POST' to 'http://localhost:50738/session/84dee0aacd87b38f59e962312cff83e4/element/80276aca-7d65-45c4-bf8a-53ab06820019/click'
17:56:08.184 [Forwarding clickElement on session 84dee0aacd87b38f59e962312cff83e4 to remote] DEBUG org.asynchttpclient.netty.request.NettyRequestSender - Using open Channel [id: 0x93529e0b, L:/127.0.0.1:58696 - R:localhost/127.0.0.1:50738] for POST '/session/84dee0aacd87b38f59e962312cff83e4/element/80276aca-7d65-45c4-bf8a-53ab06820019/click'
17:56:08.244 [AsyncHttpClient-1-5] DEBUG org.asynchttpclient.netty.handler.HttpHandler - 

Request DefaultHttpRequest(decodeResult: success, version: HTTP/1.1)
POST /session/84dee0aacd87b38f59e962312cff83e4/element/80276aca-7d65-45c4-bf8a-53ab06820019/click HTTP/1.1
User-Agent: selenium/4.1.2 (java windows)
Content-Length: 50
Content-Type: application/json; charset=utf-8
host: localhost:50738
accept: */*

Response DefaultHttpResponse(decodeResult: success, version: HTTP/1.1)
HTTP/1.1 200 OK
Content-Type: application/json; charset=utf-8
cache-control: no-cache
content-length: 14

17:56:08.244 [AsyncHttpClient-1-5] DEBUG org.asynchttpclient.netty.channel.ChannelManager - Adding key: http://localhost:50738 for channel [id: 0x93529e0b, L:/127.0.0.1:58696 - R:localhost/127.0.0.1:50738]
17:56:08.250 [Forwarding screenshot on session 84dee0aacd87b38f59e962312cff83e4 to remote] DEBUG org.asynchttpclient.netty.request.NettyRequestSender - Using pooled Channel '[id: 0x93529e0b, L:/127.0.0.1:58696 - R:localhost/127.0.0.1:50738]' for 'GET' to 'http://localhost:50738/session/84dee0aacd87b38f59e962312cff83e4/screenshot'
17:56:08.250 [Forwarding screenshot on session 84dee0aacd87b38f59e962312cff83e4 to remote] DEBUG org.asynchttpclient.netty.request.NettyRequestSender - Using open Channel [id: 0x93529e0b, L:/127.0.0.1:58696 - R:localhost/127.0.0.1:50738] for GET '/session/84dee0aacd87b38f59e962312cff83e4/screenshot'
17:56:08.450 [AsyncHttpClient-1-5] DEBUG org.asynchttpclient.netty.handler.HttpHandler - 

Request DefaultFullHttpRequest(decodeResult: success, version: HTTP/1.1, content: EmptyByteBufBE)
GET /session/84dee0aacd87b38f59e962312cff83e4/screenshot HTTP/1.1
User-Agent: selenium/4.1.2 (java windows)
Cache-Control: no-cache
Content-Type: application/json; charset=utf-8
host: localhost:50738
accept: */*

Response DefaultHttpResponse(decodeResult: success, version: HTTP/1.1)
HTTP/1.1 200 OK
Content-Type: application/json; charset=utf-8
cache-control: no-cache
content-length: 47964

17:56:08.451 [AsyncHttpClient-1-5] DEBUG org.asynchttpclient.netty.channel.ChannelManager - Adding key: http://localhost:50738 for channel [id: 0x93529e0b, L:/127.0.0.1:58696 - R:localhost/127.0.0.1:50738]
17:56:08.452 [main] DEBUG net.serenitybdd.core.photography.Darkroom - Send negative for processing for target\site\serenity\71d1d0af02c345d85de5d8f447bf2443134017758f9f6d80e2b6043c28b5bc35.png
17:56:08.453 [main] DEBUG net.thucydides.core.steps.StepInterceptor - STEP DONE: clickRegisterButton
  &amp#27;[32mAnd &amp#27;[0m&amp#27;[32mI click register button&amp#27;[0m           &amp#27;[90m# starter.stepdefinitions.RegisterSteps.iClickRegisterButton()&amp#27;[0m
17:56:08.453 [Darkroom Processing Line] DEBUG net.serenitybdd.core.photography.DarkroomProcessingLine - Processing screenshot image in /var/screenshots/screenshot-17478325427725948328
17:56:08.453 [Darkroom Processing Line] DEBUG net.serenitybdd.core.photography.DarkroomProcessingLine - Saving screenshot to target\site\serenity\71d1d0af02c345d85de5d8f447bf2443134017758f9f6d80e2b6043c28b5bc35.png
17:56:08.470 [main] DEBUG net.thucydides.core.steps.StepInterceptor - STARTING STEP: RegisterSteps.iGet - warningIconAppears
17:56:08.471 [Forwarding findElement on session 84dee0aacd87b38f59e962312cff83e4 to remote] DEBUG org.asynchttpclient.netty.request.NettyRequestSender - Using pooled Channel '[id: 0x93529e0b, L:/127.0.0.1:58696 - R:localhost/127.0.0.1:50738]' for 'POST' to 'http://localhost:50738/session/84dee0aacd87b38f59e962312cff83e4/element'
17:56:08.471 [Forwarding findElement on session 84dee0aacd87b38f59e962312cff83e4 to remote] DEBUG org.asynchttpclient.netty.request.NettyRequestSender - Using open Channel [id: 0x93529e0b, L:/127.0.0.1:58696 - R:localhost/127.0.0.1:50738] for POST '/session/84dee0aacd87b38f59e962312cff83e4/element'
17:56:08.487 [AsyncHttpClient-1-5] DEBUG org.asynchttpclient.netty.handler.HttpHandler - 

Request DefaultHttpRequest(decodeResult: success, version: HTTP/1.1)
POST /session/84dee0aacd87b38f59e962312cff83e4/element HTTP/1.1
User-Agent: selenium/4.1.2 (java windows)
Content-Length: 92
Content-Type: application/json; charset=utf-8
host: localhost:50738
accept: */*

Response DefaultHttpResponse(decodeResult: success, version: HTTP/1.1)
HTTP/1.1 200 OK
Content-Type: application/json; charset=utf-8
cache-control: no-cache
content-length: 88

17:56:08.487 [AsyncHttpClient-1-5] DEBUG org.asynchttpclient.netty.channel.ChannelManager - Adding key: http://localhost:50738 for channel [id: 0x93529e0b, L:/127.0.0.1:58696 - R:localhost/127.0.0.1:50738]
17:56:08.490 [Forwarding isElementDisplayed on session 84dee0aacd87b38f59e962312cff83e4 to remote] DEBUG org.asynchttpclient.netty.request.NettyRequestSender - Using pooled Channel '[id: 0x93529e0b, L:/127.0.0.1:58696 - R:localhost/127.0.0.1:50738]' for 'POST' to 'http://localhost:50738/session/84dee0aacd87b38f59e962312cff83e4/execute/sync'
17:56:08.490 [Forwarding isElementDisplayed on session 84dee0aacd87b38f59e962312cff83e4 to remote] DEBUG org.asynchttpclient.netty.request.NettyRequestSender - Using open Channel [id: 0x93529e0b, L:/127.0.0.1:58696 - R:localhost/127.0.0.1:50738] for POST '/session/84dee0aacd87b38f59e962312cff83e4/execute/sync'
17:56:08.509 [AsyncHttpClient-1-5] DEBUG org.asynchttpclient.netty.handler.HttpHandler - 

Request DefaultHttpRequest(decodeResult: success, version: HTTP/1.1)
POST /session/84dee0aacd87b38f59e962312cff83e4/execute/sync HTTP/1.1
User-Agent: selenium/4.1.2 (java windows)
Content-Length: 48780
Content-Type: application/json; charset=utf-8
host: localhost:50738
accept: */*

Response DefaultHttpResponse(decodeResult: success, version: HTTP/1.1)
HTTP/1.1 200 OK
Content-Type: application/json; charset=utf-8
cache-control: no-cache
content-length: 14

17:56:08.509 [AsyncHttpClient-1-5] DEBUG org.asynchttpclient.netty.channel.ChannelManager - Adding key: http://localhost:50738 for channel [id: 0x93529e0b, L:/127.0.0.1:58696 - R:localhost/127.0.0.1:50738]
17:56:08.513 [Forwarding screenshot on session 84dee0aacd87b38f59e962312cff83e4 to remote] DEBUG org.asynchttpclient.netty.request.NettyRequestSender - Using pooled Channel '[id: 0x93529e0b, L:/127.0.0.1:58696 - R:localhost/127.0.0.1:50738]' for 'GET' to 'http://localhost:50738/session/84dee0aacd87b38f59e962312cff83e4/screenshot'
17:56:08.513 [Forwarding screenshot on session 84dee0aacd87b38f59e962312cff83e4 to remote] DEBUG org.asynchttpclient.netty.request.NettyRequestSender - Using open Channel [id: 0x93529e0b, L:/127.0.0.1:58696 - R:localhost/127.0.0.1:50738] for GET '/session/84dee0aacd87b38f59e962312cff83e4/screenshot'
17:56:08.790 [AsyncHttpClient-1-5] DEBUG org.asynchttpclient.netty.handler.HttpHandler - 

Request DefaultFullHttpRequest(decodeResult: success, version: HTTP/1.1, content: EmptyByteBufBE)
GET /session/84dee0aacd87b38f59e962312cff83e4/screenshot HTTP/1.1
User-Agent: selenium/4.1.2 (java windows)
Cache-Control: no-cache
Content-Type: application/json; charset=utf-8
host: localhost:50738
accept: */*

Response DefaultHttpResponse(decodeResult: success, version: HTTP/1.1)
HTTP/1.1 200 OK
Content-Type: application/json; charset=utf-8
cache-control: no-cache
content-length: 50028

17:56:08.790 [AsyncHttpClient-1-5] DEBUG org.asynchttpclient.netty.channel.ChannelManager - Adding key: http://localhost:50738 for channel [id: 0x93529e0b, L:/127.0.0.1:58696 - R:localhost/127.0.0.1:50738]
17:56:08.793 [main] DEBUG net.serenitybdd.core.photography.Darkroom - Send negative for processing for target\site\serenity\0e161d592e7f6c0e88e84b28f26c45de5a2e5ad923095cc9efc689ec8f65e1a1.png
17:56:08.793 [main] DEBUG net.thucydides.core.steps.StepInterceptor - STEP DONE: warningIconAppears
17:56:08.794 [Darkroom Processing Line] DEBUG net.serenitybdd.core.photography.DarkroomProcessingLine - Processing screenshot image in /var/screenshots/screenshot-3725588543234876510
17:56:08.794 [Darkroom Processing Line] DEBUG net.serenitybdd.core.photography.DarkroomProcessingLine - Saving screenshot to target\site\serenity\0e161d592e7f6c0e88e84b28f26c45de5a2e5ad923095cc9efc689ec8f65e1a1.png
17:56:08.802 [main] DEBUG net.thucydides.core.steps.StepInterceptor - STARTING STEP: RegisterSteps.iGet - errorMessageEqual
17:56:08.804 [Forwarding findElement on session 84dee0aacd87b38f59e962312cff83e4 to remote] DEBUG org.asynchttpclient.netty.request.NettyRequestSender - Using pooled Channel '[id: 0x93529e0b, L:/127.0.0.1:58696 - R:localhost/127.0.0.1:50738]' for 'POST' to 'http://localhost:50738/session/84dee0aacd87b38f59e962312cff83e4/element'
17:56:08.804 [Forwarding findElement on session 84dee0aacd87b38f59e962312cff83e4 to remote] DEBUG org.asynchttpclient.netty.request.NettyRequestSender - Using open Channel [id: 0x93529e0b, L:/127.0.0.1:58696 - R:localhost/127.0.0.1:50738] for POST '/session/84dee0aacd87b38f59e962312cff83e4/element'
17:56:08.822 [AsyncHttpClient-1-5] DEBUG org.asynchttpclient.netty.handler.HttpHandler - 

Request DefaultHttpRequest(decodeResult: success, version: HTTP/1.1)
POST /session/84dee0aacd87b38f59e962312cff83e4/element HTTP/1.1
User-Agent: selenium/4.1.2 (java windows)
Content-Length: 121
Content-Type: application/json; charset=utf-8
host: localhost:50738
accept: */*

Response DefaultHttpResponse(decodeResult: success, version: HTTP/1.1)
HTTP/1.1 200 OK
Content-Type: application/json; charset=utf-8
cache-control: no-cache
content-length: 88

17:56:08.822 [AsyncHttpClient-1-5] DEBUG org.asynchttpclient.netty.channel.ChannelManager - Adding key: http://localhost:50738 for channel [id: 0x93529e0b, L:/127.0.0.1:58696 - R:localhost/127.0.0.1:50738]
17:56:08.823 [Forwarding getElementText on session 84dee0aacd87b38f59e962312cff83e4 to remote] DEBUG org.asynchttpclient.netty.request.NettyRequestSender - Using pooled Channel '[id: 0x93529e0b, L:/127.0.0.1:58696 - R:localhost/127.0.0.1:50738]' for 'GET' to 'http://localhost:50738/session/84dee0aacd87b38f59e962312cff83e4/element/a5f8dbc2-4da1-4b2a-a68a-f1cac8d2a1d2/text'
17:56:08.823 [Forwarding getElementText on session 84dee0aacd87b38f59e962312cff83e4 to remote] DEBUG org.asynchttpclient.netty.request.NettyRequestSender - Using open Channel [id: 0x93529e0b, L:/127.0.0.1:58696 - R:localhost/127.0.0.1:50738] for GET '/session/84dee0aacd87b38f59e962312cff83e4/element/a5f8dbc2-4da1-4b2a-a68a-f1cac8d2a1d2/text'
17:56:08.842 [AsyncHttpClient-1-5] DEBUG org.asynchttpclient.netty.handler.HttpHandler - 

Request DefaultFullHttpRequest(decodeResult: success, version: HTTP/1.1, content: EmptyByteBufBE)
GET /session/84dee0aacd87b38f59e962312cff83e4/element/a5f8dbc2-4da1-4b2a-a68a-f1cac8d2a1d2/text HTTP/1.1
User-Agent: selenium/4.1.2 (java windows)
Cache-Control: no-cache
Content-Type: application/json; charset=utf-8
host: localhost:50738
accept: */*

Response DefaultHttpResponse(decodeResult: success, version: HTTP/1.1)
HTTP/1.1 200 OK
Content-Type: application/json; charset=utf-8
cache-control: no-cache
content-length: 12

17:56:08.842 [AsyncHttpClient-1-5] DEBUG org.asynchttpclient.netty.channel.ChannelManager - Adding key: http://localhost:50738 for channel [id: 0x93529e0b, L:/127.0.0.1:58696 - R:localhost/127.0.0.1:50738]
17:56:08.846 [Forwarding screenshot on session 84dee0aacd87b38f59e962312cff83e4 to remote] DEBUG org.asynchttpclient.netty.request.NettyRequestSender - Using pooled Channel '[id: 0x93529e0b, L:/127.0.0.1:58696 - R:localhost/127.0.0.1:50738]' for 'GET' to 'http://localhost:50738/session/84dee0aacd87b38f59e962312cff83e4/screenshot'
17:56:08.846 [Forwarding screenshot on session 84dee0aacd87b38f59e962312cff83e4 to remote] DEBUG org.asynchttpclient.netty.request.NettyRequestSender - Using open Channel [id: 0x93529e0b, L:/127.0.0.1:58696 - R:localhost/127.0.0.1:50738] for GET '/session/84dee0aacd87b38f59e962312cff83e4/screenshot'
17:56:08.992 [AsyncHttpClient-1-5] DEBUG org.asynchttpclient.netty.handler.HttpHandler - 

Request DefaultFullHttpRequest(decodeResult: success, version: HTTP/1.1, content: EmptyByteBufBE)
GET /session/84dee0aacd87b38f59e962312cff83e4/screenshot HTTP/1.1
User-Agent: selenium/4.1.2 (java windows)
Cache-Control: no-cache
Content-Type: application/json; charset=utf-8
host: localhost:50738
accept: */*

Response DefaultHttpResponse(decodeResult: success, version: HTTP/1.1)
HTTP/1.1 200 OK
Content-Type: application/json; charset=utf-8
cache-control: no-cache
content-length: 50076

17:56:08.992 [AsyncHttpClient-1-5] DEBUG org.asynchttpclient.netty.channel.ChannelManager - Adding key: http://localhost:50738 for channel [id: 0x93529e0b, L:/127.0.0.1:58696 - R:localhost/127.0.0.1:50738]
17:56:08.994 [main] DEBUG net.serenitybdd.core.photography.Darkroom - Send negative for processing for target\site\serenity\d4854cf29791479cfc047b9882dd31dc863c9b9fc6b56b33c38fe24fa4844dab.png
17:56:08.994 [main] DEBUG net.thucydides.core.steps.StepInterceptor - STEP DONE: errorMessageEqual
  &amp#27;[32mThen &amp#27;[0m&amp#27;[32mI get &amp#27;[0m&amp#27;[32m&amp#27;[1m"warning"&amp#27;[0m                  &amp#27;[90m# starter.stepdefinitions.RegisterSteps.iGet(java.lang.String)&amp#27;[0m
17:56:08.995 [Darkroom Processing Line] DEBUG net.serenitybdd.core.photography.DarkroomProcessingLine - Processing screenshot image in /var/screenshots/screenshot-18085317967570983918
17:56:08.995 [Darkroom Processing Line] DEBUG net.serenitybdd.core.photography.DarkroomProcessingLine - Saving screenshot to target\site\serenity\d4854cf29791479cfc047b9882dd31dc863c9b9fc6b56b33c38fe24fa4844dab.png
17:56:09.004 [AsyncHttpClient-1-7] DEBUG org.asynchttpclient.netty.handler.WebSocketHandler - Channel Closed: [id: 0xd6541db8, L:/127.0.0.1:58704 ! R:localhost/127.0.0.1:58697] with attribute NettyResponseFuture{currentRetry=5,
	isDone=1,
	isCancelled=0,
	asyncHandler=org.asynchttpclient.ws.WebSocketUpgradeHandler@bf9ff53,
	nettyRequest=org.asynchttpclient.netty.request.NettyRequest@42500cce,
	future=java.util.concurrent.CompletableFuture@6dff3f1a[Completed normally],
	uri=ws://localhost:58697/devtools/browser/b8f9e459-5342-4581-a389-d4fb4d1562dc,
	keepAlive=true,
	redirectCount=0,
	timeoutsHolder=null,
	inAuth=0,
	touch=1652784965228}
17:56:09.004 [AsyncHttpClient-1-7] DEBUG org.asynchttpclient.netty.channel.ChannelManager - Closing Channel [id: 0xd6541db8, L:/127.0.0.1:58704 ! R:localhost/127.0.0.1:58697] 
17:56:09.004 [Driver Command Executor] DEBUG org.asynchttpclient.netty.request.NettyRequestSender - Using pooled Channel '[id: 0x93529e0b, L:/127.0.0.1:58696 - R:localhost/127.0.0.1:50738]' for 'DELETE' to 'http://localhost:50738/session/84dee0aacd87b38f59e962312cff83e4'
17:56:09.004 [Driver Command Executor] DEBUG org.asynchttpclient.netty.request.NettyRequestSender - Using open Channel [id: 0x93529e0b, L:/127.0.0.1:58696 - R:localhost/127.0.0.1:50738] for DELETE '/session/84dee0aacd87b38f59e962312cff83e4'
17:56:09.023 [AsyncHttpClient-1-1] DEBUG org.asynchttpclient.netty.channel.DefaultChannelPool - Entry count for : http://localhost:58697 : 1
17:56:09.031 [AsyncHttpClient-1-6] DEBUG org.asynchttpclient.netty.handler.HttpHandler - Unexpected I/O exception on channel [id: 0xaf5cf903, L:/127.0.0.1:58703 - R:localhost/127.0.0.1:58697]
java.net.SocketException: Connection reset
	at java.base/sun.nio.ch.SocketChannelImpl.throwConnectionReset(SocketChannelImpl.java:367)
	at java.base/sun.nio.ch.SocketChannelImpl.read(SocketChannelImpl.java:398)
	at io.netty.buffer.PooledByteBuf.setBytes(PooledByteBuf.java:258)
	at io.netty.buffer.AbstractByteBuf.writeBytes(AbstractByteBuf.java:1132)
	at io.netty.channel.socket.nio.NioSocketChannel.doReadBytes(NioSocketChannel.java:350)
	at io.netty.channel.nio.AbstractNioByteChannel$NioByteUnsafe.read(AbstractNioByteChannel.java:151)
	at io.netty.channel.nio.NioEventLoop.processSelectedKey(NioEventLoop.java:722)
	at io.netty.channel.nio.NioEventLoop.processSelectedKeysOptimized(NioEventLoop.java:658)
	at io.netty.channel.nio.NioEventLoop.processSelectedKeys(NioEventLoop.java:584)
	at io.netty.channel.nio.NioEventLoop.run(NioEventLoop.java:496)
	at io.netty.util.concurrent.SingleThreadEventExecutor$4.run(SingleThreadEventExecutor.java:986)
	at io.netty.util.internal.ThreadExecutorMap$2.run(ThreadExecutorMap.java:74)
	at io.netty.util.concurrent.FastThreadLocalRunnable.run(FastThreadLocalRunnable.java:30)
	at java.base/java.lang.Thread.run(Thread.java:832)
17:56:09.031 [AsyncHttpClient-1-6] DEBUG org.asynchttpclient.netty.channel.ChannelManager - Closing Channel [id: 0xaf5cf903, L:/127.0.0.1:58703 - R:localhost/127.0.0.1:58697] 
17:56:09.031 [AsyncHttpClient-1-6] DEBUG org.asynchttpclient.netty.handler.HttpHandler - Channel Closed: [id: 0xaf5cf903, L:/127.0.0.1:58703 ! R:localhost/127.0.0.1:58697] with attribute DISCARD
17:56:09.048 [AsyncHttpClient-1-5] DEBUG org.asynchttpclient.netty.handler.HttpHandler - 

Request DefaultFullHttpRequest(decodeResult: success, version: HTTP/1.1, content: EmptyByteBufBE)
DELETE /session/84dee0aacd87b38f59e962312cff83e4 HTTP/1.1
User-Agent: selenium/4.1.2 (java windows)
Content-Type: application/json; charset=utf-8
host: localhost:50738
accept: */*

Response DefaultHttpResponse(decodeResult: success, version: HTTP/1.1)
HTTP/1.1 200 OK
Content-Type: application/json; charset=utf-8
cache-control: no-cache
content-length: 14

17:56:09.048 [AsyncHttpClient-1-5] DEBUG org.asynchttpclient.netty.channel.ChannelManager - Adding key: http://localhost:50738 for channel [id: 0x93529e0b, L:/127.0.0.1:58696 - R:localhost/127.0.0.1:50738]
17:56:09.156 [AsyncHttpClient-1-5] DEBUG org.asynchttpclient.netty.handler.HttpHandler - Channel Closed: [id: 0x93529e0b, L:/127.0.0.1:58696 ! R:localhost/127.0.0.1:50738] with attribute DISCARD
17:56:09.682 [main] INFO  - 
  _____   ___   ___   _____     ___     _     ___   ___   ___   ___  
 |_   _| | __| / __| |_   _|   | _ \   /_\   / __| / __| | __| |   \ 
   | |   | _|  \__ \   | |     |  _/  / _ \  \__ \ \__ \ | _|  | |) |
   |_|   |___| |___/   |_|     |_|   /_/ \_\ |___/ |___/ |___| |___/ 

Register Scenario
----------------------------------------------------------------------
]]></system-out>
    <system-err><![CDATA[Starting ChromeDriver 101.0.4951.41 (93c720db8323b3ec10d056025ab95c23a31997c9-refs/branch-heads/4951@{#904}) on port 50738
Only local connections are allowed.
Please see https://chromedriver.chromium.org/security-considerations for suggestions on keeping ChromeDriver safe.
ChromeDriver was started successfully.
May 17, 2022 5:56:05 PM org.openqa.selenium.remote.ProtocolHandshake createSession
INFO: Detected dialect: W3C
May 17, 2022 5:56:05 PM org.openqa.selenium.devtools.CdpVersionFinder findNearestMatch
WARNING: Unable to find an exact match for CDP version 101, so returning the closest version found: 97
May 17, 2022 5:56:05 PM org.openqa.selenium.devtools.CdpVersionFinder findNearestMatch
INFO: Found CDP implementation for version 101 of 97
]]></system-err>
  </testcase>
  <testcase name="Register Scenario #3" classname="Register" time="6.04">
    <system-out><![CDATA[
@Register
Scenario Outline: Register Scenario &amp#27;[90m# src/test/resources/features/Register.feature:20&amp#27;[0m
17:56:09.694 [main] INFO io.cucumber.core.plugin.SerenityReporter - Running feature from file:///E:/Learn/ProjectTestWeb/src/test/resources/features/Register.feature
17:56:09.717 [main] INFO net.serenitybdd.core.webdriver.driverproviders.ChromeDriverProvider - Using automatically driver download
17:56:09.992 [main] DEBUG io.github.bonigarcia.wdm.cache.ResolutionCache - Resolution chrome=101 in cache (valid until 18:23:13 17/05/2022 ICT)
17:56:09.998 [main] DEBUG io.github.bonigarcia.wdm.cache.ResolutionCache - Resolution chrome101=101.0.4951.41 in cache (valid until 17:23:13 18/05/2022 ICT)
17:56:10.003 [main] INFO io.github.bonigarcia.wdm.WebDriverManager - Using chromedriver 101.0.4951.41 (resolved driver for Chrome 101)
17:56:10.022 [main] DEBUG io.github.bonigarcia.wdm.WebDriverManager - Driver chromedriver 101.0.4951.41 found in cache
17:56:10.023 [main] INFO io.github.bonigarcia.wdm.WebDriverManager - Exporting webdriver.chrome.driver as C:\Users\HP\.cache\selenium\chromedriver\win32\101.0.4951.41\chromedriver.exe
17:56:10.116 [AsyncHttpClient-1-1] DEBUG org.asynchttpclient.netty.channel.DefaultChannelPool - Entry count for : http://localhost:50738 : 1
17:56:10.116 [AsyncHttpClient-1-1] DEBUG org.asynchttpclient.netty.channel.DefaultChannelPool - Entry count for : http://localhost:58697 : 1
17:56:10.116 [AsyncHttpClient-1-1] DEBUG org.asynchttpclient.netty.channel.DefaultChannelPool - Adding Candidate expired Channel [id: 0x93529e0b, L:/127.0.0.1:58696 ! R:localhost/127.0.0.1:50738] isIdleTimeoutExpired=false isRemotelyClosed=true isTtlExpired=false
17:56:10.116 [AsyncHttpClient-1-1] DEBUG org.asynchttpclient.netty.channel.DefaultChannelPool - Closing Idle Channel [id: 0x93529e0b, L:/127.0.0.1:58696 ! R:localhost/127.0.0.1:50738]
17:56:10.116 [AsyncHttpClient-1-1] DEBUG org.asynchttpclient.netty.channel.DefaultChannelPool - Adding Candidate expired Channel [id: 0xaf5cf903, L:/127.0.0.1:58703 ! R:localhost/127.0.0.1:58697] isIdleTimeoutExpired=false isRemotelyClosed=true isTtlExpired=false
17:56:10.116 [AsyncHttpClient-1-1] DEBUG org.asynchttpclient.netty.channel.DefaultChannelPool - Closing Idle Channel [id: 0xaf5cf903, L:/127.0.0.1:58703 ! R:localhost/127.0.0.1:58697]
17:56:10.116 [AsyncHttpClient-1-1] DEBUG org.asynchttpclient.netty.channel.DefaultChannelPool - Closed 2 connections out of 2 in 0 ms
17:56:10.246 [main] DEBUG net.serenitybdd.core.webdriver.driverproviders.ProvideNewDriver - Instantiating driver
17:56:10.246 [main] DEBUG net.serenitybdd.core.webdriver.driverproviders.ProvideNewDriver - Driver capabilities: Capabilities {acceptInsecureCerts: false, base.url: , browserName: chrome, goog:chromeOptions: {args: [], extensions: []}}
17:56:10.791 [AsyncHttpClient-1-8] DEBUG org.asynchttpclient.netty.channel.NettyConnectListener - Using new Channel '[id: 0xfe20ccfc, L:/127.0.0.1:58725 - R:localhost/127.0.0.1:60757]' for 'POST' to '/session'
17:56:11.490 [AsyncHttpClient-1-8] DEBUG org.asynchttpclient.netty.handler.HttpHandler - 

Request DefaultHttpRequest(decodeResult: success, version: HTTP/1.1)
POST /session HTTP/1.1
User-Agent: selenium/4.1.2 (java windows)
Content-Length: 457
Content-Type: application/json; charset=utf-8
host: localhost:60757
accept: */*

Response DefaultHttpResponse(decodeResult: success, version: HTTP/1.1)
HTTP/1.1 200 OK
Content-Type: application/json; charset=utf-8
cache-control: no-cache
content-length: 787

17:56:11.490 [AsyncHttpClient-1-8] DEBUG org.asynchttpclient.netty.channel.ChannelManager - Adding key: http://localhost:60757 for channel [id: 0xfe20ccfc, L:/127.0.0.1:58725 - R:localhost/127.0.0.1:60757]
17:56:11.496 [AsyncHttpClient-1-9] DEBUG org.asynchttpclient.netty.channel.NettyConnectListener - Using new Channel '[id: 0xb8314f69, L:/127.0.0.1:58732 - R:localhost/127.0.0.1:58726]' for 'GET' to '/json/version'
17:56:11.497 [AsyncHttpClient-1-9] DEBUG org.asynchttpclient.netty.handler.HttpHandler - 

Request DefaultFullHttpRequest(decodeResult: success, version: HTTP/1.1, content: EmptyByteBufBE)
GET /json/version HTTP/1.1
User-Agent: selenium/4.1.2 (java windows)
host: localhost:58726
accept: */*

Response DefaultHttpResponse(decodeResult: success, version: HTTP/1.1)
HTTP/1.1 200 OK
Content-Type: application/json; charset=UTF-8
content-length: 427

17:56:11.497 [AsyncHttpClient-1-9] DEBUG org.asynchttpclient.netty.channel.ChannelManager - Adding key: http://localhost:58726 for channel [id: 0xb8314f69, L:/127.0.0.1:58732 - R:localhost/127.0.0.1:58726]
17:56:11.500 [AsyncHttpClient-1-10] DEBUG org.asynchttpclient.netty.channel.NettyConnectListener - Using new Channel '[id: 0xa3f21a56, L:/127.0.0.1:58733 - R:localhost/127.0.0.1:58726]' for 'GET' to '/devtools/browser/a0bea114-aaae-4640-b4fc-45becedf1300'
17:56:11.502 [AsyncHttpClient-1-10] DEBUG org.asynchttpclient.netty.handler.WebSocketHandler - 

Request DefaultFullHttpRequest(decodeResult: success, version: HTTP/1.1, content: EmptyByteBufBE)
GET /devtools/browser/a0bea114-aaae-4640-b4fc-45becedf1300 HTTP/1.1
upgrade: websocket
connection: upgrade
sec-websocket-key: HA1mBAc8n8ssluGTlsIk9w==
sec-websocket-version: 13
origin: http://localhost:58726
host: localhost:58726
accept: */*
user-agent: AHC/2.1

Response DefaultHttpResponse(decodeResult: success, version: HTTP/1.1)
HTTP/1.1 101 WebSocket Protocol Handshake
Upgrade: WebSocket
Connection: Upgrade
Sec-WebSocket-Accept: CZtxaJRgjklUaAQqaeQ/6NDHWdc=

17:56:11.508 [Forwarding get on session 1e302cf9ad6e51b87fefd09cc227f086 to remote] DEBUG org.asynchttpclient.netty.request.NettyRequestSender - Using pooled Channel '[id: 0xfe20ccfc, L:/127.0.0.1:58725 - R:localhost/127.0.0.1:60757]' for 'POST' to 'http://localhost:60757/session/1e302cf9ad6e51b87fefd09cc227f086/url'
17:56:11.508 [Forwarding get on session 1e302cf9ad6e51b87fefd09cc227f086 to remote] DEBUG org.asynchttpclient.netty.request.NettyRequestSender - Using open Channel [id: 0xfe20ccfc, L:/127.0.0.1:58725 - R:localhost/127.0.0.1:60757] for POST '/session/1e302cf9ad6e51b87fefd09cc227f086/url'
17:56:12.314 [AsyncHttpClient-1-1] DEBUG org.asynchttpclient.netty.channel.DefaultChannelPool - Entry count for : http://localhost:58726 : 1
17:56:12.575 [AsyncHttpClient-1-8] DEBUG org.asynchttpclient.netty.handler.HttpHandler - 

Request DefaultHttpRequest(decodeResult: success, version: HTTP/1.1)
POST /session/1e302cf9ad6e51b87fefd09cc227f086/url HTTP/1.1
User-Agent: selenium/4.1.2 (java windows)
Content-Length: 67
Content-Type: application/json; charset=utf-8
host: localhost:60757
accept: */*

Response DefaultHttpResponse(decodeResult: success, version: HTTP/1.1)
HTTP/1.1 200 OK
Content-Type: application/json; charset=utf-8
cache-control: no-cache
content-length: 14

17:56:12.575 [AsyncHttpClient-1-8] DEBUG org.asynchttpclient.netty.channel.ChannelManager - Adding key: http://localhost:60757 for channel [id: 0xfe20ccfc, L:/127.0.0.1:58725 - R:localhost/127.0.0.1:60757]
17:56:12.576 [Forwarding setTimeout on session 1e302cf9ad6e51b87fefd09cc227f086 to remote] DEBUG org.asynchttpclient.netty.request.NettyRequestSender - Using pooled Channel '[id: 0xfe20ccfc, L:/127.0.0.1:58725 - R:localhost/127.0.0.1:60757]' for 'POST' to 'http://localhost:60757/session/1e302cf9ad6e51b87fefd09cc227f086/timeouts'
17:56:12.576 [Forwarding setTimeout on session 1e302cf9ad6e51b87fefd09cc227f086 to remote] DEBUG org.asynchttpclient.netty.request.NettyRequestSender - Using open Channel [id: 0xfe20ccfc, L:/127.0.0.1:58725 - R:localhost/127.0.0.1:60757] for POST '/session/1e302cf9ad6e51b87fefd09cc227f086/timeouts'
17:56:12.577 [AsyncHttpClient-1-8] DEBUG org.asynchttpclient.netty.handler.HttpHandler - 

Request DefaultHttpRequest(decodeResult: success, version: HTTP/1.1)
POST /session/1e302cf9ad6e51b87fefd09cc227f086/timeouts HTTP/1.1
User-Agent: selenium/4.1.2 (java windows)
Content-Length: 22
Content-Type: application/json; charset=utf-8
host: localhost:60757
accept: */*

Response DefaultHttpResponse(decodeResult: success, version: HTTP/1.1)
HTTP/1.1 200 OK
Content-Type: application/json; charset=utf-8
cache-control: no-cache
content-length: 14

17:56:12.577 [AsyncHttpClient-1-8] DEBUG org.asynchttpclient.netty.channel.ChannelManager - Adding key: http://localhost:60757 for channel [id: 0xfe20ccfc, L:/127.0.0.1:58725 - R:localhost/127.0.0.1:60757]
17:56:12.580 [Forwarding getCurrentUrl on session 1e302cf9ad6e51b87fefd09cc227f086 to remote] DEBUG org.asynchttpclient.netty.request.NettyRequestSender - Using pooled Channel '[id: 0xfe20ccfc, L:/127.0.0.1:58725 - R:localhost/127.0.0.1:60757]' for 'GET' to 'http://localhost:60757/session/1e302cf9ad6e51b87fefd09cc227f086/url'
17:56:12.580 [Forwarding getCurrentUrl on session 1e302cf9ad6e51b87fefd09cc227f086 to remote] DEBUG org.asynchttpclient.netty.request.NettyRequestSender - Using open Channel [id: 0xfe20ccfc, L:/127.0.0.1:58725 - R:localhost/127.0.0.1:60757] for GET '/session/1e302cf9ad6e51b87fefd09cc227f086/url'
17:56:12.587 [AsyncHttpClient-1-8] DEBUG org.asynchttpclient.netty.handler.HttpHandler - 

Request DefaultFullHttpRequest(decodeResult: success, version: HTTP/1.1, content: EmptyByteBufBE)
GET /session/1e302cf9ad6e51b87fefd09cc227f086/url HTTP/1.1
User-Agent: selenium/4.1.2 (java windows)
Cache-Control: no-cache
Content-Type: application/json; charset=utf-8
host: localhost:60757
accept: */*

Response DefaultHttpResponse(decodeResult: success, version: HTTP/1.1)
HTTP/1.1 200 OK
Content-Type: application/json; charset=utf-8
cache-control: no-cache
content-length: 44

17:56:12.587 [AsyncHttpClient-1-8] DEBUG org.asynchttpclient.netty.channel.ChannelManager - Adding key: http://localhost:60757 for channel [id: 0xfe20ccfc, L:/127.0.0.1:58725 - R:localhost/127.0.0.1:60757]
17:56:12.595 [Forwarding screenshot on session 1e302cf9ad6e51b87fefd09cc227f086 to remote] DEBUG org.asynchttpclient.netty.request.NettyRequestSender - Using pooled Channel '[id: 0xfe20ccfc, L:/127.0.0.1:58725 - R:localhost/127.0.0.1:60757]' for 'GET' to 'http://localhost:60757/session/1e302cf9ad6e51b87fefd09cc227f086/screenshot'
17:56:12.595 [Forwarding screenshot on session 1e302cf9ad6e51b87fefd09cc227f086 to remote] DEBUG org.asynchttpclient.netty.request.NettyRequestSender - Using open Channel [id: 0xfe20ccfc, L:/127.0.0.1:58725 - R:localhost/127.0.0.1:60757] for GET '/session/1e302cf9ad6e51b87fefd09cc227f086/screenshot'
17:56:13.024 [AsyncHttpClient-1-8] DEBUG org.asynchttpclient.netty.handler.HttpHandler - 

Request DefaultFullHttpRequest(decodeResult: success, version: HTTP/1.1, content: EmptyByteBufBE)
GET /session/1e302cf9ad6e51b87fefd09cc227f086/screenshot HTTP/1.1
User-Agent: selenium/4.1.2 (java windows)
Cache-Control: no-cache
Content-Type: application/json; charset=utf-8
host: localhost:60757
accept: */*

Response DefaultHttpResponse(decodeResult: success, version: HTTP/1.1)
HTTP/1.1 200 OK
Content-Type: application/json; charset=utf-8
cache-control: no-cache
content-length: 37608

17:56:13.025 [AsyncHttpClient-1-8] DEBUG org.asynchttpclient.netty.channel.ChannelManager - Adding key: http://localhost:60757 for channel [id: 0xfe20ccfc, L:/127.0.0.1:58725 - R:localhost/127.0.0.1:60757]
17:56:13.026 [main] DEBUG net.serenitybdd.core.photography.Darkroom - Send negative for processing for target\site\serenity\49d6eedabd9377bdcbf390b98d2a22aaf52d6bc2093bb332cef2ee61950daedd.png
17:56:13.027 [main] DEBUG net.thucydides.core.steps.StepInterceptor - STARTING STEP: RegisterSteps.iAmOnTheRegisterPage - validateOnRegisterPage
17:56:13.028 [Forwarding findElement on session 1e302cf9ad6e51b87fefd09cc227f086 to remote] DEBUG org.asynchttpclient.netty.request.NettyRequestSender - Using pooled Channel '[id: 0xfe20ccfc, L:/127.0.0.1:58725 - R:localhost/127.0.0.1:60757]' for 'POST' to 'http://localhost:60757/session/1e302cf9ad6e51b87fefd09cc227f086/element'
17:56:13.028 [Forwarding findElement on session 1e302cf9ad6e51b87fefd09cc227f086 to remote] DEBUG org.asynchttpclient.netty.request.NettyRequestSender - Using open Channel [id: 0xfe20ccfc, L:/127.0.0.1:58725 - R:localhost/127.0.0.1:60757] for POST '/session/1e302cf9ad6e51b87fefd09cc227f086/element'
17:56:13.041 [AsyncHttpClient-1-8] DEBUG org.asynchttpclient.netty.handler.HttpHandler - 

Request DefaultHttpRequest(decodeResult: success, version: HTTP/1.1)
POST /session/1e302cf9ad6e51b87fefd09cc227f086/element HTTP/1.1
User-Agent: selenium/4.1.2 (java windows)
Content-Length: 92
Content-Type: application/json; charset=utf-8
host: localhost:60757
accept: */*

Response DefaultHttpResponse(decodeResult: success, version: HTTP/1.1)
HTTP/1.1 200 OK
Content-Type: application/json; charset=utf-8
cache-control: no-cache
content-length: 88

17:56:13.041 [AsyncHttpClient-1-8] DEBUG org.asynchttpclient.netty.channel.ChannelManager - Adding key: http://localhost:60757 for channel [id: 0xfe20ccfc, L:/127.0.0.1:58725 - R:localhost/127.0.0.1:60757]
17:56:13.044 [Forwarding isElementDisplayed on session 1e302cf9ad6e51b87fefd09cc227f086 to remote] DEBUG org.asynchttpclient.netty.request.NettyRequestSender - Using pooled Channel '[id: 0xfe20ccfc, L:/127.0.0.1:58725 - R:localhost/127.0.0.1:60757]' for 'POST' to 'http://localhost:60757/session/1e302cf9ad6e51b87fefd09cc227f086/execute/sync'
17:56:13.044 [Forwarding isElementDisplayed on session 1e302cf9ad6e51b87fefd09cc227f086 to remote] DEBUG org.asynchttpclient.netty.request.NettyRequestSender - Using open Channel [id: 0xfe20ccfc, L:/127.0.0.1:58725 - R:localhost/127.0.0.1:60757] for POST '/session/1e302cf9ad6e51b87fefd09cc227f086/execute/sync'
17:56:13.059 [AsyncHttpClient-1-8] DEBUG org.asynchttpclient.netty.handler.HttpHandler - 

Request DefaultHttpRequest(decodeResult: success, version: HTTP/1.1)
POST /session/1e302cf9ad6e51b87fefd09cc227f086/execute/sync HTTP/1.1
User-Agent: selenium/4.1.2 (java windows)
Content-Length: 48780
Content-Type: application/json; charset=utf-8
host: localhost:60757
accept: */*

Response DefaultHttpResponse(decodeResult: success, version: HTTP/1.1)
HTTP/1.1 200 OK
Content-Type: application/json; charset=utf-8
cache-control: no-cache
content-length: 14

17:56:13.059 [AsyncHttpClient-1-8] DEBUG org.asynchttpclient.netty.channel.ChannelManager - Adding key: http://localhost:60757 for channel [id: 0xfe20ccfc, L:/127.0.0.1:58725 - R:localhost/127.0.0.1:60757]
17:56:13.064 [main] DEBUG net.thucydides.core.steps.StepInterceptor - STEP DONE: validateOnRegisterPage
  &amp#27;[32mGiven &amp#27;[0m&amp#27;[32mI am on the register page&amp#27;[0m   &amp#27;[90m# starter.stepdefinitions.RegisterSteps.iAmOnTheRegisterPage()&amp#27;[0m
17:56:13.077 [Forwarding screenshot on session 1e302cf9ad6e51b87fefd09cc227f086 to remote] DEBUG org.asynchttpclient.netty.request.NettyRequestSender - Using pooled Channel '[id: 0xfe20ccfc, L:/127.0.0.1:58725 - R:localhost/127.0.0.1:60757]' for 'GET' to 'http://localhost:60757/session/1e302cf9ad6e51b87fefd09cc227f086/screenshot'
17:56:13.077 [Forwarding screenshot on session 1e302cf9ad6e51b87fefd09cc227f086 to remote] DEBUG org.asynchttpclient.netty.request.NettyRequestSender - Using open Channel [id: 0xfe20ccfc, L:/127.0.0.1:58725 - R:localhost/127.0.0.1:60757] for GET '/session/1e302cf9ad6e51b87fefd09cc227f086/screenshot'
17:56:13.240 [AsyncHttpClient-1-8] DEBUG org.asynchttpclient.netty.handler.HttpHandler - 

Request DefaultFullHttpRequest(decodeResult: success, version: HTTP/1.1, content: EmptyByteBufBE)
GET /session/1e302cf9ad6e51b87fefd09cc227f086/screenshot HTTP/1.1
User-Agent: selenium/4.1.2 (java windows)
Cache-Control: no-cache
Content-Type: application/json; charset=utf-8
host: localhost:60757
accept: */*

Response DefaultHttpResponse(decodeResult: success, version: HTTP/1.1)
HTTP/1.1 200 OK
Content-Type: application/json; charset=utf-8
cache-control: no-cache
content-length: 37608

17:56:13.241 [AsyncHttpClient-1-8] DEBUG org.asynchttpclient.netty.channel.ChannelManager - Adding key: http://localhost:60757 for channel [id: 0xfe20ccfc, L:/127.0.0.1:58725 - R:localhost/127.0.0.1:60757]
17:56:13.242 [main] DEBUG net.serenitybdd.core.photography.Darkroom - Send negative for processing for target\site\serenity\49d6eedabd9377bdcbf390b98d2a22aaf52d6bc2093bb332cef2ee61950daedd.png
17:56:13.243 [main] DEBUG net.thucydides.core.steps.StepInterceptor - STARTING STEP: RegisterSteps.iInputFullname - inputFullname
17:56:13.245 [Forwarding findElement on session 1e302cf9ad6e51b87fefd09cc227f086 to remote] DEBUG org.asynchttpclient.netty.request.NettyRequestSender - Using pooled Channel '[id: 0xfe20ccfc, L:/127.0.0.1:58725 - R:localhost/127.0.0.1:60757]' for 'POST' to 'http://localhost:60757/session/1e302cf9ad6e51b87fefd09cc227f086/element'
17:56:13.245 [Forwarding findElement on session 1e302cf9ad6e51b87fefd09cc227f086 to remote] DEBUG org.asynchttpclient.netty.request.NettyRequestSender - Using open Channel [id: 0xfe20ccfc, L:/127.0.0.1:58725 - R:localhost/127.0.0.1:60757] for POST '/session/1e302cf9ad6e51b87fefd09cc227f086/element'
17:56:13.258 [AsyncHttpClient-1-8] DEBUG org.asynchttpclient.netty.handler.HttpHandler - 

Request DefaultHttpRequest(decodeResult: success, version: HTTP/1.1)
POST /session/1e302cf9ad6e51b87fefd09cc227f086/element HTTP/1.1
User-Agent: selenium/4.1.2 (java windows)
Content-Length: 91
Content-Type: application/json; charset=utf-8
host: localhost:60757
accept: */*

Response DefaultHttpResponse(decodeResult: success, version: HTTP/1.1)
HTTP/1.1 200 OK
Content-Type: application/json; charset=utf-8
cache-control: no-cache
content-length: 88

17:56:13.258 [AsyncHttpClient-1-8] DEBUG org.asynchttpclient.netty.channel.ChannelManager - Adding key: http://localhost:60757 for channel [id: 0xfe20ccfc, L:/127.0.0.1:58725 - R:localhost/127.0.0.1:60757]
17:56:13.259 [Forwarding clearElement on session 1e302cf9ad6e51b87fefd09cc227f086 to remote] DEBUG org.asynchttpclient.netty.request.NettyRequestSender - Using pooled Channel '[id: 0xfe20ccfc, L:/127.0.0.1:58725 - R:localhost/127.0.0.1:60757]' for 'POST' to 'http://localhost:60757/session/1e302cf9ad6e51b87fefd09cc227f086/element/cf0f9cf5-90e4-4769-af3e-6f7225acd192/clear'
17:56:13.259 [Forwarding clearElement on session 1e302cf9ad6e51b87fefd09cc227f086 to remote] DEBUG org.asynchttpclient.netty.request.NettyRequestSender - Using open Channel [id: 0xfe20ccfc, L:/127.0.0.1:58725 - R:localhost/127.0.0.1:60757] for POST '/session/1e302cf9ad6e51b87fefd09cc227f086/element/cf0f9cf5-90e4-4769-af3e-6f7225acd192/clear'
17:56:13.296 [AsyncHttpClient-1-8] DEBUG org.asynchttpclient.netty.handler.HttpHandler - 

Request DefaultHttpRequest(decodeResult: success, version: HTTP/1.1)
POST /session/1e302cf9ad6e51b87fefd09cc227f086/element/cf0f9cf5-90e4-4769-af3e-6f7225acd192/clear HTTP/1.1
User-Agent: selenium/4.1.2 (java windows)
Content-Length: 50
Content-Type: application/json; charset=utf-8
host: localhost:60757
accept: */*

Response DefaultHttpResponse(decodeResult: success, version: HTTP/1.1)
HTTP/1.1 200 OK
Content-Type: application/json; charset=utf-8
cache-control: no-cache
content-length: 14

17:56:13.296 [AsyncHttpClient-1-8] DEBUG org.asynchttpclient.netty.channel.ChannelManager - Adding key: http://localhost:60757 for channel [id: 0xfe20ccfc, L:/127.0.0.1:58725 - R:localhost/127.0.0.1:60757]
17:56:13.297 [Forwarding sendKeysToElement on session 1e302cf9ad6e51b87fefd09cc227f086 to remote] DEBUG org.asynchttpclient.netty.request.NettyRequestSender - Using pooled Channel '[id: 0xfe20ccfc, L:/127.0.0.1:58725 - R:localhost/127.0.0.1:60757]' for 'POST' to 'http://localhost:60757/session/1e302cf9ad6e51b87fefd09cc227f086/element/cf0f9cf5-90e4-4769-af3e-6f7225acd192/value'
17:56:13.297 [Forwarding sendKeysToElement on session 1e302cf9ad6e51b87fefd09cc227f086 to remote] DEBUG org.asynchttpclient.netty.request.NettyRequestSender - Using open Channel [id: 0xfe20ccfc, L:/127.0.0.1:58725 - R:localhost/127.0.0.1:60757] for POST '/session/1e302cf9ad6e51b87fefd09cc227f086/element/cf0f9cf5-90e4-4769-af3e-6f7225acd192/value'
17:56:13.340 [AsyncHttpClient-1-8] DEBUG org.asynchttpclient.netty.handler.HttpHandler - 

Request DefaultHttpRequest(decodeResult: success, version: HTTP/1.1)
POST /session/1e302cf9ad6e51b87fefd09cc227f086/element/cf0f9cf5-90e4-4769-af3e-6f7225acd192/value HTTP/1.1
User-Agent: selenium/4.1.2 (java windows)
Content-Length: 82
Content-Type: application/json; charset=utf-8
host: localhost:60757
accept: */*

Response DefaultHttpResponse(decodeResult: success, version: HTTP/1.1)
HTTP/1.1 200 OK
Content-Type: application/json; charset=utf-8
cache-control: no-cache
content-length: 14

17:56:13.340 [AsyncHttpClient-1-8] DEBUG org.asynchttpclient.netty.channel.ChannelManager - Adding key: http://localhost:60757 for channel [id: 0xfe20ccfc, L:/127.0.0.1:58725 - R:localhost/127.0.0.1:60757]
17:56:13.348 [Forwarding screenshot on session 1e302cf9ad6e51b87fefd09cc227f086 to remote] DEBUG org.asynchttpclient.netty.request.NettyRequestSender - Using pooled Channel '[id: 0xfe20ccfc, L:/127.0.0.1:58725 - R:localhost/127.0.0.1:60757]' for 'GET' to 'http://localhost:60757/session/1e302cf9ad6e51b87fefd09cc227f086/screenshot'
17:56:13.348 [Forwarding screenshot on session 1e302cf9ad6e51b87fefd09cc227f086 to remote] DEBUG org.asynchttpclient.netty.request.NettyRequestSender - Using open Channel [id: 0xfe20ccfc, L:/127.0.0.1:58725 - R:localhost/127.0.0.1:60757] for GET '/session/1e302cf9ad6e51b87fefd09cc227f086/screenshot'
17:56:13.416 [AsyncHttpClient-1-1] DEBUG org.asynchttpclient.netty.channel.DefaultChannelPool - Entry count for : http://localhost:58726 : 1
17:56:13.511 [AsyncHttpClient-1-8] DEBUG org.asynchttpclient.netty.handler.HttpHandler - 

Request DefaultFullHttpRequest(decodeResult: success, version: HTTP/1.1, content: EmptyByteBufBE)
GET /session/1e302cf9ad6e51b87fefd09cc227f086/screenshot HTTP/1.1
User-Agent: selenium/4.1.2 (java windows)
Cache-Control: no-cache
Content-Type: application/json; charset=utf-8
host: localhost:60757
accept: */*

Response DefaultHttpResponse(decodeResult: success, version: HTTP/1.1)
HTTP/1.1 200 OK
Content-Type: application/json; charset=utf-8
cache-control: no-cache
content-length: 38252

17:56:13.511 [AsyncHttpClient-1-8] DEBUG org.asynchttpclient.netty.channel.ChannelManager - Adding key: http://localhost:60757 for channel [id: 0xfe20ccfc, L:/127.0.0.1:58725 - R:localhost/127.0.0.1:60757]
17:56:13.514 [main] DEBUG net.serenitybdd.core.photography.Darkroom - Send negative for processing for target\site\serenity\977177cd67334f51811654dae8b859e820257d1e56e78a73cebe3b03a7491833.png
17:56:13.514 [main] DEBUG net.thucydides.core.steps.StepInterceptor - STEP DONE: inputFullname
  &amp#27;[32mWhen &amp#27;[0m&amp#27;[32mI input &amp#27;[0m&amp#27;[32m&amp#27;[1m""&amp#27;[0m&amp#27;[32m fullname&amp#27;[0m          &amp#27;[90m# starter.stepdefinitions.RegisterSteps.iInputFullname(java.lang.String)&amp#27;[0m
17:56:13.514 [Darkroom Processing Line] DEBUG net.serenitybdd.core.photography.DarkroomProcessingLine - Processing screenshot image in /var/screenshots/screenshot-4268559993329265657
17:56:13.514 [Darkroom Processing Line] DEBUG net.serenitybdd.core.photography.DarkroomProcessingLine - Saving screenshot to target\site\serenity\977177cd67334f51811654dae8b859e820257d1e56e78a73cebe3b03a7491833.png
17:56:13.529 [main] DEBUG net.thucydides.core.steps.StepInterceptor - STARTING STEP: RegisterSteps.inputEmail - inputEmail
17:56:13.531 [Forwarding findElement on session 1e302cf9ad6e51b87fefd09cc227f086 to remote] DEBUG org.asynchttpclient.netty.request.NettyRequestSender - Using pooled Channel '[id: 0xfe20ccfc, L:/127.0.0.1:58725 - R:localhost/127.0.0.1:60757]' for 'POST' to 'http://localhost:60757/session/1e302cf9ad6e51b87fefd09cc227f086/element'
17:56:13.532 [Forwarding findElement on session 1e302cf9ad6e51b87fefd09cc227f086 to remote] DEBUG org.asynchttpclient.netty.request.NettyRequestSender - Using open Channel [id: 0xfe20ccfc, L:/127.0.0.1:58725 - R:localhost/127.0.0.1:60757] for POST '/session/1e302cf9ad6e51b87fefd09cc227f086/element'
17:56:13.546 [AsyncHttpClient-1-8] DEBUG org.asynchttpclient.netty.handler.HttpHandler - 

Request DefaultHttpRequest(decodeResult: success, version: HTTP/1.1)
POST /session/1e302cf9ad6e51b87fefd09cc227f086/element HTTP/1.1
User-Agent: selenium/4.1.2 (java windows)
Content-Length: 84
Content-Type: application/json; charset=utf-8
host: localhost:60757
accept: */*

Response DefaultHttpResponse(decodeResult: success, version: HTTP/1.1)
HTTP/1.1 200 OK
Content-Type: application/json; charset=utf-8
cache-control: no-cache
content-length: 88

17:56:13.546 [AsyncHttpClient-1-8] DEBUG org.asynchttpclient.netty.channel.ChannelManager - Adding key: http://localhost:60757 for channel [id: 0xfe20ccfc, L:/127.0.0.1:58725 - R:localhost/127.0.0.1:60757]
17:56:13.547 [Forwarding clearElement on session 1e302cf9ad6e51b87fefd09cc227f086 to remote] DEBUG org.asynchttpclient.netty.request.NettyRequestSender - Using pooled Channel '[id: 0xfe20ccfc, L:/127.0.0.1:58725 - R:localhost/127.0.0.1:60757]' for 'POST' to 'http://localhost:60757/session/1e302cf9ad6e51b87fefd09cc227f086/element/3d2c1432-9cf4-40fc-b17f-813d2c4b0840/clear'
17:56:13.547 [Forwarding clearElement on session 1e302cf9ad6e51b87fefd09cc227f086 to remote] DEBUG org.asynchttpclient.netty.request.NettyRequestSender - Using open Channel [id: 0xfe20ccfc, L:/127.0.0.1:58725 - R:localhost/127.0.0.1:60757] for POST '/session/1e302cf9ad6e51b87fefd09cc227f086/element/3d2c1432-9cf4-40fc-b17f-813d2c4b0840/clear'
17:56:13.587 [AsyncHttpClient-1-8] DEBUG org.asynchttpclient.netty.handler.HttpHandler - 

Request DefaultHttpRequest(decodeResult: success, version: HTTP/1.1)
POST /session/1e302cf9ad6e51b87fefd09cc227f086/element/3d2c1432-9cf4-40fc-b17f-813d2c4b0840/clear HTTP/1.1
User-Agent: selenium/4.1.2 (java windows)
Content-Length: 50
Content-Type: application/json; charset=utf-8
host: localhost:60757
accept: */*

Response DefaultHttpResponse(decodeResult: success, version: HTTP/1.1)
HTTP/1.1 200 OK
Content-Type: application/json; charset=utf-8
cache-control: no-cache
content-length: 14

17:56:13.587 [AsyncHttpClient-1-8] DEBUG org.asynchttpclient.netty.channel.ChannelManager - Adding key: http://localhost:60757 for channel [id: 0xfe20ccfc, L:/127.0.0.1:58725 - R:localhost/127.0.0.1:60757]
17:56:13.589 [Forwarding sendKeysToElement on session 1e302cf9ad6e51b87fefd09cc227f086 to remote] DEBUG org.asynchttpclient.netty.request.NettyRequestSender - Using pooled Channel '[id: 0xfe20ccfc, L:/127.0.0.1:58725 - R:localhost/127.0.0.1:60757]' for 'POST' to 'http://localhost:60757/session/1e302cf9ad6e51b87fefd09cc227f086/element/3d2c1432-9cf4-40fc-b17f-813d2c4b0840/value'
17:56:13.589 [Forwarding sendKeysToElement on session 1e302cf9ad6e51b87fefd09cc227f086 to remote] DEBUG org.asynchttpclient.netty.request.NettyRequestSender - Using open Channel [id: 0xfe20ccfc, L:/127.0.0.1:58725 - R:localhost/127.0.0.1:60757] for POST '/session/1e302cf9ad6e51b87fefd09cc227f086/element/3d2c1432-9cf4-40fc-b17f-813d2c4b0840/value'
17:56:13.756 [AsyncHttpClient-1-8] DEBUG org.asynchttpclient.netty.handler.HttpHandler - 

Request DefaultHttpRequest(decodeResult: success, version: HTTP/1.1)
POST /session/1e302cf9ad6e51b87fefd09cc227f086/element/3d2c1432-9cf4-40fc-b17f-813d2c4b0840/value HTTP/1.1
User-Agent: selenium/4.1.2 (java windows)
Content-Length: 271
Content-Type: application/json; charset=utf-8
host: localhost:60757
accept: */*

Response DefaultHttpResponse(decodeResult: success, version: HTTP/1.1)
HTTP/1.1 200 OK
Content-Type: application/json; charset=utf-8
cache-control: no-cache
content-length: 14

17:56:13.756 [AsyncHttpClient-1-8] DEBUG org.asynchttpclient.netty.channel.ChannelManager - Adding key: http://localhost:60757 for channel [id: 0xfe20ccfc, L:/127.0.0.1:58725 - R:localhost/127.0.0.1:60757]
17:56:13.762 [Forwarding screenshot on session 1e302cf9ad6e51b87fefd09cc227f086 to remote] DEBUG org.asynchttpclient.netty.request.NettyRequestSender - Using pooled Channel '[id: 0xfe20ccfc, L:/127.0.0.1:58725 - R:localhost/127.0.0.1:60757]' for 'GET' to 'http://localhost:60757/session/1e302cf9ad6e51b87fefd09cc227f086/screenshot'
17:56:13.762 [Forwarding screenshot on session 1e302cf9ad6e51b87fefd09cc227f086 to remote] DEBUG org.asynchttpclient.netty.request.NettyRequestSender - Using open Channel [id: 0xfe20ccfc, L:/127.0.0.1:58725 - R:localhost/127.0.0.1:60757] for GET '/session/1e302cf9ad6e51b87fefd09cc227f086/screenshot'
17:56:13.980 [AsyncHttpClient-1-8] DEBUG org.asynchttpclient.netty.handler.HttpHandler - 

Request DefaultFullHttpRequest(decodeResult: success, version: HTTP/1.1, content: EmptyByteBufBE)
GET /session/1e302cf9ad6e51b87fefd09cc227f086/screenshot HTTP/1.1
User-Agent: selenium/4.1.2 (java windows)
Cache-Control: no-cache
Content-Type: application/json; charset=utf-8
host: localhost:60757
accept: */*

Response DefaultHttpResponse(decodeResult: success, version: HTTP/1.1)
HTTP/1.1 200 OK
Content-Type: application/json; charset=utf-8
cache-control: no-cache
content-length: 47568

17:56:13.980 [AsyncHttpClient-1-8] DEBUG org.asynchttpclient.netty.channel.ChannelManager - Adding key: http://localhost:60757 for channel [id: 0xfe20ccfc, L:/127.0.0.1:58725 - R:localhost/127.0.0.1:60757]
17:56:13.982 [main] DEBUG net.serenitybdd.core.photography.Darkroom - Send negative for processing for target\site\serenity\96821331d6e7a88cc262e04accd409649e3e467be67a75ad6b4e5c63249aa8c1.png
17:56:13.982 [main] DEBUG net.thucydides.core.steps.StepInterceptor - STEP DONE: inputEmail
  &amp#27;[32mAnd &amp#27;[0m&amp#27;[32minput &amp#27;[0m&amp#27;[32m&amp#27;[1m"new"&amp#27;[0m&amp#27;[32m email&amp#27;[0m             &amp#27;[90m# starter.stepdefinitions.RegisterSteps.inputEmail(java.lang.String)&amp#27;[0m
17:56:13.983 [Darkroom Processing Line] DEBUG net.serenitybdd.core.photography.DarkroomProcessingLine - Processing screenshot image in /var/screenshots/screenshot-5033871096450975517
17:56:13.984 [Darkroom Processing Line] DEBUG net.serenitybdd.core.photography.DarkroomProcessingLine - Saving screenshot to target\site\serenity\96821331d6e7a88cc262e04accd409649e3e467be67a75ad6b4e5c63249aa8c1.png
17:56:13.998 [main] DEBUG net.thucydides.core.steps.StepInterceptor - STARTING STEP: RegisterSteps.inputPassword - inputPassword
17:56:14.003 [Forwarding findElement on session 1e302cf9ad6e51b87fefd09cc227f086 to remote] DEBUG org.asynchttpclient.netty.request.NettyRequestSender - Using pooled Channel '[id: 0xfe20ccfc, L:/127.0.0.1:58725 - R:localhost/127.0.0.1:60757]' for 'POST' to 'http://localhost:60757/session/1e302cf9ad6e51b87fefd09cc227f086/element'
17:56:14.004 [Forwarding findElement on session 1e302cf9ad6e51b87fefd09cc227f086 to remote] DEBUG org.asynchttpclient.netty.request.NettyRequestSender - Using open Channel [id: 0xfe20ccfc, L:/127.0.0.1:58725 - R:localhost/127.0.0.1:60757] for POST '/session/1e302cf9ad6e51b87fefd09cc227f086/element'
17:56:14.021 [AsyncHttpClient-1-8] DEBUG org.asynchttpclient.netty.handler.HttpHandler - 

Request DefaultHttpRequest(decodeResult: success, version: HTTP/1.1)
POST /session/1e302cf9ad6e51b87fefd09cc227f086/element HTTP/1.1
User-Agent: selenium/4.1.2 (java windows)
Content-Length: 87
Content-Type: application/json; charset=utf-8
host: localhost:60757
accept: */*

Response DefaultHttpResponse(decodeResult: success, version: HTTP/1.1)
HTTP/1.1 200 OK
Content-Type: application/json; charset=utf-8
cache-control: no-cache
content-length: 88

17:56:14.021 [AsyncHttpClient-1-8] DEBUG org.asynchttpclient.netty.channel.ChannelManager - Adding key: http://localhost:60757 for channel [id: 0xfe20ccfc, L:/127.0.0.1:58725 - R:localhost/127.0.0.1:60757]
17:56:14.022 [Forwarding clearElement on session 1e302cf9ad6e51b87fefd09cc227f086 to remote] DEBUG org.asynchttpclient.netty.request.NettyRequestSender - Using pooled Channel '[id: 0xfe20ccfc, L:/127.0.0.1:58725 - R:localhost/127.0.0.1:60757]' for 'POST' to 'http://localhost:60757/session/1e302cf9ad6e51b87fefd09cc227f086/element/c884c603-45e5-47f0-b5e1-eef369d098b9/clear'
17:56:14.022 [Forwarding clearElement on session 1e302cf9ad6e51b87fefd09cc227f086 to remote] DEBUG org.asynchttpclient.netty.request.NettyRequestSender - Using open Channel [id: 0xfe20ccfc, L:/127.0.0.1:58725 - R:localhost/127.0.0.1:60757] for POST '/session/1e302cf9ad6e51b87fefd09cc227f086/element/c884c603-45e5-47f0-b5e1-eef369d098b9/clear'
17:56:14.066 [AsyncHttpClient-1-8] DEBUG org.asynchttpclient.netty.handler.HttpHandler - 

Request DefaultHttpRequest(decodeResult: success, version: HTTP/1.1)
POST /session/1e302cf9ad6e51b87fefd09cc227f086/element/c884c603-45e5-47f0-b5e1-eef369d098b9/clear HTTP/1.1
User-Agent: selenium/4.1.2 (java windows)
Content-Length: 50
Content-Type: application/json; charset=utf-8
host: localhost:60757
accept: */*

Response DefaultHttpResponse(decodeResult: success, version: HTTP/1.1)
HTTP/1.1 200 OK
Content-Type: application/json; charset=utf-8
cache-control: no-cache
content-length: 14

17:56:14.067 [AsyncHttpClient-1-8] DEBUG org.asynchttpclient.netty.channel.ChannelManager - Adding key: http://localhost:60757 for channel [id: 0xfe20ccfc, L:/127.0.0.1:58725 - R:localhost/127.0.0.1:60757]
17:56:14.068 [Forwarding sendKeysToElement on session 1e302cf9ad6e51b87fefd09cc227f086 to remote] DEBUG org.asynchttpclient.netty.request.NettyRequestSender - Using pooled Channel '[id: 0xfe20ccfc, L:/127.0.0.1:58725 - R:localhost/127.0.0.1:60757]' for 'POST' to 'http://localhost:60757/session/1e302cf9ad6e51b87fefd09cc227f086/element/c884c603-45e5-47f0-b5e1-eef369d098b9/value'
17:56:14.068 [Forwarding sendKeysToElement on session 1e302cf9ad6e51b87fefd09cc227f086 to remote] DEBUG org.asynchttpclient.netty.request.NettyRequestSender - Using open Channel [id: 0xfe20ccfc, L:/127.0.0.1:58725 - R:localhost/127.0.0.1:60757] for POST '/session/1e302cf9ad6e51b87fefd09cc227f086/element/c884c603-45e5-47f0-b5e1-eef369d098b9/value'
17:56:14.165 [AsyncHttpClient-1-8] DEBUG org.asynchttpclient.netty.handler.HttpHandler - 

Request DefaultHttpRequest(decodeResult: success, version: HTTP/1.1)
POST /session/1e302cf9ad6e51b87fefd09cc227f086/element/c884c603-45e5-47f0-b5e1-eef369d098b9/value HTTP/1.1
User-Agent: selenium/4.1.2 (java windows)
Content-Length: 181
Content-Type: application/json; charset=utf-8
host: localhost:60757
accept: */*

Response DefaultHttpResponse(decodeResult: success, version: HTTP/1.1)
HTTP/1.1 200 OK
Content-Type: application/json; charset=utf-8
cache-control: no-cache
content-length: 14

17:56:14.165 [AsyncHttpClient-1-8] DEBUG org.asynchttpclient.netty.channel.ChannelManager - Adding key: http://localhost:60757 for channel [id: 0xfe20ccfc, L:/127.0.0.1:58725 - R:localhost/127.0.0.1:60757]
17:56:14.171 [Forwarding screenshot on session 1e302cf9ad6e51b87fefd09cc227f086 to remote] DEBUG org.asynchttpclient.netty.request.NettyRequestSender - Using pooled Channel '[id: 0xfe20ccfc, L:/127.0.0.1:58725 - R:localhost/127.0.0.1:60757]' for 'GET' to 'http://localhost:60757/session/1e302cf9ad6e51b87fefd09cc227f086/screenshot'
17:56:14.171 [Forwarding screenshot on session 1e302cf9ad6e51b87fefd09cc227f086 to remote] DEBUG org.asynchttpclient.netty.request.NettyRequestSender - Using open Channel [id: 0xfe20ccfc, L:/127.0.0.1:58725 - R:localhost/127.0.0.1:60757] for GET '/session/1e302cf9ad6e51b87fefd09cc227f086/screenshot'
17:56:14.361 [AsyncHttpClient-1-8] DEBUG org.asynchttpclient.netty.handler.HttpHandler - 

Request DefaultFullHttpRequest(decodeResult: success, version: HTTP/1.1, content: EmptyByteBufBE)
GET /session/1e302cf9ad6e51b87fefd09cc227f086/screenshot HTTP/1.1
User-Agent: selenium/4.1.2 (java windows)
Cache-Control: no-cache
Content-Type: application/json; charset=utf-8
host: localhost:60757
accept: */*

Response DefaultHttpResponse(decodeResult: success, version: HTTP/1.1)
HTTP/1.1 200 OK
Content-Type: application/json; charset=utf-8
cache-control: no-cache
content-length: 49180

17:56:14.361 [AsyncHttpClient-1-8] DEBUG org.asynchttpclient.netty.channel.ChannelManager - Adding key: http://localhost:60757 for channel [id: 0xfe20ccfc, L:/127.0.0.1:58725 - R:localhost/127.0.0.1:60757]
17:56:14.364 [main] DEBUG net.serenitybdd.core.photography.Darkroom - Send negative for processing for target\site\serenity\321efc078ff2c2afe38966e8d5830ba28e00b1f129ade7c3058e8b088489e1c9.png
17:56:14.364 [main] DEBUG net.thucydides.core.steps.StepInterceptor - STEP DONE: inputPassword
  &amp#27;[32mAnd &amp#27;[0m&amp#27;[32minput &amp#27;[0m&amp#27;[32m&amp#27;[1m"Doremi@123"&amp#27;[0m&amp#27;[32m password&amp#27;[0m   &amp#27;[90m# starter.stepdefinitions.RegisterSteps.inputPassword(java.lang.String)&amp#27;[0m
17:56:14.365 [Darkroom Processing Line] DEBUG net.serenitybdd.core.photography.DarkroomProcessingLine - Processing screenshot image in /var/screenshots/screenshot-13811958146326425794
17:56:14.365 [Darkroom Processing Line] DEBUG net.serenitybdd.core.photography.DarkroomProcessingLine - Saving screenshot to target\site\serenity\321efc078ff2c2afe38966e8d5830ba28e00b1f129ade7c3058e8b088489e1c9.png
17:56:14.380 [main] DEBUG net.thucydides.core.steps.StepInterceptor - STARTING STEP: RegisterSteps.iClickRegisterButton - clickRegisterButton
17:56:14.383 [Forwarding findElement on session 1e302cf9ad6e51b87fefd09cc227f086 to remote] DEBUG org.asynchttpclient.netty.request.NettyRequestSender - Using pooled Channel '[id: 0xfe20ccfc, L:/127.0.0.1:58725 - R:localhost/127.0.0.1:60757]' for 'POST' to 'http://localhost:60757/session/1e302cf9ad6e51b87fefd09cc227f086/element'
17:56:14.383 [Forwarding findElement on session 1e302cf9ad6e51b87fefd09cc227f086 to remote] DEBUG org.asynchttpclient.netty.request.NettyRequestSender - Using open Channel [id: 0xfe20ccfc, L:/127.0.0.1:58725 - R:localhost/127.0.0.1:60757] for POST '/session/1e302cf9ad6e51b87fefd09cc227f086/element'
17:56:14.392 [AsyncHttpClient-1-8] DEBUG org.asynchttpclient.netty.handler.HttpHandler - 

Request DefaultHttpRequest(decodeResult: success, version: HTTP/1.1)
POST /session/1e302cf9ad6e51b87fefd09cc227f086/element HTTP/1.1
User-Agent: selenium/4.1.2 (java windows)
Content-Length: 92
Content-Type: application/json; charset=utf-8
host: localhost:60757
accept: */*

Response DefaultHttpResponse(decodeResult: success, version: HTTP/1.1)
HTTP/1.1 200 OK
Content-Type: application/json; charset=utf-8
cache-control: no-cache
content-length: 88

17:56:14.392 [AsyncHttpClient-1-8] DEBUG org.asynchttpclient.netty.channel.ChannelManager - Adding key: http://localhost:60757 for channel [id: 0xfe20ccfc, L:/127.0.0.1:58725 - R:localhost/127.0.0.1:60757]
17:56:14.394 [Forwarding getElementTagName on session 1e302cf9ad6e51b87fefd09cc227f086 to remote] DEBUG org.asynchttpclient.netty.request.NettyRequestSender - Using pooled Channel '[id: 0xfe20ccfc, L:/127.0.0.1:58725 - R:localhost/127.0.0.1:60757]' for 'GET' to 'http://localhost:60757/session/1e302cf9ad6e51b87fefd09cc227f086/element/c8e12a0f-433c-4159-9071-b0d056d2ef21/name'
17:56:14.394 [Forwarding getElementTagName on session 1e302cf9ad6e51b87fefd09cc227f086 to remote] DEBUG org.asynchttpclient.netty.request.NettyRequestSender - Using open Channel [id: 0xfe20ccfc, L:/127.0.0.1:58725 - R:localhost/127.0.0.1:60757] for GET '/session/1e302cf9ad6e51b87fefd09cc227f086/element/c8e12a0f-433c-4159-9071-b0d056d2ef21/name'
17:56:14.400 [AsyncHttpClient-1-8] DEBUG org.asynchttpclient.netty.handler.HttpHandler - 

Request DefaultFullHttpRequest(decodeResult: success, version: HTTP/1.1, content: EmptyByteBufBE)
GET /session/1e302cf9ad6e51b87fefd09cc227f086/element/c8e12a0f-433c-4159-9071-b0d056d2ef21/name HTTP/1.1
User-Agent: selenium/4.1.2 (java windows)
Cache-Control: no-cache
Content-Type: application/json; charset=utf-8
host: localhost:60757
accept: */*

Response DefaultHttpResponse(decodeResult: success, version: HTTP/1.1)
HTTP/1.1 200 OK
Content-Type: application/json; charset=utf-8
cache-control: no-cache
content-length: 18

17:56:14.400 [AsyncHttpClient-1-8] DEBUG org.asynchttpclient.netty.channel.ChannelManager - Adding key: http://localhost:60757 for channel [id: 0xfe20ccfc, L:/127.0.0.1:58725 - R:localhost/127.0.0.1:60757]
17:56:14.401 [Forwarding getElementTagName on session 1e302cf9ad6e51b87fefd09cc227f086 to remote] DEBUG org.asynchttpclient.netty.request.NettyRequestSender - Using pooled Channel '[id: 0xfe20ccfc, L:/127.0.0.1:58725 - R:localhost/127.0.0.1:60757]' for 'GET' to 'http://localhost:60757/session/1e302cf9ad6e51b87fefd09cc227f086/element/c8e12a0f-433c-4159-9071-b0d056d2ef21/name'
17:56:14.401 [Forwarding getElementTagName on session 1e302cf9ad6e51b87fefd09cc227f086 to remote] DEBUG org.asynchttpclient.netty.request.NettyRequestSender - Using open Channel [id: 0xfe20ccfc, L:/127.0.0.1:58725 - R:localhost/127.0.0.1:60757] for GET '/session/1e302cf9ad6e51b87fefd09cc227f086/element/c8e12a0f-433c-4159-9071-b0d056d2ef21/name'
17:56:14.405 [AsyncHttpClient-1-8] DEBUG org.asynchttpclient.netty.handler.HttpHandler - 

Request DefaultFullHttpRequest(decodeResult: success, version: HTTP/1.1, content: EmptyByteBufBE)
GET /session/1e302cf9ad6e51b87fefd09cc227f086/element/c8e12a0f-433c-4159-9071-b0d056d2ef21/name HTTP/1.1
User-Agent: selenium/4.1.2 (java windows)
Cache-Control: no-cache
Content-Type: application/json; charset=utf-8
host: localhost:60757
accept: */*

Response DefaultHttpResponse(decodeResult: success, version: HTTP/1.1)
HTTP/1.1 200 OK
Content-Type: application/json; charset=utf-8
cache-control: no-cache
content-length: 18

17:56:14.405 [AsyncHttpClient-1-8] DEBUG org.asynchttpclient.netty.channel.ChannelManager - Adding key: http://localhost:60757 for channel [id: 0xfe20ccfc, L:/127.0.0.1:58725 - R:localhost/127.0.0.1:60757]
17:56:14.407 [Forwarding isElementEnabled on session 1e302cf9ad6e51b87fefd09cc227f086 to remote] DEBUG org.asynchttpclient.netty.request.NettyRequestSender - Using pooled Channel '[id: 0xfe20ccfc, L:/127.0.0.1:58725 - R:localhost/127.0.0.1:60757]' for 'GET' to 'http://localhost:60757/session/1e302cf9ad6e51b87fefd09cc227f086/element/c8e12a0f-433c-4159-9071-b0d056d2ef21/enabled'
17:56:14.407 [Forwarding isElementEnabled on session 1e302cf9ad6e51b87fefd09cc227f086 to remote] DEBUG org.asynchttpclient.netty.request.NettyRequestSender - Using open Channel [id: 0xfe20ccfc, L:/127.0.0.1:58725 - R:localhost/127.0.0.1:60757] for GET '/session/1e302cf9ad6e51b87fefd09cc227f086/element/c8e12a0f-433c-4159-9071-b0d056d2ef21/enabled'
17:56:14.420 [AsyncHttpClient-1-8] DEBUG org.asynchttpclient.netty.handler.HttpHandler - 

Request DefaultFullHttpRequest(decodeResult: success, version: HTTP/1.1, content: EmptyByteBufBE)
GET /session/1e302cf9ad6e51b87fefd09cc227f086/element/c8e12a0f-433c-4159-9071-b0d056d2ef21/enabled HTTP/1.1
User-Agent: selenium/4.1.2 (java windows)
Cache-Control: no-cache
Content-Type: application/json; charset=utf-8
host: localhost:60757
accept: */*

Response DefaultHttpResponse(decodeResult: success, version: HTTP/1.1)
HTTP/1.1 200 OK
Content-Type: application/json; charset=utf-8
cache-control: no-cache
content-length: 14

17:56:14.420 [AsyncHttpClient-1-8] DEBUG org.asynchttpclient.netty.channel.ChannelManager - Adding key: http://localhost:60757 for channel [id: 0xfe20ccfc, L:/127.0.0.1:58725 - R:localhost/127.0.0.1:60757]
17:56:14.421 [Forwarding isElementEnabled on session 1e302cf9ad6e51b87fefd09cc227f086 to remote] DEBUG org.asynchttpclient.netty.request.NettyRequestSender - Using pooled Channel '[id: 0xfe20ccfc, L:/127.0.0.1:58725 - R:localhost/127.0.0.1:60757]' for 'GET' to 'http://localhost:60757/session/1e302cf9ad6e51b87fefd09cc227f086/element/c8e12a0f-433c-4159-9071-b0d056d2ef21/enabled'
17:56:14.421 [Forwarding isElementEnabled on session 1e302cf9ad6e51b87fefd09cc227f086 to remote] DEBUG org.asynchttpclient.netty.request.NettyRequestSender - Using open Channel [id: 0xfe20ccfc, L:/127.0.0.1:58725 - R:localhost/127.0.0.1:60757] for GET '/session/1e302cf9ad6e51b87fefd09cc227f086/element/c8e12a0f-433c-4159-9071-b0d056d2ef21/enabled'
17:56:14.427 [AsyncHttpClient-1-8] DEBUG org.asynchttpclient.netty.handler.HttpHandler - 

Request DefaultFullHttpRequest(decodeResult: success, version: HTTP/1.1, content: EmptyByteBufBE)
GET /session/1e302cf9ad6e51b87fefd09cc227f086/element/c8e12a0f-433c-4159-9071-b0d056d2ef21/enabled HTTP/1.1
User-Agent: selenium/4.1.2 (java windows)
Cache-Control: no-cache
Content-Type: application/json; charset=utf-8
host: localhost:60757
accept: */*

Response DefaultHttpResponse(decodeResult: success, version: HTTP/1.1)
HTTP/1.1 200 OK
Content-Type: application/json; charset=utf-8
cache-control: no-cache
content-length: 14

17:56:14.427 [AsyncHttpClient-1-8] DEBUG org.asynchttpclient.netty.channel.ChannelManager - Adding key: http://localhost:60757 for channel [id: 0xfe20ccfc, L:/127.0.0.1:58725 - R:localhost/127.0.0.1:60757]
17:56:14.430 [Forwarding findElement on session 1e302cf9ad6e51b87fefd09cc227f086 to remote] DEBUG org.asynchttpclient.netty.request.NettyRequestSender - Using pooled Channel '[id: 0xfe20ccfc, L:/127.0.0.1:58725 - R:localhost/127.0.0.1:60757]' for 'POST' to 'http://localhost:60757/session/1e302cf9ad6e51b87fefd09cc227f086/element'
17:56:14.430 [Forwarding findElement on session 1e302cf9ad6e51b87fefd09cc227f086 to remote] DEBUG org.asynchttpclient.netty.request.NettyRequestSender - Using open Channel [id: 0xfe20ccfc, L:/127.0.0.1:58725 - R:localhost/127.0.0.1:60757] for POST '/session/1e302cf9ad6e51b87fefd09cc227f086/element'
17:56:14.439 [AsyncHttpClient-1-8] DEBUG org.asynchttpclient.netty.handler.HttpHandler - 

Request DefaultHttpRequest(decodeResult: success, version: HTTP/1.1)
POST /session/1e302cf9ad6e51b87fefd09cc227f086/element HTTP/1.1
User-Agent: selenium/4.1.2 (java windows)
Content-Length: 92
Content-Type: application/json; charset=utf-8
host: localhost:60757
accept: */*

Response DefaultHttpResponse(decodeResult: success, version: HTTP/1.1)
HTTP/1.1 200 OK
Content-Type: application/json; charset=utf-8
cache-control: no-cache
content-length: 88

17:56:14.439 [AsyncHttpClient-1-8] DEBUG org.asynchttpclient.netty.channel.ChannelManager - Adding key: http://localhost:60757 for channel [id: 0xfe20ccfc, L:/127.0.0.1:58725 - R:localhost/127.0.0.1:60757]
17:56:14.440 [Forwarding clickElement on session 1e302cf9ad6e51b87fefd09cc227f086 to remote] DEBUG org.asynchttpclient.netty.request.NettyRequestSender - Using pooled Channel '[id: 0xfe20ccfc, L:/127.0.0.1:58725 - R:localhost/127.0.0.1:60757]' for 'POST' to 'http://localhost:60757/session/1e302cf9ad6e51b87fefd09cc227f086/element/c8e12a0f-433c-4159-9071-b0d056d2ef21/click'
17:56:14.440 [Forwarding clickElement on session 1e302cf9ad6e51b87fefd09cc227f086 to remote] DEBUG org.asynchttpclient.netty.request.NettyRequestSender - Using open Channel [id: 0xfe20ccfc, L:/127.0.0.1:58725 - R:localhost/127.0.0.1:60757] for POST '/session/1e302cf9ad6e51b87fefd09cc227f086/element/c8e12a0f-433c-4159-9071-b0d056d2ef21/click'
17:56:14.497 [AsyncHttpClient-1-8] DEBUG org.asynchttpclient.netty.handler.HttpHandler - 

Request DefaultHttpRequest(decodeResult: success, version: HTTP/1.1)
POST /session/1e302cf9ad6e51b87fefd09cc227f086/element/c8e12a0f-433c-4159-9071-b0d056d2ef21/click HTTP/1.1
User-Agent: selenium/4.1.2 (java windows)
Content-Length: 50
Content-Type: application/json; charset=utf-8
host: localhost:60757
accept: */*

Response DefaultHttpResponse(decodeResult: success, version: HTTP/1.1)
HTTP/1.1 200 OK
Content-Type: application/json; charset=utf-8
cache-control: no-cache
content-length: 14

17:56:14.497 [AsyncHttpClient-1-8] DEBUG org.asynchttpclient.netty.channel.ChannelManager - Adding key: http://localhost:60757 for channel [id: 0xfe20ccfc, L:/127.0.0.1:58725 - R:localhost/127.0.0.1:60757]
17:56:14.502 [Forwarding screenshot on session 1e302cf9ad6e51b87fefd09cc227f086 to remote] DEBUG org.asynchttpclient.netty.request.NettyRequestSender - Using pooled Channel '[id: 0xfe20ccfc, L:/127.0.0.1:58725 - R:localhost/127.0.0.1:60757]' for 'GET' to 'http://localhost:60757/session/1e302cf9ad6e51b87fefd09cc227f086/screenshot'
17:56:14.502 [Forwarding screenshot on session 1e302cf9ad6e51b87fefd09cc227f086 to remote] DEBUG org.asynchttpclient.netty.request.NettyRequestSender - Using open Channel [id: 0xfe20ccfc, L:/127.0.0.1:58725 - R:localhost/127.0.0.1:60757] for GET '/session/1e302cf9ad6e51b87fefd09cc227f086/screenshot'
17:56:14.515 [AsyncHttpClient-1-1] DEBUG org.asynchttpclient.netty.channel.DefaultChannelPool - Entry count for : http://localhost:58726 : 1
17:56:14.684 [AsyncHttpClient-1-8] DEBUG org.asynchttpclient.netty.handler.HttpHandler - 

Request DefaultFullHttpRequest(decodeResult: success, version: HTTP/1.1, content: EmptyByteBufBE)
GET /session/1e302cf9ad6e51b87fefd09cc227f086/screenshot HTTP/1.1
User-Agent: selenium/4.1.2 (java windows)
Cache-Control: no-cache
Content-Type: application/json; charset=utf-8
host: localhost:60757
accept: */*

Response DefaultHttpResponse(decodeResult: success, version: HTTP/1.1)
HTTP/1.1 200 OK
Content-Type: application/json; charset=utf-8
cache-control: no-cache
content-length: 48456

17:56:14.684 [AsyncHttpClient-1-8] DEBUG org.asynchttpclient.netty.channel.ChannelManager - Adding key: http://localhost:60757 for channel [id: 0xfe20ccfc, L:/127.0.0.1:58725 - R:localhost/127.0.0.1:60757]
17:56:14.685 [main] DEBUG net.serenitybdd.core.photography.Darkroom - Send negative for processing for target\site\serenity\6548d334ae343fa7eb465904f2c53a46eed3d1735cfbfbbce2824eadffce3748.png
17:56:14.686 [main] DEBUG net.thucydides.core.steps.StepInterceptor - STEP DONE: clickRegisterButton
  &amp#27;[32mAnd &amp#27;[0m&amp#27;[32mI click register button&amp#27;[0m       &amp#27;[90m# starter.stepdefinitions.RegisterSteps.iClickRegisterButton()&amp#27;[0m
17:56:14.686 [Darkroom Processing Line] DEBUG net.serenitybdd.core.photography.DarkroomProcessingLine - Processing screenshot image in /var/screenshots/screenshot-14996445457952343873
17:56:14.686 [Darkroom Processing Line] DEBUG net.serenitybdd.core.photography.DarkroomProcessingLine - Saving screenshot to target\site\serenity\6548d334ae343fa7eb465904f2c53a46eed3d1735cfbfbbce2824eadffce3748.png
17:56:14.700 [main] DEBUG net.thucydides.core.steps.StepInterceptor - STARTING STEP: RegisterSteps.iGet - warningIconAppears
17:56:14.702 [Forwarding findElement on session 1e302cf9ad6e51b87fefd09cc227f086 to remote] DEBUG org.asynchttpclient.netty.request.NettyRequestSender - Using pooled Channel '[id: 0xfe20ccfc, L:/127.0.0.1:58725 - R:localhost/127.0.0.1:60757]' for 'POST' to 'http://localhost:60757/session/1e302cf9ad6e51b87fefd09cc227f086/element'
17:56:14.702 [Forwarding findElement on session 1e302cf9ad6e51b87fefd09cc227f086 to remote] DEBUG org.asynchttpclient.netty.request.NettyRequestSender - Using open Channel [id: 0xfe20ccfc, L:/127.0.0.1:58725 - R:localhost/127.0.0.1:60757] for POST '/session/1e302cf9ad6e51b87fefd09cc227f086/element'
17:56:14.716 [AsyncHttpClient-1-8] DEBUG org.asynchttpclient.netty.handler.HttpHandler - 

Request DefaultHttpRequest(decodeResult: success, version: HTTP/1.1)
POST /session/1e302cf9ad6e51b87fefd09cc227f086/element HTTP/1.1
User-Agent: selenium/4.1.2 (java windows)
Content-Length: 92
Content-Type: application/json; charset=utf-8
host: localhost:60757
accept: */*

Response DefaultHttpResponse(decodeResult: success, version: HTTP/1.1)
HTTP/1.1 200 OK
Content-Type: application/json; charset=utf-8
cache-control: no-cache
content-length: 88

17:56:14.716 [AsyncHttpClient-1-8] DEBUG org.asynchttpclient.netty.channel.ChannelManager - Adding key: http://localhost:60757 for channel [id: 0xfe20ccfc, L:/127.0.0.1:58725 - R:localhost/127.0.0.1:60757]
17:56:14.719 [Forwarding isElementDisplayed on session 1e302cf9ad6e51b87fefd09cc227f086 to remote] DEBUG org.asynchttpclient.netty.request.NettyRequestSender - Using pooled Channel '[id: 0xfe20ccfc, L:/127.0.0.1:58725 - R:localhost/127.0.0.1:60757]' for 'POST' to 'http://localhost:60757/session/1e302cf9ad6e51b87fefd09cc227f086/execute/sync'
17:56:14.719 [Forwarding isElementDisplayed on session 1e302cf9ad6e51b87fefd09cc227f086 to remote] DEBUG org.asynchttpclient.netty.request.NettyRequestSender - Using open Channel [id: 0xfe20ccfc, L:/127.0.0.1:58725 - R:localhost/127.0.0.1:60757] for POST '/session/1e302cf9ad6e51b87fefd09cc227f086/execute/sync'
17:56:14.738 [AsyncHttpClient-1-8] DEBUG org.asynchttpclient.netty.handler.HttpHandler - 

Request DefaultHttpRequest(decodeResult: success, version: HTTP/1.1)
POST /session/1e302cf9ad6e51b87fefd09cc227f086/execute/sync HTTP/1.1
User-Agent: selenium/4.1.2 (java windows)
Content-Length: 48780
Content-Type: application/json; charset=utf-8
host: localhost:60757
accept: */*

Response DefaultHttpResponse(decodeResult: success, version: HTTP/1.1)
HTTP/1.1 200 OK
Content-Type: application/json; charset=utf-8
cache-control: no-cache
content-length: 14

17:56:14.738 [AsyncHttpClient-1-8] DEBUG org.asynchttpclient.netty.channel.ChannelManager - Adding key: http://localhost:60757 for channel [id: 0xfe20ccfc, L:/127.0.0.1:58725 - R:localhost/127.0.0.1:60757]
17:56:14.742 [Forwarding screenshot on session 1e302cf9ad6e51b87fefd09cc227f086 to remote] DEBUG org.asynchttpclient.netty.request.NettyRequestSender - Using pooled Channel '[id: 0xfe20ccfc, L:/127.0.0.1:58725 - R:localhost/127.0.0.1:60757]' for 'GET' to 'http://localhost:60757/session/1e302cf9ad6e51b87fefd09cc227f086/screenshot'
17:56:14.742 [Forwarding screenshot on session 1e302cf9ad6e51b87fefd09cc227f086 to remote] DEBUG org.asynchttpclient.netty.request.NettyRequestSender - Using open Channel [id: 0xfe20ccfc, L:/127.0.0.1:58725 - R:localhost/127.0.0.1:60757] for GET '/session/1e302cf9ad6e51b87fefd09cc227f086/screenshot'
17:56:14.984 [AsyncHttpClient-1-8] DEBUG org.asynchttpclient.netty.handler.HttpHandler - 

Request DefaultFullHttpRequest(decodeResult: success, version: HTTP/1.1, content: EmptyByteBufBE)
GET /session/1e302cf9ad6e51b87fefd09cc227f086/screenshot HTTP/1.1
User-Agent: selenium/4.1.2 (java windows)
Cache-Control: no-cache
Content-Type: application/json; charset=utf-8
host: localhost:60757
accept: */*

Response DefaultHttpResponse(decodeResult: success, version: HTTP/1.1)
HTTP/1.1 200 OK
Content-Type: application/json; charset=utf-8
cache-control: no-cache
content-length: 50080

17:56:14.984 [AsyncHttpClient-1-8] DEBUG org.asynchttpclient.netty.channel.ChannelManager - Adding key: http://localhost:60757 for channel [id: 0xfe20ccfc, L:/127.0.0.1:58725 - R:localhost/127.0.0.1:60757]
17:56:14.986 [main] DEBUG net.serenitybdd.core.photography.Darkroom - Send negative for processing for target\site\serenity\c4c04aeee6fbb41a0f9006894919edb401a4b1225424aff57677524e61b7e5c4.png
17:56:14.986 [main] DEBUG net.thucydides.core.steps.StepInterceptor - STEP DONE: warningIconAppears
17:56:14.986 [Darkroom Processing Line] DEBUG net.serenitybdd.core.photography.DarkroomProcessingLine - Processing screenshot image in /var/screenshots/screenshot-1777943251788237452
17:56:14.986 [Darkroom Processing Line] DEBUG net.serenitybdd.core.photography.DarkroomProcessingLine - Saving screenshot to target\site\serenity\c4c04aeee6fbb41a0f9006894919edb401a4b1225424aff57677524e61b7e5c4.png
17:56:14.991 [main] DEBUG net.thucydides.core.steps.StepInterceptor - STARTING STEP: RegisterSteps.iGet - errorMessageEqual
17:56:14.993 [Forwarding findElement on session 1e302cf9ad6e51b87fefd09cc227f086 to remote] DEBUG org.asynchttpclient.netty.request.NettyRequestSender - Using pooled Channel '[id: 0xfe20ccfc, L:/127.0.0.1:58725 - R:localhost/127.0.0.1:60757]' for 'POST' to 'http://localhost:60757/session/1e302cf9ad6e51b87fefd09cc227f086/element'
17:56:14.993 [Forwarding findElement on session 1e302cf9ad6e51b87fefd09cc227f086 to remote] DEBUG org.asynchttpclient.netty.request.NettyRequestSender - Using open Channel [id: 0xfe20ccfc, L:/127.0.0.1:58725 - R:localhost/127.0.0.1:60757] for POST '/session/1e302cf9ad6e51b87fefd09cc227f086/element'
17:56:15.006 [AsyncHttpClient-1-8] DEBUG org.asynchttpclient.netty.handler.HttpHandler - 

Request DefaultHttpRequest(decodeResult: success, version: HTTP/1.1)
POST /session/1e302cf9ad6e51b87fefd09cc227f086/element HTTP/1.1
User-Agent: selenium/4.1.2 (java windows)
Content-Length: 121
Content-Type: application/json; charset=utf-8
host: localhost:60757
accept: */*

Response DefaultHttpResponse(decodeResult: success, version: HTTP/1.1)
HTTP/1.1 200 OK
Content-Type: application/json; charset=utf-8
cache-control: no-cache
content-length: 88

17:56:15.006 [AsyncHttpClient-1-8] DEBUG org.asynchttpclient.netty.channel.ChannelManager - Adding key: http://localhost:60757 for channel [id: 0xfe20ccfc, L:/127.0.0.1:58725 - R:localhost/127.0.0.1:60757]
17:56:15.007 [Forwarding getElementText on session 1e302cf9ad6e51b87fefd09cc227f086 to remote] DEBUG org.asynchttpclient.netty.request.NettyRequestSender - Using pooled Channel '[id: 0xfe20ccfc, L:/127.0.0.1:58725 - R:localhost/127.0.0.1:60757]' for 'GET' to 'http://localhost:60757/session/1e302cf9ad6e51b87fefd09cc227f086/element/ead4a51d-1253-4f4b-bd6e-8693829a18f5/text'
17:56:15.007 [Forwarding getElementText on session 1e302cf9ad6e51b87fefd09cc227f086 to remote] DEBUG org.asynchttpclient.netty.request.NettyRequestSender - Using open Channel [id: 0xfe20ccfc, L:/127.0.0.1:58725 - R:localhost/127.0.0.1:60757] for GET '/session/1e302cf9ad6e51b87fefd09cc227f086/element/ead4a51d-1253-4f4b-bd6e-8693829a18f5/text'
17:56:15.022 [AsyncHttpClient-1-8] DEBUG org.asynchttpclient.netty.handler.HttpHandler - 

Request DefaultFullHttpRequest(decodeResult: success, version: HTTP/1.1, content: EmptyByteBufBE)
GET /session/1e302cf9ad6e51b87fefd09cc227f086/element/ead4a51d-1253-4f4b-bd6e-8693829a18f5/text HTTP/1.1
User-Agent: selenium/4.1.2 (java windows)
Cache-Control: no-cache
Content-Type: application/json; charset=utf-8
host: localhost:60757
accept: */*

Response DefaultHttpResponse(decodeResult: success, version: HTTP/1.1)
HTTP/1.1 200 OK
Content-Type: application/json; charset=utf-8
cache-control: no-cache
content-length: 12

17:56:15.023 [AsyncHttpClient-1-8] DEBUG org.asynchttpclient.netty.channel.ChannelManager - Adding key: http://localhost:60757 for channel [id: 0xfe20ccfc, L:/127.0.0.1:58725 - R:localhost/127.0.0.1:60757]
17:56:15.026 [main] DEBUG net.thucydides.core.steps.StepInterceptor - STEP DONE: errorMessageEqual
  &amp#27;[32mThen &amp#27;[0m&amp#27;[32mI get &amp#27;[0m&amp#27;[32m&amp#27;[1m"warning"&amp#27;[0m              &amp#27;[90m# starter.stepdefinitions.RegisterSteps.iGet(java.lang.String)&amp#27;[0m
17:56:15.036 [AsyncHttpClient-1-10] DEBUG org.asynchttpclient.netty.handler.WebSocketHandler - Channel Closed: [id: 0xa3f21a56, L:/127.0.0.1:58733 ! R:localhost/127.0.0.1:58726] with attribute NettyResponseFuture{currentRetry=5,
	isDone=1,
	isCancelled=0,
	asyncHandler=org.asynchttpclient.ws.WebSocketUpgradeHandler@7e6a88d7,
	nettyRequest=org.asynchttpclient.netty.request.NettyRequest@175d8da4,
	future=java.util.concurrent.CompletableFuture@16397312[Completed normally],
	uri=ws://localhost:58726/devtools/browser/a0bea114-aaae-4640-b4fc-45becedf1300,
	keepAlive=true,
	redirectCount=0,
	timeoutsHolder=null,
	inAuth=0,
	touch=1652784971503}
17:56:15.037 [AsyncHttpClient-1-10] DEBUG org.asynchttpclient.netty.channel.ChannelManager - Closing Channel [id: 0xa3f21a56, L:/127.0.0.1:58733 ! R:localhost/127.0.0.1:58726] 
17:56:15.037 [Driver Command Executor] DEBUG org.asynchttpclient.netty.request.NettyRequestSender - Using pooled Channel '[id: 0xfe20ccfc, L:/127.0.0.1:58725 - R:localhost/127.0.0.1:60757]' for 'DELETE' to 'http://localhost:60757/session/1e302cf9ad6e51b87fefd09cc227f086'
17:56:15.037 [Driver Command Executor] DEBUG org.asynchttpclient.netty.request.NettyRequestSender - Using open Channel [id: 0xfe20ccfc, L:/127.0.0.1:58725 - R:localhost/127.0.0.1:60757] for DELETE '/session/1e302cf9ad6e51b87fefd09cc227f086'
17:56:15.063 [AsyncHttpClient-1-9] DEBUG org.asynchttpclient.netty.handler.HttpHandler - Unexpected I/O exception on channel [id: 0xb8314f69, L:/127.0.0.1:58732 - R:localhost/127.0.0.1:58726]
java.net.SocketException: Connection reset
	at java.base/sun.nio.ch.SocketChannelImpl.throwConnectionReset(SocketChannelImpl.java:367)
	at java.base/sun.nio.ch.SocketChannelImpl.read(SocketChannelImpl.java:398)
	at io.netty.buffer.PooledByteBuf.setBytes(PooledByteBuf.java:258)
	at io.netty.buffer.AbstractByteBuf.writeBytes(AbstractByteBuf.java:1132)
	at io.netty.channel.socket.nio.NioSocketChannel.doReadBytes(NioSocketChannel.java:350)
	at io.netty.channel.nio.AbstractNioByteChannel$NioByteUnsafe.read(AbstractNioByteChannel.java:151)
	at io.netty.channel.nio.NioEventLoop.processSelectedKey(NioEventLoop.java:722)
	at io.netty.channel.nio.NioEventLoop.processSelectedKeysOptimized(NioEventLoop.java:658)
	at io.netty.channel.nio.NioEventLoop.processSelectedKeys(NioEventLoop.java:584)
	at io.netty.channel.nio.NioEventLoop.run(NioEventLoop.java:496)
	at io.netty.util.concurrent.SingleThreadEventExecutor$4.run(SingleThreadEventExecutor.java:986)
	at io.netty.util.internal.ThreadExecutorMap$2.run(ThreadExecutorMap.java:74)
	at io.netty.util.concurrent.FastThreadLocalRunnable.run(FastThreadLocalRunnable.java:30)
	at java.base/java.lang.Thread.run(Thread.java:832)
17:56:15.063 [AsyncHttpClient-1-9] DEBUG org.asynchttpclient.netty.channel.ChannelManager - Closing Channel [id: 0xb8314f69, L:/127.0.0.1:58732 - R:localhost/127.0.0.1:58726] 
17:56:15.063 [AsyncHttpClient-1-9] DEBUG org.asynchttpclient.netty.handler.HttpHandler - Channel Closed: [id: 0xb8314f69, L:/127.0.0.1:58732 ! R:localhost/127.0.0.1:58726] with attribute DISCARD
17:56:15.077 [AsyncHttpClient-1-8] DEBUG org.asynchttpclient.netty.handler.HttpHandler - 

Request DefaultFullHttpRequest(decodeResult: success, version: HTTP/1.1, content: EmptyByteBufBE)
DELETE /session/1e302cf9ad6e51b87fefd09cc227f086 HTTP/1.1
User-Agent: selenium/4.1.2 (java windows)
Content-Type: application/json; charset=utf-8
host: localhost:60757
accept: */*

Response DefaultHttpResponse(decodeResult: success, version: HTTP/1.1)
HTTP/1.1 200 OK
Content-Type: application/json; charset=utf-8
cache-control: no-cache
content-length: 14

17:56:15.077 [AsyncHttpClient-1-8] DEBUG org.asynchttpclient.netty.channel.ChannelManager - Adding key: http://localhost:60757 for channel [id: 0xfe20ccfc, L:/127.0.0.1:58725 - R:localhost/127.0.0.1:60757]
17:56:15.184 [AsyncHttpClient-1-8] DEBUG org.asynchttpclient.netty.handler.HttpHandler - Channel Closed: [id: 0xfe20ccfc, L:/127.0.0.1:58725 ! R:localhost/127.0.0.1:60757] with attribute DISCARD
17:56:15.614 [AsyncHttpClient-1-1] DEBUG org.asynchttpclient.netty.channel.DefaultChannelPool - Entry count for : http://localhost:58726 : 1
17:56:15.614 [AsyncHttpClient-1-1] DEBUG org.asynchttpclient.netty.channel.DefaultChannelPool - Entry count for : http://localhost:60757 : 1
17:56:15.614 [AsyncHttpClient-1-1] DEBUG org.asynchttpclient.netty.channel.DefaultChannelPool - Adding Candidate expired Channel [id: 0xb8314f69, L:/127.0.0.1:58732 ! R:localhost/127.0.0.1:58726] isIdleTimeoutExpired=false isRemotelyClosed=true isTtlExpired=false
17:56:15.614 [AsyncHttpClient-1-1] DEBUG org.asynchttpclient.netty.channel.DefaultChannelPool - Closing Idle Channel [id: 0xb8314f69, L:/127.0.0.1:58732 ! R:localhost/127.0.0.1:58726]
17:56:15.614 [AsyncHttpClient-1-1] DEBUG org.asynchttpclient.netty.channel.DefaultChannelPool - Adding Candidate expired Channel [id: 0xfe20ccfc, L:/127.0.0.1:58725 ! R:localhost/127.0.0.1:60757] isIdleTimeoutExpired=false isRemotelyClosed=true isTtlExpired=false
17:56:15.614 [AsyncHttpClient-1-1] DEBUG org.asynchttpclient.netty.channel.DefaultChannelPool - Closing Idle Channel [id: 0xfe20ccfc, L:/127.0.0.1:58725 ! R:localhost/127.0.0.1:60757]
17:56:15.614 [AsyncHttpClient-1-1] DEBUG org.asynchttpclient.netty.channel.DefaultChannelPool - Closed 2 connections out of 2 in 0 ms
]]></system-out>
    <system-err><![CDATA[Starting ChromeDriver 101.0.4951.41 (93c720db8323b3ec10d056025ab95c23a31997c9-refs/branch-heads/4951@{#904}) on port 60757
Only local connections are allowed.
Please see https://chromedriver.chromium.org/security-considerations for suggestions on keeping ChromeDriver safe.
ChromeDriver was started successfully.
May 17, 2022 5:56:11 PM org.openqa.selenium.remote.ProtocolHandshake createSession
INFO: Detected dialect: W3C
May 17, 2022 5:56:11 PM org.openqa.selenium.devtools.CdpVersionFinder findNearestMatch
WARNING: Unable to find an exact match for CDP version 101, so returning the closest version found: 97
May 17, 2022 5:56:11 PM org.openqa.selenium.devtools.CdpVersionFinder findNearestMatch
INFO: Found CDP implementation for version 101 of 97
]]></system-err>
  </testcase>
  <testcase name="Register Scenario #4" classname="Register" time="6.29">
    <system-out><![CDATA[
@Register
Scenario Outline: Register Scenario  &amp#27;[90m# src/test/resources/features/Register.feature:21&amp#27;[0m
17:56:15.733 [main] INFO io.cucumber.core.plugin.SerenityReporter - Running feature from file:///E:/Learn/ProjectTestWeb/src/test/resources/features/Register.feature
17:56:15.750 [main] INFO net.serenitybdd.core.webdriver.driverproviders.ChromeDriverProvider - Using automatically driver download
17:56:15.934 [main] DEBUG io.github.bonigarcia.wdm.cache.ResolutionCache - Resolution chrome=101 in cache (valid until 18:23:13 17/05/2022 ICT)
17:56:15.937 [main] DEBUG io.github.bonigarcia.wdm.cache.ResolutionCache - Resolution chrome101=101.0.4951.41 in cache (valid until 17:23:13 18/05/2022 ICT)
17:56:15.939 [main] INFO io.github.bonigarcia.wdm.WebDriverManager - Using chromedriver 101.0.4951.41 (resolved driver for Chrome 101)
17:56:15.950 [main] DEBUG io.github.bonigarcia.wdm.WebDriverManager - Driver chromedriver 101.0.4951.41 found in cache
17:56:15.951 [main] INFO io.github.bonigarcia.wdm.WebDriverManager - Exporting webdriver.chrome.driver as C:\Users\HP\.cache\selenium\chromedriver\win32\101.0.4951.41\chromedriver.exe
17:56:16.176 [main] DEBUG net.serenitybdd.core.webdriver.driverproviders.ProvideNewDriver - Instantiating driver
17:56:16.176 [main] DEBUG net.serenitybdd.core.webdriver.driverproviders.ProvideNewDriver - Driver capabilities: Capabilities {acceptInsecureCerts: false, base.url: , browserName: chrome, goog:chromeOptions: {args: [], extensions: []}}
17:56:16.733 [AsyncHttpClient-1-11] DEBUG org.asynchttpclient.netty.channel.NettyConnectListener - Using new Channel '[id: 0xb9714679, L:/127.0.0.1:58752 - R:localhost/127.0.0.1:53606]' for 'POST' to '/session'
17:56:17.424 [AsyncHttpClient-1-11] DEBUG org.asynchttpclient.netty.handler.HttpHandler - 

Request DefaultHttpRequest(decodeResult: success, version: HTTP/1.1)
POST /session HTTP/1.1
User-Agent: selenium/4.1.2 (java windows)
Content-Length: 457
Content-Type: application/json; charset=utf-8
host: localhost:53606
accept: */*

Response DefaultHttpResponse(decodeResult: success, version: HTTP/1.1)
HTTP/1.1 200 OK
Content-Type: application/json; charset=utf-8
cache-control: no-cache
content-length: 786

17:56:17.424 [AsyncHttpClient-1-11] DEBUG org.asynchttpclient.netty.channel.ChannelManager - Adding key: http://localhost:53606 for channel [id: 0xb9714679, L:/127.0.0.1:58752 - R:localhost/127.0.0.1:53606]
17:56:17.432 [AsyncHttpClient-1-12] DEBUG org.asynchttpclient.netty.channel.NettyConnectListener - Using new Channel '[id: 0x9f1ec8ea, L:/127.0.0.1:58759 - R:localhost/127.0.0.1:58753]' for 'GET' to '/json/version'
17:56:17.433 [AsyncHttpClient-1-12] DEBUG org.asynchttpclient.netty.handler.HttpHandler - 

Request DefaultFullHttpRequest(decodeResult: success, version: HTTP/1.1, content: EmptyByteBufBE)
GET /json/version HTTP/1.1
User-Agent: selenium/4.1.2 (java windows)
host: localhost:58753
accept: */*

Response DefaultHttpResponse(decodeResult: success, version: HTTP/1.1)
HTTP/1.1 200 OK
Content-Type: application/json; charset=UTF-8
content-length: 427

17:56:17.433 [AsyncHttpClient-1-12] DEBUG org.asynchttpclient.netty.channel.ChannelManager - Adding key: http://localhost:58753 for channel [id: 0x9f1ec8ea, L:/127.0.0.1:58759 - R:localhost/127.0.0.1:58753]
17:56:17.435 [AsyncHttpClient-1-13] DEBUG org.asynchttpclient.netty.channel.NettyConnectListener - Using new Channel '[id: 0x87473390, L:/127.0.0.1:58760 - R:localhost/127.0.0.1:58753]' for 'GET' to '/devtools/browser/2335553b-ad62-482a-a679-9a4fd749e74e'
17:56:17.436 [AsyncHttpClient-1-13] DEBUG org.asynchttpclient.netty.handler.WebSocketHandler - 

Request DefaultFullHttpRequest(decodeResult: success, version: HTTP/1.1, content: EmptyByteBufBE)
GET /devtools/browser/2335553b-ad62-482a-a679-9a4fd749e74e HTTP/1.1
upgrade: websocket
connection: upgrade
sec-websocket-key: WSicFkCMvDcCAgko3I9pBw==
sec-websocket-version: 13
origin: http://localhost:58753
host: localhost:58753
accept: */*
user-agent: AHC/2.1

Response DefaultHttpResponse(decodeResult: success, version: HTTP/1.1)
HTTP/1.1 101 WebSocket Protocol Handshake
Upgrade: WebSocket
Connection: Upgrade
Sec-WebSocket-Accept: 1NZpN6cnt5vtZGMyKdqIx3XUVHo=

17:56:17.438 [Forwarding get on session a919049bf859402fa5d681903e4b408c to remote] DEBUG org.asynchttpclient.netty.request.NettyRequestSender - Using pooled Channel '[id: 0xb9714679, L:/127.0.0.1:58752 - R:localhost/127.0.0.1:53606]' for 'POST' to 'http://localhost:53606/session/a919049bf859402fa5d681903e4b408c/url'
17:56:17.438 [Forwarding get on session a919049bf859402fa5d681903e4b408c to remote] DEBUG org.asynchttpclient.netty.request.NettyRequestSender - Using open Channel [id: 0xb9714679, L:/127.0.0.1:58752 - R:localhost/127.0.0.1:53606] for POST '/session/a919049bf859402fa5d681903e4b408c/url'
17:56:17.815 [AsyncHttpClient-1-1] DEBUG org.asynchttpclient.netty.channel.DefaultChannelPool - Entry count for : http://localhost:58753 : 1
17:56:18.613 [AsyncHttpClient-1-11] DEBUG org.asynchttpclient.netty.handler.HttpHandler - 

Request DefaultHttpRequest(decodeResult: success, version: HTTP/1.1)
POST /session/a919049bf859402fa5d681903e4b408c/url HTTP/1.1
User-Agent: selenium/4.1.2 (java windows)
Content-Length: 67
Content-Type: application/json; charset=utf-8
host: localhost:53606
accept: */*

Response DefaultHttpResponse(decodeResult: success, version: HTTP/1.1)
HTTP/1.1 200 OK
Content-Type: application/json; charset=utf-8
cache-control: no-cache
content-length: 14

17:56:18.613 [AsyncHttpClient-1-11] DEBUG org.asynchttpclient.netty.channel.ChannelManager - Adding key: http://localhost:53606 for channel [id: 0xb9714679, L:/127.0.0.1:58752 - R:localhost/127.0.0.1:53606]
17:56:18.614 [Forwarding setTimeout on session a919049bf859402fa5d681903e4b408c to remote] DEBUG org.asynchttpclient.netty.request.NettyRequestSender - Using pooled Channel '[id: 0xb9714679, L:/127.0.0.1:58752 - R:localhost/127.0.0.1:53606]' for 'POST' to 'http://localhost:53606/session/a919049bf859402fa5d681903e4b408c/timeouts'
17:56:18.614 [Forwarding setTimeout on session a919049bf859402fa5d681903e4b408c to remote] DEBUG org.asynchttpclient.netty.request.NettyRequestSender - Using open Channel [id: 0xb9714679, L:/127.0.0.1:58752 - R:localhost/127.0.0.1:53606] for POST '/session/a919049bf859402fa5d681903e4b408c/timeouts'
17:56:18.615 [AsyncHttpClient-1-11] DEBUG org.asynchttpclient.netty.handler.HttpHandler - 

Request DefaultHttpRequest(decodeResult: success, version: HTTP/1.1)
POST /session/a919049bf859402fa5d681903e4b408c/timeouts HTTP/1.1
User-Agent: selenium/4.1.2 (java windows)
Content-Length: 22
Content-Type: application/json; charset=utf-8
host: localhost:53606
accept: */*

Response DefaultHttpResponse(decodeResult: success, version: HTTP/1.1)
HTTP/1.1 200 OK
Content-Type: application/json; charset=utf-8
cache-control: no-cache
content-length: 14

17:56:18.615 [AsyncHttpClient-1-11] DEBUG org.asynchttpclient.netty.channel.ChannelManager - Adding key: http://localhost:53606 for channel [id: 0xb9714679, L:/127.0.0.1:58752 - R:localhost/127.0.0.1:53606]
17:56:18.617 [Forwarding getCurrentUrl on session a919049bf859402fa5d681903e4b408c to remote] DEBUG org.asynchttpclient.netty.request.NettyRequestSender - Using pooled Channel '[id: 0xb9714679, L:/127.0.0.1:58752 - R:localhost/127.0.0.1:53606]' for 'GET' to 'http://localhost:53606/session/a919049bf859402fa5d681903e4b408c/url'
17:56:18.617 [Forwarding getCurrentUrl on session a919049bf859402fa5d681903e4b408c to remote] DEBUG org.asynchttpclient.netty.request.NettyRequestSender - Using open Channel [id: 0xb9714679, L:/127.0.0.1:58752 - R:localhost/127.0.0.1:53606] for GET '/session/a919049bf859402fa5d681903e4b408c/url'
17:56:18.623 [AsyncHttpClient-1-11] DEBUG org.asynchttpclient.netty.handler.HttpHandler - 

Request DefaultFullHttpRequest(decodeResult: success, version: HTTP/1.1, content: EmptyByteBufBE)
GET /session/a919049bf859402fa5d681903e4b408c/url HTTP/1.1
User-Agent: selenium/4.1.2 (java windows)
Cache-Control: no-cache
Content-Type: application/json; charset=utf-8
host: localhost:53606
accept: */*

Response DefaultHttpResponse(decodeResult: success, version: HTTP/1.1)
HTTP/1.1 200 OK
Content-Type: application/json; charset=utf-8
cache-control: no-cache
content-length: 44

17:56:18.623 [AsyncHttpClient-1-11] DEBUG org.asynchttpclient.netty.channel.ChannelManager - Adding key: http://localhost:53606 for channel [id: 0xb9714679, L:/127.0.0.1:58752 - R:localhost/127.0.0.1:53606]
17:56:18.631 [Forwarding screenshot on session a919049bf859402fa5d681903e4b408c to remote] DEBUG org.asynchttpclient.netty.request.NettyRequestSender - Using pooled Channel '[id: 0xb9714679, L:/127.0.0.1:58752 - R:localhost/127.0.0.1:53606]' for 'GET' to 'http://localhost:53606/session/a919049bf859402fa5d681903e4b408c/screenshot'
17:56:18.631 [Forwarding screenshot on session a919049bf859402fa5d681903e4b408c to remote] DEBUG org.asynchttpclient.netty.request.NettyRequestSender - Using open Channel [id: 0xb9714679, L:/127.0.0.1:58752 - R:localhost/127.0.0.1:53606] for GET '/session/a919049bf859402fa5d681903e4b408c/screenshot'
17:56:18.920 [AsyncHttpClient-1-1] DEBUG org.asynchttpclient.netty.channel.DefaultChannelPool - Entry count for : http://localhost:58753 : 1
17:56:19.050 [AsyncHttpClient-1-11] DEBUG org.asynchttpclient.netty.handler.HttpHandler - 

Request DefaultFullHttpRequest(decodeResult: success, version: HTTP/1.1, content: EmptyByteBufBE)
GET /session/a919049bf859402fa5d681903e4b408c/screenshot HTTP/1.1
User-Agent: selenium/4.1.2 (java windows)
Cache-Control: no-cache
Content-Type: application/json; charset=utf-8
host: localhost:53606
accept: */*

Response DefaultHttpResponse(decodeResult: success, version: HTTP/1.1)
HTTP/1.1 200 OK
Content-Type: application/json; charset=utf-8
cache-control: no-cache
content-length: 37608

17:56:19.050 [AsyncHttpClient-1-11] DEBUG org.asynchttpclient.netty.channel.ChannelManager - Adding key: http://localhost:53606 for channel [id: 0xb9714679, L:/127.0.0.1:58752 - R:localhost/127.0.0.1:53606]
17:56:19.052 [main] DEBUG net.serenitybdd.core.photography.Darkroom - Send negative for processing for target\site\serenity\49d6eedabd9377bdcbf390b98d2a22aaf52d6bc2093bb332cef2ee61950daedd.png
17:56:19.052 [main] DEBUG net.thucydides.core.steps.StepInterceptor - STARTING STEP: RegisterSteps.iAmOnTheRegisterPage - validateOnRegisterPage
17:56:19.054 [Forwarding findElement on session a919049bf859402fa5d681903e4b408c to remote] DEBUG org.asynchttpclient.netty.request.NettyRequestSender - Using pooled Channel '[id: 0xb9714679, L:/127.0.0.1:58752 - R:localhost/127.0.0.1:53606]' for 'POST' to 'http://localhost:53606/session/a919049bf859402fa5d681903e4b408c/element'
17:56:19.054 [Forwarding findElement on session a919049bf859402fa5d681903e4b408c to remote] DEBUG org.asynchttpclient.netty.request.NettyRequestSender - Using open Channel [id: 0xb9714679, L:/127.0.0.1:58752 - R:localhost/127.0.0.1:53606] for POST '/session/a919049bf859402fa5d681903e4b408c/element'
17:56:19.069 [AsyncHttpClient-1-11] DEBUG org.asynchttpclient.netty.handler.HttpHandler - 

Request DefaultHttpRequest(decodeResult: success, version: HTTP/1.1)
POST /session/a919049bf859402fa5d681903e4b408c/element HTTP/1.1
User-Agent: selenium/4.1.2 (java windows)
Content-Length: 92
Content-Type: application/json; charset=utf-8
host: localhost:53606
accept: */*

Response DefaultHttpResponse(decodeResult: success, version: HTTP/1.1)
HTTP/1.1 200 OK
Content-Type: application/json; charset=utf-8
cache-control: no-cache
content-length: 88

17:56:19.070 [AsyncHttpClient-1-11] DEBUG org.asynchttpclient.netty.channel.ChannelManager - Adding key: http://localhost:53606 for channel [id: 0xb9714679, L:/127.0.0.1:58752 - R:localhost/127.0.0.1:53606]
17:56:19.072 [Forwarding isElementDisplayed on session a919049bf859402fa5d681903e4b408c to remote] DEBUG org.asynchttpclient.netty.request.NettyRequestSender - Using pooled Channel '[id: 0xb9714679, L:/127.0.0.1:58752 - R:localhost/127.0.0.1:53606]' for 'POST' to 'http://localhost:53606/session/a919049bf859402fa5d681903e4b408c/execute/sync'
17:56:19.072 [Forwarding isElementDisplayed on session a919049bf859402fa5d681903e4b408c to remote] DEBUG org.asynchttpclient.netty.request.NettyRequestSender - Using open Channel [id: 0xb9714679, L:/127.0.0.1:58752 - R:localhost/127.0.0.1:53606] for POST '/session/a919049bf859402fa5d681903e4b408c/execute/sync'
17:56:19.089 [AsyncHttpClient-1-11] DEBUG org.asynchttpclient.netty.handler.HttpHandler - 

Request DefaultHttpRequest(decodeResult: success, version: HTTP/1.1)
POST /session/a919049bf859402fa5d681903e4b408c/execute/sync HTTP/1.1
User-Agent: selenium/4.1.2 (java windows)
Content-Length: 48780
Content-Type: application/json; charset=utf-8
host: localhost:53606
accept: */*

Response DefaultHttpResponse(decodeResult: success, version: HTTP/1.1)
HTTP/1.1 200 OK
Content-Type: application/json; charset=utf-8
cache-control: no-cache
content-length: 14

17:56:19.089 [AsyncHttpClient-1-11] DEBUG org.asynchttpclient.netty.channel.ChannelManager - Adding key: http://localhost:53606 for channel [id: 0xb9714679, L:/127.0.0.1:58752 - R:localhost/127.0.0.1:53606]
17:56:19.092 [main] DEBUG net.thucydides.core.steps.StepInterceptor - STEP DONE: validateOnRegisterPage
  &amp#27;[32mGiven &amp#27;[0m&amp#27;[32mI am on the register page&amp#27;[0m    &amp#27;[90m# starter.stepdefinitions.RegisterSteps.iAmOnTheRegisterPage()&amp#27;[0m
17:56:19.106 [Forwarding screenshot on session a919049bf859402fa5d681903e4b408c to remote] DEBUG org.asynchttpclient.netty.request.NettyRequestSender - Using pooled Channel '[id: 0xb9714679, L:/127.0.0.1:58752 - R:localhost/127.0.0.1:53606]' for 'GET' to 'http://localhost:53606/session/a919049bf859402fa5d681903e4b408c/screenshot'
17:56:19.106 [Forwarding screenshot on session a919049bf859402fa5d681903e4b408c to remote] DEBUG org.asynchttpclient.netty.request.NettyRequestSender - Using open Channel [id: 0xb9714679, L:/127.0.0.1:58752 - R:localhost/127.0.0.1:53606] for GET '/session/a919049bf859402fa5d681903e4b408c/screenshot'
17:56:19.261 [AsyncHttpClient-1-11] DEBUG org.asynchttpclient.netty.handler.HttpHandler - 

Request DefaultFullHttpRequest(decodeResult: success, version: HTTP/1.1, content: EmptyByteBufBE)
GET /session/a919049bf859402fa5d681903e4b408c/screenshot HTTP/1.1
User-Agent: selenium/4.1.2 (java windows)
Cache-Control: no-cache
Content-Type: application/json; charset=utf-8
host: localhost:53606
accept: */*

Response DefaultHttpResponse(decodeResult: success, version: HTTP/1.1)
HTTP/1.1 200 OK
Content-Type: application/json; charset=utf-8
cache-control: no-cache
content-length: 37608

17:56:19.261 [AsyncHttpClient-1-11] DEBUG org.asynchttpclient.netty.channel.ChannelManager - Adding key: http://localhost:53606 for channel [id: 0xb9714679, L:/127.0.0.1:58752 - R:localhost/127.0.0.1:53606]
17:56:19.262 [main] DEBUG net.serenitybdd.core.photography.Darkroom - Send negative for processing for target\site\serenity\49d6eedabd9377bdcbf390b98d2a22aaf52d6bc2093bb332cef2ee61950daedd.png
17:56:19.263 [main] DEBUG net.thucydides.core.steps.StepInterceptor - STARTING STEP: RegisterSteps.iInputFullname - inputFullname
17:56:19.265 [Forwarding findElement on session a919049bf859402fa5d681903e4b408c to remote] DEBUG org.asynchttpclient.netty.request.NettyRequestSender - Using pooled Channel '[id: 0xb9714679, L:/127.0.0.1:58752 - R:localhost/127.0.0.1:53606]' for 'POST' to 'http://localhost:53606/session/a919049bf859402fa5d681903e4b408c/element'
17:56:19.265 [Forwarding findElement on session a919049bf859402fa5d681903e4b408c to remote] DEBUG org.asynchttpclient.netty.request.NettyRequestSender - Using open Channel [id: 0xb9714679, L:/127.0.0.1:58752 - R:localhost/127.0.0.1:53606] for POST '/session/a919049bf859402fa5d681903e4b408c/element'
17:56:19.277 [AsyncHttpClient-1-11] DEBUG org.asynchttpclient.netty.handler.HttpHandler - 

Request DefaultHttpRequest(decodeResult: success, version: HTTP/1.1)
POST /session/a919049bf859402fa5d681903e4b408c/element HTTP/1.1
User-Agent: selenium/4.1.2 (java windows)
Content-Length: 91
Content-Type: application/json; charset=utf-8
host: localhost:53606
accept: */*

Response DefaultHttpResponse(decodeResult: success, version: HTTP/1.1)
HTTP/1.1 200 OK
Content-Type: application/json; charset=utf-8
cache-control: no-cache
content-length: 88

17:56:19.277 [AsyncHttpClient-1-11] DEBUG org.asynchttpclient.netty.channel.ChannelManager - Adding key: http://localhost:53606 for channel [id: 0xb9714679, L:/127.0.0.1:58752 - R:localhost/127.0.0.1:53606]
17:56:19.278 [Forwarding clearElement on session a919049bf859402fa5d681903e4b408c to remote] DEBUG org.asynchttpclient.netty.request.NettyRequestSender - Using pooled Channel '[id: 0xb9714679, L:/127.0.0.1:58752 - R:localhost/127.0.0.1:53606]' for 'POST' to 'http://localhost:53606/session/a919049bf859402fa5d681903e4b408c/element/ad0f92d9-bb1e-4264-964c-b620c4ccb073/clear'
17:56:19.278 [Forwarding clearElement on session a919049bf859402fa5d681903e4b408c to remote] DEBUG org.asynchttpclient.netty.request.NettyRequestSender - Using open Channel [id: 0xb9714679, L:/127.0.0.1:58752 - R:localhost/127.0.0.1:53606] for POST '/session/a919049bf859402fa5d681903e4b408c/element/ad0f92d9-bb1e-4264-964c-b620c4ccb073/clear'
17:56:19.315 [AsyncHttpClient-1-11] DEBUG org.asynchttpclient.netty.handler.HttpHandler - 

Request DefaultHttpRequest(decodeResult: success, version: HTTP/1.1)
POST /session/a919049bf859402fa5d681903e4b408c/element/ad0f92d9-bb1e-4264-964c-b620c4ccb073/clear HTTP/1.1
User-Agent: selenium/4.1.2 (java windows)
Content-Length: 50
Content-Type: application/json; charset=utf-8
host: localhost:53606
accept: */*

Response DefaultHttpResponse(decodeResult: success, version: HTTP/1.1)
HTTP/1.1 200 OK
Content-Type: application/json; charset=utf-8
cache-control: no-cache
content-length: 14

17:56:19.315 [AsyncHttpClient-1-11] DEBUG org.asynchttpclient.netty.channel.ChannelManager - Adding key: http://localhost:53606 for channel [id: 0xb9714679, L:/127.0.0.1:58752 - R:localhost/127.0.0.1:53606]
17:56:19.316 [Forwarding sendKeysToElement on session a919049bf859402fa5d681903e4b408c to remote] DEBUG org.asynchttpclient.netty.request.NettyRequestSender - Using pooled Channel '[id: 0xb9714679, L:/127.0.0.1:58752 - R:localhost/127.0.0.1:53606]' for 'POST' to 'http://localhost:53606/session/a919049bf859402fa5d681903e4b408c/element/ad0f92d9-bb1e-4264-964c-b620c4ccb073/value'
17:56:19.316 [Forwarding sendKeysToElement on session a919049bf859402fa5d681903e4b408c to remote] DEBUG org.asynchttpclient.netty.request.NettyRequestSender - Using open Channel [id: 0xb9714679, L:/127.0.0.1:58752 - R:localhost/127.0.0.1:53606] for POST '/session/a919049bf859402fa5d681903e4b408c/element/ad0f92d9-bb1e-4264-964c-b620c4ccb073/value'
17:56:19.432 [AsyncHttpClient-1-11] DEBUG org.asynchttpclient.netty.handler.HttpHandler - 

Request DefaultHttpRequest(decodeResult: success, version: HTTP/1.1)
POST /session/a919049bf859402fa5d681903e4b408c/element/ad0f92d9-bb1e-4264-964c-b620c4ccb073/value HTTP/1.1
User-Agent: selenium/4.1.2 (java windows)
Content-Length: 181
Content-Type: application/json; charset=utf-8
host: localhost:53606
accept: */*

Response DefaultHttpResponse(decodeResult: success, version: HTTP/1.1)
HTTP/1.1 200 OK
Content-Type: application/json; charset=utf-8
cache-control: no-cache
content-length: 14

17:56:19.432 [AsyncHttpClient-1-11] DEBUG org.asynchttpclient.netty.channel.ChannelManager - Adding key: http://localhost:53606 for channel [id: 0xb9714679, L:/127.0.0.1:58752 - R:localhost/127.0.0.1:53606]
17:56:19.439 [Forwarding screenshot on session a919049bf859402fa5d681903e4b408c to remote] DEBUG org.asynchttpclient.netty.request.NettyRequestSender - Using pooled Channel '[id: 0xb9714679, L:/127.0.0.1:58752 - R:localhost/127.0.0.1:53606]' for 'GET' to 'http://localhost:53606/session/a919049bf859402fa5d681903e4b408c/screenshot'
17:56:19.439 [Forwarding screenshot on session a919049bf859402fa5d681903e4b408c to remote] DEBUG org.asynchttpclient.netty.request.NettyRequestSender - Using open Channel [id: 0xb9714679, L:/127.0.0.1:58752 - R:localhost/127.0.0.1:53606] for GET '/session/a919049bf859402fa5d681903e4b408c/screenshot'
17:56:19.629 [AsyncHttpClient-1-11] DEBUG org.asynchttpclient.netty.handler.HttpHandler - 

Request DefaultFullHttpRequest(decodeResult: success, version: HTTP/1.1, content: EmptyByteBufBE)
GET /session/a919049bf859402fa5d681903e4b408c/screenshot HTTP/1.1
User-Agent: selenium/4.1.2 (java windows)
Cache-Control: no-cache
Content-Type: application/json; charset=utf-8
host: localhost:53606
accept: */*

Response DefaultHttpResponse(decodeResult: success, version: HTTP/1.1)
HTTP/1.1 200 OK
Content-Type: application/json; charset=utf-8
cache-control: no-cache
content-length: 40568

17:56:19.629 [AsyncHttpClient-1-11] DEBUG org.asynchttpclient.netty.channel.ChannelManager - Adding key: http://localhost:53606 for channel [id: 0xb9714679, L:/127.0.0.1:58752 - R:localhost/127.0.0.1:53606]
17:56:19.630 [main] DEBUG net.serenitybdd.core.photography.Darkroom - Send negative for processing for target\site\serenity\8d3d6c37c614b84893d3920795bdee481cc3837cc4cb482caf8ef39b051d153e.png
17:56:19.630 [main] DEBUG net.thucydides.core.steps.StepInterceptor - STEP DONE: inputFullname
  &amp#27;[32mWhen &amp#27;[0m&amp#27;[32mI input &amp#27;[0m&amp#27;[32m&amp#27;[1m"Jasri Vika"&amp#27;[0m&amp#27;[32m fullname&amp#27;[0m &amp#27;[90m# starter.stepdefinitions.RegisterSteps.iInputFullname(java.lang.String)&amp#27;[0m
17:56:19.630 [Darkroom Processing Line] DEBUG net.serenitybdd.core.photography.DarkroomProcessingLine - Processing screenshot image in /var/screenshots/screenshot-8784181267863797300
17:56:19.630 [Darkroom Processing Line] DEBUG net.serenitybdd.core.photography.DarkroomProcessingLine - Saving screenshot to target\site\serenity\8d3d6c37c614b84893d3920795bdee481cc3837cc4cb482caf8ef39b051d153e.png
17:56:19.648 [main] DEBUG net.thucydides.core.steps.StepInterceptor - STARTING STEP: RegisterSteps.inputEmail - inputEmail
17:56:19.650 [Forwarding findElement on session a919049bf859402fa5d681903e4b408c to remote] DEBUG org.asynchttpclient.netty.request.NettyRequestSender - Using pooled Channel '[id: 0xb9714679, L:/127.0.0.1:58752 - R:localhost/127.0.0.1:53606]' for 'POST' to 'http://localhost:53606/session/a919049bf859402fa5d681903e4b408c/element'
17:56:19.650 [Forwarding findElement on session a919049bf859402fa5d681903e4b408c to remote] DEBUG org.asynchttpclient.netty.request.NettyRequestSender - Using open Channel [id: 0xb9714679, L:/127.0.0.1:58752 - R:localhost/127.0.0.1:53606] for POST '/session/a919049bf859402fa5d681903e4b408c/element'
17:56:19.665 [AsyncHttpClient-1-11] DEBUG org.asynchttpclient.netty.handler.HttpHandler - 

Request DefaultHttpRequest(decodeResult: success, version: HTTP/1.1)
POST /session/a919049bf859402fa5d681903e4b408c/element HTTP/1.1
User-Agent: selenium/4.1.2 (java windows)
Content-Length: 84
Content-Type: application/json; charset=utf-8
host: localhost:53606
accept: */*

Response DefaultHttpResponse(decodeResult: success, version: HTTP/1.1)
HTTP/1.1 200 OK
Content-Type: application/json; charset=utf-8
cache-control: no-cache
content-length: 88

17:56:19.665 [AsyncHttpClient-1-11] DEBUG org.asynchttpclient.netty.channel.ChannelManager - Adding key: http://localhost:53606 for channel [id: 0xb9714679, L:/127.0.0.1:58752 - R:localhost/127.0.0.1:53606]
17:56:19.667 [Forwarding clearElement on session a919049bf859402fa5d681903e4b408c to remote] DEBUG org.asynchttpclient.netty.request.NettyRequestSender - Using pooled Channel '[id: 0xb9714679, L:/127.0.0.1:58752 - R:localhost/127.0.0.1:53606]' for 'POST' to 'http://localhost:53606/session/a919049bf859402fa5d681903e4b408c/element/3c2c7ea9-6c2c-4b74-98e0-7a94eefa27aa/clear'
17:56:19.667 [Forwarding clearElement on session a919049bf859402fa5d681903e4b408c to remote] DEBUG org.asynchttpclient.netty.request.NettyRequestSender - Using open Channel [id: 0xb9714679, L:/127.0.0.1:58752 - R:localhost/127.0.0.1:53606] for POST '/session/a919049bf859402fa5d681903e4b408c/element/3c2c7ea9-6c2c-4b74-98e0-7a94eefa27aa/clear'
17:56:19.711 [AsyncHttpClient-1-11] DEBUG org.asynchttpclient.netty.handler.HttpHandler - 

Request DefaultHttpRequest(decodeResult: success, version: HTTP/1.1)
POST /session/a919049bf859402fa5d681903e4b408c/element/3c2c7ea9-6c2c-4b74-98e0-7a94eefa27aa/clear HTTP/1.1
User-Agent: selenium/4.1.2 (java windows)
Content-Length: 50
Content-Type: application/json; charset=utf-8
host: localhost:53606
accept: */*

Response DefaultHttpResponse(decodeResult: success, version: HTTP/1.1)
HTTP/1.1 200 OK
Content-Type: application/json; charset=utf-8
cache-control: no-cache
content-length: 14

17:56:19.711 [AsyncHttpClient-1-11] DEBUG org.asynchttpclient.netty.channel.ChannelManager - Adding key: http://localhost:53606 for channel [id: 0xb9714679, L:/127.0.0.1:58752 - R:localhost/127.0.0.1:53606]
17:56:19.712 [Forwarding sendKeysToElement on session a919049bf859402fa5d681903e4b408c to remote] DEBUG org.asynchttpclient.netty.request.NettyRequestSender - Using pooled Channel '[id: 0xb9714679, L:/127.0.0.1:58752 - R:localhost/127.0.0.1:53606]' for 'POST' to 'http://localhost:53606/session/a919049bf859402fa5d681903e4b408c/element/3c2c7ea9-6c2c-4b74-98e0-7a94eefa27aa/value'
17:56:19.712 [Forwarding sendKeysToElement on session a919049bf859402fa5d681903e4b408c to remote] DEBUG org.asynchttpclient.netty.request.NettyRequestSender - Using open Channel [id: 0xb9714679, L:/127.0.0.1:58752 - R:localhost/127.0.0.1:53606] for POST '/session/a919049bf859402fa5d681903e4b408c/element/3c2c7ea9-6c2c-4b74-98e0-7a94eefa27aa/value'
17:56:19.763 [AsyncHttpClient-1-11] DEBUG org.asynchttpclient.netty.handler.HttpHandler - 

Request DefaultHttpRequest(decodeResult: success, version: HTTP/1.1)
POST /session/a919049bf859402fa5d681903e4b408c/element/3c2c7ea9-6c2c-4b74-98e0-7a94eefa27aa/value HTTP/1.1
User-Agent: selenium/4.1.2 (java windows)
Content-Length: 82
Content-Type: application/json; charset=utf-8
host: localhost:53606
accept: */*

Response DefaultHttpResponse(decodeResult: success, version: HTTP/1.1)
HTTP/1.1 200 OK
Content-Type: application/json; charset=utf-8
cache-control: no-cache
content-length: 14

17:56:19.763 [AsyncHttpClient-1-11] DEBUG org.asynchttpclient.netty.channel.ChannelManager - Adding key: http://localhost:53606 for channel [id: 0xb9714679, L:/127.0.0.1:58752 - R:localhost/127.0.0.1:53606]
17:56:19.768 [Forwarding screenshot on session a919049bf859402fa5d681903e4b408c to remote] DEBUG org.asynchttpclient.netty.request.NettyRequestSender - Using pooled Channel '[id: 0xb9714679, L:/127.0.0.1:58752 - R:localhost/127.0.0.1:53606]' for 'GET' to 'http://localhost:53606/session/a919049bf859402fa5d681903e4b408c/screenshot'
17:56:19.768 [Forwarding screenshot on session a919049bf859402fa5d681903e4b408c to remote] DEBUG org.asynchttpclient.netty.request.NettyRequestSender - Using open Channel [id: 0xb9714679, L:/127.0.0.1:58752 - R:localhost/127.0.0.1:53606] for GET '/session/a919049bf859402fa5d681903e4b408c/screenshot'
17:56:19.966 [AsyncHttpClient-1-11] DEBUG org.asynchttpclient.netty.handler.HttpHandler - 

Request DefaultFullHttpRequest(decodeResult: success, version: HTTP/1.1, content: EmptyByteBufBE)
GET /session/a919049bf859402fa5d681903e4b408c/screenshot HTTP/1.1
User-Agent: selenium/4.1.2 (java windows)
Cache-Control: no-cache
Content-Type: application/json; charset=utf-8
host: localhost:53606
accept: */*

Response DefaultHttpResponse(decodeResult: success, version: HTTP/1.1)
HTTP/1.1 200 OK
Content-Type: application/json; charset=utf-8
cache-control: no-cache
content-length: 40088

17:56:19.966 [AsyncHttpClient-1-11] DEBUG org.asynchttpclient.netty.channel.ChannelManager - Adding key: http://localhost:53606 for channel [id: 0xb9714679, L:/127.0.0.1:58752 - R:localhost/127.0.0.1:53606]
17:56:19.967 [main] DEBUG net.serenitybdd.core.photography.Darkroom - Send negative for processing for target\site\serenity\96c592dc522c44bb0489e9dbeca4f94466f3006cb470776ddde1fa9a648dc9ea.png
17:56:19.967 [main] DEBUG net.thucydides.core.steps.StepInterceptor - STEP DONE: inputEmail
  &amp#27;[32mAnd &amp#27;[0m&amp#27;[32minput &amp#27;[0m&amp#27;[32m&amp#27;[1m""&amp#27;[0m&amp#27;[32m email&amp#27;[0m                 &amp#27;[90m# starter.stepdefinitions.RegisterSteps.inputEmail(java.lang.String)&amp#27;[0m
17:56:19.968 [Darkroom Processing Line] DEBUG net.serenitybdd.core.photography.DarkroomProcessingLine - Processing screenshot image in /var/screenshots/screenshot-11471096371590595221
17:56:19.968 [Darkroom Processing Line] DEBUG net.serenitybdd.core.photography.DarkroomProcessingLine - Saving screenshot to target\site\serenity\96c592dc522c44bb0489e9dbeca4f94466f3006cb470776ddde1fa9a648dc9ea.png
17:56:19.981 [main] DEBUG net.thucydides.core.steps.StepInterceptor - STARTING STEP: RegisterSteps.inputPassword - inputPassword
17:56:19.988 [Forwarding findElement on session a919049bf859402fa5d681903e4b408c to remote] DEBUG org.asynchttpclient.netty.request.NettyRequestSender - Using pooled Channel '[id: 0xb9714679, L:/127.0.0.1:58752 - R:localhost/127.0.0.1:53606]' for 'POST' to 'http://localhost:53606/session/a919049bf859402fa5d681903e4b408c/element'
17:56:19.989 [Forwarding findElement on session a919049bf859402fa5d681903e4b408c to remote] DEBUG org.asynchttpclient.netty.request.NettyRequestSender - Using open Channel [id: 0xb9714679, L:/127.0.0.1:58752 - R:localhost/127.0.0.1:53606] for POST '/session/a919049bf859402fa5d681903e4b408c/element'
17:56:20.004 [AsyncHttpClient-1-11] DEBUG org.asynchttpclient.netty.handler.HttpHandler - 

Request DefaultHttpRequest(decodeResult: success, version: HTTP/1.1)
POST /session/a919049bf859402fa5d681903e4b408c/element HTTP/1.1
User-Agent: selenium/4.1.2 (java windows)
Content-Length: 87
Content-Type: application/json; charset=utf-8
host: localhost:53606
accept: */*

Response DefaultHttpResponse(decodeResult: success, version: HTTP/1.1)
HTTP/1.1 200 OK
Content-Type: application/json; charset=utf-8
cache-control: no-cache
content-length: 88

17:56:20.004 [AsyncHttpClient-1-11] DEBUG org.asynchttpclient.netty.channel.ChannelManager - Adding key: http://localhost:53606 for channel [id: 0xb9714679, L:/127.0.0.1:58752 - R:localhost/127.0.0.1:53606]
17:56:20.007 [Forwarding clearElement on session a919049bf859402fa5d681903e4b408c to remote] DEBUG org.asynchttpclient.netty.request.NettyRequestSender - Using pooled Channel '[id: 0xb9714679, L:/127.0.0.1:58752 - R:localhost/127.0.0.1:53606]' for 'POST' to 'http://localhost:53606/session/a919049bf859402fa5d681903e4b408c/element/1f43faf4-6854-404a-ad56-5f2e3fb710c6/clear'
17:56:20.007 [Forwarding clearElement on session a919049bf859402fa5d681903e4b408c to remote] DEBUG org.asynchttpclient.netty.request.NettyRequestSender - Using open Channel [id: 0xb9714679, L:/127.0.0.1:58752 - R:localhost/127.0.0.1:53606] for POST '/session/a919049bf859402fa5d681903e4b408c/element/1f43faf4-6854-404a-ad56-5f2e3fb710c6/clear'
17:56:20.020 [AsyncHttpClient-1-1] DEBUG org.asynchttpclient.netty.channel.DefaultChannelPool - Entry count for : http://localhost:58753 : 1
17:56:20.068 [AsyncHttpClient-1-11] DEBUG org.asynchttpclient.netty.handler.HttpHandler - 

Request DefaultHttpRequest(decodeResult: success, version: HTTP/1.1)
POST /session/a919049bf859402fa5d681903e4b408c/element/1f43faf4-6854-404a-ad56-5f2e3fb710c6/clear HTTP/1.1
User-Agent: selenium/4.1.2 (java windows)
Content-Length: 50
Content-Type: application/json; charset=utf-8
host: localhost:53606
accept: */*

Response DefaultHttpResponse(decodeResult: success, version: HTTP/1.1)
HTTP/1.1 200 OK
Content-Type: application/json; charset=utf-8
cache-control: no-cache
content-length: 14

17:56:20.069 [AsyncHttpClient-1-11] DEBUG org.asynchttpclient.netty.channel.ChannelManager - Adding key: http://localhost:53606 for channel [id: 0xb9714679, L:/127.0.0.1:58752 - R:localhost/127.0.0.1:53606]
17:56:20.071 [Forwarding sendKeysToElement on session a919049bf859402fa5d681903e4b408c to remote] DEBUG org.asynchttpclient.netty.request.NettyRequestSender - Using pooled Channel '[id: 0xb9714679, L:/127.0.0.1:58752 - R:localhost/127.0.0.1:53606]' for 'POST' to 'http://localhost:53606/session/a919049bf859402fa5d681903e4b408c/element/1f43faf4-6854-404a-ad56-5f2e3fb710c6/value'
17:56:20.071 [Forwarding sendKeysToElement on session a919049bf859402fa5d681903e4b408c to remote] DEBUG org.asynchttpclient.netty.request.NettyRequestSender - Using open Channel [id: 0xb9714679, L:/127.0.0.1:58752 - R:localhost/127.0.0.1:53606] for POST '/session/a919049bf859402fa5d681903e4b408c/element/1f43faf4-6854-404a-ad56-5f2e3fb710c6/value'
17:56:20.212 [AsyncHttpClient-1-11] DEBUG org.asynchttpclient.netty.handler.HttpHandler - 

Request DefaultHttpRequest(decodeResult: success, version: HTTP/1.1)
POST /session/a919049bf859402fa5d681903e4b408c/element/1f43faf4-6854-404a-ad56-5f2e3fb710c6/value HTTP/1.1
User-Agent: selenium/4.1.2 (java windows)
Content-Length: 181
Content-Type: application/json; charset=utf-8
host: localhost:53606
accept: */*

Response DefaultHttpResponse(decodeResult: success, version: HTTP/1.1)
HTTP/1.1 200 OK
Content-Type: application/json; charset=utf-8
cache-control: no-cache
content-length: 14

17:56:20.212 [AsyncHttpClient-1-11] DEBUG org.asynchttpclient.netty.channel.ChannelManager - Adding key: http://localhost:53606 for channel [id: 0xb9714679, L:/127.0.0.1:58752 - R:localhost/127.0.0.1:53606]
17:56:20.224 [Forwarding screenshot on session a919049bf859402fa5d681903e4b408c to remote] DEBUG org.asynchttpclient.netty.request.NettyRequestSender - Using pooled Channel '[id: 0xb9714679, L:/127.0.0.1:58752 - R:localhost/127.0.0.1:53606]' for 'GET' to 'http://localhost:53606/session/a919049bf859402fa5d681903e4b408c/screenshot'
17:56:20.224 [Forwarding screenshot on session a919049bf859402fa5d681903e4b408c to remote] DEBUG org.asynchttpclient.netty.request.NettyRequestSender - Using open Channel [id: 0xb9714679, L:/127.0.0.1:58752 - R:localhost/127.0.0.1:53606] for GET '/session/a919049bf859402fa5d681903e4b408c/screenshot'
17:56:20.421 [AsyncHttpClient-1-11] DEBUG org.asynchttpclient.netty.handler.HttpHandler - 

Request DefaultFullHttpRequest(decodeResult: success, version: HTTP/1.1, content: EmptyByteBufBE)
GET /session/a919049bf859402fa5d681903e4b408c/screenshot HTTP/1.1
User-Agent: selenium/4.1.2 (java windows)
Cache-Control: no-cache
Content-Type: application/json; charset=utf-8
host: localhost:53606
accept: */*

Response DefaultHttpResponse(decodeResult: success, version: HTTP/1.1)
HTTP/1.1 200 OK
Content-Type: application/json; charset=utf-8
cache-control: no-cache
content-length: 43724

17:56:20.421 [AsyncHttpClient-1-11] DEBUG org.asynchttpclient.netty.channel.ChannelManager - Adding key: http://localhost:53606 for channel [id: 0xb9714679, L:/127.0.0.1:58752 - R:localhost/127.0.0.1:53606]
17:56:20.424 [main] DEBUG net.serenitybdd.core.photography.Darkroom - Send negative for processing for target\site\serenity\11a6243ab757ed10c3ac66695a5c74034d73cfde0df25fb6196fdbdf9adcad38.png
17:56:20.424 [main] DEBUG net.thucydides.core.steps.StepInterceptor - STEP DONE: inputPassword
  &amp#27;[32mAnd &amp#27;[0m&amp#27;[32minput &amp#27;[0m&amp#27;[32m&amp#27;[1m"Doremi@123"&amp#27;[0m&amp#27;[32m password&amp#27;[0m    &amp#27;[90m# starter.stepdefinitions.RegisterSteps.inputPassword(java.lang.String)&amp#27;[0m
17:56:20.425 [Darkroom Processing Line] DEBUG net.serenitybdd.core.photography.DarkroomProcessingLine - Processing screenshot image in /var/screenshots/screenshot-8119476024020479554
17:56:20.425 [Darkroom Processing Line] DEBUG net.serenitybdd.core.photography.DarkroomProcessingLine - Saving screenshot to target\site\serenity\11a6243ab757ed10c3ac66695a5c74034d73cfde0df25fb6196fdbdf9adcad38.png
17:56:20.443 [main] DEBUG net.thucydides.core.steps.StepInterceptor - STARTING STEP: RegisterSteps.iClickRegisterButton - clickRegisterButton
17:56:20.446 [Forwarding findElement on session a919049bf859402fa5d681903e4b408c to remote] DEBUG org.asynchttpclient.netty.request.NettyRequestSender - Using pooled Channel '[id: 0xb9714679, L:/127.0.0.1:58752 - R:localhost/127.0.0.1:53606]' for 'POST' to 'http://localhost:53606/session/a919049bf859402fa5d681903e4b408c/element'
17:56:20.446 [Forwarding findElement on session a919049bf859402fa5d681903e4b408c to remote] DEBUG org.asynchttpclient.netty.request.NettyRequestSender - Using open Channel [id: 0xb9714679, L:/127.0.0.1:58752 - R:localhost/127.0.0.1:53606] for POST '/session/a919049bf859402fa5d681903e4b408c/element'
17:56:20.455 [AsyncHttpClient-1-11] DEBUG org.asynchttpclient.netty.handler.HttpHandler - 

Request DefaultHttpRequest(decodeResult: success, version: HTTP/1.1)
POST /session/a919049bf859402fa5d681903e4b408c/element HTTP/1.1
User-Agent: selenium/4.1.2 (java windows)
Content-Length: 92
Content-Type: application/json; charset=utf-8
host: localhost:53606
accept: */*

Response DefaultHttpResponse(decodeResult: success, version: HTTP/1.1)
HTTP/1.1 200 OK
Content-Type: application/json; charset=utf-8
cache-control: no-cache
content-length: 88

17:56:20.455 [AsyncHttpClient-1-11] DEBUG org.asynchttpclient.netty.channel.ChannelManager - Adding key: http://localhost:53606 for channel [id: 0xb9714679, L:/127.0.0.1:58752 - R:localhost/127.0.0.1:53606]
17:56:20.457 [Forwarding getElementTagName on session a919049bf859402fa5d681903e4b408c to remote] DEBUG org.asynchttpclient.netty.request.NettyRequestSender - Using pooled Channel '[id: 0xb9714679, L:/127.0.0.1:58752 - R:localhost/127.0.0.1:53606]' for 'GET' to 'http://localhost:53606/session/a919049bf859402fa5d681903e4b408c/element/981a2f63-98f2-4163-a905-64aba2b934e8/name'
17:56:20.457 [Forwarding getElementTagName on session a919049bf859402fa5d681903e4b408c to remote] DEBUG org.asynchttpclient.netty.request.NettyRequestSender - Using open Channel [id: 0xb9714679, L:/127.0.0.1:58752 - R:localhost/127.0.0.1:53606] for GET '/session/a919049bf859402fa5d681903e4b408c/element/981a2f63-98f2-4163-a905-64aba2b934e8/name'
17:56:20.462 [AsyncHttpClient-1-11] DEBUG org.asynchttpclient.netty.handler.HttpHandler - 

Request DefaultFullHttpRequest(decodeResult: success, version: HTTP/1.1, content: EmptyByteBufBE)
GET /session/a919049bf859402fa5d681903e4b408c/element/981a2f63-98f2-4163-a905-64aba2b934e8/name HTTP/1.1
User-Agent: selenium/4.1.2 (java windows)
Cache-Control: no-cache
Content-Type: application/json; charset=utf-8
host: localhost:53606
accept: */*

Response DefaultHttpResponse(decodeResult: success, version: HTTP/1.1)
HTTP/1.1 200 OK
Content-Type: application/json; charset=utf-8
cache-control: no-cache
content-length: 18

17:56:20.462 [AsyncHttpClient-1-11] DEBUG org.asynchttpclient.netty.channel.ChannelManager - Adding key: http://localhost:53606 for channel [id: 0xb9714679, L:/127.0.0.1:58752 - R:localhost/127.0.0.1:53606]
17:56:20.463 [Forwarding getElementTagName on session a919049bf859402fa5d681903e4b408c to remote] DEBUG org.asynchttpclient.netty.request.NettyRequestSender - Using pooled Channel '[id: 0xb9714679, L:/127.0.0.1:58752 - R:localhost/127.0.0.1:53606]' for 'GET' to 'http://localhost:53606/session/a919049bf859402fa5d681903e4b408c/element/981a2f63-98f2-4163-a905-64aba2b934e8/name'
17:56:20.463 [Forwarding getElementTagName on session a919049bf859402fa5d681903e4b408c to remote] DEBUG org.asynchttpclient.netty.request.NettyRequestSender - Using open Channel [id: 0xb9714679, L:/127.0.0.1:58752 - R:localhost/127.0.0.1:53606] for GET '/session/a919049bf859402fa5d681903e4b408c/element/981a2f63-98f2-4163-a905-64aba2b934e8/name'
17:56:20.467 [AsyncHttpClient-1-11] DEBUG org.asynchttpclient.netty.handler.HttpHandler - 

Request DefaultFullHttpRequest(decodeResult: success, version: HTTP/1.1, content: EmptyByteBufBE)
GET /session/a919049bf859402fa5d681903e4b408c/element/981a2f63-98f2-4163-a905-64aba2b934e8/name HTTP/1.1
User-Agent: selenium/4.1.2 (java windows)
Cache-Control: no-cache
Content-Type: application/json; charset=utf-8
host: localhost:53606
accept: */*

Response DefaultHttpResponse(decodeResult: success, version: HTTP/1.1)
HTTP/1.1 200 OK
Content-Type: application/json; charset=utf-8
cache-control: no-cache
content-length: 18

17:56:20.467 [AsyncHttpClient-1-11] DEBUG org.asynchttpclient.netty.channel.ChannelManager - Adding key: http://localhost:53606 for channel [id: 0xb9714679, L:/127.0.0.1:58752 - R:localhost/127.0.0.1:53606]
17:56:20.469 [Forwarding isElementEnabled on session a919049bf859402fa5d681903e4b408c to remote] DEBUG org.asynchttpclient.netty.request.NettyRequestSender - Using pooled Channel '[id: 0xb9714679, L:/127.0.0.1:58752 - R:localhost/127.0.0.1:53606]' for 'GET' to 'http://localhost:53606/session/a919049bf859402fa5d681903e4b408c/element/981a2f63-98f2-4163-a905-64aba2b934e8/enabled'
17:56:20.469 [Forwarding isElementEnabled on session a919049bf859402fa5d681903e4b408c to remote] DEBUG org.asynchttpclient.netty.request.NettyRequestSender - Using open Channel [id: 0xb9714679, L:/127.0.0.1:58752 - R:localhost/127.0.0.1:53606] for GET '/session/a919049bf859402fa5d681903e4b408c/element/981a2f63-98f2-4163-a905-64aba2b934e8/enabled'
17:56:20.480 [AsyncHttpClient-1-11] DEBUG org.asynchttpclient.netty.handler.HttpHandler - 

Request DefaultFullHttpRequest(decodeResult: success, version: HTTP/1.1, content: EmptyByteBufBE)
GET /session/a919049bf859402fa5d681903e4b408c/element/981a2f63-98f2-4163-a905-64aba2b934e8/enabled HTTP/1.1
User-Agent: selenium/4.1.2 (java windows)
Cache-Control: no-cache
Content-Type: application/json; charset=utf-8
host: localhost:53606
accept: */*

Response DefaultHttpResponse(decodeResult: success, version: HTTP/1.1)
HTTP/1.1 200 OK
Content-Type: application/json; charset=utf-8
cache-control: no-cache
content-length: 14

17:56:20.480 [AsyncHttpClient-1-11] DEBUG org.asynchttpclient.netty.channel.ChannelManager - Adding key: http://localhost:53606 for channel [id: 0xb9714679, L:/127.0.0.1:58752 - R:localhost/127.0.0.1:53606]
17:56:20.481 [Forwarding isElementEnabled on session a919049bf859402fa5d681903e4b408c to remote] DEBUG org.asynchttpclient.netty.request.NettyRequestSender - Using pooled Channel '[id: 0xb9714679, L:/127.0.0.1:58752 - R:localhost/127.0.0.1:53606]' for 'GET' to 'http://localhost:53606/session/a919049bf859402fa5d681903e4b408c/element/981a2f63-98f2-4163-a905-64aba2b934e8/enabled'
17:56:20.481 [Forwarding isElementEnabled on session a919049bf859402fa5d681903e4b408c to remote] DEBUG org.asynchttpclient.netty.request.NettyRequestSender - Using open Channel [id: 0xb9714679, L:/127.0.0.1:58752 - R:localhost/127.0.0.1:53606] for GET '/session/a919049bf859402fa5d681903e4b408c/element/981a2f63-98f2-4163-a905-64aba2b934e8/enabled'
17:56:20.489 [AsyncHttpClient-1-11] DEBUG org.asynchttpclient.netty.handler.HttpHandler - 

Request DefaultFullHttpRequest(decodeResult: success, version: HTTP/1.1, content: EmptyByteBufBE)
GET /session/a919049bf859402fa5d681903e4b408c/element/981a2f63-98f2-4163-a905-64aba2b934e8/enabled HTTP/1.1
User-Agent: selenium/4.1.2 (java windows)
Cache-Control: no-cache
Content-Type: application/json; charset=utf-8
host: localhost:53606
accept: */*

Response DefaultHttpResponse(decodeResult: success, version: HTTP/1.1)
HTTP/1.1 200 OK
Content-Type: application/json; charset=utf-8
cache-control: no-cache
content-length: 14

17:56:20.489 [AsyncHttpClient-1-11] DEBUG org.asynchttpclient.netty.channel.ChannelManager - Adding key: http://localhost:53606 for channel [id: 0xb9714679, L:/127.0.0.1:58752 - R:localhost/127.0.0.1:53606]
17:56:20.491 [Forwarding findElement on session a919049bf859402fa5d681903e4b408c to remote] DEBUG org.asynchttpclient.netty.request.NettyRequestSender - Using pooled Channel '[id: 0xb9714679, L:/127.0.0.1:58752 - R:localhost/127.0.0.1:53606]' for 'POST' to 'http://localhost:53606/session/a919049bf859402fa5d681903e4b408c/element'
17:56:20.491 [Forwarding findElement on session a919049bf859402fa5d681903e4b408c to remote] DEBUG org.asynchttpclient.netty.request.NettyRequestSender - Using open Channel [id: 0xb9714679, L:/127.0.0.1:58752 - R:localhost/127.0.0.1:53606] for POST '/session/a919049bf859402fa5d681903e4b408c/element'
17:56:20.498 [AsyncHttpClient-1-11] DEBUG org.asynchttpclient.netty.handler.HttpHandler - 

Request DefaultHttpRequest(decodeResult: success, version: HTTP/1.1)
POST /session/a919049bf859402fa5d681903e4b408c/element HTTP/1.1
User-Agent: selenium/4.1.2 (java windows)
Content-Length: 92
Content-Type: application/json; charset=utf-8
host: localhost:53606
accept: */*

Response DefaultHttpResponse(decodeResult: success, version: HTTP/1.1)
HTTP/1.1 200 OK
Content-Type: application/json; charset=utf-8
cache-control: no-cache
content-length: 88

17:56:20.498 [AsyncHttpClient-1-11] DEBUG org.asynchttpclient.netty.channel.ChannelManager - Adding key: http://localhost:53606 for channel [id: 0xb9714679, L:/127.0.0.1:58752 - R:localhost/127.0.0.1:53606]
17:56:20.499 [Forwarding clickElement on session a919049bf859402fa5d681903e4b408c to remote] DEBUG org.asynchttpclient.netty.request.NettyRequestSender - Using pooled Channel '[id: 0xb9714679, L:/127.0.0.1:58752 - R:localhost/127.0.0.1:53606]' for 'POST' to 'http://localhost:53606/session/a919049bf859402fa5d681903e4b408c/element/981a2f63-98f2-4163-a905-64aba2b934e8/click'
17:56:20.499 [Forwarding clickElement on session a919049bf859402fa5d681903e4b408c to remote] DEBUG org.asynchttpclient.netty.request.NettyRequestSender - Using open Channel [id: 0xb9714679, L:/127.0.0.1:58752 - R:localhost/127.0.0.1:53606] for POST '/session/a919049bf859402fa5d681903e4b408c/element/981a2f63-98f2-4163-a905-64aba2b934e8/click'
17:56:20.551 [AsyncHttpClient-1-11] DEBUG org.asynchttpclient.netty.handler.HttpHandler - 

Request DefaultHttpRequest(decodeResult: success, version: HTTP/1.1)
POST /session/a919049bf859402fa5d681903e4b408c/element/981a2f63-98f2-4163-a905-64aba2b934e8/click HTTP/1.1
User-Agent: selenium/4.1.2 (java windows)
Content-Length: 50
Content-Type: application/json; charset=utf-8
host: localhost:53606
accept: */*

Response DefaultHttpResponse(decodeResult: success, version: HTTP/1.1)
HTTP/1.1 200 OK
Content-Type: application/json; charset=utf-8
cache-control: no-cache
content-length: 14

17:56:20.552 [AsyncHttpClient-1-11] DEBUG org.asynchttpclient.netty.channel.ChannelManager - Adding key: http://localhost:53606 for channel [id: 0xb9714679, L:/127.0.0.1:58752 - R:localhost/127.0.0.1:53606]
17:56:20.557 [Forwarding screenshot on session a919049bf859402fa5d681903e4b408c to remote] DEBUG org.asynchttpclient.netty.request.NettyRequestSender - Using pooled Channel '[id: 0xb9714679, L:/127.0.0.1:58752 - R:localhost/127.0.0.1:53606]' for 'GET' to 'http://localhost:53606/session/a919049bf859402fa5d681903e4b408c/screenshot'
17:56:20.557 [Forwarding screenshot on session a919049bf859402fa5d681903e4b408c to remote] DEBUG org.asynchttpclient.netty.request.NettyRequestSender - Using open Channel [id: 0xb9714679, L:/127.0.0.1:58752 - R:localhost/127.0.0.1:53606] for GET '/session/a919049bf859402fa5d681903e4b408c/screenshot'
17:56:20.844 [AsyncHttpClient-1-11] DEBUG org.asynchttpclient.netty.handler.HttpHandler - 

Request DefaultFullHttpRequest(decodeResult: success, version: HTTP/1.1, content: EmptyByteBufBE)
GET /session/a919049bf859402fa5d681903e4b408c/screenshot HTTP/1.1
User-Agent: selenium/4.1.2 (java windows)
Cache-Control: no-cache
Content-Type: application/json; charset=utf-8
host: localhost:53606
accept: */*

Response DefaultHttpResponse(decodeResult: success, version: HTTP/1.1)
HTTP/1.1 200 OK
Content-Type: application/json; charset=utf-8
cache-control: no-cache
content-length: 42544

17:56:20.844 [AsyncHttpClient-1-11] DEBUG org.asynchttpclient.netty.channel.ChannelManager - Adding key: http://localhost:53606 for channel [id: 0xb9714679, L:/127.0.0.1:58752 - R:localhost/127.0.0.1:53606]
17:56:20.846 [main] DEBUG net.serenitybdd.core.photography.Darkroom - Send negative for processing for target\site\serenity\be5687df7fe088270d43830f9737b28f815c797a58cc1d90cf9c0f259e0a9757.png
17:56:20.846 [main] DEBUG net.thucydides.core.steps.StepInterceptor - STEP DONE: clickRegisterButton
  &amp#27;[32mAnd &amp#27;[0m&amp#27;[32mI click register button&amp#27;[0m        &amp#27;[90m# starter.stepdefinitions.RegisterSteps.iClickRegisterButton()&amp#27;[0m
17:56:20.847 [Darkroom Processing Line] DEBUG net.serenitybdd.core.photography.DarkroomProcessingLine - Processing screenshot image in /var/screenshots/screenshot-10320519785146224814
17:56:20.847 [Darkroom Processing Line] DEBUG net.serenitybdd.core.photography.DarkroomProcessingLine - Saving screenshot to target\site\serenity\be5687df7fe088270d43830f9737b28f815c797a58cc1d90cf9c0f259e0a9757.png
17:56:20.862 [main] DEBUG net.thucydides.core.steps.StepInterceptor - STARTING STEP: RegisterSteps.iGet - warningIconAppears
17:56:20.864 [Forwarding findElement on session a919049bf859402fa5d681903e4b408c to remote] DEBUG org.asynchttpclient.netty.request.NettyRequestSender - Using pooled Channel '[id: 0xb9714679, L:/127.0.0.1:58752 - R:localhost/127.0.0.1:53606]' for 'POST' to 'http://localhost:53606/session/a919049bf859402fa5d681903e4b408c/element'
17:56:20.865 [Forwarding findElement on session a919049bf859402fa5d681903e4b408c to remote] DEBUG org.asynchttpclient.netty.request.NettyRequestSender - Using open Channel [id: 0xb9714679, L:/127.0.0.1:58752 - R:localhost/127.0.0.1:53606] for POST '/session/a919049bf859402fa5d681903e4b408c/element'
17:56:20.878 [AsyncHttpClient-1-11] DEBUG org.asynchttpclient.netty.handler.HttpHandler - 

Request DefaultHttpRequest(decodeResult: success, version: HTTP/1.1)
POST /session/a919049bf859402fa5d681903e4b408c/element HTTP/1.1
User-Agent: selenium/4.1.2 (java windows)
Content-Length: 92
Content-Type: application/json; charset=utf-8
host: localhost:53606
accept: */*

Response DefaultHttpResponse(decodeResult: success, version: HTTP/1.1)
HTTP/1.1 200 OK
Content-Type: application/json; charset=utf-8
cache-control: no-cache
content-length: 88

17:56:20.878 [AsyncHttpClient-1-11] DEBUG org.asynchttpclient.netty.channel.ChannelManager - Adding key: http://localhost:53606 for channel [id: 0xb9714679, L:/127.0.0.1:58752 - R:localhost/127.0.0.1:53606]
17:56:20.881 [Forwarding isElementDisplayed on session a919049bf859402fa5d681903e4b408c to remote] DEBUG org.asynchttpclient.netty.request.NettyRequestSender - Using pooled Channel '[id: 0xb9714679, L:/127.0.0.1:58752 - R:localhost/127.0.0.1:53606]' for 'POST' to 'http://localhost:53606/session/a919049bf859402fa5d681903e4b408c/execute/sync'
17:56:20.881 [Forwarding isElementDisplayed on session a919049bf859402fa5d681903e4b408c to remote] DEBUG org.asynchttpclient.netty.request.NettyRequestSender - Using open Channel [id: 0xb9714679, L:/127.0.0.1:58752 - R:localhost/127.0.0.1:53606] for POST '/session/a919049bf859402fa5d681903e4b408c/execute/sync'
17:56:20.900 [AsyncHttpClient-1-11] DEBUG org.asynchttpclient.netty.handler.HttpHandler - 

Request DefaultHttpRequest(decodeResult: success, version: HTTP/1.1)
POST /session/a919049bf859402fa5d681903e4b408c/execute/sync HTTP/1.1
User-Agent: selenium/4.1.2 (java windows)
Content-Length: 48780
Content-Type: application/json; charset=utf-8
host: localhost:53606
accept: */*

Response DefaultHttpResponse(decodeResult: success, version: HTTP/1.1)
HTTP/1.1 200 OK
Content-Type: application/json; charset=utf-8
cache-control: no-cache
content-length: 14

17:56:20.900 [AsyncHttpClient-1-11] DEBUG org.asynchttpclient.netty.channel.ChannelManager - Adding key: http://localhost:53606 for channel [id: 0xb9714679, L:/127.0.0.1:58752 - R:localhost/127.0.0.1:53606]
17:56:20.904 [Forwarding screenshot on session a919049bf859402fa5d681903e4b408c to remote] DEBUG org.asynchttpclient.netty.request.NettyRequestSender - Using pooled Channel '[id: 0xb9714679, L:/127.0.0.1:58752 - R:localhost/127.0.0.1:53606]' for 'GET' to 'http://localhost:53606/session/a919049bf859402fa5d681903e4b408c/screenshot'
17:56:20.905 [Forwarding screenshot on session a919049bf859402fa5d681903e4b408c to remote] DEBUG org.asynchttpclient.netty.request.NettyRequestSender - Using open Channel [id: 0xb9714679, L:/127.0.0.1:58752 - R:localhost/127.0.0.1:53606] for GET '/session/a919049bf859402fa5d681903e4b408c/screenshot'
17:56:21.117 [AsyncHttpClient-1-1] DEBUG org.asynchttpclient.netty.channel.DefaultChannelPool - Entry count for : http://localhost:58753 : 1
17:56:21.121 [AsyncHttpClient-1-11] DEBUG org.asynchttpclient.netty.handler.HttpHandler - 

Request DefaultFullHttpRequest(decodeResult: success, version: HTTP/1.1, content: EmptyByteBufBE)
GET /session/a919049bf859402fa5d681903e4b408c/screenshot HTTP/1.1
User-Agent: selenium/4.1.2 (java windows)
Cache-Control: no-cache
Content-Type: application/json; charset=utf-8
host: localhost:53606
accept: */*

Response DefaultHttpResponse(decodeResult: success, version: HTTP/1.1)
HTTP/1.1 200 OK
Content-Type: application/json; charset=utf-8
cache-control: no-cache
content-length: 44760

17:56:21.121 [AsyncHttpClient-1-11] DEBUG org.asynchttpclient.netty.channel.ChannelManager - Adding key: http://localhost:53606 for channel [id: 0xb9714679, L:/127.0.0.1:58752 - R:localhost/127.0.0.1:53606]
17:56:21.123 [main] DEBUG net.serenitybdd.core.photography.Darkroom - Send negative for processing for target\site\serenity\4d6b2ca1b66dda10cc3f265b8379baad4ff8c18421155bdd8b6c564313023cb4.png
17:56:21.123 [main] DEBUG net.thucydides.core.steps.StepInterceptor - STEP DONE: warningIconAppears
17:56:21.124 [Darkroom Processing Line] DEBUG net.serenitybdd.core.photography.DarkroomProcessingLine - Processing screenshot image in /var/screenshots/screenshot-4511035227347551560
17:56:21.124 [Darkroom Processing Line] DEBUG net.serenitybdd.core.photography.DarkroomProcessingLine - Saving screenshot to target\site\serenity\4d6b2ca1b66dda10cc3f265b8379baad4ff8c18421155bdd8b6c564313023cb4.png
17:56:21.128 [main] DEBUG net.thucydides.core.steps.StepInterceptor - STARTING STEP: RegisterSteps.iGet - errorMessageEqual
17:56:21.130 [Forwarding findElement on session a919049bf859402fa5d681903e4b408c to remote] DEBUG org.asynchttpclient.netty.request.NettyRequestSender - Using pooled Channel '[id: 0xb9714679, L:/127.0.0.1:58752 - R:localhost/127.0.0.1:53606]' for 'POST' to 'http://localhost:53606/session/a919049bf859402fa5d681903e4b408c/element'
17:56:21.130 [Forwarding findElement on session a919049bf859402fa5d681903e4b408c to remote] DEBUG org.asynchttpclient.netty.request.NettyRequestSender - Using open Channel [id: 0xb9714679, L:/127.0.0.1:58752 - R:localhost/127.0.0.1:53606] for POST '/session/a919049bf859402fa5d681903e4b408c/element'
17:56:21.143 [AsyncHttpClient-1-11] DEBUG org.asynchttpclient.netty.handler.HttpHandler - 

Request DefaultHttpRequest(decodeResult: success, version: HTTP/1.1)
POST /session/a919049bf859402fa5d681903e4b408c/element HTTP/1.1
User-Agent: selenium/4.1.2 (java windows)
Content-Length: 121
Content-Type: application/json; charset=utf-8
host: localhost:53606
accept: */*

Response DefaultHttpResponse(decodeResult: success, version: HTTP/1.1)
HTTP/1.1 200 OK
Content-Type: application/json; charset=utf-8
cache-control: no-cache
content-length: 88

17:56:21.143 [AsyncHttpClient-1-11] DEBUG org.asynchttpclient.netty.channel.ChannelManager - Adding key: http://localhost:53606 for channel [id: 0xb9714679, L:/127.0.0.1:58752 - R:localhost/127.0.0.1:53606]
17:56:21.144 [Forwarding getElementText on session a919049bf859402fa5d681903e4b408c to remote] DEBUG org.asynchttpclient.netty.request.NettyRequestSender - Using pooled Channel '[id: 0xb9714679, L:/127.0.0.1:58752 - R:localhost/127.0.0.1:53606]' for 'GET' to 'http://localhost:53606/session/a919049bf859402fa5d681903e4b408c/element/5d6d6795-aaf8-4e14-b8e6-663f32577edb/text'
17:56:21.144 [Forwarding getElementText on session a919049bf859402fa5d681903e4b408c to remote] DEBUG org.asynchttpclient.netty.request.NettyRequestSender - Using open Channel [id: 0xb9714679, L:/127.0.0.1:58752 - R:localhost/127.0.0.1:53606] for GET '/session/a919049bf859402fa5d681903e4b408c/element/5d6d6795-aaf8-4e14-b8e6-663f32577edb/text'
17:56:21.161 [AsyncHttpClient-1-11] DEBUG org.asynchttpclient.netty.handler.HttpHandler - 

Request DefaultFullHttpRequest(decodeResult: success, version: HTTP/1.1, content: EmptyByteBufBE)
GET /session/a919049bf859402fa5d681903e4b408c/element/5d6d6795-aaf8-4e14-b8e6-663f32577edb/text HTTP/1.1
User-Agent: selenium/4.1.2 (java windows)
Cache-Control: no-cache
Content-Type: application/json; charset=utf-8
host: localhost:53606
accept: */*

Response DefaultHttpResponse(decodeResult: success, version: HTTP/1.1)
HTTP/1.1 200 OK
Content-Type: application/json; charset=utf-8
cache-control: no-cache
content-length: 12

17:56:21.161 [AsyncHttpClient-1-11] DEBUG org.asynchttpclient.netty.channel.ChannelManager - Adding key: http://localhost:53606 for channel [id: 0xb9714679, L:/127.0.0.1:58752 - R:localhost/127.0.0.1:53606]
17:56:21.167 [main] DEBUG net.thucydides.core.steps.StepInterceptor - STEP DONE: errorMessageEqual
  &amp#27;[32mThen &amp#27;[0m&amp#27;[32mI get &amp#27;[0m&amp#27;[32m&amp#27;[1m"warning"&amp#27;[0m               &amp#27;[90m# starter.stepdefinitions.RegisterSteps.iGet(java.lang.String)&amp#27;[0m
17:56:21.175 [Forwarding screenshot on session a919049bf859402fa5d681903e4b408c to remote] DEBUG org.asynchttpclient.netty.request.NettyRequestSender - Using pooled Channel '[id: 0xb9714679, L:/127.0.0.1:58752 - R:localhost/127.0.0.1:53606]' for 'GET' to 'http://localhost:53606/session/a919049bf859402fa5d681903e4b408c/screenshot'
17:56:21.175 [Forwarding screenshot on session a919049bf859402fa5d681903e4b408c to remote] DEBUG org.asynchttpclient.netty.request.NettyRequestSender - Using open Channel [id: 0xb9714679, L:/127.0.0.1:58752 - R:localhost/127.0.0.1:53606] for GET '/session/a919049bf859402fa5d681903e4b408c/screenshot'
17:56:21.297 [AsyncHttpClient-1-11] DEBUG org.asynchttpclient.netty.handler.HttpHandler - 

Request DefaultFullHttpRequest(decodeResult: success, version: HTTP/1.1, content: EmptyByteBufBE)
GET /session/a919049bf859402fa5d681903e4b408c/screenshot HTTP/1.1
User-Agent: selenium/4.1.2 (java windows)
Cache-Control: no-cache
Content-Type: application/json; charset=utf-8
host: localhost:53606
accept: */*

Response DefaultHttpResponse(decodeResult: success, version: HTTP/1.1)
HTTP/1.1 200 OK
Content-Type: application/json; charset=utf-8
cache-control: no-cache
content-length: 44744

17:56:21.297 [AsyncHttpClient-1-11] DEBUG org.asynchttpclient.netty.channel.ChannelManager - Adding key: http://localhost:53606 for channel [id: 0xb9714679, L:/127.0.0.1:58752 - R:localhost/127.0.0.1:53606]
17:56:21.299 [main] DEBUG net.serenitybdd.core.photography.Darkroom - Send negative for processing for target\site\serenity\f6a29a5c3111f5bb702fadbd79e2525e8116b015af86c289fd522af5bbf06e53.png
17:56:21.300 [Darkroom Processing Line] DEBUG net.serenitybdd.core.photography.DarkroomProcessingLine - Processing screenshot image in /var/screenshots/screenshot-16053682249384850284
17:56:21.300 [Darkroom Processing Line] DEBUG net.serenitybdd.core.photography.DarkroomProcessingLine - Saving screenshot to target\site\serenity\f6a29a5c3111f5bb702fadbd79e2525e8116b015af86c289fd522af5bbf06e53.png
17:56:21.301 [AsyncHttpClient-1-13] DEBUG org.asynchttpclient.netty.handler.WebSocketHandler - Channel Closed: [id: 0x87473390, L:/127.0.0.1:58760 ! R:localhost/127.0.0.1:58753] with attribute NettyResponseFuture{currentRetry=5,
	isDone=1,
	isCancelled=0,
	asyncHandler=org.asynchttpclient.ws.WebSocketUpgradeHandler@a8f6081,
	nettyRequest=org.asynchttpclient.netty.request.NettyRequest@5690d40,
	future=java.util.concurrent.CompletableFuture@7b6a9ae8[Completed normally],
	uri=ws://localhost:58753/devtools/browser/2335553b-ad62-482a-a679-9a4fd749e74e,
	keepAlive=true,
	redirectCount=0,
	timeoutsHolder=null,
	inAuth=0,
	touch=1652784977436}
17:56:21.301 [AsyncHttpClient-1-13] DEBUG org.asynchttpclient.netty.channel.ChannelManager - Closing Channel [id: 0x87473390, L:/127.0.0.1:58760 ! R:localhost/127.0.0.1:58753] 
17:56:21.302 [Driver Command Executor] DEBUG org.asynchttpclient.netty.request.NettyRequestSender - Using pooled Channel '[id: 0xb9714679, L:/127.0.0.1:58752 - R:localhost/127.0.0.1:53606]' for 'DELETE' to 'http://localhost:53606/session/a919049bf859402fa5d681903e4b408c'
17:56:21.302 [Driver Command Executor] DEBUG org.asynchttpclient.netty.request.NettyRequestSender - Using open Channel [id: 0xb9714679, L:/127.0.0.1:58752 - R:localhost/127.0.0.1:53606] for DELETE '/session/a919049bf859402fa5d681903e4b408c'
17:56:21.362 [AsyncHttpClient-1-12] DEBUG org.asynchttpclient.netty.handler.HttpHandler - Unexpected I/O exception on channel [id: 0x9f1ec8ea, L:/127.0.0.1:58759 - R:localhost/127.0.0.1:58753]
java.net.SocketException: Connection reset
	at java.base/sun.nio.ch.SocketChannelImpl.throwConnectionReset(SocketChannelImpl.java:367)
	at java.base/sun.nio.ch.SocketChannelImpl.read(SocketChannelImpl.java:398)
	at io.netty.buffer.PooledByteBuf.setBytes(PooledByteBuf.java:258)
	at io.netty.buffer.AbstractByteBuf.writeBytes(AbstractByteBuf.java:1132)
	at io.netty.channel.socket.nio.NioSocketChannel.doReadBytes(NioSocketChannel.java:350)
	at io.netty.channel.nio.AbstractNioByteChannel$NioByteUnsafe.read(AbstractNioByteChannel.java:151)
	at io.netty.channel.nio.NioEventLoop.processSelectedKey(NioEventLoop.java:722)
	at io.netty.channel.nio.NioEventLoop.processSelectedKeysOptimized(NioEventLoop.java:658)
	at io.netty.channel.nio.NioEventLoop.processSelectedKeys(NioEventLoop.java:584)
	at io.netty.channel.nio.NioEventLoop.run(NioEventLoop.java:496)
	at io.netty.util.concurrent.SingleThreadEventExecutor$4.run(SingleThreadEventExecutor.java:986)
	at io.netty.util.internal.ThreadExecutorMap$2.run(ThreadExecutorMap.java:74)
	at io.netty.util.concurrent.FastThreadLocalRunnable.run(FastThreadLocalRunnable.java:30)
	at java.base/java.lang.Thread.run(Thread.java:832)
17:56:21.362 [AsyncHttpClient-1-12] DEBUG org.asynchttpclient.netty.channel.ChannelManager - Closing Channel [id: 0x9f1ec8ea, L:/127.0.0.1:58759 - R:localhost/127.0.0.1:58753] 
17:56:21.362 [AsyncHttpClient-1-12] DEBUG org.asynchttpclient.netty.handler.HttpHandler - Channel Closed: [id: 0x9f1ec8ea, L:/127.0.0.1:58759 ! R:localhost/127.0.0.1:58753] with attribute DISCARD
17:56:21.380 [AsyncHttpClient-1-11] DEBUG org.asynchttpclient.netty.handler.HttpHandler - 

Request DefaultFullHttpRequest(decodeResult: success, version: HTTP/1.1, content: EmptyByteBufBE)
DELETE /session/a919049bf859402fa5d681903e4b408c HTTP/1.1
User-Agent: selenium/4.1.2 (java windows)
Content-Type: application/json; charset=utf-8
host: localhost:53606
accept: */*

Response DefaultHttpResponse(decodeResult: success, version: HTTP/1.1)
HTTP/1.1 200 OK
Content-Type: application/json; charset=utf-8
cache-control: no-cache
content-length: 14

17:56:21.380 [AsyncHttpClient-1-11] DEBUG org.asynchttpclient.netty.channel.ChannelManager - Adding key: http://localhost:53606 for channel [id: 0xb9714679, L:/127.0.0.1:58752 - R:localhost/127.0.0.1:53606]
17:56:21.489 [AsyncHttpClient-1-11] DEBUG org.asynchttpclient.netty.handler.HttpHandler - Channel Closed: [id: 0xb9714679, L:/127.0.0.1:58752 ! R:localhost/127.0.0.1:53606] with attribute DISCARD
]]></system-out>
    <system-err><![CDATA[Starting ChromeDriver 101.0.4951.41 (93c720db8323b3ec10d056025ab95c23a31997c9-refs/branch-heads/4951@{#904}) on port 53606
Only local connections are allowed.
Please see https://chromedriver.chromium.org/security-considerations for suggestions on keeping ChromeDriver safe.
ChromeDriver was started successfully.
May 17, 2022 5:56:17 PM org.openqa.selenium.remote.ProtocolHandshake createSession
INFO: Detected dialect: W3C
May 17, 2022 5:56:17 PM org.openqa.selenium.devtools.CdpVersionFinder findNearestMatch
WARNING: Unable to find an exact match for CDP version 101, so returning the closest version found: 97
May 17, 2022 5:56:17 PM org.openqa.selenium.devtools.CdpVersionFinder findNearestMatch
INFO: Found CDP implementation for version 101 of 97
]]></system-err>
  </testcase>
  <testcase name="Register Scenario #5" classname="Register" time="6.514">
    <system-out><![CDATA[
@Register
Scenario Outline: Register Scenario  &amp#27;[90m# src/test/resources/features/Register.feature:22&amp#27;[0m
17:56:22.021 [main] INFO io.cucumber.core.plugin.SerenityReporter - Running feature from file:///E:/Learn/ProjectTestWeb/src/test/resources/features/Register.feature
17:56:22.039 [main] INFO net.serenitybdd.core.webdriver.driverproviders.ChromeDriverProvider - Using automatically driver download
17:56:22.213 [AsyncHttpClient-1-1] DEBUG org.asynchttpclient.netty.channel.DefaultChannelPool - Entry count for : http://localhost:53606 : 1
17:56:22.213 [AsyncHttpClient-1-1] DEBUG org.asynchttpclient.netty.channel.DefaultChannelPool - Entry count for : http://localhost:58753 : 1
17:56:22.213 [AsyncHttpClient-1-1] DEBUG org.asynchttpclient.netty.channel.DefaultChannelPool - Adding Candidate expired Channel [id: 0xb9714679, L:/127.0.0.1:58752 ! R:localhost/127.0.0.1:53606] isIdleTimeoutExpired=false isRemotelyClosed=true isTtlExpired=false
17:56:22.213 [AsyncHttpClient-1-1] DEBUG org.asynchttpclient.netty.channel.DefaultChannelPool - Closing Idle Channel [id: 0xb9714679, L:/127.0.0.1:58752 ! R:localhost/127.0.0.1:53606]
17:56:22.213 [AsyncHttpClient-1-1] DEBUG org.asynchttpclient.netty.channel.DefaultChannelPool - Adding Candidate expired Channel [id: 0x9f1ec8ea, L:/127.0.0.1:58759 ! R:localhost/127.0.0.1:58753] isIdleTimeoutExpired=false isRemotelyClosed=true isTtlExpired=false
17:56:22.213 [AsyncHttpClient-1-1] DEBUG org.asynchttpclient.netty.channel.DefaultChannelPool - Closing Idle Channel [id: 0x9f1ec8ea, L:/127.0.0.1:58759 ! R:localhost/127.0.0.1:58753]
17:56:22.213 [AsyncHttpClient-1-1] DEBUG org.asynchttpclient.netty.channel.DefaultChannelPool - Closed 2 connections out of 2 in 0 ms
17:56:22.259 [main] DEBUG io.github.bonigarcia.wdm.cache.ResolutionCache - Resolution chrome=101 in cache (valid until 18:23:13 17/05/2022 ICT)
17:56:22.264 [main] DEBUG io.github.bonigarcia.wdm.cache.ResolutionCache - Resolution chrome101=101.0.4951.41 in cache (valid until 17:23:13 18/05/2022 ICT)
17:56:22.266 [main] INFO io.github.bonigarcia.wdm.WebDriverManager - Using chromedriver 101.0.4951.41 (resolved driver for Chrome 101)
17:56:22.280 [main] DEBUG io.github.bonigarcia.wdm.WebDriverManager - Driver chromedriver 101.0.4951.41 found in cache
17:56:22.281 [main] INFO io.github.bonigarcia.wdm.WebDriverManager - Exporting webdriver.chrome.driver as C:\Users\HP\.cache\selenium\chromedriver\win32\101.0.4951.41\chromedriver.exe
17:56:22.534 [main] DEBUG net.serenitybdd.core.webdriver.driverproviders.ProvideNewDriver - Instantiating driver
17:56:22.534 [main] DEBUG net.serenitybdd.core.webdriver.driverproviders.ProvideNewDriver - Driver capabilities: Capabilities {acceptInsecureCerts: false, base.url: , browserName: chrome, goog:chromeOptions: {args: [], extensions: []}}
17:56:23.091 [AsyncHttpClient-1-14] DEBUG org.asynchttpclient.netty.channel.NettyConnectListener - Using new Channel '[id: 0x84495d21, L:/127.0.0.1:58780 - R:localhost/127.0.0.1:63427]' for 'POST' to '/session'
17:56:23.799 [AsyncHttpClient-1-14] DEBUG org.asynchttpclient.netty.handler.HttpHandler - 

Request DefaultHttpRequest(decodeResult: success, version: HTTP/1.1)
POST /session HTTP/1.1
User-Agent: selenium/4.1.2 (java windows)
Content-Length: 457
Content-Type: application/json; charset=utf-8
host: localhost:63427
accept: */*

Response DefaultHttpResponse(decodeResult: success, version: HTTP/1.1)
HTTP/1.1 200 OK
Content-Type: application/json; charset=utf-8
cache-control: no-cache
content-length: 787

17:56:23.799 [AsyncHttpClient-1-14] DEBUG org.asynchttpclient.netty.channel.ChannelManager - Adding key: http://localhost:63427 for channel [id: 0x84495d21, L:/127.0.0.1:58780 - R:localhost/127.0.0.1:63427]
17:56:23.808 [AsyncHttpClient-1-15] DEBUG org.asynchttpclient.netty.channel.NettyConnectListener - Using new Channel '[id: 0x2362c2f2, L:/127.0.0.1:58787 - R:localhost/127.0.0.1:58781]' for 'GET' to '/json/version'
17:56:23.808 [AsyncHttpClient-1-15] DEBUG org.asynchttpclient.netty.handler.HttpHandler - 

Request DefaultFullHttpRequest(decodeResult: success, version: HTTP/1.1, content: EmptyByteBufBE)
GET /json/version HTTP/1.1
User-Agent: selenium/4.1.2 (java windows)
host: localhost:58781
accept: */*

Response DefaultHttpResponse(decodeResult: success, version: HTTP/1.1)
HTTP/1.1 200 OK
Content-Type: application/json; charset=UTF-8
content-length: 427

17:56:23.808 [AsyncHttpClient-1-15] DEBUG org.asynchttpclient.netty.channel.ChannelManager - Adding key: http://localhost:58781 for channel [id: 0x2362c2f2, L:/127.0.0.1:58787 - R:localhost/127.0.0.1:58781]
17:56:23.811 [AsyncHttpClient-1-16] DEBUG org.asynchttpclient.netty.channel.NettyConnectListener - Using new Channel '[id: 0x45d8bdf9, L:/127.0.0.1:58788 - R:localhost/127.0.0.1:58781]' for 'GET' to '/devtools/browser/99e1f3bd-da17-4372-bab7-a8a51025b4f6'
17:56:23.811 [AsyncHttpClient-1-16] DEBUG org.asynchttpclient.netty.handler.WebSocketHandler - 

Request DefaultFullHttpRequest(decodeResult: success, version: HTTP/1.1, content: EmptyByteBufBE)
GET /devtools/browser/99e1f3bd-da17-4372-bab7-a8a51025b4f6 HTTP/1.1
upgrade: websocket
connection: upgrade
sec-websocket-key: QbR4qmxhf10mL1UoSUnc7w==
sec-websocket-version: 13
origin: http://localhost:58781
host: localhost:58781
accept: */*
user-agent: AHC/2.1

Response DefaultHttpResponse(decodeResult: success, version: HTTP/1.1)
HTTP/1.1 101 WebSocket Protocol Handshake
Upgrade: WebSocket
Connection: Upgrade
Sec-WebSocket-Accept: iw+qGwqvP41DjI5M5AyyOitIz24=

17:56:23.816 [Forwarding get on session 1bd9ab999de21bb41529b6ce3e5c3ea3 to remote] DEBUG org.asynchttpclient.netty.request.NettyRequestSender - Using pooled Channel '[id: 0x84495d21, L:/127.0.0.1:58780 - R:localhost/127.0.0.1:63427]' for 'POST' to 'http://localhost:63427/session/1bd9ab999de21bb41529b6ce3e5c3ea3/url'
17:56:23.816 [Forwarding get on session 1bd9ab999de21bb41529b6ce3e5c3ea3 to remote] DEBUG org.asynchttpclient.netty.request.NettyRequestSender - Using open Channel [id: 0x84495d21, L:/127.0.0.1:58780 - R:localhost/127.0.0.1:63427] for POST '/session/1bd9ab999de21bb41529b6ce3e5c3ea3/url'
17:56:24.418 [AsyncHttpClient-1-1] DEBUG org.asynchttpclient.netty.channel.DefaultChannelPool - Entry count for : http://localhost:58781 : 1
17:56:25.078 [AsyncHttpClient-1-14] DEBUG org.asynchttpclient.netty.handler.HttpHandler - 

Request DefaultHttpRequest(decodeResult: success, version: HTTP/1.1)
POST /session/1bd9ab999de21bb41529b6ce3e5c3ea3/url HTTP/1.1
User-Agent: selenium/4.1.2 (java windows)
Content-Length: 67
Content-Type: application/json; charset=utf-8
host: localhost:63427
accept: */*

Response DefaultHttpResponse(decodeResult: success, version: HTTP/1.1)
HTTP/1.1 200 OK
Content-Type: application/json; charset=utf-8
cache-control: no-cache
content-length: 14

17:56:25.078 [AsyncHttpClient-1-14] DEBUG org.asynchttpclient.netty.channel.ChannelManager - Adding key: http://localhost:63427 for channel [id: 0x84495d21, L:/127.0.0.1:58780 - R:localhost/127.0.0.1:63427]
17:56:25.079 [Forwarding setTimeout on session 1bd9ab999de21bb41529b6ce3e5c3ea3 to remote] DEBUG org.asynchttpclient.netty.request.NettyRequestSender - Using pooled Channel '[id: 0x84495d21, L:/127.0.0.1:58780 - R:localhost/127.0.0.1:63427]' for 'POST' to 'http://localhost:63427/session/1bd9ab999de21bb41529b6ce3e5c3ea3/timeouts'
17:56:25.079 [Forwarding setTimeout on session 1bd9ab999de21bb41529b6ce3e5c3ea3 to remote] DEBUG org.asynchttpclient.netty.request.NettyRequestSender - Using open Channel [id: 0x84495d21, L:/127.0.0.1:58780 - R:localhost/127.0.0.1:63427] for POST '/session/1bd9ab999de21bb41529b6ce3e5c3ea3/timeouts'
17:56:25.079 [AsyncHttpClient-1-14] DEBUG org.asynchttpclient.netty.handler.HttpHandler - 

Request DefaultHttpRequest(decodeResult: success, version: HTTP/1.1)
POST /session/1bd9ab999de21bb41529b6ce3e5c3ea3/timeouts HTTP/1.1
User-Agent: selenium/4.1.2 (java windows)
Content-Length: 22
Content-Type: application/json; charset=utf-8
host: localhost:63427
accept: */*

Response DefaultHttpResponse(decodeResult: success, version: HTTP/1.1)
HTTP/1.1 200 OK
Content-Type: application/json; charset=utf-8
cache-control: no-cache
content-length: 14

17:56:25.079 [AsyncHttpClient-1-14] DEBUG org.asynchttpclient.netty.channel.ChannelManager - Adding key: http://localhost:63427 for channel [id: 0x84495d21, L:/127.0.0.1:58780 - R:localhost/127.0.0.1:63427]
17:56:25.081 [Forwarding getCurrentUrl on session 1bd9ab999de21bb41529b6ce3e5c3ea3 to remote] DEBUG org.asynchttpclient.netty.request.NettyRequestSender - Using pooled Channel '[id: 0x84495d21, L:/127.0.0.1:58780 - R:localhost/127.0.0.1:63427]' for 'GET' to 'http://localhost:63427/session/1bd9ab999de21bb41529b6ce3e5c3ea3/url'
17:56:25.081 [Forwarding getCurrentUrl on session 1bd9ab999de21bb41529b6ce3e5c3ea3 to remote] DEBUG org.asynchttpclient.netty.request.NettyRequestSender - Using open Channel [id: 0x84495d21, L:/127.0.0.1:58780 - R:localhost/127.0.0.1:63427] for GET '/session/1bd9ab999de21bb41529b6ce3e5c3ea3/url'
17:56:25.087 [AsyncHttpClient-1-14] DEBUG org.asynchttpclient.netty.handler.HttpHandler - 

Request DefaultFullHttpRequest(decodeResult: success, version: HTTP/1.1, content: EmptyByteBufBE)
GET /session/1bd9ab999de21bb41529b6ce3e5c3ea3/url HTTP/1.1
User-Agent: selenium/4.1.2 (java windows)
Cache-Control: no-cache
Content-Type: application/json; charset=utf-8
host: localhost:63427
accept: */*

Response DefaultHttpResponse(decodeResult: success, version: HTTP/1.1)
HTTP/1.1 200 OK
Content-Type: application/json; charset=utf-8
cache-control: no-cache
content-length: 44

17:56:25.087 [AsyncHttpClient-1-14] DEBUG org.asynchttpclient.netty.channel.ChannelManager - Adding key: http://localhost:63427 for channel [id: 0x84495d21, L:/127.0.0.1:58780 - R:localhost/127.0.0.1:63427]
17:56:25.095 [Forwarding screenshot on session 1bd9ab999de21bb41529b6ce3e5c3ea3 to remote] DEBUG org.asynchttpclient.netty.request.NettyRequestSender - Using pooled Channel '[id: 0x84495d21, L:/127.0.0.1:58780 - R:localhost/127.0.0.1:63427]' for 'GET' to 'http://localhost:63427/session/1bd9ab999de21bb41529b6ce3e5c3ea3/screenshot'
17:56:25.095 [Forwarding screenshot on session 1bd9ab999de21bb41529b6ce3e5c3ea3 to remote] DEBUG org.asynchttpclient.netty.request.NettyRequestSender - Using open Channel [id: 0x84495d21, L:/127.0.0.1:58780 - R:localhost/127.0.0.1:63427] for GET '/session/1bd9ab999de21bb41529b6ce3e5c3ea3/screenshot'
17:56:25.515 [AsyncHttpClient-1-1] DEBUG org.asynchttpclient.netty.channel.DefaultChannelPool - Entry count for : http://localhost:58781 : 1
17:56:25.615 [AsyncHttpClient-1-14] DEBUG org.asynchttpclient.netty.handler.HttpHandler - 

Request DefaultFullHttpRequest(decodeResult: success, version: HTTP/1.1, content: EmptyByteBufBE)
GET /session/1bd9ab999de21bb41529b6ce3e5c3ea3/screenshot HTTP/1.1
User-Agent: selenium/4.1.2 (java windows)
Cache-Control: no-cache
Content-Type: application/json; charset=utf-8
host: localhost:63427
accept: */*

Response DefaultHttpResponse(decodeResult: success, version: HTTP/1.1)
HTTP/1.1 200 OK
Content-Type: application/json; charset=utf-8
cache-control: no-cache
content-length: 37608

17:56:25.616 [AsyncHttpClient-1-14] DEBUG org.asynchttpclient.netty.channel.ChannelManager - Adding key: http://localhost:63427 for channel [id: 0x84495d21, L:/127.0.0.1:58780 - R:localhost/127.0.0.1:63427]
17:56:25.617 [main] DEBUG net.serenitybdd.core.photography.Darkroom - Send negative for processing for target\site\serenity\49d6eedabd9377bdcbf390b98d2a22aaf52d6bc2093bb332cef2ee61950daedd.png
17:56:25.618 [main] DEBUG net.thucydides.core.steps.StepInterceptor - STARTING STEP: RegisterSteps.iAmOnTheRegisterPage - validateOnRegisterPage
17:56:25.619 [Forwarding findElement on session 1bd9ab999de21bb41529b6ce3e5c3ea3 to remote] DEBUG org.asynchttpclient.netty.request.NettyRequestSender - Using pooled Channel '[id: 0x84495d21, L:/127.0.0.1:58780 - R:localhost/127.0.0.1:63427]' for 'POST' to 'http://localhost:63427/session/1bd9ab999de21bb41529b6ce3e5c3ea3/element'
17:56:25.619 [Forwarding findElement on session 1bd9ab999de21bb41529b6ce3e5c3ea3 to remote] DEBUG org.asynchttpclient.netty.request.NettyRequestSender - Using open Channel [id: 0x84495d21, L:/127.0.0.1:58780 - R:localhost/127.0.0.1:63427] for POST '/session/1bd9ab999de21bb41529b6ce3e5c3ea3/element'
17:56:25.633 [AsyncHttpClient-1-14] DEBUG org.asynchttpclient.netty.handler.HttpHandler - 

Request DefaultHttpRequest(decodeResult: success, version: HTTP/1.1)
POST /session/1bd9ab999de21bb41529b6ce3e5c3ea3/element HTTP/1.1
User-Agent: selenium/4.1.2 (java windows)
Content-Length: 92
Content-Type: application/json; charset=utf-8
host: localhost:63427
accept: */*

Response DefaultHttpResponse(decodeResult: success, version: HTTP/1.1)
HTTP/1.1 200 OK
Content-Type: application/json; charset=utf-8
cache-control: no-cache
content-length: 88

17:56:25.633 [AsyncHttpClient-1-14] DEBUG org.asynchttpclient.netty.channel.ChannelManager - Adding key: http://localhost:63427 for channel [id: 0x84495d21, L:/127.0.0.1:58780 - R:localhost/127.0.0.1:63427]
17:56:25.636 [Forwarding isElementDisplayed on session 1bd9ab999de21bb41529b6ce3e5c3ea3 to remote] DEBUG org.asynchttpclient.netty.request.NettyRequestSender - Using pooled Channel '[id: 0x84495d21, L:/127.0.0.1:58780 - R:localhost/127.0.0.1:63427]' for 'POST' to 'http://localhost:63427/session/1bd9ab999de21bb41529b6ce3e5c3ea3/execute/sync'
17:56:25.636 [Forwarding isElementDisplayed on session 1bd9ab999de21bb41529b6ce3e5c3ea3 to remote] DEBUG org.asynchttpclient.netty.request.NettyRequestSender - Using open Channel [id: 0x84495d21, L:/127.0.0.1:58780 - R:localhost/127.0.0.1:63427] for POST '/session/1bd9ab999de21bb41529b6ce3e5c3ea3/execute/sync'
17:56:25.652 [AsyncHttpClient-1-14] DEBUG org.asynchttpclient.netty.handler.HttpHandler - 

Request DefaultHttpRequest(decodeResult: success, version: HTTP/1.1)
POST /session/1bd9ab999de21bb41529b6ce3e5c3ea3/execute/sync HTTP/1.1
User-Agent: selenium/4.1.2 (java windows)
Content-Length: 48780
Content-Type: application/json; charset=utf-8
host: localhost:63427
accept: */*

Response DefaultHttpResponse(decodeResult: success, version: HTTP/1.1)
HTTP/1.1 200 OK
Content-Type: application/json; charset=utf-8
cache-control: no-cache
content-length: 14

17:56:25.652 [AsyncHttpClient-1-14] DEBUG org.asynchttpclient.netty.channel.ChannelManager - Adding key: http://localhost:63427 for channel [id: 0x84495d21, L:/127.0.0.1:58780 - R:localhost/127.0.0.1:63427]
17:56:25.657 [main] DEBUG net.thucydides.core.steps.StepInterceptor - STEP DONE: validateOnRegisterPage
  &amp#27;[32mGiven &amp#27;[0m&amp#27;[32mI am on the register page&amp#27;[0m    &amp#27;[90m# starter.stepdefinitions.RegisterSteps.iAmOnTheRegisterPage()&amp#27;[0m
17:56:25.670 [Forwarding screenshot on session 1bd9ab999de21bb41529b6ce3e5c3ea3 to remote] DEBUG org.asynchttpclient.netty.request.NettyRequestSender - Using pooled Channel '[id: 0x84495d21, L:/127.0.0.1:58780 - R:localhost/127.0.0.1:63427]' for 'GET' to 'http://localhost:63427/session/1bd9ab999de21bb41529b6ce3e5c3ea3/screenshot'
17:56:25.670 [Forwarding screenshot on session 1bd9ab999de21bb41529b6ce3e5c3ea3 to remote] DEBUG org.asynchttpclient.netty.request.NettyRequestSender - Using open Channel [id: 0x84495d21, L:/127.0.0.1:58780 - R:localhost/127.0.0.1:63427] for GET '/session/1bd9ab999de21bb41529b6ce3e5c3ea3/screenshot'
17:56:25.814 [AsyncHttpClient-1-14] DEBUG org.asynchttpclient.netty.handler.HttpHandler - 

Request DefaultFullHttpRequest(decodeResult: success, version: HTTP/1.1, content: EmptyByteBufBE)
GET /session/1bd9ab999de21bb41529b6ce3e5c3ea3/screenshot HTTP/1.1
User-Agent: selenium/4.1.2 (java windows)
Cache-Control: no-cache
Content-Type: application/json; charset=utf-8
host: localhost:63427
accept: */*

Response DefaultHttpResponse(decodeResult: success, version: HTTP/1.1)
HTTP/1.1 200 OK
Content-Type: application/json; charset=utf-8
cache-control: no-cache
content-length: 37608

17:56:25.814 [AsyncHttpClient-1-14] DEBUG org.asynchttpclient.netty.channel.ChannelManager - Adding key: http://localhost:63427 for channel [id: 0x84495d21, L:/127.0.0.1:58780 - R:localhost/127.0.0.1:63427]
17:56:25.815 [main] DEBUG net.serenitybdd.core.photography.Darkroom - Send negative for processing for target\site\serenity\49d6eedabd9377bdcbf390b98d2a22aaf52d6bc2093bb332cef2ee61950daedd.png
17:56:25.816 [main] DEBUG net.thucydides.core.steps.StepInterceptor - STARTING STEP: RegisterSteps.iInputFullname - inputFullname
17:56:25.818 [Forwarding findElement on session 1bd9ab999de21bb41529b6ce3e5c3ea3 to remote] DEBUG org.asynchttpclient.netty.request.NettyRequestSender - Using pooled Channel '[id: 0x84495d21, L:/127.0.0.1:58780 - R:localhost/127.0.0.1:63427]' for 'POST' to 'http://localhost:63427/session/1bd9ab999de21bb41529b6ce3e5c3ea3/element'
17:56:25.818 [Forwarding findElement on session 1bd9ab999de21bb41529b6ce3e5c3ea3 to remote] DEBUG org.asynchttpclient.netty.request.NettyRequestSender - Using open Channel [id: 0x84495d21, L:/127.0.0.1:58780 - R:localhost/127.0.0.1:63427] for POST '/session/1bd9ab999de21bb41529b6ce3e5c3ea3/element'
17:56:25.831 [AsyncHttpClient-1-14] DEBUG org.asynchttpclient.netty.handler.HttpHandler - 

Request DefaultHttpRequest(decodeResult: success, version: HTTP/1.1)
POST /session/1bd9ab999de21bb41529b6ce3e5c3ea3/element HTTP/1.1
User-Agent: selenium/4.1.2 (java windows)
Content-Length: 91
Content-Type: application/json; charset=utf-8
host: localhost:63427
accept: */*

Response DefaultHttpResponse(decodeResult: success, version: HTTP/1.1)
HTTP/1.1 200 OK
Content-Type: application/json; charset=utf-8
cache-control: no-cache
content-length: 88

17:56:25.831 [AsyncHttpClient-1-14] DEBUG org.asynchttpclient.netty.channel.ChannelManager - Adding key: http://localhost:63427 for channel [id: 0x84495d21, L:/127.0.0.1:58780 - R:localhost/127.0.0.1:63427]
17:56:25.832 [Forwarding clearElement on session 1bd9ab999de21bb41529b6ce3e5c3ea3 to remote] DEBUG org.asynchttpclient.netty.request.NettyRequestSender - Using pooled Channel '[id: 0x84495d21, L:/127.0.0.1:58780 - R:localhost/127.0.0.1:63427]' for 'POST' to 'http://localhost:63427/session/1bd9ab999de21bb41529b6ce3e5c3ea3/element/2958aafc-0623-453f-8a83-1c9476f3ea41/clear'
17:56:25.832 [Forwarding clearElement on session 1bd9ab999de21bb41529b6ce3e5c3ea3 to remote] DEBUG org.asynchttpclient.netty.request.NettyRequestSender - Using open Channel [id: 0x84495d21, L:/127.0.0.1:58780 - R:localhost/127.0.0.1:63427] for POST '/session/1bd9ab999de21bb41529b6ce3e5c3ea3/element/2958aafc-0623-453f-8a83-1c9476f3ea41/clear'
17:56:25.874 [AsyncHttpClient-1-14] DEBUG org.asynchttpclient.netty.handler.HttpHandler - 

Request DefaultHttpRequest(decodeResult: success, version: HTTP/1.1)
POST /session/1bd9ab999de21bb41529b6ce3e5c3ea3/element/2958aafc-0623-453f-8a83-1c9476f3ea41/clear HTTP/1.1
User-Agent: selenium/4.1.2 (java windows)
Content-Length: 50
Content-Type: application/json; charset=utf-8
host: localhost:63427
accept: */*

Response DefaultHttpResponse(decodeResult: success, version: HTTP/1.1)
HTTP/1.1 200 OK
Content-Type: application/json; charset=utf-8
cache-control: no-cache
content-length: 14

17:56:25.874 [AsyncHttpClient-1-14] DEBUG org.asynchttpclient.netty.channel.ChannelManager - Adding key: http://localhost:63427 for channel [id: 0x84495d21, L:/127.0.0.1:58780 - R:localhost/127.0.0.1:63427]
17:56:25.875 [Forwarding sendKeysToElement on session 1bd9ab999de21bb41529b6ce3e5c3ea3 to remote] DEBUG org.asynchttpclient.netty.request.NettyRequestSender - Using pooled Channel '[id: 0x84495d21, L:/127.0.0.1:58780 - R:localhost/127.0.0.1:63427]' for 'POST' to 'http://localhost:63427/session/1bd9ab999de21bb41529b6ce3e5c3ea3/element/2958aafc-0623-453f-8a83-1c9476f3ea41/value'
17:56:25.875 [Forwarding sendKeysToElement on session 1bd9ab999de21bb41529b6ce3e5c3ea3 to remote] DEBUG org.asynchttpclient.netty.request.NettyRequestSender - Using open Channel [id: 0x84495d21, L:/127.0.0.1:58780 - R:localhost/127.0.0.1:63427] for POST '/session/1bd9ab999de21bb41529b6ce3e5c3ea3/element/2958aafc-0623-453f-8a83-1c9476f3ea41/value'
17:56:26.008 [AsyncHttpClient-1-14] DEBUG org.asynchttpclient.netty.handler.HttpHandler - 

Request DefaultHttpRequest(decodeResult: success, version: HTTP/1.1)
POST /session/1bd9ab999de21bb41529b6ce3e5c3ea3/element/2958aafc-0623-453f-8a83-1c9476f3ea41/value HTTP/1.1
User-Agent: selenium/4.1.2 (java windows)
Content-Length: 181
Content-Type: application/json; charset=utf-8
host: localhost:63427
accept: */*

Response DefaultHttpResponse(decodeResult: success, version: HTTP/1.1)
HTTP/1.1 200 OK
Content-Type: application/json; charset=utf-8
cache-control: no-cache
content-length: 14

17:56:26.008 [AsyncHttpClient-1-14] DEBUG org.asynchttpclient.netty.channel.ChannelManager - Adding key: http://localhost:63427 for channel [id: 0x84495d21, L:/127.0.0.1:58780 - R:localhost/127.0.0.1:63427]
17:56:26.012 [Forwarding screenshot on session 1bd9ab999de21bb41529b6ce3e5c3ea3 to remote] DEBUG org.asynchttpclient.netty.request.NettyRequestSender - Using pooled Channel '[id: 0x84495d21, L:/127.0.0.1:58780 - R:localhost/127.0.0.1:63427]' for 'GET' to 'http://localhost:63427/session/1bd9ab999de21bb41529b6ce3e5c3ea3/screenshot'
17:56:26.012 [Forwarding screenshot on session 1bd9ab999de21bb41529b6ce3e5c3ea3 to remote] DEBUG org.asynchttpclient.netty.request.NettyRequestSender - Using open Channel [id: 0x84495d21, L:/127.0.0.1:58780 - R:localhost/127.0.0.1:63427] for GET '/session/1bd9ab999de21bb41529b6ce3e5c3ea3/screenshot'
17:56:26.201 [AsyncHttpClient-1-14] DEBUG org.asynchttpclient.netty.handler.HttpHandler - 

Request DefaultFullHttpRequest(decodeResult: success, version: HTTP/1.1, content: EmptyByteBufBE)
GET /session/1bd9ab999de21bb41529b6ce3e5c3ea3/screenshot HTTP/1.1
User-Agent: selenium/4.1.2 (java windows)
Cache-Control: no-cache
Content-Type: application/json; charset=utf-8
host: localhost:63427
accept: */*

Response DefaultHttpResponse(decodeResult: success, version: HTTP/1.1)
HTTP/1.1 200 OK
Content-Type: application/json; charset=utf-8
cache-control: no-cache
content-length: 40576

17:56:26.201 [AsyncHttpClient-1-14] DEBUG org.asynchttpclient.netty.channel.ChannelManager - Adding key: http://localhost:63427 for channel [id: 0x84495d21, L:/127.0.0.1:58780 - R:localhost/127.0.0.1:63427]
17:56:26.203 [main] DEBUG net.serenitybdd.core.photography.Darkroom - Send negative for processing for target\site\serenity\0bad9ca1f8389b41270bfff2adb0e9877d336bbcfd22d266e14427f36c68661c.png
17:56:26.203 [main] DEBUG net.thucydides.core.steps.StepInterceptor - STEP DONE: inputFullname
  &amp#27;[32mWhen &amp#27;[0m&amp#27;[32mI input &amp#27;[0m&amp#27;[32m&amp#27;[1m"Jasri Vika"&amp#27;[0m&amp#27;[32m fullname&amp#27;[0m &amp#27;[90m# starter.stepdefinitions.RegisterSteps.iInputFullname(java.lang.String)&amp#27;[0m
17:56:26.203 [Darkroom Processing Line] DEBUG net.serenitybdd.core.photography.DarkroomProcessingLine - Processing screenshot image in /var/screenshots/screenshot-1401168711825884529
17:56:26.203 [Darkroom Processing Line] DEBUG net.serenitybdd.core.photography.DarkroomProcessingLine - Saving screenshot to target\site\serenity\0bad9ca1f8389b41270bfff2adb0e9877d336bbcfd22d266e14427f36c68661c.png
17:56:26.217 [main] DEBUG net.thucydides.core.steps.StepInterceptor - STARTING STEP: RegisterSteps.inputEmail - inputEmail
17:56:26.219 [Forwarding findElement on session 1bd9ab999de21bb41529b6ce3e5c3ea3 to remote] DEBUG org.asynchttpclient.netty.request.NettyRequestSender - Using pooled Channel '[id: 0x84495d21, L:/127.0.0.1:58780 - R:localhost/127.0.0.1:63427]' for 'POST' to 'http://localhost:63427/session/1bd9ab999de21bb41529b6ce3e5c3ea3/element'
17:56:26.219 [Forwarding findElement on session 1bd9ab999de21bb41529b6ce3e5c3ea3 to remote] DEBUG org.asynchttpclient.netty.request.NettyRequestSender - Using open Channel [id: 0x84495d21, L:/127.0.0.1:58780 - R:localhost/127.0.0.1:63427] for POST '/session/1bd9ab999de21bb41529b6ce3e5c3ea3/element'
17:56:26.233 [AsyncHttpClient-1-14] DEBUG org.asynchttpclient.netty.handler.HttpHandler - 

Request DefaultHttpRequest(decodeResult: success, version: HTTP/1.1)
POST /session/1bd9ab999de21bb41529b6ce3e5c3ea3/element HTTP/1.1
User-Agent: selenium/4.1.2 (java windows)
Content-Length: 84
Content-Type: application/json; charset=utf-8
host: localhost:63427
accept: */*

Response DefaultHttpResponse(decodeResult: success, version: HTTP/1.1)
HTTP/1.1 200 OK
Content-Type: application/json; charset=utf-8
cache-control: no-cache
content-length: 88

17:56:26.233 [AsyncHttpClient-1-14] DEBUG org.asynchttpclient.netty.channel.ChannelManager - Adding key: http://localhost:63427 for channel [id: 0x84495d21, L:/127.0.0.1:58780 - R:localhost/127.0.0.1:63427]
17:56:26.234 [Forwarding clearElement on session 1bd9ab999de21bb41529b6ce3e5c3ea3 to remote] DEBUG org.asynchttpclient.netty.request.NettyRequestSender - Using pooled Channel '[id: 0x84495d21, L:/127.0.0.1:58780 - R:localhost/127.0.0.1:63427]' for 'POST' to 'http://localhost:63427/session/1bd9ab999de21bb41529b6ce3e5c3ea3/element/52b537e6-6a35-4bbc-9dbc-7aa2d3cc459f/clear'
17:56:26.235 [Forwarding clearElement on session 1bd9ab999de21bb41529b6ce3e5c3ea3 to remote] DEBUG org.asynchttpclient.netty.request.NettyRequestSender - Using open Channel [id: 0x84495d21, L:/127.0.0.1:58780 - R:localhost/127.0.0.1:63427] for POST '/session/1bd9ab999de21bb41529b6ce3e5c3ea3/element/52b537e6-6a35-4bbc-9dbc-7aa2d3cc459f/clear'
17:56:26.275 [AsyncHttpClient-1-14] DEBUG org.asynchttpclient.netty.handler.HttpHandler - 

Request DefaultHttpRequest(decodeResult: success, version: HTTP/1.1)
POST /session/1bd9ab999de21bb41529b6ce3e5c3ea3/element/52b537e6-6a35-4bbc-9dbc-7aa2d3cc459f/clear HTTP/1.1
User-Agent: selenium/4.1.2 (java windows)
Content-Length: 50
Content-Type: application/json; charset=utf-8
host: localhost:63427
accept: */*

Response DefaultHttpResponse(decodeResult: success, version: HTTP/1.1)
HTTP/1.1 200 OK
Content-Type: application/json; charset=utf-8
cache-control: no-cache
content-length: 14

17:56:26.275 [AsyncHttpClient-1-14] DEBUG org.asynchttpclient.netty.channel.ChannelManager - Adding key: http://localhost:63427 for channel [id: 0x84495d21, L:/127.0.0.1:58780 - R:localhost/127.0.0.1:63427]
17:56:26.276 [Forwarding sendKeysToElement on session 1bd9ab999de21bb41529b6ce3e5c3ea3 to remote] DEBUG org.asynchttpclient.netty.request.NettyRequestSender - Using pooled Channel '[id: 0x84495d21, L:/127.0.0.1:58780 - R:localhost/127.0.0.1:63427]' for 'POST' to 'http://localhost:63427/session/1bd9ab999de21bb41529b6ce3e5c3ea3/element/52b537e6-6a35-4bbc-9dbc-7aa2d3cc459f/value'
17:56:26.276 [Forwarding sendKeysToElement on session 1bd9ab999de21bb41529b6ce3e5c3ea3 to remote] DEBUG org.asynchttpclient.netty.request.NettyRequestSender - Using open Channel [id: 0x84495d21, L:/127.0.0.1:58780 - R:localhost/127.0.0.1:63427] for POST '/session/1bd9ab999de21bb41529b6ce3e5c3ea3/element/52b537e6-6a35-4bbc-9dbc-7aa2d3cc459f/value'
17:56:26.422 [AsyncHttpClient-1-14] DEBUG org.asynchttpclient.netty.handler.HttpHandler - 

Request DefaultHttpRequest(decodeResult: success, version: HTTP/1.1)
POST /session/1bd9ab999de21bb41529b6ce3e5c3ea3/element/52b537e6-6a35-4bbc-9dbc-7aa2d3cc459f/value HTTP/1.1
User-Agent: selenium/4.1.2 (java windows)
Content-Length: 271
Content-Type: application/json; charset=utf-8
host: localhost:63427
accept: */*

Response DefaultHttpResponse(decodeResult: success, version: HTTP/1.1)
HTTP/1.1 200 OK
Content-Type: application/json; charset=utf-8
cache-control: no-cache
content-length: 14

17:56:26.422 [AsyncHttpClient-1-14] DEBUG org.asynchttpclient.netty.channel.ChannelManager - Adding key: http://localhost:63427 for channel [id: 0x84495d21, L:/127.0.0.1:58780 - R:localhost/127.0.0.1:63427]
17:56:26.428 [Forwarding screenshot on session 1bd9ab999de21bb41529b6ce3e5c3ea3 to remote] DEBUG org.asynchttpclient.netty.request.NettyRequestSender - Using pooled Channel '[id: 0x84495d21, L:/127.0.0.1:58780 - R:localhost/127.0.0.1:63427]' for 'GET' to 'http://localhost:63427/session/1bd9ab999de21bb41529b6ce3e5c3ea3/screenshot'
17:56:26.428 [Forwarding screenshot on session 1bd9ab999de21bb41529b6ce3e5c3ea3 to remote] DEBUG org.asynchttpclient.netty.request.NettyRequestSender - Using open Channel [id: 0x84495d21, L:/127.0.0.1:58780 - R:localhost/127.0.0.1:63427] for GET '/session/1bd9ab999de21bb41529b6ce3e5c3ea3/screenshot'
17:56:26.615 [AsyncHttpClient-1-14] DEBUG org.asynchttpclient.netty.handler.HttpHandler - 

Request DefaultFullHttpRequest(decodeResult: success, version: HTTP/1.1, content: EmptyByteBufBE)
GET /session/1bd9ab999de21bb41529b6ce3e5c3ea3/screenshot HTTP/1.1
User-Agent: selenium/4.1.2 (java windows)
Cache-Control: no-cache
Content-Type: application/json; charset=utf-8
host: localhost:63427
accept: */*

Response DefaultHttpResponse(decodeResult: success, version: HTTP/1.1)
HTTP/1.1 200 OK
Content-Type: application/json; charset=utf-8
cache-control: no-cache
content-length: 47424

17:56:26.615 [AsyncHttpClient-1-14] DEBUG org.asynchttpclient.netty.channel.ChannelManager - Adding key: http://localhost:63427 for channel [id: 0x84495d21, L:/127.0.0.1:58780 - R:localhost/127.0.0.1:63427]
17:56:26.618 [main] DEBUG net.serenitybdd.core.photography.Darkroom - Send negative for processing for target\site\serenity\5c1987f50a3bfdfc082293dbb3f400b13f35f4c873f32a7c50807eca7de89c2c.png
17:56:26.618 [main] DEBUG net.thucydides.core.steps.StepInterceptor - STEP DONE: inputEmail
  &amp#27;[32mAnd &amp#27;[0m&amp#27;[32minput &amp#27;[0m&amp#27;[32m&amp#27;[1m"new"&amp#27;[0m&amp#27;[32m email&amp#27;[0m              &amp#27;[90m# starter.stepdefinitions.RegisterSteps.inputEmail(java.lang.String)&amp#27;[0m
17:56:26.619 [Darkroom Processing Line] DEBUG net.serenitybdd.core.photography.DarkroomProcessingLine - Processing screenshot image in /var/screenshots/screenshot-15930998930083811281
17:56:26.619 [Darkroom Processing Line] DEBUG net.serenitybdd.core.photography.DarkroomProcessingLine - Saving screenshot to target\site\serenity\5c1987f50a3bfdfc082293dbb3f400b13f35f4c873f32a7c50807eca7de89c2c.png
17:56:26.623 [AsyncHttpClient-1-1] DEBUG org.asynchttpclient.netty.channel.DefaultChannelPool - Entry count for : http://localhost:58781 : 1
17:56:26.623 [AsyncHttpClient-1-1] DEBUG org.asynchttpclient.netty.channel.DefaultChannelPool - Entry count for : http://localhost:63427 : 1
17:56:26.638 [main] DEBUG net.thucydides.core.steps.StepInterceptor - STARTING STEP: RegisterSteps.inputPassword - inputPassword
17:56:26.640 [Forwarding findElement on session 1bd9ab999de21bb41529b6ce3e5c3ea3 to remote] DEBUG org.asynchttpclient.netty.request.NettyRequestSender - Using pooled Channel '[id: 0x84495d21, L:/127.0.0.1:58780 - R:localhost/127.0.0.1:63427]' for 'POST' to 'http://localhost:63427/session/1bd9ab999de21bb41529b6ce3e5c3ea3/element'
17:56:26.640 [Forwarding findElement on session 1bd9ab999de21bb41529b6ce3e5c3ea3 to remote] DEBUG org.asynchttpclient.netty.request.NettyRequestSender - Using open Channel [id: 0x84495d21, L:/127.0.0.1:58780 - R:localhost/127.0.0.1:63427] for POST '/session/1bd9ab999de21bb41529b6ce3e5c3ea3/element'
17:56:26.655 [AsyncHttpClient-1-14] DEBUG org.asynchttpclient.netty.handler.HttpHandler - 

Request DefaultHttpRequest(decodeResult: success, version: HTTP/1.1)
POST /session/1bd9ab999de21bb41529b6ce3e5c3ea3/element HTTP/1.1
User-Agent: selenium/4.1.2 (java windows)
Content-Length: 87
Content-Type: application/json; charset=utf-8
host: localhost:63427
accept: */*

Response DefaultHttpResponse(decodeResult: success, version: HTTP/1.1)
HTTP/1.1 200 OK
Content-Type: application/json; charset=utf-8
cache-control: no-cache
content-length: 88

17:56:26.655 [AsyncHttpClient-1-14] DEBUG org.asynchttpclient.netty.channel.ChannelManager - Adding key: http://localhost:63427 for channel [id: 0x84495d21, L:/127.0.0.1:58780 - R:localhost/127.0.0.1:63427]
17:56:26.657 [Forwarding clearElement on session 1bd9ab999de21bb41529b6ce3e5c3ea3 to remote] DEBUG org.asynchttpclient.netty.request.NettyRequestSender - Using pooled Channel '[id: 0x84495d21, L:/127.0.0.1:58780 - R:localhost/127.0.0.1:63427]' for 'POST' to 'http://localhost:63427/session/1bd9ab999de21bb41529b6ce3e5c3ea3/element/c2ebe161-ccf3-4124-8119-cf3199a93371/clear'
17:56:26.657 [Forwarding clearElement on session 1bd9ab999de21bb41529b6ce3e5c3ea3 to remote] DEBUG org.asynchttpclient.netty.request.NettyRequestSender - Using open Channel [id: 0x84495d21, L:/127.0.0.1:58780 - R:localhost/127.0.0.1:63427] for POST '/session/1bd9ab999de21bb41529b6ce3e5c3ea3/element/c2ebe161-ccf3-4124-8119-cf3199a93371/clear'
17:56:26.697 [AsyncHttpClient-1-14] DEBUG org.asynchttpclient.netty.handler.HttpHandler - 

Request DefaultHttpRequest(decodeResult: success, version: HTTP/1.1)
POST /session/1bd9ab999de21bb41529b6ce3e5c3ea3/element/c2ebe161-ccf3-4124-8119-cf3199a93371/clear HTTP/1.1
User-Agent: selenium/4.1.2 (java windows)
Content-Length: 50
Content-Type: application/json; charset=utf-8
host: localhost:63427
accept: */*

Response DefaultHttpResponse(decodeResult: success, version: HTTP/1.1)
HTTP/1.1 200 OK
Content-Type: application/json; charset=utf-8
cache-control: no-cache
content-length: 14

17:56:26.697 [AsyncHttpClient-1-14] DEBUG org.asynchttpclient.netty.channel.ChannelManager - Adding key: http://localhost:63427 for channel [id: 0x84495d21, L:/127.0.0.1:58780 - R:localhost/127.0.0.1:63427]
17:56:26.699 [Forwarding sendKeysToElement on session 1bd9ab999de21bb41529b6ce3e5c3ea3 to remote] DEBUG org.asynchttpclient.netty.request.NettyRequestSender - Using pooled Channel '[id: 0x84495d21, L:/127.0.0.1:58780 - R:localhost/127.0.0.1:63427]' for 'POST' to 'http://localhost:63427/session/1bd9ab999de21bb41529b6ce3e5c3ea3/element/c2ebe161-ccf3-4124-8119-cf3199a93371/value'
17:56:26.699 [Forwarding sendKeysToElement on session 1bd9ab999de21bb41529b6ce3e5c3ea3 to remote] DEBUG org.asynchttpclient.netty.request.NettyRequestSender - Using open Channel [id: 0x84495d21, L:/127.0.0.1:58780 - R:localhost/127.0.0.1:63427] for POST '/session/1bd9ab999de21bb41529b6ce3e5c3ea3/element/c2ebe161-ccf3-4124-8119-cf3199a93371/value'
17:56:26.753 [AsyncHttpClient-1-14] DEBUG org.asynchttpclient.netty.handler.HttpHandler - 

Request DefaultHttpRequest(decodeResult: success, version: HTTP/1.1)
POST /session/1bd9ab999de21bb41529b6ce3e5c3ea3/element/c2ebe161-ccf3-4124-8119-cf3199a93371/value HTTP/1.1
User-Agent: selenium/4.1.2 (java windows)
Content-Length: 82
Content-Type: application/json; charset=utf-8
host: localhost:63427
accept: */*

Response DefaultHttpResponse(decodeResult: success, version: HTTP/1.1)
HTTP/1.1 200 OK
Content-Type: application/json; charset=utf-8
cache-control: no-cache
content-length: 14

17:56:26.753 [AsyncHttpClient-1-14] DEBUG org.asynchttpclient.netty.channel.ChannelManager - Adding key: http://localhost:63427 for channel [id: 0x84495d21, L:/127.0.0.1:58780 - R:localhost/127.0.0.1:63427]
17:56:26.758 [Forwarding screenshot on session 1bd9ab999de21bb41529b6ce3e5c3ea3 to remote] DEBUG org.asynchttpclient.netty.request.NettyRequestSender - Using pooled Channel '[id: 0x84495d21, L:/127.0.0.1:58780 - R:localhost/127.0.0.1:63427]' for 'GET' to 'http://localhost:63427/session/1bd9ab999de21bb41529b6ce3e5c3ea3/screenshot'
17:56:26.759 [Forwarding screenshot on session 1bd9ab999de21bb41529b6ce3e5c3ea3 to remote] DEBUG org.asynchttpclient.netty.request.NettyRequestSender - Using open Channel [id: 0x84495d21, L:/127.0.0.1:58780 - R:localhost/127.0.0.1:63427] for GET '/session/1bd9ab999de21bb41529b6ce3e5c3ea3/screenshot'
17:56:26.923 [AsyncHttpClient-1-14] DEBUG org.asynchttpclient.netty.handler.HttpHandler - 

Request DefaultFullHttpRequest(decodeResult: success, version: HTTP/1.1, content: EmptyByteBufBE)
GET /session/1bd9ab999de21bb41529b6ce3e5c3ea3/screenshot HTTP/1.1
User-Agent: selenium/4.1.2 (java windows)
Cache-Control: no-cache
Content-Type: application/json; charset=utf-8
host: localhost:63427
accept: */*

Response DefaultHttpResponse(decodeResult: success, version: HTTP/1.1)
HTTP/1.1 200 OK
Content-Type: application/json; charset=utf-8
cache-control: no-cache
content-length: 47200

17:56:26.923 [AsyncHttpClient-1-14] DEBUG org.asynchttpclient.netty.channel.ChannelManager - Adding key: http://localhost:63427 for channel [id: 0x84495d21, L:/127.0.0.1:58780 - R:localhost/127.0.0.1:63427]
17:56:26.924 [main] DEBUG net.serenitybdd.core.photography.Darkroom - Send negative for processing for target\site\serenity\aea878d53fe759627fa7bc4af6d6a52cabbfcf08c2a29baa37efd61f0b3a3a29.png
17:56:26.924 [main] DEBUG net.thucydides.core.steps.StepInterceptor - STEP DONE: inputPassword
  &amp#27;[32mAnd &amp#27;[0m&amp#27;[32minput &amp#27;[0m&amp#27;[32m&amp#27;[1m""&amp#27;[0m&amp#27;[32m password&amp#27;[0m              &amp#27;[90m# starter.stepdefinitions.RegisterSteps.inputPassword(java.lang.String)&amp#27;[0m
17:56:26.925 [Darkroom Processing Line] DEBUG net.serenitybdd.core.photography.DarkroomProcessingLine - Processing screenshot image in /var/screenshots/screenshot-1589706966375574925
17:56:26.925 [Darkroom Processing Line] DEBUG net.serenitybdd.core.photography.DarkroomProcessingLine - Saving screenshot to target\site\serenity\aea878d53fe759627fa7bc4af6d6a52cabbfcf08c2a29baa37efd61f0b3a3a29.png
17:56:26.941 [main] DEBUG net.thucydides.core.steps.StepInterceptor - STARTING STEP: RegisterSteps.iClickRegisterButton - clickRegisterButton
17:56:26.943 [Forwarding findElement on session 1bd9ab999de21bb41529b6ce3e5c3ea3 to remote] DEBUG org.asynchttpclient.netty.request.NettyRequestSender - Using pooled Channel '[id: 0x84495d21, L:/127.0.0.1:58780 - R:localhost/127.0.0.1:63427]' for 'POST' to 'http://localhost:63427/session/1bd9ab999de21bb41529b6ce3e5c3ea3/element'
17:56:26.943 [Forwarding findElement on session 1bd9ab999de21bb41529b6ce3e5c3ea3 to remote] DEBUG org.asynchttpclient.netty.request.NettyRequestSender - Using open Channel [id: 0x84495d21, L:/127.0.0.1:58780 - R:localhost/127.0.0.1:63427] for POST '/session/1bd9ab999de21bb41529b6ce3e5c3ea3/element'
17:56:26.953 [AsyncHttpClient-1-14] DEBUG org.asynchttpclient.netty.handler.HttpHandler - 

Request DefaultHttpRequest(decodeResult: success, version: HTTP/1.1)
POST /session/1bd9ab999de21bb41529b6ce3e5c3ea3/element HTTP/1.1
User-Agent: selenium/4.1.2 (java windows)
Content-Length: 92
Content-Type: application/json; charset=utf-8
host: localhost:63427
accept: */*

Response DefaultHttpResponse(decodeResult: success, version: HTTP/1.1)
HTTP/1.1 200 OK
Content-Type: application/json; charset=utf-8
cache-control: no-cache
content-length: 88

17:56:26.954 [AsyncHttpClient-1-14] DEBUG org.asynchttpclient.netty.channel.ChannelManager - Adding key: http://localhost:63427 for channel [id: 0x84495d21, L:/127.0.0.1:58780 - R:localhost/127.0.0.1:63427]
17:56:26.954 [Forwarding getElementTagName on session 1bd9ab999de21bb41529b6ce3e5c3ea3 to remote] DEBUG org.asynchttpclient.netty.request.NettyRequestSender - Using pooled Channel '[id: 0x84495d21, L:/127.0.0.1:58780 - R:localhost/127.0.0.1:63427]' for 'GET' to 'http://localhost:63427/session/1bd9ab999de21bb41529b6ce3e5c3ea3/element/d5d3b662-14b3-4c2b-a12c-e8adba5bc039/name'
17:56:26.954 [Forwarding getElementTagName on session 1bd9ab999de21bb41529b6ce3e5c3ea3 to remote] DEBUG org.asynchttpclient.netty.request.NettyRequestSender - Using open Channel [id: 0x84495d21, L:/127.0.0.1:58780 - R:localhost/127.0.0.1:63427] for GET '/session/1bd9ab999de21bb41529b6ce3e5c3ea3/element/d5d3b662-14b3-4c2b-a12c-e8adba5bc039/name'
17:56:26.959 [AsyncHttpClient-1-14] DEBUG org.asynchttpclient.netty.handler.HttpHandler - 

Request DefaultFullHttpRequest(decodeResult: success, version: HTTP/1.1, content: EmptyByteBufBE)
GET /session/1bd9ab999de21bb41529b6ce3e5c3ea3/element/d5d3b662-14b3-4c2b-a12c-e8adba5bc039/name HTTP/1.1
User-Agent: selenium/4.1.2 (java windows)
Cache-Control: no-cache
Content-Type: application/json; charset=utf-8
host: localhost:63427
accept: */*

Response DefaultHttpResponse(decodeResult: success, version: HTTP/1.1)
HTTP/1.1 200 OK
Content-Type: application/json; charset=utf-8
cache-control: no-cache
content-length: 18

17:56:26.960 [AsyncHttpClient-1-14] DEBUG org.asynchttpclient.netty.channel.ChannelManager - Adding key: http://localhost:63427 for channel [id: 0x84495d21, L:/127.0.0.1:58780 - R:localhost/127.0.0.1:63427]
17:56:26.960 [Forwarding getElementTagName on session 1bd9ab999de21bb41529b6ce3e5c3ea3 to remote] DEBUG org.asynchttpclient.netty.request.NettyRequestSender - Using pooled Channel '[id: 0x84495d21, L:/127.0.0.1:58780 - R:localhost/127.0.0.1:63427]' for 'GET' to 'http://localhost:63427/session/1bd9ab999de21bb41529b6ce3e5c3ea3/element/d5d3b662-14b3-4c2b-a12c-e8adba5bc039/name'
17:56:26.960 [Forwarding getElementTagName on session 1bd9ab999de21bb41529b6ce3e5c3ea3 to remote] DEBUG org.asynchttpclient.netty.request.NettyRequestSender - Using open Channel [id: 0x84495d21, L:/127.0.0.1:58780 - R:localhost/127.0.0.1:63427] for GET '/session/1bd9ab999de21bb41529b6ce3e5c3ea3/element/d5d3b662-14b3-4c2b-a12c-e8adba5bc039/name'
17:56:26.965 [AsyncHttpClient-1-14] DEBUG org.asynchttpclient.netty.handler.HttpHandler - 

Request DefaultFullHttpRequest(decodeResult: success, version: HTTP/1.1, content: EmptyByteBufBE)
GET /session/1bd9ab999de21bb41529b6ce3e5c3ea3/element/d5d3b662-14b3-4c2b-a12c-e8adba5bc039/name HTTP/1.1
User-Agent: selenium/4.1.2 (java windows)
Cache-Control: no-cache
Content-Type: application/json; charset=utf-8
host: localhost:63427
accept: */*

Response DefaultHttpResponse(decodeResult: success, version: HTTP/1.1)
HTTP/1.1 200 OK
Content-Type: application/json; charset=utf-8
cache-control: no-cache
content-length: 18

17:56:26.965 [AsyncHttpClient-1-14] DEBUG org.asynchttpclient.netty.channel.ChannelManager - Adding key: http://localhost:63427 for channel [id: 0x84495d21, L:/127.0.0.1:58780 - R:localhost/127.0.0.1:63427]
17:56:26.968 [Forwarding isElementEnabled on session 1bd9ab999de21bb41529b6ce3e5c3ea3 to remote] DEBUG org.asynchttpclient.netty.request.NettyRequestSender - Using pooled Channel '[id: 0x84495d21, L:/127.0.0.1:58780 - R:localhost/127.0.0.1:63427]' for 'GET' to 'http://localhost:63427/session/1bd9ab999de21bb41529b6ce3e5c3ea3/element/d5d3b662-14b3-4c2b-a12c-e8adba5bc039/enabled'
17:56:26.968 [Forwarding isElementEnabled on session 1bd9ab999de21bb41529b6ce3e5c3ea3 to remote] DEBUG org.asynchttpclient.netty.request.NettyRequestSender - Using open Channel [id: 0x84495d21, L:/127.0.0.1:58780 - R:localhost/127.0.0.1:63427] for GET '/session/1bd9ab999de21bb41529b6ce3e5c3ea3/element/d5d3b662-14b3-4c2b-a12c-e8adba5bc039/enabled'
17:56:26.979 [AsyncHttpClient-1-14] DEBUG org.asynchttpclient.netty.handler.HttpHandler - 

Request DefaultFullHttpRequest(decodeResult: success, version: HTTP/1.1, content: EmptyByteBufBE)
GET /session/1bd9ab999de21bb41529b6ce3e5c3ea3/element/d5d3b662-14b3-4c2b-a12c-e8adba5bc039/enabled HTTP/1.1
User-Agent: selenium/4.1.2 (java windows)
Cache-Control: no-cache
Content-Type: application/json; charset=utf-8
host: localhost:63427
accept: */*

Response DefaultHttpResponse(decodeResult: success, version: HTTP/1.1)
HTTP/1.1 200 OK
Content-Type: application/json; charset=utf-8
cache-control: no-cache
content-length: 14

17:56:26.979 [AsyncHttpClient-1-14] DEBUG org.asynchttpclient.netty.channel.ChannelManager - Adding key: http://localhost:63427 for channel [id: 0x84495d21, L:/127.0.0.1:58780 - R:localhost/127.0.0.1:63427]
17:56:26.979 [Forwarding isElementEnabled on session 1bd9ab999de21bb41529b6ce3e5c3ea3 to remote] DEBUG org.asynchttpclient.netty.request.NettyRequestSender - Using pooled Channel '[id: 0x84495d21, L:/127.0.0.1:58780 - R:localhost/127.0.0.1:63427]' for 'GET' to 'http://localhost:63427/session/1bd9ab999de21bb41529b6ce3e5c3ea3/element/d5d3b662-14b3-4c2b-a12c-e8adba5bc039/enabled'
17:56:26.979 [Forwarding isElementEnabled on session 1bd9ab999de21bb41529b6ce3e5c3ea3 to remote] DEBUG org.asynchttpclient.netty.request.NettyRequestSender - Using open Channel [id: 0x84495d21, L:/127.0.0.1:58780 - R:localhost/127.0.0.1:63427] for GET '/session/1bd9ab999de21bb41529b6ce3e5c3ea3/element/d5d3b662-14b3-4c2b-a12c-e8adba5bc039/enabled'
17:56:26.988 [AsyncHttpClient-1-14] DEBUG org.asynchttpclient.netty.handler.HttpHandler - 

Request DefaultFullHttpRequest(decodeResult: success, version: HTTP/1.1, content: EmptyByteBufBE)
GET /session/1bd9ab999de21bb41529b6ce3e5c3ea3/element/d5d3b662-14b3-4c2b-a12c-e8adba5bc039/enabled HTTP/1.1
User-Agent: selenium/4.1.2 (java windows)
Cache-Control: no-cache
Content-Type: application/json; charset=utf-8
host: localhost:63427
accept: */*

Response DefaultHttpResponse(decodeResult: success, version: HTTP/1.1)
HTTP/1.1 200 OK
Content-Type: application/json; charset=utf-8
cache-control: no-cache
content-length: 14

17:56:26.988 [AsyncHttpClient-1-14] DEBUG org.asynchttpclient.netty.channel.ChannelManager - Adding key: http://localhost:63427 for channel [id: 0x84495d21, L:/127.0.0.1:58780 - R:localhost/127.0.0.1:63427]
17:56:26.989 [Forwarding findElement on session 1bd9ab999de21bb41529b6ce3e5c3ea3 to remote] DEBUG org.asynchttpclient.netty.request.NettyRequestSender - Using pooled Channel '[id: 0x84495d21, L:/127.0.0.1:58780 - R:localhost/127.0.0.1:63427]' for 'POST' to 'http://localhost:63427/session/1bd9ab999de21bb41529b6ce3e5c3ea3/element'
17:56:26.989 [Forwarding findElement on session 1bd9ab999de21bb41529b6ce3e5c3ea3 to remote] DEBUG org.asynchttpclient.netty.request.NettyRequestSender - Using open Channel [id: 0x84495d21, L:/127.0.0.1:58780 - R:localhost/127.0.0.1:63427] for POST '/session/1bd9ab999de21bb41529b6ce3e5c3ea3/element'
17:56:26.998 [AsyncHttpClient-1-14] DEBUG org.asynchttpclient.netty.handler.HttpHandler - 

Request DefaultHttpRequest(decodeResult: success, version: HTTP/1.1)
POST /session/1bd9ab999de21bb41529b6ce3e5c3ea3/element HTTP/1.1
User-Agent: selenium/4.1.2 (java windows)
Content-Length: 92
Content-Type: application/json; charset=utf-8
host: localhost:63427
accept: */*

Response DefaultHttpResponse(decodeResult: success, version: HTTP/1.1)
HTTP/1.1 200 OK
Content-Type: application/json; charset=utf-8
cache-control: no-cache
content-length: 88

17:56:26.998 [AsyncHttpClient-1-14] DEBUG org.asynchttpclient.netty.channel.ChannelManager - Adding key: http://localhost:63427 for channel [id: 0x84495d21, L:/127.0.0.1:58780 - R:localhost/127.0.0.1:63427]
17:56:26.999 [Forwarding clickElement on session 1bd9ab999de21bb41529b6ce3e5c3ea3 to remote] DEBUG org.asynchttpclient.netty.request.NettyRequestSender - Using pooled Channel '[id: 0x84495d21, L:/127.0.0.1:58780 - R:localhost/127.0.0.1:63427]' for 'POST' to 'http://localhost:63427/session/1bd9ab999de21bb41529b6ce3e5c3ea3/element/d5d3b662-14b3-4c2b-a12c-e8adba5bc039/click'
17:56:26.999 [Forwarding clickElement on session 1bd9ab999de21bb41529b6ce3e5c3ea3 to remote] DEBUG org.asynchttpclient.netty.request.NettyRequestSender - Using open Channel [id: 0x84495d21, L:/127.0.0.1:58780 - R:localhost/127.0.0.1:63427] for POST '/session/1bd9ab999de21bb41529b6ce3e5c3ea3/element/d5d3b662-14b3-4c2b-a12c-e8adba5bc039/click'
17:56:27.052 [AsyncHttpClient-1-14] DEBUG org.asynchttpclient.netty.handler.HttpHandler - 

Request DefaultHttpRequest(decodeResult: success, version: HTTP/1.1)
POST /session/1bd9ab999de21bb41529b6ce3e5c3ea3/element/d5d3b662-14b3-4c2b-a12c-e8adba5bc039/click HTTP/1.1
User-Agent: selenium/4.1.2 (java windows)
Content-Length: 50
Content-Type: application/json; charset=utf-8
host: localhost:63427
accept: */*

Response DefaultHttpResponse(decodeResult: success, version: HTTP/1.1)
HTTP/1.1 200 OK
Content-Type: application/json; charset=utf-8
cache-control: no-cache
content-length: 14

17:56:27.052 [AsyncHttpClient-1-14] DEBUG org.asynchttpclient.netty.channel.ChannelManager - Adding key: http://localhost:63427 for channel [id: 0x84495d21, L:/127.0.0.1:58780 - R:localhost/127.0.0.1:63427]
17:56:27.058 [Forwarding screenshot on session 1bd9ab999de21bb41529b6ce3e5c3ea3 to remote] DEBUG org.asynchttpclient.netty.request.NettyRequestSender - Using pooled Channel '[id: 0x84495d21, L:/127.0.0.1:58780 - R:localhost/127.0.0.1:63427]' for 'GET' to 'http://localhost:63427/session/1bd9ab999de21bb41529b6ce3e5c3ea3/screenshot'
17:56:27.058 [Forwarding screenshot on session 1bd9ab999de21bb41529b6ce3e5c3ea3 to remote] DEBUG org.asynchttpclient.netty.request.NettyRequestSender - Using open Channel [id: 0x84495d21, L:/127.0.0.1:58780 - R:localhost/127.0.0.1:63427] for GET '/session/1bd9ab999de21bb41529b6ce3e5c3ea3/screenshot'
17:56:27.245 [AsyncHttpClient-1-14] DEBUG org.asynchttpclient.netty.handler.HttpHandler - 

Request DefaultFullHttpRequest(decodeResult: success, version: HTTP/1.1, content: EmptyByteBufBE)
GET /session/1bd9ab999de21bb41529b6ce3e5c3ea3/screenshot HTTP/1.1
User-Agent: selenium/4.1.2 (java windows)
Cache-Control: no-cache
Content-Type: application/json; charset=utf-8
host: localhost:63427
accept: */*

Response DefaultHttpResponse(decodeResult: success, version: HTTP/1.1)
HTTP/1.1 200 OK
Content-Type: application/json; charset=utf-8
cache-control: no-cache
content-length: 47444

17:56:27.245 [AsyncHttpClient-1-14] DEBUG org.asynchttpclient.netty.channel.ChannelManager - Adding key: http://localhost:63427 for channel [id: 0x84495d21, L:/127.0.0.1:58780 - R:localhost/127.0.0.1:63427]
17:56:27.247 [main] DEBUG net.serenitybdd.core.photography.Darkroom - Send negative for processing for target\site\serenity\a35ccdc759d66ee599633134b08e09df953fecfca7adc136bed0884be29bb4b7.png
17:56:27.247 [main] DEBUG net.thucydides.core.steps.StepInterceptor - STEP DONE: clickRegisterButton
  &amp#27;[32mAnd &amp#27;[0m&amp#27;[32mI click register button&amp#27;[0m        &amp#27;[90m# starter.stepdefinitions.RegisterSteps.iClickRegisterButton()&amp#27;[0m
17:56:27.247 [Darkroom Processing Line] DEBUG net.serenitybdd.core.photography.DarkroomProcessingLine - Processing screenshot image in /var/screenshots/screenshot-8207080635601506805
17:56:27.247 [Darkroom Processing Line] DEBUG net.serenitybdd.core.photography.DarkroomProcessingLine - Saving screenshot to target\site\serenity\a35ccdc759d66ee599633134b08e09df953fecfca7adc136bed0884be29bb4b7.png
17:56:27.262 [main] DEBUG net.thucydides.core.steps.StepInterceptor - STARTING STEP: RegisterSteps.iGet - warningIconAppears
17:56:27.263 [Forwarding findElement on session 1bd9ab999de21bb41529b6ce3e5c3ea3 to remote] DEBUG org.asynchttpclient.netty.request.NettyRequestSender - Using pooled Channel '[id: 0x84495d21, L:/127.0.0.1:58780 - R:localhost/127.0.0.1:63427]' for 'POST' to 'http://localhost:63427/session/1bd9ab999de21bb41529b6ce3e5c3ea3/element'
17:56:27.263 [Forwarding findElement on session 1bd9ab999de21bb41529b6ce3e5c3ea3 to remote] DEBUG org.asynchttpclient.netty.request.NettyRequestSender - Using open Channel [id: 0x84495d21, L:/127.0.0.1:58780 - R:localhost/127.0.0.1:63427] for POST '/session/1bd9ab999de21bb41529b6ce3e5c3ea3/element'
17:56:27.280 [AsyncHttpClient-1-14] DEBUG org.asynchttpclient.netty.handler.HttpHandler - 

Request DefaultHttpRequest(decodeResult: success, version: HTTP/1.1)
POST /session/1bd9ab999de21bb41529b6ce3e5c3ea3/element HTTP/1.1
User-Agent: selenium/4.1.2 (java windows)
Content-Length: 92
Content-Type: application/json; charset=utf-8
host: localhost:63427
accept: */*

Response DefaultHttpResponse(decodeResult: success, version: HTTP/1.1)
HTTP/1.1 200 OK
Content-Type: application/json; charset=utf-8
cache-control: no-cache
content-length: 88

17:56:27.280 [AsyncHttpClient-1-14] DEBUG org.asynchttpclient.netty.channel.ChannelManager - Adding key: http://localhost:63427 for channel [id: 0x84495d21, L:/127.0.0.1:58780 - R:localhost/127.0.0.1:63427]
17:56:27.285 [Forwarding isElementDisplayed on session 1bd9ab999de21bb41529b6ce3e5c3ea3 to remote] DEBUG org.asynchttpclient.netty.request.NettyRequestSender - Using pooled Channel '[id: 0x84495d21, L:/127.0.0.1:58780 - R:localhost/127.0.0.1:63427]' for 'POST' to 'http://localhost:63427/session/1bd9ab999de21bb41529b6ce3e5c3ea3/execute/sync'
17:56:27.286 [Forwarding isElementDisplayed on session 1bd9ab999de21bb41529b6ce3e5c3ea3 to remote] DEBUG org.asynchttpclient.netty.request.NettyRequestSender - Using open Channel [id: 0x84495d21, L:/127.0.0.1:58780 - R:localhost/127.0.0.1:63427] for POST '/session/1bd9ab999de21bb41529b6ce3e5c3ea3/execute/sync'
17:56:27.309 [AsyncHttpClient-1-14] DEBUG org.asynchttpclient.netty.handler.HttpHandler - 

Request DefaultHttpRequest(decodeResult: success, version: HTTP/1.1)
POST /session/1bd9ab999de21bb41529b6ce3e5c3ea3/execute/sync HTTP/1.1
User-Agent: selenium/4.1.2 (java windows)
Content-Length: 48780
Content-Type: application/json; charset=utf-8
host: localhost:63427
accept: */*

Response DefaultHttpResponse(decodeResult: success, version: HTTP/1.1)
HTTP/1.1 200 OK
Content-Type: application/json; charset=utf-8
cache-control: no-cache
content-length: 14

17:56:27.309 [AsyncHttpClient-1-14] DEBUG org.asynchttpclient.netty.channel.ChannelManager - Adding key: http://localhost:63427 for channel [id: 0x84495d21, L:/127.0.0.1:58780 - R:localhost/127.0.0.1:63427]
17:56:27.314 [Forwarding screenshot on session 1bd9ab999de21bb41529b6ce3e5c3ea3 to remote] DEBUG org.asynchttpclient.netty.request.NettyRequestSender - Using pooled Channel '[id: 0x84495d21, L:/127.0.0.1:58780 - R:localhost/127.0.0.1:63427]' for 'GET' to 'http://localhost:63427/session/1bd9ab999de21bb41529b6ce3e5c3ea3/screenshot'
17:56:27.314 [Forwarding screenshot on session 1bd9ab999de21bb41529b6ce3e5c3ea3 to remote] DEBUG org.asynchttpclient.netty.request.NettyRequestSender - Using open Channel [id: 0x84495d21, L:/127.0.0.1:58780 - R:localhost/127.0.0.1:63427] for GET '/session/1bd9ab999de21bb41529b6ce3e5c3ea3/screenshot'
17:56:27.578 [AsyncHttpClient-1-14] DEBUG org.asynchttpclient.netty.handler.HttpHandler - 

Request DefaultFullHttpRequest(decodeResult: success, version: HTTP/1.1, content: EmptyByteBufBE)
GET /session/1bd9ab999de21bb41529b6ce3e5c3ea3/screenshot HTTP/1.1
User-Agent: selenium/4.1.2 (java windows)
Cache-Control: no-cache
Content-Type: application/json; charset=utf-8
host: localhost:63427
accept: */*

Response DefaultHttpResponse(decodeResult: success, version: HTTP/1.1)
HTTP/1.1 200 OK
Content-Type: application/json; charset=utf-8
cache-control: no-cache
content-length: 49104

17:56:27.578 [AsyncHttpClient-1-14] DEBUG org.asynchttpclient.netty.channel.ChannelManager - Adding key: http://localhost:63427 for channel [id: 0x84495d21, L:/127.0.0.1:58780 - R:localhost/127.0.0.1:63427]
17:56:27.581 [main] DEBUG net.serenitybdd.core.photography.Darkroom - Send negative for processing for target\site\serenity\5ebc2613ed1bb102cf88e292a3abc16d1a9b7bc9bb07a8bde32a55c2f0abb127.png
17:56:27.581 [main] DEBUG net.thucydides.core.steps.StepInterceptor - STEP DONE: warningIconAppears
17:56:27.582 [Darkroom Processing Line] DEBUG net.serenitybdd.core.photography.DarkroomProcessingLine - Processing screenshot image in /var/screenshots/screenshot-10513519200963215434
17:56:27.582 [Darkroom Processing Line] DEBUG net.serenitybdd.core.photography.DarkroomProcessingLine - Saving screenshot to target\site\serenity\5ebc2613ed1bb102cf88e292a3abc16d1a9b7bc9bb07a8bde32a55c2f0abb127.png
17:56:27.587 [main] DEBUG net.thucydides.core.steps.StepInterceptor - STARTING STEP: RegisterSteps.iGet - errorMessageEqual
17:56:27.588 [Forwarding findElement on session 1bd9ab999de21bb41529b6ce3e5c3ea3 to remote] DEBUG org.asynchttpclient.netty.request.NettyRequestSender - Using pooled Channel '[id: 0x84495d21, L:/127.0.0.1:58780 - R:localhost/127.0.0.1:63427]' for 'POST' to 'http://localhost:63427/session/1bd9ab999de21bb41529b6ce3e5c3ea3/element'
17:56:27.588 [Forwarding findElement on session 1bd9ab999de21bb41529b6ce3e5c3ea3 to remote] DEBUG org.asynchttpclient.netty.request.NettyRequestSender - Using open Channel [id: 0x84495d21, L:/127.0.0.1:58780 - R:localhost/127.0.0.1:63427] for POST '/session/1bd9ab999de21bb41529b6ce3e5c3ea3/element'
17:56:27.604 [AsyncHttpClient-1-14] DEBUG org.asynchttpclient.netty.handler.HttpHandler - 

Request DefaultHttpRequest(decodeResult: success, version: HTTP/1.1)
POST /session/1bd9ab999de21bb41529b6ce3e5c3ea3/element HTTP/1.1
User-Agent: selenium/4.1.2 (java windows)
Content-Length: 121
Content-Type: application/json; charset=utf-8
host: localhost:63427
accept: */*

Response DefaultHttpResponse(decodeResult: success, version: HTTP/1.1)
HTTP/1.1 200 OK
Content-Type: application/json; charset=utf-8
cache-control: no-cache
content-length: 88

17:56:27.604 [AsyncHttpClient-1-14] DEBUG org.asynchttpclient.netty.channel.ChannelManager - Adding key: http://localhost:63427 for channel [id: 0x84495d21, L:/127.0.0.1:58780 - R:localhost/127.0.0.1:63427]
17:56:27.604 [Forwarding getElementText on session 1bd9ab999de21bb41529b6ce3e5c3ea3 to remote] DEBUG org.asynchttpclient.netty.request.NettyRequestSender - Using pooled Channel '[id: 0x84495d21, L:/127.0.0.1:58780 - R:localhost/127.0.0.1:63427]' for 'GET' to 'http://localhost:63427/session/1bd9ab999de21bb41529b6ce3e5c3ea3/element/8624eb7a-c9ad-4a32-abc3-9317e3989d5c/text'
17:56:27.604 [Forwarding getElementText on session 1bd9ab999de21bb41529b6ce3e5c3ea3 to remote] DEBUG org.asynchttpclient.netty.request.NettyRequestSender - Using open Channel [id: 0x84495d21, L:/127.0.0.1:58780 - R:localhost/127.0.0.1:63427] for GET '/session/1bd9ab999de21bb41529b6ce3e5c3ea3/element/8624eb7a-c9ad-4a32-abc3-9317e3989d5c/text'
17:56:27.620 [AsyncHttpClient-1-14] DEBUG org.asynchttpclient.netty.handler.HttpHandler - 

Request DefaultFullHttpRequest(decodeResult: success, version: HTTP/1.1, content: EmptyByteBufBE)
GET /session/1bd9ab999de21bb41529b6ce3e5c3ea3/element/8624eb7a-c9ad-4a32-abc3-9317e3989d5c/text HTTP/1.1
User-Agent: selenium/4.1.2 (java windows)
Cache-Control: no-cache
Content-Type: application/json; charset=utf-8
host: localhost:63427
accept: */*

Response DefaultHttpResponse(decodeResult: success, version: HTTP/1.1)
HTTP/1.1 200 OK
Content-Type: application/json; charset=utf-8
cache-control: no-cache
content-length: 12

17:56:27.621 [AsyncHttpClient-1-14] DEBUG org.asynchttpclient.netty.channel.ChannelManager - Adding key: http://localhost:63427 for channel [id: 0x84495d21, L:/127.0.0.1:58780 - R:localhost/127.0.0.1:63427]
17:56:27.625 [main] DEBUG net.thucydides.core.steps.StepInterceptor - STEP DONE: errorMessageEqual
  &amp#27;[32mThen &amp#27;[0m&amp#27;[32mI get &amp#27;[0m&amp#27;[32m&amp#27;[1m"warning"&amp#27;[0m               &amp#27;[90m# starter.stepdefinitions.RegisterSteps.iGet(java.lang.String)&amp#27;[0m
17:56:27.633 [Forwarding screenshot on session 1bd9ab999de21bb41529b6ce3e5c3ea3 to remote] DEBUG org.asynchttpclient.netty.request.NettyRequestSender - Using pooled Channel '[id: 0x84495d21, L:/127.0.0.1:58780 - R:localhost/127.0.0.1:63427]' for 'GET' to 'http://localhost:63427/session/1bd9ab999de21bb41529b6ce3e5c3ea3/screenshot'
17:56:27.633 [Forwarding screenshot on session 1bd9ab999de21bb41529b6ce3e5c3ea3 to remote] DEBUG org.asynchttpclient.netty.request.NettyRequestSender - Using open Channel [id: 0x84495d21, L:/127.0.0.1:58780 - R:localhost/127.0.0.1:63427] for GET '/session/1bd9ab999de21bb41529b6ce3e5c3ea3/screenshot'
17:56:27.717 [AsyncHttpClient-1-1] DEBUG org.asynchttpclient.netty.channel.DefaultChannelPool - Entry count for : http://localhost:58781 : 1
17:56:27.817 [AsyncHttpClient-1-14] DEBUG org.asynchttpclient.netty.handler.HttpHandler - 

Request DefaultFullHttpRequest(decodeResult: success, version: HTTP/1.1, content: EmptyByteBufBE)
GET /session/1bd9ab999de21bb41529b6ce3e5c3ea3/screenshot HTTP/1.1
User-Agent: selenium/4.1.2 (java windows)
Cache-Control: no-cache
Content-Type: application/json; charset=utf-8
host: localhost:63427
accept: */*

Response DefaultHttpResponse(decodeResult: success, version: HTTP/1.1)
HTTP/1.1 200 OK
Content-Type: application/json; charset=utf-8
cache-control: no-cache
content-length: 49100

17:56:27.817 [AsyncHttpClient-1-14] DEBUG org.asynchttpclient.netty.channel.ChannelManager - Adding key: http://localhost:63427 for channel [id: 0x84495d21, L:/127.0.0.1:58780 - R:localhost/127.0.0.1:63427]
17:56:27.819 [main] DEBUG net.serenitybdd.core.photography.Darkroom - Send negative for processing for target\site\serenity\794d2e8fa2db015908caec8da06cd5f874b7d102168536eba026652cd509f55e.png
17:56:27.819 [Darkroom Processing Line] DEBUG net.serenitybdd.core.photography.DarkroomProcessingLine - Processing screenshot image in /var/screenshots/screenshot-12588181568648807859
17:56:27.819 [Darkroom Processing Line] DEBUG net.serenitybdd.core.photography.DarkroomProcessingLine - Saving screenshot to target\site\serenity\794d2e8fa2db015908caec8da06cd5f874b7d102168536eba026652cd509f55e.png
17:56:27.821 [AsyncHttpClient-1-16] DEBUG org.asynchttpclient.netty.handler.WebSocketHandler - Channel Closed: [id: 0x45d8bdf9, L:/127.0.0.1:58788 ! R:localhost/127.0.0.1:58781] with attribute NettyResponseFuture{currentRetry=5,
	isDone=1,
	isCancelled=0,
	asyncHandler=org.asynchttpclient.ws.WebSocketUpgradeHandler@7ab83b57,
	nettyRequest=org.asynchttpclient.netty.request.NettyRequest@17391d41,
	future=java.util.concurrent.CompletableFuture@1c6aa8be[Completed normally],
	uri=ws://localhost:58781/devtools/browser/99e1f3bd-da17-4372-bab7-a8a51025b4f6,
	keepAlive=true,
	redirectCount=0,
	timeoutsHolder=null,
	inAuth=0,
	touch=1652784983811}
17:56:27.821 [AsyncHttpClient-1-16] DEBUG org.asynchttpclient.netty.channel.ChannelManager - Closing Channel [id: 0x45d8bdf9, L:/127.0.0.1:58788 ! R:localhost/127.0.0.1:58781] 
17:56:27.821 [Driver Command Executor] DEBUG org.asynchttpclient.netty.request.NettyRequestSender - Using pooled Channel '[id: 0x84495d21, L:/127.0.0.1:58780 - R:localhost/127.0.0.1:63427]' for 'DELETE' to 'http://localhost:63427/session/1bd9ab999de21bb41529b6ce3e5c3ea3'
17:56:27.821 [Driver Command Executor] DEBUG org.asynchttpclient.netty.request.NettyRequestSender - Using open Channel [id: 0x84495d21, L:/127.0.0.1:58780 - R:localhost/127.0.0.1:63427] for DELETE '/session/1bd9ab999de21bb41529b6ce3e5c3ea3'
17:56:27.849 [AsyncHttpClient-1-15] DEBUG org.asynchttpclient.netty.handler.HttpHandler - Unexpected I/O exception on channel [id: 0x2362c2f2, L:/127.0.0.1:58787 - R:localhost/127.0.0.1:58781]
java.net.SocketException: Connection reset
	at java.base/sun.nio.ch.SocketChannelImpl.throwConnectionReset(SocketChannelImpl.java:367)
	at java.base/sun.nio.ch.SocketChannelImpl.read(SocketChannelImpl.java:398)
	at io.netty.buffer.PooledByteBuf.setBytes(PooledByteBuf.java:258)
	at io.netty.buffer.AbstractByteBuf.writeBytes(AbstractByteBuf.java:1132)
	at io.netty.channel.socket.nio.NioSocketChannel.doReadBytes(NioSocketChannel.java:350)
	at io.netty.channel.nio.AbstractNioByteChannel$NioByteUnsafe.read(AbstractNioByteChannel.java:151)
	at io.netty.channel.nio.NioEventLoop.processSelectedKey(NioEventLoop.java:722)
	at io.netty.channel.nio.NioEventLoop.processSelectedKeysOptimized(NioEventLoop.java:658)
	at io.netty.channel.nio.NioEventLoop.processSelectedKeys(NioEventLoop.java:584)
	at io.netty.channel.nio.NioEventLoop.run(NioEventLoop.java:496)
	at io.netty.util.concurrent.SingleThreadEventExecutor$4.run(SingleThreadEventExecutor.java:986)
	at io.netty.util.internal.ThreadExecutorMap$2.run(ThreadExecutorMap.java:74)
	at io.netty.util.concurrent.FastThreadLocalRunnable.run(FastThreadLocalRunnable.java:30)
	at java.base/java.lang.Thread.run(Thread.java:832)
17:56:27.849 [AsyncHttpClient-1-15] DEBUG org.asynchttpclient.netty.channel.ChannelManager - Closing Channel [id: 0x2362c2f2, L:/127.0.0.1:58787 - R:localhost/127.0.0.1:58781] 
17:56:27.849 [AsyncHttpClient-1-15] DEBUG org.asynchttpclient.netty.handler.HttpHandler - Channel Closed: [id: 0x2362c2f2, L:/127.0.0.1:58787 ! R:localhost/127.0.0.1:58781] with attribute DISCARD
17:56:27.862 [AsyncHttpClient-1-14] DEBUG org.asynchttpclient.netty.handler.HttpHandler - 

Request DefaultFullHttpRequest(decodeResult: success, version: HTTP/1.1, content: EmptyByteBufBE)
DELETE /session/1bd9ab999de21bb41529b6ce3e5c3ea3 HTTP/1.1
User-Agent: selenium/4.1.2 (java windows)
Content-Type: application/json; charset=utf-8
host: localhost:63427
accept: */*

Response DefaultHttpResponse(decodeResult: success, version: HTTP/1.1)
HTTP/1.1 200 OK
Content-Type: application/json; charset=utf-8
cache-control: no-cache
content-length: 14

17:56:27.862 [AsyncHttpClient-1-14] DEBUG org.asynchttpclient.netty.channel.ChannelManager - Adding key: http://localhost:63427 for channel [id: 0x84495d21, L:/127.0.0.1:58780 - R:localhost/127.0.0.1:63427]
17:56:27.987 [AsyncHttpClient-1-14] DEBUG org.asynchttpclient.netty.handler.HttpHandler - Channel Closed: [id: 0x84495d21, L:/127.0.0.1:58780 ! R:localhost/127.0.0.1:63427] with attribute DISCARD
]]></system-out>
    <system-err><![CDATA[Starting ChromeDriver 101.0.4951.41 (93c720db8323b3ec10d056025ab95c23a31997c9-refs/branch-heads/4951@{#904}) on port 63427
Only local connections are allowed.
Please see https://chromedriver.chromium.org/security-considerations for suggestions on keeping ChromeDriver safe.
ChromeDriver was started successfully.
May 17, 2022 5:56:23 PM org.openqa.selenium.remote.ProtocolHandshake createSession
INFO: Detected dialect: W3C
May 17, 2022 5:56:23 PM org.openqa.selenium.devtools.CdpVersionFinder findNearestMatch
WARNING: Unable to find an exact match for CDP version 101, so returning the closest version found: 97
May 17, 2022 5:56:23 PM org.openqa.selenium.devtools.CdpVersionFinder findNearestMatch
INFO: Found CDP implementation for version 101 of 97
]]></system-err>
  </testcase>
</testsuite>